
*** Running vivado
    with args -log MAYO_SHAKE.vds -m64 -product Vivado -mode batch -messageDb vivado.pb -notrace -source MAYO_SHAKE.tcl


****** Vivado v2020.2 (64-bit)
  **** SW Build 3064766 on Wed Nov 18 09:12:47 MST 2020
  **** IP Build 3064653 on Wed Nov 18 14:17:31 MST 2020
    ** Copyright 1986-2020 Xilinx, Inc. All Rights Reserved.

source MAYO_SHAKE.tcl -notrace
INFO: [IP_Flow 19-234] Refreshing IP repositories
INFO: [IP_Flow 19-1700] Loaded user IP repository '/home/osm/Documents/SECT-MAYO/MAYO'.
WARNING: [IP_Flow 19-3656] If you move the project, the path for repository '/home/osm/Documents/SECT-MAYO/MAYO' may become invalid. A better location for the repository would be in a path adjacent to the project. (Current project location is '/home/osm/Documents/SECT-MAYO/MAYO/vivado/SHAKE_Saber/SHAKE_Saber.runs/synth_1'.)
INFO: [IP_Flow 19-2313] Loaded Vivado IP repository '/tools/Xilinx/Vivado/2020.2/data/ip'.
WARNING: [IP_Flow 19-1663] Duplicate IP found for 'xilinx.com:module_ref:mayo_negate:1.0'. The one found in IP location '/home/osm/Documents/SECT-MAYO/MAYO/vivado/MAYO_KeyGen_v2/MAYO_KeyGen_v2.gen/sources_1/bd/mref/mayo_negate' will take precedence over the same IP in locations: 
   /home/osm/Documents/SECT-MAYO/MAYO/vivado/MAYO_KeyGen_v2/MAYO_KeyGen_v2.runs/Mayo_keygen_synth_1/.gen/sources_1/bd/mref/mayo_negate
   /home/osm/Documents/SECT-MAYO/MAYO/vivado/mayo_keygen/mayo_keygen.gen/sources_1/bd/mref/mayo_negate
WARNING: [IP_Flow 19-1663] Duplicate IP found for 'user.org:module_ref:MAYO_KEYGEN:1.0'. The one found in IP location '/home/osm/Documents/SECT-MAYO/MAYO/vivado/MAYO_KeyGen_v2/MAYO_KeyGen_v2.gen/sources_1/bd/mref/MAYO_KEYGEN' will take precedence over the same IP in location /home/osm/Documents/SECT-MAYO/MAYO/vivado/mayo_keygen/mayo_keygen.gen/sources_1/bd/mref/MAYO_KEYGEN
WARNING: [IP_Flow 19-1663] Duplicate IP found for 'xilinx.com:module_ref:mayo_sample_oil_space:1.0'. The one found in IP location '/home/osm/Documents/SECT-MAYO/MAYO/vivado/MAYO_KeyGen_v2/MAYO_KeyGen_v2.gen/sources_1/bd/mref/mayo_sample_oil_space' will take precedence over the same IP in locations: 
   /home/osm/Documents/SECT-MAYO/MAYO/vivado/MAYO_KeyGen_v2/MAYO_KeyGen_v2.runs/Mayo_keygen_synth_1/.gen/sources_1/bd/mref/mayo_sample_oil_space
   /home/osm/Documents/SECT-MAYO/MAYO/vivado/mayo_keygen/mayo_keygen.gen/sources_1/bd/mref/mayo_sample_oil_space
WARNING: [IP_Flow 19-1663] Duplicate IP found for 'xilinx.com:module_ref:mayo_add_vectors:1.0'. The one found in IP location '/home/osm/Documents/SECT-MAYO/MAYO/vivado/MAYO_KeyGen_v2/MAYO_KeyGen_v2.gen/sources_1/bd/mref/mayo_add_vectors' will take precedence over the same IP in locations: 
   /home/osm/Documents/SECT-MAYO/MAYO/vivado/MAYO_KeyGen_v2/MAYO_KeyGen_v2.runs/Mayo_keygen_synth_1/.gen/sources_1/bd/mref/mayo_add_vectors
   /home/osm/Documents/SECT-MAYO/MAYO/vivado/mayo_keygen/mayo_keygen.gen/sources_1/bd/mref/mayo_add_vectors
WARNING: [IP_Flow 19-1663] Duplicate IP found for 'xilinx.com:module_ref:mayo_hash_arbiter:1.0'. The one found in IP location '/home/osm/Documents/SECT-MAYO/MAYO/vivado/MAYO_KeyGen_v2/MAYO_KeyGen_v2.gen/sources_1/bd/mref/mayo_hash_arbiter' will take precedence over the same IP in location /home/osm/Documents/SECT-MAYO/MAYO/vivado/MAYO_KeyGen_v2/MAYO_KeyGen_v2.runs/Mayo_keygen_synth_1/.gen/sources_1/bd/mref/mayo_hash_arbiter
WARNING: [IP_Flow 19-1663] Duplicate IP found for 'xilinx.com:module_ref:mayo_linear_combination:1.0'. The one found in IP location '/home/osm/Documents/SECT-MAYO/MAYO/vivado/MAYO_KeyGen_v2/MAYO_KeyGen_v2.gen/sources_1/bd/mref/mayo_linear_combination' will take precedence over the same IP in locations: 
   /home/osm/Documents/SECT-MAYO/MAYO/vivado/MAYO_KeyGen_v2/MAYO_KeyGen_v2.runs/Mayo_keygen_synth_1/.gen/sources_1/bd/mref/mayo_linear_combination
   /home/osm/Documents/SECT-MAYO/MAYO/vivado/mayo_keygen/mayo_keygen.gen/sources_1/bd/mref/mayo_linear_combination
WARNING: [IP_Flow 19-1663] Duplicate IP found for 'xilinx.com:module_ref:mayo_reduce:1.0'. The one found in IP location '/home/osm/Documents/SECT-MAYO/MAYO/vivado/MAYO_KeyGen_v2/MAYO_KeyGen_v2.gen/sources_1/bd/mref/mayo_reduce' will take precedence over the same IP in locations: 
   /home/osm/Documents/SECT-MAYO/MAYO/vivado/MAYO_KeyGen_v2/MAYO_KeyGen_v2.runs/Mayo_keygen_synth_1/.gen/sources_1/bd/mref/mayo_reduce
   /home/osm/Documents/SECT-MAYO/MAYO/vivado/mayo_keygen/mayo_keygen.gen/sources_1/bd/mref/mayo_reduce
WARNING: [IP_Flow 19-1663] Duplicate IP found for 'xilinx.com:module_ref:mayo_bram_arbiter:1.0'. The one found in IP location '/home/osm/Documents/SECT-MAYO/MAYO/vivado/MAYO_KeyGen_v2/MAYO_KeyGen_v2.gen/sources_1/bd/mref/mayo_bram_arbiter' will take precedence over the same IP in location /home/osm/Documents/SECT-MAYO/MAYO/vivado/MAYO_KeyGen_v2/MAYO_KeyGen_v2.runs/Mayo_keygen_synth_1/.gen/sources_1/bd/mref/mayo_bram_arbiter
Command: synth_design -top MAYO_SHAKE -part xc7z020clg484-1
Starting synth_design
Attempting to get a license for feature 'Synthesis' and/or device 'xc7z020'
INFO: [Common 17-349] Got license for feature 'Synthesis' and/or device 'xc7z020'
INFO: [Synth 8-7079] Multithreading enabled for synth_design using a maximum of 4 processes.
INFO: [Synth 8-7078] Launching helper process for spawning children vivado processes
INFO: [Synth 8-7075] Helper process launched with PID 428200
---------------------------------------------------------------------------------
Starting Synthesize : Time (s): cpu = 00:00:02 ; elapsed = 00:00:02 . Memory (MB): peak = 2324.598 ; gain = 0.000 ; free physical = 19087 ; free virtual = 27545
---------------------------------------------------------------------------------
INFO: [Synth 8-6157] synthesizing module 'MAYO_SHAKE' [/home/osm/Documents/SECT-MAYO/MAYO/vivado/SHAKE_Saber/SHAKE_Saber.srcs/sources_1/new/MAYO_SHAKE.v:3]
	Parameter C_BRAMSIZE bound to: 31 - type: integer 
	Parameter C_WRITE_DESC_SIZE bound to: 256 - type: integer 
	Parameter C_READ_DESC_SIZE bound to: 16 - type: integer 
INFO: [Synth 8-251] SHAKE : olen_remaining :  x [/home/osm/Documents/SECT-MAYO/MAYO/vivado/SHAKE_Saber/SHAKE_Saber.srcs/sources_1/new/MAYO_SHAKE.v:115]
INFO: [Synth 8-251] SHAKE: Start Block Fetch [/home/osm/Documents/SECT-MAYO/MAYO/vivado/SHAKE_Saber/SHAKE_Saber.srcs/sources_1/new/MAYO_SHAKE.v:158]
INFO: [Synth 8-251] SHAKE : Read 0xxxxxxxxx from 0xxxxxxxxx! [/home/osm/Documents/SECT-MAYO/MAYO/vivado/SHAKE_Saber/SHAKE_Saber.srcs/sources_1/new/MAYO_SHAKE.v:177]
INFO: [Synth 8-251] SHAKE : read_desc_adr :  x, c0 : x [/home/osm/Documents/SECT-MAYO/MAYO/vivado/SHAKE_Saber/SHAKE_Saber.srcs/sources_1/new/MAYO_SHAKE.v:178]
INFO: [Synth 8-251] SHAKE: Write Done [/home/osm/Documents/SECT-MAYO/MAYO/vivado/SHAKE_Saber/SHAKE_Saber.srcs/sources_1/new/MAYO_SHAKE.v:273]
INFO: [Synth 8-251] SHAKE: done! [/home/osm/Documents/SECT-MAYO/MAYO/vivado/SHAKE_Saber/SHAKE_Saber.srcs/sources_1/new/MAYO_SHAKE.v:348]
WARNING: [Synth 8-567] referenced signal 'sample_dout' should be on the sensitivity list [/home/osm/Documents/SECT-MAYO/MAYO/vivado/SHAKE_Saber/SHAKE_Saber.srcs/sources_1/new/MAYO_SHAKE.v:368]
WARNING: [Synth 8-567] referenced signal 'write_ctr' should be on the sensitivity list [/home/osm/Documents/SECT-MAYO/MAYO/vivado/SHAKE_Saber/SHAKE_Saber.srcs/sources_1/new/MAYO_SHAKE.v:368]
WARNING: [Synth 8-567] referenced signal 'dout_shake' should be on the sensitivity list [/home/osm/Documents/SECT-MAYO/MAYO/vivado/SHAKE_Saber/SHAKE_Saber.srcs/sources_1/new/MAYO_SHAKE.v:368]
WARNING: [Synth 8-567] referenced signal 'done_sampling' should be on the sensitivity list [/home/osm/Documents/SECT-MAYO/MAYO/vivado/SHAKE_Saber/SHAKE_Saber.srcs/sources_1/new/MAYO_SHAKE.v:368]
WARNING: [Synth 8-567] referenced signal 'enabled' should be on the sensitivity list [/home/osm/Documents/SECT-MAYO/MAYO/vivado/SHAKE_Saber/SHAKE_Saber.srcs/sources_1/new/MAYO_SHAKE.v:397]
WARNING: [Synth 8-567] referenced signal 'read_ctr' should be on the sensitivity list [/home/osm/Documents/SECT-MAYO/MAYO/vivado/SHAKE_Saber/SHAKE_Saber.srcs/sources_1/new/MAYO_SHAKE.v:397]
INFO: [Synth 8-6157] synthesizing module 'SHA_SHAKE_wrapper' [/home/osm/Documents/SECT-MAYO/MAYO/src/hdl/SABER_HW/Verilog_src/Keccak_Core/SHA_SHAKE_wrapper.v:27]
INFO: [Synth 8-638] synthesizing module 'keccak' [/home/osm/Documents/SECT-MAYO/MAYO/src/hdl/SABER_HW/Verilog_src/Keccak_Core/keccak.vhd:39]
INFO: [Synth 8-3491] module 'keccak_round' declared at '/home/osm/Documents/SECT-MAYO/MAYO/src/hdl/SABER_HW/Verilog_src/Keccak_Core/keccak_round.vhd:21' bound to instance 'round_map' of component 'keccak_round' [/home/osm/Documents/SECT-MAYO/MAYO/src/hdl/SABER_HW/Verilog_src/Keccak_Core/keccak.vhd:100]
INFO: [Synth 8-638] synthesizing module 'keccak_round' [/home/osm/Documents/SECT-MAYO/MAYO/src/hdl/SABER_HW/Verilog_src/Keccak_Core/keccak_round.vhd:31]
INFO: [Synth 8-256] done synthesizing module 'keccak_round' (1#1) [/home/osm/Documents/SECT-MAYO/MAYO/src/hdl/SABER_HW/Verilog_src/Keccak_Core/keccak_round.vhd:31]
INFO: [Synth 8-3491] module 'keccak_round_constants_gen' declared at '/home/osm/Documents/SECT-MAYO/MAYO/src/hdl/SABER_HW/Verilog_src/Keccak_Core/keccak_round_constants_gen.vhd:20' bound to instance 'round_constants_gen' of component 'keccak_round_constants_gen' [/home/osm/Documents/SECT-MAYO/MAYO/src/hdl/SABER_HW/Verilog_src/Keccak_Core/keccak.vhd:101]
INFO: [Synth 8-638] synthesizing module 'keccak_round_constants_gen' [/home/osm/Documents/SECT-MAYO/MAYO/src/hdl/SABER_HW/Verilog_src/Keccak_Core/keccak_round_constants_gen.vhd:28]
INFO: [Synth 8-256] done synthesizing module 'keccak_round_constants_gen' (2#1) [/home/osm/Documents/SECT-MAYO/MAYO/src/hdl/SABER_HW/Verilog_src/Keccak_Core/keccak_round_constants_gen.vhd:28]
INFO: [Synth 8-3491] module 'keccak_buffer' declared at '/home/osm/Documents/SECT-MAYO/MAYO/src/hdl/SABER_HW/Verilog_src/Keccak_Core/keccak_buffer.vhd:19' bound to instance 'buffer_in' of component 'keccak_buffer' [/home/osm/Documents/SECT-MAYO/MAYO/src/hdl/SABER_HW/Verilog_src/Keccak_Core/keccak.vhd:102]
INFO: [Synth 8-638] synthesizing module 'keccak_buffer' [/home/osm/Documents/SECT-MAYO/MAYO/src/hdl/SABER_HW/Verilog_src/Keccak_Core/keccak_buffer.vhd:37]
INFO: [Synth 8-256] done synthesizing module 'keccak_buffer' (3#1) [/home/osm/Documents/SECT-MAYO/MAYO/src/hdl/SABER_HW/Verilog_src/Keccak_Core/keccak_buffer.vhd:37]
INFO: [Synth 8-256] done synthesizing module 'keccak' (4#1) [/home/osm/Documents/SECT-MAYO/MAYO/src/hdl/SABER_HW/Verilog_src/Keccak_Core/keccak.vhd:39]
INFO: [Synth 8-6155] done synthesizing module 'SHA_SHAKE_wrapper' (5#1) [/home/osm/Documents/SECT-MAYO/MAYO/src/hdl/SABER_HW/Verilog_src/Keccak_Core/SHA_SHAKE_wrapper.v:27]
INFO: [Synth 8-6155] done synthesizing module 'MAYO_SHAKE' (6#1) [/home/osm/Documents/SECT-MAYO/MAYO/vivado/SHAKE_Saber/SHAKE_Saber.srcs/sources_1/new/MAYO_SHAKE.v:3]
---------------------------------------------------------------------------------
Finished Synthesize : Time (s): cpu = 00:00:08 ; elapsed = 00:00:08 . Memory (MB): peak = 2324.598 ; gain = 0.000 ; free physical = 19502 ; free virtual = 27964
---------------------------------------------------------------------------------
---------------------------------------------------------------------------------
Finished Constraint Validation : Time (s): cpu = 00:00:09 ; elapsed = 00:00:09 . Memory (MB): peak = 2324.598 ; gain = 0.000 ; free physical = 19540 ; free virtual = 28001
---------------------------------------------------------------------------------
---------------------------------------------------------------------------------
Finished RTL Optimization Phase 2 : Time (s): cpu = 00:00:19 ; elapsed = 00:00:18 . Memory (MB): peak = 2344.410 ; gain = 19.812 ; free physical = 18436 ; free virtual = 26900
---------------------------------------------------------------------------------
No constraint files found.
---------------------------------------------------------------------------------
Start RTL Component Statistics 
---------------------------------------------------------------------------------
Detailed RTL Component Info : 
+---Adders : 
	   2 Input   32 Bit       Adders := 2     
	   2 Input    9 Bit       Adders := 4     
	   2 Input    8 Bit       Adders := 1     
	   2 Input    6 Bit       Adders := 1     
	   2 Input    5 Bit       Adders := 3     
	   2 Input    4 Bit       Adders := 1     
+---XORs : 
	   5 Input      1 Bit         XORs := 320   
	   3 Input      1 Bit         XORs := 1600  
	   2 Input      1 Bit         XORs := 4096  
+---Registers : 
	             1344 Bit    Registers := 1     
	               64 Bit    Registers := 41    
	               32 Bit    Registers := 7     
	                9 Bit    Registers := 3     
	                8 Bit    Registers := 1     
	                6 Bit    Registers := 2     
	                5 Bit    Registers := 3     
	                4 Bit    Registers := 1     
	                1 Bit    Registers := 12    
+---Muxes : 
	   2 Input 1344 Bit        Muxes := 6     
	   2 Input   64 Bit        Muxes := 77    
	   8 Input   64 Bit        Muxes := 16    
	   2 Input   32 Bit        Muxes := 5     
	   8 Input   32 Bit        Muxes := 1     
	  12 Input   12 Bit        Muxes := 1     
	   2 Input   12 Bit        Muxes := 8     
	   2 Input    9 Bit        Muxes := 4     
	   8 Input    9 Bit        Muxes := 1     
	   2 Input    8 Bit        Muxes := 23    
	   2 Input    6 Bit        Muxes := 4     
	   2 Input    5 Bit        Muxes := 10    
	   8 Input    5 Bit        Muxes := 1     
	   2 Input    4 Bit        Muxes := 1     
	   2 Input    3 Bit        Muxes := 2     
	   3 Input    3 Bit        Muxes := 1     
	   2 Input    2 Bit        Muxes := 3     
	   3 Input    2 Bit        Muxes := 2     
	   2 Input    1 Bit        Muxes := 307   
	   8 Input    1 Bit        Muxes := 15    
	   9 Input    1 Bit        Muxes := 5     
	  12 Input    1 Bit        Muxes := 5     
---------------------------------------------------------------------------------
Finished RTL Component Statistics 
---------------------------------------------------------------------------------
---------------------------------------------------------------------------------
Start Part Resource Summary
---------------------------------------------------------------------------------
Part Resources:
DSPs: 220 (col length:60)
BRAMs: 280 (col length: RAMB18 60 RAMB36 30)
---------------------------------------------------------------------------------
Finished Part Resource Summary
---------------------------------------------------------------------------------
No constraint files found.
---------------------------------------------------------------------------------
Start Cross Boundary and Area Optimization
---------------------------------------------------------------------------------
---------------------------------------------------------------------------------
Finished Cross Boundary and Area Optimization : Time (s): cpu = 00:00:44 ; elapsed = 00:00:52 . Memory (MB): peak = 2391.504 ; gain = 66.906 ; free physical = 16395 ; free virtual = 24888
---------------------------------------------------------------------------------
No constraint files found.
---------------------------------------------------------------------------------
Start Timing Optimization
---------------------------------------------------------------------------------
---------------------------------------------------------------------------------
Finished Timing Optimization : Time (s): cpu = 00:00:44 ; elapsed = 00:00:52 . Memory (MB): peak = 2391.504 ; gain = 66.906 ; free physical = 16395 ; free virtual = 24887
---------------------------------------------------------------------------------
---------------------------------------------------------------------------------
Start Technology Mapping
---------------------------------------------------------------------------------
---------------------------------------------------------------------------------
Finished Technology Mapping : Time (s): cpu = 00:00:48 ; elapsed = 00:00:56 . Memory (MB): peak = 2391.504 ; gain = 66.906 ; free physical = 16416 ; free virtual = 24908
---------------------------------------------------------------------------------
---------------------------------------------------------------------------------
Start IO Insertion
---------------------------------------------------------------------------------
---------------------------------------------------------------------------------
Start Flattening Before IO Insertion
---------------------------------------------------------------------------------
---------------------------------------------------------------------------------
Finished Flattening Before IO Insertion
---------------------------------------------------------------------------------
---------------------------------------------------------------------------------
Start Final Netlist Cleanup
---------------------------------------------------------------------------------
---------------------------------------------------------------------------------
Finished Final Netlist Cleanup
---------------------------------------------------------------------------------
---------------------------------------------------------------------------------
Finished IO Insertion : Time (s): cpu = 00:00:51 ; elapsed = 00:00:59 . Memory (MB): peak = 2391.504 ; gain = 66.906 ; free physical = 16409 ; free virtual = 24901
---------------------------------------------------------------------------------
---------------------------------------------------------------------------------
Start Renaming Generated Instances
---------------------------------------------------------------------------------
---------------------------------------------------------------------------------
Finished Renaming Generated Instances : Time (s): cpu = 00:00:51 ; elapsed = 00:00:59 . Memory (MB): peak = 2391.504 ; gain = 66.906 ; free physical = 16409 ; free virtual = 24901
---------------------------------------------------------------------------------
---------------------------------------------------------------------------------
Start Rebuilding User Hierarchy
---------------------------------------------------------------------------------
---------------------------------------------------------------------------------
Finished Rebuilding User Hierarchy : Time (s): cpu = 00:00:52 ; elapsed = 00:01:00 . Memory (MB): peak = 2391.504 ; gain = 66.906 ; free physical = 16407 ; free virtual = 24900
---------------------------------------------------------------------------------
---------------------------------------------------------------------------------
Start Renaming Generated Ports
---------------------------------------------------------------------------------
---------------------------------------------------------------------------------
Finished Renaming Generated Ports : Time (s): cpu = 00:00:52 ; elapsed = 00:01:00 . Memory (MB): peak = 2391.504 ; gain = 66.906 ; free physical = 16407 ; free virtual = 24900
---------------------------------------------------------------------------------
---------------------------------------------------------------------------------
Start Handling Custom Attributes
---------------------------------------------------------------------------------
---------------------------------------------------------------------------------
Finished Handling Custom Attributes : Time (s): cpu = 00:00:52 ; elapsed = 00:01:00 . Memory (MB): peak = 2391.504 ; gain = 66.906 ; free physical = 16405 ; free virtual = 24898
---------------------------------------------------------------------------------
---------------------------------------------------------------------------------
Start Renaming Generated Nets
---------------------------------------------------------------------------------
---------------------------------------------------------------------------------
Finished Renaming Generated Nets : Time (s): cpu = 00:00:52 ; elapsed = 00:01:00 . Memory (MB): peak = 2391.504 ; gain = 66.906 ; free physical = 16405 ; free virtual = 24898
---------------------------------------------------------------------------------
---------------------------------------------------------------------------------
Start Writing Synthesis Report
---------------------------------------------------------------------------------

Report BlackBoxes: 
+-+--------------+----------+
| |BlackBox name |Instances |
+-+--------------+----------+
+-+--------------+----------+

Report Cell Usage: 
+------+-------+------+
|      |Cell   |Count |
+------+-------+------+
|1     |BUFG   |    12|
|2     |CARRY4 |    43|
|3     |LUT1   |    36|
|4     |LUT2   |    93|
|5     |LUT3   |  1414|
|6     |LUT4   |  1856|
|7     |LUT5   |  3276|
|8     |LUT6   |  6099|
|9     |MUXF7  |  2240|
|10    |MUXF8  |  1024|
|11    |FDCE   |  3166|
|12    |FDPE   |     1|
|13    |FDRE   |  1481|
|14    |FDSE   |     3|
|15    |LDC    | 16406|
|16    |IBUF   |   163|
|17    |OBUF   |    72|
+------+-------+------+

Report Instance Areas: 
+------+--------------------------+---------------------------+------+
|      |Instance                  |Module                     |Cells |
+------+--------------------------+---------------------------+------+
|1     |top                       |                           | 37385|
|2     |  SH                      |SHA_SHAKE_wrapper          | 11230|
|3     |    KECCAK                |keccak                     | 10999|
|4     |      buffer_in           |keccak_buffer              |  9383|
|5     |      round_constants_gen |keccak_round_constants_gen |     7|
+------+--------------------------+---------------------------+------+
---------------------------------------------------------------------------------
Finished Writing Synthesis Report : Time (s): cpu = 00:00:52 ; elapsed = 00:01:00 . Memory (MB): peak = 2391.504 ; gain = 66.906 ; free physical = 16405 ; free virtual = 24898
---------------------------------------------------------------------------------
Synthesis finished with 0 errors, 0 critical warnings and 264 warnings.
Synthesis Optimization Runtime : Time (s): cpu = 00:00:56 ; elapsed = 00:01:03 . Memory (MB): peak = 2395.414 ; gain = 70.816 ; free physical = 19315 ; free virtual = 27808
Synthesis Optimization Complete : Time (s): cpu = 00:00:56 ; elapsed = 00:01:03 . Memory (MB): peak = 2395.414 ; gain = 70.816 ; free physical = 19315 ; free virtual = 27808
INFO: [Project 1-571] Translating synthesized netlist
Netlist sorting complete. Time (s): cpu = 00:00:00.15 ; elapsed = 00:00:00.16 . Memory (MB): peak = 2395.414 ; gain = 0.000 ; free physical = 19297 ; free virtual = 27790
INFO: [Netlist 29-17] Analyzing 19713 Unisim elements for replacement
INFO: [Netlist 29-28] Unisim Transformation completed in 0 CPU seconds
INFO: [Project 1-570] Preparing netlist for logic optimization
INFO: [Opt 31-138] Pushed 1 inverter(s) to 15 load pin(s).
Netlist sorting complete. Time (s): cpu = 00:00:00.05 ; elapsed = 00:00:00.02 . Memory (MB): peak = 2439.527 ; gain = 0.000 ; free physical = 19243 ; free virtual = 27735
INFO: [Project 1-111] Unisim Transformation Summary:
  A total of 16406 instances were transformed.
  LDC => LDCE: 16391 instances
  LDC => LDCE (inverted pins: G): 15 instances

INFO: [Common 17-83] Releasing license: Synthesis
39 Infos, 115 Warnings, 0 Critical Warnings and 0 Errors encountered.
synth_design completed successfully
synth_design: Time (s): cpu = 00:01:01 ; elapsed = 00:01:09 . Memory (MB): peak = 2439.527 ; gain = 115.043 ; free physical = 19395 ; free virtual = 27888
INFO: [Common 17-1381] The checkpoint '/home/osm/Documents/SECT-MAYO/MAYO/vivado/SHAKE_Saber/SHAKE_Saber.runs/synth_1/MAYO_SHAKE.dcp' has been generated.
INFO: [runtcl-4] Executing : report_utilization -file MAYO_SHAKE_utilization_synth.rpt -pb MAYO_SHAKE_utilization_synth.pb
INFO: [Common 17-206] Exiting Vivado at Sat Nov  5 23:37:44 2022...
