

================================================================
== Synthesis Summary Report of 'computeP2'
================================================================
+ General Information: 
    * Date:           Wed May 11 12:58:34 2022
    * Version:        2020.2 (Build 3064766 on Wed Nov 18 09:12:47 MST 2020)
    * Project:        computeP2
    * Solution:       solution2 (Vivado IP Flow Target)
    * Product family: zynq
    * Target device:  xc7z020-clg484-1
    

+ Performance & Resource Estimates: 
    
    PS: '+' for module; 'o' for loop; '*' for dataflow
    +------------------------------------+------+-------+---------+-----------+----------+---------+-------+----------+---------+---------+-----------+-----------+-----+
    |               Modules              | Issue|       | Latency |  Latency  | Iteration|         |  Trip |          |         |         |           |           |     |
    |               & Loops              | Type | Slack | (cycles)|    (ns)   |  Latency | Interval| Count | Pipelined|  BRAM   |   DSP   |     FF    |    LUT    | URAM|
    +------------------------------------+------+-------+---------+-----------+----------+---------+-------+----------+---------+---------+-----------+-----------+-----+
    |+ computeP2                         |     -|  -0.29|  6067124|  6.067e+07|         -|  6067125|      -|        no|  27 (9%)|   3 (1%)|  2683 (2%)|  4525 (8%)|    -|
    | + grp_linear_combination_fu_527    |     -|  -0.42|    12595|  1.260e+05|         -|    12595|      -|        no|  1 (~0%)|        -|  586 (~0%)|   776 (1%)|    -|
    |  o Loop 1                          |     -|  -7.30|       60|    600.000|         1|        -|     60|        no|        -|        -|          -|          -|    -|
    |  o LOOP_LC1                        |     -|  -7.30|    10192|  1.019e+05|       182|        -|     56|        no|        -|        -|          -|          -|    -|
    |   o LOOP_LC12                      |     -|  -7.30|      180|  1.800e+03|         3|        -|     60|        no|        -|        -|          -|          -|    -|
    |  o LOOP_LC2                        |     -|  -7.30|     2340|  2.340e+04|        39|        -|     60|        no|        -|        -|          -|          -|    -|
    | + grp_linear_combination_2_fu_535  |     -|  -0.42|    19315|  1.932e+05|         -|    19315|      -|        no|  1 (~0%)|  1 (~0%)|  563 (~0%)|   753 (1%)|    -|
    |  o Loop 1                          |     -|  -7.30|       60|    600.000|         1|        -|     60|        no|        -|        -|          -|          -|    -|
    |  o LOOP_LC1                        |     -|  -7.30|    16912|  1.691e+05|       302|        -|     56|        no|        -|        -|          -|          -|    -|
    |   o LOOP_LC12                      |     -|  -7.30|      300|  3.000e+03|         5|        -|     60|        no|        -|        -|          -|          -|    -|
    |  o LOOP_LC2                        |     -|  -7.30|     2340|  2.340e+04|        39|        -|     60|        no|        -|        -|          -|          -|    -|
    | + grp_linear_combination_1_fu_544  |     -|  -1.95|    19315|  1.932e+05|         -|    19315|      -|        no|  1 (~0%)|  1 (~0%)|  557 (~0%)|   753 (1%)|    -|
    |  o Loop 1                          |     -|  -7.30|       60|    600.000|         1|        -|     60|        no|        -|        -|          -|          -|    -|
    |  o LOOP_LC1                        |     -|  -7.30|    16912|  1.691e+05|       302|        -|     56|        no|        -|        -|          -|          -|    -|
    |   o LOOP_LC12                      |     -|  -7.30|      300|  3.000e+03|         5|        -|     60|        no|        -|        -|          -|          -|    -|
    |  o LOOP_LC2                        |     -|  -7.30|     2340|  2.340e+04|        39|        -|     60|        no|        -|        -|          -|          -|    -|
    | + grp_remainder_fu_553             |     -|  -2.74|       14|    140.000|         -|       14|      -|        no|        -|        -|  151 (~0%)|  199 (~0%)|    -|
    | + grp_remainder_fu_558             |     -|  -2.74|       14|    140.000|         -|       14|      -|        no|        -|        -|  151 (~0%)|  199 (~0%)|    -|
    | o LOOP_P1                          |     -|  -7.30|  4404400|  4.404e+07|     78650|        -|     56|        no|        -|        -|          -|          -|    -|
    |  o LOOP_P12                        |     -|  -7.30|    78648|  7.865e+05|     13108|        -|      6|        no|        -|        -|          -|          -|    -|
    |   o add_vectors_label1             |     -|  -7.30|      510|  5.100e+03|        34|        -|     15|        no|        -|        -|          -|          -|    -|
    | o LOOP_P2                          |     -|  -7.30|   172144|  1.721e+06|      3074|        -|     56|        no|        -|        -|          -|          -|    -|
    |  o LOOP_P21                        |     -|  -7.30|     3072|  3.072e+04|       512|        -|      6|        no|        -|        -|          -|          -|    -|
    |   o add_vectors_label1             |     -|  -7.30|      510|  5.100e+03|        34|        -|     15|        no|        -|        -|          -|          -|    -|
    | o Loop 3                           |     -|  -7.30|    20160|  2.016e+05|         1|        -|  20160|        no|        -|        -|          -|          -|    -|
    | o LOOP_P3                          |     -|  -7.30|    41004|  4.100e+05|      6834|        -|      6|        no|        -|        -|          -|          -|    -|
    |  o LOOP_P31                        |     -|  -7.30|     6832|  6.832e+04|       122|        -|     56|        no|        -|        -|          -|          -|    -|
    |   o LOOP_P31.1                     |     -|  -7.30|      120|  1.200e+03|         2|        -|     60|        no|        -|        -|          -|          -|    -|
    | o LOOP_P4                          |     -|  -7.30|  1428780|  1.429e+07|    238130|        -|      6|        no|        -|        -|          -|          -|    -|
    |  o LOOP_P4_1                       |     -|  -7.30|   238128|  2.381e+06|     39688|        -|      6|        no|        -|        -|          -|          -|    -|
    |   o LOOP_P4_1.1                    |     -|  -7.30|       60|    600.000|         1|        -|     60|        no|        -|        -|          -|          -|    -|
    |   o add_vectors_label1             |     -|  -7.30|      990|  9.900e+03|        66|        -|     15|        no|        -|        -|          -|          -|    -|
    | o LOOP_N                           |     -|  -7.30|      630|  6.300e+03|         1|        -|    630|        no|        -|        -|          -|          -|    -|
    +------------------------------------+------+-------+---------+-----------+----------+---------+-------+----------+---------+---------+-----------+-----------+-----+

