

================================================================
== Vitis HLS Report for 'remainder'
================================================================
* Date:           Wed May 11 12:58:30 2022

* Version:        2020.2 (Build 3064766 on Wed Nov 18 09:12:47 MST 2020)
* Project:        computeP2
* Solution:       solution2 (Vivado IP Flow Target)
* Product family: zynq
* Target device:  xc7z020-clg484-1


================================================================
== Performance Estimates
================================================================
+ Timing: 
    * Summary: 
    +--------+----------+----------+------------+
    |  Clock |  Target  | Estimated| Uncertainty|
    +--------+----------+----------+------------+
    |ap_clk  |  10.00 ns|  4.556 ns|     2.70 ns|
    +--------+----------+----------+------------+

+ Latency: 
    * Summary: 
    +---------+---------+-----------+----------+-----+-----+---------+
    |  Latency (cycles) |  Latency (absolute)  |  Interval | Pipeline|
    |   min   |   max   |    min    |    max   | min | max |   Type  |
    +---------+---------+-----------+----------+-----+-----+---------+
    |        2|       14|  20.000 ns|  0.140 us|    2|   14|     none|
    +---------+---------+-----------+----------+-----+-----+---------+

    + Detail: 
        * Instance: 
        N/A

        * Loop: 
        N/A



================================================================
== Utilization Estimates
================================================================
* Summary: 
+-----------------+---------+-----+--------+-------+-----+
|       Name      | BRAM_18K| DSP |   FF   |  LUT  | URAM|
+-----------------+---------+-----+--------+-------+-----+
|DSP              |        -|    -|       -|      -|    -|
|Expression       |        -|    -|       0|     54|    -|
|FIFO             |        -|    -|       -|      -|    -|
|Instance         |        -|    -|     118|     53|    -|
|Memory           |        -|    -|       -|      -|    -|
|Multiplexer      |        -|    -|       -|     92|    -|
|Register         |        -|    -|      33|      -|    -|
+-----------------+---------+-----+--------+-------+-----+
|Total            |        0|    0|     151|    199|    0|
+-----------------+---------+-----+--------+-------+-----+
|Available        |      280|  220|  106400|  53200|    0|
+-----------------+---------+-----+--------+-------+-----+
|Utilization (%)  |        0|    0|      ~0|     ~0|    0|
+-----------------+---------+-----+--------+-------+-----+

+ Detail: 
    * Instance: 
    +-----------------------------+-------------------------+---------+----+-----+----+-----+
    |           Instance          |          Module         | BRAM_18K| DSP|  FF | LUT| URAM|
    +-----------------------------+-------------------------+---------+----+-----+----+-----+
    |urem_9ns_6ns_9_13_seq_1_U10  |urem_9ns_6ns_9_13_seq_1  |        0|   0|  118|  53|    0|
    +-----------------------------+-------------------------+---------+----+-----+----+-----+
    |Total                        |                         |        0|   0|  118|  53|    0|
    +-----------------------------+-------------------------+---------+----+-----+----+-----+

    * DSP: 
    N/A

    * Memory: 
    N/A

    * FIFO: 
    N/A

    * Expression: 
    +-----------------------+----------+----+---+----+------------+------------+
    |     Variable Name     | Operation| DSP| FF| LUT| Bitwidth P0| Bitwidth P1|
    +-----------------------+----------+----+---+----+------------+------------+
    |sub_ln657_fu_87_p2     |         -|   0|  0|  14|           1|           6|
    |empty_18_fu_39_p2      |      icmp|   0|  0|  11|           9|           1|
    |empty_fu_33_p2         |      icmp|   0|  0|  11|           9|           5|
    |empty_19_fu_45_p2      |        or|   0|  0|   2|           1|           1|
    |rem_V_3_fu_77_p3       |    select|   0|  0|   5|           1|           5|
    |select_ln175_fu_93_p3  |    select|   0|  0|   6|           1|           6|
    |rem_V_1_fu_72_p2       |       xor|   0|  0|   5|           5|           2|
    +-----------------------+----------+----+---+----+------------+------------+
    |Total                  |          |   0|  0|  54|          27|          26|
    +-----------------------+----------+----+---+----+------------+------------+

    * Multiplexer: 
    +----------------------------------+----+-----------+-----+-----------+
    |               Name               | LUT| Input Size| Bits| Total Bits|
    +----------------------------------+----+-----------+-----+-----------+
    |ap_NS_fsm                         |  65|         15|    1|         15|
    |ap_phi_mux_p_Val2_s_phi_fu_26_p4  |   9|          2|    6|         12|
    |ap_return                         |   9|          2|    6|         12|
    |p_Val2_s_reg_22                   |   9|          2|    6|         12|
    +----------------------------------+----+-----------+-----+-----------+
    |Total                             |  92|         21|   19|         51|
    +----------------------------------+----+-----------+-----+-----------+

    * Register: 
    +---------------------+----+----+-----+-----------+
    |         Name        | FF | LUT| Bits| Const Bits|
    +---------------------+----+----+-----+-----------+
    |ap_CS_fsm            |  14|   0|   14|          0|
    |ap_return_preg       |   6|   0|    6|          0|
    |empty_19_reg_106     |   1|   0|    1|          0|
    |p_Val2_s_reg_22      |   6|   0|    6|          0|
    |r_sig_V_reg_117      |   1|   0|    1|          0|
    |trunc_ln167_reg_110  |   5|   0|    5|          0|
    +---------------------+----+----+-----+-----------+
    |Total                |  33|   0|   33|          0|
    +---------------------+----+----+-----+-----------+



================================================================
== Interface
================================================================
* Summary: 
+-----------+-----+-----+------------+--------------+--------------+
| RTL Ports | Dir | Bits|  Protocol  | Source Object|    C Type    |
+-----------+-----+-----+------------+--------------+--------------+
|ap_clk     |   in|    1|  ap_ctrl_hs|     remainder|  return value|
|ap_rst     |   in|    1|  ap_ctrl_hs|     remainder|  return value|
|ap_start   |   in|    1|  ap_ctrl_hs|     remainder|  return value|
|ap_done    |  out|    1|  ap_ctrl_hs|     remainder|  return value|
|ap_idle    |  out|    1|  ap_ctrl_hs|     remainder|  return value|
|ap_ready   |  out|    1|  ap_ctrl_hs|     remainder|  return value|
|ap_return  |  out|    6|  ap_ctrl_hs|     remainder|  return value|
|x          |   in|    9|     ap_none|             x|        scalar|
+-----------+-----+-----+------------+--------------+--------------+

