INFO: [VRFC 10-163] Analyzing VHDL file "/home/osm/Documents/Sect/SECT-MAYO/MAYO/vivado/hw-mayo/hw-mayo.ip_user_files/bd/Mayo_sign/ip/Mayo_sign_mayo_trng_arbiter_0_0/sim/Mayo_sign_mayo_trng_arbiter_0_0.vhd" into library xil_defaultlib
INFO: [VRFC 10-3107] analyzing entity 'Mayo_sign_mayo_trng_arbiter_0_0'
INFO: [VRFC 10-163] Analyzing VHDL file "/home/osm/Documents/Sect/SECT-MAYO/MAYO/vivado/hw-mayo/hw-mayo.ip_user_files/bd/Mayo_sign/ip/Mayo_sign_mayo_hash_bram_arbit_0_0/sim/Mayo_sign_mayo_hash_bram_arbit_0_0.vhd" into library xil_defaultlib
INFO: [VRFC 10-3107] analyzing entity 'Mayo_sign_mayo_hash_bram_arbit_0_0'
INFO: [VRFC 10-163] Analyzing VHDL file "/home/osm/Documents/Sect/SECT-MAYO/MAYO/vivado/hw-mayo/hw-mayo.ip_user_files/bd/Mayo_sign/ip/Mayo_sign_mayo_bram_arbiter2_0_0/sim/Mayo_sign_mayo_bram_arbiter2_0_0.vhd" into library xil_defaultlib
INFO: [VRFC 10-3107] analyzing entity 'Mayo_sign_mayo_bram_arbiter2_0_0'
INFO: [VRFC 10-163] Analyzing VHDL file "/home/osm/Documents/Sect/SECT-MAYO/MAYO/vivado/hw-mayo/hw-mayo.ip_user_files/bd/Mayo_sign/ip/Mayo_sign_mayo_bram_arbiter2_0_1/sim/Mayo_sign_mayo_bram_arbiter2_0_1.vhd" into library xil_defaultlib
INFO: [VRFC 10-3107] analyzing entity 'Mayo_sign_mayo_bram_arbiter2_0_1'
INFO: [VRFC 10-163] Analyzing VHDL file "/home/osm/Documents/Sect/SECT-MAYO/MAYO/vivado/hw-mayo/hw-mayo.ip_user_files/bd/Mayo_sign/ip/Mayo_sign_mayo_bram_arbiter2_0_2/sim/Mayo_sign_mayo_bram_arbiter2_0_2.vhd" into library xil_defaultlib
INFO: [VRFC 10-3107] analyzing entity 'Mayo_sign_mayo_bram_arbiter2_0_2'
INFO: [VRFC 10-163] Analyzing VHDL file "/home/osm/Documents/Sect/SECT-MAYO/MAYO/vivado/hw-mayo/hw-mayo.ip_user_files/bd/Mayo_sign/ip/Mayo_sign_mayo_bram_arbiter2_1_0/sim/Mayo_sign_mayo_bram_arbiter2_1_0.vhd" into library xil_defaultlib
INFO: [VRFC 10-3107] analyzing entity 'Mayo_sign_mayo_bram_arbiter2_1_0'
INFO: [VRFC 10-163] Analyzing VHDL file "/home/osm/Documents/Sect/SECT-MAYO/MAYO/vivado/hw-mayo/hw-mayo.ip_user_files/bd/Mayo_sign/ip/Mayo_sign_mayo_lin_comb_arbiter_0_0/sim/Mayo_sign_mayo_lin_comb_arbiter_0_0.vhd" into library xil_defaultlib
INFO: [VRFC 10-3107] analyzing entity 'Mayo_sign_mayo_lin_comb_arbiter_0_0'
INFO: [VRFC 10-163] Analyzing VHDL file "/home/osm/Documents/Sect/SECT-MAYO/MAYO/vivado/hw-mayo/hw-mayo.ip_user_files/bd/Mayo_sign/ip/Mayo_sign_mayo_linear_combinat_0_0/sim/Mayo_sign_mayo_linear_combinat_0_0.vhd" into library xil_defaultlib
INFO: [VRFC 10-3107] analyzing entity 'Mayo_sign_mayo_linear_combinat_0_0'
INFO: [VRFC 10-163] Analyzing VHDL file "/home/osm/Documents/Sect/SECT-MAYO/MAYO/vivado/hw-mayo/hw-mayo.ip_user_files/bd/Mayo_sign/ip/Mayo_sign_mayo_bram_arbiter2_0_3/sim/Mayo_sign_mayo_bram_arbiter2_0_3.vhd" into library xil_defaultlib
INFO: [VRFC 10-3107] analyzing entity 'Mayo_sign_mayo_bram_arbiter2_0_3'
INFO: [VRFC 10-163] Analyzing VHDL file "/home/osm/Documents/Sect/SECT-MAYO/MAYO/vivado/hw-mayo/hw-mayo.ip_user_files/bd/Mayo_sign/ip/Mayo_sign_mayo_bram_arbiter2_0_4/sim/Mayo_sign_mayo_bram_arbiter2_0_4.vhd" into library xil_defaultlib
INFO: [VRFC 10-3107] analyzing entity 'Mayo_sign_mayo_bram_arbiter2_0_4'
INFO: [VRFC 10-163] Analyzing VHDL file "/home/osm/Documents/Sect/SECT-MAYO/MAYO/vivado/hw-mayo/hw-mayo.ip_user_files/bd/Mayo_sign/ip/Mayo_sign_mayo_add_vectors_0_0/sim/Mayo_sign_mayo_add_vectors_0_0.vhd" into library xil_defaultlib
INFO: [VRFC 10-3107] analyzing entity 'Mayo_sign_mayo_add_vectors_0_0'
INFO: [VRFC 10-163] Analyzing VHDL file "/home/osm/Documents/Sect/SECT-MAYO/MAYO/vivado/hw-mayo/hw-mayo.ip_user_files/bd/Mayo_sign/ip/Mayo_sign_mayo_add_vectors_arb_0_0_1/sim/Mayo_sign_mayo_add_vectors_arb_0_0.vhd" into library xil_defaultlib
INFO: [VRFC 10-3107] analyzing entity 'Mayo_sign_mayo_add_vectors_arb_0_0'
INFO: [VRFC 10-163] Analyzing VHDL file "/home/osm/Documents/Sect/SECT-MAYO/MAYO/vivado/hw-mayo/hw-mayo.ip_user_files/bd/Mayo_sign/ip/Mayo_sign_MAYO_P1P1T_0_0/sim/Mayo_sign_MAYO_P1P1T_0_0.vhd" into library xil_defaultlib
INFO: [VRFC 10-3107] analyzing entity 'Mayo_sign_MAYO_P1P1T_0_0'
INFO: [VRFC 10-163] Analyzing VHDL file "/home/osm/Documents/Sect/SECT-MAYO/MAYO/vivado/hw-mayo/hw-mayo.ip_user_files/bd/Mayo_sign/ip/Mayo_sign_MAYO_SIGNING_FSM_0_0/sim/Mayo_sign_MAYO_SIGNING_FSM_0_0.vhd" into library xil_defaultlib
INFO: [VRFC 10-3107] analyzing entity 'Mayo_sign_MAYO_SIGNING_FSM_0_0'
INFO: [VRFC 10-163] Analyzing VHDL file "/home/osm/Documents/Sect/SECT-MAYO/MAYO/vivado/hw-mayo/hw-mayo.ip_user_files/bd/Mayo_sign/ip/Mayo_sign_mayo_add_oil_0_0/sim/Mayo_sign_mayo_add_oil_0_0.vhd" into library xil_defaultlib
INFO: [VRFC 10-3107] analyzing entity 'Mayo_sign_mayo_add_oil_0_0'
INFO: [VRFC 10-163] Analyzing VHDL file "/home/osm/Documents/Sect/SECT-MAYO/MAYO/vivado/hw-mayo/hw-mayo.ip_user_files/bd/Mayo_sign/ip/Mayo_sign_mayo_negate_0_0/sim/Mayo_sign_mayo_negate_0_0.vhd" into library xil_defaultlib
INFO: [VRFC 10-3107] analyzing entity 'Mayo_sign_mayo_negate_0_0'
INFO: [VRFC 10-163] Analyzing VHDL file "/home/osm/Documents/Sect/SECT-MAYO/MAYO/vivado/hw-mayo/hw-mayo.ip_user_files/bd/Mayo_sign/ip/Mayo_sign_mayo_reduce_0_0/sim/Mayo_sign_mayo_reduce_0_0.vhd" into library xil_defaultlib
INFO: [VRFC 10-3107] analyzing entity 'Mayo_sign_mayo_reduce_0_0'
INFO: [VRFC 10-163] Analyzing VHDL file "/home/osm/Documents/Sect/SECT-MAYO/MAYO/vivado/hw-mayo/hw-mayo.ip_user_files/bd/Mayo_sign/ip/Mayo_sign_mayo_reduce_extension_0_0/sim/Mayo_sign_mayo_reduce_extension_0_0.vhd" into library xil_defaultlib
INFO: [VRFC 10-3107] analyzing entity 'Mayo_sign_mayo_reduce_extension_0_0'
INFO: [VRFC 10-163] Analyzing VHDL file "/home/osm/Documents/Sect/SECT-MAYO/MAYO/vivado/hw-mayo/hw-mayo.ip_user_files/bd/Mayo_sign/ip/Mayo_sign_mayo_sample_oil_0_0/sim/Mayo_sign_mayo_sample_oil_0_0.vhd" into library xil_defaultlib
INFO: [VRFC 10-3107] analyzing entity 'Mayo_sign_mayo_sample_oil_0_0'
INFO: [VRFC 10-163] Analyzing VHDL file "/home/osm/Documents/Sect/SECT-MAYO/MAYO/vivado/hw-mayo/hw-mayo.ip_user_files/bd/Mayo_sign/ip/Mayo_sign_mayo_sample_oil_space_0_0/sim/Mayo_sign_mayo_sample_oil_space_0_0.vhd" into library xil_defaultlib
INFO: [VRFC 10-3107] analyzing entity 'Mayo_sign_mayo_sample_oil_space_0_0'
INFO: [VRFC 10-163] Analyzing VHDL file "/home/osm/Documents/Sect/SECT-MAYO/MAYO/vivado/hw-mayo/hw-mayo.ip_user_files/bd/Mayo_sign/ip/Mayo_sign_mayo_sample_vinegar_0_0/sim/Mayo_sign_mayo_sample_vinegar_0_0.vhd" into library xil_defaultlib
INFO: [VRFC 10-3107] analyzing entity 'Mayo_sign_mayo_sample_vinegar_0_0'
INFO: [VRFC 10-163] Analyzing VHDL file "/home/osm/Documents/Sect/SECT-MAYO/MAYO/vivado/hw-mayo/hw-mayo.ip_user_files/bd/Mayo_sign/ip/Mayo_sign_memcpy_0_0/sim/Mayo_sign_memcpy_0_0.vhd" into library xil_defaultlib
INFO: [VRFC 10-3107] analyzing entity 'Mayo_sign_memcpy_0_0'
INFO: [VRFC 10-163] Analyzing VHDL file "/home/osm/Documents/Sect/SECT-MAYO/MAYO/vivado/hw-mayo/hw-mayo.ip_user_files/bd/Mayo_sign/ip/Mayo_sign_memcpy_0_1/sim/Mayo_sign_memcpy_0_1.vhd" into library xil_defaultlib
INFO: [VRFC 10-3107] analyzing entity 'Mayo_sign_memcpy_0_1'
INFO: [VRFC 10-163] Analyzing VHDL file "/home/osm/Documents/Sect/SECT-MAYO/MAYO/vivado/hw-mayo/hw-mayo.ip_user_files/bd/Mayo_sign/sim/Mayo_sign.vhd" into library xil_defaultlib
INFO: [VRFC 10-3107] analyzing entity 'BigBRAM1_imp_FGVWIZ'
INFO: [VRFC 10-3107] analyzing entity 'BigBRAM2_imp_1PB6TEW'
INFO: [VRFC 10-3107] analyzing entity 'LInear_Combination_imp_DQ7H61'
INFO: [VRFC 10-3107] analyzing entity 'SmallBRAM_imp_MCN2TS'
INFO: [VRFC 10-3107] analyzing entity 'TRNG_imp_803AL3'
INFO: [VRFC 10-3107] analyzing entity 'add_vectors_imp_5D59YL'
INFO: [VRFC 10-3107] analyzing entity 'hash_imp_1H0AQ0H'
INFO: [VRFC 10-3107] analyzing entity 'Mayo_sign'
INFO: [VRFC 10-163] Analyzing VHDL file "/home/osm/Documents/Sect/SECT-MAYO/MAYO/vivado/hw-mayo/hw-mayo.gen/sources_1/bd/Mayo_sign/hdl/Mayo_sign_wrapper.vhd" into library xil_defaultlib
INFO: [VRFC 10-3107] analyzing entity 'Mayo_sign_wrapper'
