#
# An unexpected error has occurred (11)
#
Stack:
/tools/Xilinx/Vivado/2020.2/tps/lnx64/jre11.0.2/lib//server/libjvm.so(+0xc04c3b) [0x7effe0804c3b]
/tools/Xilinx/Vivado/2020.2/tps/lnx64/jre11.0.2/lib//server/libjvm.so(JVM_handle_linux_signal+0x14e) [0x7effe08098de]
/tools/Xilinx/Vivado/2020.2/tps/lnx64/jre11.0.2/lib//server/libjvm.so(+0xbfd538) [0x7effe07fd538]
/lib/x86_64-linux-gnu/libc.so.6(+0x42520) [0x7f003e842520]
/tools/Xilinx/Vivado/2020.2/lib/lnx64.o/librdi_simbridge_kernel.so(SimBridge::CArray::empty() const+0) [0x7effe8457a00]
/tools/Xilinx/Vivado/2020.2/lib/lnx64.o/librdi_simbridge_kernel.so(SimBridge::WdbEventBlock::addBlock(SimBridge::WdbIBlockManager&, unsigned int&) const+0x1c) [0x7effe84580dc]
/tools/Xilinx/Vivado/2020.2/lib/lnx64.o/librdi_simbridge_kernel.so(SimBridge::WdbMultipleBucketEventDatabase::getEventBlockDatabaseIterator(std::vector<SimBridge::WdbScalarBTree*, std::allocator<SimBridge::WdbScalarBTree*> > const&, std::vector<boost::shared_ptr<SimBridge::WdbIEventBlockIterator>, std::allocator<boost::shared_ptr<SimBridge::WdbIEventBlockIterator> > >&, std::vector<std::vector<SimBridge::WdbScalarBTree*, std::allocator<SimBridge::WdbScalarBTree*> >, std::allocator<std::vector<SimBridge::WdbScalarBTree*, std::allocator<SimBridge::WdbScalarBTree*> > > >&) const+0x691) [0x7effe8472071]
/tools/Xilinx/Vivado/2020.2/lib/lnx64.o/librdi_simbridge_kernel.so(SimBridge::WdbAddressBTreeManager::scanWdbDatabaseMultiThread(std::vector<SimBridge::WdbScalarBTree*, std::allocator<SimBridge::WdbScalarBTree*> > const&, ISIM::IGuiStatus*)+0xf0) [0x7effe844eee0]
/tools/Xilinx/Vivado/2020.2/lib/lnx64.o/librdi_wavedata.so(SimBridge::DataObjMgr::createDrawingBTree(std::vector<SimBridge::IDataObj const*, std::allocator<SimBridge::IDataObj const*> > const&, ISIM::IGuiStatus*, bool)+0x32a) [0x7efff542058a]
/tools/Xilinx/Vivado/2020.2/lib/lnx64.o/librdi_wavedata.so(+0x2df6b2) [0x7efff54df6b2]
/tools/Xilinx/Vivado/2020.2/lib/lnx64.o/librdi_wavedata.so(+0x2df95c) [0x7efff54df95c]
/tools/Xilinx/Vivado/2020.2/lib/lnx64.o/librdi_wavedata.so(SG_Model::SGBuilderImp::addDataObj(SG_Model::WVDataObject*, std::__cxx11::basic_string<char, std::char_traits<char>, std::allocator<char> > const&, int)+0x1b9) [0x7efff54a6219]
/tools/Xilinx/Vivado/2020.2/lib/lnx64.o/librdi_wavedata.so(SG_Model::SGBuilder::processStartElement(std::__cxx11::basic_string<char, std::char_traits<char>, std::allocator<char> > const&, xercesc_3_1::AttributeList*)+0x750) [0x7efff54a71d0]
/tools/Xilinx/Vivado/2020.2/lib/lnx64.o/librdi_wavedata.so(SG_Model::SAXHandlers::startElement(unsigned short const*, xercesc_3_1::AttributeList&)+0x131) [0x7efff54e2b51]
/tools/Xilinx/Vivado/2020.2/lib/lnx64.o/libxerces-c-3.1.so(xercesc_3_1::SAXParser::startElement(xercesc_3_1::XMLElementDecl const&, unsigned int, unsigned short const*, xercesc_3_1::RefVectorOf<xercesc_3_1::XMLAttr> const&, unsigned long, bool, bool)+0x146) [0x7f00382170f6]
/tools/Xilinx/Vivado/2020.2/lib/lnx64.o/libxerces-c-3.1.so(xercesc_3_1::IGXMLScanner::scanStartTag(bool&)+0x9f9) [0x7f00381b5149]
/tools/Xilinx/Vivado/2020.2/lib/lnx64.o/libxerces-c-3.1.so(xercesc_3_1::IGXMLScanner::scanContent()+0x1b5) [0x7f00381b9f95]
/tools/Xilinx/Vivado/2020.2/lib/lnx64.o/libxerces-c-3.1.so(xercesc_3_1::IGXMLScanner::scanDocument(xercesc_3_1::InputSource const&)+0xb0) [0x7f00381ba0b0]
/tools/Xilinx/Vivado/2020.2/lib/lnx64.o/libxerces-c-3.1.so(xercesc_3_1::XMLScanner::scanDocument(unsigned short const*)+0x136) [0x7f00381e7056]
/tools/Xilinx/Vivado/2020.2/lib/lnx64.o/libxerces-c-3.1.so(xercesc_3_1::XMLScanner::scanDocument(char const*)+0x32) [0x7f00381e7382]
/tools/Xilinx/Vivado/2020.2/lib/lnx64.o/libxerces-c-3.1.so(xercesc_3_1::SAXParser::parse(char const*)+0x38) [0x7f0038218358]
/tools/Xilinx/Vivado/2020.2/lib/lnx64.o/librdi_wavedata.so(SG_Model::SGReader::readConfigurationFile(char const*, SG_Model::IBuilder&, SG_Model::IReporter&)+0x96) [0x7efff54e6b36]
/tools/Xilinx/Vivado/2020.2/lib/lnx64.o/librdi_wavedata.so(SG_Model::Model::read(std::__cxx11::basic_string<char, std::char_traits<char>, std::allocator<char> > const&, SG_Model::IReporter&, ISIM::IGuiStatus*)+0xe3) [0x7efff54dbc63]
/tools/Xilinx/Vivado/2020.2/lib/lnx64.o/librdi_wavedata.so(WVDAppInterface::WVDWindowManager::openWcfg(std::__cxx11::basic_string<char, std::char_traits<char>, std::allocator<char> > const&, SG_Model::IDesignManager::ConnectMode, ISIM::IGuiStatus*)+0x143) [0x7efff53a3e03]
/tools/Xilinx/Vivado/2020.2/lib/lnx64.o/librdi_wavedatatasks.so(+0xa2ad3) [0x7eff97ea2ad3]
/tools/Xilinx/Vivado/2020.2/lib/lnx64.o/librdi_common.so(+0x9cfb1d) [0x7f00401cfb1d]
/tools/Xilinx/Vivado/2020.2/lib/lnx64.o/libtcl8.5.so(+0x3356f) [0x7f003863356f]
/tools/Xilinx/Vivado/2020.2/lib/lnx64.o/libtcl8.5.so(Tcl_EvalObjv+0x32) [0x7f00386336a2]
/tools/Xilinx/Vivado/2020.2/lib/lnx64.o/libtcl8.5.so(TclEvalObjEx+0x322) [0x7f00386354c2]
/tools/Xilinx/Vivado/2020.2/lib/lnx64.o/librdi_common.so(hdi::tcltasks::task_manager::eval_in_tcl(Tcl_Interp*, Tcl_Obj*, char const*, bool)+0xb59) [0x7f00401d1929]
/tools/Xilinx/Vivado/2020.2/lib/lnx64.o/librdi_simtcltasks.so(+0x13b056) [0x7eff9833b056]
/tools/Xilinx/Vivado/2020.2/lib/lnx64.o/librdi_common.so(+0x9cfb1d) [0x7f00401cfb1d]
/tools/Xilinx/Vivado/2020.2/lib/lnx64.o/libtcl8.5.so(+0x3356f) [0x7f003863356f]
/tools/Xilinx/Vivado/2020.2/lib/lnx64.o/libtcl8.5.so(+0x34bf8) [0x7f0038634bf8]
/tools/Xilinx/Vivado/2020.2/lib/lnx64.o/libtcl8.5.so(Tcl_EvalEx+0x13) [0x7f0038635163]
/tools/Xilinx/Vivado/2020.2/lib/lnx64.o/libtcl8.5.so(TclEvalObjEx+0x1e0) [0x7f0038635380]
/tools/Xilinx/Vivado/2020.2/lib/lnx64.o/libtcl8.5.so(+0x3b445) [0x7f003863b445]
/tools/Xilinx/Vivado/2020.2/lib/lnx64.o/libtcl8.5.so(+0x3356f) [0x7f003863356f]
/tools/Xilinx/Vivado/2020.2/lib/lnx64.o/libtcl8.5.so(+0x76945) [0x7f0038676945]
/tools/Xilinx/Vivado/2020.2/lib/lnx64.o/libtcl8.5.so(+0x7e0f9) [0x7f003867e0f9]
/tools/Xilinx/Vivado/2020.2/lib/lnx64.o/libtcl8.5.so(TclEvalObjEx+0x76) [0x7f0038635216]
/tools/Xilinx/Vivado/2020.2/lib/lnx64.o/librdi_commontasks.so(+0x1dba74) [0x7f0030ddba74]
/tools/Xilinx/Vivado/2020.2/lib/lnx64.o/libtcl8.5.so(+0x3356f) [0x7f003863356f]
/tools/Xilinx/Vivado/2020.2/lib/lnx64.o/libtcl8.5.so(+0x76945) [0x7f0038676945]
/tools/Xilinx/Vivado/2020.2/lib/lnx64.o/libtcl8.5.so(TclObjInterpProcCore+0x420) [0x7f00386b7ed0]
/tools/Xilinx/Vivado/2020.2/lib/lnx64.o/libtcl8.5.so(+0x3356f) [0x7f003863356f]
/tools/Xilinx/Vivado/2020.2/lib/lnx64.o/libtcl8.5.so(Tcl_EvalObjv+0x32) [0x7f00386336a2]
/tools/Xilinx/Vivado/2020.2/lib/lnx64.o/libtcl8.5.so(TclEvalObjEx+0x322) [0x7f00386354c2]
/tools/Xilinx/Vivado/2020.2/lib/lnx64.o/librdi_tcltasks.so(SimUtils::detail::execStep(Tcl_Interp*, std::__cxx11::basic_ostringstream<char, std::char_traits<char>, std::allocator<char> >&, std::__cxx11::basic_string<char, std::char_traits<char>, std::allocator<char> > const&, std::__cxx11::basic_string<char, std::char_traits<char>, std::allocator<char> > const&, std::__cxx11::basic_string<char, std::char_traits<char>, std::allocator<char> >&, bool&)+0x1ee) [0x7f002e9811fe]
/tools/Xilinx/Vivado/2020.2/lib/lnx64.o/librdi_tcltasks.so(SimUtils::detail::execSimStep(Tcl_Interp*, std::__cxx11::basic_ostringstream<char, std::char_traits<char>, std::allocator<char> >&, HAPUFSimulator*, HAPUFSimulator::TclProc, std::__cxx11::basic_string<char, std::char_traits<char>, std::allocator<char> > const&, bool, HADAFileSet*, std::__cxx11::basic_string<char, std::char_traits<char>, std::allocator<char> > const&, HAPUFSimulator::SimulationStep, bool, HDGUIStatus*)+0x75) [0x7f002e981435]
/tools/Xilinx/Vivado/2020.2/lib/lnx64.o/librdi_tcltasks.so(HTCSimUtils::executeStep(Tcl_Interp*, HADAFileSet*, HADAFileSet*, HAPUFSimulator*, HDGUIStatus*, std::__cxx11::basic_string<char, std::char_traits<char>, std::allocator<char> > const&, std::__cxx11::basic_string<char, std::char_traits<char>, std::allocator<char> > const&, std::__cxx11::basic_string<char, std::char_traits<char>, std::allocator<char> > const&, bool, bool, bool, std::__cxx11::basic_ostringstream<char, std::char_traits<char>, std::allocator<char> >&)+0x4b7) [0x7f002e981a97]
/tools/Xilinx/Vivado/2020.2/lib/lnx64.o/librdi_tcltasks.so(+0x1927eec) [0x7f002e927eec]
/tools/Xilinx/Vivado/2020.2/lib/lnx64.o/librdi_common.so(+0x9cfb1d) [0x7f00401cfb1d]
/tools/Xilinx/Vivado/2020.2/lib/lnx64.o/libtcl8.5.so(+0x3356f) [0x7f003863356f]
/tools/Xilinx/Vivado/2020.2/lib/lnx64.o/libtcl8.5.so(+0x76945) [0x7f0038676945]
/tools/Xilinx/Vivado/2020.2/lib/lnx64.o/libtcl8.5.so(+0x7e0f9) [0x7f003867e0f9]
/tools/Xilinx/Vivado/2020.2/lib/lnx64.o/libtcl8.5.so(TclEvalObjEx+0x76) [0x7f0038635216]
/tools/Xilinx/Vivado/2020.2/lib/lnx64.o/librdi_common.so(+0x9ce041) [0x7f00401ce041]
/tools/Xilinx/Vivado/2020.2/lib/lnx64.o/libtcl8.5.so(Tcl_ServiceEvent+0x7f) [0x7f00386a7bef]
/tools/Xilinx/Vivado/2020.2/lib/lnx64.o/libtcl8.5.so(Tcl_DoOneEvent+0x154) [0x7f00386a7f24]
/tools/Xilinx/Vivado/2020.2/lib/lnx64.o/librdi_commontasks.so(+0x23caa5) [0x7f0030e3caa5]
/tools/Xilinx/Vivado/2020.2/lib/lnx64.o/librdi_commontasks.so(+0x23fbb5) [0x7f0030e3fbb5]
/tools/Xilinx/Vivado/2020.2/lib/lnx64.o/librdi_commontasks.so(+0x240bde) [0x7f0030e40bde]
/tools/Xilinx/Vivado/2020.2/lib/lnx64.o/librdi_common.so(+0x9cfb1d) [0x7f00401cfb1d]
/tools/Xilinx/Vivado/2020.2/lib/lnx64.o/libtcl8.5.so(+0x3356f) [0x7f003863356f]
/tools/Xilinx/Vivado/2020.2/lib/lnx64.o/libtcl8.5.so(+0x76945) [0x7f0038676945]
/tools/Xilinx/Vivado/2020.2/lib/lnx64.o/libtcl8.5.so(+0x7e0f9) [0x7f003867e0f9]
/tools/Xilinx/Vivado/2020.2/lib/lnx64.o/libtcl8.5.so(TclEvalObjEx+0x76) [0x7f0038635216]
/tools/Xilinx/Vivado/2020.2/lib/lnx64.o/librdi_commonmain.so(+0xad53) [0x7f003f40ad53]
/tools/Xilinx/Vivado/2020.2/lib/lnx64.o/libtcl8.5.so(Tcl_Main+0x1d0) [0x7f00386a02f0]
/tools/Xilinx/Vivado/2020.2/lib/lnx64.o/librdi_common.so(+0xa1442b) [0x7f004021442b]
/lib/x86_64-linux-gnu/libc.so.6(+0x94ac3) [0x7f003e894ac3]
/lib/x86_64-linux-gnu/libc.so.6(+0x126660) [0x7f003e926660]
