Vivado Simulator 2020.2
Time resolution is 1 ps
Note: Mayo Sign (RTL) Begin
Time: 0 ps  Iteration: 0  Process: /Mayo_sign_no_zynq_tb/tb  File: /home/osm/Documents/Sect/SECT-MAYO/MAYO/vivado/hw-mayo/hw-mayo.srcs/sim_1/new/Mayo_sign_no_zynq_tb.vhd
Note: MAYO Signing core :
PK_ADR : 1158<->261092
SK_ADR: 0<->259816
MSG_ADR: 3190<->260992
SIG_ADR :2494<->260356
Time: 1005 ns  Iteration: 1  Process: /Mayo_sign_no_zynq_tb/Sign/Mayo_sign_i/MAYO_SIGNING_FSM_0/U0/SIGNING  File: /home/osm/Documents/Sect/SECT-MAYO/MAYO/vivado/hw-mayo/hw-mayo.srcs/sources_1/imports/MAYO/src/hdl/MAYO_Signing/MAYO_Signing_FSM.vhd
Note: EvaluteP_vin done
Time: 672315 ns  Iteration: 1  Process: /Mayo_sign_no_zynq_tb/Sign/Mayo_sign_i/MAYO_SIGNING_FSM_0/U0/SIGNING  File: /home/osm/Documents/Sect/SECT-MAYO/MAYO/vivado/hw-mayo/hw-mayo.srcs/sources_1/imports/MAYO/src/hdl/MAYO_Signing/MAYO_Signing_FSM.vhd
Note: Reduce_extension done
Time: 694115 ns  Iteration: 1  Process: /Mayo_sign_no_zynq_tb/Sign/Mayo_sign_i/mayo_reduce_extension_0/U0/output  File: /home/osm/Documents/Sect/SECT-MAYO/MAYO/vivado/hw-mayo/hw-mayo.srcs/sources_1/imports/MAYO/src/hdl/MAYO_Signing/MAYO_Reduce_Extension.vhd
Note: MAYO Add_vec core :
V1 Adr : 6900V2 Adr: 3300OUT Adr :3300
Time: 694145 ns  Iteration: 2  Process: /Mayo_sign_no_zynq_tb/Sign/Mayo_sign_i/add_vectors/mayo_add_vectors_0/U0/IO_Process  File: /home/osm/Documents/Sect/SECT-MAYO/MAYO/vivado/hw-mayo/hw-mayo.srcs/sources_1/imports/MAYO/src/hdl/MAYO_Keygen/MAYO_add_vectors.vhd
Note: MAYO Add_vec core :
V1 Adr : 6900V2 Adr: 3350OUT Adr :3350
Time: 694645 ns  Iteration: 2  Process: /Mayo_sign_no_zynq_tb/Sign/Mayo_sign_i/add_vectors/mayo_add_vectors_0/U0/IO_Process  File: /home/osm/Documents/Sect/SECT-MAYO/MAYO/vivado/hw-mayo/hw-mayo.srcs/sources_1/imports/MAYO/src/hdl/MAYO_Keygen/MAYO_add_vectors.vhd
Note: Reduce_extension done
Time: 716935 ns  Iteration: 1  Process: /Mayo_sign_no_zynq_tb/Sign/Mayo_sign_i/mayo_reduce_extension_0/U0/output  File: /home/osm/Documents/Sect/SECT-MAYO/MAYO/vivado/hw-mayo/hw-mayo.srcs/sources_1/imports/MAYO/src/hdl/MAYO_Signing/MAYO_Reduce_Extension.vhd
Note: MAYO Add_vec core :
V1 Adr : 6900V2 Adr: 3360OUT Adr :3360
Time: 716965 ns  Iteration: 2  Process: /Mayo_sign_no_zynq_tb/Sign/Mayo_sign_i/add_vectors/mayo_add_vectors_0/U0/IO_Process  File: /home/osm/Documents/Sect/SECT-MAYO/MAYO/vivado/hw-mayo/hw-mayo.srcs/sources_1/imports/MAYO/src/hdl/MAYO_Keygen/MAYO_add_vectors.vhd
Note: MAYO Add_vec core :
V1 Adr : 6900V2 Adr: 3410OUT Adr :3410
Time: 717465 ns  Iteration: 2  Process: /Mayo_sign_no_zynq_tb/Sign/Mayo_sign_i/add_vectors/mayo_add_vectors_0/U0/IO_Process  File: /home/osm/Documents/Sect/SECT-MAYO/MAYO/vivado/hw-mayo/hw-mayo.srcs/sources_1/imports/MAYO/src/hdl/MAYO_Keygen/MAYO_add_vectors.vhd
Note: Reduce_extension done
Time: 739755 ns  Iteration: 1  Process: /Mayo_sign_no_zynq_tb/Sign/Mayo_sign_i/mayo_reduce_extension_0/U0/output  File: /home/osm/Documents/Sect/SECT-MAYO/MAYO/vivado/hw-mayo/hw-mayo.srcs/sources_1/imports/MAYO/src/hdl/MAYO_Signing/MAYO_Reduce_Extension.vhd
Note: MAYO Add_vec core :
V1 Adr : 6900V2 Adr: 3420OUT Adr :3420
Time: 739785 ns  Iteration: 2  Process: /Mayo_sign_no_zynq_tb/Sign/Mayo_sign_i/add_vectors/mayo_add_vectors_0/U0/IO_Process  File: /home/osm/Documents/Sect/SECT-MAYO/MAYO/vivado/hw-mayo/hw-mayo.srcs/sources_1/imports/MAYO/src/hdl/MAYO_Keygen/MAYO_add_vectors.vhd
Note: MAYO Add_vec core :
V1 Adr : 6900V2 Adr: 3470OUT Adr :3470
Time: 740285 ns  Iteration: 2  Process: /Mayo_sign_no_zynq_tb/Sign/Mayo_sign_i/add_vectors/mayo_add_vectors_0/U0/IO_Process  File: /home/osm/Documents/Sect/SECT-MAYO/MAYO/vivado/hw-mayo/hw-mayo.srcs/sources_1/imports/MAYO/src/hdl/MAYO_Keygen/MAYO_add_vectors.vhd
Note: Reduce_extension done
Time: 762575 ns  Iteration: 1  Process: /Mayo_sign_no_zynq_tb/Sign/Mayo_sign_i/mayo_reduce_extension_0/U0/output  File: /home/osm/Documents/Sect/SECT-MAYO/MAYO/vivado/hw-mayo/hw-mayo.srcs/sources_1/imports/MAYO/src/hdl/MAYO_Signing/MAYO_Reduce_Extension.vhd
Note: MAYO Add_vec core :
V1 Adr : 6900V2 Adr: 3480OUT Adr :3480
Time: 762605 ns  Iteration: 2  Process: /Mayo_sign_no_zynq_tb/Sign/Mayo_sign_i/add_vectors/mayo_add_vectors_0/U0/IO_Process  File: /home/osm/Documents/Sect/SECT-MAYO/MAYO/vivado/hw-mayo/hw-mayo.srcs/sources_1/imports/MAYO/src/hdl/MAYO_Keygen/MAYO_add_vectors.vhd
Note: MAYO Add_vec core :
V1 Adr : 6900V2 Adr: 3530OUT Adr :3530
Time: 763105 ns  Iteration: 2  Process: /Mayo_sign_no_zynq_tb/Sign/Mayo_sign_i/add_vectors/mayo_add_vectors_0/U0/IO_Process  File: /home/osm/Documents/Sect/SECT-MAYO/MAYO/vivado/hw-mayo/hw-mayo.srcs/sources_1/imports/MAYO/src/hdl/MAYO_Keygen/MAYO_add_vectors.vhd
Note: Reduce_extension done
Time: 785395 ns  Iteration: 1  Process: /Mayo_sign_no_zynq_tb/Sign/Mayo_sign_i/mayo_reduce_extension_0/U0/output  File: /home/osm/Documents/Sect/SECT-MAYO/MAYO/vivado/hw-mayo/hw-mayo.srcs/sources_1/imports/MAYO/src/hdl/MAYO_Signing/MAYO_Reduce_Extension.vhd
Note: MAYO Add_vec core :
V1 Adr : 6900V2 Adr: 3540OUT Adr :3540
Time: 785425 ns  Iteration: 2  Process: /Mayo_sign_no_zynq_tb/Sign/Mayo_sign_i/add_vectors/mayo_add_vectors_0/U0/IO_Process  File: /home/osm/Documents/Sect/SECT-MAYO/MAYO/vivado/hw-mayo/hw-mayo.srcs/sources_1/imports/MAYO/src/hdl/MAYO_Keygen/MAYO_add_vectors.vhd
Note: MAYO Add_vec core :
V1 Adr : 6900V2 Adr: 3590OUT Adr :3590
Time: 785925 ns  Iteration: 2  Process: /Mayo_sign_no_zynq_tb/Sign/Mayo_sign_i/add_vectors/mayo_add_vectors_0/U0/IO_Process  File: /home/osm/Documents/Sect/SECT-MAYO/MAYO/vivado/hw-mayo/hw-mayo.srcs/sources_1/imports/MAYO/src/hdl/MAYO_Keygen/MAYO_add_vectors.vhd
Note: Reduce_extension done
Time: 808215 ns  Iteration: 1  Process: /Mayo_sign_no_zynq_tb/Sign/Mayo_sign_i/mayo_reduce_extension_0/U0/output  File: /home/osm/Documents/Sect/SECT-MAYO/MAYO/vivado/hw-mayo/hw-mayo.srcs/sources_1/imports/MAYO/src/hdl/MAYO_Signing/MAYO_Reduce_Extension.vhd
Note: MAYO Add_vec core :
V1 Adr : 6900V2 Adr: 3600OUT Adr :3600
Time: 808245 ns  Iteration: 2  Process: /Mayo_sign_no_zynq_tb/Sign/Mayo_sign_i/add_vectors/mayo_add_vectors_0/U0/IO_Process  File: /home/osm/Documents/Sect/SECT-MAYO/MAYO/vivado/hw-mayo/hw-mayo.srcs/sources_1/imports/MAYO/src/hdl/MAYO_Keygen/MAYO_add_vectors.vhd
Note: MAYO Add_vec core :
V1 Adr : 6900V2 Adr: 3650OUT Adr :3650
Time: 808745 ns  Iteration: 2  Process: /Mayo_sign_no_zynq_tb/Sign/Mayo_sign_i/add_vectors/mayo_add_vectors_0/U0/IO_Process  File: /home/osm/Documents/Sect/SECT-MAYO/MAYO/vivado/hw-mayo/hw-mayo.srcs/sources_1/imports/MAYO/src/hdl/MAYO_Keygen/MAYO_add_vectors.vhd
Note: EvaluteP_vin done
Time: 1294175 ns  Iteration: 1  Process: /Mayo_sign_no_zynq_tb/Sign/Mayo_sign_i/MAYO_SIGNING_FSM_0/U0/SIGNING  File: /home/osm/Documents/Sect/SECT-MAYO/MAYO/vivado/hw-mayo/hw-mayo.srcs/sources_1/imports/MAYO/src/hdl/MAYO_Signing/MAYO_Signing_FSM.vhd
Note: Reduce_extension done
Time: 1315975 ns  Iteration: 1  Process: /Mayo_sign_no_zynq_tb/Sign/Mayo_sign_i/mayo_reduce_extension_0/U0/output  File: /home/osm/Documents/Sect/SECT-MAYO/MAYO/vivado/hw-mayo/hw-mayo.srcs/sources_1/imports/MAYO/src/hdl/MAYO_Signing/MAYO_Reduce_Extension.vhd
Note: MAYO Add_vec core :
V1 Adr : 6900V2 Adr: 3300OUT Adr :3300
Time: 1316005 ns  Iteration: 2  Process: /Mayo_sign_no_zynq_tb/Sign/Mayo_sign_i/add_vectors/mayo_add_vectors_0/U0/IO_Process  File: /home/osm/Documents/Sect/SECT-MAYO/MAYO/vivado/hw-mayo/hw-mayo.srcs/sources_1/imports/MAYO/src/hdl/MAYO_Keygen/MAYO_add_vectors.vhd
Note: MAYO Add_vec core :
V1 Adr : 6900V2 Adr: 3660OUT Adr :3660
Time: 1316505 ns  Iteration: 2  Process: /Mayo_sign_no_zynq_tb/Sign/Mayo_sign_i/add_vectors/mayo_add_vectors_0/U0/IO_Process  File: /home/osm/Documents/Sect/SECT-MAYO/MAYO/vivado/hw-mayo/hw-mayo.srcs/sources_1/imports/MAYO/src/hdl/MAYO_Keygen/MAYO_add_vectors.vhd
Note: Reduce_extension done
Time: 1338795 ns  Iteration: 1  Process: /Mayo_sign_no_zynq_tb/Sign/Mayo_sign_i/mayo_reduce_extension_0/U0/output  File: /home/osm/Documents/Sect/SECT-MAYO/MAYO/vivado/hw-mayo/hw-mayo.srcs/sources_1/imports/MAYO/src/hdl/MAYO_Signing/MAYO_Reduce_Extension.vhd
Note: MAYO Add_vec core :
V1 Adr : 6900V2 Adr: 3360OUT Adr :3360
Time: 1338825 ns  Iteration: 2  Process: /Mayo_sign_no_zynq_tb/Sign/Mayo_sign_i/add_vectors/mayo_add_vectors_0/U0/IO_Process  File: /home/osm/Documents/Sect/SECT-MAYO/MAYO/vivado/hw-mayo/hw-mayo.srcs/sources_1/imports/MAYO/src/hdl/MAYO_Keygen/MAYO_add_vectors.vhd
Note: MAYO Add_vec core :
V1 Adr : 6900V2 Adr: 3720OUT Adr :3720
Time: 1339325 ns  Iteration: 2  Process: /Mayo_sign_no_zynq_tb/Sign/Mayo_sign_i/add_vectors/mayo_add_vectors_0/U0/IO_Process  File: /home/osm/Documents/Sect/SECT-MAYO/MAYO/vivado/hw-mayo/hw-mayo.srcs/sources_1/imports/MAYO/src/hdl/MAYO_Keygen/MAYO_add_vectors.vhd
Note: Reduce_extension done
Time: 1361615 ns  Iteration: 1  Process: /Mayo_sign_no_zynq_tb/Sign/Mayo_sign_i/mayo_reduce_extension_0/U0/output  File: /home/osm/Documents/Sect/SECT-MAYO/MAYO/vivado/hw-mayo/hw-mayo.srcs/sources_1/imports/MAYO/src/hdl/MAYO_Signing/MAYO_Reduce_Extension.vhd
Note: MAYO Add_vec core :
V1 Adr : 6900V2 Adr: 3420OUT Adr :3420
Time: 1361645 ns  Iteration: 2  Process: /Mayo_sign_no_zynq_tb/Sign/Mayo_sign_i/add_vectors/mayo_add_vectors_0/U0/IO_Process  File: /home/osm/Documents/Sect/SECT-MAYO/MAYO/vivado/hw-mayo/hw-mayo.srcs/sources_1/imports/MAYO/src/hdl/MAYO_Keygen/MAYO_add_vectors.vhd
Note: MAYO Add_vec core :
V1 Adr : 6900V2 Adr: 3780OUT Adr :3780
Time: 1362145 ns  Iteration: 2  Process: /Mayo_sign_no_zynq_tb/Sign/Mayo_sign_i/add_vectors/mayo_add_vectors_0/U0/IO_Process  File: /home/osm/Documents/Sect/SECT-MAYO/MAYO/vivado/hw-mayo/hw-mayo.srcs/sources_1/imports/MAYO/src/hdl/MAYO_Keygen/MAYO_add_vectors.vhd
Note: Reduce_extension done
Time: 1384435 ns  Iteration: 1  Process: /Mayo_sign_no_zynq_tb/Sign/Mayo_sign_i/mayo_reduce_extension_0/U0/output  File: /home/osm/Documents/Sect/SECT-MAYO/MAYO/vivado/hw-mayo/hw-mayo.srcs/sources_1/imports/MAYO/src/hdl/MAYO_Signing/MAYO_Reduce_Extension.vhd
Note: MAYO Add_vec core :
V1 Adr : 6900V2 Adr: 3480OUT Adr :3480
Time: 1384465 ns  Iteration: 2  Process: /Mayo_sign_no_zynq_tb/Sign/Mayo_sign_i/add_vectors/mayo_add_vectors_0/U0/IO_Process  File: /home/osm/Documents/Sect/SECT-MAYO/MAYO/vivado/hw-mayo/hw-mayo.srcs/sources_1/imports/MAYO/src/hdl/MAYO_Keygen/MAYO_add_vectors.vhd
Note: MAYO Add_vec core :
V1 Adr : 6900V2 Adr: 3840OUT Adr :3840
Time: 1384965 ns  Iteration: 2  Process: /Mayo_sign_no_zynq_tb/Sign/Mayo_sign_i/add_vectors/mayo_add_vectors_0/U0/IO_Process  File: /home/osm/Documents/Sect/SECT-MAYO/MAYO/vivado/hw-mayo/hw-mayo.srcs/sources_1/imports/MAYO/src/hdl/MAYO_Keygen/MAYO_add_vectors.vhd
Note: Reduce_extension done
Time: 1407255 ns  Iteration: 1  Process: /Mayo_sign_no_zynq_tb/Sign/Mayo_sign_i/mayo_reduce_extension_0/U0/output  File: /home/osm/Documents/Sect/SECT-MAYO/MAYO/vivado/hw-mayo/hw-mayo.srcs/sources_1/imports/MAYO/src/hdl/MAYO_Signing/MAYO_Reduce_Extension.vhd
Note: MAYO Add_vec core :
V1 Adr : 6900V2 Adr: 3540OUT Adr :3540
Time: 1407285 ns  Iteration: 2  Process: /Mayo_sign_no_zynq_tb/Sign/Mayo_sign_i/add_vectors/mayo_add_vectors_0/U0/IO_Process  File: /home/osm/Documents/Sect/SECT-MAYO/MAYO/vivado/hw-mayo/hw-mayo.srcs/sources_1/imports/MAYO/src/hdl/MAYO_Keygen/MAYO_add_vectors.vhd
Note: MAYO Add_vec core :
V1 Adr : 6900V2 Adr: 3900OUT Adr :3900
Time: 1407785 ns  Iteration: 2  Process: /Mayo_sign_no_zynq_tb/Sign/Mayo_sign_i/add_vectors/mayo_add_vectors_0/U0/IO_Process  File: /home/osm/Documents/Sect/SECT-MAYO/MAYO/vivado/hw-mayo/hw-mayo.srcs/sources_1/imports/MAYO/src/hdl/MAYO_Keygen/MAYO_add_vectors.vhd
Note: Reduce_extension done
Time: 1430075 ns  Iteration: 1  Process: /Mayo_sign_no_zynq_tb/Sign/Mayo_sign_i/mayo_reduce_extension_0/U0/output  File: /home/osm/Documents/Sect/SECT-MAYO/MAYO/vivado/hw-mayo/hw-mayo.srcs/sources_1/imports/MAYO/src/hdl/MAYO_Signing/MAYO_Reduce_Extension.vhd
Note: MAYO Add_vec core :
V1 Adr : 6900V2 Adr: 3600OUT Adr :3600
Time: 1430105 ns  Iteration: 2  Process: /Mayo_sign_no_zynq_tb/Sign/Mayo_sign_i/add_vectors/mayo_add_vectors_0/U0/IO_Process  File: /home/osm/Documents/Sect/SECT-MAYO/MAYO/vivado/hw-mayo/hw-mayo.srcs/sources_1/imports/MAYO/src/hdl/MAYO_Keygen/MAYO_add_vectors.vhd
Note: MAYO Add_vec core :
V1 Adr : 6900V2 Adr: 3960OUT Adr :3960
Time: 1430605 ns  Iteration: 2  Process: /Mayo_sign_no_zynq_tb/Sign/Mayo_sign_i/add_vectors/mayo_add_vectors_0/U0/IO_Process  File: /home/osm/Documents/Sect/SECT-MAYO/MAYO/vivado/hw-mayo/hw-mayo.srcs/sources_1/imports/MAYO/src/hdl/MAYO_Keygen/MAYO_add_vectors.vhd
Note: EvaluteP_vin done
Time: 1916035 ns  Iteration: 1  Process: /Mayo_sign_no_zynq_tb/Sign/Mayo_sign_i/MAYO_SIGNING_FSM_0/U0/SIGNING  File: /home/osm/Documents/Sect/SECT-MAYO/MAYO/vivado/hw-mayo/hw-mayo.srcs/sources_1/imports/MAYO/src/hdl/MAYO_Signing/MAYO_Signing_FSM.vhd
Note: Reduce_extension done
Time: 1937835 ns  Iteration: 1  Process: /Mayo_sign_no_zynq_tb/Sign/Mayo_sign_i/mayo_reduce_extension_0/U0/output  File: /home/osm/Documents/Sect/SECT-MAYO/MAYO/vivado/hw-mayo/hw-mayo.srcs/sources_1/imports/MAYO/src/hdl/MAYO_Signing/MAYO_Reduce_Extension.vhd
Note: MAYO Add_vec core :
V1 Adr : 6900V2 Adr: 3300OUT Adr :3300
Time: 1937865 ns  Iteration: 2  Process: /Mayo_sign_no_zynq_tb/Sign/Mayo_sign_i/add_vectors/mayo_add_vectors_0/U0/IO_Process  File: /home/osm/Documents/Sect/SECT-MAYO/MAYO/vivado/hw-mayo/hw-mayo.srcs/sources_1/imports/MAYO/src/hdl/MAYO_Keygen/MAYO_add_vectors.vhd
Note: MAYO Add_vec core :
V1 Adr : 6900V2 Adr: 4020OUT Adr :4020
Time: 1938365 ns  Iteration: 2  Process: /Mayo_sign_no_zynq_tb/Sign/Mayo_sign_i/add_vectors/mayo_add_vectors_0/U0/IO_Process  File: /home/osm/Documents/Sect/SECT-MAYO/MAYO/vivado/hw-mayo/hw-mayo.srcs/sources_1/imports/MAYO/src/hdl/MAYO_Keygen/MAYO_add_vectors.vhd
Note: Reduce_extension done
Time: 1960655 ns  Iteration: 1  Process: /Mayo_sign_no_zynq_tb/Sign/Mayo_sign_i/mayo_reduce_extension_0/U0/output  File: /home/osm/Documents/Sect/SECT-MAYO/MAYO/vivado/hw-mayo/hw-mayo.srcs/sources_1/imports/MAYO/src/hdl/MAYO_Signing/MAYO_Reduce_Extension.vhd
Note: MAYO Add_vec core :
V1 Adr : 6900V2 Adr: 3360OUT Adr :3360
Time: 1960685 ns  Iteration: 2  Process: /Mayo_sign_no_zynq_tb/Sign/Mayo_sign_i/add_vectors/mayo_add_vectors_0/U0/IO_Process  File: /home/osm/Documents/Sect/SECT-MAYO/MAYO/vivado/hw-mayo/hw-mayo.srcs/sources_1/imports/MAYO/src/hdl/MAYO_Keygen/MAYO_add_vectors.vhd
Note: MAYO Add_vec core :
V1 Adr : 6900V2 Adr: 4080OUT Adr :4080
Time: 1961185 ns  Iteration: 2  Process: /Mayo_sign_no_zynq_tb/Sign/Mayo_sign_i/add_vectors/mayo_add_vectors_0/U0/IO_Process  File: /home/osm/Documents/Sect/SECT-MAYO/MAYO/vivado/hw-mayo/hw-mayo.srcs/sources_1/imports/MAYO/src/hdl/MAYO_Keygen/MAYO_add_vectors.vhd
Note: Reduce_extension done
Time: 1983475 ns  Iteration: 1  Process: /Mayo_sign_no_zynq_tb/Sign/Mayo_sign_i/mayo_reduce_extension_0/U0/output  File: /home/osm/Documents/Sect/SECT-MAYO/MAYO/vivado/hw-mayo/hw-mayo.srcs/sources_1/imports/MAYO/src/hdl/MAYO_Signing/MAYO_Reduce_Extension.vhd
Note: MAYO Add_vec core :
V1 Adr : 6900V2 Adr: 3420OUT Adr :3420
Time: 1983505 ns  Iteration: 2  Process: /Mayo_sign_no_zynq_tb/Sign/Mayo_sign_i/add_vectors/mayo_add_vectors_0/U0/IO_Process  File: /home/osm/Documents/Sect/SECT-MAYO/MAYO/vivado/hw-mayo/hw-mayo.srcs/sources_1/imports/MAYO/src/hdl/MAYO_Keygen/MAYO_add_vectors.vhd
Note: MAYO Add_vec core :
V1 Adr : 6900V2 Adr: 4140OUT Adr :4140
Time: 1984005 ns  Iteration: 2  Process: /Mayo_sign_no_zynq_tb/Sign/Mayo_sign_i/add_vectors/mayo_add_vectors_0/U0/IO_Process  File: /home/osm/Documents/Sect/SECT-MAYO/MAYO/vivado/hw-mayo/hw-mayo.srcs/sources_1/imports/MAYO/src/hdl/MAYO_Keygen/MAYO_add_vectors.vhd
Note: Reduce_extension done
Time: 2006295 ns  Iteration: 1  Process: /Mayo_sign_no_zynq_tb/Sign/Mayo_sign_i/mayo_reduce_extension_0/U0/output  File: /home/osm/Documents/Sect/SECT-MAYO/MAYO/vivado/hw-mayo/hw-mayo.srcs/sources_1/imports/MAYO/src/hdl/MAYO_Signing/MAYO_Reduce_Extension.vhd
Note: MAYO Add_vec core :
V1 Adr : 6900V2 Adr: 3480OUT Adr :3480
Time: 2006325 ns  Iteration: 2  Process: /Mayo_sign_no_zynq_tb/Sign/Mayo_sign_i/add_vectors/mayo_add_vectors_0/U0/IO_Process  File: /home/osm/Documents/Sect/SECT-MAYO/MAYO/vivado/hw-mayo/hw-mayo.srcs/sources_1/imports/MAYO/src/hdl/MAYO_Keygen/MAYO_add_vectors.vhd
Note: MAYO Add_vec core :
V1 Adr : 6900V2 Adr: 4200OUT Adr :4200
Time: 2006825 ns  Iteration: 2  Process: /Mayo_sign_no_zynq_tb/Sign/Mayo_sign_i/add_vectors/mayo_add_vectors_0/U0/IO_Process  File: /home/osm/Documents/Sect/SECT-MAYO/MAYO/vivado/hw-mayo/hw-mayo.srcs/sources_1/imports/MAYO/src/hdl/MAYO_Keygen/MAYO_add_vectors.vhd
Note: Reduce_extension done
Time: 2029115 ns  Iteration: 1  Process: /Mayo_sign_no_zynq_tb/Sign/Mayo_sign_i/mayo_reduce_extension_0/U0/output  File: /home/osm/Documents/Sect/SECT-MAYO/MAYO/vivado/hw-mayo/hw-mayo.srcs/sources_1/imports/MAYO/src/hdl/MAYO_Signing/MAYO_Reduce_Extension.vhd
Note: MAYO Add_vec core :
V1 Adr : 6900V2 Adr: 3540OUT Adr :3540
Time: 2029145 ns  Iteration: 2  Process: /Mayo_sign_no_zynq_tb/Sign/Mayo_sign_i/add_vectors/mayo_add_vectors_0/U0/IO_Process  File: /home/osm/Documents/Sect/SECT-MAYO/MAYO/vivado/hw-mayo/hw-mayo.srcs/sources_1/imports/MAYO/src/hdl/MAYO_Keygen/MAYO_add_vectors.vhd
Note: MAYO Add_vec core :
V1 Adr : 6900V2 Adr: 4260OUT Adr :4260
Time: 2029645 ns  Iteration: 2  Process: /Mayo_sign_no_zynq_tb/Sign/Mayo_sign_i/add_vectors/mayo_add_vectors_0/U0/IO_Process  File: /home/osm/Documents/Sect/SECT-MAYO/MAYO/vivado/hw-mayo/hw-mayo.srcs/sources_1/imports/MAYO/src/hdl/MAYO_Keygen/MAYO_add_vectors.vhd
Note: Reduce_extension done
Time: 2051935 ns  Iteration: 1  Process: /Mayo_sign_no_zynq_tb/Sign/Mayo_sign_i/mayo_reduce_extension_0/U0/output  File: /home/osm/Documents/Sect/SECT-MAYO/MAYO/vivado/hw-mayo/hw-mayo.srcs/sources_1/imports/MAYO/src/hdl/MAYO_Signing/MAYO_Reduce_Extension.vhd
Note: MAYO Add_vec core :
V1 Adr : 6900V2 Adr: 3600OUT Adr :3600
Time: 2051965 ns  Iteration: 2  Process: /Mayo_sign_no_zynq_tb/Sign/Mayo_sign_i/add_vectors/mayo_add_vectors_0/U0/IO_Process  File: /home/osm/Documents/Sect/SECT-MAYO/MAYO/vivado/hw-mayo/hw-mayo.srcs/sources_1/imports/MAYO/src/hdl/MAYO_Keygen/MAYO_add_vectors.vhd
Note: MAYO Add_vec core :
V1 Adr : 6900V2 Adr: 4320OUT Adr :4320
Time: 2052465 ns  Iteration: 2  Process: /Mayo_sign_no_zynq_tb/Sign/Mayo_sign_i/add_vectors/mayo_add_vectors_0/U0/IO_Process  File: /home/osm/Documents/Sect/SECT-MAYO/MAYO/vivado/hw-mayo/hw-mayo.srcs/sources_1/imports/MAYO/src/hdl/MAYO_Keygen/MAYO_add_vectors.vhd
Note: EvaluteP_vin done
Time: 2537895 ns  Iteration: 1  Process: /Mayo_sign_no_zynq_tb/Sign/Mayo_sign_i/MAYO_SIGNING_FSM_0/U0/SIGNING  File: /home/osm/Documents/Sect/SECT-MAYO/MAYO/vivado/hw-mayo/hw-mayo.srcs/sources_1/imports/MAYO/src/hdl/MAYO_Signing/MAYO_Signing_FSM.vhd
Note: Reduce_extension done
Time: 2559695 ns  Iteration: 1  Process: /Mayo_sign_no_zynq_tb/Sign/Mayo_sign_i/mayo_reduce_extension_0/U0/output  File: /home/osm/Documents/Sect/SECT-MAYO/MAYO/vivado/hw-mayo/hw-mayo.srcs/sources_1/imports/MAYO/src/hdl/MAYO_Signing/MAYO_Reduce_Extension.vhd
Note: MAYO Add_vec core :
V1 Adr : 6900V2 Adr: 3300OUT Adr :3300
Time: 2559725 ns  Iteration: 2  Process: /Mayo_sign_no_zynq_tb/Sign/Mayo_sign_i/add_vectors/mayo_add_vectors_0/U0/IO_Process  File: /home/osm/Documents/Sect/SECT-MAYO/MAYO/vivado/hw-mayo/hw-mayo.srcs/sources_1/imports/MAYO/src/hdl/MAYO_Keygen/MAYO_add_vectors.vhd
Note: MAYO Add_vec core :
V1 Adr : 6900V2 Adr: 4380OUT Adr :4380
Time: 2560225 ns  Iteration: 2  Process: /Mayo_sign_no_zynq_tb/Sign/Mayo_sign_i/add_vectors/mayo_add_vectors_0/U0/IO_Process  File: /home/osm/Documents/Sect/SECT-MAYO/MAYO/vivado/hw-mayo/hw-mayo.srcs/sources_1/imports/MAYO/src/hdl/MAYO_Keygen/MAYO_add_vectors.vhd
Note: Reduce_extension done
Time: 2582515 ns  Iteration: 1  Process: /Mayo_sign_no_zynq_tb/Sign/Mayo_sign_i/mayo_reduce_extension_0/U0/output  File: /home/osm/Documents/Sect/SECT-MAYO/MAYO/vivado/hw-mayo/hw-mayo.srcs/sources_1/imports/MAYO/src/hdl/MAYO_Signing/MAYO_Reduce_Extension.vhd
Note: MAYO Add_vec core :
V1 Adr : 6900V2 Adr: 3360OUT Adr :3360
Time: 2582545 ns  Iteration: 2  Process: /Mayo_sign_no_zynq_tb/Sign/Mayo_sign_i/add_vectors/mayo_add_vectors_0/U0/IO_Process  File: /home/osm/Documents/Sect/SECT-MAYO/MAYO/vivado/hw-mayo/hw-mayo.srcs/sources_1/imports/MAYO/src/hdl/MAYO_Keygen/MAYO_add_vectors.vhd
Note: MAYO Add_vec core :
V1 Adr : 6900V2 Adr: 4440OUT Adr :4440
Time: 2583045 ns  Iteration: 2  Process: /Mayo_sign_no_zynq_tb/Sign/Mayo_sign_i/add_vectors/mayo_add_vectors_0/U0/IO_Process  File: /home/osm/Documents/Sect/SECT-MAYO/MAYO/vivado/hw-mayo/hw-mayo.srcs/sources_1/imports/MAYO/src/hdl/MAYO_Keygen/MAYO_add_vectors.vhd
Note: Reduce_extension done
Time: 2605335 ns  Iteration: 1  Process: /Mayo_sign_no_zynq_tb/Sign/Mayo_sign_i/mayo_reduce_extension_0/U0/output  File: /home/osm/Documents/Sect/SECT-MAYO/MAYO/vivado/hw-mayo/hw-mayo.srcs/sources_1/imports/MAYO/src/hdl/MAYO_Signing/MAYO_Reduce_Extension.vhd
Note: MAYO Add_vec core :
V1 Adr : 6900V2 Adr: 3420OUT Adr :3420
Time: 2605365 ns  Iteration: 2  Process: /Mayo_sign_no_zynq_tb/Sign/Mayo_sign_i/add_vectors/mayo_add_vectors_0/U0/IO_Process  File: /home/osm/Documents/Sect/SECT-MAYO/MAYO/vivado/hw-mayo/hw-mayo.srcs/sources_1/imports/MAYO/src/hdl/MAYO_Keygen/MAYO_add_vectors.vhd
Note: MAYO Add_vec core :
V1 Adr : 6900V2 Adr: 4500OUT Adr :4500
Time: 2605865 ns  Iteration: 2  Process: /Mayo_sign_no_zynq_tb/Sign/Mayo_sign_i/add_vectors/mayo_add_vectors_0/U0/IO_Process  File: /home/osm/Documents/Sect/SECT-MAYO/MAYO/vivado/hw-mayo/hw-mayo.srcs/sources_1/imports/MAYO/src/hdl/MAYO_Keygen/MAYO_add_vectors.vhd
Note: Reduce_extension done
Time: 2628155 ns  Iteration: 1  Process: /Mayo_sign_no_zynq_tb/Sign/Mayo_sign_i/mayo_reduce_extension_0/U0/output  File: /home/osm/Documents/Sect/SECT-MAYO/MAYO/vivado/hw-mayo/hw-mayo.srcs/sources_1/imports/MAYO/src/hdl/MAYO_Signing/MAYO_Reduce_Extension.vhd
Note: MAYO Add_vec core :
V1 Adr : 6900V2 Adr: 3480OUT Adr :3480
Time: 2628185 ns  Iteration: 2  Process: /Mayo_sign_no_zynq_tb/Sign/Mayo_sign_i/add_vectors/mayo_add_vectors_0/U0/IO_Process  File: /home/osm/Documents/Sect/SECT-MAYO/MAYO/vivado/hw-mayo/hw-mayo.srcs/sources_1/imports/MAYO/src/hdl/MAYO_Keygen/MAYO_add_vectors.vhd
Note: MAYO Add_vec core :
V1 Adr : 6900V2 Adr: 4560OUT Adr :4560
Time: 2628685 ns  Iteration: 2  Process: /Mayo_sign_no_zynq_tb/Sign/Mayo_sign_i/add_vectors/mayo_add_vectors_0/U0/IO_Process  File: /home/osm/Documents/Sect/SECT-MAYO/MAYO/vivado/hw-mayo/hw-mayo.srcs/sources_1/imports/MAYO/src/hdl/MAYO_Keygen/MAYO_add_vectors.vhd
Note: Reduce_extension done
Time: 2650975 ns  Iteration: 1  Process: /Mayo_sign_no_zynq_tb/Sign/Mayo_sign_i/mayo_reduce_extension_0/U0/output  File: /home/osm/Documents/Sect/SECT-MAYO/MAYO/vivado/hw-mayo/hw-mayo.srcs/sources_1/imports/MAYO/src/hdl/MAYO_Signing/MAYO_Reduce_Extension.vhd
Note: MAYO Add_vec core :
V1 Adr : 6900V2 Adr: 3540OUT Adr :3540
Time: 2651005 ns  Iteration: 2  Process: /Mayo_sign_no_zynq_tb/Sign/Mayo_sign_i/add_vectors/mayo_add_vectors_0/U0/IO_Process  File: /home/osm/Documents/Sect/SECT-MAYO/MAYO/vivado/hw-mayo/hw-mayo.srcs/sources_1/imports/MAYO/src/hdl/MAYO_Keygen/MAYO_add_vectors.vhd
Note: MAYO Add_vec core :
V1 Adr : 6900V2 Adr: 4620OUT Adr :4620
Time: 2651505 ns  Iteration: 2  Process: /Mayo_sign_no_zynq_tb/Sign/Mayo_sign_i/add_vectors/mayo_add_vectors_0/U0/IO_Process  File: /home/osm/Documents/Sect/SECT-MAYO/MAYO/vivado/hw-mayo/hw-mayo.srcs/sources_1/imports/MAYO/src/hdl/MAYO_Keygen/MAYO_add_vectors.vhd
Note: Reduce_extension done
Time: 2673795 ns  Iteration: 1  Process: /Mayo_sign_no_zynq_tb/Sign/Mayo_sign_i/mayo_reduce_extension_0/U0/output  File: /home/osm/Documents/Sect/SECT-MAYO/MAYO/vivado/hw-mayo/hw-mayo.srcs/sources_1/imports/MAYO/src/hdl/MAYO_Signing/MAYO_Reduce_Extension.vhd
Note: MAYO Add_vec core :
V1 Adr : 6900V2 Adr: 3600OUT Adr :3600
Time: 2673825 ns  Iteration: 2  Process: /Mayo_sign_no_zynq_tb/Sign/Mayo_sign_i/add_vectors/mayo_add_vectors_0/U0/IO_Process  File: /home/osm/Documents/Sect/SECT-MAYO/MAYO/vivado/hw-mayo/hw-mayo.srcs/sources_1/imports/MAYO/src/hdl/MAYO_Keygen/MAYO_add_vectors.vhd
Note: MAYO Add_vec core :
V1 Adr : 6900V2 Adr: 4680OUT Adr :4680
Time: 2674325 ns  Iteration: 2  Process: /Mayo_sign_no_zynq_tb/Sign/Mayo_sign_i/add_vectors/mayo_add_vectors_0/U0/IO_Process  File: /home/osm/Documents/Sect/SECT-MAYO/MAYO/vivado/hw-mayo/hw-mayo.srcs/sources_1/imports/MAYO/src/hdl/MAYO_Keygen/MAYO_add_vectors.vhd
Note: EvaluteP_vin done
Time: 3159755 ns  Iteration: 1  Process: /Mayo_sign_no_zynq_tb/Sign/Mayo_sign_i/MAYO_SIGNING_FSM_0/U0/SIGNING  File: /home/osm/Documents/Sect/SECT-MAYO/MAYO/vivado/hw-mayo/hw-mayo.srcs/sources_1/imports/MAYO/src/hdl/MAYO_Signing/MAYO_Signing_FSM.vhd
Note: Reduce_extension done
Time: 3181555 ns  Iteration: 1  Process: /Mayo_sign_no_zynq_tb/Sign/Mayo_sign_i/mayo_reduce_extension_0/U0/output  File: /home/osm/Documents/Sect/SECT-MAYO/MAYO/vivado/hw-mayo/hw-mayo.srcs/sources_1/imports/MAYO/src/hdl/MAYO_Signing/MAYO_Reduce_Extension.vhd
Note: MAYO Add_vec core :
V1 Adr : 6900V2 Adr: 3300OUT Adr :3300
Time: 3181585 ns  Iteration: 2  Process: /Mayo_sign_no_zynq_tb/Sign/Mayo_sign_i/add_vectors/mayo_add_vectors_0/U0/IO_Process  File: /home/osm/Documents/Sect/SECT-MAYO/MAYO/vivado/hw-mayo/hw-mayo.srcs/sources_1/imports/MAYO/src/hdl/MAYO_Keygen/MAYO_add_vectors.vhd
Note: MAYO Add_vec core :
V1 Adr : 6900V2 Adr: 4740OUT Adr :4740
Time: 3182085 ns  Iteration: 2  Process: /Mayo_sign_no_zynq_tb/Sign/Mayo_sign_i/add_vectors/mayo_add_vectors_0/U0/IO_Process  File: /home/osm/Documents/Sect/SECT-MAYO/MAYO/vivado/hw-mayo/hw-mayo.srcs/sources_1/imports/MAYO/src/hdl/MAYO_Keygen/MAYO_add_vectors.vhd
Note: Reduce_extension done
Time: 3204375 ns  Iteration: 1  Process: /Mayo_sign_no_zynq_tb/Sign/Mayo_sign_i/mayo_reduce_extension_0/U0/output  File: /home/osm/Documents/Sect/SECT-MAYO/MAYO/vivado/hw-mayo/hw-mayo.srcs/sources_1/imports/MAYO/src/hdl/MAYO_Signing/MAYO_Reduce_Extension.vhd
Note: MAYO Add_vec core :
V1 Adr : 6900V2 Adr: 3360OUT Adr :3360
Time: 3204405 ns  Iteration: 2  Process: /Mayo_sign_no_zynq_tb/Sign/Mayo_sign_i/add_vectors/mayo_add_vectors_0/U0/IO_Process  File: /home/osm/Documents/Sect/SECT-MAYO/MAYO/vivado/hw-mayo/hw-mayo.srcs/sources_1/imports/MAYO/src/hdl/MAYO_Keygen/MAYO_add_vectors.vhd
Note: MAYO Add_vec core :
V1 Adr : 6900V2 Adr: 4800OUT Adr :4800
Time: 3204905 ns  Iteration: 2  Process: /Mayo_sign_no_zynq_tb/Sign/Mayo_sign_i/add_vectors/mayo_add_vectors_0/U0/IO_Process  File: /home/osm/Documents/Sect/SECT-MAYO/MAYO/vivado/hw-mayo/hw-mayo.srcs/sources_1/imports/MAYO/src/hdl/MAYO_Keygen/MAYO_add_vectors.vhd
Note: Reduce_extension done
Time: 3227195 ns  Iteration: 1  Process: /Mayo_sign_no_zynq_tb/Sign/Mayo_sign_i/mayo_reduce_extension_0/U0/output  File: /home/osm/Documents/Sect/SECT-MAYO/MAYO/vivado/hw-mayo/hw-mayo.srcs/sources_1/imports/MAYO/src/hdl/MAYO_Signing/MAYO_Reduce_Extension.vhd
Note: MAYO Add_vec core :
V1 Adr : 6900V2 Adr: 3420OUT Adr :3420
Time: 3227225 ns  Iteration: 2  Process: /Mayo_sign_no_zynq_tb/Sign/Mayo_sign_i/add_vectors/mayo_add_vectors_0/U0/IO_Process  File: /home/osm/Documents/Sect/SECT-MAYO/MAYO/vivado/hw-mayo/hw-mayo.srcs/sources_1/imports/MAYO/src/hdl/MAYO_Keygen/MAYO_add_vectors.vhd
Note: MAYO Add_vec core :
V1 Adr : 6900V2 Adr: 4860OUT Adr :4860
Time: 3227725 ns  Iteration: 2  Process: /Mayo_sign_no_zynq_tb/Sign/Mayo_sign_i/add_vectors/mayo_add_vectors_0/U0/IO_Process  File: /home/osm/Documents/Sect/SECT-MAYO/MAYO/vivado/hw-mayo/hw-mayo.srcs/sources_1/imports/MAYO/src/hdl/MAYO_Keygen/MAYO_add_vectors.vhd
Note: Reduce_extension done
Time: 3250015 ns  Iteration: 1  Process: /Mayo_sign_no_zynq_tb/Sign/Mayo_sign_i/mayo_reduce_extension_0/U0/output  File: /home/osm/Documents/Sect/SECT-MAYO/MAYO/vivado/hw-mayo/hw-mayo.srcs/sources_1/imports/MAYO/src/hdl/MAYO_Signing/MAYO_Reduce_Extension.vhd
Note: MAYO Add_vec core :
V1 Adr : 6900V2 Adr: 3480OUT Adr :3480
Time: 3250045 ns  Iteration: 2  Process: /Mayo_sign_no_zynq_tb/Sign/Mayo_sign_i/add_vectors/mayo_add_vectors_0/U0/IO_Process  File: /home/osm/Documents/Sect/SECT-MAYO/MAYO/vivado/hw-mayo/hw-mayo.srcs/sources_1/imports/MAYO/src/hdl/MAYO_Keygen/MAYO_add_vectors.vhd
Note: MAYO Add_vec core :
V1 Adr : 6900V2 Adr: 4920OUT Adr :4920
Time: 3250545 ns  Iteration: 2  Process: /Mayo_sign_no_zynq_tb/Sign/Mayo_sign_i/add_vectors/mayo_add_vectors_0/U0/IO_Process  File: /home/osm/Documents/Sect/SECT-MAYO/MAYO/vivado/hw-mayo/hw-mayo.srcs/sources_1/imports/MAYO/src/hdl/MAYO_Keygen/MAYO_add_vectors.vhd
Note: Reduce_extension done
Time: 3272835 ns  Iteration: 1  Process: /Mayo_sign_no_zynq_tb/Sign/Mayo_sign_i/mayo_reduce_extension_0/U0/output  File: /home/osm/Documents/Sect/SECT-MAYO/MAYO/vivado/hw-mayo/hw-mayo.srcs/sources_1/imports/MAYO/src/hdl/MAYO_Signing/MAYO_Reduce_Extension.vhd
Note: MAYO Add_vec core :
V1 Adr : 6900V2 Adr: 3540OUT Adr :3540
Time: 3272865 ns  Iteration: 2  Process: /Mayo_sign_no_zynq_tb/Sign/Mayo_sign_i/add_vectors/mayo_add_vectors_0/U0/IO_Process  File: /home/osm/Documents/Sect/SECT-MAYO/MAYO/vivado/hw-mayo/hw-mayo.srcs/sources_1/imports/MAYO/src/hdl/MAYO_Keygen/MAYO_add_vectors.vhd
Note: MAYO Add_vec core :
V1 Adr : 6900V2 Adr: 4980OUT Adr :4980
Time: 3273365 ns  Iteration: 2  Process: /Mayo_sign_no_zynq_tb/Sign/Mayo_sign_i/add_vectors/mayo_add_vectors_0/U0/IO_Process  File: /home/osm/Documents/Sect/SECT-MAYO/MAYO/vivado/hw-mayo/hw-mayo.srcs/sources_1/imports/MAYO/src/hdl/MAYO_Keygen/MAYO_add_vectors.vhd
Note: Reduce_extension done
Time: 3295655 ns  Iteration: 1  Process: /Mayo_sign_no_zynq_tb/Sign/Mayo_sign_i/mayo_reduce_extension_0/U0/output  File: /home/osm/Documents/Sect/SECT-MAYO/MAYO/vivado/hw-mayo/hw-mayo.srcs/sources_1/imports/MAYO/src/hdl/MAYO_Signing/MAYO_Reduce_Extension.vhd
Note: MAYO Add_vec core :
V1 Adr : 6900V2 Adr: 3600OUT Adr :3600
Time: 3295685 ns  Iteration: 2  Process: /Mayo_sign_no_zynq_tb/Sign/Mayo_sign_i/add_vectors/mayo_add_vectors_0/U0/IO_Process  File: /home/osm/Documents/Sect/SECT-MAYO/MAYO/vivado/hw-mayo/hw-mayo.srcs/sources_1/imports/MAYO/src/hdl/MAYO_Keygen/MAYO_add_vectors.vhd
Note: MAYO Add_vec core :
V1 Adr : 6900V2 Adr: 5040OUT Adr :5040
Time: 3296185 ns  Iteration: 2  Process: /Mayo_sign_no_zynq_tb/Sign/Mayo_sign_i/add_vectors/mayo_add_vectors_0/U0/IO_Process  File: /home/osm/Documents/Sect/SECT-MAYO/MAYO/vivado/hw-mayo/hw-mayo.srcs/sources_1/imports/MAYO/src/hdl/MAYO_Keygen/MAYO_add_vectors.vhd
Note: EvaluteP_vin done
Time: 3781615 ns  Iteration: 1  Process: /Mayo_sign_no_zynq_tb/Sign/Mayo_sign_i/MAYO_SIGNING_FSM_0/U0/SIGNING  File: /home/osm/Documents/Sect/SECT-MAYO/MAYO/vivado/hw-mayo/hw-mayo.srcs/sources_1/imports/MAYO/src/hdl/MAYO_Signing/MAYO_Signing_FSM.vhd
Note: Reduce_extension done
Time: 3803415 ns  Iteration: 1  Process: /Mayo_sign_no_zynq_tb/Sign/Mayo_sign_i/mayo_reduce_extension_0/U0/output  File: /home/osm/Documents/Sect/SECT-MAYO/MAYO/vivado/hw-mayo/hw-mayo.srcs/sources_1/imports/MAYO/src/hdl/MAYO_Signing/MAYO_Reduce_Extension.vhd
Note: MAYO Add_vec core :
V1 Adr : 6900V2 Adr: 3300OUT Adr :3300
Time: 3803445 ns  Iteration: 2  Process: /Mayo_sign_no_zynq_tb/Sign/Mayo_sign_i/add_vectors/mayo_add_vectors_0/U0/IO_Process  File: /home/osm/Documents/Sect/SECT-MAYO/MAYO/vivado/hw-mayo/hw-mayo.srcs/sources_1/imports/MAYO/src/hdl/MAYO_Keygen/MAYO_add_vectors.vhd
Note: MAYO Add_vec core :
V1 Adr : 6900V2 Adr: 5100OUT Adr :5100
Time: 3803945 ns  Iteration: 2  Process: /Mayo_sign_no_zynq_tb/Sign/Mayo_sign_i/add_vectors/mayo_add_vectors_0/U0/IO_Process  File: /home/osm/Documents/Sect/SECT-MAYO/MAYO/vivado/hw-mayo/hw-mayo.srcs/sources_1/imports/MAYO/src/hdl/MAYO_Keygen/MAYO_add_vectors.vhd
Note: Reduce_extension done
Time: 3826235 ns  Iteration: 1  Process: /Mayo_sign_no_zynq_tb/Sign/Mayo_sign_i/mayo_reduce_extension_0/U0/output  File: /home/osm/Documents/Sect/SECT-MAYO/MAYO/vivado/hw-mayo/hw-mayo.srcs/sources_1/imports/MAYO/src/hdl/MAYO_Signing/MAYO_Reduce_Extension.vhd
Note: MAYO Add_vec core :
V1 Adr : 6900V2 Adr: 3360OUT Adr :3360
Time: 3826265 ns  Iteration: 2  Process: /Mayo_sign_no_zynq_tb/Sign/Mayo_sign_i/add_vectors/mayo_add_vectors_0/U0/IO_Process  File: /home/osm/Documents/Sect/SECT-MAYO/MAYO/vivado/hw-mayo/hw-mayo.srcs/sources_1/imports/MAYO/src/hdl/MAYO_Keygen/MAYO_add_vectors.vhd
Note: MAYO Add_vec core :
V1 Adr : 6900V2 Adr: 5160OUT Adr :5160
Time: 3826765 ns  Iteration: 2  Process: /Mayo_sign_no_zynq_tb/Sign/Mayo_sign_i/add_vectors/mayo_add_vectors_0/U0/IO_Process  File: /home/osm/Documents/Sect/SECT-MAYO/MAYO/vivado/hw-mayo/hw-mayo.srcs/sources_1/imports/MAYO/src/hdl/MAYO_Keygen/MAYO_add_vectors.vhd
Note: Reduce_extension done
Time: 3849055 ns  Iteration: 1  Process: /Mayo_sign_no_zynq_tb/Sign/Mayo_sign_i/mayo_reduce_extension_0/U0/output  File: /home/osm/Documents/Sect/SECT-MAYO/MAYO/vivado/hw-mayo/hw-mayo.srcs/sources_1/imports/MAYO/src/hdl/MAYO_Signing/MAYO_Reduce_Extension.vhd
Note: MAYO Add_vec core :
V1 Adr : 6900V2 Adr: 3420OUT Adr :3420
Time: 3849085 ns  Iteration: 2  Process: /Mayo_sign_no_zynq_tb/Sign/Mayo_sign_i/add_vectors/mayo_add_vectors_0/U0/IO_Process  File: /home/osm/Documents/Sect/SECT-MAYO/MAYO/vivado/hw-mayo/hw-mayo.srcs/sources_1/imports/MAYO/src/hdl/MAYO_Keygen/MAYO_add_vectors.vhd
Note: MAYO Add_vec core :
V1 Adr : 6900V2 Adr: 5220OUT Adr :5220
Time: 3849585 ns  Iteration: 2  Process: /Mayo_sign_no_zynq_tb/Sign/Mayo_sign_i/add_vectors/mayo_add_vectors_0/U0/IO_Process  File: /home/osm/Documents/Sect/SECT-MAYO/MAYO/vivado/hw-mayo/hw-mayo.srcs/sources_1/imports/MAYO/src/hdl/MAYO_Keygen/MAYO_add_vectors.vhd
Note: Reduce_extension done
Time: 3871875 ns  Iteration: 1  Process: /Mayo_sign_no_zynq_tb/Sign/Mayo_sign_i/mayo_reduce_extension_0/U0/output  File: /home/osm/Documents/Sect/SECT-MAYO/MAYO/vivado/hw-mayo/hw-mayo.srcs/sources_1/imports/MAYO/src/hdl/MAYO_Signing/MAYO_Reduce_Extension.vhd
Note: MAYO Add_vec core :
V1 Adr : 6900V2 Adr: 3480OUT Adr :3480
Time: 3871905 ns  Iteration: 2  Process: /Mayo_sign_no_zynq_tb/Sign/Mayo_sign_i/add_vectors/mayo_add_vectors_0/U0/IO_Process  File: /home/osm/Documents/Sect/SECT-MAYO/MAYO/vivado/hw-mayo/hw-mayo.srcs/sources_1/imports/MAYO/src/hdl/MAYO_Keygen/MAYO_add_vectors.vhd
Note: MAYO Add_vec core :
V1 Adr : 6900V2 Adr: 5280OUT Adr :5280
Time: 3872405 ns  Iteration: 2  Process: /Mayo_sign_no_zynq_tb/Sign/Mayo_sign_i/add_vectors/mayo_add_vectors_0/U0/IO_Process  File: /home/osm/Documents/Sect/SECT-MAYO/MAYO/vivado/hw-mayo/hw-mayo.srcs/sources_1/imports/MAYO/src/hdl/MAYO_Keygen/MAYO_add_vectors.vhd
Note: Reduce_extension done
Time: 3894695 ns  Iteration: 1  Process: /Mayo_sign_no_zynq_tb/Sign/Mayo_sign_i/mayo_reduce_extension_0/U0/output  File: /home/osm/Documents/Sect/SECT-MAYO/MAYO/vivado/hw-mayo/hw-mayo.srcs/sources_1/imports/MAYO/src/hdl/MAYO_Signing/MAYO_Reduce_Extension.vhd
Note: MAYO Add_vec core :
V1 Adr : 6900V2 Adr: 3540OUT Adr :3540
Time: 3894725 ns  Iteration: 2  Process: /Mayo_sign_no_zynq_tb/Sign/Mayo_sign_i/add_vectors/mayo_add_vectors_0/U0/IO_Process  File: /home/osm/Documents/Sect/SECT-MAYO/MAYO/vivado/hw-mayo/hw-mayo.srcs/sources_1/imports/MAYO/src/hdl/MAYO_Keygen/MAYO_add_vectors.vhd
Note: MAYO Add_vec core :
V1 Adr : 6900V2 Adr: 5340OUT Adr :5340
Time: 3895225 ns  Iteration: 2  Process: /Mayo_sign_no_zynq_tb/Sign/Mayo_sign_i/add_vectors/mayo_add_vectors_0/U0/IO_Process  File: /home/osm/Documents/Sect/SECT-MAYO/MAYO/vivado/hw-mayo/hw-mayo.srcs/sources_1/imports/MAYO/src/hdl/MAYO_Keygen/MAYO_add_vectors.vhd
Note: Reduce_extension done
Time: 3917515 ns  Iteration: 1  Process: /Mayo_sign_no_zynq_tb/Sign/Mayo_sign_i/mayo_reduce_extension_0/U0/output  File: /home/osm/Documents/Sect/SECT-MAYO/MAYO/vivado/hw-mayo/hw-mayo.srcs/sources_1/imports/MAYO/src/hdl/MAYO_Signing/MAYO_Reduce_Extension.vhd
Note: MAYO Add_vec core :
V1 Adr : 6900V2 Adr: 3600OUT Adr :3600
Time: 3917545 ns  Iteration: 2  Process: /Mayo_sign_no_zynq_tb/Sign/Mayo_sign_i/add_vectors/mayo_add_vectors_0/U0/IO_Process  File: /home/osm/Documents/Sect/SECT-MAYO/MAYO/vivado/hw-mayo/hw-mayo.srcs/sources_1/imports/MAYO/src/hdl/MAYO_Keygen/MAYO_add_vectors.vhd
Note: MAYO Add_vec core :
V1 Adr : 6900V2 Adr: 5400OUT Adr :5400
Time: 3918045 ns  Iteration: 2  Process: /Mayo_sign_no_zynq_tb/Sign/Mayo_sign_i/add_vectors/mayo_add_vectors_0/U0/IO_Process  File: /home/osm/Documents/Sect/SECT-MAYO/MAYO/vivado/hw-mayo/hw-mayo.srcs/sources_1/imports/MAYO/src/hdl/MAYO_Keygen/MAYO_add_vectors.vhd
Note: EvaluteP_vin done
Time: 4403475 ns  Iteration: 1  Process: /Mayo_sign_no_zynq_tb/Sign/Mayo_sign_i/MAYO_SIGNING_FSM_0/U0/SIGNING  File: /home/osm/Documents/Sect/SECT-MAYO/MAYO/vivado/hw-mayo/hw-mayo.srcs/sources_1/imports/MAYO/src/hdl/MAYO_Signing/MAYO_Signing_FSM.vhd
Note: Reduce_extension done
Time: 4425275 ns  Iteration: 1  Process: /Mayo_sign_no_zynq_tb/Sign/Mayo_sign_i/mayo_reduce_extension_0/U0/output  File: /home/osm/Documents/Sect/SECT-MAYO/MAYO/vivado/hw-mayo/hw-mayo.srcs/sources_1/imports/MAYO/src/hdl/MAYO_Signing/MAYO_Reduce_Extension.vhd
Note: MAYO Add_vec core :
V1 Adr : 6900V2 Adr: 3300OUT Adr :3300
Time: 4425305 ns  Iteration: 2  Process: /Mayo_sign_no_zynq_tb/Sign/Mayo_sign_i/add_vectors/mayo_add_vectors_0/U0/IO_Process  File: /home/osm/Documents/Sect/SECT-MAYO/MAYO/vivado/hw-mayo/hw-mayo.srcs/sources_1/imports/MAYO/src/hdl/MAYO_Keygen/MAYO_add_vectors.vhd
Note: MAYO Add_vec core :
V1 Adr : 6900V2 Adr: 5460OUT Adr :5460
Time: 4425805 ns  Iteration: 2  Process: /Mayo_sign_no_zynq_tb/Sign/Mayo_sign_i/add_vectors/mayo_add_vectors_0/U0/IO_Process  File: /home/osm/Documents/Sect/SECT-MAYO/MAYO/vivado/hw-mayo/hw-mayo.srcs/sources_1/imports/MAYO/src/hdl/MAYO_Keygen/MAYO_add_vectors.vhd
Note: Reduce_extension done
Time: 4448095 ns  Iteration: 1  Process: /Mayo_sign_no_zynq_tb/Sign/Mayo_sign_i/mayo_reduce_extension_0/U0/output  File: /home/osm/Documents/Sect/SECT-MAYO/MAYO/vivado/hw-mayo/hw-mayo.srcs/sources_1/imports/MAYO/src/hdl/MAYO_Signing/MAYO_Reduce_Extension.vhd
Note: MAYO Add_vec core :
V1 Adr : 6900V2 Adr: 3360OUT Adr :3360
Time: 4448125 ns  Iteration: 2  Process: /Mayo_sign_no_zynq_tb/Sign/Mayo_sign_i/add_vectors/mayo_add_vectors_0/U0/IO_Process  File: /home/osm/Documents/Sect/SECT-MAYO/MAYO/vivado/hw-mayo/hw-mayo.srcs/sources_1/imports/MAYO/src/hdl/MAYO_Keygen/MAYO_add_vectors.vhd
Note: MAYO Add_vec core :
V1 Adr : 6900V2 Adr: 5520OUT Adr :5520
Time: 4448625 ns  Iteration: 2  Process: /Mayo_sign_no_zynq_tb/Sign/Mayo_sign_i/add_vectors/mayo_add_vectors_0/U0/IO_Process  File: /home/osm/Documents/Sect/SECT-MAYO/MAYO/vivado/hw-mayo/hw-mayo.srcs/sources_1/imports/MAYO/src/hdl/MAYO_Keygen/MAYO_add_vectors.vhd
Note: Reduce_extension done
Time: 4470915 ns  Iteration: 1  Process: /Mayo_sign_no_zynq_tb/Sign/Mayo_sign_i/mayo_reduce_extension_0/U0/output  File: /home/osm/Documents/Sect/SECT-MAYO/MAYO/vivado/hw-mayo/hw-mayo.srcs/sources_1/imports/MAYO/src/hdl/MAYO_Signing/MAYO_Reduce_Extension.vhd
Note: MAYO Add_vec core :
V1 Adr : 6900V2 Adr: 3420OUT Adr :3420
Time: 4470945 ns  Iteration: 2  Process: /Mayo_sign_no_zynq_tb/Sign/Mayo_sign_i/add_vectors/mayo_add_vectors_0/U0/IO_Process  File: /home/osm/Documents/Sect/SECT-MAYO/MAYO/vivado/hw-mayo/hw-mayo.srcs/sources_1/imports/MAYO/src/hdl/MAYO_Keygen/MAYO_add_vectors.vhd
Note: MAYO Add_vec core :
V1 Adr : 6900V2 Adr: 5580OUT Adr :5580
Time: 4471445 ns  Iteration: 2  Process: /Mayo_sign_no_zynq_tb/Sign/Mayo_sign_i/add_vectors/mayo_add_vectors_0/U0/IO_Process  File: /home/osm/Documents/Sect/SECT-MAYO/MAYO/vivado/hw-mayo/hw-mayo.srcs/sources_1/imports/MAYO/src/hdl/MAYO_Keygen/MAYO_add_vectors.vhd
Note: Reduce_extension done
Time: 4493735 ns  Iteration: 1  Process: /Mayo_sign_no_zynq_tb/Sign/Mayo_sign_i/mayo_reduce_extension_0/U0/output  File: /home/osm/Documents/Sect/SECT-MAYO/MAYO/vivado/hw-mayo/hw-mayo.srcs/sources_1/imports/MAYO/src/hdl/MAYO_Signing/MAYO_Reduce_Extension.vhd
Note: MAYO Add_vec core :
V1 Adr : 6900V2 Adr: 3480OUT Adr :3480
Time: 4493765 ns  Iteration: 2  Process: /Mayo_sign_no_zynq_tb/Sign/Mayo_sign_i/add_vectors/mayo_add_vectors_0/U0/IO_Process  File: /home/osm/Documents/Sect/SECT-MAYO/MAYO/vivado/hw-mayo/hw-mayo.srcs/sources_1/imports/MAYO/src/hdl/MAYO_Keygen/MAYO_add_vectors.vhd
Note: MAYO Add_vec core :
V1 Adr : 6900V2 Adr: 5640OUT Adr :5640
Time: 4494265 ns  Iteration: 2  Process: /Mayo_sign_no_zynq_tb/Sign/Mayo_sign_i/add_vectors/mayo_add_vectors_0/U0/IO_Process  File: /home/osm/Documents/Sect/SECT-MAYO/MAYO/vivado/hw-mayo/hw-mayo.srcs/sources_1/imports/MAYO/src/hdl/MAYO_Keygen/MAYO_add_vectors.vhd
Note: Reduce_extension done
Time: 4516555 ns  Iteration: 1  Process: /Mayo_sign_no_zynq_tb/Sign/Mayo_sign_i/mayo_reduce_extension_0/U0/output  File: /home/osm/Documents/Sect/SECT-MAYO/MAYO/vivado/hw-mayo/hw-mayo.srcs/sources_1/imports/MAYO/src/hdl/MAYO_Signing/MAYO_Reduce_Extension.vhd
Note: MAYO Add_vec core :
V1 Adr : 6900V2 Adr: 3540OUT Adr :3540
Time: 4516585 ns  Iteration: 2  Process: /Mayo_sign_no_zynq_tb/Sign/Mayo_sign_i/add_vectors/mayo_add_vectors_0/U0/IO_Process  File: /home/osm/Documents/Sect/SECT-MAYO/MAYO/vivado/hw-mayo/hw-mayo.srcs/sources_1/imports/MAYO/src/hdl/MAYO_Keygen/MAYO_add_vectors.vhd
Note: MAYO Add_vec core :
V1 Adr : 6900V2 Adr: 5700OUT Adr :5700
Time: 4517085 ns  Iteration: 2  Process: /Mayo_sign_no_zynq_tb/Sign/Mayo_sign_i/add_vectors/mayo_add_vectors_0/U0/IO_Process  File: /home/osm/Documents/Sect/SECT-MAYO/MAYO/vivado/hw-mayo/hw-mayo.srcs/sources_1/imports/MAYO/src/hdl/MAYO_Keygen/MAYO_add_vectors.vhd
Note: Reduce_extension done
Time: 4539375 ns  Iteration: 1  Process: /Mayo_sign_no_zynq_tb/Sign/Mayo_sign_i/mayo_reduce_extension_0/U0/output  File: /home/osm/Documents/Sect/SECT-MAYO/MAYO/vivado/hw-mayo/hw-mayo.srcs/sources_1/imports/MAYO/src/hdl/MAYO_Signing/MAYO_Reduce_Extension.vhd
Note: MAYO Add_vec core :
V1 Adr : 6900V2 Adr: 3600OUT Adr :3600
Time: 4539405 ns  Iteration: 2  Process: /Mayo_sign_no_zynq_tb/Sign/Mayo_sign_i/add_vectors/mayo_add_vectors_0/U0/IO_Process  File: /home/osm/Documents/Sect/SECT-MAYO/MAYO/vivado/hw-mayo/hw-mayo.srcs/sources_1/imports/MAYO/src/hdl/MAYO_Keygen/MAYO_add_vectors.vhd
Note: MAYO Add_vec core :
V1 Adr : 6900V2 Adr: 5760OUT Adr :5760
Time: 4539905 ns  Iteration: 2  Process: /Mayo_sign_no_zynq_tb/Sign/Mayo_sign_i/add_vectors/mayo_add_vectors_0/U0/IO_Process  File: /home/osm/Documents/Sect/SECT-MAYO/MAYO/vivado/hw-mayo/hw-mayo.srcs/sources_1/imports/MAYO/src/hdl/MAYO_Keygen/MAYO_add_vectors.vhd
Note: EvaluteP_vin done
Time: 5025335 ns  Iteration: 1  Process: /Mayo_sign_no_zynq_tb/Sign/Mayo_sign_i/MAYO_SIGNING_FSM_0/U0/SIGNING  File: /home/osm/Documents/Sect/SECT-MAYO/MAYO/vivado/hw-mayo/hw-mayo.srcs/sources_1/imports/MAYO/src/hdl/MAYO_Signing/MAYO_Signing_FSM.vhd
Note: Reduce_extension done
Time: 5047135 ns  Iteration: 1  Process: /Mayo_sign_no_zynq_tb/Sign/Mayo_sign_i/mayo_reduce_extension_0/U0/output  File: /home/osm/Documents/Sect/SECT-MAYO/MAYO/vivado/hw-mayo/hw-mayo.srcs/sources_1/imports/MAYO/src/hdl/MAYO_Signing/MAYO_Reduce_Extension.vhd
Note: MAYO Add_vec core :
V1 Adr : 6900V2 Adr: 3300OUT Adr :3300
Time: 5047165 ns  Iteration: 2  Process: /Mayo_sign_no_zynq_tb/Sign/Mayo_sign_i/add_vectors/mayo_add_vectors_0/U0/IO_Process  File: /home/osm/Documents/Sect/SECT-MAYO/MAYO/vivado/hw-mayo/hw-mayo.srcs/sources_1/imports/MAYO/src/hdl/MAYO_Keygen/MAYO_add_vectors.vhd
Note: MAYO Add_vec core :
V1 Adr : 6900V2 Adr: 5820OUT Adr :5820
Time: 5047665 ns  Iteration: 2  Process: /Mayo_sign_no_zynq_tb/Sign/Mayo_sign_i/add_vectors/mayo_add_vectors_0/U0/IO_Process  File: /home/osm/Documents/Sect/SECT-MAYO/MAYO/vivado/hw-mayo/hw-mayo.srcs/sources_1/imports/MAYO/src/hdl/MAYO_Keygen/MAYO_add_vectors.vhd
Note: Reduce_extension done
Time: 5069955 ns  Iteration: 1  Process: /Mayo_sign_no_zynq_tb/Sign/Mayo_sign_i/mayo_reduce_extension_0/U0/output  File: /home/osm/Documents/Sect/SECT-MAYO/MAYO/vivado/hw-mayo/hw-mayo.srcs/sources_1/imports/MAYO/src/hdl/MAYO_Signing/MAYO_Reduce_Extension.vhd
Note: MAYO Add_vec core :
V1 Adr : 6900V2 Adr: 3360OUT Adr :3360
Time: 5069985 ns  Iteration: 2  Process: /Mayo_sign_no_zynq_tb/Sign/Mayo_sign_i/add_vectors/mayo_add_vectors_0/U0/IO_Process  File: /home/osm/Documents/Sect/SECT-MAYO/MAYO/vivado/hw-mayo/hw-mayo.srcs/sources_1/imports/MAYO/src/hdl/MAYO_Keygen/MAYO_add_vectors.vhd
Note: MAYO Add_vec core :
V1 Adr : 6900V2 Adr: 5880OUT Adr :5880
Time: 5070485 ns  Iteration: 2  Process: /Mayo_sign_no_zynq_tb/Sign/Mayo_sign_i/add_vectors/mayo_add_vectors_0/U0/IO_Process  File: /home/osm/Documents/Sect/SECT-MAYO/MAYO/vivado/hw-mayo/hw-mayo.srcs/sources_1/imports/MAYO/src/hdl/MAYO_Keygen/MAYO_add_vectors.vhd
Note: Reduce_extension done
Time: 5092775 ns  Iteration: 1  Process: /Mayo_sign_no_zynq_tb/Sign/Mayo_sign_i/mayo_reduce_extension_0/U0/output  File: /home/osm/Documents/Sect/SECT-MAYO/MAYO/vivado/hw-mayo/hw-mayo.srcs/sources_1/imports/MAYO/src/hdl/MAYO_Signing/MAYO_Reduce_Extension.vhd
Note: MAYO Add_vec core :
V1 Adr : 6900V2 Adr: 3420OUT Adr :3420
Time: 5092805 ns  Iteration: 2  Process: /Mayo_sign_no_zynq_tb/Sign/Mayo_sign_i/add_vectors/mayo_add_vectors_0/U0/IO_Process  File: /home/osm/Documents/Sect/SECT-MAYO/MAYO/vivado/hw-mayo/hw-mayo.srcs/sources_1/imports/MAYO/src/hdl/MAYO_Keygen/MAYO_add_vectors.vhd
Note: MAYO Add_vec core :
V1 Adr : 6900V2 Adr: 5940OUT Adr :5940
Time: 5093305 ns  Iteration: 2  Process: /Mayo_sign_no_zynq_tb/Sign/Mayo_sign_i/add_vectors/mayo_add_vectors_0/U0/IO_Process  File: /home/osm/Documents/Sect/SECT-MAYO/MAYO/vivado/hw-mayo/hw-mayo.srcs/sources_1/imports/MAYO/src/hdl/MAYO_Keygen/MAYO_add_vectors.vhd
Note: Reduce_extension done
Time: 5115595 ns  Iteration: 1  Process: /Mayo_sign_no_zynq_tb/Sign/Mayo_sign_i/mayo_reduce_extension_0/U0/output  File: /home/osm/Documents/Sect/SECT-MAYO/MAYO/vivado/hw-mayo/hw-mayo.srcs/sources_1/imports/MAYO/src/hdl/MAYO_Signing/MAYO_Reduce_Extension.vhd
Note: MAYO Add_vec core :
V1 Adr : 6900V2 Adr: 3480OUT Adr :3480
Time: 5115625 ns  Iteration: 2  Process: /Mayo_sign_no_zynq_tb/Sign/Mayo_sign_i/add_vectors/mayo_add_vectors_0/U0/IO_Process  File: /home/osm/Documents/Sect/SECT-MAYO/MAYO/vivado/hw-mayo/hw-mayo.srcs/sources_1/imports/MAYO/src/hdl/MAYO_Keygen/MAYO_add_vectors.vhd
Note: MAYO Add_vec core :
V1 Adr : 6900V2 Adr: 6000OUT Adr :6000
Time: 5116125 ns  Iteration: 2  Process: /Mayo_sign_no_zynq_tb/Sign/Mayo_sign_i/add_vectors/mayo_add_vectors_0/U0/IO_Process  File: /home/osm/Documents/Sect/SECT-MAYO/MAYO/vivado/hw-mayo/hw-mayo.srcs/sources_1/imports/MAYO/src/hdl/MAYO_Keygen/MAYO_add_vectors.vhd
Note: Reduce_extension done
Time: 5138415 ns  Iteration: 1  Process: /Mayo_sign_no_zynq_tb/Sign/Mayo_sign_i/mayo_reduce_extension_0/U0/output  File: /home/osm/Documents/Sect/SECT-MAYO/MAYO/vivado/hw-mayo/hw-mayo.srcs/sources_1/imports/MAYO/src/hdl/MAYO_Signing/MAYO_Reduce_Extension.vhd
Note: MAYO Add_vec core :
V1 Adr : 6900V2 Adr: 3540OUT Adr :3540
Time: 5138445 ns  Iteration: 2  Process: /Mayo_sign_no_zynq_tb/Sign/Mayo_sign_i/add_vectors/mayo_add_vectors_0/U0/IO_Process  File: /home/osm/Documents/Sect/SECT-MAYO/MAYO/vivado/hw-mayo/hw-mayo.srcs/sources_1/imports/MAYO/src/hdl/MAYO_Keygen/MAYO_add_vectors.vhd
Note: MAYO Add_vec core :
V1 Adr : 6900V2 Adr: 6060OUT Adr :6060
Time: 5138945 ns  Iteration: 2  Process: /Mayo_sign_no_zynq_tb/Sign/Mayo_sign_i/add_vectors/mayo_add_vectors_0/U0/IO_Process  File: /home/osm/Documents/Sect/SECT-MAYO/MAYO/vivado/hw-mayo/hw-mayo.srcs/sources_1/imports/MAYO/src/hdl/MAYO_Keygen/MAYO_add_vectors.vhd
Note: Reduce_extension done
Time: 5161235 ns  Iteration: 1  Process: /Mayo_sign_no_zynq_tb/Sign/Mayo_sign_i/mayo_reduce_extension_0/U0/output  File: /home/osm/Documents/Sect/SECT-MAYO/MAYO/vivado/hw-mayo/hw-mayo.srcs/sources_1/imports/MAYO/src/hdl/MAYO_Signing/MAYO_Reduce_Extension.vhd
Note: MAYO Add_vec core :
V1 Adr : 6900V2 Adr: 3600OUT Adr :3600
Time: 5161265 ns  Iteration: 2  Process: /Mayo_sign_no_zynq_tb/Sign/Mayo_sign_i/add_vectors/mayo_add_vectors_0/U0/IO_Process  File: /home/osm/Documents/Sect/SECT-MAYO/MAYO/vivado/hw-mayo/hw-mayo.srcs/sources_1/imports/MAYO/src/hdl/MAYO_Keygen/MAYO_add_vectors.vhd
Note: MAYO Add_vec core :
V1 Adr : 6900V2 Adr: 6120OUT Adr :6120
Time: 5161765 ns  Iteration: 2  Process: /Mayo_sign_no_zynq_tb/Sign/Mayo_sign_i/add_vectors/mayo_add_vectors_0/U0/IO_Process  File: /home/osm/Documents/Sect/SECT-MAYO/MAYO/vivado/hw-mayo/hw-mayo.srcs/sources_1/imports/MAYO/src/hdl/MAYO_Keygen/MAYO_add_vectors.vhd
Note: EvaluteP_vin done
Time: 5647195 ns  Iteration: 1  Process: /Mayo_sign_no_zynq_tb/Sign/Mayo_sign_i/MAYO_SIGNING_FSM_0/U0/SIGNING  File: /home/osm/Documents/Sect/SECT-MAYO/MAYO/vivado/hw-mayo/hw-mayo.srcs/sources_1/imports/MAYO/src/hdl/MAYO_Signing/MAYO_Signing_FSM.vhd
Note: Reduce_extension done
Time: 5668995 ns  Iteration: 1  Process: /Mayo_sign_no_zynq_tb/Sign/Mayo_sign_i/mayo_reduce_extension_0/U0/output  File: /home/osm/Documents/Sect/SECT-MAYO/MAYO/vivado/hw-mayo/hw-mayo.srcs/sources_1/imports/MAYO/src/hdl/MAYO_Signing/MAYO_Reduce_Extension.vhd
Note: MAYO Add_vec core :
V1 Adr : 6900V2 Adr: 3300OUT Adr :3300
Time: 5669025 ns  Iteration: 2  Process: /Mayo_sign_no_zynq_tb/Sign/Mayo_sign_i/add_vectors/mayo_add_vectors_0/U0/IO_Process  File: /home/osm/Documents/Sect/SECT-MAYO/MAYO/vivado/hw-mayo/hw-mayo.srcs/sources_1/imports/MAYO/src/hdl/MAYO_Keygen/MAYO_add_vectors.vhd
Note: MAYO Add_vec core :
V1 Adr : 6900V2 Adr: 6180OUT Adr :6180
Time: 5669525 ns  Iteration: 2  Process: /Mayo_sign_no_zynq_tb/Sign/Mayo_sign_i/add_vectors/mayo_add_vectors_0/U0/IO_Process  File: /home/osm/Documents/Sect/SECT-MAYO/MAYO/vivado/hw-mayo/hw-mayo.srcs/sources_1/imports/MAYO/src/hdl/MAYO_Keygen/MAYO_add_vectors.vhd
Note: Reduce_extension done
Time: 5691815 ns  Iteration: 1  Process: /Mayo_sign_no_zynq_tb/Sign/Mayo_sign_i/mayo_reduce_extension_0/U0/output  File: /home/osm/Documents/Sect/SECT-MAYO/MAYO/vivado/hw-mayo/hw-mayo.srcs/sources_1/imports/MAYO/src/hdl/MAYO_Signing/MAYO_Reduce_Extension.vhd
Note: MAYO Add_vec core :
V1 Adr : 6900V2 Adr: 3360OUT Adr :3360
Time: 5691845 ns  Iteration: 2  Process: /Mayo_sign_no_zynq_tb/Sign/Mayo_sign_i/add_vectors/mayo_add_vectors_0/U0/IO_Process  File: /home/osm/Documents/Sect/SECT-MAYO/MAYO/vivado/hw-mayo/hw-mayo.srcs/sources_1/imports/MAYO/src/hdl/MAYO_Keygen/MAYO_add_vectors.vhd
Note: MAYO Add_vec core :
V1 Adr : 6900V2 Adr: 6240OUT Adr :6240
Time: 5692345 ns  Iteration: 2  Process: /Mayo_sign_no_zynq_tb/Sign/Mayo_sign_i/add_vectors/mayo_add_vectors_0/U0/IO_Process  File: /home/osm/Documents/Sect/SECT-MAYO/MAYO/vivado/hw-mayo/hw-mayo.srcs/sources_1/imports/MAYO/src/hdl/MAYO_Keygen/MAYO_add_vectors.vhd
Note: Reduce_extension done
Time: 5714635 ns  Iteration: 1  Process: /Mayo_sign_no_zynq_tb/Sign/Mayo_sign_i/mayo_reduce_extension_0/U0/output  File: /home/osm/Documents/Sect/SECT-MAYO/MAYO/vivado/hw-mayo/hw-mayo.srcs/sources_1/imports/MAYO/src/hdl/MAYO_Signing/MAYO_Reduce_Extension.vhd
Note: MAYO Add_vec core :
V1 Adr : 6900V2 Adr: 3420OUT Adr :3420
Time: 5714665 ns  Iteration: 2  Process: /Mayo_sign_no_zynq_tb/Sign/Mayo_sign_i/add_vectors/mayo_add_vectors_0/U0/IO_Process  File: /home/osm/Documents/Sect/SECT-MAYO/MAYO/vivado/hw-mayo/hw-mayo.srcs/sources_1/imports/MAYO/src/hdl/MAYO_Keygen/MAYO_add_vectors.vhd
Note: MAYO Add_vec core :
V1 Adr : 6900V2 Adr: 6300OUT Adr :6300
Time: 5715165 ns  Iteration: 2  Process: /Mayo_sign_no_zynq_tb/Sign/Mayo_sign_i/add_vectors/mayo_add_vectors_0/U0/IO_Process  File: /home/osm/Documents/Sect/SECT-MAYO/MAYO/vivado/hw-mayo/hw-mayo.srcs/sources_1/imports/MAYO/src/hdl/MAYO_Keygen/MAYO_add_vectors.vhd
Note: Reduce_extension done
Time: 5737455 ns  Iteration: 1  Process: /Mayo_sign_no_zynq_tb/Sign/Mayo_sign_i/mayo_reduce_extension_0/U0/output  File: /home/osm/Documents/Sect/SECT-MAYO/MAYO/vivado/hw-mayo/hw-mayo.srcs/sources_1/imports/MAYO/src/hdl/MAYO_Signing/MAYO_Reduce_Extension.vhd
Note: MAYO Add_vec core :
V1 Adr : 6900V2 Adr: 3480OUT Adr :3480
Time: 5737485 ns  Iteration: 2  Process: /Mayo_sign_no_zynq_tb/Sign/Mayo_sign_i/add_vectors/mayo_add_vectors_0/U0/IO_Process  File: /home/osm/Documents/Sect/SECT-MAYO/MAYO/vivado/hw-mayo/hw-mayo.srcs/sources_1/imports/MAYO/src/hdl/MAYO_Keygen/MAYO_add_vectors.vhd
Note: MAYO Add_vec core :
V1 Adr : 6900V2 Adr: 6360OUT Adr :6360
Time: 5737985 ns  Iteration: 2  Process: /Mayo_sign_no_zynq_tb/Sign/Mayo_sign_i/add_vectors/mayo_add_vectors_0/U0/IO_Process  File: /home/osm/Documents/Sect/SECT-MAYO/MAYO/vivado/hw-mayo/hw-mayo.srcs/sources_1/imports/MAYO/src/hdl/MAYO_Keygen/MAYO_add_vectors.vhd
Note: Reduce_extension done
Time: 5760275 ns  Iteration: 1  Process: /Mayo_sign_no_zynq_tb/Sign/Mayo_sign_i/mayo_reduce_extension_0/U0/output  File: /home/osm/Documents/Sect/SECT-MAYO/MAYO/vivado/hw-mayo/hw-mayo.srcs/sources_1/imports/MAYO/src/hdl/MAYO_Signing/MAYO_Reduce_Extension.vhd
Note: MAYO Add_vec core :
V1 Adr : 6900V2 Adr: 3540OUT Adr :3540
Time: 5760305 ns  Iteration: 2  Process: /Mayo_sign_no_zynq_tb/Sign/Mayo_sign_i/add_vectors/mayo_add_vectors_0/U0/IO_Process  File: /home/osm/Documents/Sect/SECT-MAYO/MAYO/vivado/hw-mayo/hw-mayo.srcs/sources_1/imports/MAYO/src/hdl/MAYO_Keygen/MAYO_add_vectors.vhd
Note: MAYO Add_vec core :
V1 Adr : 6900V2 Adr: 6420OUT Adr :6420
Time: 5760805 ns  Iteration: 2  Process: /Mayo_sign_no_zynq_tb/Sign/Mayo_sign_i/add_vectors/mayo_add_vectors_0/U0/IO_Process  File: /home/osm/Documents/Sect/SECT-MAYO/MAYO/vivado/hw-mayo/hw-mayo.srcs/sources_1/imports/MAYO/src/hdl/MAYO_Keygen/MAYO_add_vectors.vhd
Note: Reduce_extension done
Time: 5783095 ns  Iteration: 1  Process: /Mayo_sign_no_zynq_tb/Sign/Mayo_sign_i/mayo_reduce_extension_0/U0/output  File: /home/osm/Documents/Sect/SECT-MAYO/MAYO/vivado/hw-mayo/hw-mayo.srcs/sources_1/imports/MAYO/src/hdl/MAYO_Signing/MAYO_Reduce_Extension.vhd
Note: MAYO Add_vec core :
V1 Adr : 6900V2 Adr: 3600OUT Adr :3600
Time: 5783125 ns  Iteration: 2  Process: /Mayo_sign_no_zynq_tb/Sign/Mayo_sign_i/add_vectors/mayo_add_vectors_0/U0/IO_Process  File: /home/osm/Documents/Sect/SECT-MAYO/MAYO/vivado/hw-mayo/hw-mayo.srcs/sources_1/imports/MAYO/src/hdl/MAYO_Keygen/MAYO_add_vectors.vhd
Note: MAYO Add_vec core :
V1 Adr : 6900V2 Adr: 6480OUT Adr :6480
Time: 5783625 ns  Iteration: 2  Process: /Mayo_sign_no_zynq_tb/Sign/Mayo_sign_i/add_vectors/mayo_add_vectors_0/U0/IO_Process  File: /home/osm/Documents/Sect/SECT-MAYO/MAYO/vivado/hw-mayo/hw-mayo.srcs/sources_1/imports/MAYO/src/hdl/MAYO_Keygen/MAYO_add_vectors.vhd
Note: EvaluteP_vin done
Time: 6269055 ns  Iteration: 1  Process: /Mayo_sign_no_zynq_tb/Sign/Mayo_sign_i/MAYO_SIGNING_FSM_0/U0/SIGNING  File: /home/osm/Documents/Sect/SECT-MAYO/MAYO/vivado/hw-mayo/hw-mayo.srcs/sources_1/imports/MAYO/src/hdl/MAYO_Signing/MAYO_Signing_FSM.vhd
Note: Reduce_extension done
Time: 6290855 ns  Iteration: 1  Process: /Mayo_sign_no_zynq_tb/Sign/Mayo_sign_i/mayo_reduce_extension_0/U0/output  File: /home/osm/Documents/Sect/SECT-MAYO/MAYO/vivado/hw-mayo/hw-mayo.srcs/sources_1/imports/MAYO/src/hdl/MAYO_Signing/MAYO_Reduce_Extension.vhd
Note: MAYO Add_vec core :
V1 Adr : 6900V2 Adr: 3300OUT Adr :3300
Time: 6290885 ns  Iteration: 2  Process: /Mayo_sign_no_zynq_tb/Sign/Mayo_sign_i/add_vectors/mayo_add_vectors_0/U0/IO_Process  File: /home/osm/Documents/Sect/SECT-MAYO/MAYO/vivado/hw-mayo/hw-mayo.srcs/sources_1/imports/MAYO/src/hdl/MAYO_Keygen/MAYO_add_vectors.vhd
Note: MAYO Add_vec core :
V1 Adr : 6900V2 Adr: 6540OUT Adr :6540
Time: 6291385 ns  Iteration: 2  Process: /Mayo_sign_no_zynq_tb/Sign/Mayo_sign_i/add_vectors/mayo_add_vectors_0/U0/IO_Process  File: /home/osm/Documents/Sect/SECT-MAYO/MAYO/vivado/hw-mayo/hw-mayo.srcs/sources_1/imports/MAYO/src/hdl/MAYO_Keygen/MAYO_add_vectors.vhd
Note: Reduce_extension done
Time: 6313675 ns  Iteration: 1  Process: /Mayo_sign_no_zynq_tb/Sign/Mayo_sign_i/mayo_reduce_extension_0/U0/output  File: /home/osm/Documents/Sect/SECT-MAYO/MAYO/vivado/hw-mayo/hw-mayo.srcs/sources_1/imports/MAYO/src/hdl/MAYO_Signing/MAYO_Reduce_Extension.vhd
Note: MAYO Add_vec core :
V1 Adr : 6900V2 Adr: 3360OUT Adr :3360
Time: 6313705 ns  Iteration: 2  Process: /Mayo_sign_no_zynq_tb/Sign/Mayo_sign_i/add_vectors/mayo_add_vectors_0/U0/IO_Process  File: /home/osm/Documents/Sect/SECT-MAYO/MAYO/vivado/hw-mayo/hw-mayo.srcs/sources_1/imports/MAYO/src/hdl/MAYO_Keygen/MAYO_add_vectors.vhd
Note: MAYO Add_vec core :
V1 Adr : 6900V2 Adr: 6600OUT Adr :6600
Time: 6314205 ns  Iteration: 2  Process: /Mayo_sign_no_zynq_tb/Sign/Mayo_sign_i/add_vectors/mayo_add_vectors_0/U0/IO_Process  File: /home/osm/Documents/Sect/SECT-MAYO/MAYO/vivado/hw-mayo/hw-mayo.srcs/sources_1/imports/MAYO/src/hdl/MAYO_Keygen/MAYO_add_vectors.vhd
Note: Reduce_extension done
Time: 6336495 ns  Iteration: 1  Process: /Mayo_sign_no_zynq_tb/Sign/Mayo_sign_i/mayo_reduce_extension_0/U0/output  File: /home/osm/Documents/Sect/SECT-MAYO/MAYO/vivado/hw-mayo/hw-mayo.srcs/sources_1/imports/MAYO/src/hdl/MAYO_Signing/MAYO_Reduce_Extension.vhd
Note: MAYO Add_vec core :
V1 Adr : 6900V2 Adr: 3420OUT Adr :3420
Time: 6336525 ns  Iteration: 2  Process: /Mayo_sign_no_zynq_tb/Sign/Mayo_sign_i/add_vectors/mayo_add_vectors_0/U0/IO_Process  File: /home/osm/Documents/Sect/SECT-MAYO/MAYO/vivado/hw-mayo/hw-mayo.srcs/sources_1/imports/MAYO/src/hdl/MAYO_Keygen/MAYO_add_vectors.vhd
Note: MAYO Add_vec core :
V1 Adr : 6900V2 Adr: 6660OUT Adr :6660
Time: 6337025 ns  Iteration: 2  Process: /Mayo_sign_no_zynq_tb/Sign/Mayo_sign_i/add_vectors/mayo_add_vectors_0/U0/IO_Process  File: /home/osm/Documents/Sect/SECT-MAYO/MAYO/vivado/hw-mayo/hw-mayo.srcs/sources_1/imports/MAYO/src/hdl/MAYO_Keygen/MAYO_add_vectors.vhd
Note: Reduce_extension done
Time: 6359315 ns  Iteration: 1  Process: /Mayo_sign_no_zynq_tb/Sign/Mayo_sign_i/mayo_reduce_extension_0/U0/output  File: /home/osm/Documents/Sect/SECT-MAYO/MAYO/vivado/hw-mayo/hw-mayo.srcs/sources_1/imports/MAYO/src/hdl/MAYO_Signing/MAYO_Reduce_Extension.vhd
Note: MAYO Add_vec core :
V1 Adr : 6900V2 Adr: 3480OUT Adr :3480
Time: 6359345 ns  Iteration: 2  Process: /Mayo_sign_no_zynq_tb/Sign/Mayo_sign_i/add_vectors/mayo_add_vectors_0/U0/IO_Process  File: /home/osm/Documents/Sect/SECT-MAYO/MAYO/vivado/hw-mayo/hw-mayo.srcs/sources_1/imports/MAYO/src/hdl/MAYO_Keygen/MAYO_add_vectors.vhd
Note: MAYO Add_vec core :
V1 Adr : 6900V2 Adr: 6720OUT Adr :6720
Time: 6359845 ns  Iteration: 2  Process: /Mayo_sign_no_zynq_tb/Sign/Mayo_sign_i/add_vectors/mayo_add_vectors_0/U0/IO_Process  File: /home/osm/Documents/Sect/SECT-MAYO/MAYO/vivado/hw-mayo/hw-mayo.srcs/sources_1/imports/MAYO/src/hdl/MAYO_Keygen/MAYO_add_vectors.vhd
Note: Reduce_extension done
Time: 6382135 ns  Iteration: 1  Process: /Mayo_sign_no_zynq_tb/Sign/Mayo_sign_i/mayo_reduce_extension_0/U0/output  File: /home/osm/Documents/Sect/SECT-MAYO/MAYO/vivado/hw-mayo/hw-mayo.srcs/sources_1/imports/MAYO/src/hdl/MAYO_Signing/MAYO_Reduce_Extension.vhd
Note: MAYO Add_vec core :
V1 Adr : 6900V2 Adr: 3540OUT Adr :3540
Time: 6382165 ns  Iteration: 2  Process: /Mayo_sign_no_zynq_tb/Sign/Mayo_sign_i/add_vectors/mayo_add_vectors_0/U0/IO_Process  File: /home/osm/Documents/Sect/SECT-MAYO/MAYO/vivado/hw-mayo/hw-mayo.srcs/sources_1/imports/MAYO/src/hdl/MAYO_Keygen/MAYO_add_vectors.vhd
Note: MAYO Add_vec core :
V1 Adr : 6900V2 Adr: 6780OUT Adr :6780
Time: 6382665 ns  Iteration: 2  Process: /Mayo_sign_no_zynq_tb/Sign/Mayo_sign_i/add_vectors/mayo_add_vectors_0/U0/IO_Process  File: /home/osm/Documents/Sect/SECT-MAYO/MAYO/vivado/hw-mayo/hw-mayo.srcs/sources_1/imports/MAYO/src/hdl/MAYO_Keygen/MAYO_add_vectors.vhd
Note: Reduce_extension done
Time: 6404955 ns  Iteration: 1  Process: /Mayo_sign_no_zynq_tb/Sign/Mayo_sign_i/mayo_reduce_extension_0/U0/output  File: /home/osm/Documents/Sect/SECT-MAYO/MAYO/vivado/hw-mayo/hw-mayo.srcs/sources_1/imports/MAYO/src/hdl/MAYO_Signing/MAYO_Reduce_Extension.vhd
Note: MAYO Add_vec core :
V1 Adr : 6900V2 Adr: 3600OUT Adr :3600
Time: 6404985 ns  Iteration: 2  Process: /Mayo_sign_no_zynq_tb/Sign/Mayo_sign_i/add_vectors/mayo_add_vectors_0/U0/IO_Process  File: /home/osm/Documents/Sect/SECT-MAYO/MAYO/vivado/hw-mayo/hw-mayo.srcs/sources_1/imports/MAYO/src/hdl/MAYO_Keygen/MAYO_add_vectors.vhd
Note: MAYO Add_vec core :
V1 Adr : 6900V2 Adr: 6840OUT Adr :6840
Time: 6405485 ns  Iteration: 2  Process: /Mayo_sign_no_zynq_tb/Sign/Mayo_sign_i/add_vectors/mayo_add_vectors_0/U0/IO_Process  File: /home/osm/Documents/Sect/SECT-MAYO/MAYO/vivado/hw-mayo/hw-mayo.srcs/sources_1/imports/MAYO/src/hdl/MAYO_Keygen/MAYO_add_vectors.vhd
Note: EvaluteP_vin done
Time: 6890935 ns  Iteration: 1  Process: /Mayo_sign_no_zynq_tb/Sign/Mayo_sign_i/MAYO_SIGNING_FSM_0/U0/SIGNING  File: /home/osm/Documents/Sect/SECT-MAYO/MAYO/vivado/hw-mayo/hw-mayo.srcs/sources_1/imports/MAYO/src/hdl/MAYO_Signing/MAYO_Signing_FSM.vhd
Note: Reduce_extension done
Time: 6912735 ns  Iteration: 1  Process: /Mayo_sign_no_zynq_tb/Sign/Mayo_sign_i/mayo_reduce_extension_0/U0/output  File: /home/osm/Documents/Sect/SECT-MAYO/MAYO/vivado/hw-mayo/hw-mayo.srcs/sources_1/imports/MAYO/src/hdl/MAYO_Signing/MAYO_Reduce_Extension.vhd
Note: MAYO Add_vec core :
V1 Adr : 6900V2 Adr: 3300OUT Adr :3300
Time: 6912765 ns  Iteration: 2  Process: /Mayo_sign_no_zynq_tb/Sign/Mayo_sign_i/add_vectors/mayo_add_vectors_0/U0/IO_Process  File: /home/osm/Documents/Sect/SECT-MAYO/MAYO/vivado/hw-mayo/hw-mayo.srcs/sources_1/imports/MAYO/src/hdl/MAYO_Keygen/MAYO_add_vectors.vhd
Note: MAYO Add_vec core :
V1 Adr : 6900V2 Adr: 6900OUT Adr :6900
Time: 6913265 ns  Iteration: 2  Process: /Mayo_sign_no_zynq_tb/Sign/Mayo_sign_i/add_vectors/mayo_add_vectors_0/U0/IO_Process  File: /home/osm/Documents/Sect/SECT-MAYO/MAYO/vivado/hw-mayo/hw-mayo.srcs/sources_1/imports/MAYO/src/hdl/MAYO_Keygen/MAYO_add_vectors.vhd
Note: Reduce_extension done
Time: 6935555 ns  Iteration: 1  Process: /Mayo_sign_no_zynq_tb/Sign/Mayo_sign_i/mayo_reduce_extension_0/U0/output  File: /home/osm/Documents/Sect/SECT-MAYO/MAYO/vivado/hw-mayo/hw-mayo.srcs/sources_1/imports/MAYO/src/hdl/MAYO_Signing/MAYO_Reduce_Extension.vhd
Note: MAYO Add_vec core :
V1 Adr : 6900V2 Adr: 3360OUT Adr :3360
Time: 6935585 ns  Iteration: 2  Process: /Mayo_sign_no_zynq_tb/Sign/Mayo_sign_i/add_vectors/mayo_add_vectors_0/U0/IO_Process  File: /home/osm/Documents/Sect/SECT-MAYO/MAYO/vivado/hw-mayo/hw-mayo.srcs/sources_1/imports/MAYO/src/hdl/MAYO_Keygen/MAYO_add_vectors.vhd
Note: MAYO Add_vec core :
V1 Adr : 6900V2 Adr: 6960OUT Adr :6960
Time: 6936085 ns  Iteration: 2  Process: /Mayo_sign_no_zynq_tb/Sign/Mayo_sign_i/add_vectors/mayo_add_vectors_0/U0/IO_Process  File: /home/osm/Documents/Sect/SECT-MAYO/MAYO/vivado/hw-mayo/hw-mayo.srcs/sources_1/imports/MAYO/src/hdl/MAYO_Keygen/MAYO_add_vectors.vhd
Note: Reduce_extension done
Time: 6958375 ns  Iteration: 1  Process: /Mayo_sign_no_zynq_tb/Sign/Mayo_sign_i/mayo_reduce_extension_0/U0/output  File: /home/osm/Documents/Sect/SECT-MAYO/MAYO/vivado/hw-mayo/hw-mayo.srcs/sources_1/imports/MAYO/src/hdl/MAYO_Signing/MAYO_Reduce_Extension.vhd
Note: MAYO Add_vec core :
V1 Adr : 6900V2 Adr: 3420OUT Adr :3420
Time: 6958405 ns  Iteration: 2  Process: /Mayo_sign_no_zynq_tb/Sign/Mayo_sign_i/add_vectors/mayo_add_vectors_0/U0/IO_Process  File: /home/osm/Documents/Sect/SECT-MAYO/MAYO/vivado/hw-mayo/hw-mayo.srcs/sources_1/imports/MAYO/src/hdl/MAYO_Keygen/MAYO_add_vectors.vhd
Note: MAYO Add_vec core :
V1 Adr : 6900V2 Adr: 7020OUT Adr :7020
Time: 6958905 ns  Iteration: 2  Process: /Mayo_sign_no_zynq_tb/Sign/Mayo_sign_i/add_vectors/mayo_add_vectors_0/U0/IO_Process  File: /home/osm/Documents/Sect/SECT-MAYO/MAYO/vivado/hw-mayo/hw-mayo.srcs/sources_1/imports/MAYO/src/hdl/MAYO_Keygen/MAYO_add_vectors.vhd
Note: Reduce_extension done
Time: 6981195 ns  Iteration: 1  Process: /Mayo_sign_no_zynq_tb/Sign/Mayo_sign_i/mayo_reduce_extension_0/U0/output  File: /home/osm/Documents/Sect/SECT-MAYO/MAYO/vivado/hw-mayo/hw-mayo.srcs/sources_1/imports/MAYO/src/hdl/MAYO_Signing/MAYO_Reduce_Extension.vhd
Note: MAYO Add_vec core :
V1 Adr : 6900V2 Adr: 3480OUT Adr :3480
Time: 6981225 ns  Iteration: 2  Process: /Mayo_sign_no_zynq_tb/Sign/Mayo_sign_i/add_vectors/mayo_add_vectors_0/U0/IO_Process  File: /home/osm/Documents/Sect/SECT-MAYO/MAYO/vivado/hw-mayo/hw-mayo.srcs/sources_1/imports/MAYO/src/hdl/MAYO_Keygen/MAYO_add_vectors.vhd
Note: MAYO Add_vec core :
V1 Adr : 6900V2 Adr: 7080OUT Adr :7080
Time: 6981725 ns  Iteration: 2  Process: /Mayo_sign_no_zynq_tb/Sign/Mayo_sign_i/add_vectors/mayo_add_vectors_0/U0/IO_Process  File: /home/osm/Documents/Sect/SECT-MAYO/MAYO/vivado/hw-mayo/hw-mayo.srcs/sources_1/imports/MAYO/src/hdl/MAYO_Keygen/MAYO_add_vectors.vhd
Note: Reduce_extension done
Time: 7004015 ns  Iteration: 1  Process: /Mayo_sign_no_zynq_tb/Sign/Mayo_sign_i/mayo_reduce_extension_0/U0/output  File: /home/osm/Documents/Sect/SECT-MAYO/MAYO/vivado/hw-mayo/hw-mayo.srcs/sources_1/imports/MAYO/src/hdl/MAYO_Signing/MAYO_Reduce_Extension.vhd
Note: MAYO Add_vec core :
V1 Adr : 6900V2 Adr: 3540OUT Adr :3540
Time: 7004045 ns  Iteration: 2  Process: /Mayo_sign_no_zynq_tb/Sign/Mayo_sign_i/add_vectors/mayo_add_vectors_0/U0/IO_Process  File: /home/osm/Documents/Sect/SECT-MAYO/MAYO/vivado/hw-mayo/hw-mayo.srcs/sources_1/imports/MAYO/src/hdl/MAYO_Keygen/MAYO_add_vectors.vhd
Note: MAYO Add_vec core :
V1 Adr : 6900V2 Adr: 7140OUT Adr :7140
Time: 7004545 ns  Iteration: 2  Process: /Mayo_sign_no_zynq_tb/Sign/Mayo_sign_i/add_vectors/mayo_add_vectors_0/U0/IO_Process  File: /home/osm/Documents/Sect/SECT-MAYO/MAYO/vivado/hw-mayo/hw-mayo.srcs/sources_1/imports/MAYO/src/hdl/MAYO_Keygen/MAYO_add_vectors.vhd
Note: Reduce_extension done
Time: 7026835 ns  Iteration: 1  Process: /Mayo_sign_no_zynq_tb/Sign/Mayo_sign_i/mayo_reduce_extension_0/U0/output  File: /home/osm/Documents/Sect/SECT-MAYO/MAYO/vivado/hw-mayo/hw-mayo.srcs/sources_1/imports/MAYO/src/hdl/MAYO_Signing/MAYO_Reduce_Extension.vhd
Note: MAYO Add_vec core :
V1 Adr : 6900V2 Adr: 3600OUT Adr :3600
Time: 7026865 ns  Iteration: 2  Process: /Mayo_sign_no_zynq_tb/Sign/Mayo_sign_i/add_vectors/mayo_add_vectors_0/U0/IO_Process  File: /home/osm/Documents/Sect/SECT-MAYO/MAYO/vivado/hw-mayo/hw-mayo.srcs/sources_1/imports/MAYO/src/hdl/MAYO_Keygen/MAYO_add_vectors.vhd
Note: MAYO Add_vec core :
V1 Adr : 6900V2 Adr: 7200OUT Adr :7200
Time: 7027365 ns  Iteration: 2  Process: /Mayo_sign_no_zynq_tb/Sign/Mayo_sign_i/add_vectors/mayo_add_vectors_0/U0/IO_Process  File: /home/osm/Documents/Sect/SECT-MAYO/MAYO/vivado/hw-mayo/hw-mayo.srcs/sources_1/imports/MAYO/src/hdl/MAYO_Keygen/MAYO_add_vectors.vhd
Note: EvaluteP_vin done
Time: 7512795 ns  Iteration: 1  Process: /Mayo_sign_no_zynq_tb/Sign/Mayo_sign_i/MAYO_SIGNING_FSM_0/U0/SIGNING  File: /home/osm/Documents/Sect/SECT-MAYO/MAYO/vivado/hw-mayo/hw-mayo.srcs/sources_1/imports/MAYO/src/hdl/MAYO_Signing/MAYO_Signing_FSM.vhd
Note: Reduce_extension done
Time: 7534595 ns  Iteration: 1  Process: /Mayo_sign_no_zynq_tb/Sign/Mayo_sign_i/mayo_reduce_extension_0/U0/output  File: /home/osm/Documents/Sect/SECT-MAYO/MAYO/vivado/hw-mayo/hw-mayo.srcs/sources_1/imports/MAYO/src/hdl/MAYO_Signing/MAYO_Reduce_Extension.vhd
Note: MAYO Add_vec core :
V1 Adr : 6900V2 Adr: 3300OUT Adr :3300
Time: 7534625 ns  Iteration: 2  Process: /Mayo_sign_no_zynq_tb/Sign/Mayo_sign_i/add_vectors/mayo_add_vectors_0/U0/IO_Process  File: /home/osm/Documents/Sect/SECT-MAYO/MAYO/vivado/hw-mayo/hw-mayo.srcs/sources_1/imports/MAYO/src/hdl/MAYO_Keygen/MAYO_add_vectors.vhd
Note: MAYO Add_vec core :
V1 Adr : 6900V2 Adr: 4020OUT Adr :4020
Time: 7535125 ns  Iteration: 2  Process: /Mayo_sign_no_zynq_tb/Sign/Mayo_sign_i/add_vectors/mayo_add_vectors_0/U0/IO_Process  File: /home/osm/Documents/Sect/SECT-MAYO/MAYO/vivado/hw-mayo/hw-mayo.srcs/sources_1/imports/MAYO/src/hdl/MAYO_Keygen/MAYO_add_vectors.vhd
Note: Reduce_extension done
Time: 7557415 ns  Iteration: 1  Process: /Mayo_sign_no_zynq_tb/Sign/Mayo_sign_i/mayo_reduce_extension_0/U0/output  File: /home/osm/Documents/Sect/SECT-MAYO/MAYO/vivado/hw-mayo/hw-mayo.srcs/sources_1/imports/MAYO/src/hdl/MAYO_Signing/MAYO_Reduce_Extension.vhd
Note: MAYO Add_vec core :
V1 Adr : 6900V2 Adr: 3360OUT Adr :3360
Time: 7557445 ns  Iteration: 2  Process: /Mayo_sign_no_zynq_tb/Sign/Mayo_sign_i/add_vectors/mayo_add_vectors_0/U0/IO_Process  File: /home/osm/Documents/Sect/SECT-MAYO/MAYO/vivado/hw-mayo/hw-mayo.srcs/sources_1/imports/MAYO/src/hdl/MAYO_Keygen/MAYO_add_vectors.vhd
Note: MAYO Add_vec core :
V1 Adr : 6900V2 Adr: 4080OUT Adr :4080
Time: 7557945 ns  Iteration: 2  Process: /Mayo_sign_no_zynq_tb/Sign/Mayo_sign_i/add_vectors/mayo_add_vectors_0/U0/IO_Process  File: /home/osm/Documents/Sect/SECT-MAYO/MAYO/vivado/hw-mayo/hw-mayo.srcs/sources_1/imports/MAYO/src/hdl/MAYO_Keygen/MAYO_add_vectors.vhd
Note: Reduce_extension done
Time: 7580235 ns  Iteration: 1  Process: /Mayo_sign_no_zynq_tb/Sign/Mayo_sign_i/mayo_reduce_extension_0/U0/output  File: /home/osm/Documents/Sect/SECT-MAYO/MAYO/vivado/hw-mayo/hw-mayo.srcs/sources_1/imports/MAYO/src/hdl/MAYO_Signing/MAYO_Reduce_Extension.vhd
Note: MAYO Add_vec core :
V1 Adr : 6900V2 Adr: 3420OUT Adr :3420
Time: 7580265 ns  Iteration: 2  Process: /Mayo_sign_no_zynq_tb/Sign/Mayo_sign_i/add_vectors/mayo_add_vectors_0/U0/IO_Process  File: /home/osm/Documents/Sect/SECT-MAYO/MAYO/vivado/hw-mayo/hw-mayo.srcs/sources_1/imports/MAYO/src/hdl/MAYO_Keygen/MAYO_add_vectors.vhd
Note: MAYO Add_vec core :
V1 Adr : 6900V2 Adr: 4140OUT Adr :4140
Time: 7580765 ns  Iteration: 2  Process: /Mayo_sign_no_zynq_tb/Sign/Mayo_sign_i/add_vectors/mayo_add_vectors_0/U0/IO_Process  File: /home/osm/Documents/Sect/SECT-MAYO/MAYO/vivado/hw-mayo/hw-mayo.srcs/sources_1/imports/MAYO/src/hdl/MAYO_Keygen/MAYO_add_vectors.vhd
Note: Reduce_extension done
Time: 7603055 ns  Iteration: 1  Process: /Mayo_sign_no_zynq_tb/Sign/Mayo_sign_i/mayo_reduce_extension_0/U0/output  File: /home/osm/Documents/Sect/SECT-MAYO/MAYO/vivado/hw-mayo/hw-mayo.srcs/sources_1/imports/MAYO/src/hdl/MAYO_Signing/MAYO_Reduce_Extension.vhd
Note: MAYO Add_vec core :
V1 Adr : 6900V2 Adr: 3480OUT Adr :3480
Time: 7603085 ns  Iteration: 2  Process: /Mayo_sign_no_zynq_tb/Sign/Mayo_sign_i/add_vectors/mayo_add_vectors_0/U0/IO_Process  File: /home/osm/Documents/Sect/SECT-MAYO/MAYO/vivado/hw-mayo/hw-mayo.srcs/sources_1/imports/MAYO/src/hdl/MAYO_Keygen/MAYO_add_vectors.vhd
Note: MAYO Add_vec core :
V1 Adr : 6900V2 Adr: 4200OUT Adr :4200
Time: 7603585 ns  Iteration: 2  Process: /Mayo_sign_no_zynq_tb/Sign/Mayo_sign_i/add_vectors/mayo_add_vectors_0/U0/IO_Process  File: /home/osm/Documents/Sect/SECT-MAYO/MAYO/vivado/hw-mayo/hw-mayo.srcs/sources_1/imports/MAYO/src/hdl/MAYO_Keygen/MAYO_add_vectors.vhd
Note: Reduce_extension done
Time: 7625875 ns  Iteration: 1  Process: /Mayo_sign_no_zynq_tb/Sign/Mayo_sign_i/mayo_reduce_extension_0/U0/output  File: /home/osm/Documents/Sect/SECT-MAYO/MAYO/vivado/hw-mayo/hw-mayo.srcs/sources_1/imports/MAYO/src/hdl/MAYO_Signing/MAYO_Reduce_Extension.vhd
Note: MAYO Add_vec core :
V1 Adr : 6900V2 Adr: 3540OUT Adr :3540
Time: 7625905 ns  Iteration: 2  Process: /Mayo_sign_no_zynq_tb/Sign/Mayo_sign_i/add_vectors/mayo_add_vectors_0/U0/IO_Process  File: /home/osm/Documents/Sect/SECT-MAYO/MAYO/vivado/hw-mayo/hw-mayo.srcs/sources_1/imports/MAYO/src/hdl/MAYO_Keygen/MAYO_add_vectors.vhd
Note: MAYO Add_vec core :
V1 Adr : 6900V2 Adr: 4260OUT Adr :4260
Time: 7626405 ns  Iteration: 2  Process: /Mayo_sign_no_zynq_tb/Sign/Mayo_sign_i/add_vectors/mayo_add_vectors_0/U0/IO_Process  File: /home/osm/Documents/Sect/SECT-MAYO/MAYO/vivado/hw-mayo/hw-mayo.srcs/sources_1/imports/MAYO/src/hdl/MAYO_Keygen/MAYO_add_vectors.vhd
Note: Reduce_extension done
Time: 7648695 ns  Iteration: 1  Process: /Mayo_sign_no_zynq_tb/Sign/Mayo_sign_i/mayo_reduce_extension_0/U0/output  File: /home/osm/Documents/Sect/SECT-MAYO/MAYO/vivado/hw-mayo/hw-mayo.srcs/sources_1/imports/MAYO/src/hdl/MAYO_Signing/MAYO_Reduce_Extension.vhd
Note: MAYO Add_vec core :
V1 Adr : 6900V2 Adr: 3600OUT Adr :3600
Time: 7648725 ns  Iteration: 2  Process: /Mayo_sign_no_zynq_tb/Sign/Mayo_sign_i/add_vectors/mayo_add_vectors_0/U0/IO_Process  File: /home/osm/Documents/Sect/SECT-MAYO/MAYO/vivado/hw-mayo/hw-mayo.srcs/sources_1/imports/MAYO/src/hdl/MAYO_Keygen/MAYO_add_vectors.vhd
Note: MAYO Add_vec core :
V1 Adr : 6900V2 Adr: 4320OUT Adr :4320
Time: 7649225 ns  Iteration: 2  Process: /Mayo_sign_no_zynq_tb/Sign/Mayo_sign_i/add_vectors/mayo_add_vectors_0/U0/IO_Process  File: /home/osm/Documents/Sect/SECT-MAYO/MAYO/vivado/hw-mayo/hw-mayo.srcs/sources_1/imports/MAYO/src/hdl/MAYO_Keygen/MAYO_add_vectors.vhd
