#-----------------------------------------------------------
# Vivado v2020.2 (64-bit)
# SW Build 3064766 on Wed Nov 18 09:12:47 MST 2020
# IP Build 3064653 on Wed Nov 18 14:17:31 MST 2020
# Start of session at: Thu Sep 29 23:48:44 2022
# Process ID: 130671
# Current directory: /home/osm/Documents/SECT-MAYO/MAYO/vivado/blk_mem_gen_0_ex
# Command line: vivado -notrace -source /home/osm/Documents/SECT-MAYO/MAYO/vivado/SHAKE_Saber/SHAKE_Saber.gen/sources_1/ip/blk_mem_gen_0/blk_mem_gen_0_ex.tcl
# Log file: /home/osm/Documents/SECT-MAYO/MAYO/vivado/blk_mem_gen_0_ex/vivado.log
# Journal file: /home/osm/Documents/SECT-MAYO/MAYO/vivado/blk_mem_gen_0_ex/vivado.jou
#-----------------------------------------------------------
start_gui
source /home/osm/Documents/SECT-MAYO/MAYO/vivado/SHAKE_Saber/SHAKE_Saber.gen/sources_1/ip/blk_mem_gen_0/blk_mem_gen_0_ex.tcl -notrace
INFO: [open_example_project] Creating new example project...
INFO: [IP_Flow 19-234] Refreshing IP repositories
INFO: [IP_Flow 19-1704] No user IP repositories specified
INFO: [IP_Flow 19-2313] Loaded Vivado IP repository '/opt/Xilinx/Vivado/2020.2/data/ip'.
create_project: Time (s): cpu = 00:00:43 ; elapsed = 00:00:36 . Memory (MB): peak = 7184.797 ; gain = 80.410 ; free physical = 952 ; free virtual = 9474
INFO: [open_example_project] Setting board_part_repo_paths...
INFO: [open_example_project] Importing original IP ...
INFO: [open_example_project] Generating the example project IP ...
INFO: [IP_Flow 19-1706] Not generating 'Instantiation Template' target for IP 'blk_mem_gen_0'. Target already exists and is up to date.
INFO: [IP_Flow 19-1706] Not generating 'Synthesis' target for IP 'blk_mem_gen_0'. Target already exists and is up to date.
INFO: [IP_Flow 19-1706] Not generating 'Simulation' target for IP 'blk_mem_gen_0'. Target already exists and is up to date.
INFO: [open_example_project] Adding example synthesis HDL files ...
INFO: [open_example_project] Adding example XDC files ...
INFO: [open_example_project] Adding simulation HDL files ...
INFO: [open_example_project] Rebuilding all the top level IPs ...
INFO: [exportsim-Tcl-35] Exporting simulation files for "XSIM" (Xilinx Vivado Simulator)...
INFO: [exportsim-Tcl-29] Script generated: '/home/osm/Documents/SECT-MAYO/MAYO/vivado/blk_mem_gen_0_ex/blk_mem_gen_0_ex.ip_user_files/sim_scripts/blk_mem_gen_0/xsim/blk_mem_gen_0.sh'
INFO: [SIM-utils-43] Exported '/home/osm/Documents/SECT-MAYO/MAYO/vivado/blk_mem_gen_0_ex/blk_mem_gen_0_ex.ip_user_files/sim_scripts/blk_mem_gen_0/xsim/summary.log'
INFO: [exportsim-Tcl-35] Exporting simulation files for "MODELSIM" (Mentor Graphics ModelSim Simulator)...
INFO: [exportsim-Tcl-29] Script generated: '/home/osm/Documents/SECT-MAYO/MAYO/vivado/blk_mem_gen_0_ex/blk_mem_gen_0_ex.ip_user_files/sim_scripts/blk_mem_gen_0/modelsim/blk_mem_gen_0.sh'
INFO: [SIM-utils-43] Exported '/home/osm/Documents/SECT-MAYO/MAYO/vivado/blk_mem_gen_0_ex/blk_mem_gen_0_ex.ip_user_files/sim_scripts/blk_mem_gen_0/modelsim/summary.log'
INFO: [exportsim-Tcl-35] Exporting simulation files for "QUESTA" (Mentor Graphics Questa Advanced Simulator)...
INFO: [exportsim-Tcl-29] Script generated: '/home/osm/Documents/SECT-MAYO/MAYO/vivado/blk_mem_gen_0_ex/blk_mem_gen_0_ex.ip_user_files/sim_scripts/blk_mem_gen_0/questa/blk_mem_gen_0.sh'
INFO: [SIM-utils-43] Exported '/home/osm/Documents/SECT-MAYO/MAYO/vivado/blk_mem_gen_0_ex/blk_mem_gen_0_ex.ip_user_files/sim_scripts/blk_mem_gen_0/questa/summary.log'
INFO: [exportsim-Tcl-35] Exporting simulation files for "IES" (Cadence Incisive Enterprise Simulator)...
INFO: [exportsim-Tcl-29] Script generated: '/home/osm/Documents/SECT-MAYO/MAYO/vivado/blk_mem_gen_0_ex/blk_mem_gen_0_ex.ip_user_files/sim_scripts/blk_mem_gen_0/ies/blk_mem_gen_0.sh'
INFO: [SIM-utils-43] Exported '/home/osm/Documents/SECT-MAYO/MAYO/vivado/blk_mem_gen_0_ex/blk_mem_gen_0_ex.ip_user_files/sim_scripts/blk_mem_gen_0/ies/summary.log'
INFO: [exportsim-Tcl-35] Exporting simulation files for "VCS" (Synopsys Verilog Compiler Simulator)...
INFO: [exportsim-Tcl-29] Script generated: '/home/osm/Documents/SECT-MAYO/MAYO/vivado/blk_mem_gen_0_ex/blk_mem_gen_0_ex.ip_user_files/sim_scripts/blk_mem_gen_0/vcs/blk_mem_gen_0.sh'
INFO: [SIM-utils-43] Exported '/home/osm/Documents/SECT-MAYO/MAYO/vivado/blk_mem_gen_0_ex/blk_mem_gen_0_ex.ip_user_files/sim_scripts/blk_mem_gen_0/vcs/summary.log'
INFO: [exportsim-Tcl-35] Exporting simulation files for "RIVIERA" (Aldec Riviera-PRO Simulator)...
INFO: [exportsim-Tcl-29] Script generated: '/home/osm/Documents/SECT-MAYO/MAYO/vivado/blk_mem_gen_0_ex/blk_mem_gen_0_ex.ip_user_files/sim_scripts/blk_mem_gen_0/riviera/blk_mem_gen_0.sh'
INFO: [SIM-utils-43] Exported '/home/osm/Documents/SECT-MAYO/MAYO/vivado/blk_mem_gen_0_ex/blk_mem_gen_0_ex.ip_user_files/sim_scripts/blk_mem_gen_0/riviera/summary.log'
INFO: [exportsim-Tcl-35] Exporting simulation files for "ACTIVEHDL" (Aldec Active-HDL Simulator)...
INFO: [exportsim-Tcl-29] Script generated: '/home/osm/Documents/SECT-MAYO/MAYO/vivado/blk_mem_gen_0_ex/blk_mem_gen_0_ex.ip_user_files/sim_scripts/blk_mem_gen_0/activehdl/blk_mem_gen_0.sh'
INFO: [SIM-utils-43] Exported '/home/osm/Documents/SECT-MAYO/MAYO/vivado/blk_mem_gen_0_ex/blk_mem_gen_0_ex.ip_user_files/sim_scripts/blk_mem_gen_0/activehdl/summary.log'
INFO: [exportsim-Tcl-35] Exporting simulation files for "XCELIUM" (Cadence Xcelium Parallel Simulator)...
INFO: [exportsim-Tcl-29] Script generated: '/home/osm/Documents/SECT-MAYO/MAYO/vivado/blk_mem_gen_0_ex/blk_mem_gen_0_ex.ip_user_files/sim_scripts/blk_mem_gen_0/xcelium/blk_mem_gen_0.sh'
INFO: [SIM-utils-43] Exported '/home/osm/Documents/SECT-MAYO/MAYO/vivado/blk_mem_gen_0_ex/blk_mem_gen_0_ex.ip_user_files/sim_scripts/blk_mem_gen_0/xcelium/summary.log'
export_ip_user_files: Time (s): cpu = 00:00:10 ; elapsed = 00:00:07 . Memory (MB): peak = 7195.051 ; gain = 0.000 ; free physical = 999 ; free virtual = 9472
INFO: [open_example_project] Open Example Project completed
update_compile_order -fileset sources_1
INFO: [IP_Flow 19-3899] Cannot get the environment domain name variable for the component vendor name. Setting the vendor name to 'user.org'.
exit
INFO: [Common 17-206] Exiting Vivado at Thu Sep 29 23:53:10 2022...
