

================================================================
== Vitis HLS Report for 'hls_linear_combination'
================================================================
* Date:           Sun May 22 18:24:06 2022

* Version:        2020.2 (Build 3064766 on Wed Nov 18 09:12:47 MST 2020)
* Project:        hls_linear_combination
* Solution:       good (Vivado IP Flow Target)
* Product family: zynq
* Target device:  xc7z020-clg484-1


================================================================
== Performance Estimates
================================================================
+ Timing: 
    * Summary: 
    +--------+----------+----------+------------+
    |  Clock |  Target  | Estimated| Uncertainty|
    +--------+----------+----------+------------+
    |ap_clk  |  10.00 ns|  5.039 ns|     2.70 ns|
    +--------+----------+----------+------------+

+ Latency: 
    * Summary: 
    +---------+---------+----------+----------+-----+-----+---------+
    |  Latency (cycles) |  Latency (absolute) |  Interval | Pipeline|
    |   min   |   max   |    min   |    max   | min | max |   Type  |
    +---------+---------+----------+----------+-----+-----+---------+
    |        ?|        ?|         ?|         ?|    ?|    ?|     none|
    +---------+---------+----------+----------+-----+-----+---------+

    + Detail: 
        * Instance: 
        N/A

        * Loop: 
        +------------+---------+---------+----------+-----------+-----------+------+----------+
        |            |  Latency (cycles) | Iteration|  Initiation Interval  | Trip |          |
        |  Loop Name |   min   |   max   |  Latency |  achieved |   target  | Count| Pipelined|
        +------------+---------+---------+----------+-----------+-----------+------+----------+
        |- LOOP_LC1  |        ?|        ?|         1|          1|          1|     ?|       yes|
        |- LOOP_LC2  |       96|       96|        38|          1|          1|    60|       yes|
        +------------+---------+---------+----------+-----------+-----------+------+----------+

============================================================
+ Verbose Summary: Synthesis Manager
============================================================
InlineROM: 1
ExposeGlobal: 0
============================================================
+ Verbose Summary: CDFG Model
============================================================
IsTopModel: 1
ResetActiveHigh: 1
IsCombinational: 0
IsDatapathOnly: 0
HasWiredReturn: 1
HasMFsm: 0
HasVarLatency: 1
IsPipeline: 0
IsRtlPipelined: 0
IsInstanceOverlapped: 0
IsDontTouch: 0
HasImplIP: 0
IsGatedGlobalClock: 0

+ Individual pipeline summary: 
  * Pipeline-0: initiation interval (II) = 1, depth = 1
  * Pipeline-1: initiation interval (II) = 1, depth = 38


============================================================
+ Verbose Summary: Schedule
============================================================
* Number of FSM states : 42
* Pipeline : 2
  Pipeline-0 : II = 1, D = 1, States = { 2 }
  Pipeline-1 : II = 1, D = 38, States = { 4 5 6 7 8 9 10 11 12 13 14 15 16 17 18 19 20 21 22 23 24 25 26 27 28 29 30 31 32 33 34 35 36 37 38 39 40 41 }
* Dataflow Pipeline: 0

* FSM state transitions: 
1 --> 2 
2 --> 3 2 
3 --> 4 
4 --> 42 5 
5 --> 6 
6 --> 7 
7 --> 8 
8 --> 9 
9 --> 10 
10 --> 11 
11 --> 12 
12 --> 13 
13 --> 14 
14 --> 15 
15 --> 16 
16 --> 17 
17 --> 18 
18 --> 19 
19 --> 20 
20 --> 21 
21 --> 22 
22 --> 23 
23 --> 24 
24 --> 25 
25 --> 26 
26 --> 27 
27 --> 28 
28 --> 29 
29 --> 30 
30 --> 31 
31 --> 32 
32 --> 33 
33 --> 34 
34 --> 35 
35 --> 36 
36 --> 37 
37 --> 38 
38 --> 39 
39 --> 40 
40 --> 41 
41 --> 4 
42 --> 

* FSM state operations: 

State 1 <SV = 0> <Delay = 1.58>
ST_1 : Operation 43 [1/1] (0.00ns)   --->   "%spectopmodule_ln0 = spectopmodule void @_ssdm_op_SpecTopModule, void @empty_1"   --->   Operation 43 'spectopmodule' 'spectopmodule_ln0' <Predicate = true> <Delay = 0.00>
ST_1 : Operation 44 [1/1] (0.00ns)   --->   "%specbitsmap_ln0 = specbitsmap void @_ssdm_op_SpecBitsMap, i8 %vecs"   --->   Operation 44 'specbitsmap' 'specbitsmap_ln0' <Predicate = true> <Delay = 0.00>
ST_1 : Operation 45 [1/1] (0.00ns)   --->   "%specinterface_ln0 = specinterface void @_ssdm_op_SpecInterface, i8 %vecs, void @empty, i32 0, i32 0, void @empty_0, i32 0, i32 0, void @empty_0, void @empty_0, void @empty_0, i32 0, i32 0, i32 0, i32 0, void @empty_0, void @empty_0"   --->   Operation 45 'specinterface' 'specinterface_ln0' <Predicate = true> <Delay = 0.00>
ST_1 : Operation 46 [1/1] (0.00ns)   --->   "%specbitsmap_ln0 = specbitsmap void @_ssdm_op_SpecBitsMap, i8 %coeffs"   --->   Operation 46 'specbitsmap' 'specbitsmap_ln0' <Predicate = true> <Delay = 0.00>
ST_1 : Operation 47 [1/1] (0.00ns)   --->   "%specinterface_ln0 = specinterface void @_ssdm_op_SpecInterface, i8 %coeffs, void @empty, i32 0, i32 0, void @empty_0, i32 0, i32 0, void @empty_0, void @empty_0, void @empty_0, i32 0, i32 0, i32 0, i32 0, void @empty_0, void @empty_0"   --->   Operation 47 'specinterface' 'specinterface_ln0' <Predicate = true> <Delay = 0.00>
ST_1 : Operation 48 [1/1] (0.00ns)   --->   "%specbitsmap_ln0 = specbitsmap void @_ssdm_op_SpecBitsMap, i32 %len"   --->   Operation 48 'specbitsmap' 'specbitsmap_ln0' <Predicate = true> <Delay = 0.00>
ST_1 : Operation 49 [1/1] (0.00ns)   --->   "%specinterface_ln0 = specinterface void @_ssdm_op_SpecInterface, i32 %len, void @empty, i32 0, i32 0, void @empty_0, i32 0, i32 0, void @empty_0, void @empty_0, void @empty_0, i32 0, i32 0, i32 0, i32 0, void @empty_0, void @empty_0"   --->   Operation 49 'specinterface' 'specinterface_ln0' <Predicate = true> <Delay = 0.00>
ST_1 : Operation 50 [1/1] (0.00ns)   --->   "%specbitsmap_ln0 = specbitsmap void @_ssdm_op_SpecBitsMap, i8 %out_r"   --->   Operation 50 'specbitsmap' 'specbitsmap_ln0' <Predicate = true> <Delay = 0.00>
ST_1 : Operation 51 [1/1] (0.00ns)   --->   "%specinterface_ln0 = specinterface void @_ssdm_op_SpecInterface, i8 %out_r, void @empty, i32 0, i32 0, void @empty_0, i32 0, i32 0, void @empty_0, void @empty_0, void @empty_0, i32 0, i32 0, i32 0, i32 0, void @empty_0, void @empty_0"   --->   Operation 51 'specinterface' 'specinterface_ln0' <Predicate = true> <Delay = 0.00>
ST_1 : Operation 52 [1/1] (0.00ns)   --->   "%len_read = read i32 @_ssdm_op_Read.ap_auto.i32, i32 %len" [hls_linear_combination/hls_linear_combination.cpp:5]   --->   Operation 52 'read' 'len_read' <Predicate = true> <Delay = 0.00>
ST_1 : Operation 53 [1/1] (1.58ns)   --->   "%br_ln10 = br void" [hls_linear_combination/hls_linear_combination.cpp:10]   --->   Operation 53 'br' 'br_ln10' <Predicate = true> <Delay = 1.58>

State 2 <SV = 1> <Delay = 2.55>
ST_2 : Operation 54 [1/1] (0.00ns)   --->   "%i = phi i32 0, void %.lr.ph, i32 %add_ln10, void %.split4" [hls_linear_combination/hls_linear_combination.cpp:10]   --->   Operation 54 'phi' 'i' <Predicate = true> <Delay = 0.00>
ST_2 : Operation 55 [1/1] (2.55ns)   --->   "%add_ln10 = add i32 %i, i32 1" [hls_linear_combination/hls_linear_combination.cpp:10]   --->   Operation 55 'add' 'add_ln10' <Predicate = true> <Delay = 2.55> <CoreInst = "Adder">   --->   Core 1 'Adder' <Latency = 0> <II = 1> <Delay = 1.78> <FuncUnit> <Opcode : 'add' 'sub'> <InPorts = 2> <OutPorts = 1>
ST_2 : Operation 56 [1/1] (2.47ns)   --->   "%icmp_ln10 = icmp_eq  i32 %i, i32 %len_read" [hls_linear_combination/hls_linear_combination.cpp:10]   --->   Operation 56 'icmp' 'icmp_ln10' <Predicate = true> <Delay = 2.47> <CoreInst = "Cmp">   --->   Core 9 'Cmp' <Latency = 0> <II = 1> <Delay = 2.47> <FuncUnit> <Opcode : 'icmp'> <InPorts = 2> <OutPorts = 1>
ST_2 : Operation 57 [1/1] (0.00ns)   --->   "%br_ln10 = br i1 %icmp_ln10, void %.split4, void %._crit_edge.loopexit.preheader" [hls_linear_combination/hls_linear_combination.cpp:10]   --->   Operation 57 'br' 'br_ln10' <Predicate = true> <Delay = 0.00>
ST_2 : Operation 58 [1/1] (0.00ns)   --->   "%specpipeline_ln10 = specpipeline void @_ssdm_op_SpecPipeline, i32 4294967295, i32 0, i32 0, i32 0, void @empty_0" [hls_linear_combination/hls_linear_combination.cpp:10]   --->   Operation 58 'specpipeline' 'specpipeline_ln10' <Predicate = (!icmp_ln10)> <Delay = 0.00>
ST_2 : Operation 59 [1/1] (0.00ns)   --->   "%specloopname_ln10 = specloopname void @_ssdm_op_SpecLoopName, void @empty_3" [hls_linear_combination/hls_linear_combination.cpp:10]   --->   Operation 59 'specloopname' 'specloopname_ln10' <Predicate = (!icmp_ln10)> <Delay = 0.00>
ST_2 : Operation 60 [1/1] (0.00ns)   --->   "%br_ln0 = br void"   --->   Operation 60 'br' 'br_ln0' <Predicate = (!icmp_ln10)> <Delay = 0.00>

State 3 <SV = 2> <Delay = 1.58>
ST_3 : Operation 61 [1/1] (1.58ns)   --->   "%br_ln18 = br void %._crit_edge.loopexit" [hls_linear_combination/hls_linear_combination.cpp:18]   --->   Operation 61 'br' 'br_ln18' <Predicate = true> <Delay = 1.58>

State 4 <SV = 3> <Delay = 2.06>
ST_4 : Operation 62 [1/1] (0.00ns)   --->   "%i_1 = phi i6 %add_ln18, void %generic_remquo<33, 33>.exit, i6 0, void %._crit_edge.loopexit.preheader" [hls_linear_combination/hls_linear_combination.cpp:18]   --->   Operation 62 'phi' 'i_1' <Predicate = true> <Delay = 0.00>
ST_4 : Operation 63 [1/1] (1.82ns)   --->   "%add_ln18 = add i6 %i_1, i6 1" [hls_linear_combination/hls_linear_combination.cpp:18]   --->   Operation 63 'add' 'add_ln18' <Predicate = true> <Delay = 1.82> <CoreInst = "Adder">   --->   Core 1 'Adder' <Latency = 0> <II = 1> <Delay = 1.78> <FuncUnit> <Opcode : 'add' 'sub'> <InPorts = 2> <OutPorts = 1>
ST_4 : Operation 64 [1/1] (1.42ns)   --->   "%icmp_ln18 = icmp_eq  i6 %i_1, i6 60" [hls_linear_combination/hls_linear_combination.cpp:18]   --->   Operation 64 'icmp' 'icmp_ln18' <Predicate = true> <Delay = 1.42> <CoreInst = "Cmp">   --->   Core 9 'Cmp' <Latency = 0> <II = 1> <Delay = 2.47> <FuncUnit> <Opcode : 'icmp'> <InPorts = 2> <OutPorts = 1>
ST_4 : Operation 65 [1/1] (0.00ns)   --->   "%empty = speclooptripcount i32 @_ssdm_op_SpecLoopTripCount, i64 60, i64 60, i64 60"   --->   Operation 65 'speclooptripcount' 'empty' <Predicate = true> <Delay = 0.00>
ST_4 : Operation 66 [1/1] (0.00ns)   --->   "%br_ln18 = br i1 %icmp_ln18, void %.split, void" [hls_linear_combination/hls_linear_combination.cpp:18]   --->   Operation 66 'br' 'br_ln18' <Predicate = true> <Delay = 0.00>
ST_4 : Operation 67 [1/1] (0.00ns)   --->   "%specpipeline_ln18 = specpipeline void @_ssdm_op_SpecPipeline, i32 4294967295, i32 0, i32 0, i32 0, void @empty_0" [hls_linear_combination/hls_linear_combination.cpp:18]   --->   Operation 67 'specpipeline' 'specpipeline_ln18' <Predicate = (!icmp_ln18)> <Delay = 0.00>
ST_4 : Operation 68 [1/1] (0.00ns)   --->   "%specloopname_ln18 = specloopname void @_ssdm_op_SpecLoopName, void @empty_2" [hls_linear_combination/hls_linear_combination.cpp:18]   --->   Operation 68 'specloopname' 'specloopname_ln18' <Predicate = (!icmp_ln18)> <Delay = 0.00>
ST_4 : Operation 69 [1/1] (0.00ns)   --->   "%trunc_ln21 = trunc i6 %i_1" [hls_linear_combination/hls_linear_combination.cpp:21]   --->   Operation 69 'trunc' 'trunc_ln21' <Predicate = (!icmp_ln18)> <Delay = 0.00>
ST_4 : Operation 70 [1/1] (0.00ns)   --->   "%trunc_ln21_1 = partselect i2 @_ssdm_op_PartSelect.i2.i6.i32.i32, i6 %i_1, i32 4, i32 5" [hls_linear_combination/hls_linear_combination.cpp:21]   --->   Operation 70 'partselect' 'trunc_ln21_1' <Predicate = (!icmp_ln18)> <Delay = 0.00>
ST_4 : Operation 71 [1/1] (1.42ns)   --->   "%switch_ln21 = switch i4 %trunc_ln21, void %branch15, i4 0, void %branch0, i4 1, void %branch1, i4 2, void %branch2, i4 3, void %branch3, i4 4, void %branch4, i4 5, void %branch5, i4 6, void %branch6, i4 7, void %branch7, i4 8, void %branch8, i4 9, void %branch9, i4 10, void %branch10, i4 11, void %branch11, i4 12, void %branch12, i4 13, void %branch13, i4 14, void %branch14" [hls_linear_combination/hls_linear_combination.cpp:21]   --->   Operation 71 'switch' 'switch_ln21' <Predicate = (!icmp_ln18)> <Delay = 1.42>
ST_4 : Operation 72 [1/1] (1.70ns)   --->   "%tmp_14 = mux i32 @_ssdm_op_Mux.ap_auto.3i32.i2, i32 0, i32 0, i32 0, i2 %trunc_ln21_1" [hls_linear_combination/hls_linear_combination.cpp:21]   --->   Operation 72 'mux' 'tmp_14' <Predicate = (!icmp_ln18 & trunc_ln21 == 14)> <Delay = 1.70> <CoreInst = "Multiplexer">   --->   Core 76 'Multiplexer' <Latency = 0> <II = 1> <Delay = 1.70> <FuncUnit> <Opcode : 'mux'> <InPorts = 2> <OutPorts = 1>
ST_4 : Operation 73 [1/1] (2.06ns)   --->   "%br_ln21 = br void %.split1041" [hls_linear_combination/hls_linear_combination.cpp:21]   --->   Operation 73 'br' 'br_ln21' <Predicate = (!icmp_ln18 & trunc_ln21 == 14)> <Delay = 2.06>
ST_4 : Operation 74 [1/1] (1.70ns)   --->   "%tmp_13 = mux i32 @_ssdm_op_Mux.ap_auto.3i32.i2, i32 0, i32 0, i32 0, i2 %trunc_ln21_1" [hls_linear_combination/hls_linear_combination.cpp:21]   --->   Operation 74 'mux' 'tmp_13' <Predicate = (!icmp_ln18 & trunc_ln21 == 13)> <Delay = 1.70> <CoreInst = "Multiplexer">   --->   Core 76 'Multiplexer' <Latency = 0> <II = 1> <Delay = 1.70> <FuncUnit> <Opcode : 'mux'> <InPorts = 2> <OutPorts = 1>
ST_4 : Operation 75 [1/1] (2.06ns)   --->   "%br_ln21 = br void %.split1041" [hls_linear_combination/hls_linear_combination.cpp:21]   --->   Operation 75 'br' 'br_ln21' <Predicate = (!icmp_ln18 & trunc_ln21 == 13)> <Delay = 2.06>
ST_4 : Operation 76 [1/1] (1.70ns)   --->   "%tmp_12 = mux i32 @_ssdm_op_Mux.ap_auto.3i32.i2, i32 0, i32 0, i32 0, i2 %trunc_ln21_1" [hls_linear_combination/hls_linear_combination.cpp:21]   --->   Operation 76 'mux' 'tmp_12' <Predicate = (!icmp_ln18 & trunc_ln21 == 12)> <Delay = 1.70> <CoreInst = "Multiplexer">   --->   Core 76 'Multiplexer' <Latency = 0> <II = 1> <Delay = 1.70> <FuncUnit> <Opcode : 'mux'> <InPorts = 2> <OutPorts = 1>
ST_4 : Operation 77 [1/1] (2.06ns)   --->   "%br_ln21 = br void %.split1041" [hls_linear_combination/hls_linear_combination.cpp:21]   --->   Operation 77 'br' 'br_ln21' <Predicate = (!icmp_ln18 & trunc_ln21 == 12)> <Delay = 2.06>
ST_4 : Operation 78 [1/1] (1.82ns)   --->   "%tmp_11 = mux i32 @_ssdm_op_Mux.ap_auto.4i32.i2, i32 0, i32 0, i32 0, i32 0, i2 %trunc_ln21_1" [hls_linear_combination/hls_linear_combination.cpp:21]   --->   Operation 78 'mux' 'tmp_11' <Predicate = (!icmp_ln18 & trunc_ln21 == 11)> <Delay = 1.82> <CoreInst = "Multiplexer">   --->   Core 76 'Multiplexer' <Latency = 0> <II = 1> <Delay = 1.82> <FuncUnit> <Opcode : 'mux'> <InPorts = 2> <OutPorts = 1>
ST_4 : Operation 79 [1/1] (2.06ns)   --->   "%br_ln21 = br void %.split1041" [hls_linear_combination/hls_linear_combination.cpp:21]   --->   Operation 79 'br' 'br_ln21' <Predicate = (!icmp_ln18 & trunc_ln21 == 11)> <Delay = 2.06>
ST_4 : Operation 80 [1/1] (1.82ns)   --->   "%tmp_10 = mux i32 @_ssdm_op_Mux.ap_auto.4i32.i2, i32 0, i32 0, i32 0, i32 0, i2 %trunc_ln21_1" [hls_linear_combination/hls_linear_combination.cpp:21]   --->   Operation 80 'mux' 'tmp_10' <Predicate = (!icmp_ln18 & trunc_ln21 == 10)> <Delay = 1.82> <CoreInst = "Multiplexer">   --->   Core 76 'Multiplexer' <Latency = 0> <II = 1> <Delay = 1.82> <FuncUnit> <Opcode : 'mux'> <InPorts = 2> <OutPorts = 1>
ST_4 : Operation 81 [1/1] (2.06ns)   --->   "%br_ln21 = br void %.split1041" [hls_linear_combination/hls_linear_combination.cpp:21]   --->   Operation 81 'br' 'br_ln21' <Predicate = (!icmp_ln18 & trunc_ln21 == 10)> <Delay = 2.06>
ST_4 : Operation 82 [1/1] (1.82ns)   --->   "%tmp_s = mux i32 @_ssdm_op_Mux.ap_auto.4i32.i2, i32 0, i32 0, i32 0, i32 0, i2 %trunc_ln21_1" [hls_linear_combination/hls_linear_combination.cpp:21]   --->   Operation 82 'mux' 'tmp_s' <Predicate = (!icmp_ln18 & trunc_ln21 == 9)> <Delay = 1.82> <CoreInst = "Multiplexer">   --->   Core 76 'Multiplexer' <Latency = 0> <II = 1> <Delay = 1.82> <FuncUnit> <Opcode : 'mux'> <InPorts = 2> <OutPorts = 1>
ST_4 : Operation 83 [1/1] (2.06ns)   --->   "%br_ln21 = br void %.split1041" [hls_linear_combination/hls_linear_combination.cpp:21]   --->   Operation 83 'br' 'br_ln21' <Predicate = (!icmp_ln18 & trunc_ln21 == 9)> <Delay = 2.06>
ST_4 : Operation 84 [1/1] (1.82ns)   --->   "%tmp_9 = mux i32 @_ssdm_op_Mux.ap_auto.4i32.i2, i32 0, i32 0, i32 0, i32 0, i2 %trunc_ln21_1" [hls_linear_combination/hls_linear_combination.cpp:21]   --->   Operation 84 'mux' 'tmp_9' <Predicate = (!icmp_ln18 & trunc_ln21 == 8)> <Delay = 1.82> <CoreInst = "Multiplexer">   --->   Core 76 'Multiplexer' <Latency = 0> <II = 1> <Delay = 1.82> <FuncUnit> <Opcode : 'mux'> <InPorts = 2> <OutPorts = 1>
ST_4 : Operation 85 [1/1] (2.06ns)   --->   "%br_ln21 = br void %.split1041" [hls_linear_combination/hls_linear_combination.cpp:21]   --->   Operation 85 'br' 'br_ln21' <Predicate = (!icmp_ln18 & trunc_ln21 == 8)> <Delay = 2.06>
ST_4 : Operation 86 [1/1] (1.82ns)   --->   "%tmp_8 = mux i32 @_ssdm_op_Mux.ap_auto.4i32.i2, i32 0, i32 0, i32 0, i32 0, i2 %trunc_ln21_1" [hls_linear_combination/hls_linear_combination.cpp:21]   --->   Operation 86 'mux' 'tmp_8' <Predicate = (!icmp_ln18 & trunc_ln21 == 7)> <Delay = 1.82> <CoreInst = "Multiplexer">   --->   Core 76 'Multiplexer' <Latency = 0> <II = 1> <Delay = 1.82> <FuncUnit> <Opcode : 'mux'> <InPorts = 2> <OutPorts = 1>
ST_4 : Operation 87 [1/1] (2.06ns)   --->   "%br_ln21 = br void %.split1041" [hls_linear_combination/hls_linear_combination.cpp:21]   --->   Operation 87 'br' 'br_ln21' <Predicate = (!icmp_ln18 & trunc_ln21 == 7)> <Delay = 2.06>
ST_4 : Operation 88 [1/1] (1.82ns)   --->   "%tmp_7 = mux i32 @_ssdm_op_Mux.ap_auto.4i32.i2, i32 0, i32 0, i32 0, i32 0, i2 %trunc_ln21_1" [hls_linear_combination/hls_linear_combination.cpp:21]   --->   Operation 88 'mux' 'tmp_7' <Predicate = (!icmp_ln18 & trunc_ln21 == 6)> <Delay = 1.82> <CoreInst = "Multiplexer">   --->   Core 76 'Multiplexer' <Latency = 0> <II = 1> <Delay = 1.82> <FuncUnit> <Opcode : 'mux'> <InPorts = 2> <OutPorts = 1>
ST_4 : Operation 89 [1/1] (2.06ns)   --->   "%br_ln21 = br void %.split1041" [hls_linear_combination/hls_linear_combination.cpp:21]   --->   Operation 89 'br' 'br_ln21' <Predicate = (!icmp_ln18 & trunc_ln21 == 6)> <Delay = 2.06>
ST_4 : Operation 90 [1/1] (1.82ns)   --->   "%tmp_6 = mux i32 @_ssdm_op_Mux.ap_auto.4i32.i2, i32 0, i32 0, i32 0, i32 0, i2 %trunc_ln21_1" [hls_linear_combination/hls_linear_combination.cpp:21]   --->   Operation 90 'mux' 'tmp_6' <Predicate = (!icmp_ln18 & trunc_ln21 == 5)> <Delay = 1.82> <CoreInst = "Multiplexer">   --->   Core 76 'Multiplexer' <Latency = 0> <II = 1> <Delay = 1.82> <FuncUnit> <Opcode : 'mux'> <InPorts = 2> <OutPorts = 1>
ST_4 : Operation 91 [1/1] (2.06ns)   --->   "%br_ln21 = br void %.split1041" [hls_linear_combination/hls_linear_combination.cpp:21]   --->   Operation 91 'br' 'br_ln21' <Predicate = (!icmp_ln18 & trunc_ln21 == 5)> <Delay = 2.06>
ST_4 : Operation 92 [1/1] (1.82ns)   --->   "%tmp_5 = mux i32 @_ssdm_op_Mux.ap_auto.4i32.i2, i32 0, i32 0, i32 0, i32 0, i2 %trunc_ln21_1" [hls_linear_combination/hls_linear_combination.cpp:21]   --->   Operation 92 'mux' 'tmp_5' <Predicate = (!icmp_ln18 & trunc_ln21 == 4)> <Delay = 1.82> <CoreInst = "Multiplexer">   --->   Core 76 'Multiplexer' <Latency = 0> <II = 1> <Delay = 1.82> <FuncUnit> <Opcode : 'mux'> <InPorts = 2> <OutPorts = 1>
ST_4 : Operation 93 [1/1] (2.06ns)   --->   "%br_ln21 = br void %.split1041" [hls_linear_combination/hls_linear_combination.cpp:21]   --->   Operation 93 'br' 'br_ln21' <Predicate = (!icmp_ln18 & trunc_ln21 == 4)> <Delay = 2.06>
ST_4 : Operation 94 [1/1] (1.82ns)   --->   "%tmp_4 = mux i32 @_ssdm_op_Mux.ap_auto.4i32.i2, i32 0, i32 0, i32 0, i32 0, i2 %trunc_ln21_1" [hls_linear_combination/hls_linear_combination.cpp:21]   --->   Operation 94 'mux' 'tmp_4' <Predicate = (!icmp_ln18 & trunc_ln21 == 3)> <Delay = 1.82> <CoreInst = "Multiplexer">   --->   Core 76 'Multiplexer' <Latency = 0> <II = 1> <Delay = 1.82> <FuncUnit> <Opcode : 'mux'> <InPorts = 2> <OutPorts = 1>
ST_4 : Operation 95 [1/1] (2.06ns)   --->   "%br_ln21 = br void %.split1041" [hls_linear_combination/hls_linear_combination.cpp:21]   --->   Operation 95 'br' 'br_ln21' <Predicate = (!icmp_ln18 & trunc_ln21 == 3)> <Delay = 2.06>
ST_4 : Operation 96 [1/1] (1.82ns)   --->   "%tmp_3 = mux i32 @_ssdm_op_Mux.ap_auto.4i32.i2, i32 0, i32 0, i32 0, i32 0, i2 %trunc_ln21_1" [hls_linear_combination/hls_linear_combination.cpp:21]   --->   Operation 96 'mux' 'tmp_3' <Predicate = (!icmp_ln18 & trunc_ln21 == 2)> <Delay = 1.82> <CoreInst = "Multiplexer">   --->   Core 76 'Multiplexer' <Latency = 0> <II = 1> <Delay = 1.82> <FuncUnit> <Opcode : 'mux'> <InPorts = 2> <OutPorts = 1>
ST_4 : Operation 97 [1/1] (2.06ns)   --->   "%br_ln21 = br void %.split1041" [hls_linear_combination/hls_linear_combination.cpp:21]   --->   Operation 97 'br' 'br_ln21' <Predicate = (!icmp_ln18 & trunc_ln21 == 2)> <Delay = 2.06>
ST_4 : Operation 98 [1/1] (1.82ns)   --->   "%tmp_2 = mux i32 @_ssdm_op_Mux.ap_auto.4i32.i2, i32 0, i32 0, i32 0, i32 0, i2 %trunc_ln21_1" [hls_linear_combination/hls_linear_combination.cpp:21]   --->   Operation 98 'mux' 'tmp_2' <Predicate = (!icmp_ln18 & trunc_ln21 == 1)> <Delay = 1.82> <CoreInst = "Multiplexer">   --->   Core 76 'Multiplexer' <Latency = 0> <II = 1> <Delay = 1.82> <FuncUnit> <Opcode : 'mux'> <InPorts = 2> <OutPorts = 1>
ST_4 : Operation 99 [1/1] (2.06ns)   --->   "%br_ln21 = br void %.split1041" [hls_linear_combination/hls_linear_combination.cpp:21]   --->   Operation 99 'br' 'br_ln21' <Predicate = (!icmp_ln18 & trunc_ln21 == 1)> <Delay = 2.06>
ST_4 : Operation 100 [1/1] (1.82ns)   --->   "%tmp_1 = mux i32 @_ssdm_op_Mux.ap_auto.4i32.i2, i32 0, i32 0, i32 0, i32 0, i2 %trunc_ln21_1" [hls_linear_combination/hls_linear_combination.cpp:21]   --->   Operation 100 'mux' 'tmp_1' <Predicate = (!icmp_ln18 & trunc_ln21 == 0)> <Delay = 1.82> <CoreInst = "Multiplexer">   --->   Core 76 'Multiplexer' <Latency = 0> <II = 1> <Delay = 1.82> <FuncUnit> <Opcode : 'mux'> <InPorts = 2> <OutPorts = 1>
ST_4 : Operation 101 [1/1] (2.06ns)   --->   "%br_ln21 = br void %.split1041" [hls_linear_combination/hls_linear_combination.cpp:21]   --->   Operation 101 'br' 'br_ln21' <Predicate = (!icmp_ln18 & trunc_ln21 == 0)> <Delay = 2.06>
ST_4 : Operation 102 [1/1] (1.70ns)   --->   "%tmp = mux i32 @_ssdm_op_Mux.ap_auto.3i32.i2, i32 0, i32 0, i32 0, i2 %trunc_ln21_1" [hls_linear_combination/hls_linear_combination.cpp:21]   --->   Operation 102 'mux' 'tmp' <Predicate = (!icmp_ln18 & trunc_ln21 == 15)> <Delay = 1.70> <CoreInst = "Multiplexer">   --->   Core 76 'Multiplexer' <Latency = 0> <II = 1> <Delay = 1.70> <FuncUnit> <Opcode : 'mux'> <InPorts = 2> <OutPorts = 1>
ST_4 : Operation 103 [1/1] (2.06ns)   --->   "%br_ln21 = br void %.split1041" [hls_linear_combination/hls_linear_combination.cpp:21]   --->   Operation 103 'br' 'br_ln21' <Predicate = (!icmp_ln18 & trunc_ln21 == 15)> <Delay = 2.06>

State 5 <SV = 4> <Delay = 5.03>
ST_5 : Operation 104 [1/1] (0.00ns)   --->   "%tmp_15 = phi i32 %tmp_1, void %branch0, i32 %tmp_2, void %branch1, i32 %tmp_3, void %branch2, i32 %tmp_4, void %branch3, i32 %tmp_5, void %branch4, i32 %tmp_6, void %branch5, i32 %tmp_7, void %branch6, i32 %tmp_8, void %branch7, i32 %tmp_9, void %branch8, i32 %tmp_s, void %branch9, i32 %tmp_10, void %branch10, i32 %tmp_11, void %branch11, i32 %tmp_12, void %branch12, i32 %tmp_13, void %branch13, i32 %tmp_14, void %branch14, i32 %tmp, void %branch15" [hls_linear_combination/hls_linear_combination.cpp:21]   --->   Operation 104 'phi' 'tmp_15' <Predicate = (!icmp_ln18)> <Delay = 0.00>
ST_5 : Operation 105 [1/1] (2.47ns)   --->   "%empty_8 = icmp_eq  i32 %tmp_15, i32 31" [hls_linear_combination/hls_linear_combination.cpp:21]   --->   Operation 105 'icmp' 'empty_8' <Predicate = (!icmp_ln18)> <Delay = 2.47> <CoreInst = "Cmp">   --->   Core 9 'Cmp' <Latency = 0> <II = 1> <Delay = 2.47> <FuncUnit> <Opcode : 'icmp'> <InPorts = 2> <OutPorts = 1>
ST_5 : Operation 106 [1/1] (2.47ns)   --->   "%empty_9 = icmp_eq  i32 %tmp_15, i32 0" [hls_linear_combination/hls_linear_combination.cpp:21]   --->   Operation 106 'icmp' 'empty_9' <Predicate = (!icmp_ln18)> <Delay = 2.47> <CoreInst = "Cmp">   --->   Core 9 'Cmp' <Latency = 0> <II = 1> <Delay = 2.47> <FuncUnit> <Opcode : 'icmp'> <InPorts = 2> <OutPorts = 1>
ST_5 : Operation 107 [1/1] (0.97ns)   --->   "%empty_10 = or i1 %empty_9, i1 %empty_8" [hls_linear_combination/hls_linear_combination.cpp:21]   --->   Operation 107 'or' 'empty_10' <Predicate = (!icmp_ln18)> <Delay = 0.97> <CoreInst = "LogicGate">   --->   Core 74 'LogicGate' <Latency = 0> <II = 1> <Delay = 0.78> <FuncUnit> <Opcode : 'and' 'or' 'xor'> <InPorts = 2> <OutPorts = 1>
ST_5 : Operation 108 [1/1] (1.58ns)   --->   "%br_ln21 = br i1 %empty_10, void %_ZN8ap_fixedILi33ELi33EL9ap_q_mode5EL9ap_o_mode3ELi0EEC2Ei.exit.i, void %generic_remquo<33, 33>.exit" [hls_linear_combination/hls_linear_combination.cpp:21]   --->   Operation 108 'br' 'br_ln21' <Predicate = (!icmp_ln18)> <Delay = 1.58>
ST_5 : Operation 109 [36/36] (4.33ns)   --->   "%rem_V = urem i32 %tmp_15, i32 31"   --->   Operation 109 'urem' 'rem_V' <Predicate = (!icmp_ln18 & !empty_10)> <Delay = 4.33> <CoreInst = "Divider">   --->   Core 6 'Divider' <Latency = 35> <II = 1> <Delay = 4.33> <FuncUnit> <Opcode : 'sdiv' 'srem' 'udiv' 'urem'> <InPorts = 2> <OutPorts = 1>

State 6 <SV = 5> <Delay = 4.33>
ST_6 : Operation 110 [35/36] (4.33ns)   --->   "%rem_V = urem i32 %tmp_15, i32 31"   --->   Operation 110 'urem' 'rem_V' <Predicate = (!icmp_ln18 & !empty_10)> <Delay = 4.33> <CoreInst = "Divider">   --->   Core 6 'Divider' <Latency = 35> <II = 1> <Delay = 4.33> <FuncUnit> <Opcode : 'sdiv' 'srem' 'udiv' 'urem'> <InPorts = 2> <OutPorts = 1>

State 7 <SV = 6> <Delay = 4.33>
ST_7 : Operation 111 [34/36] (4.33ns)   --->   "%rem_V = urem i32 %tmp_15, i32 31"   --->   Operation 111 'urem' 'rem_V' <Predicate = (!icmp_ln18 & !empty_10)> <Delay = 4.33> <CoreInst = "Divider">   --->   Core 6 'Divider' <Latency = 35> <II = 1> <Delay = 4.33> <FuncUnit> <Opcode : 'sdiv' 'srem' 'udiv' 'urem'> <InPorts = 2> <OutPorts = 1>

State 8 <SV = 7> <Delay = 4.33>
ST_8 : Operation 112 [33/36] (4.33ns)   --->   "%rem_V = urem i32 %tmp_15, i32 31"   --->   Operation 112 'urem' 'rem_V' <Predicate = (!icmp_ln18 & !empty_10)> <Delay = 4.33> <CoreInst = "Divider">   --->   Core 6 'Divider' <Latency = 35> <II = 1> <Delay = 4.33> <FuncUnit> <Opcode : 'sdiv' 'srem' 'udiv' 'urem'> <InPorts = 2> <OutPorts = 1>

State 9 <SV = 8> <Delay = 4.33>
ST_9 : Operation 113 [32/36] (4.33ns)   --->   "%rem_V = urem i32 %tmp_15, i32 31"   --->   Operation 113 'urem' 'rem_V' <Predicate = (!icmp_ln18 & !empty_10)> <Delay = 4.33> <CoreInst = "Divider">   --->   Core 6 'Divider' <Latency = 35> <II = 1> <Delay = 4.33> <FuncUnit> <Opcode : 'sdiv' 'srem' 'udiv' 'urem'> <InPorts = 2> <OutPorts = 1>

State 10 <SV = 9> <Delay = 4.33>
ST_10 : Operation 114 [31/36] (4.33ns)   --->   "%rem_V = urem i32 %tmp_15, i32 31"   --->   Operation 114 'urem' 'rem_V' <Predicate = (!icmp_ln18 & !empty_10)> <Delay = 4.33> <CoreInst = "Divider">   --->   Core 6 'Divider' <Latency = 35> <II = 1> <Delay = 4.33> <FuncUnit> <Opcode : 'sdiv' 'srem' 'udiv' 'urem'> <InPorts = 2> <OutPorts = 1>

State 11 <SV = 10> <Delay = 4.33>
ST_11 : Operation 115 [30/36] (4.33ns)   --->   "%rem_V = urem i32 %tmp_15, i32 31"   --->   Operation 115 'urem' 'rem_V' <Predicate = (!icmp_ln18 & !empty_10)> <Delay = 4.33> <CoreInst = "Divider">   --->   Core 6 'Divider' <Latency = 35> <II = 1> <Delay = 4.33> <FuncUnit> <Opcode : 'sdiv' 'srem' 'udiv' 'urem'> <InPorts = 2> <OutPorts = 1>

State 12 <SV = 11> <Delay = 4.33>
ST_12 : Operation 116 [29/36] (4.33ns)   --->   "%rem_V = urem i32 %tmp_15, i32 31"   --->   Operation 116 'urem' 'rem_V' <Predicate = (!icmp_ln18 & !empty_10)> <Delay = 4.33> <CoreInst = "Divider">   --->   Core 6 'Divider' <Latency = 35> <II = 1> <Delay = 4.33> <FuncUnit> <Opcode : 'sdiv' 'srem' 'udiv' 'urem'> <InPorts = 2> <OutPorts = 1>

State 13 <SV = 12> <Delay = 4.33>
ST_13 : Operation 117 [28/36] (4.33ns)   --->   "%rem_V = urem i32 %tmp_15, i32 31"   --->   Operation 117 'urem' 'rem_V' <Predicate = (!icmp_ln18 & !empty_10)> <Delay = 4.33> <CoreInst = "Divider">   --->   Core 6 'Divider' <Latency = 35> <II = 1> <Delay = 4.33> <FuncUnit> <Opcode : 'sdiv' 'srem' 'udiv' 'urem'> <InPorts = 2> <OutPorts = 1>

State 14 <SV = 13> <Delay = 4.33>
ST_14 : Operation 118 [27/36] (4.33ns)   --->   "%rem_V = urem i32 %tmp_15, i32 31"   --->   Operation 118 'urem' 'rem_V' <Predicate = (!icmp_ln18 & !empty_10)> <Delay = 4.33> <CoreInst = "Divider">   --->   Core 6 'Divider' <Latency = 35> <II = 1> <Delay = 4.33> <FuncUnit> <Opcode : 'sdiv' 'srem' 'udiv' 'urem'> <InPorts = 2> <OutPorts = 1>

State 15 <SV = 14> <Delay = 4.33>
ST_15 : Operation 119 [26/36] (4.33ns)   --->   "%rem_V = urem i32 %tmp_15, i32 31"   --->   Operation 119 'urem' 'rem_V' <Predicate = (!icmp_ln18 & !empty_10)> <Delay = 4.33> <CoreInst = "Divider">   --->   Core 6 'Divider' <Latency = 35> <II = 1> <Delay = 4.33> <FuncUnit> <Opcode : 'sdiv' 'srem' 'udiv' 'urem'> <InPorts = 2> <OutPorts = 1>

State 16 <SV = 15> <Delay = 4.33>
ST_16 : Operation 120 [25/36] (4.33ns)   --->   "%rem_V = urem i32 %tmp_15, i32 31"   --->   Operation 120 'urem' 'rem_V' <Predicate = (!icmp_ln18 & !empty_10)> <Delay = 4.33> <CoreInst = "Divider">   --->   Core 6 'Divider' <Latency = 35> <II = 1> <Delay = 4.33> <FuncUnit> <Opcode : 'sdiv' 'srem' 'udiv' 'urem'> <InPorts = 2> <OutPorts = 1>

State 17 <SV = 16> <Delay = 4.33>
ST_17 : Operation 121 [24/36] (4.33ns)   --->   "%rem_V = urem i32 %tmp_15, i32 31"   --->   Operation 121 'urem' 'rem_V' <Predicate = (!icmp_ln18 & !empty_10)> <Delay = 4.33> <CoreInst = "Divider">   --->   Core 6 'Divider' <Latency = 35> <II = 1> <Delay = 4.33> <FuncUnit> <Opcode : 'sdiv' 'srem' 'udiv' 'urem'> <InPorts = 2> <OutPorts = 1>

State 18 <SV = 17> <Delay = 4.33>
ST_18 : Operation 122 [23/36] (4.33ns)   --->   "%rem_V = urem i32 %tmp_15, i32 31"   --->   Operation 122 'urem' 'rem_V' <Predicate = (!icmp_ln18 & !empty_10)> <Delay = 4.33> <CoreInst = "Divider">   --->   Core 6 'Divider' <Latency = 35> <II = 1> <Delay = 4.33> <FuncUnit> <Opcode : 'sdiv' 'srem' 'udiv' 'urem'> <InPorts = 2> <OutPorts = 1>

State 19 <SV = 18> <Delay = 4.33>
ST_19 : Operation 123 [22/36] (4.33ns)   --->   "%rem_V = urem i32 %tmp_15, i32 31"   --->   Operation 123 'urem' 'rem_V' <Predicate = (!icmp_ln18 & !empty_10)> <Delay = 4.33> <CoreInst = "Divider">   --->   Core 6 'Divider' <Latency = 35> <II = 1> <Delay = 4.33> <FuncUnit> <Opcode : 'sdiv' 'srem' 'udiv' 'urem'> <InPorts = 2> <OutPorts = 1>

State 20 <SV = 19> <Delay = 4.33>
ST_20 : Operation 124 [21/36] (4.33ns)   --->   "%rem_V = urem i32 %tmp_15, i32 31"   --->   Operation 124 'urem' 'rem_V' <Predicate = (!icmp_ln18 & !empty_10)> <Delay = 4.33> <CoreInst = "Divider">   --->   Core 6 'Divider' <Latency = 35> <II = 1> <Delay = 4.33> <FuncUnit> <Opcode : 'sdiv' 'srem' 'udiv' 'urem'> <InPorts = 2> <OutPorts = 1>

State 21 <SV = 20> <Delay = 4.33>
ST_21 : Operation 125 [20/36] (4.33ns)   --->   "%rem_V = urem i32 %tmp_15, i32 31"   --->   Operation 125 'urem' 'rem_V' <Predicate = (!icmp_ln18 & !empty_10)> <Delay = 4.33> <CoreInst = "Divider">   --->   Core 6 'Divider' <Latency = 35> <II = 1> <Delay = 4.33> <FuncUnit> <Opcode : 'sdiv' 'srem' 'udiv' 'urem'> <InPorts = 2> <OutPorts = 1>

State 22 <SV = 21> <Delay = 4.33>
ST_22 : Operation 126 [19/36] (4.33ns)   --->   "%rem_V = urem i32 %tmp_15, i32 31"   --->   Operation 126 'urem' 'rem_V' <Predicate = (!icmp_ln18 & !empty_10)> <Delay = 4.33> <CoreInst = "Divider">   --->   Core 6 'Divider' <Latency = 35> <II = 1> <Delay = 4.33> <FuncUnit> <Opcode : 'sdiv' 'srem' 'udiv' 'urem'> <InPorts = 2> <OutPorts = 1>

State 23 <SV = 22> <Delay = 4.33>
ST_23 : Operation 127 [18/36] (4.33ns)   --->   "%rem_V = urem i32 %tmp_15, i32 31"   --->   Operation 127 'urem' 'rem_V' <Predicate = (!icmp_ln18 & !empty_10)> <Delay = 4.33> <CoreInst = "Divider">   --->   Core 6 'Divider' <Latency = 35> <II = 1> <Delay = 4.33> <FuncUnit> <Opcode : 'sdiv' 'srem' 'udiv' 'urem'> <InPorts = 2> <OutPorts = 1>

State 24 <SV = 23> <Delay = 4.33>
ST_24 : Operation 128 [17/36] (4.33ns)   --->   "%rem_V = urem i32 %tmp_15, i32 31"   --->   Operation 128 'urem' 'rem_V' <Predicate = (!icmp_ln18 & !empty_10)> <Delay = 4.33> <CoreInst = "Divider">   --->   Core 6 'Divider' <Latency = 35> <II = 1> <Delay = 4.33> <FuncUnit> <Opcode : 'sdiv' 'srem' 'udiv' 'urem'> <InPorts = 2> <OutPorts = 1>

State 25 <SV = 24> <Delay = 4.33>
ST_25 : Operation 129 [16/36] (4.33ns)   --->   "%rem_V = urem i32 %tmp_15, i32 31"   --->   Operation 129 'urem' 'rem_V' <Predicate = (!icmp_ln18 & !empty_10)> <Delay = 4.33> <CoreInst = "Divider">   --->   Core 6 'Divider' <Latency = 35> <II = 1> <Delay = 4.33> <FuncUnit> <Opcode : 'sdiv' 'srem' 'udiv' 'urem'> <InPorts = 2> <OutPorts = 1>

State 26 <SV = 25> <Delay = 4.33>
ST_26 : Operation 130 [15/36] (4.33ns)   --->   "%rem_V = urem i32 %tmp_15, i32 31"   --->   Operation 130 'urem' 'rem_V' <Predicate = (!icmp_ln18 & !empty_10)> <Delay = 4.33> <CoreInst = "Divider">   --->   Core 6 'Divider' <Latency = 35> <II = 1> <Delay = 4.33> <FuncUnit> <Opcode : 'sdiv' 'srem' 'udiv' 'urem'> <InPorts = 2> <OutPorts = 1>

State 27 <SV = 26> <Delay = 4.33>
ST_27 : Operation 131 [14/36] (4.33ns)   --->   "%rem_V = urem i32 %tmp_15, i32 31"   --->   Operation 131 'urem' 'rem_V' <Predicate = (!icmp_ln18 & !empty_10)> <Delay = 4.33> <CoreInst = "Divider">   --->   Core 6 'Divider' <Latency = 35> <II = 1> <Delay = 4.33> <FuncUnit> <Opcode : 'sdiv' 'srem' 'udiv' 'urem'> <InPorts = 2> <OutPorts = 1>

State 28 <SV = 27> <Delay = 4.33>
ST_28 : Operation 132 [13/36] (4.33ns)   --->   "%rem_V = urem i32 %tmp_15, i32 31"   --->   Operation 132 'urem' 'rem_V' <Predicate = (!icmp_ln18 & !empty_10)> <Delay = 4.33> <CoreInst = "Divider">   --->   Core 6 'Divider' <Latency = 35> <II = 1> <Delay = 4.33> <FuncUnit> <Opcode : 'sdiv' 'srem' 'udiv' 'urem'> <InPorts = 2> <OutPorts = 1>

State 29 <SV = 28> <Delay = 4.33>
ST_29 : Operation 133 [12/36] (4.33ns)   --->   "%rem_V = urem i32 %tmp_15, i32 31"   --->   Operation 133 'urem' 'rem_V' <Predicate = (!icmp_ln18 & !empty_10)> <Delay = 4.33> <CoreInst = "Divider">   --->   Core 6 'Divider' <Latency = 35> <II = 1> <Delay = 4.33> <FuncUnit> <Opcode : 'sdiv' 'srem' 'udiv' 'urem'> <InPorts = 2> <OutPorts = 1>

State 30 <SV = 29> <Delay = 4.33>
ST_30 : Operation 134 [11/36] (4.33ns)   --->   "%rem_V = urem i32 %tmp_15, i32 31"   --->   Operation 134 'urem' 'rem_V' <Predicate = (!icmp_ln18 & !empty_10)> <Delay = 4.33> <CoreInst = "Divider">   --->   Core 6 'Divider' <Latency = 35> <II = 1> <Delay = 4.33> <FuncUnit> <Opcode : 'sdiv' 'srem' 'udiv' 'urem'> <InPorts = 2> <OutPorts = 1>

State 31 <SV = 30> <Delay = 4.33>
ST_31 : Operation 135 [10/36] (4.33ns)   --->   "%rem_V = urem i32 %tmp_15, i32 31"   --->   Operation 135 'urem' 'rem_V' <Predicate = (!icmp_ln18 & !empty_10)> <Delay = 4.33> <CoreInst = "Divider">   --->   Core 6 'Divider' <Latency = 35> <II = 1> <Delay = 4.33> <FuncUnit> <Opcode : 'sdiv' 'srem' 'udiv' 'urem'> <InPorts = 2> <OutPorts = 1>

State 32 <SV = 31> <Delay = 4.33>
ST_32 : Operation 136 [9/36] (4.33ns)   --->   "%rem_V = urem i32 %tmp_15, i32 31"   --->   Operation 136 'urem' 'rem_V' <Predicate = (!icmp_ln18 & !empty_10)> <Delay = 4.33> <CoreInst = "Divider">   --->   Core 6 'Divider' <Latency = 35> <II = 1> <Delay = 4.33> <FuncUnit> <Opcode : 'sdiv' 'srem' 'udiv' 'urem'> <InPorts = 2> <OutPorts = 1>

State 33 <SV = 32> <Delay = 4.33>
ST_33 : Operation 137 [8/36] (4.33ns)   --->   "%rem_V = urem i32 %tmp_15, i32 31"   --->   Operation 137 'urem' 'rem_V' <Predicate = (!icmp_ln18 & !empty_10)> <Delay = 4.33> <CoreInst = "Divider">   --->   Core 6 'Divider' <Latency = 35> <II = 1> <Delay = 4.33> <FuncUnit> <Opcode : 'sdiv' 'srem' 'udiv' 'urem'> <InPorts = 2> <OutPorts = 1>

State 34 <SV = 33> <Delay = 4.33>
ST_34 : Operation 138 [7/36] (4.33ns)   --->   "%rem_V = urem i32 %tmp_15, i32 31"   --->   Operation 138 'urem' 'rem_V' <Predicate = (!icmp_ln18 & !empty_10)> <Delay = 4.33> <CoreInst = "Divider">   --->   Core 6 'Divider' <Latency = 35> <II = 1> <Delay = 4.33> <FuncUnit> <Opcode : 'sdiv' 'srem' 'udiv' 'urem'> <InPorts = 2> <OutPorts = 1>

State 35 <SV = 34> <Delay = 4.33>
ST_35 : Operation 139 [6/36] (4.33ns)   --->   "%rem_V = urem i32 %tmp_15, i32 31"   --->   Operation 139 'urem' 'rem_V' <Predicate = (!icmp_ln18 & !empty_10)> <Delay = 4.33> <CoreInst = "Divider">   --->   Core 6 'Divider' <Latency = 35> <II = 1> <Delay = 4.33> <FuncUnit> <Opcode : 'sdiv' 'srem' 'udiv' 'urem'> <InPorts = 2> <OutPorts = 1>

State 36 <SV = 35> <Delay = 4.33>
ST_36 : Operation 140 [5/36] (4.33ns)   --->   "%rem_V = urem i32 %tmp_15, i32 31"   --->   Operation 140 'urem' 'rem_V' <Predicate = (!icmp_ln18 & !empty_10)> <Delay = 4.33> <CoreInst = "Divider">   --->   Core 6 'Divider' <Latency = 35> <II = 1> <Delay = 4.33> <FuncUnit> <Opcode : 'sdiv' 'srem' 'udiv' 'urem'> <InPorts = 2> <OutPorts = 1>

State 37 <SV = 36> <Delay = 4.33>
ST_37 : Operation 141 [4/36] (4.33ns)   --->   "%rem_V = urem i32 %tmp_15, i32 31"   --->   Operation 141 'urem' 'rem_V' <Predicate = (!icmp_ln18 & !empty_10)> <Delay = 4.33> <CoreInst = "Divider">   --->   Core 6 'Divider' <Latency = 35> <II = 1> <Delay = 4.33> <FuncUnit> <Opcode : 'sdiv' 'srem' 'udiv' 'urem'> <InPorts = 2> <OutPorts = 1>

State 38 <SV = 37> <Delay = 4.33>
ST_38 : Operation 142 [3/36] (4.33ns)   --->   "%rem_V = urem i32 %tmp_15, i32 31"   --->   Operation 142 'urem' 'rem_V' <Predicate = (!icmp_ln18 & !empty_10)> <Delay = 4.33> <CoreInst = "Divider">   --->   Core 6 'Divider' <Latency = 35> <II = 1> <Delay = 4.33> <FuncUnit> <Opcode : 'sdiv' 'srem' 'udiv' 'urem'> <InPorts = 2> <OutPorts = 1>

State 39 <SV = 38> <Delay = 4.33>
ST_39 : Operation 143 [2/36] (4.33ns)   --->   "%rem_V = urem i32 %tmp_15, i32 31"   --->   Operation 143 'urem' 'rem_V' <Predicate = (!icmp_ln18 & !empty_10)> <Delay = 4.33> <CoreInst = "Divider">   --->   Core 6 'Divider' <Latency = 35> <II = 1> <Delay = 4.33> <FuncUnit> <Opcode : 'sdiv' 'srem' 'udiv' 'urem'> <InPorts = 2> <OutPorts = 1>

State 40 <SV = 39> <Delay = 4.33>
ST_40 : Operation 144 [1/36] (4.33ns)   --->   "%rem_V = urem i32 %tmp_15, i32 31"   --->   Operation 144 'urem' 'rem_V' <Predicate = (!icmp_ln18 & !empty_10)> <Delay = 4.33> <CoreInst = "Divider">   --->   Core 6 'Divider' <Latency = 35> <II = 1> <Delay = 4.33> <FuncUnit> <Opcode : 'sdiv' 'srem' 'udiv' 'urem'> <InPorts = 2> <OutPorts = 1>
ST_40 : Operation 145 [1/1] (0.00ns)   --->   "%trunc_ln167 = trunc i32 %rem_V"   --->   Operation 145 'trunc' 'trunc_ln167' <Predicate = (!icmp_ln18 & !empty_10)> <Delay = 0.00>
ST_40 : Operation 146 [1/1] (0.00ns)   --->   "%r_sig_V = bitselect i1 @_ssdm_op_BitSelect.i1.i32.i32, i32 %rem_V, i32 4"   --->   Operation 146 'bitselect' 'r_sig_V' <Predicate = (!icmp_ln18 & !empty_10)> <Delay = 0.00>

State 41 <SV = 40> <Delay = 4.55>
ST_41 : Operation 147 [1/1] (0.00ns)   --->   "%zext_ln159 = zext i5 %trunc_ln167" [/wrk/ci/prod/2020.2/rdi_builds/continuous/2020_11_18_3064766/src/shared/hls/clib/hlsmath/include/hls_fmod_rem_quo_remainder_divide_apfixed.h:159->/wrk/ci/prod/2020.2/rdi_builds/continuous/2020_11_18_3064766/src/shared/hls/clib/hlsmath/include/hls_fmod_rem_quo_remainder_divide_apfixed.h:205]   --->   Operation 147 'zext' 'zext_ln159' <Predicate = (!icmp_ln18 & !empty_10 & !r_sig_V)> <Delay = 0.00>
ST_41 : Operation 148 [1/1] (0.00ns) (grouped into LUT with out node sub_ln657)   --->   "%rem_V_1 = xor i5 %trunc_ln167, i5 31"   --->   Operation 148 'xor' 'rem_V_1' <Predicate = (!icmp_ln18 & !empty_10 & r_sig_V)> <Delay = 0.00> <CoreInst = "LogicGate">   --->   Core 74 'LogicGate' <Latency = 0> <II = 1> <Delay = 0.78> <FuncUnit> <Opcode : 'and' 'or' 'xor'> <InPorts = 2> <OutPorts = 1>
ST_41 : Operation 149 [1/1] (0.00ns) (grouped into LUT with out node sub_ln657)   --->   "%rem_V_3 = select i1 %r_sig_V, i5 %rem_V_1, i5 %trunc_ln167" [/wrk/ci/prod/2020.2/rdi_builds/continuous/2020_11_18_3064766/src/shared/hls/clib/hlsmath/include/hls_fmod_rem_quo_remainder_divide_apfixed.h:164->/wrk/ci/prod/2020.2/rdi_builds/continuous/2020_11_18_3064766/src/shared/hls/clib/hlsmath/include/hls_fmod_rem_quo_remainder_divide_apfixed.h:205]   --->   Operation 149 'select' 'rem_V_3' <Predicate = (!icmp_ln18 & !empty_10 & r_sig_V)> <Delay = 0.00> <CoreInst = "Sel">   --->   Core 73 'Sel' <Latency = 0> <II = 1> <Delay = 1.18> <FuncUnit> <Opcode : 'select'> <InPorts = 3> <OutPorts = 1>
ST_41 : Operation 150 [1/1] (0.00ns) (grouped into LUT with out node sub_ln657)   --->   "%zext_ln164 = zext i5 %rem_V_3" [/wrk/ci/prod/2020.2/rdi_builds/continuous/2020_11_18_3064766/src/shared/hls/clib/hlsmath/include/hls_fmod_rem_quo_remainder_divide_apfixed.h:164->/wrk/ci/prod/2020.2/rdi_builds/continuous/2020_11_18_3064766/src/shared/hls/clib/hlsmath/include/hls_fmod_rem_quo_remainder_divide_apfixed.h:205]   --->   Operation 150 'zext' 'zext_ln164' <Predicate = (!icmp_ln18 & !empty_10 & r_sig_V)> <Delay = 0.00>
ST_41 : Operation 151 [1/1] (1.78ns) (out node of the LUT)   --->   "%sub_ln657 = sub i6 0, i6 %zext_ln164"   --->   Operation 151 'sub' 'sub_ln657' <Predicate = (!icmp_ln18 & !empty_10 & r_sig_V)> <Delay = 1.78> <CoreInst = "Adder">   --->   Core 1 'Adder' <Latency = 0> <II = 1> <Delay = 1.78> <FuncUnit> <Opcode : 'add' 'sub'> <InPorts = 2> <OutPorts = 1>
ST_41 : Operation 152 [1/1] (1.18ns)   --->   "%select_ln175 = select i1 %r_sig_V, i6 %sub_ln657, i6 %zext_ln159" [/wrk/ci/prod/2020.2/rdi_builds/continuous/2020_11_18_3064766/src/shared/hls/clib/hlsmath/include/hls_fmod_rem_quo_remainder_divide_apfixed.h:175->/wrk/ci/prod/2020.2/rdi_builds/continuous/2020_11_18_3064766/src/shared/hls/clib/hlsmath/include/hls_fmod_rem_quo_remainder_divide_apfixed.h:205]   --->   Operation 152 'select' 'select_ln175' <Predicate = (!icmp_ln18 & !empty_10)> <Delay = 1.18> <CoreInst = "Sel">   --->   Core 73 'Sel' <Latency = 0> <II = 1> <Delay = 1.18> <FuncUnit> <Opcode : 'select'> <InPorts = 3> <OutPorts = 1>
ST_41 : Operation 153 [1/1] (1.58ns)   --->   "%br_ln175 = br void %generic_remquo<33, 33>.exit" [/wrk/ci/prod/2020.2/rdi_builds/continuous/2020_11_18_3064766/src/shared/hls/clib/hlsmath/include/hls_fmod_rem_quo_remainder_divide_apfixed.h:175->/wrk/ci/prod/2020.2/rdi_builds/continuous/2020_11_18_3064766/src/shared/hls/clib/hlsmath/include/hls_fmod_rem_quo_remainder_divide_apfixed.h:205]   --->   Operation 153 'br' 'br_ln175' <Predicate = (!icmp_ln18 & !empty_10)> <Delay = 1.58>
ST_41 : Operation 154 [1/1] (0.00ns)   --->   "%p_Val2_s = phi i6 %select_ln175, void %_ZN8ap_fixedILi33ELi33EL9ap_q_mode5EL9ap_o_mode3ELi0EEC2Ei.exit.i, i6 0, void %.split1041" [/wrk/ci/prod/2020.2/rdi_builds/continuous/2020_11_18_3064766/src/shared/hls/clib/hlsmath/include/hls_fmod_rem_quo_remainder_divide_apfixed.h:175->/wrk/ci/prod/2020.2/rdi_builds/continuous/2020_11_18_3064766/src/shared/hls/clib/hlsmath/include/hls_fmod_rem_quo_remainder_divide_apfixed.h:205]   --->   Operation 154 'phi' 'p_Val2_s' <Predicate = (!icmp_ln18)> <Delay = 0.00>
ST_41 : Operation 155 [1/1] (0.00ns)   --->   "%sext_ln21 = sext i6 %p_Val2_s" [hls_linear_combination/hls_linear_combination.cpp:21]   --->   Operation 155 'sext' 'sext_ln21' <Predicate = (!icmp_ln18)> <Delay = 0.00>
ST_41 : Operation 156 [1/1] (0.00ns)   --->   "%write_ln21 = write void @_ssdm_op_Write.ap_auto.i8P0A, i8 %out_r, i8 %sext_ln21" [hls_linear_combination/hls_linear_combination.cpp:21]   --->   Operation 156 'write' 'write_ln21' <Predicate = (!icmp_ln18)> <Delay = 0.00>
ST_41 : Operation 157 [1/1] (0.00ns)   --->   "%br_ln0 = br void %._crit_edge.loopexit"   --->   Operation 157 'br' 'br_ln0' <Predicate = (!icmp_ln18)> <Delay = 0.00>

State 42 <SV = 4> <Delay = 0.00>
ST_42 : Operation 158 [1/1] (0.00ns)   --->   "%ret_ln23 = ret" [hls_linear_combination/hls_linear_combination.cpp:23]   --->   Operation 158 'ret' 'ret_ln23' <Predicate = true> <Delay = 0.00>


============================================================
+ Verbose Summary: Binding
============================================================
STG Binding: 
---------------- STG Properties BEGIN ----------------
- Is combinational: 0
- Is one-state seq: 0
- Is datapath-only: 0
- Is pipelined: 0
- Is top level: 1
Port [ Return ] is wired: 1; IO mode=ap_ctrl_hs:ce=0
Port [ vecs]:  wired=1; compound=0; hidden=0; nouse=1; global=0; static=0; extern=0; dir=0; type=0; pingpong=0; private_global=0; IO mode=ap_none:ce=0
Port [ coeffs]:  wired=1; compound=0; hidden=0; nouse=1; global=0; static=0; extern=0; dir=0; type=0; pingpong=0; private_global=0; IO mode=ap_none:ce=0
Port [ len]:  wired=1; compound=0; hidden=0; nouse=0; global=0; static=0; extern=0; dir=0; type=0; pingpong=0; private_global=0; IO mode=ap_none:ce=0
Port [ out_r]:  wired=1; compound=0; hidden=0; nouse=0; global=0; static=0; extern=0; dir=1; type=0; pingpong=0; private_global=0; IO mode=ap_vld:ce=0
---------------- STG Properties END ------------------

---------------- Datapath Model BEGIN ----------------

<LifeTime>
<method=bitvector/>
spectopmodule_ln0 (spectopmodule    ) [ 0000000000000000000000000000000000000000000]
specbitsmap_ln0   (specbitsmap      ) [ 0000000000000000000000000000000000000000000]
specinterface_ln0 (specinterface    ) [ 0000000000000000000000000000000000000000000]
specbitsmap_ln0   (specbitsmap      ) [ 0000000000000000000000000000000000000000000]
specinterface_ln0 (specinterface    ) [ 0000000000000000000000000000000000000000000]
specbitsmap_ln0   (specbitsmap      ) [ 0000000000000000000000000000000000000000000]
specinterface_ln0 (specinterface    ) [ 0000000000000000000000000000000000000000000]
specbitsmap_ln0   (specbitsmap      ) [ 0000000000000000000000000000000000000000000]
specinterface_ln0 (specinterface    ) [ 0000000000000000000000000000000000000000000]
len_read          (read             ) [ 0010000000000000000000000000000000000000000]
br_ln10           (br               ) [ 0110000000000000000000000000000000000000000]
i                 (phi              ) [ 0010000000000000000000000000000000000000000]
add_ln10          (add              ) [ 0110000000000000000000000000000000000000000]
icmp_ln10         (icmp             ) [ 0010000000000000000000000000000000000000000]
br_ln10           (br               ) [ 0000000000000000000000000000000000000000000]
specpipeline_ln10 (specpipeline     ) [ 0000000000000000000000000000000000000000000]
specloopname_ln10 (specloopname     ) [ 0000000000000000000000000000000000000000000]
br_ln0            (br               ) [ 0110000000000000000000000000000000000000000]
br_ln18           (br               ) [ 0001111111111111111111111111111111111111110]
i_1               (phi              ) [ 0000100000000000000000000000000000000000000]
add_ln18          (add              ) [ 0001111111111111111111111111111111111111110]
icmp_ln18         (icmp             ) [ 0000111111111111111111111111111111111111110]
empty             (speclooptripcount) [ 0000000000000000000000000000000000000000000]
br_ln18           (br               ) [ 0000000000000000000000000000000000000000000]
specpipeline_ln18 (specpipeline     ) [ 0000000000000000000000000000000000000000000]
specloopname_ln18 (specloopname     ) [ 0000000000000000000000000000000000000000000]
trunc_ln21        (trunc            ) [ 0000111111111111111111111111111111111111110]
trunc_ln21_1      (partselect       ) [ 0000000000000000000000000000000000000000000]
switch_ln21       (switch           ) [ 0000000000000000000000000000000000000000000]
tmp_14            (mux              ) [ 0000111111111111111111111111111111111111110]
br_ln21           (br               ) [ 0000111111111111111111111111111111111111110]
tmp_13            (mux              ) [ 0000111111111111111111111111111111111111110]
br_ln21           (br               ) [ 0000111111111111111111111111111111111111110]
tmp_12            (mux              ) [ 0000111111111111111111111111111111111111110]
br_ln21           (br               ) [ 0000111111111111111111111111111111111111110]
tmp_11            (mux              ) [ 0000111111111111111111111111111111111111110]
br_ln21           (br               ) [ 0000111111111111111111111111111111111111110]
tmp_10            (mux              ) [ 0000111111111111111111111111111111111111110]
br_ln21           (br               ) [ 0000111111111111111111111111111111111111110]
tmp_s             (mux              ) [ 0000111111111111111111111111111111111111110]
br_ln21           (br               ) [ 0000111111111111111111111111111111111111110]
tmp_9             (mux              ) [ 0000111111111111111111111111111111111111110]
br_ln21           (br               ) [ 0000111111111111111111111111111111111111110]
tmp_8             (mux              ) [ 0000111111111111111111111111111111111111110]
br_ln21           (br               ) [ 0000111111111111111111111111111111111111110]
tmp_7             (mux              ) [ 0000111111111111111111111111111111111111110]
br_ln21           (br               ) [ 0000111111111111111111111111111111111111110]
tmp_6             (mux              ) [ 0000111111111111111111111111111111111111110]
br_ln21           (br               ) [ 0000111111111111111111111111111111111111110]
tmp_5             (mux              ) [ 0000111111111111111111111111111111111111110]
br_ln21           (br               ) [ 0000111111111111111111111111111111111111110]
tmp_4             (mux              ) [ 0000111111111111111111111111111111111111110]
br_ln21           (br               ) [ 0000111111111111111111111111111111111111110]
tmp_3             (mux              ) [ 0000111111111111111111111111111111111111110]
br_ln21           (br               ) [ 0000111111111111111111111111111111111111110]
tmp_2             (mux              ) [ 0000111111111111111111111111111111111111110]
br_ln21           (br               ) [ 0000111111111111111111111111111111111111110]
tmp_1             (mux              ) [ 0000111111111111111111111111111111111111110]
br_ln21           (br               ) [ 0000111111111111111111111111111111111111110]
tmp               (mux              ) [ 0000111111111111111111111111111111111111110]
br_ln21           (br               ) [ 0000111111111111111111111111111111111111110]
tmp_15            (phi              ) [ 0000111111111111111111111111111111111111100]
empty_8           (icmp             ) [ 0000000000000000000000000000000000000000000]
empty_9           (icmp             ) [ 0000000000000000000000000000000000000000000]
empty_10          (or               ) [ 0000111111111111111111111111111111111111110]
br_ln21           (br               ) [ 0000111111111111111111111111111111111111110]
rem_V             (urem             ) [ 0000000000000000000000000000000000000000000]
trunc_ln167       (trunc            ) [ 0000100000000000000000000000000000000000010]
r_sig_V           (bitselect        ) [ 0000100000000000000000000000000000000000010]
zext_ln159        (zext             ) [ 0000000000000000000000000000000000000000000]
rem_V_1           (xor              ) [ 0000000000000000000000000000000000000000000]
rem_V_3           (select           ) [ 0000000000000000000000000000000000000000000]
zext_ln164        (zext             ) [ 0000000000000000000000000000000000000000000]
sub_ln657         (sub              ) [ 0000000000000000000000000000000000000000000]
select_ln175      (select           ) [ 0000000000000000000000000000000000000000000]
br_ln175          (br               ) [ 0000000000000000000000000000000000000000000]
p_Val2_s          (phi              ) [ 0000101111111111111111111111111111111111110]
sext_ln21         (sext             ) [ 0000000000000000000000000000000000000000000]
write_ln21        (write            ) [ 0000000000000000000000000000000000000000000]
br_ln0            (br               ) [ 0001111111111111111111111111111111111111110]
ret_ln23          (ret              ) [ 0000000000000000000000000000000000000000000]
</LifeTime>

<model>

<comp_list>
<comp id="0" class="1000" name="vecs">
<pin_list>
<pin id="1" dir="1" index="0" bw="1" slack="2147483647"/>
</pin_list>
<bind>
<StgValue><ssdm name="vecs"/></StgValue>
</bind>
</comp>

<comp id="2" class="1000" name="coeffs">
<pin_list>
<pin id="3" dir="1" index="0" bw="1" slack="2147483647"/>
</pin_list>
<bind>
<StgValue><ssdm name="coeffs"/></StgValue>
</bind>
</comp>

<comp id="4" class="1000" name="len">
<pin_list>
<pin id="5" dir="1" index="0" bw="1" slack="0"/>
</pin_list>
<bind>
<StgValue><ssdm name="len"/></StgValue>
</bind>
</comp>

<comp id="6" class="1000" name="out_r">
<pin_list>
<pin id="7" dir="1" index="0" bw="1" slack="0"/>
</pin_list>
<bind>
<StgValue><ssdm name="out_r"/></StgValue>
</bind>
</comp>

<comp id="8" class="1001" name="const_8">
<pin_list>
<pin id="9" dir="1" index="0" bw="1" slack="2147483647"/>
</pin_list>
<bind>
<StgValue><ssdm name="_ssdm_op_SpecTopModule"/></StgValue>
</bind>
</comp>

<comp id="10" class="1001" name="const_10">
<pin_list>
<pin id="11" dir="1" index="0" bw="1" slack="2147483647"/>
</pin_list>
<bind>
<StgValue><ssdm name="empty_1"/></StgValue>
</bind>
</comp>

<comp id="12" class="1001" name="const_12">
<pin_list>
<pin id="13" dir="1" index="0" bw="1" slack="2147483647"/>
</pin_list>
<bind>
<StgValue><ssdm name="_ssdm_op_SpecBitsMap"/></StgValue>
</bind>
</comp>

<comp id="14" class="1001" name="const_14">
<pin_list>
<pin id="15" dir="1" index="0" bw="1" slack="2147483647"/>
</pin_list>
<bind>
<StgValue><ssdm name="_ssdm_op_SpecInterface"/></StgValue>
</bind>
</comp>

<comp id="16" class="1001" name="const_16">
<pin_list>
<pin id="17" dir="1" index="0" bw="1" slack="2147483647"/>
</pin_list>
<bind>
<StgValue><ssdm name="empty"/></StgValue>
</bind>
</comp>

<comp id="18" class="1001" name="const_18">
<pin_list>
<pin id="19" dir="1" index="0" bw="1" slack="0"/>
</pin_list>
<bind>
<StgValue><ssdm name=""/></StgValue>
</bind>
</comp>

<comp id="20" class="1001" name="const_20">
<pin_list>
<pin id="21" dir="1" index="0" bw="1" slack="2147483647"/>
</pin_list>
<bind>
<StgValue><ssdm name="empty_0"/></StgValue>
</bind>
</comp>

<comp id="22" class="1001" name="const_22">
<pin_list>
<pin id="23" dir="1" index="0" bw="1" slack="0"/>
</pin_list>
<bind>
<StgValue><ssdm name="_ssdm_op_Read.ap_auto.i32"/></StgValue>
</bind>
</comp>

<comp id="24" class="1001" name="const_24">
<pin_list>
<pin id="25" dir="1" index="0" bw="1" slack="0"/>
</pin_list>
<bind>
<StgValue><ssdm name=""/></StgValue>
</bind>
</comp>

<comp id="26" class="1001" name="const_26">
<pin_list>
<pin id="27" dir="1" index="0" bw="1" slack="2147483647"/>
</pin_list>
<bind>
<StgValue><ssdm name="_ssdm_op_SpecPipeline"/></StgValue>
</bind>
</comp>

<comp id="28" class="1001" name="const_28">
<pin_list>
<pin id="29" dir="1" index="0" bw="1" slack="2147483647"/>
</pin_list>
<bind>
<StgValue><ssdm name=""/></StgValue>
</bind>
</comp>

<comp id="30" class="1001" name="const_30">
<pin_list>
<pin id="31" dir="1" index="0" bw="1" slack="2147483647"/>
</pin_list>
<bind>
<StgValue><ssdm name="_ssdm_op_SpecLoopName"/></StgValue>
</bind>
</comp>

<comp id="32" class="1001" name="const_32">
<pin_list>
<pin id="33" dir="1" index="0" bw="1" slack="2147483647"/>
</pin_list>
<bind>
<StgValue><ssdm name="empty_3"/></StgValue>
</bind>
</comp>

<comp id="34" class="1001" name="const_34">
<pin_list>
<pin id="35" dir="1" index="0" bw="1" slack="0"/>
</pin_list>
<bind>
<StgValue><ssdm name=""/></StgValue>
</bind>
</comp>

<comp id="36" class="1001" name="const_36">
<pin_list>
<pin id="37" dir="1" index="0" bw="1" slack="0"/>
</pin_list>
<bind>
<StgValue><ssdm name=""/></StgValue>
</bind>
</comp>

<comp id="38" class="1001" name="const_38">
<pin_list>
<pin id="39" dir="1" index="0" bw="1" slack="0"/>
</pin_list>
<bind>
<StgValue><ssdm name=""/></StgValue>
</bind>
</comp>

<comp id="40" class="1001" name="const_40">
<pin_list>
<pin id="41" dir="1" index="0" bw="1" slack="2147483647"/>
</pin_list>
<bind>
<StgValue><ssdm name="_ssdm_op_SpecLoopTripCount"/></StgValue>
</bind>
</comp>

<comp id="42" class="1001" name="const_42">
<pin_list>
<pin id="43" dir="1" index="0" bw="1" slack="2147483647"/>
</pin_list>
<bind>
<StgValue><ssdm name=""/></StgValue>
</bind>
</comp>

<comp id="44" class="1001" name="const_44">
<pin_list>
<pin id="45" dir="1" index="0" bw="1" slack="2147483647"/>
</pin_list>
<bind>
<StgValue><ssdm name="empty_2"/></StgValue>
</bind>
</comp>

<comp id="46" class="1001" name="const_46">
<pin_list>
<pin id="47" dir="1" index="0" bw="1" slack="0"/>
</pin_list>
<bind>
<StgValue><ssdm name="_ssdm_op_PartSelect.i2.i6.i32.i32"/></StgValue>
</bind>
</comp>

<comp id="48" class="1001" name="const_48">
<pin_list>
<pin id="49" dir="1" index="0" bw="1" slack="0"/>
</pin_list>
<bind>
<StgValue><ssdm name=""/></StgValue>
</bind>
</comp>

<comp id="50" class="1001" name="const_50">
<pin_list>
<pin id="51" dir="1" index="0" bw="1" slack="0"/>
</pin_list>
<bind>
<StgValue><ssdm name=""/></StgValue>
</bind>
</comp>

<comp id="52" class="1001" name="const_52">
<pin_list>
<pin id="53" dir="1" index="0" bw="1" slack="2147483647"/>
</pin_list>
<bind>
<StgValue><ssdm name=""/></StgValue>
</bind>
</comp>

<comp id="54" class="1001" name="const_54">
<pin_list>
<pin id="55" dir="1" index="0" bw="1" slack="2147483647"/>
</pin_list>
<bind>
<StgValue><ssdm name=""/></StgValue>
</bind>
</comp>

<comp id="56" class="1001" name="const_56">
<pin_list>
<pin id="57" dir="1" index="0" bw="1" slack="2147483647"/>
</pin_list>
<bind>
<StgValue><ssdm name=""/></StgValue>
</bind>
</comp>

<comp id="58" class="1001" name="const_58">
<pin_list>
<pin id="59" dir="1" index="0" bw="1" slack="2147483647"/>
</pin_list>
<bind>
<StgValue><ssdm name=""/></StgValue>
</bind>
</comp>

<comp id="60" class="1001" name="const_60">
<pin_list>
<pin id="61" dir="1" index="0" bw="1" slack="2147483647"/>
</pin_list>
<bind>
<StgValue><ssdm name=""/></StgValue>
</bind>
</comp>

<comp id="62" class="1001" name="const_62">
<pin_list>
<pin id="63" dir="1" index="0" bw="1" slack="2147483647"/>
</pin_list>
<bind>
<StgValue><ssdm name=""/></StgValue>
</bind>
</comp>

<comp id="64" class="1001" name="const_64">
<pin_list>
<pin id="65" dir="1" index="0" bw="1" slack="2147483647"/>
</pin_list>
<bind>
<StgValue><ssdm name=""/></StgValue>
</bind>
</comp>

<comp id="66" class="1001" name="const_66">
<pin_list>
<pin id="67" dir="1" index="0" bw="1" slack="2147483647"/>
</pin_list>
<bind>
<StgValue><ssdm name=""/></StgValue>
</bind>
</comp>

<comp id="68" class="1001" name="const_68">
<pin_list>
<pin id="69" dir="1" index="0" bw="1" slack="2147483647"/>
</pin_list>
<bind>
<StgValue><ssdm name=""/></StgValue>
</bind>
</comp>

<comp id="70" class="1001" name="const_70">
<pin_list>
<pin id="71" dir="1" index="0" bw="1" slack="2147483647"/>
</pin_list>
<bind>
<StgValue><ssdm name=""/></StgValue>
</bind>
</comp>

<comp id="72" class="1001" name="const_72">
<pin_list>
<pin id="73" dir="1" index="0" bw="1" slack="2147483647"/>
</pin_list>
<bind>
<StgValue><ssdm name=""/></StgValue>
</bind>
</comp>

<comp id="74" class="1001" name="const_74">
<pin_list>
<pin id="75" dir="1" index="0" bw="1" slack="2147483647"/>
</pin_list>
<bind>
<StgValue><ssdm name=""/></StgValue>
</bind>
</comp>

<comp id="76" class="1001" name="const_76">
<pin_list>
<pin id="77" dir="1" index="0" bw="1" slack="2147483647"/>
</pin_list>
<bind>
<StgValue><ssdm name=""/></StgValue>
</bind>
</comp>

<comp id="78" class="1001" name="const_78">
<pin_list>
<pin id="79" dir="1" index="0" bw="1" slack="2147483647"/>
</pin_list>
<bind>
<StgValue><ssdm name=""/></StgValue>
</bind>
</comp>

<comp id="80" class="1001" name="const_80">
<pin_list>
<pin id="81" dir="1" index="0" bw="1" slack="2147483647"/>
</pin_list>
<bind>
<StgValue><ssdm name=""/></StgValue>
</bind>
</comp>

<comp id="82" class="1001" name="const_82">
<pin_list>
<pin id="83" dir="1" index="0" bw="1" slack="0"/>
</pin_list>
<bind>
<StgValue><ssdm name="_ssdm_op_Mux.ap_auto.3i32.i2"/></StgValue>
</bind>
</comp>

<comp id="84" class="1001" name="const_84">
<pin_list>
<pin id="85" dir="1" index="0" bw="1" slack="0"/>
</pin_list>
<bind>
<StgValue><ssdm name=""/></StgValue>
</bind>
</comp>

<comp id="86" class="1001" name="const_86">
<pin_list>
<pin id="87" dir="1" index="0" bw="1" slack="0"/>
</pin_list>
<bind>
<StgValue><ssdm name="_ssdm_op_Mux.ap_auto.4i32.i2"/></StgValue>
</bind>
</comp>

<comp id="88" class="1001" name="const_88">
<pin_list>
<pin id="89" dir="1" index="0" bw="1" slack="0"/>
</pin_list>
<bind>
<StgValue><ssdm name=""/></StgValue>
</bind>
</comp>

<comp id="90" class="1001" name="const_90">
<pin_list>
<pin id="91" dir="1" index="0" bw="1" slack="0"/>
</pin_list>
<bind>
<StgValue><ssdm name="_ssdm_op_BitSelect.i1.i32.i32"/></StgValue>
</bind>
</comp>

<comp id="92" class="1001" name="const_92">
<pin_list>
<pin id="93" dir="1" index="0" bw="1" slack="0"/>
</pin_list>
<bind>
<StgValue><ssdm name=""/></StgValue>
</bind>
</comp>

<comp id="94" class="1001" name="const_94">
<pin_list>
<pin id="95" dir="1" index="0" bw="1" slack="0"/>
</pin_list>
<bind>
<StgValue><ssdm name="_ssdm_op_Write.ap_auto.i8P0A"/></StgValue>
</bind>
</comp>

<comp id="96" class="1004" name="len_read_read_fu_96">
<pin_list>
<pin id="97" dir="0" index="0" bw="32" slack="0"/>
<pin id="98" dir="0" index="1" bw="32" slack="0"/>
<pin id="99" dir="1" index="2" bw="32" slack="1"/>
</pin_list>
<bind>
<opcode="read(1150) " fcode="read"/>
<opset="len_read/1 "/>
</bind>
</comp>

<comp id="102" class="1004" name="write_ln21_write_fu_102">
<pin_list>
<pin id="103" dir="0" index="0" bw="0" slack="0"/>
<pin id="104" dir="0" index="1" bw="8" slack="0"/>
<pin id="105" dir="0" index="2" bw="6" slack="0"/>
<pin id="106" dir="1" index="3" bw="0" slack="2147483647"/>
</pin_list>
<bind>
<opcode="write(1151) " fcode="write"/>
<opset="write_ln21/41 "/>
</bind>
</comp>

<comp id="109" class="1005" name="i_reg_109">
<pin_list>
<pin id="110" dir="0" index="0" bw="32" slack="1"/>
<pin id="111" dir="1" index="1" bw="32" slack="1"/>
</pin_list>
<bind>
<opset="i (phireg) "/>
</bind>
</comp>

<comp id="113" class="1004" name="i_phi_fu_113">
<pin_list>
<pin id="114" dir="0" index="0" bw="1" slack="1"/>
<pin id="115" dir="0" index="1" bw="0" slack="2147483647"/>
<pin id="116" dir="0" index="2" bw="32" slack="0"/>
<pin id="117" dir="0" index="3" bw="0" slack="2147483647"/>
<pin id="118" dir="1" index="4" bw="32" slack="0"/>
</pin_list>
<bind>
<opcode="phi(47) " fcode="phi"/>
<opset="i/2 "/>
</bind>
</comp>

<comp id="120" class="1005" name="i_1_reg_120">
<pin_list>
<pin id="121" dir="0" index="0" bw="6" slack="1"/>
<pin id="122" dir="1" index="1" bw="6" slack="1"/>
</pin_list>
<bind>
<opset="i_1 (phireg) "/>
</bind>
</comp>

<comp id="124" class="1004" name="i_1_phi_fu_124">
<pin_list>
<pin id="125" dir="0" index="0" bw="6" slack="0"/>
<pin id="126" dir="0" index="1" bw="0" slack="2147483647"/>
<pin id="127" dir="0" index="2" bw="1" slack="1"/>
<pin id="128" dir="0" index="3" bw="0" slack="2147483647"/>
<pin id="129" dir="1" index="4" bw="6" slack="0"/>
</pin_list>
<bind>
<opcode="phi(47) " fcode="phi"/>
<opset="i_1/4 "/>
</bind>
</comp>

<comp id="131" class="1005" name="tmp_15_reg_131">
<pin_list>
<pin id="132" dir="0" index="0" bw="32" slack="1"/>
<pin id="133" dir="1" index="1" bw="32" slack="2147483647"/>
</pin_list>
<bind>
<opset="tmp_15 (phireg) "/>
</bind>
</comp>

<comp id="134" class="1004" name="tmp_15_phi_fu_134">
<pin_list>
<pin id="135" dir="0" index="0" bw="32" slack="1"/>
<pin id="136" dir="0" index="1" bw="0" slack="2147483647"/>
<pin id="137" dir="0" index="2" bw="32" slack="1"/>
<pin id="138" dir="0" index="3" bw="0" slack="2147483647"/>
<pin id="139" dir="0" index="4" bw="32" slack="1"/>
<pin id="140" dir="0" index="5" bw="0" slack="2147483647"/>
<pin id="141" dir="0" index="6" bw="32" slack="1"/>
<pin id="142" dir="0" index="7" bw="0" slack="2147483647"/>
<pin id="143" dir="0" index="8" bw="32" slack="1"/>
<pin id="144" dir="0" index="9" bw="0" slack="2147483647"/>
<pin id="145" dir="0" index="10" bw="32" slack="1"/>
<pin id="146" dir="0" index="11" bw="0" slack="2147483647"/>
<pin id="147" dir="0" index="12" bw="32" slack="1"/>
<pin id="148" dir="0" index="13" bw="0" slack="2147483647"/>
<pin id="149" dir="0" index="14" bw="32" slack="1"/>
<pin id="150" dir="0" index="15" bw="0" slack="2147483647"/>
<pin id="151" dir="0" index="16" bw="32" slack="1"/>
<pin id="152" dir="0" index="17" bw="0" slack="2147483647"/>
<pin id="153" dir="0" index="18" bw="32" slack="1"/>
<pin id="154" dir="0" index="19" bw="0" slack="2147483647"/>
<pin id="155" dir="0" index="20" bw="32" slack="1"/>
<pin id="156" dir="0" index="21" bw="0" slack="2147483647"/>
<pin id="157" dir="0" index="22" bw="32" slack="1"/>
<pin id="158" dir="0" index="23" bw="0" slack="2147483647"/>
<pin id="159" dir="0" index="24" bw="32" slack="1"/>
<pin id="160" dir="0" index="25" bw="0" slack="2147483647"/>
<pin id="161" dir="0" index="26" bw="32" slack="1"/>
<pin id="162" dir="0" index="27" bw="0" slack="2147483647"/>
<pin id="163" dir="0" index="28" bw="32" slack="1"/>
<pin id="164" dir="0" index="29" bw="0" slack="2147483647"/>
<pin id="165" dir="0" index="30" bw="32" slack="1"/>
<pin id="166" dir="0" index="31" bw="0" slack="2147483647"/>
<pin id="167" dir="1" index="32" bw="32" slack="0"/>
</pin_list>
<bind>
<opcode="phi(47) " fcode="phi"/>
<opset="tmp_15/5 "/>
</bind>
</comp>

<comp id="169" class="1005" name="p_Val2_s_reg_169">
<pin_list>
<pin id="170" dir="0" index="0" bw="6" slack="36"/>
<pin id="171" dir="1" index="1" bw="6" slack="36"/>
</pin_list>
<bind>
<opset="p_Val2_s (phireg) "/>
</bind>
</comp>

<comp id="173" class="1004" name="p_Val2_s_phi_fu_173">
<pin_list>
<pin id="174" dir="0" index="0" bw="6" slack="0"/>
<pin id="175" dir="0" index="1" bw="0" slack="2147483647"/>
<pin id="176" dir="0" index="2" bw="1" slack="36"/>
<pin id="177" dir="0" index="3" bw="0" slack="2147483647"/>
<pin id="178" dir="1" index="4" bw="6" slack="0"/>
</pin_list>
<bind>
<opcode="phi(47) " fcode="phi"/>
<opset="p_Val2_s/41 "/>
</bind>
</comp>

<comp id="180" class="1004" name="grp_fu_180">
<pin_list>
<pin id="181" dir="0" index="0" bw="32" slack="0"/>
<pin id="182" dir="0" index="1" bw="1" slack="0"/>
<pin id="183" dir="0" index="2" bw="1" slack="0"/>
<pin id="184" dir="0" index="3" bw="1" slack="0"/>
<pin id="185" dir="0" index="4" bw="2" slack="0"/>
<pin id="186" dir="1" index="5" bw="32" slack="1"/>
</pin_list>
<bind>
<opcode="mux(1196) " fcode="mux"/>
<opset="tmp_14/4 tmp_13/4 tmp_12/4 tmp/4 "/>
</bind>
</comp>

<comp id="191" class="1004" name="grp_fu_191">
<pin_list>
<pin id="192" dir="0" index="0" bw="32" slack="0"/>
<pin id="193" dir="0" index="1" bw="1" slack="0"/>
<pin id="194" dir="0" index="2" bw="1" slack="0"/>
<pin id="195" dir="0" index="3" bw="1" slack="0"/>
<pin id="196" dir="0" index="4" bw="1" slack="0"/>
<pin id="197" dir="0" index="5" bw="2" slack="0"/>
<pin id="198" dir="1" index="6" bw="32" slack="1"/>
</pin_list>
<bind>
<opcode="mux(1196) " fcode="mux"/>
<opset="tmp_11/4 tmp_10/4 tmp_s/4 tmp_9/4 tmp_8/4 tmp_7/4 tmp_6/4 tmp_5/4 tmp_4/4 tmp_3/4 tmp_2/4 tmp_1/4 "/>
</bind>
</comp>

<comp id="204" class="1005" name="reg_204">
<pin_list>
<pin id="205" dir="0" index="0" bw="32" slack="1"/>
<pin id="206" dir="1" index="1" bw="32" slack="1"/>
</pin_list>
<bind>
<opset="tmp_14 tmp_13 tmp_12 tmp "/>
</bind>
</comp>

<comp id="212" class="1005" name="reg_212">
<pin_list>
<pin id="213" dir="0" index="0" bw="32" slack="1"/>
<pin id="214" dir="1" index="1" bw="32" slack="1"/>
</pin_list>
<bind>
<opset="tmp_11 tmp_10 tmp_s tmp_9 tmp_8 tmp_7 tmp_6 tmp_5 tmp_4 tmp_3 tmp_2 tmp_1 "/>
</bind>
</comp>

<comp id="228" class="1004" name="add_ln10_fu_228">
<pin_list>
<pin id="229" dir="0" index="0" bw="32" slack="0"/>
<pin id="230" dir="0" index="1" bw="1" slack="0"/>
<pin id="231" dir="1" index="2" bw="32" slack="0"/>
</pin_list>
<bind>
<opcode="add(8) " fcode="add"/>
<opset="add_ln10/2 "/>
</bind>
</comp>

<comp id="234" class="1004" name="icmp_ln10_fu_234">
<pin_list>
<pin id="235" dir="0" index="0" bw="32" slack="0"/>
<pin id="236" dir="0" index="1" bw="32" slack="1"/>
<pin id="237" dir="1" index="2" bw="1" slack="2147483647"/>
</pin_list>
<bind>
<opcode="icmp(45) " fcode="icmp"/>
<opset="icmp_ln10/2 "/>
</bind>
</comp>

<comp id="239" class="1004" name="add_ln18_fu_239">
<pin_list>
<pin id="240" dir="0" index="0" bw="6" slack="0"/>
<pin id="241" dir="0" index="1" bw="1" slack="0"/>
<pin id="242" dir="1" index="2" bw="6" slack="0"/>
</pin_list>
<bind>
<opcode="add(8) " fcode="add"/>
<opset="add_ln18/4 "/>
</bind>
</comp>

<comp id="245" class="1004" name="icmp_ln18_fu_245">
<pin_list>
<pin id="246" dir="0" index="0" bw="6" slack="0"/>
<pin id="247" dir="0" index="1" bw="3" slack="0"/>
<pin id="248" dir="1" index="2" bw="1" slack="1"/>
</pin_list>
<bind>
<opcode="icmp(45) " fcode="icmp"/>
<opset="icmp_ln18/4 "/>
</bind>
</comp>

<comp id="251" class="1004" name="trunc_ln21_fu_251">
<pin_list>
<pin id="252" dir="0" index="0" bw="6" slack="0"/>
<pin id="253" dir="1" index="1" bw="4" slack="1"/>
</pin_list>
<bind>
<opcode="trunc(33) " fcode="trunc"/>
<opset="trunc_ln21/4 "/>
</bind>
</comp>

<comp id="255" class="1004" name="trunc_ln21_1_fu_255">
<pin_list>
<pin id="256" dir="0" index="0" bw="2" slack="0"/>
<pin id="257" dir="0" index="1" bw="6" slack="0"/>
<pin id="258" dir="0" index="2" bw="4" slack="0"/>
<pin id="259" dir="0" index="3" bw="4" slack="0"/>
<pin id="260" dir="1" index="4" bw="2" slack="0"/>
</pin_list>
<bind>
<opcode="partselect(1002) " fcode="partselect"/>
<opset="trunc_ln21_1/4 "/>
</bind>
</comp>

<comp id="267" class="1004" name="empty_8_fu_267">
<pin_list>
<pin id="268" dir="0" index="0" bw="32" slack="0"/>
<pin id="269" dir="0" index="1" bw="6" slack="0"/>
<pin id="270" dir="1" index="2" bw="1" slack="0"/>
</pin_list>
<bind>
<opcode="icmp(45) " fcode="icmp"/>
<opset="empty_8/5 "/>
</bind>
</comp>

<comp id="273" class="1004" name="empty_9_fu_273">
<pin_list>
<pin id="274" dir="0" index="0" bw="32" slack="0"/>
<pin id="275" dir="0" index="1" bw="1" slack="0"/>
<pin id="276" dir="1" index="2" bw="1" slack="0"/>
</pin_list>
<bind>
<opcode="icmp(45) " fcode="icmp"/>
<opset="empty_9/5 "/>
</bind>
</comp>

<comp id="279" class="1004" name="empty_10_fu_279">
<pin_list>
<pin id="280" dir="0" index="0" bw="1" slack="0"/>
<pin id="281" dir="0" index="1" bw="1" slack="0"/>
<pin id="282" dir="1" index="2" bw="1" slack="1"/>
</pin_list>
<bind>
<opcode="or(24) " fcode="or"/>
<opset="empty_10/5 "/>
</bind>
</comp>

<comp id="285" class="1004" name="grp_fu_285">
<pin_list>
<pin id="286" dir="0" index="0" bw="32" slack="0"/>
<pin id="287" dir="0" index="1" bw="6" slack="0"/>
<pin id="288" dir="1" index="2" bw="32" slack="0"/>
</pin_list>
<bind>
<opcode="urem(17) " fcode="urem"/>
<opset="rem_V/5 "/>
</bind>
</comp>

<comp id="291" class="1004" name="trunc_ln167_fu_291">
<pin_list>
<pin id="292" dir="0" index="0" bw="6" slack="0"/>
<pin id="293" dir="1" index="1" bw="5" slack="1"/>
</pin_list>
<bind>
<opcode="trunc(33) " fcode="trunc"/>
<opset="trunc_ln167/40 "/>
</bind>
</comp>

<comp id="295" class="1004" name="r_sig_V_fu_295">
<pin_list>
<pin id="296" dir="0" index="0" bw="1" slack="0"/>
<pin id="297" dir="0" index="1" bw="6" slack="0"/>
<pin id="298" dir="0" index="2" bw="4" slack="0"/>
<pin id="299" dir="1" index="3" bw="1" slack="1"/>
</pin_list>
<bind>
<opcode="bitselect(1000) " fcode="bitselect"/>
<opset="r_sig_V/40 "/>
</bind>
</comp>

<comp id="303" class="1004" name="zext_ln159_fu_303">
<pin_list>
<pin id="304" dir="0" index="0" bw="5" slack="1"/>
<pin id="305" dir="1" index="1" bw="6" slack="0"/>
</pin_list>
<bind>
<opcode="zext(34) " fcode="zext"/>
<opset="zext_ln159/41 "/>
</bind>
</comp>

<comp id="306" class="1004" name="rem_V_1_fu_306">
<pin_list>
<pin id="307" dir="0" index="0" bw="5" slack="1"/>
<pin id="308" dir="0" index="1" bw="1" slack="0"/>
<pin id="309" dir="1" index="2" bw="5" slack="0"/>
</pin_list>
<bind>
<opcode="xor(25) " fcode="xor"/>
<opset="rem_V_1/41 "/>
</bind>
</comp>

<comp id="311" class="1004" name="rem_V_3_fu_311">
<pin_list>
<pin id="312" dir="0" index="0" bw="1" slack="1"/>
<pin id="313" dir="0" index="1" bw="5" slack="0"/>
<pin id="314" dir="0" index="2" bw="5" slack="1"/>
<pin id="315" dir="1" index="3" bw="5" slack="0"/>
</pin_list>
<bind>
<opcode="select(49) " fcode="select"/>
<opset="rem_V_3/41 "/>
</bind>
</comp>

<comp id="317" class="1004" name="zext_ln164_fu_317">
<pin_list>
<pin id="318" dir="0" index="0" bw="5" slack="0"/>
<pin id="319" dir="1" index="1" bw="6" slack="0"/>
</pin_list>
<bind>
<opcode="zext(34) " fcode="zext"/>
<opset="zext_ln164/41 "/>
</bind>
</comp>

<comp id="321" class="1004" name="sub_ln657_fu_321">
<pin_list>
<pin id="322" dir="0" index="0" bw="1" slack="0"/>
<pin id="323" dir="0" index="1" bw="5" slack="0"/>
<pin id="324" dir="1" index="2" bw="6" slack="0"/>
</pin_list>
<bind>
<opcode="sub(10) " fcode="sub"/>
<opset="sub_ln657/41 "/>
</bind>
</comp>

<comp id="327" class="1004" name="select_ln175_fu_327">
<pin_list>
<pin id="328" dir="0" index="0" bw="1" slack="1"/>
<pin id="329" dir="0" index="1" bw="6" slack="0"/>
<pin id="330" dir="0" index="2" bw="5" slack="0"/>
<pin id="331" dir="1" index="3" bw="6" slack="0"/>
</pin_list>
<bind>
<opcode="select(49) " fcode="select"/>
<opset="select_ln175/41 "/>
</bind>
</comp>

<comp id="335" class="1004" name="sext_ln21_fu_335">
<pin_list>
<pin id="336" dir="0" index="0" bw="6" slack="0"/>
<pin id="337" dir="1" index="1" bw="8" slack="0"/>
</pin_list>
<bind>
<opcode="sext(35) " fcode="sext"/>
<opset="sext_ln21/41 "/>
</bind>
</comp>

<comp id="340" class="1005" name="len_read_reg_340">
<pin_list>
<pin id="341" dir="0" index="0" bw="32" slack="1"/>
<pin id="342" dir="1" index="1" bw="32" slack="1"/>
</pin_list>
<bind>
<opset="len_read "/>
</bind>
</comp>

<comp id="345" class="1005" name="add_ln10_reg_345">
<pin_list>
<pin id="346" dir="0" index="0" bw="32" slack="0"/>
<pin id="347" dir="1" index="1" bw="32" slack="0"/>
</pin_list>
<bind>
<opset="add_ln10 "/>
</bind>
</comp>

<comp id="353" class="1005" name="add_ln18_reg_353">
<pin_list>
<pin id="354" dir="0" index="0" bw="6" slack="0"/>
<pin id="355" dir="1" index="1" bw="6" slack="0"/>
</pin_list>
<bind>
<opset="add_ln18 "/>
</bind>
</comp>

<comp id="358" class="1005" name="icmp_ln18_reg_358">
<pin_list>
<pin id="359" dir="0" index="0" bw="1" slack="1"/>
<pin id="360" dir="1" index="1" bw="1" slack="2147483647"/>
</pin_list>
<bind>
<opset="icmp_ln18 "/>
</bind>
</comp>

<comp id="362" class="1005" name="trunc_ln21_reg_362">
<pin_list>
<pin id="363" dir="0" index="0" bw="4" slack="1"/>
<pin id="364" dir="1" index="1" bw="4" slack="2147483647"/>
</pin_list>
<bind>
<opset="trunc_ln21 "/>
</bind>
</comp>

<comp id="366" class="1005" name="empty_10_reg_366">
<pin_list>
<pin id="367" dir="0" index="0" bw="1" slack="1"/>
<pin id="368" dir="1" index="1" bw="1" slack="2147483647"/>
</pin_list>
<bind>
<opset="empty_10 "/>
</bind>
</comp>

<comp id="370" class="1005" name="trunc_ln167_reg_370">
<pin_list>
<pin id="371" dir="0" index="0" bw="5" slack="1"/>
<pin id="372" dir="1" index="1" bw="5" slack="1"/>
</pin_list>
<bind>
<opset="trunc_ln167 "/>
</bind>
</comp>

<comp id="377" class="1005" name="r_sig_V_reg_377">
<pin_list>
<pin id="378" dir="0" index="0" bw="1" slack="1"/>
<pin id="379" dir="1" index="1" bw="1" slack="1"/>
</pin_list>
<bind>
<opset="r_sig_V "/>
</bind>
</comp>

</comp_list>

<net_list>
<net id="100"><net_src comp="22" pin="0"/><net_sink comp="96" pin=0"/></net>

<net id="101"><net_src comp="4" pin="0"/><net_sink comp="96" pin=1"/></net>

<net id="107"><net_src comp="94" pin="0"/><net_sink comp="102" pin=0"/></net>

<net id="108"><net_src comp="6" pin="0"/><net_sink comp="102" pin=1"/></net>

<net id="112"><net_src comp="18" pin="0"/><net_sink comp="109" pin=0"/></net>

<net id="119"><net_src comp="109" pin="1"/><net_sink comp="113" pin=0"/></net>

<net id="123"><net_src comp="34" pin="0"/><net_sink comp="120" pin=0"/></net>

<net id="130"><net_src comp="120" pin="1"/><net_sink comp="124" pin=2"/></net>

<net id="168"><net_src comp="134" pin="32"/><net_sink comp="131" pin=0"/></net>

<net id="172"><net_src comp="34" pin="0"/><net_sink comp="169" pin=0"/></net>

<net id="179"><net_src comp="169" pin="1"/><net_sink comp="173" pin=2"/></net>

<net id="187"><net_src comp="82" pin="0"/><net_sink comp="180" pin=0"/></net>

<net id="188"><net_src comp="84" pin="0"/><net_sink comp="180" pin=1"/></net>

<net id="189"><net_src comp="84" pin="0"/><net_sink comp="180" pin=2"/></net>

<net id="190"><net_src comp="84" pin="0"/><net_sink comp="180" pin=3"/></net>

<net id="199"><net_src comp="86" pin="0"/><net_sink comp="191" pin=0"/></net>

<net id="200"><net_src comp="84" pin="0"/><net_sink comp="191" pin=1"/></net>

<net id="201"><net_src comp="84" pin="0"/><net_sink comp="191" pin=2"/></net>

<net id="202"><net_src comp="84" pin="0"/><net_sink comp="191" pin=3"/></net>

<net id="203"><net_src comp="84" pin="0"/><net_sink comp="191" pin=4"/></net>

<net id="207"><net_src comp="180" pin="5"/><net_sink comp="204" pin=0"/></net>

<net id="208"><net_src comp="204" pin="1"/><net_sink comp="134" pin=28"/></net>

<net id="209"><net_src comp="204" pin="1"/><net_sink comp="134" pin=26"/></net>

<net id="210"><net_src comp="204" pin="1"/><net_sink comp="134" pin=24"/></net>

<net id="211"><net_src comp="204" pin="1"/><net_sink comp="134" pin=30"/></net>

<net id="215"><net_src comp="191" pin="6"/><net_sink comp="212" pin=0"/></net>

<net id="216"><net_src comp="212" pin="1"/><net_sink comp="134" pin=22"/></net>

<net id="217"><net_src comp="212" pin="1"/><net_sink comp="134" pin=20"/></net>

<net id="218"><net_src comp="212" pin="1"/><net_sink comp="134" pin=18"/></net>

<net id="219"><net_src comp="212" pin="1"/><net_sink comp="134" pin=16"/></net>

<net id="220"><net_src comp="212" pin="1"/><net_sink comp="134" pin=14"/></net>

<net id="221"><net_src comp="212" pin="1"/><net_sink comp="134" pin=12"/></net>

<net id="222"><net_src comp="212" pin="1"/><net_sink comp="134" pin=10"/></net>

<net id="223"><net_src comp="212" pin="1"/><net_sink comp="134" pin=8"/></net>

<net id="224"><net_src comp="212" pin="1"/><net_sink comp="134" pin=6"/></net>

<net id="225"><net_src comp="212" pin="1"/><net_sink comp="134" pin=4"/></net>

<net id="226"><net_src comp="212" pin="1"/><net_sink comp="134" pin=2"/></net>

<net id="227"><net_src comp="212" pin="1"/><net_sink comp="134" pin=0"/></net>

<net id="232"><net_src comp="113" pin="4"/><net_sink comp="228" pin=0"/></net>

<net id="233"><net_src comp="24" pin="0"/><net_sink comp="228" pin=1"/></net>

<net id="238"><net_src comp="113" pin="4"/><net_sink comp="234" pin=0"/></net>

<net id="243"><net_src comp="124" pin="4"/><net_sink comp="239" pin=0"/></net>

<net id="244"><net_src comp="36" pin="0"/><net_sink comp="239" pin=1"/></net>

<net id="249"><net_src comp="124" pin="4"/><net_sink comp="245" pin=0"/></net>

<net id="250"><net_src comp="38" pin="0"/><net_sink comp="245" pin=1"/></net>

<net id="254"><net_src comp="124" pin="4"/><net_sink comp="251" pin=0"/></net>

<net id="261"><net_src comp="46" pin="0"/><net_sink comp="255" pin=0"/></net>

<net id="262"><net_src comp="124" pin="4"/><net_sink comp="255" pin=1"/></net>

<net id="263"><net_src comp="48" pin="0"/><net_sink comp="255" pin=2"/></net>

<net id="264"><net_src comp="50" pin="0"/><net_sink comp="255" pin=3"/></net>

<net id="265"><net_src comp="255" pin="4"/><net_sink comp="180" pin=4"/></net>

<net id="266"><net_src comp="255" pin="4"/><net_sink comp="191" pin=5"/></net>

<net id="271"><net_src comp="134" pin="32"/><net_sink comp="267" pin=0"/></net>

<net id="272"><net_src comp="88" pin="0"/><net_sink comp="267" pin=1"/></net>

<net id="277"><net_src comp="134" pin="32"/><net_sink comp="273" pin=0"/></net>

<net id="278"><net_src comp="18" pin="0"/><net_sink comp="273" pin=1"/></net>

<net id="283"><net_src comp="273" pin="2"/><net_sink comp="279" pin=0"/></net>

<net id="284"><net_src comp="267" pin="2"/><net_sink comp="279" pin=1"/></net>

<net id="289"><net_src comp="134" pin="32"/><net_sink comp="285" pin=0"/></net>

<net id="290"><net_src comp="88" pin="0"/><net_sink comp="285" pin=1"/></net>

<net id="294"><net_src comp="285" pin="2"/><net_sink comp="291" pin=0"/></net>

<net id="300"><net_src comp="90" pin="0"/><net_sink comp="295" pin=0"/></net>

<net id="301"><net_src comp="285" pin="2"/><net_sink comp="295" pin=1"/></net>

<net id="302"><net_src comp="48" pin="0"/><net_sink comp="295" pin=2"/></net>

<net id="310"><net_src comp="92" pin="0"/><net_sink comp="306" pin=1"/></net>

<net id="316"><net_src comp="306" pin="2"/><net_sink comp="311" pin=1"/></net>

<net id="320"><net_src comp="311" pin="3"/><net_sink comp="317" pin=0"/></net>

<net id="325"><net_src comp="34" pin="0"/><net_sink comp="321" pin=0"/></net>

<net id="326"><net_src comp="317" pin="1"/><net_sink comp="321" pin=1"/></net>

<net id="332"><net_src comp="321" pin="2"/><net_sink comp="327" pin=1"/></net>

<net id="333"><net_src comp="303" pin="1"/><net_sink comp="327" pin=2"/></net>

<net id="334"><net_src comp="327" pin="3"/><net_sink comp="173" pin=0"/></net>

<net id="338"><net_src comp="173" pin="4"/><net_sink comp="335" pin=0"/></net>

<net id="339"><net_src comp="335" pin="1"/><net_sink comp="102" pin=2"/></net>

<net id="343"><net_src comp="96" pin="2"/><net_sink comp="340" pin=0"/></net>

<net id="344"><net_src comp="340" pin="1"/><net_sink comp="234" pin=1"/></net>

<net id="348"><net_src comp="228" pin="2"/><net_sink comp="345" pin=0"/></net>

<net id="349"><net_src comp="345" pin="1"/><net_sink comp="113" pin=2"/></net>

<net id="356"><net_src comp="239" pin="2"/><net_sink comp="353" pin=0"/></net>

<net id="357"><net_src comp="353" pin="1"/><net_sink comp="124" pin=0"/></net>

<net id="361"><net_src comp="245" pin="2"/><net_sink comp="358" pin=0"/></net>

<net id="365"><net_src comp="251" pin="1"/><net_sink comp="362" pin=0"/></net>

<net id="369"><net_src comp="279" pin="2"/><net_sink comp="366" pin=0"/></net>

<net id="373"><net_src comp="291" pin="1"/><net_sink comp="370" pin=0"/></net>

<net id="374"><net_src comp="370" pin="1"/><net_sink comp="303" pin=0"/></net>

<net id="375"><net_src comp="370" pin="1"/><net_sink comp="306" pin=0"/></net>

<net id="376"><net_src comp="370" pin="1"/><net_sink comp="311" pin=2"/></net>

<net id="380"><net_src comp="295" pin="3"/><net_sink comp="377" pin=0"/></net>

<net id="381"><net_src comp="377" pin="1"/><net_sink comp="311" pin=0"/></net>

<net id="382"><net_src comp="377" pin="1"/><net_sink comp="327" pin=0"/></net>

</net_list>

</model> 
---------------- Datapath Model END ------------------

* FSMD analyzer results:
  - Output states:
	Port: out_r | {41 }
 - Input state : 
	Port: hls_linear_combination : len | {1 }
  - Chain level:
	State 1
	State 2
		add_ln10 : 1
		icmp_ln10 : 1
		br_ln10 : 2
	State 3
	State 4
		add_ln18 : 1
		icmp_ln18 : 1
		br_ln18 : 2
		trunc_ln21 : 1
		trunc_ln21_1 : 1
		switch_ln21 : 2
		tmp_14 : 2
		tmp_13 : 2
		tmp_12 : 2
		tmp_11 : 2
		tmp_10 : 2
		tmp_s : 2
		tmp_9 : 2
		tmp_8 : 2
		tmp_7 : 2
		tmp_6 : 2
		tmp_5 : 2
		tmp_4 : 2
		tmp_3 : 2
		tmp_2 : 2
		tmp_1 : 2
		tmp : 2
	State 5
		empty_8 : 1
		empty_9 : 1
		empty_10 : 2
		br_ln21 : 2
		rem_V : 1
	State 6
	State 7
	State 8
	State 9
	State 10
	State 11
	State 12
	State 13
	State 14
	State 15
	State 16
	State 17
	State 18
	State 19
	State 20
	State 21
	State 22
	State 23
	State 24
	State 25
	State 26
	State 27
	State 28
	State 29
	State 30
	State 31
	State 32
	State 33
	State 34
	State 35
	State 36
	State 37
	State 38
	State 39
	State 40
		trunc_ln167 : 1
		r_sig_V : 1
	State 41
		zext_ln164 : 1
		sub_ln657 : 2
		select_ln175 : 3
		p_Val2_s : 4
		sext_ln21 : 5
		write_ln21 : 6
	State 42


============================================================
+ Verbose Summary: Datapath Resource usage 
============================================================

* Functional unit list:
|----------|-------------------------|---------|---------|
| Operation|     Functional Unit     |    FF   |   LUT   |
|----------|-------------------------|---------|---------|
|   urem   |        grp_fu_285       |   2283  |   1738  |
|----------|-------------------------|---------|---------|
|          |     icmp_ln10_fu_234    |    0    |    18   |
|   icmp   |     icmp_ln18_fu_245    |    0    |    10   |
|          |      empty_8_fu_267     |    0    |    18   |
|          |      empty_9_fu_273     |    0    |    18   |
|----------|-------------------------|---------|---------|
|    add   |     add_ln10_fu_228     |    0    |    39   |
|          |     add_ln18_fu_239     |    0    |    14   |
|----------|-------------------------|---------|---------|
|    mux   |        grp_fu_180       |    0    |    14   |
|          |        grp_fu_191       |    0    |    20   |
|----------|-------------------------|---------|---------|
|    sub   |     sub_ln657_fu_321    |    0    |    13   |
|----------|-------------------------|---------|---------|
|  select  |      rem_V_3_fu_311     |    0    |    5    |
|          |   select_ln175_fu_327   |    0    |    6    |
|----------|-------------------------|---------|---------|
|    xor   |      rem_V_1_fu_306     |    0    |    5    |
|----------|-------------------------|---------|---------|
|    or    |     empty_10_fu_279     |    0    |    2    |
|----------|-------------------------|---------|---------|
|   read   |   len_read_read_fu_96   |    0    |    0    |
|----------|-------------------------|---------|---------|
|   write  | write_ln21_write_fu_102 |    0    |    0    |
|----------|-------------------------|---------|---------|
|   trunc  |    trunc_ln21_fu_251    |    0    |    0    |
|          |    trunc_ln167_fu_291   |    0    |    0    |
|----------|-------------------------|---------|---------|
|partselect|   trunc_ln21_1_fu_255   |    0    |    0    |
|----------|-------------------------|---------|---------|
| bitselect|      r_sig_V_fu_295     |    0    |    0    |
|----------|-------------------------|---------|---------|
|   zext   |    zext_ln159_fu_303    |    0    |    0    |
|          |    zext_ln164_fu_317    |    0    |    0    |
|----------|-------------------------|---------|---------|
|   sext   |     sext_ln21_fu_335    |    0    |    0    |
|----------|-------------------------|---------|---------|
|   Total  |                         |   2283  |   1920  |
|----------|-------------------------|---------|---------|

Memories:
N/A

* Register list:
+-------------------+--------+
|                   |   FF   |
+-------------------+--------+
|  add_ln10_reg_345 |   32   |
|  add_ln18_reg_353 |    6   |
|  empty_10_reg_366 |    1   |
|    i_1_reg_120    |    6   |
|     i_reg_109     |   32   |
| icmp_ln18_reg_358 |    1   |
|  len_read_reg_340 |   32   |
|  p_Val2_s_reg_169 |    6   |
|  r_sig_V_reg_377  |    1   |
|      reg_204      |   32   |
|      reg_212      |   32   |
|   tmp_15_reg_131  |   32   |
|trunc_ln167_reg_370|    5   |
| trunc_ln21_reg_362|    4   |
+-------------------+--------+
|       Total       |   222  |
+-------------------+--------+

* Multiplexer (MUX) list: 
|--------|------|------|------|--------|
|  Comp  |  Pin | Size |  BW  | S x BW |
|--------|------|------|------|--------|
|  Total |      |      |      |    0   |
|--------|------|------|------|--------|



* Summary:
+-----------+--------+--------+
|           |   FF   |   LUT  |
+-----------+--------+--------+
|  Function |  2283  |  1920  |
|   Memory  |    -   |    -   |
|Multiplexer|    -   |    -   |
|  Register |   222  |    -   |
+-----------+--------+--------+
|   Total   |  2505  |  1920  |
+-----------+--------+--------+
