
*** Running vivado
    with args -log mayo_sample_oil.vds -m64 -product Vivado -mode batch -messageDb vivado.pb -notrace -source mayo_sample_oil.tcl


****** Vivado v2020.2 (64-bit)
  **** SW Build 3064766 on Wed Nov 18 09:12:47 MST 2020
  **** IP Build 3064653 on Wed Nov 18 14:17:31 MST 2020
    ** Copyright 1986-2020 Xilinx, Inc. All Rights Reserved.

source mayo_sample_oil.tcl -notrace
Command: synth_design -top mayo_sample_oil -part xc7z020clg484-1
Starting synth_design
Attempting to get a license for feature 'Synthesis' and/or device 'xc7z020'
INFO: [Common 17-349] Got license for feature 'Synthesis' and/or device 'xc7z020'
INFO: [Synth 8-7079] Multithreading enabled for synth_design using a maximum of 4 processes.
INFO: [Synth 8-7078] Launching helper process for spawning children vivado processes
INFO: [Synth 8-7075] Helper process launched with PID 218086
---------------------------------------------------------------------------------
Starting Synthesize : Time (s): cpu = 00:00:03 ; elapsed = 00:00:03 . Memory (MB): peak = 2323.746 ; gain = 0.000 ; free physical = 17191 ; free virtual = 28162
---------------------------------------------------------------------------------
INFO: [Synth 8-638] synthesizing module 'mayo_sample_oil' [/home/osm/Documents/SECT-MAYO/MAYO/src/hdl/MAYO_Signing/MAYO_Sample_Oil.vhd:59]
	Parameter RHS_ADR bound to: 6900 - type: integer 
	Parameter LIN_ADR bound to: 3300 - type: integer 
	Parameter SOL_ADR bound to: 3172 - type: integer 
INFO: [Synth 8-256] done synthesizing module 'mayo_sample_oil' (1#1) [/home/osm/Documents/SECT-MAYO/MAYO/src/hdl/MAYO_Signing/MAYO_Sample_Oil.vhd:59]
---------------------------------------------------------------------------------
Finished Synthesize : Time (s): cpu = 00:00:04 ; elapsed = 00:00:04 . Memory (MB): peak = 2323.746 ; gain = 0.000 ; free physical = 17091 ; free virtual = 28067
---------------------------------------------------------------------------------
---------------------------------------------------------------------------------
Finished Constraint Validation : Time (s): cpu = 00:00:04 ; elapsed = 00:00:04 . Memory (MB): peak = 2323.746 ; gain = 0.000 ; free physical = 17798 ; free virtual = 28786
---------------------------------------------------------------------------------
---------------------------------------------------------------------------------
Start Loading Part and Timing Information
---------------------------------------------------------------------------------
Loading part: xc7z020clg484-1
---------------------------------------------------------------------------------
Finished Loading Part and Timing Information : Time (s): cpu = 00:00:04 ; elapsed = 00:00:05 . Memory (MB): peak = 2331.625 ; gain = 7.879 ; free physical = 17786 ; free virtual = 28775
---------------------------------------------------------------------------------
INFO: [Device 21-403] Loading part xc7z020clg484-1
---------------------------------------------------------------------------------
Finished RTL Optimization Phase 2 : Time (s): cpu = 00:00:07 ; elapsed = 00:00:06 . Memory (MB): peak = 2331.625 ; gain = 7.879 ; free physical = 17685 ; free virtual = 28698
---------------------------------------------------------------------------------
No constraint files found.
---------------------------------------------------------------------------------
Start RTL Component Statistics 
---------------------------------------------------------------------------------
Detailed RTL Component Info : 
+---Adders : 
	   2 Input   32 Bit       Adders := 22    
	   2 Input   31 Bit       Adders := 14    
	   3 Input   31 Bit       Adders := 1     
	   2 Input   16 Bit       Adders := 2     
+---Registers : 
	               32 Bit    Registers := 17    
	                8 Bit    Registers := 4     
	                6 Bit    Registers := 1     
	                4 Bit    Registers := 2     
	                1 Bit    Registers := 5     
+---Multipliers : 
	               7x31  Multipliers := 3     
+---Muxes : 
	   2 Input   32 Bit        Muxes := 8     
	   4 Input   32 Bit        Muxes := 3     
	  39 Input   32 Bit        Muxes := 2     
	   8 Input   32 Bit        Muxes := 1     
	   3 Input   16 Bit        Muxes := 1     
	   2 Input   16 Bit        Muxes := 1     
	   2 Input    6 Bit        Muxes := 6     
	   3 Input    6 Bit        Muxes := 1     
	   2 Input    5 Bit        Muxes := 4     
	   3 Input    5 Bit        Muxes := 1     
	   3 Input    4 Bit        Muxes := 1     
	   2 Input    4 Bit        Muxes := 1     
	  39 Input    4 Bit        Muxes := 2     
	   2 Input    3 Bit        Muxes := 2     
	  39 Input    3 Bit        Muxes := 1     
	   2 Input    2 Bit        Muxes := 1     
	  39 Input    2 Bit        Muxes := 3     
	  39 Input    1 Bit        Muxes := 25    
	   2 Input    1 Bit        Muxes := 6     
	   3 Input    1 Bit        Muxes := 3     
	   4 Input    1 Bit        Muxes := 2     
---------------------------------------------------------------------------------
Finished RTL Component Statistics 
---------------------------------------------------------------------------------
---------------------------------------------------------------------------------
Start Part Resource Summary
---------------------------------------------------------------------------------
Part Resources:
DSPs: 220 (col length:60)
BRAMs: 280 (col length: RAMB18 60 RAMB36 30)
---------------------------------------------------------------------------------
Finished Part Resource Summary
---------------------------------------------------------------------------------
No constraint files found.
---------------------------------------------------------------------------------
Start Cross Boundary and Area Optimization
---------------------------------------------------------------------------------
DSP Report: Generating DSP bram0a[o][o_din]0, operation Mode is: C+A*B.
DSP Report: operator bram0a[o][o_din]0 is absorbed into DSP bram0a[o][o_din]0.
DSP Report: operator bram0a[o][o_din]1 is absorbed into DSP bram0a[o][o_din]0.
---------------------------------------------------------------------------------
Finished Cross Boundary and Area Optimization : Time (s): cpu = 00:00:14 ; elapsed = 00:00:14 . Memory (MB): peak = 2331.625 ; gain = 7.879 ; free physical = 17499 ; free virtual = 28529
---------------------------------------------------------------------------------
---------------------------------------------------------------------------------
Start ROM, RAM, DSP, Shift Register and Retiming Reporting
---------------------------------------------------------------------------------

ROM: Preliminary Mapping	Report
+----------------+------------+---------------+----------------+
|Module Name     | RTL Object | Depth x Width | Implemented As | 
+----------------+------------+---------------+----------------+
|mayo_sample_oil | INV[0]     | 32x5          | LUT            | 
|mayo_sample_oil | INV[0]     | 32x5          | LUT            | 
+----------------+------------+---------------+----------------+


DSP: Preliminary Mapping	Report (see note below)
+----------------+-------------+--------+--------+--------+--------+--------+------+------+------+------+-------+------+------+
|Module Name     | DSP Mapping | A Size | B Size | C Size | D Size | P Size | AREG | BREG | CREG | DREG | ADREG | MREG | PREG | 
+----------------+-------------+--------+--------+--------+--------+--------+------+------+------+------+-------+------+------+
|mayo_sample_oil | C+A*B       | 16     | 5      | 16     | -      | 16     | 0    | 0    | 0    | -    | -     | 0    | 0    | 
+----------------+-------------+--------+--------+--------+--------+--------+------+------+------+------+-------+------+------+

Note: The table above is a preliminary report that shows the DSPs inferred at the current stage of the synthesis flow. Some DSP may be reimplemented as non DSP primitives later in the synthesis flow. Multiple instantiated DSPs are reported only once.
---------------------------------------------------------------------------------
Finished ROM, RAM, DSP, Shift Register and Retiming Reporting
---------------------------------------------------------------------------------
No constraint files found.
---------------------------------------------------------------------------------
Start Timing Optimization
---------------------------------------------------------------------------------
---------------------------------------------------------------------------------
Finished Timing Optimization : Time (s): cpu = 00:00:14 ; elapsed = 00:00:14 . Memory (MB): peak = 2331.625 ; gain = 7.879 ; free physical = 17496 ; free virtual = 28529
---------------------------------------------------------------------------------
---------------------------------------------------------------------------------
Start Technology Mapping
---------------------------------------------------------------------------------
---------------------------------------------------------------------------------
Finished Technology Mapping : Time (s): cpu = 00:00:15 ; elapsed = 00:00:15 . Memory (MB): peak = 2331.625 ; gain = 7.879 ; free physical = 17496 ; free virtual = 28529
---------------------------------------------------------------------------------
---------------------------------------------------------------------------------
Start IO Insertion
---------------------------------------------------------------------------------
---------------------------------------------------------------------------------
Start Flattening Before IO Insertion
---------------------------------------------------------------------------------
---------------------------------------------------------------------------------
Finished Flattening Before IO Insertion
---------------------------------------------------------------------------------
---------------------------------------------------------------------------------
Start Final Netlist Cleanup
---------------------------------------------------------------------------------
---------------------------------------------------------------------------------
Finished Final Netlist Cleanup
---------------------------------------------------------------------------------
---------------------------------------------------------------------------------
Finished IO Insertion : Time (s): cpu = 00:00:17 ; elapsed = 00:00:17 . Memory (MB): peak = 2331.625 ; gain = 7.879 ; free physical = 17509 ; free virtual = 28527
---------------------------------------------------------------------------------
---------------------------------------------------------------------------------
Start Renaming Generated Instances
---------------------------------------------------------------------------------
---------------------------------------------------------------------------------
Finished Renaming Generated Instances : Time (s): cpu = 00:00:17 ; elapsed = 00:00:17 . Memory (MB): peak = 2331.625 ; gain = 7.879 ; free physical = 17509 ; free virtual = 28527
---------------------------------------------------------------------------------
---------------------------------------------------------------------------------
Start Rebuilding User Hierarchy
---------------------------------------------------------------------------------
---------------------------------------------------------------------------------
Finished Rebuilding User Hierarchy : Time (s): cpu = 00:00:17 ; elapsed = 00:00:17 . Memory (MB): peak = 2331.625 ; gain = 7.879 ; free physical = 17509 ; free virtual = 28527
---------------------------------------------------------------------------------
---------------------------------------------------------------------------------
Start Renaming Generated Ports
---------------------------------------------------------------------------------
---------------------------------------------------------------------------------
Finished Renaming Generated Ports : Time (s): cpu = 00:00:17 ; elapsed = 00:00:17 . Memory (MB): peak = 2331.625 ; gain = 7.879 ; free physical = 17509 ; free virtual = 28527
---------------------------------------------------------------------------------
---------------------------------------------------------------------------------
Start Handling Custom Attributes
---------------------------------------------------------------------------------
---------------------------------------------------------------------------------
Finished Handling Custom Attributes : Time (s): cpu = 00:00:17 ; elapsed = 00:00:17 . Memory (MB): peak = 2331.625 ; gain = 7.879 ; free physical = 17509 ; free virtual = 28526
---------------------------------------------------------------------------------
---------------------------------------------------------------------------------
Start Renaming Generated Nets
---------------------------------------------------------------------------------
---------------------------------------------------------------------------------
Finished Renaming Generated Nets : Time (s): cpu = 00:00:17 ; elapsed = 00:00:17 . Memory (MB): peak = 2331.625 ; gain = 7.879 ; free physical = 17509 ; free virtual = 28526
---------------------------------------------------------------------------------
---------------------------------------------------------------------------------
Start Writing Synthesis Report
---------------------------------------------------------------------------------

Report BlackBoxes: 
+-+--------------+----------+
| |BlackBox name |Instances |
+-+--------------+----------+
+-+--------------+----------+

Report Cell Usage: 
+------+--------+------+
|      |Cell    |Count |
+------+--------+------+
|1     |BUFG    |     1|
|2     |CARRY4  |   453|
|3     |DSP48E1 |     1|
|4     |LUT1    |   120|
|5     |LUT2    |   954|
|6     |LUT3    |   140|
|7     |LUT4    |   166|
|8     |LUT5    |   236|
|9     |LUT6    |   394|
|10    |MUXF7   |    31|
|11    |FDRE    |   476|
|12    |IBUF    |    67|
|13    |OBUF    |   142|
|14    |OBUFT   |   140|
+------+--------+------+

Report Instance Areas: 
+------+---------+-------+------+
|      |Instance |Module |Cells |
+------+---------+-------+------+
|1     |top      |       |  3321|
+------+---------+-------+------+
---------------------------------------------------------------------------------
Finished Writing Synthesis Report : Time (s): cpu = 00:00:17 ; elapsed = 00:00:17 . Memory (MB): peak = 2331.625 ; gain = 7.879 ; free physical = 17509 ; free virtual = 28526
---------------------------------------------------------------------------------
Synthesis finished with 0 errors, 0 critical warnings and 0 warnings.
Synthesis Optimization Runtime : Time (s): cpu = 00:00:17 ; elapsed = 00:00:17 . Memory (MB): peak = 2331.625 ; gain = 7.879 ; free physical = 17515 ; free virtual = 28532
Synthesis Optimization Complete : Time (s): cpu = 00:00:17 ; elapsed = 00:00:17 . Memory (MB): peak = 2331.633 ; gain = 7.879 ; free physical = 17515 ; free virtual = 28532
INFO: [Project 1-571] Translating synthesized netlist
Netlist sorting complete. Time (s): cpu = 00:00:00.02 ; elapsed = 00:00:00.01 . Memory (MB): peak = 2331.633 ; gain = 0.000 ; free physical = 17578 ; free virtual = 28611
INFO: [Netlist 29-17] Analyzing 485 Unisim elements for replacement
INFO: [Netlist 29-28] Unisim Transformation completed in 0 CPU seconds
WARNING: [Netlist 29-101] Netlist 'mayo_sample_oil' is not ideal for floorplanning, since the cellview 'mayo_sample_oil' contains a large number of primitives.  Please consider enabling hierarchy in synthesis if you want to do floorplanning.
INFO: [Project 1-570] Preparing netlist for logic optimization
INFO: [Opt 31-138] Pushed 0 inverter(s) to 0 load pin(s).
Netlist sorting complete. Time (s): cpu = 00:00:00 ; elapsed = 00:00:00 . Memory (MB): peak = 2387.652 ; gain = 0.000 ; free physical = 17507 ; free virtual = 28541
INFO: [Project 1-111] Unisim Transformation Summary:
No Unisim elements were transformed.

INFO: [Common 17-83] Releasing license: Synthesis
14 Infos, 1 Warnings, 0 Critical Warnings and 0 Errors encountered.
synth_design completed successfully
synth_design: Time (s): cpu = 00:00:24 ; elapsed = 00:00:19 . Memory (MB): peak = 2387.652 ; gain = 64.031 ; free physical = 17653 ; free virtual = 28686
INFO: [Common 17-1381] The checkpoint '/home/osm/Documents/SECT-MAYO/MAYO/vivado/GSMITHreloaded/GSMITHreloaded.runs/synth_1/mayo_sample_oil.dcp' has been generated.
INFO: [runtcl-4] Executing : report_utilization -file mayo_sample_oil_utilization_synth.rpt -pb mayo_sample_oil_utilization_synth.pb
INFO: [Common 17-206] Exiting Vivado at Tue Apr 11 22:01:51 2023...
