#-----------------------------------------------------------
# Vivado v2020.2 (64-bit)
# SW Build 3064766 on Wed Nov 18 09:12:47 MST 2020
# IP Build 3064653 on Wed Nov 18 14:17:31 MST 2020
# Start of session at: Wed Jul  6 20:47:34 2022
# Process ID: 966085
# Current directory: /home/osm/Documents/SECT-MAYO/MAYO/HLS/hls_linear_combination/good/sim/vhdl
# Command line: vivado -source open_wave.tcl
# Log file: /home/osm/Documents/SECT-MAYO/MAYO/HLS/hls_linear_combination/good/sim/vhdl/vivado.log
# Journal file: /home/osm/Documents/SECT-MAYO/MAYO/HLS/hls_linear_combination/good/sim/vhdl/vivado.jou
#-----------------------------------------------------------
start_gui
source open_wave.tcl
# current_fileset
INFO: [IP_Flow 19-234] Refreshing IP repositories
INFO: [IP_Flow 19-1704] No user IP repositories specified
INFO: [IP_Flow 19-2313] Loaded Vivado IP repository '/opt/Xilinx/Vivado/2020.2/data/ip'.
current_fileset: Time (s): cpu = 00:00:23 ; elapsed = 00:00:28 . Memory (MB): peak = 7297.332 ; gain = 31.375 ; free physical = 178 ; free virtual = 4317
# open_wave_database hls_linear_combination.wdb
open_wave_config /home/osm/Documents/SECT-MAYO/MAYO/HLS/hls_linear_combination/good/sim/vhdl/hls_linear_combination.wcfg
open_wave_database: Time (s): cpu = 00:00:15 ; elapsed = 00:00:15 . Memory (MB): peak = 7368.328 ; gain = 62.031 ; free physical = 180 ; free virtual = 4199
close_sim
INFO: [Simtcl 6-16] Simulation closed
exit
INFO: [Common 17-206] Exiting Vivado at Wed Jul  6 23:54:44 2022...
