#-----------------------------------------------------------
# Vivado v2020.2 (64-bit)
# SW Build 3064766 on Wed Nov 18 09:12:47 MST 2020
# IP Build 3064653 on Wed Nov 18 14:17:31 MST 2020
# Start of session at: Wed Jul  6 20:47:07 2022
# Process ID: 965983
# Current directory: /home/osm/Documents/SECT-MAYO/MAYO/HLS/hls_linear_combination/good/sim/vhdl
# Command line: vivado -source open_wave.tcl
# Log file: /home/osm/Documents/SECT-MAYO/MAYO/HLS/hls_linear_combination/good/sim/vhdl/vivado.log
# Journal file: /home/osm/Documents/SECT-MAYO/MAYO/HLS/hls_linear_combination/good/sim/vhdl/vivado.jou
#-----------------------------------------------------------
start_gui
source open_wave.tcl
# current_fileset
INFO: [IP_Flow 19-234] Refreshing IP repositories
INFO: [IP_Flow 19-1704] No user IP repositories specified
INFO: [IP_Flow 19-2313] Loaded Vivado IP repository '/opt/Xilinx/Vivado/2020.2/data/ip'.
current_fileset: Time (s): cpu = 00:00:24 ; elapsed = 00:00:29 . Memory (MB): peak = 7219.352 ; gain = 41.383 ; free physical = 208 ; free virtual = 4319
# open_wave_database hls_linear_combination.wdb
open_wave_config /home/osm/Documents/SECT-MAYO/MAYO/HLS/hls_linear_combination/good/sim/vhdl/hls_linear_combination.wcfg
open_wave_database: Time (s): cpu = 00:00:16 ; elapsed = 00:00:16 . Memory (MB): peak = 7295.352 ; gain = 67.035 ; free physical = 179 ; free virtual = 4199
