Vivado Simulator 2020.2
Copyright 1986-1999, 2001-2020 Xilinx, Inc. All Rights Reserved.
Running: /opt/Xilinx/Vivado/2020.2/bin/unwrapped/lnx64.o/xelab -wto d1f38ca1824246b08ee5abdac12315a5 --incr --debug typical --relax --mt 8 -L xil_defaultlib -L secureip --snapshot sha384_tb_behav xil_defaultlib.sha384_tb -log elaborate.log 
Using 8 slave threads.
Starting static elaboration
Completed static elaboration
Starting simulation data flow analysis
Completed simulation data flow analysis
Time Resolution for simulation is 1ps
Compiling package std.standard
Compiling package std.textio
Compiling package ieee.std_logic_1164
Compiling package ieee.numeric_std
Compiling package ieee.std_logic_textio
Compiling package unisim.vcomponents
Compiling package xil_defaultlib.sha_settings
Compiling package ieee.vital_timing
Compiling package ieee.vital_primitives
Compiling package unisim.vpkg
Compiling architecture fdre_v of entity unisim.FDRE [fdre_default]
Compiling architecture behavioral of entity xil_defaultlib.RegisterFDRE [\RegisterFDRE(size=32)\]
Compiling architecture behavioral of entity xil_defaultlib.SHA_MOD_ADDER [\SHA_MOD_ADDER(size=64)\]
Compiling architecture behavioral of entity xil_defaultlib.COUNTER_INC [\COUNTER_INC(size=7,max_value=79...]
Compiling architecture behavioral of entity xil_defaultlib.COUNTER_INC [\COUNTER_INC(size=15,max_value=3...]
Compiling architecture behavioral of entity xil_defaultlib.COUNTER_INC [\COUNTER_INC(size=4,max_value=7)...]
Compiling architecture behavioral of entity xil_defaultlib.COUNTER_INC [\COUNTER_INC(max_value=32)\]
Compiling architecture behavioral of entity xil_defaultlib.COUNTER_INC_INIT_BARREL [\COUNTER_INC_INIT_BARREL(size=4,...]
Compiling architecture behavioral of entity xil_defaultlib.COUNTER_INC_INIT_BARREL [\COUNTER_INC_INIT_BARREL(size=4,...]
Compiling architecture behavioral of entity xil_defaultlib.COUNTER_INC_INIT_BARREL [\COUNTER_INC_INIT_BARREL(size=4,...]
Compiling architecture behavioral of entity xil_defaultlib.COUNTER_INC_INIT_BARREL [\COUNTER_INC_INIT_BARREL(size=4,...]
Compiling architecture behavioral of entity xil_defaultlib.SHA384_RETIMING_VAR_SIZE [sha384_retiming_var_size_default]
Compiling architecture behavioral of entity xil_defaultlib.sha384_tb
Built simulation snapshot sha384_tb_behav
