#-----------------------------------------------------------
# Vivado v2020.2 (64-bit)
# SW Build 3064766 on Wed Nov 18 09:12:47 MST 2020
# IP Build 3064653 on Wed Nov 18 14:17:31 MST 2020
# Start of session at: Fri Dec 22 12:37:46 2023
# Process ID: 254522
# Current directory: /home/osm/Documents/Sect/SECT-MAYO/MAYO
# Command line: vivado
# Log file: /home/osm/Documents/Sect/SECT-MAYO/MAYO/vivado.log
# Journal file: /home/osm/Documents/Sect/SECT-MAYO/MAYO/vivado.jou
#-----------------------------------------------------------
start_gui
open_project /home/osm/Documents/Sect/SECT-MAYO/MAYO/vivado/hw-mayo/hw-mayo.xpr
Scanning sources...
Finished scanning sources
INFO: [IP_Flow 19-234] Refreshing IP repositories
INFO: [IP_Flow 19-1700] Loaded user IP repository '/home/osm/Documents/Sect/SECT-MAYO/MAYO/vivado/ip_repo/mayo_axi_litev3/mayo_axi_litev3_3'.
INFO: [IP_Flow 19-1700] Loaded user IP repository '/home/osm/Documents/Sect/SECT-MAYO/MAYO/vivado/ip_repo/mayo-axi/Mayo_axi_1.0'.
INFO: [IP_Flow 19-1700] Loaded user IP repository '/home/osm/Documents/Sect/SECT-MAYO/MAYO/vivado/ip_repo/INTERFACES'.
INFO: [IP_Flow 19-2313] Loaded Vivado IP repository '/tools/Xilinx/Vivado/2020.2/data/ip'.
WARNING: [BD 41-1661] One or more IPs have been locked in the design 'Mayo_keygen_no_zynq.bd'. Please run report_ip_status for more details and recommendations on how to fix this issue.
List of locked IPs:
Mayo_keygen_no_zynq_TRNG_0_0
Mayo_keygen_no_zynq_MAYO_SHAKE_1_0

WARNING: [BD 41-1661] One or more IPs have been locked in the design 'Mayo_keygen.bd'. Please run report_ip_status for more details and recommendations on how to fix this issue.
List of locked IPs:
Mayo_keygen_MAYO_SHAKE_1_0
Mayo_keygen_TRNG_0_0

INFO: [IP_Flow 19-3899] Cannot get the environment domain name variable for the component vendor name. Setting the vendor name to 'user.org'.
open_project: Time (s): cpu = 00:00:22 ; elapsed = 00:00:10 . Memory (MB): peak = 7716.039 ; gain = 384.258 ; free physical = 13058 ; free virtual = 26372
