==============================================================
Vitis HLS - High-Level Synthesis from C, C++ and OpenCL v2020.2 (64-bit)
Copyright 1986-2020 Xilinx, Inc. All Rights Reserved.
==============================================================
INFO: [SYN 201-201] Setting up clock 'default' with a period of 10ns.
INFO: [HLS 200-10] Setting target device to 'xc7z020-clg484-1'
INFO: [HLS 200-1505] Using flow_target 'vivado'
INFO: [HLS 200-1510] Running: set_part xc7z020clg484-1 
INFO: [HLS 200-1510] Running: create_clock -period 10 -name default 
INFO: [HLS 200-1510] Running: set_directive_top -name hls_linear_combination hls_linear_combination 
INFO: [HLS 200-1510] Running: set_directive_pipeline hls_linear_combination/LOOP_LC2 
INFO: [HLS 200-1510] Running: set_directive_pipeline hls_linear_combination/LOOP_LC1 
INFO: [HLS 200-1510] Running: set_directive_array_partition -type cyclic -factor 16 -dim 1 hls_linear_combination accumulators 
INFO: [HLS 200-1510] Running: set_directive_pipeline hls_linear_combination 
INFO: [HLS 200-1510] Running: csynth_design 
INFO: [HLS 200-111] Finished File checks and directory preparation: CPU user time: 0.01 seconds. CPU system time: 0 seconds. Elapsed time: 0 seconds; current allocated memory: 180.312 MB.
INFO: [HLS 200-10] Analyzing design file 'hls_linear_combination/hls_linear_combination.cpp' ... 
WARNING: [HLS 207-5510] 'Resource pragma' is deprecated, and it will be removed in future release. It is suggested to replace it with 'bind_op/bind_storage pragma'.: /opt/Xilinx/Vitis_HLS/2020.2/common/technology/autopilot/hls_hotbm_apfixed.h:117:9
WARNING: [HLS 207-5510] 'Resource pragma' is deprecated, and it will be removed in future release. It is suggested to replace it with 'bind_op/bind_storage pragma'.: /opt/Xilinx/Vitis_HLS/2020.2/common/technology/autopilot/hls_hotbm_apfixed.h:118:9
WARNING: [HLS 207-5510] 'Resource pragma' is deprecated, and it will be removed in future release. It is suggested to replace it with 'bind_op/bind_storage pragma'.: /opt/Xilinx/Vitis_HLS/2020.2/common/technology/autopilot/hls_hotbm_apfixed.h:119:9
WARNING: [HLS 207-5510] 'Resource pragma' is deprecated, and it will be removed in future release. It is suggested to replace it with 'bind_op/bind_storage pragma'.: /opt/Xilinx/Vitis_HLS/2020.2/common/technology/autopilot/hls_hotbm_apfixed.h:120:9
WARNING: [HLS 207-5510] 'Resource pragma' is deprecated, and it will be removed in future release. It is suggested to replace it with 'bind_op/bind_storage pragma'.: /opt/Xilinx/Vitis_HLS/2020.2/common/technology/autopilot/hls_hotbm_apfixed.h:121:9
WARNING: [HLS 207-5510] 'Resource pragma' is deprecated, and it will be removed in future release. It is suggested to replace it with 'bind_op/bind_storage pragma'.: /opt/Xilinx/Vitis_HLS/2020.2/common/technology/autopilot/hls_hotbm_apfixed.h:151:9
WARNING: [HLS 207-5510] 'Resource pragma' is deprecated, and it will be removed in future release. It is suggested to replace it with 'bind_op/bind_storage pragma'.: /opt/Xilinx/Vitis_HLS/2020.2/common/technology/autopilot/hls_hotbm_apfixed.h:152:9
WARNING: [HLS 207-5510] 'Resource pragma' is deprecated, and it will be removed in future release. It is suggested to replace it with 'bind_op/bind_storage pragma'.: /opt/Xilinx/Vitis_HLS/2020.2/common/technology/autopilot/hls_hotbm_apfixed.h:153:9
WARNING: [HLS 207-5510] 'Resource pragma' is deprecated, and it will be removed in future release. It is suggested to replace it with 'bind_op/bind_storage pragma'.: /opt/Xilinx/Vitis_HLS/2020.2/common/technology/autopilot/hls_hotbm_apfixed.h:154:9
WARNING: [HLS 207-5510] 'Resource pragma' is deprecated, and it will be removed in future release. It is suggested to replace it with 'bind_op/bind_storage pragma'.: /opt/Xilinx/Vitis_HLS/2020.2/common/technology/autopilot/hls_hotbm_apfixed.h:155:9
WARNING: [HLS 207-5510] 'Resource pragma' is deprecated, and it will be removed in future release. It is suggested to replace it with 'bind_op/bind_storage pragma'.: /opt/Xilinx/Vitis_HLS/2020.2/common/technology/autopilot/hls_hotbm_apfixed.h:156:9
WARNING: [HLS 207-5510] 'Resource pragma' is deprecated, and it will be removed in future release. It is suggested to replace it with 'bind_op/bind_storage pragma'.: /opt/Xilinx/Vitis_HLS/2020.2/common/technology/autopilot/hls_hotbm_apfixed.h:157:9
WARNING: [HLS 207-5510] 'Resource pragma' is deprecated, and it will be removed in future release. It is suggested to replace it with 'bind_op/bind_storage pragma'.: /opt/Xilinx/Vitis_HLS/2020.2/common/technology/autopilot/hls_hotbm_apfixed.h:158:9
WARNING: [HLS 207-5510] 'Resource pragma' is deprecated, and it will be removed in future release. It is suggested to replace it with 'bind_op/bind_storage pragma'.: /opt/Xilinx/Vitis_HLS/2020.2/common/technology/autopilot/hls_hotbm_apfixed.h:159:9
WARNING: [HLS 207-5510] 'Resource pragma' is deprecated, and it will be removed in future release. It is suggested to replace it with 'bind_op/bind_storage pragma'.: /opt/Xilinx/Vitis_HLS/2020.2/common/technology/autopilot/hls_hotbm_apfixed.h:160:9
WARNING: [HLS 207-5510] 'Resource pragma' is deprecated, and it will be removed in future release. It is suggested to replace it with 'bind_op/bind_storage pragma'.: /opt/Xilinx/Vitis_HLS/2020.2/common/technology/autopilot/hls_hotbm_apfixed.h:210:9
WARNING: [HLS 207-5510] 'Resource pragma' is deprecated, and it will be removed in future release. It is suggested to replace it with 'bind_op/bind_storage pragma'.: /opt/Xilinx/Vitis_HLS/2020.2/common/technology/autopilot/hls_hotbm_apfixed.h:211:9
WARNING: [HLS 207-5510] 'Resource pragma' is deprecated, and it will be removed in future release. It is suggested to replace it with 'bind_op/bind_storage pragma'.: /opt/Xilinx/Vitis_HLS/2020.2/common/technology/autopilot/hls_hotbm_apfixed.h:212:9
WARNING: [HLS 207-5510] 'Resource pragma' is deprecated, and it will be removed in future release. It is suggested to replace it with 'bind_op/bind_storage pragma'.: /opt/Xilinx/Vitis_HLS/2020.2/common/technology/autopilot/hls_hotbm_apfixed.h:239:9
WARNING: [HLS 207-5510] 'Resource pragma' is deprecated, and it will be removed in future release. It is suggested to replace it with 'bind_op/bind_storage pragma'.: /opt/Xilinx/Vitis_HLS/2020.2/common/technology/autopilot/hls_hotbm_apfixed.h:240:9
WARNING: [HLS 207-5510] 'Resource pragma' is deprecated, and it will be removed in future release. It is suggested to replace it with 'bind_op/bind_storage pragma'.: /opt/Xilinx/Vitis_HLS/2020.2/common/technology/autopilot/hls_hotbm_apfixed.h:241:9
WARNING: [HLS 207-5510] 'Resource pragma' is deprecated, and it will be removed in future release. It is suggested to replace it with 'bind_op/bind_storage pragma'.: /opt/Xilinx/Vitis_HLS/2020.2/common/technology/autopilot/hls_hotbm_apfixed.h:242:9
WARNING: [HLS 207-5510] 'Resource pragma' is deprecated, and it will be removed in future release. It is suggested to replace it with 'bind_op/bind_storage pragma'.: /opt/Xilinx/Vitis_HLS/2020.2/common/technology/autopilot/hls_hotbm_apfixed.h:243:9
WARNING: [HLS 207-5510] 'Resource pragma' is deprecated, and it will be removed in future release. It is suggested to replace it with 'bind_op/bind_storage pragma'.: /opt/Xilinx/Vitis_HLS/2020.2/common/technology/autopilot/hls_hotbm_apfixed.h:244:9
WARNING: [HLS 207-5510] 'Resource pragma' is deprecated, and it will be removed in future release. It is suggested to replace it with 'bind_op/bind_storage pragma'.: /opt/Xilinx/Vitis_HLS/2020.2/common/technology/autopilot/hls_hotbm_apfixed.h:280:9
WARNING: [HLS 207-5510] 'Resource pragma' is deprecated, and it will be removed in future release. It is suggested to replace it with 'bind_op/bind_storage pragma'.: /opt/Xilinx/Vitis_HLS/2020.2/common/technology/autopilot/hls_hotbm_apfixed.h:281:9
INFO: [HLS 200-111] Finished Source Code Analysis and Preprocessing: CPU user time: 53.18 seconds. CPU system time: 1.99 seconds. Elapsed time: 57.79 seconds; current allocated memory: 182.656 MB.
INFO: [HLS 200-777] Using interface defaults for 'Vivado' flow target.
INFO: [HLS 214-178] Inlining function 'ap_fixed<34, 34, (ap_q_mode)5, (ap_o_mode)3, 0> fabs_fixed<34, 34>(ap_fixed<34, 34, (ap_q_mode)5, (ap_o_mode)3, 0>)' into 'ap_fixed<33, 33, (ap_q_mode)5, (ap_o_mode)3, 0> hls_internal::generic_remquo<33, 33>(ap_fixed<33, 33, (ap_q_mode)5, (ap_o_mode)3, 0>, ap_fixed<33, 33, (ap_q_mode)5, (ap_o_mode)3, 0>, int*)' (/wrk/ci/prod/2020.2/rdi_builds/continuous/2020_11_18_3064766/src/shared/hls/clib/hlsmath/include/hls_fmod_rem_quo_remainder_divide_apfixed.h:136:0)
INFO: [HLS 214-178] Inlining function 'ap_fixed<34, 34, (ap_q_mode)5, (ap_o_mode)3, 0> fabs_fixed<34, 34>(ap_fixed<34, 34, (ap_q_mode)5, (ap_o_mode)3, 0>)' into 'ap_fixed<33, 33, (ap_q_mode)5, (ap_o_mode)3, 0> hls_internal::generic_remquo<33, 33>(ap_fixed<33, 33, (ap_q_mode)5, (ap_o_mode)3, 0>, ap_fixed<33, 33, (ap_q_mode)5, (ap_o_mode)3, 0>, int*)' (/wrk/ci/prod/2020.2/rdi_builds/continuous/2020_11_18_3064766/src/shared/hls/clib/hlsmath/include/hls_fmod_rem_quo_remainder_divide_apfixed.h:136:0)
INFO: [HLS 214-178] Inlining function 'ap_fixed<33, 33, (ap_q_mode)5, (ap_o_mode)3, 0> hls_internal::generic_remainder<33, 33>(ap_fixed<33, 33, (ap_q_mode)5, (ap_o_mode)3, 0>, ap_fixed<33, 33, (ap_q_mode)5, (ap_o_mode)3, 0>)' into 'ap_uint<32> hls_internal::generic_remainder<32>(ap_uint<32>, ap_uint<32>)' (/wrk/ci/prod/2020.2/rdi_builds/continuous/2020_11_18_3064766/src/shared/hls/clib/hlsmath/include/hls_fmod_rem_quo_remainder_divide_apfixed.h:223:0)
INFO: [HLS 214-178] Inlining function 'ap_uint<32> hls_internal::generic_remainder<32>(ap_uint<32>, ap_uint<32>)' into 'hls::remainder(unsigned int, unsigned int)' (/wrk/ci/prod/2020.2/rdi_builds/continuous/2020_11_18_3064766/src/shared/hls/clib/hlsmath/src/c++/remainderint.cpp:67:0)
INFO: [HLS 214-178] Inlining function 'hls::remainder(unsigned int, unsigned int)' into 'hls_linear_combination(unsigned char*, unsigned char*, int, unsigned char*)' (hls_linear_combination/hls_linear_combination.cpp:5:0)
INFO: [HLS 200-111] Finished Compiling Optimization and Transform: CPU user time: 9.57 seconds. CPU system time: 0.67 seconds. Elapsed time: 11.58 seconds; current allocated memory: 184.806 MB.
INFO: [HLS 200-111] Finished Checking Pragmas: CPU user time: 0 seconds. CPU system time: 0 seconds. Elapsed time: 0.01 seconds; current allocated memory: 184.807 MB.
INFO: [HLS 200-10] Starting code transformations ...
INFO: [HLS 200-111] Finished Standard Transforms: CPU user time: 0.42 seconds. CPU system time: 0.03 seconds. Elapsed time: 0.47 seconds; current allocated memory: 215.742 MB.
INFO: [HLS 200-10] Checking synthesizability ...
INFO: [HLS 200-111] Finished Checking Synthesizability: CPU user time: 0.91 seconds. CPU system time: 0.06 seconds. Elapsed time: 1 seconds; current allocated memory: 264.780 MB.
INFO: [XFORM 203-502] Unrolling all loops for pipelining in function 'hls_linear_combination' (hls_linear_combination/hls_linear_combination.cpp:5).
WARNING: [XFORM 203-503] Ignored partial unroll directive for loop 'LOOP_LC1' (hls_linear_combination/hls_linear_combination.cpp:10) because its parent loop or function is pipelined.
WARNING: [XFORM 203-505] Ignored pipeline directive for loop 'LOOP_LC2' (hls_linear_combination/hls_linear_combination.cpp:18) because its parent loop or function is pipelined.
WARNING: [XFORM 203-503] Ignored partial unroll directive for loop 'LOOP_LC2' (hls_linear_combination/hls_linear_combination.cpp:18) because its parent loop or function is pipelined.
WARNING: [HLS 200-936] Cannot unroll loop 'LOOP_LC1' (hls_linear_combination/hls_linear_combination.cpp:10) in function 'hls_linear_combination': cannot completely unroll a loop with a variable trip count.
INFO: [HLS 200-489] Unrolling loop 'LOOP_LC12' (hls_linear_combination/hls_linear_combination.cpp:12) in function 'hls_linear_combination' completely with a factor of 60.
INFO: [HLS 200-489] Unrolling loop 'LOOP_LC2' (hls_linear_combination/hls_linear_combination.cpp:18) in function 'hls_linear_combination' completely with a factor of 60.
INFO: [XFORM 203-101] Partitioning array 'accumulators' (hls_linear_combination/hls_linear_combination.cpp:7) in dimension 1 with a cyclic factor 16.
INFO: [XFORM 203-102] Automatically partitioning small array 'accumulators.0' (hls_linear_combination/hls_linear_combination.cpp:7) completely based on array size.
INFO: [XFORM 203-102] Automatically partitioning small array 'accumulators.1' (hls_linear_combination/hls_linear_combination.cpp:7) completely based on array size.
INFO: [XFORM 203-102] Automatically partitioning small array 'accumulators.2' (hls_linear_combination/hls_linear_combination.cpp:7) completely based on array size.
INFO: [XFORM 203-102] Automatically partitioning small array 'accumulators.3' (hls_linear_combination/hls_linear_combination.cpp:7) completely based on array size.
INFO: [XFORM 203-102] Automatically partitioning small array 'accumulators.4' (hls_linear_combination/hls_linear_combination.cpp:7) completely based on array size.
INFO: [XFORM 203-102] Automatically partitioning small array 'accumulators.5' (hls_linear_combination/hls_linear_combination.cpp:7) completely based on array size.
INFO: [XFORM 203-102] Automatically partitioning small array 'accumulators.6' (hls_linear_combination/hls_linear_combination.cpp:7) completely based on array size.
INFO: [XFORM 203-102] Automatically partitioning small array 'accumulators.7' (hls_linear_combination/hls_linear_combination.cpp:7) completely based on array size.
INFO: [XFORM 203-102] Automatically partitioning small array 'accumulators.8' (hls_linear_combination/hls_linear_combination.cpp:7) completely based on array size.
INFO: [XFORM 203-102] Automatically partitioning small array 'accumulators.9' (hls_linear_combination/hls_linear_combination.cpp:7) completely based on array size.
INFO: [XFORM 203-102] Automatically partitioning small array 'accumulators.10' (hls_linear_combination/hls_linear_combination.cpp:7) completely based on array size.
INFO: [XFORM 203-102] Automatically partitioning small array 'accumulators.11' (hls_linear_combination/hls_linear_combination.cpp:7) completely based on array size.
INFO: [XFORM 203-102] Automatically partitioning small array 'accumulators.12' (hls_linear_combination/hls_linear_combination.cpp:7) completely based on array size.
INFO: [XFORM 203-102] Automatically partitioning small array 'accumulators.13' (hls_linear_combination/hls_linear_combination.cpp:7) completely based on array size.
INFO: [XFORM 203-102] Automatically partitioning small array 'accumulators.14' (hls_linear_combination/hls_linear_combination.cpp:7) completely based on array size.
INFO: [XFORM 203-102] Automatically partitioning small array 'accumulators.15' (hls_linear_combination/hls_linear_combination.cpp:7) completely based on array size.
INFO: [XFORM 203-101] Partitioning array 'accumulators.0' (hls_linear_combination/hls_linear_combination.cpp:7) in dimension 1 completely.
INFO: [XFORM 203-101] Partitioning array 'accumulators.1' (hls_linear_combination/hls_linear_combination.cpp:7) in dimension 1 completely.
INFO: [XFORM 203-101] Partitioning array 'accumulators.2' (hls_linear_combination/hls_linear_combination.cpp:7) in dimension 1 completely.
INFO: [XFORM 203-101] Partitioning array 'accumulators.3' (hls_linear_combination/hls_linear_combination.cpp:7) in dimension 1 completely.
INFO: [XFORM 203-101] Partitioning array 'accumulators.4' (hls_linear_combination/hls_linear_combination.cpp:7) in dimension 1 completely.
INFO: [XFORM 203-101] Partitioning array 'accumulators.5' (hls_linear_combination/hls_linear_combination.cpp:7) in dimension 1 completely.
INFO: [XFORM 203-101] Partitioning array 'accumulators.6' (hls_linear_combination/hls_linear_combination.cpp:7) in dimension 1 completely.
INFO: [XFORM 203-101] Partitioning array 'accumulators.7' (hls_linear_combination/hls_linear_combination.cpp:7) in dimension 1 completely.
INFO: [XFORM 203-101] Partitioning array 'accumulators.8' (hls_linear_combination/hls_linear_combination.cpp:7) in dimension 1 completely.
INFO: [XFORM 203-101] Partitioning array 'accumulators.9' (hls_linear_combination/hls_linear_combination.cpp:7) in dimension 1 completely.
INFO: [XFORM 203-101] Partitioning array 'accumulators.10' (hls_linear_combination/hls_linear_combination.cpp:7) in dimension 1 completely.
INFO: [XFORM 203-101] Partitioning array 'accumulators.11' (hls_linear_combination/hls_linear_combination.cpp:7) in dimension 1 completely.
INFO: [XFORM 203-101] Partitioning array 'accumulators.12' (hls_linear_combination/hls_linear_combination.cpp:7) in dimension 1 completely.
INFO: [XFORM 203-101] Partitioning array 'accumulators.13' (hls_linear_combination/hls_linear_combination.cpp:7) in dimension 1 completely.
==============================================================
Vitis HLS - High-Level Synthesis from C, C++ and OpenCL v2020.2 (64-bit)
Copyright 1986-2020 Xilinx, Inc. All Rights Reserved.
==============================================================
INFO: [SYN 201-201] Setting up clock 'default' with a period of 10ns.
INFO: [HLS 200-10] Setting target device to 'xc7z020-clg484-1'
INFO: [HLS 200-1505] Using flow_target 'vivado'
INFO: [HLS 200-1510] Running: set_part xc7z020clg484-1 
INFO: [HLS 200-1510] Running: create_clock -period 10 -name default 
INFO: [HLS 200-1510] Running: set_directive_top -name hls_linear_combination hls_linear_combination 
INFO: [HLS 200-1510] Running: set_directive_pipeline hls_linear_combination/LOOP_LC2 
INFO: [HLS 200-1510] Running: set_directive_pipeline hls_linear_combination/LOOP_LC1 
INFO: [HLS 200-1510] Running: set_directive_array_partition -type cyclic -factor 16 -dim 1 hls_linear_combination accumulators 
INFO: [HLS 200-1510] Running: set_directive_dataflow hls_linear_combination 
INFO: [HLS 200-1510] Running: csynth_design 
INFO: [HLS 200-111] Finished File checks and directory preparation: CPU user time: 0.01 seconds. CPU system time: 0 seconds. Elapsed time: 0.01 seconds; current allocated memory: 180.308 MB.
INFO: [HLS 200-10] Analyzing design file 'hls_linear_combination/hls_linear_combination.cpp' ... 
WARNING: [HLS 214-114] Since the only kind of statements allowed in a canonical dataflow region are variable declarations and function calls, the compiler may not be able to correctly handle the region: hls_linear_combination/hls_linear_combination.cpp:10:2
WARNING: [HLS 214-114] Since the only kind of statements allowed in a canonical dataflow region are variable declarations and function calls, the compiler may not be able to correctly handle the region: hls_linear_combination/hls_linear_combination.cpp:18:2
WARNING: [HLS 200-471] Dataflow form checks found 2 issue(s) in file hls_linear_combination/hls_linear_combination.cpp
WARNING: [HLS 207-5510] 'Resource pragma' is deprecated, and it will be removed in future release. It is suggested to replace it with 'bind_op/bind_storage pragma'.: /opt/Xilinx/Vitis_HLS/2020.2/common/technology/autopilot/hls_hotbm_apfixed.h:117:9
WARNING: [HLS 207-5510] 'Resource pragma' is deprecated, and it will be removed in future release. It is suggested to replace it with 'bind_op/bind_storage pragma'.: /opt/Xilinx/Vitis_HLS/2020.2/common/technology/autopilot/hls_hotbm_apfixed.h:118:9
WARNING: [HLS 207-5510] 'Resource pragma' is deprecated, and it will be removed in future release. It is suggested to replace it with 'bind_op/bind_storage pragma'.: /opt/Xilinx/Vitis_HLS/2020.2/common/technology/autopilot/hls_hotbm_apfixed.h:119:9
WARNING: [HLS 207-5510] 'Resource pragma' is deprecated, and it will be removed in future release. It is suggested to replace it with 'bind_op/bind_storage pragma'.: /opt/Xilinx/Vitis_HLS/2020.2/common/technology/autopilot/hls_hotbm_apfixed.h:120:9
WARNING: [HLS 207-5510] 'Resource pragma' is deprecated, and it will be removed in future release. It is suggested to replace it with 'bind_op/bind_storage pragma'.: /opt/Xilinx/Vitis_HLS/2020.2/common/technology/autopilot/hls_hotbm_apfixed.h:121:9
WARNING: [HLS 207-5510] 'Resource pragma' is deprecated, and it will be removed in future release. It is suggested to replace it with 'bind_op/bind_storage pragma'.: /opt/Xilinx/Vitis_HLS/2020.2/common/technology/autopilot/hls_hotbm_apfixed.h:151:9
WARNING: [HLS 207-5510] 'Resource pragma' is deprecated, and it will be removed in future release. It is suggested to replace it with 'bind_op/bind_storage pragma'.: /opt/Xilinx/Vitis_HLS/2020.2/common/technology/autopilot/hls_hotbm_apfixed.h:152:9
WARNING: [HLS 207-5510] 'Resource pragma' is deprecated, and it will be removed in future release. It is suggested to replace it with 'bind_op/bind_storage pragma'.: /opt/Xilinx/Vitis_HLS/2020.2/common/technology/autopilot/hls_hotbm_apfixed.h:153:9
WARNING: [HLS 207-5510] 'Resource pragma' is deprecated, and it will be removed in future release. It is suggested to replace it with 'bind_op/bind_storage pragma'.: /opt/Xilinx/Vitis_HLS/2020.2/common/technology/autopilot/hls_hotbm_apfixed.h:154:9
WARNING: [HLS 207-5510] 'Resource pragma' is deprecated, and it will be removed in future release. It is suggested to replace it with 'bind_op/bind_storage pragma'.: /opt/Xilinx/Vitis_HLS/2020.2/common/technology/autopilot/hls_hotbm_apfixed.h:155:9
WARNING: [HLS 207-5510] 'Resource pragma' is deprecated, and it will be removed in future release. It is suggested to replace it with 'bind_op/bind_storage pragma'.: /opt/Xilinx/Vitis_HLS/2020.2/common/technology/autopilot/hls_hotbm_apfixed.h:156:9
WARNING: [HLS 207-5510] 'Resource pragma' is deprecated, and it will be removed in future release. It is suggested to replace it with 'bind_op/bind_storage pragma'.: /opt/Xilinx/Vitis_HLS/2020.2/common/technology/autopilot/hls_hotbm_apfixed.h:157:9
WARNING: [HLS 207-5510] 'Resource pragma' is deprecated, and it will be removed in future release. It is suggested to replace it with 'bind_op/bind_storage pragma'.: /opt/Xilinx/Vitis_HLS/2020.2/common/technology/autopilot/hls_hotbm_apfixed.h:158:9
WARNING: [HLS 207-5510] 'Resource pragma' is deprecated, and it will be removed in future release. It is suggested to replace it with 'bind_op/bind_storage pragma'.: /opt/Xilinx/Vitis_HLS/2020.2/common/technology/autopilot/hls_hotbm_apfixed.h:159:9
WARNING: [HLS 207-5510] 'Resource pragma' is deprecated, and it will be removed in future release. It is suggested to replace it with 'bind_op/bind_storage pragma'.: /opt/Xilinx/Vitis_HLS/2020.2/common/technology/autopilot/hls_hotbm_apfixed.h:160:9
WARNING: [HLS 207-5510] 'Resource pragma' is deprecated, and it will be removed in future release. It is suggested to replace it with 'bind_op/bind_storage pragma'.: /opt/Xilinx/Vitis_HLS/2020.2/common/technology/autopilot/hls_hotbm_apfixed.h:210:9
WARNING: [HLS 207-5510] 'Resource pragma' is deprecated, and it will be removed in future release. It is suggested to replace it with 'bind_op/bind_storage pragma'.: /opt/Xilinx/Vitis_HLS/2020.2/common/technology/autopilot/hls_hotbm_apfixed.h:211:9
WARNING: [HLS 207-5510] 'Resource pragma' is deprecated, and it will be removed in future release. It is suggested to replace it with 'bind_op/bind_storage pragma'.: /opt/Xilinx/Vitis_HLS/2020.2/common/technology/autopilot/hls_hotbm_apfixed.h:212:9
WARNING: [HLS 207-5510] 'Resource pragma' is deprecated, and it will be removed in future release. It is suggested to replace it with 'bind_op/bind_storage pragma'.: /opt/Xilinx/Vitis_HLS/2020.2/common/technology/autopilot/hls_hotbm_apfixed.h:239:9
WARNING: [HLS 207-5510] 'Resource pragma' is deprecated, and it will be removed in future release. It is suggested to replace it with 'bind_op/bind_storage pragma'.: /opt/Xilinx/Vitis_HLS/2020.2/common/technology/autopilot/hls_hotbm_apfixed.h:240:9
WARNING: [HLS 207-5510] 'Resource pragma' is deprecated, and it will be removed in future release. It is suggested to replace it with 'bind_op/bind_storage pragma'.: /opt/Xilinx/Vitis_HLS/2020.2/common/technology/autopilot/hls_hotbm_apfixed.h:241:9
WARNING: [HLS 207-5510] 'Resource pragma' is deprecated, and it will be removed in future release. It is suggested to replace it with 'bind_op/bind_storage pragma'.: /opt/Xilinx/Vitis_HLS/2020.2/common/technology/autopilot/hls_hotbm_apfixed.h:242:9
WARNING: [HLS 207-5510] 'Resource pragma' is deprecated, and it will be removed in future release. It is suggested to replace it with 'bind_op/bind_storage pragma'.: /opt/Xilinx/Vitis_HLS/2020.2/common/technology/autopilot/hls_hotbm_apfixed.h:243:9
WARNING: [HLS 207-5510] 'Resource pragma' is deprecated, and it will be removed in future release. It is suggested to replace it with 'bind_op/bind_storage pragma'.: /opt/Xilinx/Vitis_HLS/2020.2/common/technology/autopilot/hls_hotbm_apfixed.h:244:9
WARNING: [HLS 207-5510] 'Resource pragma' is deprecated, and it will be removed in future release. It is suggested to replace it with 'bind_op/bind_storage pragma'.: /opt/Xilinx/Vitis_HLS/2020.2/common/technology/autopilot/hls_hotbm_apfixed.h:280:9
WARNING: [HLS 207-5510] 'Resource pragma' is deprecated, and it will be removed in future release. It is suggested to replace it with 'bind_op/bind_storage pragma'.: /opt/Xilinx/Vitis_HLS/2020.2/common/technology/autopilot/hls_hotbm_apfixed.h:281:9
INFO: [HLS 200-111] Finished Source Code Analysis and Preprocessing: CPU user time: 38.05 seconds. CPU system time: 1.71 seconds. Elapsed time: 40 seconds; current allocated memory: 182.465 MB.
INFO: [HLS 200-777] Using interface defaults for 'Vivado' flow target.
INFO: [HLS 214-178] Inlining function 'ap_fixed<34, 34, (ap_q_mode)5, (ap_o_mode)3, 0> fabs_fixed<34, 34>(ap_fixed<34, 34, (ap_q_mode)5, (ap_o_mode)3, 0>)' into 'ap_fixed<33, 33, (ap_q_mode)5, (ap_o_mode)3, 0> hls_internal::generic_remquo<33, 33>(ap_fixed<33, 33, (ap_q_mode)5, (ap_o_mode)3, 0>, ap_fixed<33, 33, (ap_q_mode)5, (ap_o_mode)3, 0>, int*)' (/wrk/ci/prod/2020.2/rdi_builds/continuous/2020_11_18_3064766/src/shared/hls/clib/hlsmath/include/hls_fmod_rem_quo_remainder_divide_apfixed.h:136:0)
INFO: [HLS 214-178] Inlining function 'ap_fixed<34, 34, (ap_q_mode)5, (ap_o_mode)3, 0> fabs_fixed<34, 34>(ap_fixed<34, 34, (ap_q_mode)5, (ap_o_mode)3, 0>)' into 'ap_fixed<33, 33, (ap_q_mode)5, (ap_o_mode)3, 0> hls_internal::generic_remquo<33, 33>(ap_fixed<33, 33, (ap_q_mode)5, (ap_o_mode)3, 0>, ap_fixed<33, 33, (ap_q_mode)5, (ap_o_mode)3, 0>, int*)' (/wrk/ci/prod/2020.2/rdi_builds/continuous/2020_11_18_3064766/src/shared/hls/clib/hlsmath/include/hls_fmod_rem_quo_remainder_divide_apfixed.h:136:0)
INFO: [HLS 214-178] Inlining function 'ap_fixed<33, 33, (ap_q_mode)5, (ap_o_mode)3, 0> hls_internal::generic_remainder<33, 33>(ap_fixed<33, 33, (ap_q_mode)5, (ap_o_mode)3, 0>, ap_fixed<33, 33, (ap_q_mode)5, (ap_o_mode)3, 0>)' into 'ap_uint<32> hls_internal::generic_remainder<32>(ap_uint<32>, ap_uint<32>)' (/wrk/ci/prod/2020.2/rdi_builds/continuous/2020_11_18_3064766/src/shared/hls/clib/hlsmath/include/hls_fmod_rem_quo_remainder_divide_apfixed.h:223:0)
INFO: [HLS 214-178] Inlining function 'ap_uint<32> hls_internal::generic_remainder<32>(ap_uint<32>, ap_uint<32>)' into 'hls::remainder(unsigned int, unsigned int)' (/wrk/ci/prod/2020.2/rdi_builds/continuous/2020_11_18_3064766/src/shared/hls/clib/hlsmath/src/c++/remainderint.cpp:67:0)
INFO: [HLS 214-178] Inlining function 'hls::remainder(unsigned int, unsigned int)' into 'hls_linear_combination(unsigned char*, unsigned char*, int, unsigned char*)' (hls_linear_combination/hls_linear_combination.cpp:5:0)
WARNING: [HLS 214-167] The program may have out of bound array access (hls_linear_combination/hls_linear_combination.cpp:21:35)
INFO: [HLS 200-111] Finished Compiling Optimization and Transform: CPU user time: 7.34 seconds. CPU system time: 0.48 seconds. Elapsed time: 8.25 seconds; current allocated memory: 184.674 MB.
INFO: [HLS 200-111] Finished Checking Pragmas: CPU user time: 0 seconds. CPU system time: 0 seconds. Elapsed time: 0 seconds; current allocated memory: 184.676 MB.
INFO: [HLS 200-10] Starting code transformations ...
INFO: [HLS 200-111] Finished Standard Transforms: CPU user time: 0.31 seconds. CPU system time: 0.06 seconds. Elapsed time: 0.41 seconds; current allocated memory: 215.641 MB.
INFO: [HLS 200-10] Checking synthesizability ...
INFO: [HLS 200-111] Finished Checking Synthesizability: CPU user time: 0.95 seconds. CPU system time: 0.04 seconds. Elapsed time: 1.14 seconds; current allocated memory: 264.661 MB.
INFO: [XFORM 203-502] Unrolling all sub-loops inside loop 'LOOP_LC1' (hls_linear_combination/hls_linear_combination.cpp:12) in function 'hls_linear_combination' for pipelining.
INFO: [HLS 200-489] Unrolling loop 'LOOP_LC12' (hls_linear_combination/hls_linear_combination.cpp:12) in function 'hls_linear_combination' completely with a factor of 60.
INFO: [XFORM 203-101] Partitioning array 'accumulators' (hls_linear_combination/hls_linear_combination.cpp:7) in dimension 1 with a cyclic factor 16.
INFO: [XFORM 203-721] Changing loop 'Loop_LOOP_LC1_proc' (hls_linear_combination/hls_linear_combination.cpp:12) to a process function for dataflow in function 'hls_linear_combination'.
INFO: [XFORM 203-721] Changing loop 'Loop_LOOP_LC2_proc' (hls_linear_combination/hls_linear_combination.cpp:21) to a process function for dataflow in function 'hls_linear_combination'.
WARNING: [HLS 200-786] Detected dataflow-on-top in function  'hls_linear_combination' (hls_linear_combination/hls_linear_combination.cpp:5)  with default interface mode 'ap_ctrl_hs'. Overlapped execution of successive kernel calls will not happen unless interface mode 'ap_ctrl_chain' is used (or 'ap_ctrl_none' for a purely data-driven design).
INFO: [XFORM 203-712] Applying dataflow to function 'hls_linear_combination' (hls_linear_combination/hls_linear_combination.cpp:5), detected/extracted 3 process function(s): 
	 'Block_.split1063_proc6'
	 'Loop_LOOP_LC1_proc'
	 'Loop_LOOP_LC2_proc'.
INFO: [HLS 200-111] Finished Loop, function and other optimizations: CPU user time: 1.3 seconds. CPU system time: 0.09 seconds. Elapsed time: 1.5 seconds; current allocated memory: 336.814 MB.
INFO: [HLS 200-472] Inferring partial write operation for 'accumulators[0]' (hls_linear_combination/hls_linear_combination.cpp:14:20)
INFO: [HLS 200-111] Finished Architecture Synthesis: CPU user time: 0.65 seconds. CPU system time: 0.02 seconds. Elapsed time: 0.68 seconds; current allocated memory: 384.198 MB.
INFO: [HLS 200-10] Starting hardware synthesis ...
INFO: [HLS 200-10] Synthesizing 'hls_linear_combination' ...
WARNING: [SYN 201-103] Legalizing function name 'Block_.split1063_proc6' to 'Block_split1063_proc6'.
WARNING: [SYN 201-107] Renaming port name 'hls_linear_combination/out' to 'hls_linear_combination/out_r' to avoid the conflict with HDL keywords or other object names.
INFO: [HLS 200-10] ----------------------------------------------------------------
INFO: [HLS 200-42] -- Implementing module 'Block_split1063_proc6' 
INFO: [HLS 200-10] ----------------------------------------------------------------
INFO: [SCHED 204-11] Starting scheduling ...
INFO: [SCHED 204-11] Finished scheduling.
INFO: [HLS 200-111] Finished Scheduling: CPU user time: 0.08 seconds. CPU system time: 0.01 seconds. Elapsed time: 0.08 seconds; current allocated memory: 384.505 MB.
INFO: [BIND 205-100] Starting micro-architecture generation ...
INFO: [BIND 205-101] Performing variable lifetime analysis.
INFO: [BIND 205-101] Exploring resource sharing.
INFO: [BIND 205-101] Binding ...
INFO: [BIND 205-100] Finished micro-architecture generation.
INFO: [HLS 200-111] Finished Binding: CPU user time: 0.02 seconds. CPU system time: 0 seconds. Elapsed time: 0.02 seconds; current allocated memory: 384.611 MB.
INFO: [HLS 200-10] ----------------------------------------------------------------
INFO: [HLS 200-42] -- Implementing module 'Loop_LOOP_LC1_proc' 
INFO: [HLS 200-10] ----------------------------------------------------------------
INFO: [SCHED 204-11] Starting scheduling ...
INFO: [SCHED 204-61] Pipelining loop 'LOOP_LC1'.
WARNING: [HLS 200-880] The II Violation in module 'Loop_LOOP_LC1_proc' (loop 'LOOP_LC1'): Unable to enforce a carried dependence constraint (II = 1, distance = 1, offset = 1) between 'store' operation ('accumulators_0_addr_write_ln14', hls_linear_combination/hls_linear_combination.cpp:14->hls_linear_combination/hls_linear_combination.cpp:5) of variable 'add_ln14', hls_linear_combination/hls_linear_combination.cpp:14->hls_linear_combination/hls_linear_combination.cpp:5 on array 'accumulators_0' and 'load' operation ('accumulators_0_load', hls_linear_combination/hls_linear_combination.cpp:13->hls_linear_combination/hls_linear_combination.cpp:5) on array 'accumulators_0'.
WARNING: [HLS 200-885] Unable to schedule 'store' operation ('accumulators_0_addr_write_ln14', hls_linear_combination/hls_linear_combination.cpp:14->hls_linear_combination/hls_linear_combination.cpp:5) of variable 'add_ln14', hls_linear_combination/hls_linear_combination.cpp:14->hls_linear_combination/hls_linear_combination.cpp:5 on array 'accumulators_0' due to limited memory ports. Please consider using a memory core with more ports or partitioning the array 'accumulators_0'.
INFO: [HLS 200-1470] Pipelining result : Target II = 1, Final II = 4, Depth = 4, loop 'LOOP_LC1'
INFO: [SCHED 204-11] Finished scheduling.
INFO: [HLS 200-111] Finished Scheduling: CPU user time: 0.68 seconds. CPU system time: 0 seconds. Elapsed time: 0.78 seconds; current allocated memory: 385.493 MB.
==============================================================
Vitis HLS - High-Level Synthesis from C, C++ and OpenCL v2020.2 (64-bit)
Copyright 1986-2020 Xilinx, Inc. All Rights Reserved.
==============================================================
INFO: [SYN 201-201] Setting up clock 'default' with a period of 10ns.
INFO: [HLS 200-10] Setting target device to 'xc7z020-clg484-1'
INFO: [HLS 200-1505] Using flow_target 'vivado'
INFO: [HLS 200-1510] Running: set_part xc7z020clg484-1 
INFO: [HLS 200-1510] Running: create_clock -period 10 -name default 
INFO: [HLS 200-1510] Running: set_directive_top -name hls_linear_combination hls_linear_combination 
INFO: [HLS 200-1510] Running: set_directive_pipeline hls_linear_combination/LOOP_LC2 
INFO: [HLS 200-1510] Running: set_directive_pipeline hls_linear_combination/LOOP_LC1 
INFO: [HLS 200-1510] Running: set_directive_array_partition -type cyclic -factor 16 -dim 1 hls_linear_combination accumulators 
INFO: [HLS 200-1510] Running: set_directive_pipeline hls_linear_combination 
INFO: [HLS 200-1510] Running: csynth_design 
INFO: [HLS 200-111] Finished File checks and directory preparation: CPU user time: 0.02 seconds. CPU system time: 0 seconds. Elapsed time: 0.01 seconds; current allocated memory: 180.308 MB.
INFO: [HLS 200-10] Analyzing design file 'hls_linear_combination/hls_linear_combination.cpp' ... 
WARNING: [HLS 207-5510] 'Resource pragma' is deprecated, and it will be removed in future release. It is suggested to replace it with 'bind_op/bind_storage pragma'.: /opt/Xilinx/Vitis_HLS/2020.2/common/technology/autopilot/hls_hotbm_apfixed.h:117:9
WARNING: [HLS 207-5510] 'Resource pragma' is deprecated, and it will be removed in future release. It is suggested to replace it with 'bind_op/bind_storage pragma'.: /opt/Xilinx/Vitis_HLS/2020.2/common/technology/autopilot/hls_hotbm_apfixed.h:118:9
WARNING: [HLS 207-5510] 'Resource pragma' is deprecated, and it will be removed in future release. It is suggested to replace it with 'bind_op/bind_storage pragma'.: /opt/Xilinx/Vitis_HLS/2020.2/common/technology/autopilot/hls_hotbm_apfixed.h:119:9
WARNING: [HLS 207-5510] 'Resource pragma' is deprecated, and it will be removed in future release. It is suggested to replace it with 'bind_op/bind_storage pragma'.: /opt/Xilinx/Vitis_HLS/2020.2/common/technology/autopilot/hls_hotbm_apfixed.h:120:9
WARNING: [HLS 207-5510] 'Resource pragma' is deprecated, and it will be removed in future release. It is suggested to replace it with 'bind_op/bind_storage pragma'.: /opt/Xilinx/Vitis_HLS/2020.2/common/technology/autopilot/hls_hotbm_apfixed.h:121:9
WARNING: [HLS 207-5510] 'Resource pragma' is deprecated, and it will be removed in future release. It is suggested to replace it with 'bind_op/bind_storage pragma'.: /opt/Xilinx/Vitis_HLS/2020.2/common/technology/autopilot/hls_hotbm_apfixed.h:151:9
WARNING: [HLS 207-5510] 'Resource pragma' is deprecated, and it will be removed in future release. It is suggested to replace it with 'bind_op/bind_storage pragma'.: /opt/Xilinx/Vitis_HLS/2020.2/common/technology/autopilot/hls_hotbm_apfixed.h:152:9
WARNING: [HLS 207-5510] 'Resource pragma' is deprecated, and it will be removed in future release. It is suggested to replace it with 'bind_op/bind_storage pragma'.: /opt/Xilinx/Vitis_HLS/2020.2/common/technology/autopilot/hls_hotbm_apfixed.h:153:9
WARNING: [HLS 207-5510] 'Resource pragma' is deprecated, and it will be removed in future release. It is suggested to replace it with 'bind_op/bind_storage pragma'.: /opt/Xilinx/Vitis_HLS/2020.2/common/technology/autopilot/hls_hotbm_apfixed.h:154:9
WARNING: [HLS 207-5510] 'Resource pragma' is deprecated, and it will be removed in future release. It is suggested to replace it with 'bind_op/bind_storage pragma'.: /opt/Xilinx/Vitis_HLS/2020.2/common/technology/autopilot/hls_hotbm_apfixed.h:155:9
WARNING: [HLS 207-5510] 'Resource pragma' is deprecated, and it will be removed in future release. It is suggested to replace it with 'bind_op/bind_storage pragma'.: /opt/Xilinx/Vitis_HLS/2020.2/common/technology/autopilot/hls_hotbm_apfixed.h:156:9
WARNING: [HLS 207-5510] 'Resource pragma' is deprecated, and it will be removed in future release. It is suggested to replace it with 'bind_op/bind_storage pragma'.: /opt/Xilinx/Vitis_HLS/2020.2/common/technology/autopilot/hls_hotbm_apfixed.h:157:9
WARNING: [HLS 207-5510] 'Resource pragma' is deprecated, and it will be removed in future release. It is suggested to replace it with 'bind_op/bind_storage pragma'.: /opt/Xilinx/Vitis_HLS/2020.2/common/technology/autopilot/hls_hotbm_apfixed.h:158:9
WARNING: [HLS 207-5510] 'Resource pragma' is deprecated, and it will be removed in future release. It is suggested to replace it with 'bind_op/bind_storage pragma'.: /opt/Xilinx/Vitis_HLS/2020.2/common/technology/autopilot/hls_hotbm_apfixed.h:159:9
WARNING: [HLS 207-5510] 'Resource pragma' is deprecated, and it will be removed in future release. It is suggested to replace it with 'bind_op/bind_storage pragma'.: /opt/Xilinx/Vitis_HLS/2020.2/common/technology/autopilot/hls_hotbm_apfixed.h:160:9
WARNING: [HLS 207-5510] 'Resource pragma' is deprecated, and it will be removed in future release. It is suggested to replace it with 'bind_op/bind_storage pragma'.: /opt/Xilinx/Vitis_HLS/2020.2/common/technology/autopilot/hls_hotbm_apfixed.h:210:9
WARNING: [HLS 207-5510] 'Resource pragma' is deprecated, and it will be removed in future release. It is suggested to replace it with 'bind_op/bind_storage pragma'.: /opt/Xilinx/Vitis_HLS/2020.2/common/technology/autopilot/hls_hotbm_apfixed.h:211:9
WARNING: [HLS 207-5510] 'Resource pragma' is deprecated, and it will be removed in future release. It is suggested to replace it with 'bind_op/bind_storage pragma'.: /opt/Xilinx/Vitis_HLS/2020.2/common/technology/autopilot/hls_hotbm_apfixed.h:212:9
WARNING: [HLS 207-5510] 'Resource pragma' is deprecated, and it will be removed in future release. It is suggested to replace it with 'bind_op/bind_storage pragma'.: /opt/Xilinx/Vitis_HLS/2020.2/common/technology/autopilot/hls_hotbm_apfixed.h:239:9
WARNING: [HLS 207-5510] 'Resource pragma' is deprecated, and it will be removed in future release. It is suggested to replace it with 'bind_op/bind_storage pragma'.: /opt/Xilinx/Vitis_HLS/2020.2/common/technology/autopilot/hls_hotbm_apfixed.h:240:9
WARNING: [HLS 207-5510] 'Resource pragma' is deprecated, and it will be removed in future release. It is suggested to replace it with 'bind_op/bind_storage pragma'.: /opt/Xilinx/Vitis_HLS/2020.2/common/technology/autopilot/hls_hotbm_apfixed.h:241:9
WARNING: [HLS 207-5510] 'Resource pragma' is deprecated, and it will be removed in future release. It is suggested to replace it with 'bind_op/bind_storage pragma'.: /opt/Xilinx/Vitis_HLS/2020.2/common/technology/autopilot/hls_hotbm_apfixed.h:242:9
WARNING: [HLS 207-5510] 'Resource pragma' is deprecated, and it will be removed in future release. It is suggested to replace it with 'bind_op/bind_storage pragma'.: /opt/Xilinx/Vitis_HLS/2020.2/common/technology/autopilot/hls_hotbm_apfixed.h:243:9
WARNING: [HLS 207-5510] 'Resource pragma' is deprecated, and it will be removed in future release. It is suggested to replace it with 'bind_op/bind_storage pragma'.: /opt/Xilinx/Vitis_HLS/2020.2/common/technology/autopilot/hls_hotbm_apfixed.h:244:9
WARNING: [HLS 207-5510] 'Resource pragma' is deprecated, and it will be removed in future release. It is suggested to replace it with 'bind_op/bind_storage pragma'.: /opt/Xilinx/Vitis_HLS/2020.2/common/technology/autopilot/hls_hotbm_apfixed.h:280:9
WARNING: [HLS 207-5510] 'Resource pragma' is deprecated, and it will be removed in future release. It is suggested to replace it with 'bind_op/bind_storage pragma'.: /opt/Xilinx/Vitis_HLS/2020.2/common/technology/autopilot/hls_hotbm_apfixed.h:281:9
INFO: [HLS 200-111] Finished Source Code Analysis and Preprocessing: CPU user time: 40.26 seconds. CPU system time: 1.72 seconds. Elapsed time: 43.17 seconds; current allocated memory: 182.642 MB.
INFO: [HLS 200-777] Using interface defaults for 'Vivado' flow target.
INFO: [HLS 214-178] Inlining function 'ap_fixed<34, 34, (ap_q_mode)5, (ap_o_mode)3, 0> fabs_fixed<34, 34>(ap_fixed<34, 34, (ap_q_mode)5, (ap_o_mode)3, 0>)' into 'ap_fixed<33, 33, (ap_q_mode)5, (ap_o_mode)3, 0> hls_internal::generic_remquo<33, 33>(ap_fixed<33, 33, (ap_q_mode)5, (ap_o_mode)3, 0>, ap_fixed<33, 33, (ap_q_mode)5, (ap_o_mode)3, 0>, int*)' (/wrk/ci/prod/2020.2/rdi_builds/continuous/2020_11_18_3064766/src/shared/hls/clib/hlsmath/include/hls_fmod_rem_quo_remainder_divide_apfixed.h:136:0)
INFO: [HLS 214-178] Inlining function 'ap_fixed<34, 34, (ap_q_mode)5, (ap_o_mode)3, 0> fabs_fixed<34, 34>(ap_fixed<34, 34, (ap_q_mode)5, (ap_o_mode)3, 0>)' into 'ap_fixed<33, 33, (ap_q_mode)5, (ap_o_mode)3, 0> hls_internal::generic_remquo<33, 33>(ap_fixed<33, 33, (ap_q_mode)5, (ap_o_mode)3, 0>, ap_fixed<33, 33, (ap_q_mode)5, (ap_o_mode)3, 0>, int*)' (/wrk/ci/prod/2020.2/rdi_builds/continuous/2020_11_18_3064766/src/shared/hls/clib/hlsmath/include/hls_fmod_rem_quo_remainder_divide_apfixed.h:136:0)
INFO: [HLS 214-178] Inlining function 'ap_fixed<33, 33, (ap_q_mode)5, (ap_o_mode)3, 0> hls_internal::generic_remainder<33, 33>(ap_fixed<33, 33, (ap_q_mode)5, (ap_o_mode)3, 0>, ap_fixed<33, 33, (ap_q_mode)5, (ap_o_mode)3, 0>)' into 'ap_uint<32> hls_internal::generic_remainder<32>(ap_uint<32>, ap_uint<32>)' (/wrk/ci/prod/2020.2/rdi_builds/continuous/2020_11_18_3064766/src/shared/hls/clib/hlsmath/include/hls_fmod_rem_quo_remainder_divide_apfixed.h:223:0)
INFO: [HLS 214-178] Inlining function 'ap_uint<32> hls_internal::generic_remainder<32>(ap_uint<32>, ap_uint<32>)' into 'hls::remainder(unsigned int, unsigned int)' (/wrk/ci/prod/2020.2/rdi_builds/continuous/2020_11_18_3064766/src/shared/hls/clib/hlsmath/src/c++/remainderint.cpp:67:0)
INFO: [HLS 214-178] Inlining function 'hls::remainder(unsigned int, unsigned int)' into 'hls_linear_combination(unsigned char*, unsigned char*, int, unsigned char*)' (hls_linear_combination/hls_linear_combination.cpp:5:0)
INFO: [HLS 200-111] Finished Compiling Optimization and Transform: CPU user time: 7.47 seconds. CPU system time: 0.46 seconds. Elapsed time: 8.23 seconds; current allocated memory: 184.810 MB.
INFO: [HLS 200-111] Finished Checking Pragmas: CPU user time: 0 seconds. CPU system time: 0 seconds. Elapsed time: 0 seconds; current allocated memory: 184.811 MB.
INFO: [HLS 200-10] Starting code transformations ...
INFO: [HLS 200-111] Finished Standard Transforms: CPU user time: 0.32 seconds. CPU system time: 0.04 seconds. Elapsed time: 0.37 seconds; current allocated memory: 215.744 MB.
INFO: [HLS 200-10] Checking synthesizability ...
INFO: [HLS 200-111] Finished Checking Synthesizability: CPU user time: 0.75 seconds. CPU system time: 0.03 seconds. Elapsed time: 0.8 seconds; current allocated memory: 264.783 MB.
INFO: [XFORM 203-502] Unrolling all loops for pipelining in function 'hls_linear_combination' (hls_linear_combination/hls_linear_combination.cpp:5).
WARNING: [XFORM 203-503] Ignored partial unroll directive for loop 'LOOP_LC1' (hls_linear_combination/hls_linear_combination.cpp:10) because its parent loop or function is pipelined.
WARNING: [XFORM 203-505] Ignored pipeline directive for loop 'LOOP_LC2' (hls_linear_combination/hls_linear_combination.cpp:18) because its parent loop or function is pipelined.
WARNING: [XFORM 203-503] Ignored partial unroll directive for loop 'LOOP_LC2' (hls_linear_combination/hls_linear_combination.cpp:18) because its parent loop or function is pipelined.
WARNING: [HLS 200-936] Cannot unroll loop 'LOOP_LC1' (hls_linear_combination/hls_linear_combination.cpp:10) in function 'hls_linear_combination': cannot completely unroll a loop with a variable trip count.
INFO: [HLS 200-489] Unrolling loop 'LOOP_LC12' (hls_linear_combination/hls_linear_combination.cpp:12) in function 'hls_linear_combination' completely with a factor of 60.
INFO: [HLS 200-489] Unrolling loop 'LOOP_LC2' (hls_linear_combination/hls_linear_combination.cpp:18) in function 'hls_linear_combination' completely with a factor of 60.
INFO: [XFORM 203-101] Partitioning array 'accumulators' (hls_linear_combination/hls_linear_combination.cpp:7) in dimension 1 with a cyclic factor 16.
INFO: [XFORM 203-102] Automatically partitioning small array 'accumulators.0' (hls_linear_combination/hls_linear_combination.cpp:7) completely based on array size.
INFO: [XFORM 203-102] Automatically partitioning small array 'accumulators.1' (hls_linear_combination/hls_linear_combination.cpp:7) completely based on array size.
INFO: [XFORM 203-102] Automatically partitioning small array 'accumulators.2' (hls_linear_combination/hls_linear_combination.cpp:7) completely based on array size.
INFO: [XFORM 203-102] Automatically partitioning small array 'accumulators.3' (hls_linear_combination/hls_linear_combination.cpp:7) completely based on array size.
INFO: [XFORM 203-102] Automatically partitioning small array 'accumulators.4' (hls_linear_combination/hls_linear_combination.cpp:7) completely based on array size.
INFO: [XFORM 203-102] Automatically partitioning small array 'accumulators.5' (hls_linear_combination/hls_linear_combination.cpp:7) completely based on array size.
INFO: [XFORM 203-102] Automatically partitioning small array 'accumulators.6' (hls_linear_combination/hls_linear_combination.cpp:7) completely based on array size.
INFO: [XFORM 203-102] Automatically partitioning small array 'accumulators.7' (hls_linear_combination/hls_linear_combination.cpp:7) completely based on array size.
INFO: [XFORM 203-102] Automatically partitioning small array 'accumulators.8' (hls_linear_combination/hls_linear_combination.cpp:7) completely based on array size.
INFO: [XFORM 203-102] Automatically partitioning small array 'accumulators.9' (hls_linear_combination/hls_linear_combination.cpp:7) completely based on array size.
INFO: [XFORM 203-102] Automatically partitioning small array 'accumulators.10' (hls_linear_combination/hls_linear_combination.cpp:7) completely based on array size.
INFO: [XFORM 203-102] Automatically partitioning small array 'accumulators.11' (hls_linear_combination/hls_linear_combination.cpp:7) completely based on array size.
INFO: [XFORM 203-102] Automatically partitioning small array 'accumulators.12' (hls_linear_combination/hls_linear_combination.cpp:7) completely based on array size.
INFO: [XFORM 203-102] Automatically partitioning small array 'accumulators.13' (hls_linear_combination/hls_linear_combination.cpp:7) completely based on array size.
INFO: [XFORM 203-102] Automatically partitioning small array 'accumulators.14' (hls_linear_combination/hls_linear_combination.cpp:7) completely based on array size.
INFO: [XFORM 203-102] Automatically partitioning small array 'accumulators.15' (hls_linear_combination/hls_linear_combination.cpp:7) completely based on array size.
INFO: [XFORM 203-101] Partitioning array 'accumulators.0' (hls_linear_combination/hls_linear_combination.cpp:7) in dimension 1 completely.
INFO: [XFORM 203-101] Partitioning array 'accumulators.1' (hls_linear_combination/hls_linear_combination.cpp:7) in dimension 1 completely.
INFO: [XFORM 203-101] Partitioning array 'accumulators.2' (hls_linear_combination/hls_linear_combination.cpp:7) in dimension 1 completely.
INFO: [XFORM 203-101] Partitioning array 'accumulators.3' (hls_linear_combination/hls_linear_combination.cpp:7) in dimension 1 completely.
INFO: [XFORM 203-101] Partitioning array 'accumulators.4' (hls_linear_combination/hls_linear_combination.cpp:7) in dimension 1 completely.
INFO: [XFORM 203-101] Partitioning array 'accumulators.5' (hls_linear_combination/hls_linear_combination.cpp:7) in dimension 1 completely.
INFO: [XFORM 203-101] Partitioning array 'accumulators.6' (hls_linear_combination/hls_linear_combination.cpp:7) in dimension 1 completely.
INFO: [XFORM 203-101] Partitioning array 'accumulators.7' (hls_linear_combination/hls_linear_combination.cpp:7) in dimension 1 completely.
INFO: [XFORM 203-101] Partitioning array 'accumulators.8' (hls_linear_combination/hls_linear_combination.cpp:7) in dimension 1 completely.
INFO: [XFORM 203-101] Partitioning array 'accumulators.9' (hls_linear_combination/hls_linear_combination.cpp:7) in dimension 1 completely.
INFO: [XFORM 203-101] Partitioning array 'accumulators.10' (hls_linear_combination/hls_linear_combination.cpp:7) in dimension 1 completely.
INFO: [XFORM 203-101] Partitioning array 'accumulators.11' (hls_linear_combination/hls_linear_combination.cpp:7) in dimension 1 completely.
INFO: [XFORM 203-101] Partitioning array 'accumulators.12' (hls_linear_combination/hls_linear_combination.cpp:7) in dimension 1 completely.
INFO: [XFORM 203-101] Partitioning array 'accumulators.13' (hls_linear_combination/hls_linear_combination.cpp:7) in dimension 1 completely.
