

================================================================
== Synthesis Summary Report of 'hls_linear_combination'
================================================================
+ General Information: 
    * Date:           Wed Jul  6 20:18:15 2022
    * Version:        2020.2 (Build 3064766 on Wed Nov 18 09:12:47 MST 2020)
    * Project:        hls_linear_combination
    * Solution:       good (Vivado IP Flow Target)
    * Product family: zynq
    * Target device:  xc7z020-clg484-1
    

+ Performance & Resource Estimates: 
    
    PS: '+' for module; 'o' for loop; '*' for dataflow
    +--------------------------+------+-------+---------+---------+----------+---------+------+----------+----------+----------+-----------+------------+-----+
    |          Modules         | Issue|       | Latency | Latency | Iteration|         | Trip |          |          |          |           |            |     |
    |          & Loops         | Type | Slack | (cycles)|   (ns)  |  Latency | Interval| Count| Pipelined|   BRAM   |    DSP   |     FF    |     LUT    | URAM|
    +--------------------------+------+-------+---------+---------+----------+---------+------+----------+----------+----------+-----------+------------+-----+
    |+ hls_linear_combination  |     -|  -0.58|        -|        -|         -|        -|     -|        no|  54 (19%)|  60 (27%)|  6729 (6%)|  5357 (10%)|    -|
    | o READ_LOOP_VEC1         |     -|  -7.30|        -|        -|       249|        -|     -|        no|         -|         -|          -|           -|    -|
    |  o READ_LOOP_VEC2        |     -|  -7.30|       60|  600.000|         1|        1|    60|       yes|         -|         -|          -|           -|    -|
    |  o READ_LOOP_VEC2        |     -|  -7.30|       60|  600.000|         1|        1|    60|       yes|         -|         -|          -|           -|    -|
    |  o READ_LOOP_VEC2        |     -|  -7.30|       60|  600.000|         1|        1|    60|       yes|         -|         -|          -|           -|    -|
    |  o READ_LOOP_VEC2        |     -|  -7.30|       60|  600.000|         1|        1|    60|       yes|         -|         -|          -|           -|    -|
    | o READ_LOOP_COEFS        |     -|  -7.30|       60|  600.000|         1|        1|    60|       yes|         -|         -|          -|           -|    -|
    | o EX_LOOP_LC1            |     -|  -7.30|        -|        -|         5|        1|     -|       yes|         -|         -|          -|           -|    -|
    | o EX_LOOP_LC2            |     -|  -7.30|       95|  950.000|        37|        1|    60|       yes|         -|         -|          -|           -|    -|
    | o WRITE_LOOP_OUT         |     -|  -7.30|       61|  610.000|         3|        1|    60|       yes|         -|         -|          -|           -|    -|
    +--------------------------+------+-------+---------+---------+----------+---------+------+----------+----------+----------+-----------+------------+-----+

