
*** Running vivado
    with args -log Mayo_sign_with_zynq_mayo_reduce_0_0.vds -m64 -product Vivado -mode batch -messageDb vivado.pb -notrace -source Mayo_sign_with_zynq_mayo_reduce_0_0.tcl


****** Vivado v2020.2 (64-bit)
  **** SW Build 3064766 on Wed Nov 18 09:12:47 MST 2020
  **** IP Build 3064653 on Wed Nov 18 14:17:31 MST 2020
    ** Copyright 1986-2020 Xilinx, Inc. All Rights Reserved.

source Mayo_sign_with_zynq_mayo_reduce_0_0.tcl -notrace
INFO: [IP_Flow 19-234] Refreshing IP repositories
INFO: [IP_Flow 19-1700] Loaded user IP repository '/home/osm/Documents/SECT-MAYO/MAYO/vivado/ip_repo/mayo_axi_litev3/mayo_axi_litev3_3'.
INFO: [IP_Flow 19-1700] Loaded user IP repository '/home/osm/Documents/SECT-MAYO/MAYO/vivado/ip_repo/mayo-axi/Mayo_axi_1.0'.
INFO: [IP_Flow 19-1700] Loaded user IP repository '/home/osm/Documents/SECT-MAYO/MAYO/vivado/TRNG_project/TRNG_project.srcs'.
INFO: [IP_Flow 19-1700] Loaded user IP repository '/home/osm/Documents/SECT-MAYO/MAYO/vivado/ip_repo/shake128'.
INFO: [IP_Flow 19-1700] Loaded user IP repository '/home/osm/Documents/SECT-MAYO/MAYO/vivado/ip_repo/INTERFACES'.
INFO: [IP_Flow 19-2313] Loaded Vivado IP repository '/tools/Xilinx/Vivado/2020.2/data/ip'.
Command: synth_design -top Mayo_sign_with_zynq_mayo_reduce_0_0 -part xc7z020clg484-1 -mode out_of_context
Starting synth_design
WARNING: [IP_Flow 19-3571] IP 'Mayo_sign_with_zynq_mayo_reduce_0_0' is restricted:
* Module reference is stale and needs refreshing.
Attempting to get a license for feature 'Synthesis' and/or device 'xc7z020'
INFO: [Common 17-349] Got license for feature 'Synthesis' and/or device 'xc7z020'
INFO: [Device 21-403] Loading part xc7z020clg484-1
INFO: [Synth 8-7079] Multithreading enabled for synth_design using a maximum of 4 processes.
INFO: [Synth 8-7078] Launching helper process for spawning children vivado processes
INFO: [Synth 8-7075] Helper process launched with PID 690918
---------------------------------------------------------------------------------
Starting RTL Elaboration : Time (s): cpu = 00:00:05 ; elapsed = 00:00:15 . Memory (MB): peak = 2309.641 ; gain = 0.000 ; free physical = 2103 ; free virtual = 8398
---------------------------------------------------------------------------------
INFO: [Synth 8-638] synthesizing module 'Mayo_sign_with_zynq_mayo_reduce_0_0' [/home/osm/Documents/SECT-MAYO/MAYO/vivado/MAYO_KeyGen_v2/MAYO_KeyGen_v2.gen/sources_1/bd/Mayo_sign_with_zynq/ip/Mayo_sign_with_zynq_mayo_reduce_0_0/synth/Mayo_sign_with_zynq_mayo_reduce_0_0.vhd:82]
	Parameter BRAM_SIZE bound to: 32 - type: integer 
INFO: [Synth 8-3491] module 'mayo_reduce' declared at '/home/osm/Documents/SECT-MAYO/MAYO/src/hdl/MAYO_Keygen/MAYO_reduce.vhd:32' bound to instance 'U0' of component 'mayo_reduce' [/home/osm/Documents/SECT-MAYO/MAYO/vivado/MAYO_KeyGen_v2/MAYO_KeyGen_v2.gen/sources_1/bd/Mayo_sign_with_zynq/ip/Mayo_sign_with_zynq_mayo_reduce_0_0/synth/Mayo_sign_with_zynq_mayo_reduce_0_0.vhd:142]
INFO: [Synth 8-638] synthesizing module 'mayo_reduce' [/home/osm/Documents/SECT-MAYO/MAYO/src/hdl/MAYO_Keygen/MAYO_reduce.vhd:66]
	Parameter BRAM_SIZE bound to: 32 - type: integer 
INFO: [Synth 8-226] default block is never used [/home/osm/Documents/SECT-MAYO/MAYO/src/hdl/MAYO_Keygen/MAYO_reduce.vhd:112]
INFO: [Synth 8-256] done synthesizing module 'mayo_reduce' (1#1) [/home/osm/Documents/SECT-MAYO/MAYO/src/hdl/MAYO_Keygen/MAYO_reduce.vhd:66]
INFO: [Synth 8-256] done synthesizing module 'Mayo_sign_with_zynq_mayo_reduce_0_0' (2#1) [/home/osm/Documents/SECT-MAYO/MAYO/vivado/MAYO_KeyGen_v2/MAYO_KeyGen_v2.gen/sources_1/bd/Mayo_sign_with_zynq/ip/Mayo_sign_with_zynq_mayo_reduce_0_0/synth/Mayo_sign_with_zynq_mayo_reduce_0_0.vhd:82]
---------------------------------------------------------------------------------
Finished RTL Elaboration : Time (s): cpu = 00:00:06 ; elapsed = 00:00:17 . Memory (MB): peak = 2309.641 ; gain = 0.000 ; free physical = 9072 ; free virtual = 15420
---------------------------------------------------------------------------------
---------------------------------------------------------------------------------
Start Handling Custom Attributes
---------------------------------------------------------------------------------
---------------------------------------------------------------------------------
Finished Handling Custom Attributes : Time (s): cpu = 00:00:07 ; elapsed = 00:00:18 . Memory (MB): peak = 2309.641 ; gain = 0.000 ; free physical = 9075 ; free virtual = 15434
---------------------------------------------------------------------------------
---------------------------------------------------------------------------------
Finished RTL Optimization Phase 1 : Time (s): cpu = 00:00:07 ; elapsed = 00:00:18 . Memory (MB): peak = 2309.641 ; gain = 0.000 ; free physical = 9078 ; free virtual = 15436
---------------------------------------------------------------------------------
Netlist sorting complete. Time (s): cpu = 00:00:00.01 ; elapsed = 00:00:00.01 . Memory (MB): peak = 2309.641 ; gain = 0.000 ; free physical = 9111 ; free virtual = 15470
INFO: [Project 1-570] Preparing netlist for logic optimization

Processing XDC Constraints
Initializing timing engine
Completed Processing XDC Constraints

Netlist sorting complete. Time (s): cpu = 00:00:00 ; elapsed = 00:00:00 . Memory (MB): peak = 2429.574 ; gain = 0.000 ; free physical = 8767 ; free virtual = 15134
INFO: [Project 1-111] Unisim Transformation Summary:
No Unisim elements were transformed.

Constraint Validation Runtime : Time (s): cpu = 00:00:00.04 ; elapsed = 00:00:00.04 . Memory (MB): peak = 2429.574 ; gain = 0.000 ; free physical = 8760 ; free virtual = 15127
---------------------------------------------------------------------------------
Finished Constraint Validation : Time (s): cpu = 00:00:14 ; elapsed = 00:00:27 . Memory (MB): peak = 2429.574 ; gain = 119.934 ; free physical = 8733 ; free virtual = 15143
---------------------------------------------------------------------------------
---------------------------------------------------------------------------------
Start Loading Part and Timing Information
---------------------------------------------------------------------------------
Loading part: xc7z020clg484-1
---------------------------------------------------------------------------------
Finished Loading Part and Timing Information : Time (s): cpu = 00:00:14 ; elapsed = 00:00:27 . Memory (MB): peak = 2429.574 ; gain = 119.934 ; free physical = 8729 ; free virtual = 15139
---------------------------------------------------------------------------------
---------------------------------------------------------------------------------
Start Applying 'set_property' XDC Constraints
---------------------------------------------------------------------------------
---------------------------------------------------------------------------------
Finished applying 'set_property' XDC Constraints : Time (s): cpu = 00:00:14 ; elapsed = 00:00:28 . Memory (MB): peak = 2429.574 ; gain = 119.934 ; free physical = 8719 ; free virtual = 15134
---------------------------------------------------------------------------------
INFO: [Synth 8-802] inferred FSM for state register 't_state_reg' in module 'mayo_reduce'
---------------------------------------------------------------------------------------------------
                   State |                     New Encoding |                Previous Encoding 
---------------------------------------------------------------------------------------------------
                    idle |                              000 |                              000
                   read1 |                              001 |                              001
                   read3 |                              010 |                              011
                   read2 |                              011 |                              010
                  write1 |                              100 |                              101
                  write2 |                              101 |                              110
                    done |                              110 |                              111
                   read4 |                              111 |                              100
---------------------------------------------------------------------------------------------------
INFO: [Synth 8-3354] encoded FSM with state register 't_state_reg' using encoding 'sequential' in module 'mayo_reduce'
---------------------------------------------------------------------------------
Finished RTL Optimization Phase 2 : Time (s): cpu = 00:00:15 ; elapsed = 00:00:28 . Memory (MB): peak = 2429.574 ; gain = 119.934 ; free physical = 8648 ; free virtual = 15076
---------------------------------------------------------------------------------
---------------------------------------------------------------------------------
Start RTL Component Statistics 
---------------------------------------------------------------------------------
Detailed RTL Component Info : 
+---Adders : 
	   2 Input   32 Bit       Adders := 1     
	   2 Input   31 Bit       Adders := 1     
+---Registers : 
	               32 Bit    Registers := 4     
	               31 Bit    Registers := 2     
	                4 Bit    Registers := 1     
	                1 Bit    Registers := 5     
+---Muxes : 
	   2 Input   32 Bit        Muxes := 5     
	   8 Input   32 Bit        Muxes := 3     
	   8 Input   31 Bit        Muxes := 1     
	   8 Input    4 Bit        Muxes := 1     
	   2 Input    4 Bit        Muxes := 2     
	   8 Input    3 Bit        Muxes := 1     
	   2 Input    3 Bit        Muxes := 2     
	   8 Input    1 Bit        Muxes := 11    
---------------------------------------------------------------------------------
Finished RTL Component Statistics 
---------------------------------------------------------------------------------
---------------------------------------------------------------------------------
Start Part Resource Summary
---------------------------------------------------------------------------------
Part Resources:
DSPs: 220 (col length:60)
BRAMs: 280 (col length: RAMB18 60 RAMB36 30)
---------------------------------------------------------------------------------
Finished Part Resource Summary
---------------------------------------------------------------------------------
---------------------------------------------------------------------------------
Start Cross Boundary and Area Optimization
---------------------------------------------------------------------------------
---------------------------------------------------------------------------------
Finished Cross Boundary and Area Optimization : Time (s): cpu = 00:00:17 ; elapsed = 00:00:31 . Memory (MB): peak = 2429.574 ; gain = 119.934 ; free physical = 8707 ; free virtual = 15180
---------------------------------------------------------------------------------
---------------------------------------------------------------------------------
Start Applying XDC Timing Constraints
---------------------------------------------------------------------------------
---------------------------------------------------------------------------------
Finished Applying XDC Timing Constraints : Time (s): cpu = 00:00:26 ; elapsed = 00:00:40 . Memory (MB): peak = 2429.574 ; gain = 119.934 ; free physical = 7438 ; free virtual = 13894
---------------------------------------------------------------------------------
---------------------------------------------------------------------------------
Start Timing Optimization
---------------------------------------------------------------------------------
---------------------------------------------------------------------------------
Finished Timing Optimization : Time (s): cpu = 00:00:26 ; elapsed = 00:00:40 . Memory (MB): peak = 2429.574 ; gain = 119.934 ; free physical = 7434 ; free virtual = 13891
---------------------------------------------------------------------------------
---------------------------------------------------------------------------------
Start Technology Mapping
---------------------------------------------------------------------------------
---------------------------------------------------------------------------------
Finished Technology Mapping : Time (s): cpu = 00:00:26 ; elapsed = 00:00:40 . Memory (MB): peak = 2429.574 ; gain = 119.934 ; free physical = 7409 ; free virtual = 13866
---------------------------------------------------------------------------------
---------------------------------------------------------------------------------
Start IO Insertion
---------------------------------------------------------------------------------
---------------------------------------------------------------------------------
Start Flattening Before IO Insertion
---------------------------------------------------------------------------------
---------------------------------------------------------------------------------
Finished Flattening Before IO Insertion
---------------------------------------------------------------------------------
---------------------------------------------------------------------------------
Start Final Netlist Cleanup
---------------------------------------------------------------------------------
---------------------------------------------------------------------------------
Finished Final Netlist Cleanup
---------------------------------------------------------------------------------
---------------------------------------------------------------------------------
Finished IO Insertion : Time (s): cpu = 00:00:30 ; elapsed = 00:00:45 . Memory (MB): peak = 2429.574 ; gain = 119.934 ; free physical = 7741 ; free virtual = 14204
---------------------------------------------------------------------------------
---------------------------------------------------------------------------------
Start Renaming Generated Instances
---------------------------------------------------------------------------------
---------------------------------------------------------------------------------
Finished Renaming Generated Instances : Time (s): cpu = 00:00:30 ; elapsed = 00:00:45 . Memory (MB): peak = 2429.574 ; gain = 119.934 ; free physical = 7740 ; free virtual = 14203
---------------------------------------------------------------------------------
---------------------------------------------------------------------------------
Start Rebuilding User Hierarchy
---------------------------------------------------------------------------------
---------------------------------------------------------------------------------
Finished Rebuilding User Hierarchy : Time (s): cpu = 00:00:30 ; elapsed = 00:00:45 . Memory (MB): peak = 2429.574 ; gain = 119.934 ; free physical = 7840 ; free virtual = 14303
---------------------------------------------------------------------------------
---------------------------------------------------------------------------------
Start Renaming Generated Ports
---------------------------------------------------------------------------------
---------------------------------------------------------------------------------
Finished Renaming Generated Ports : Time (s): cpu = 00:00:30 ; elapsed = 00:00:45 . Memory (MB): peak = 2429.574 ; gain = 119.934 ; free physical = 7844 ; free virtual = 14307
---------------------------------------------------------------------------------
---------------------------------------------------------------------------------
Start Handling Custom Attributes
---------------------------------------------------------------------------------
---------------------------------------------------------------------------------
Finished Handling Custom Attributes : Time (s): cpu = 00:00:30 ; elapsed = 00:00:45 . Memory (MB): peak = 2429.574 ; gain = 119.934 ; free physical = 7846 ; free virtual = 14309
---------------------------------------------------------------------------------
---------------------------------------------------------------------------------
Start Renaming Generated Nets
---------------------------------------------------------------------------------
---------------------------------------------------------------------------------
Finished Renaming Generated Nets : Time (s): cpu = 00:00:30 ; elapsed = 00:00:45 . Memory (MB): peak = 2429.574 ; gain = 119.934 ; free physical = 7844 ; free virtual = 14307
---------------------------------------------------------------------------------
---------------------------------------------------------------------------------
Start Writing Synthesis Report
---------------------------------------------------------------------------------

Report BlackBoxes: 
+-+--------------+----------+
| |BlackBox name |Instances |
+-+--------------+----------+
+-+--------------+----------+

Report Cell Usage: 
+------+-------+------+
|      |Cell   |Count |
+------+-------+------+
|1     |CARRY4 |    36|
|2     |LUT1   |    30|
|3     |LUT2   |   195|
|4     |LUT3   |    62|
|5     |LUT4   |   102|
|6     |LUT5   |     2|
|7     |LUT6   |    20|
|8     |MUXF7  |    20|
|9     |FDRE   |   198|
|10    |FDSE   |     1|
+------+-------+------+
---------------------------------------------------------------------------------
Finished Writing Synthesis Report : Time (s): cpu = 00:00:30 ; elapsed = 00:00:45 . Memory (MB): peak = 2429.574 ; gain = 119.934 ; free physical = 7843 ; free virtual = 14306
---------------------------------------------------------------------------------
Synthesis finished with 0 errors, 0 critical warnings and 0 warnings.
Synthesis Optimization Runtime : Time (s): cpu = 00:00:28 ; elapsed = 00:00:42 . Memory (MB): peak = 2429.574 ; gain = 0.000 ; free physical = 7979 ; free virtual = 14442
Synthesis Optimization Complete : Time (s): cpu = 00:00:31 ; elapsed = 00:00:45 . Memory (MB): peak = 2429.574 ; gain = 119.934 ; free physical = 7978 ; free virtual = 14441
INFO: [Project 1-571] Translating synthesized netlist
Netlist sorting complete. Time (s): cpu = 00:00:00.01 ; elapsed = 00:00:00.01 . Memory (MB): peak = 2429.574 ; gain = 0.000 ; free physical = 8285 ; free virtual = 14749
INFO: [Netlist 29-17] Analyzing 56 Unisim elements for replacement
INFO: [Netlist 29-28] Unisim Transformation completed in 0 CPU seconds
INFO: [Project 1-570] Preparing netlist for logic optimization
INFO: [Opt 31-138] Pushed 0 inverter(s) to 0 load pin(s).
Netlist sorting complete. Time (s): cpu = 00:00:00 ; elapsed = 00:00:00 . Memory (MB): peak = 2429.574 ; gain = 0.000 ; free physical = 8887 ; free virtual = 15344
INFO: [Project 1-111] Unisim Transformation Summary:
No Unisim elements were transformed.

INFO: [Common 17-83] Releasing license: Synthesis
29 Infos, 1 Warnings, 0 Critical Warnings and 0 Errors encountered.
synth_design completed successfully
synth_design: Time (s): cpu = 00:00:43 ; elapsed = 00:00:55 . Memory (MB): peak = 2429.574 ; gain = 120.059 ; free physical = 9046 ; free virtual = 15503
INFO: [Common 17-600] The following parameters have non-default value.
general.maxThreads
INFO: [Common 17-1381] The checkpoint '/home/osm/Documents/SECT-MAYO/MAYO/vivado/MAYO_KeyGen_v2/MAYO_KeyGen_v2.runs/Mayo_sign_with_zynq_mayo_reduce_0_0_synth_1/Mayo_sign_with_zynq_mayo_reduce_0_0.dcp' has been generated.
WARNING: [Common 17-576] 'use_project_ipc' is deprecated. This option is deprecated and no longer used.
INFO: [Common 17-1381] The checkpoint '/home/osm/Documents/SECT-MAYO/MAYO/vivado/MAYO_KeyGen_v2/MAYO_KeyGen_v2.runs/Mayo_sign_with_zynq_mayo_reduce_0_0_synth_1/Mayo_sign_with_zynq_mayo_reduce_0_0.dcp' has been generated.
INFO: [runtcl-4] Executing : report_utilization -file Mayo_sign_with_zynq_mayo_reduce_0_0_utilization_synth.rpt -pb Mayo_sign_with_zynq_mayo_reduce_0_0_utilization_synth.pb
INFO: [Common 17-206] Exiting Vivado at Wed May 17 00:47:59 2023...
