
*** Running vivado
    with args -log Mayo_sign_with_zynq_mayo_trng_arbiter_0_0.vds -m64 -product Vivado -mode batch -messageDb vivado.pb -notrace -source Mayo_sign_with_zynq_mayo_trng_arbiter_0_0.tcl


****** Vivado v2020.2 (64-bit)
  **** SW Build 3064766 on Wed Nov 18 09:12:47 MST 2020
  **** IP Build 3064653 on Wed Nov 18 14:17:31 MST 2020
    ** Copyright 1986-2020 Xilinx, Inc. All Rights Reserved.

source Mayo_sign_with_zynq_mayo_trng_arbiter_0_0.tcl -notrace
INFO: [IP_Flow 19-234] Refreshing IP repositories
INFO: [IP_Flow 19-1700] Loaded user IP repository '/home/osm/Documents/SECT-MAYO/MAYO/vivado/ip_repo/mayo_axi_litev3/mayo_axi_litev3_3'.
INFO: [IP_Flow 19-1700] Loaded user IP repository '/home/osm/Documents/SECT-MAYO/MAYO/vivado/ip_repo/mayo-axi/Mayo_axi_1.0'.
INFO: [IP_Flow 19-1700] Loaded user IP repository '/home/osm/Documents/SECT-MAYO/MAYO/vivado/TRNG_project/TRNG_project.srcs'.
INFO: [IP_Flow 19-1700] Loaded user IP repository '/home/osm/Documents/SECT-MAYO/MAYO/vivado/ip_repo/shake128'.
INFO: [IP_Flow 19-1700] Loaded user IP repository '/home/osm/Documents/SECT-MAYO/MAYO/vivado/ip_repo/INTERFACES'.
INFO: [IP_Flow 19-2313] Loaded Vivado IP repository '/tools/Xilinx/Vivado/2020.2/data/ip'.
Command: synth_design -top Mayo_sign_with_zynq_mayo_trng_arbiter_0_0 -part xc7z020clg484-1 -mode out_of_context
Starting synth_design
WARNING: [IP_Flow 19-3571] IP 'Mayo_sign_with_zynq_mayo_trng_arbiter_0_0' is restricted:
* Module reference is stale and needs refreshing.
Attempting to get a license for feature 'Synthesis' and/or device 'xc7z020'
INFO: [Common 17-349] Got license for feature 'Synthesis' and/or device 'xc7z020'
INFO: [Device 21-403] Loading part xc7z020clg484-1
INFO: [Synth 8-7079] Multithreading enabled for synth_design using a maximum of 4 processes.
INFO: [Synth 8-7078] Launching helper process for spawning children vivado processes
INFO: [Synth 8-7075] Helper process launched with PID 695576
---------------------------------------------------------------------------------
Starting RTL Elaboration : Time (s): cpu = 00:00:05 ; elapsed = 00:00:14 . Memory (MB): peak = 2291.703 ; gain = 0.000 ; free physical = 7517 ; free virtual = 14087
---------------------------------------------------------------------------------
INFO: [Synth 8-638] synthesizing module 'Mayo_sign_with_zynq_mayo_trng_arbiter_0_0' [/home/osm/Documents/SECT-MAYO/MAYO/vivado/MAYO_KeyGen_v2/MAYO_KeyGen_v2.gen/sources_1/bd/Mayo_sign_with_zynq/ip/Mayo_sign_with_zynq_mayo_trng_arbiter_0_0/synth/Mayo_sign_with_zynq_mayo_trng_arbiter_0_0.vhd:86]
INFO: [Synth 8-3491] module 'mayo_trng_arbiter' declared at '/home/osm/Documents/SECT-MAYO/MAYO/src/hdl/MAYO_Keygen/MAYO_trng_Arbiter.vhd:8' bound to instance 'U0' of component 'mayo_trng_arbiter' [/home/osm/Documents/SECT-MAYO/MAYO/vivado/MAYO_KeyGen_v2/MAYO_KeyGen_v2.gen/sources_1/bd/Mayo_sign_with_zynq/ip/Mayo_sign_with_zynq_mayo_trng_arbiter_0_0/synth/Mayo_sign_with_zynq_mayo_trng_arbiter_0_0.vhd:127]
INFO: [Synth 8-638] synthesizing module 'mayo_trng_arbiter' [/home/osm/Documents/SECT-MAYO/MAYO/src/hdl/MAYO_Keygen/MAYO_trng_Arbiter.vhd:48]
INFO: [Synth 8-256] done synthesizing module 'mayo_trng_arbiter' (1#1) [/home/osm/Documents/SECT-MAYO/MAYO/src/hdl/MAYO_Keygen/MAYO_trng_Arbiter.vhd:48]
INFO: [Synth 8-256] done synthesizing module 'Mayo_sign_with_zynq_mayo_trng_arbiter_0_0' (2#1) [/home/osm/Documents/SECT-MAYO/MAYO/vivado/MAYO_KeyGen_v2/MAYO_KeyGen_v2.gen/sources_1/bd/Mayo_sign_with_zynq/ip/Mayo_sign_with_zynq_mayo_trng_arbiter_0_0/synth/Mayo_sign_with_zynq_mayo_trng_arbiter_0_0.vhd:86]
---------------------------------------------------------------------------------
Finished RTL Elaboration : Time (s): cpu = 00:00:06 ; elapsed = 00:00:17 . Memory (MB): peak = 2291.703 ; gain = 0.000 ; free physical = 5868 ; free virtual = 12427
---------------------------------------------------------------------------------
---------------------------------------------------------------------------------
Start Handling Custom Attributes
---------------------------------------------------------------------------------
---------------------------------------------------------------------------------
Finished Handling Custom Attributes : Time (s): cpu = 00:00:07 ; elapsed = 00:00:19 . Memory (MB): peak = 2291.703 ; gain = 0.000 ; free physical = 5086 ; free virtual = 11656
---------------------------------------------------------------------------------
---------------------------------------------------------------------------------
Finished RTL Optimization Phase 1 : Time (s): cpu = 00:00:07 ; elapsed = 00:00:19 . Memory (MB): peak = 2291.703 ; gain = 0.000 ; free physical = 5083 ; free virtual = 11653
---------------------------------------------------------------------------------
Netlist sorting complete. Time (s): cpu = 00:00:00 ; elapsed = 00:00:00 . Memory (MB): peak = 2291.703 ; gain = 0.000 ; free physical = 5088 ; free virtual = 11659
INFO: [Project 1-570] Preparing netlist for logic optimization

Processing XDC Constraints
Initializing timing engine
Completed Processing XDC Constraints

Netlist sorting complete. Time (s): cpu = 00:00:00 ; elapsed = 00:00:00 . Memory (MB): peak = 2411.637 ; gain = 0.000 ; free physical = 5362 ; free virtual = 11936
INFO: [Project 1-111] Unisim Transformation Summary:
No Unisim elements were transformed.

Constraint Validation Runtime : Time (s): cpu = 00:00:00.02 ; elapsed = 00:00:00.07 . Memory (MB): peak = 2411.637 ; gain = 0.000 ; free physical = 5345 ; free virtual = 11919
---------------------------------------------------------------------------------
Finished Constraint Validation : Time (s): cpu = 00:00:14 ; elapsed = 00:00:33 . Memory (MB): peak = 2411.637 ; gain = 119.934 ; free physical = 6526 ; free virtual = 13142
---------------------------------------------------------------------------------
---------------------------------------------------------------------------------
Start Loading Part and Timing Information
---------------------------------------------------------------------------------
Loading part: xc7z020clg484-1
---------------------------------------------------------------------------------
Finished Loading Part and Timing Information : Time (s): cpu = 00:00:14 ; elapsed = 00:00:33 . Memory (MB): peak = 2411.637 ; gain = 119.934 ; free physical = 6531 ; free virtual = 13146
---------------------------------------------------------------------------------
---------------------------------------------------------------------------------
Start Applying 'set_property' XDC Constraints
---------------------------------------------------------------------------------
---------------------------------------------------------------------------------
Finished applying 'set_property' XDC Constraints : Time (s): cpu = 00:00:14 ; elapsed = 00:00:33 . Memory (MB): peak = 2411.637 ; gain = 119.934 ; free physical = 6538 ; free virtual = 13154
---------------------------------------------------------------------------------
---------------------------------------------------------------------------------
Finished RTL Optimization Phase 2 : Time (s): cpu = 00:00:14 ; elapsed = 00:00:34 . Memory (MB): peak = 2411.637 ; gain = 119.934 ; free physical = 6534 ; free virtual = 13151
---------------------------------------------------------------------------------
---------------------------------------------------------------------------------
Start RTL Component Statistics 
---------------------------------------------------------------------------------
Detailed RTL Component Info : 
+---Muxes : 
	   2 Input   32 Bit        Muxes := 5     
	   2 Input    1 Bit        Muxes := 10    
---------------------------------------------------------------------------------
Finished RTL Component Statistics 
---------------------------------------------------------------------------------
---------------------------------------------------------------------------------
Start Part Resource Summary
---------------------------------------------------------------------------------
Part Resources:
DSPs: 220 (col length:60)
BRAMs: 280 (col length: RAMB18 60 RAMB36 30)
---------------------------------------------------------------------------------
Finished Part Resource Summary
---------------------------------------------------------------------------------
---------------------------------------------------------------------------------
Start Cross Boundary and Area Optimization
---------------------------------------------------------------------------------
---------------------------------------------------------------------------------
Finished Cross Boundary and Area Optimization : Time (s): cpu = 00:00:16 ; elapsed = 00:00:36 . Memory (MB): peak = 2411.637 ; gain = 119.934 ; free physical = 6316 ; free virtual = 12930
---------------------------------------------------------------------------------
---------------------------------------------------------------------------------
Start Applying XDC Timing Constraints
---------------------------------------------------------------------------------
---------------------------------------------------------------------------------
Finished Applying XDC Timing Constraints : Time (s): cpu = 00:00:24 ; elapsed = 00:00:48 . Memory (MB): peak = 2411.637 ; gain = 119.934 ; free physical = 7028 ; free virtual = 13680
---------------------------------------------------------------------------------
---------------------------------------------------------------------------------
Start Timing Optimization
---------------------------------------------------------------------------------
---------------------------------------------------------------------------------
Finished Timing Optimization : Time (s): cpu = 00:00:24 ; elapsed = 00:00:48 . Memory (MB): peak = 2411.637 ; gain = 119.934 ; free physical = 7018 ; free virtual = 13670
---------------------------------------------------------------------------------
---------------------------------------------------------------------------------
Start Technology Mapping
---------------------------------------------------------------------------------
---------------------------------------------------------------------------------
Finished Technology Mapping : Time (s): cpu = 00:00:24 ; elapsed = 00:00:48 . Memory (MB): peak = 2411.637 ; gain = 119.934 ; free physical = 7004 ; free virtual = 13656
---------------------------------------------------------------------------------
---------------------------------------------------------------------------------
Start IO Insertion
---------------------------------------------------------------------------------
---------------------------------------------------------------------------------
Start Flattening Before IO Insertion
---------------------------------------------------------------------------------
---------------------------------------------------------------------------------
Finished Flattening Before IO Insertion
---------------------------------------------------------------------------------
---------------------------------------------------------------------------------
Start Final Netlist Cleanup
---------------------------------------------------------------------------------
---------------------------------------------------------------------------------
Finished Final Netlist Cleanup
---------------------------------------------------------------------------------
---------------------------------------------------------------------------------
Finished IO Insertion : Time (s): cpu = 00:00:29 ; elapsed = 00:00:54 . Memory (MB): peak = 2411.637 ; gain = 119.934 ; free physical = 6699 ; free virtual = 13348
---------------------------------------------------------------------------------
---------------------------------------------------------------------------------
Start Renaming Generated Instances
---------------------------------------------------------------------------------
---------------------------------------------------------------------------------
Finished Renaming Generated Instances : Time (s): cpu = 00:00:29 ; elapsed = 00:00:54 . Memory (MB): peak = 2411.637 ; gain = 119.934 ; free physical = 6695 ; free virtual = 13344
---------------------------------------------------------------------------------
---------------------------------------------------------------------------------
Start Rebuilding User Hierarchy
---------------------------------------------------------------------------------
---------------------------------------------------------------------------------
Finished Rebuilding User Hierarchy : Time (s): cpu = 00:00:29 ; elapsed = 00:00:54 . Memory (MB): peak = 2411.637 ; gain = 119.934 ; free physical = 6696 ; free virtual = 13345
---------------------------------------------------------------------------------
---------------------------------------------------------------------------------
Start Renaming Generated Ports
---------------------------------------------------------------------------------
---------------------------------------------------------------------------------
Finished Renaming Generated Ports : Time (s): cpu = 00:00:29 ; elapsed = 00:00:54 . Memory (MB): peak = 2411.637 ; gain = 119.934 ; free physical = 6696 ; free virtual = 13345
---------------------------------------------------------------------------------
---------------------------------------------------------------------------------
Start Handling Custom Attributes
---------------------------------------------------------------------------------
---------------------------------------------------------------------------------
Finished Handling Custom Attributes : Time (s): cpu = 00:00:29 ; elapsed = 00:00:54 . Memory (MB): peak = 2411.637 ; gain = 119.934 ; free physical = 6694 ; free virtual = 13343
---------------------------------------------------------------------------------
---------------------------------------------------------------------------------
Start Renaming Generated Nets
---------------------------------------------------------------------------------
---------------------------------------------------------------------------------
Finished Renaming Generated Nets : Time (s): cpu = 00:00:29 ; elapsed = 00:00:54 . Memory (MB): peak = 2411.637 ; gain = 119.934 ; free physical = 6693 ; free virtual = 13342
---------------------------------------------------------------------------------
---------------------------------------------------------------------------------
Start Writing Synthesis Report
---------------------------------------------------------------------------------

Report BlackBoxes: 
+-+--------------+----------+
| |BlackBox name |Instances |
+-+--------------+----------+
+-+--------------+----------+

Report Cell Usage: 
+------+-----+------+
|      |Cell |Count |
+------+-----+------+
|1     |LUT3 |   102|
|2     |LUT5 |    34|
+------+-----+------+
---------------------------------------------------------------------------------
Finished Writing Synthesis Report : Time (s): cpu = 00:00:29 ; elapsed = 00:00:54 . Memory (MB): peak = 2411.637 ; gain = 119.934 ; free physical = 6693 ; free virtual = 13342
---------------------------------------------------------------------------------
Synthesis finished with 0 errors, 0 critical warnings and 0 warnings.
Synthesis Optimization Runtime : Time (s): cpu = 00:00:27 ; elapsed = 00:00:49 . Memory (MB): peak = 2411.637 ; gain = 0.000 ; free physical = 6730 ; free virtual = 13379
Synthesis Optimization Complete : Time (s): cpu = 00:00:29 ; elapsed = 00:00:54 . Memory (MB): peak = 2411.637 ; gain = 119.934 ; free physical = 6729 ; free virtual = 13378
INFO: [Project 1-571] Translating synthesized netlist
Netlist sorting complete. Time (s): cpu = 00:00:00 ; elapsed = 00:00:00.01 . Memory (MB): peak = 2411.637 ; gain = 0.000 ; free physical = 6790 ; free virtual = 13439
INFO: [Project 1-570] Preparing netlist for logic optimization
INFO: [Opt 31-138] Pushed 0 inverter(s) to 0 load pin(s).
Netlist sorting complete. Time (s): cpu = 00:00:00 ; elapsed = 00:00:00 . Memory (MB): peak = 2411.637 ; gain = 0.000 ; free physical = 6647 ; free virtual = 13296
INFO: [Project 1-111] Unisim Transformation Summary:
No Unisim elements were transformed.

INFO: [Common 17-83] Releasing license: Synthesis
24 Infos, 1 Warnings, 0 Critical Warnings and 0 Errors encountered.
synth_design completed successfully
synth_design: Time (s): cpu = 00:00:42 ; elapsed = 00:01:03 . Memory (MB): peak = 2411.637 ; gain = 120.059 ; free physical = 6790 ; free virtual = 13439
INFO: [Common 17-600] The following parameters have non-default value.
general.maxThreads
INFO: [Common 17-1381] The checkpoint '/home/osm/Documents/SECT-MAYO/MAYO/vivado/MAYO_KeyGen_v2/MAYO_KeyGen_v2.runs/Mayo_sign_with_zynq_mayo_trng_arbiter_0_0_synth_1/Mayo_sign_with_zynq_mayo_trng_arbiter_0_0.dcp' has been generated.
WARNING: [Common 17-576] 'use_project_ipc' is deprecated. This option is deprecated and no longer used.
INFO: [Common 17-1381] The checkpoint '/home/osm/Documents/SECT-MAYO/MAYO/vivado/MAYO_KeyGen_v2/MAYO_KeyGen_v2.runs/Mayo_sign_with_zynq_mayo_trng_arbiter_0_0_synth_1/Mayo_sign_with_zynq_mayo_trng_arbiter_0_0.dcp' has been generated.
INFO: [runtcl-4] Executing : report_utilization -file Mayo_sign_with_zynq_mayo_trng_arbiter_0_0_utilization_synth.rpt -pb Mayo_sign_with_zynq_mayo_trng_arbiter_0_0_utilization_synth.pb
INFO: [Common 17-206] Exiting Vivado at Wed May 17 00:49:29 2023...
