
*** Running vivado
    with args -log Mayo_sign_mayo_bram_arbiter2_0_1.vds -m64 -product Vivado -mode batch -messageDb vivado.pb -notrace -source Mayo_sign_mayo_bram_arbiter2_0_1.tcl


****** Vivado v2020.2 (64-bit)
  **** SW Build 3064766 on Wed Nov 18 09:12:47 MST 2020
  **** IP Build 3064653 on Wed Nov 18 14:17:31 MST 2020
    ** Copyright 1986-2020 Xilinx, Inc. All Rights Reserved.

source Mayo_sign_mayo_bram_arbiter2_0_1.tcl -notrace
INFO: [IP_Flow 19-234] Refreshing IP repositories
INFO: [IP_Flow 19-1700] Loaded user IP repository '/home/osm/Documents/Sect/SECT-MAYO/MAYO/vivado/ip_repo/mayo_axi_litev3/mayo_axi_litev3_3'.
INFO: [IP_Flow 19-1700] Loaded user IP repository '/home/osm/Documents/Sect/SECT-MAYO/MAYO/vivado/ip_repo/mayo-axi/Mayo_axi_1.0'.
INFO: [IP_Flow 19-1700] Loaded user IP repository '/home/osm/Documents/Sect/SECT-MAYO/MAYO/vivado/TRNG_project/TRNG_project.srcs'.
INFO: [IP_Flow 19-1700] Loaded user IP repository '/home/osm/Documents/Sect/SECT-MAYO/MAYO/vivado/ip_repo/shake128'.
INFO: [IP_Flow 19-1700] Loaded user IP repository '/home/osm/Documents/Sect/SECT-MAYO/MAYO/vivado/ip_repo/INTERFACES'.
INFO: [IP_Flow 19-2313] Loaded Vivado IP repository '/tools/Xilinx/Vivado/2020.2/data/ip'.
Command: synth_design -top Mayo_sign_mayo_bram_arbiter2_0_1 -part xc7z020clg484-1 -mode out_of_context
Starting synth_design
WARNING: [IP_Flow 19-3571] IP 'Mayo_sign_mayo_bram_arbiter2_0_1' is restricted:
* Module reference is stale and needs refreshing.
Attempting to get a license for feature 'Synthesis' and/or device 'xc7z020'
INFO: [Common 17-349] Got license for feature 'Synthesis' and/or device 'xc7z020'
INFO: [Device 21-403] Loading part xc7z020clg484-1
INFO: [Synth 8-7079] Multithreading enabled for synth_design using a maximum of 4 processes.
INFO: [Synth 8-7078] Launching helper process for spawning children vivado processes
INFO: [Synth 8-7075] Helper process launched with PID 3136716
---------------------------------------------------------------------------------
Starting RTL Elaboration : Time (s): cpu = 00:00:04 ; elapsed = 00:00:13 . Memory (MB): peak = 2354.961 ; gain = 0.000 ; free physical = 5029 ; free virtual = 11356
---------------------------------------------------------------------------------
INFO: [Synth 8-638] synthesizing module 'Mayo_sign_mayo_bram_arbiter2_0_1' [/home/osm/Documents/Sect/SECT-MAYO/MAYO/vivado/hw-mayo/hw-mayo.gen/sources_1/bd/Mayo_sign/ip/Mayo_sign_mayo_bram_arbiter2_0_1/synth/Mayo_sign_mayo_bram_arbiter2_0_1.vhd:165]
INFO: [Synth 8-3491] module 'mayo_bram_arbiter2' declared at '/home/osm/Documents/Sect/SECT-MAYO/MAYO/src/hdl/MAYO_Signing/MAYO_BRAM_Arbiter2.vhd:31' bound to instance 'U0' of component 'mayo_bram_arbiter2' [/home/osm/Documents/Sect/SECT-MAYO/MAYO/vivado/hw-mayo/hw-mayo.gen/sources_1/bd/Mayo_sign/ip/Mayo_sign_mayo_bram_arbiter2_0_1/synth/Mayo_sign_mayo_bram_arbiter2_0_1.vhd:390]
INFO: [Synth 8-638] synthesizing module 'mayo_bram_arbiter2' [/home/osm/Documents/Sect/SECT-MAYO/MAYO/src/hdl/MAYO_Signing/MAYO_BRAM_Arbiter2.vhd:157]
INFO: [Synth 8-256] done synthesizing module 'mayo_bram_arbiter2' (1#1) [/home/osm/Documents/Sect/SECT-MAYO/MAYO/src/hdl/MAYO_Signing/MAYO_BRAM_Arbiter2.vhd:157]
INFO: [Synth 8-256] done synthesizing module 'Mayo_sign_mayo_bram_arbiter2_0_1' (2#1) [/home/osm/Documents/Sect/SECT-MAYO/MAYO/vivado/hw-mayo/hw-mayo.gen/sources_1/bd/Mayo_sign/ip/Mayo_sign_mayo_bram_arbiter2_0_1/synth/Mayo_sign_mayo_bram_arbiter2_0_1.vhd:165]
---------------------------------------------------------------------------------
Finished RTL Elaboration : Time (s): cpu = 00:00:05 ; elapsed = 00:00:16 . Memory (MB): peak = 2354.961 ; gain = 0.000 ; free physical = 8207 ; free virtual = 14538
---------------------------------------------------------------------------------
---------------------------------------------------------------------------------
Start Handling Custom Attributes
---------------------------------------------------------------------------------
---------------------------------------------------------------------------------
Finished Handling Custom Attributes : Time (s): cpu = 00:00:05 ; elapsed = 00:00:16 . Memory (MB): peak = 2354.961 ; gain = 0.000 ; free physical = 8159 ; free virtual = 14503
---------------------------------------------------------------------------------
---------------------------------------------------------------------------------
Finished RTL Optimization Phase 1 : Time (s): cpu = 00:00:05 ; elapsed = 00:00:16 . Memory (MB): peak = 2354.961 ; gain = 0.000 ; free physical = 8160 ; free virtual = 14504
---------------------------------------------------------------------------------
Netlist sorting complete. Time (s): cpu = 00:00:00.02 ; elapsed = 00:00:00.01 . Memory (MB): peak = 2354.961 ; gain = 0.000 ; free physical = 8231 ; free virtual = 14576
INFO: [Project 1-570] Preparing netlist for logic optimization

Processing XDC Constraints
Initializing timing engine
Completed Processing XDC Constraints

Netlist sorting complete. Time (s): cpu = 00:00:00 ; elapsed = 00:00:00 . Memory (MB): peak = 2463.828 ; gain = 0.000 ; free physical = 7967 ; free virtual = 14313
INFO: [Project 1-111] Unisim Transformation Summary:
No Unisim elements were transformed.

Constraint Validation Runtime : Time (s): cpu = 00:00:00.07 ; elapsed = 00:00:00.10 . Memory (MB): peak = 2463.828 ; gain = 0.000 ; free physical = 7948 ; free virtual = 14294
---------------------------------------------------------------------------------
Finished Constraint Validation : Time (s): cpu = 00:00:12 ; elapsed = 00:00:24 . Memory (MB): peak = 2463.828 ; gain = 108.867 ; free physical = 7999 ; free virtual = 14374
---------------------------------------------------------------------------------
---------------------------------------------------------------------------------
Start Loading Part and Timing Information
---------------------------------------------------------------------------------
Loading part: xc7z020clg484-1
---------------------------------------------------------------------------------
Finished Loading Part and Timing Information : Time (s): cpu = 00:00:12 ; elapsed = 00:00:24 . Memory (MB): peak = 2463.828 ; gain = 108.867 ; free physical = 7998 ; free virtual = 14372
---------------------------------------------------------------------------------
---------------------------------------------------------------------------------
Start Applying 'set_property' XDC Constraints
---------------------------------------------------------------------------------
---------------------------------------------------------------------------------
Finished applying 'set_property' XDC Constraints : Time (s): cpu = 00:00:12 ; elapsed = 00:00:24 . Memory (MB): peak = 2463.828 ; gain = 108.867 ; free physical = 8000 ; free virtual = 14375
---------------------------------------------------------------------------------
---------------------------------------------------------------------------------
Finished RTL Optimization Phase 2 : Time (s): cpu = 00:00:12 ; elapsed = 00:00:25 . Memory (MB): peak = 2463.828 ; gain = 108.867 ; free physical = 7891 ; free virtual = 14277
---------------------------------------------------------------------------------
---------------------------------------------------------------------------------
Start RTL Component Statistics 
---------------------------------------------------------------------------------
Detailed RTL Component Info : 
+---Muxes : 
	   2 Input   32 Bit        Muxes := 14    
---------------------------------------------------------------------------------
Finished RTL Component Statistics 
---------------------------------------------------------------------------------
---------------------------------------------------------------------------------
Start Part Resource Summary
---------------------------------------------------------------------------------
Part Resources:
DSPs: 220 (col length:60)
BRAMs: 280 (col length: RAMB18 60 RAMB36 30)
---------------------------------------------------------------------------------
Finished Part Resource Summary
---------------------------------------------------------------------------------
---------------------------------------------------------------------------------
Start Cross Boundary and Area Optimization
---------------------------------------------------------------------------------
---------------------------------------------------------------------------------
Finished Cross Boundary and Area Optimization : Time (s): cpu = 00:00:16 ; elapsed = 00:00:29 . Memory (MB): peak = 2463.828 ; gain = 108.867 ; free physical = 7777 ; free virtual = 14189
---------------------------------------------------------------------------------
---------------------------------------------------------------------------------
Start Applying XDC Timing Constraints
---------------------------------------------------------------------------------
---------------------------------------------------------------------------------
Finished Applying XDC Timing Constraints : Time (s): cpu = 00:00:22 ; elapsed = 00:00:36 . Memory (MB): peak = 2463.828 ; gain = 108.867 ; free physical = 6783 ; free virtual = 13196
---------------------------------------------------------------------------------
---------------------------------------------------------------------------------
Start Timing Optimization
---------------------------------------------------------------------------------
---------------------------------------------------------------------------------
Finished Timing Optimization : Time (s): cpu = 00:00:22 ; elapsed = 00:00:36 . Memory (MB): peak = 2463.828 ; gain = 108.867 ; free physical = 6755 ; free virtual = 13169
---------------------------------------------------------------------------------
---------------------------------------------------------------------------------
Start Technology Mapping
---------------------------------------------------------------------------------
---------------------------------------------------------------------------------
Finished Technology Mapping : Time (s): cpu = 00:00:23 ; elapsed = 00:00:36 . Memory (MB): peak = 2463.828 ; gain = 108.867 ; free physical = 6627 ; free virtual = 13041
---------------------------------------------------------------------------------
---------------------------------------------------------------------------------
Start IO Insertion
---------------------------------------------------------------------------------
---------------------------------------------------------------------------------
Start Flattening Before IO Insertion
---------------------------------------------------------------------------------
---------------------------------------------------------------------------------
Finished Flattening Before IO Insertion
---------------------------------------------------------------------------------
---------------------------------------------------------------------------------
Start Final Netlist Cleanup
---------------------------------------------------------------------------------
---------------------------------------------------------------------------------
Finished Final Netlist Cleanup
---------------------------------------------------------------------------------
---------------------------------------------------------------------------------
Finished IO Insertion : Time (s): cpu = 00:00:26 ; elapsed = 00:00:40 . Memory (MB): peak = 2463.828 ; gain = 108.867 ; free physical = 7564 ; free virtual = 13972
---------------------------------------------------------------------------------
---------------------------------------------------------------------------------
Start Renaming Generated Instances
---------------------------------------------------------------------------------
---------------------------------------------------------------------------------
Finished Renaming Generated Instances : Time (s): cpu = 00:00:26 ; elapsed = 00:00:40 . Memory (MB): peak = 2463.828 ; gain = 108.867 ; free physical = 7563 ; free virtual = 13971
---------------------------------------------------------------------------------
---------------------------------------------------------------------------------
Start Rebuilding User Hierarchy
---------------------------------------------------------------------------------
---------------------------------------------------------------------------------
Finished Rebuilding User Hierarchy : Time (s): cpu = 00:00:26 ; elapsed = 00:00:40 . Memory (MB): peak = 2463.828 ; gain = 108.867 ; free physical = 7556 ; free virtual = 13964
---------------------------------------------------------------------------------
---------------------------------------------------------------------------------
Start Renaming Generated Ports
---------------------------------------------------------------------------------
---------------------------------------------------------------------------------
Finished Renaming Generated Ports : Time (s): cpu = 00:00:26 ; elapsed = 00:00:40 . Memory (MB): peak = 2463.828 ; gain = 108.867 ; free physical = 7549 ; free virtual = 13957
---------------------------------------------------------------------------------
---------------------------------------------------------------------------------
Start Handling Custom Attributes
---------------------------------------------------------------------------------
---------------------------------------------------------------------------------
Finished Handling Custom Attributes : Time (s): cpu = 00:00:26 ; elapsed = 00:00:40 . Memory (MB): peak = 2463.828 ; gain = 108.867 ; free physical = 7539 ; free virtual = 13948
---------------------------------------------------------------------------------
---------------------------------------------------------------------------------
Start Renaming Generated Nets
---------------------------------------------------------------------------------
---------------------------------------------------------------------------------
Finished Renaming Generated Nets : Time (s): cpu = 00:00:26 ; elapsed = 00:00:40 . Memory (MB): peak = 2463.828 ; gain = 108.867 ; free physical = 7545 ; free virtual = 13953
---------------------------------------------------------------------------------
---------------------------------------------------------------------------------
Start Writing Synthesis Report
---------------------------------------------------------------------------------

Report BlackBoxes: 
+-+--------------+----------+
| |BlackBox name |Instances |
+-+--------------+----------+
+-+--------------+----------+

Report Cell Usage: 
+------+-----+------+
|      |Cell |Count |
+------+-----+------+
|1     |LUT2 |   449|
|2     |LUT3 |     2|
|3     |LUT4 |    12|
|4     |LUT5 |    77|
|5     |LUT6 |   374|
+------+-----+------+
---------------------------------------------------------------------------------
Finished Writing Synthesis Report : Time (s): cpu = 00:00:26 ; elapsed = 00:00:40 . Memory (MB): peak = 2463.828 ; gain = 108.867 ; free physical = 7549 ; free virtual = 13957
---------------------------------------------------------------------------------
Synthesis finished with 0 errors, 0 critical warnings and 0 warnings.
Synthesis Optimization Runtime : Time (s): cpu = 00:00:24 ; elapsed = 00:00:38 . Memory (MB): peak = 2463.828 ; gain = 0.000 ; free physical = 7603 ; free virtual = 14007
Synthesis Optimization Complete : Time (s): cpu = 00:00:26 ; elapsed = 00:00:40 . Memory (MB): peak = 2463.828 ; gain = 108.867 ; free physical = 7604 ; free virtual = 14008
INFO: [Project 1-571] Translating synthesized netlist
Netlist sorting complete. Time (s): cpu = 00:00:00.01 ; elapsed = 00:00:00.01 . Memory (MB): peak = 2463.828 ; gain = 0.000 ; free physical = 7725 ; free virtual = 14131
INFO: [Project 1-570] Preparing netlist for logic optimization
INFO: [Opt 31-138] Pushed 0 inverter(s) to 0 load pin(s).
Netlist sorting complete. Time (s): cpu = 00:00:00 ; elapsed = 00:00:00 . Memory (MB): peak = 2463.828 ; gain = 0.000 ; free physical = 8166 ; free virtual = 14572
INFO: [Project 1-111] Unisim Transformation Summary:
No Unisim elements were transformed.

INFO: [Common 17-83] Releasing license: Synthesis
24 Infos, 1 Warnings, 0 Critical Warnings and 0 Errors encountered.
synth_design completed successfully
synth_design: Time (s): cpu = 00:00:36 ; elapsed = 00:00:49 . Memory (MB): peak = 2463.828 ; gain = 108.867 ; free physical = 8380 ; free virtual = 14777
INFO: [Common 17-1381] The checkpoint '/home/osm/Documents/Sect/SECT-MAYO/MAYO/vivado/hw-mayo/hw-mayo.runs/Mayo_sign_mayo_bram_arbiter2_0_1_synth_1/Mayo_sign_mayo_bram_arbiter2_0_1.dcp' has been generated.
WARNING: [Common 17-576] 'use_project_ipc' is deprecated. This option is deprecated and no longer used.
INFO: [Common 17-1381] The checkpoint '/home/osm/Documents/Sect/SECT-MAYO/MAYO/vivado/hw-mayo/hw-mayo.runs/Mayo_sign_mayo_bram_arbiter2_0_1_synth_1/Mayo_sign_mayo_bram_arbiter2_0_1.dcp' has been generated.
INFO: [runtcl-4] Executing : report_utilization -file Mayo_sign_mayo_bram_arbiter2_0_1_utilization_synth.rpt -pb Mayo_sign_mayo_bram_arbiter2_0_1_utilization_synth.pb
INFO: [Common 17-206] Exiting Vivado at Sun Nov 12 18:18:16 2023...
