
*** Running vivado
    with args -log Mayo_sign_mayo_add_oil_0_0.vds -m64 -product Vivado -mode batch -messageDb vivado.pb -notrace -source Mayo_sign_mayo_add_oil_0_0.tcl


****** Vivado v2020.2 (64-bit)
  **** SW Build 3064766 on Wed Nov 18 09:12:47 MST 2020
  **** IP Build 3064653 on Wed Nov 18 14:17:31 MST 2020
    ** Copyright 1986-2020 Xilinx, Inc. All Rights Reserved.

source Mayo_sign_mayo_add_oil_0_0.tcl -notrace
INFO: [IP_Flow 19-234] Refreshing IP repositories
INFO: [IP_Flow 19-1700] Loaded user IP repository '/home/osm/Documents/Sect/SECT-MAYO/MAYO/vivado/ip_repo/mayo_axi_litev3/mayo_axi_litev3_3'.
INFO: [IP_Flow 19-1700] Loaded user IP repository '/home/osm/Documents/Sect/SECT-MAYO/MAYO/vivado/ip_repo/mayo-axi/Mayo_axi_1.0'.
INFO: [IP_Flow 19-1700] Loaded user IP repository '/home/osm/Documents/Sect/SECT-MAYO/MAYO/vivado/TRNG_project/TRNG_project.srcs'.
INFO: [IP_Flow 19-1700] Loaded user IP repository '/home/osm/Documents/Sect/SECT-MAYO/MAYO/vivado/ip_repo/shake128'.
INFO: [IP_Flow 19-1700] Loaded user IP repository '/home/osm/Documents/Sect/SECT-MAYO/MAYO/vivado/ip_repo/INTERFACES'.
INFO: [IP_Flow 19-2313] Loaded Vivado IP repository '/tools/Xilinx/Vivado/2020.2/data/ip'.
Command: synth_design -top Mayo_sign_mayo_add_oil_0_0 -part xc7z020clg484-1 -mode out_of_context
Starting synth_design
WARNING: [IP_Flow 19-3571] IP 'Mayo_sign_mayo_add_oil_0_0' is restricted:
* Module reference is stale and needs refreshing.
Attempting to get a license for feature 'Synthesis' and/or device 'xc7z020'
INFO: [Common 17-349] Got license for feature 'Synthesis' and/or device 'xc7z020'
INFO: [Device 21-403] Loading part xc7z020clg484-1
INFO: [Synth 8-7079] Multithreading enabled for synth_design using a maximum of 4 processes.
INFO: [Synth 8-7078] Launching helper process for spawning children vivado processes
INFO: [Synth 8-7075] Helper process launched with PID 3140917
---------------------------------------------------------------------------------
Starting RTL Elaboration : Time (s): cpu = 00:00:04 ; elapsed = 00:00:14 . Memory (MB): peak = 2366.875 ; gain = 0.000 ; free physical = 4944 ; free virtual = 11352
---------------------------------------------------------------------------------
INFO: [Synth 8-638] synthesizing module 'Mayo_sign_mayo_add_oil_0_0' [/home/osm/Documents/Sect/SECT-MAYO/MAYO/vivado/hw-mayo/hw-mayo.gen/sources_1/bd/Mayo_sign/ip/Mayo_sign_mayo_add_oil_0_0/synth/Mayo_sign_mayo_add_oil_0_0.vhd:86]
INFO: [Synth 8-3491] module 'mayo_add_oil' declared at '/home/osm/Documents/Sect/SECT-MAYO/MAYO/src/hdl/MAYO_Signing/MAYO_Add_Oil.vhd:29' bound to instance 'U0' of component 'mayo_add_oil' [/home/osm/Documents/Sect/SECT-MAYO/MAYO/vivado/hw-mayo/hw-mayo.gen/sources_1/bd/Mayo_sign/ip/Mayo_sign_mayo_add_oil_0_0/synth/Mayo_sign_mayo_add_oil_0_0.vhd:154]
INFO: [Synth 8-638] synthesizing module 'mayo_add_oil' [/home/osm/Documents/Sect/SECT-MAYO/MAYO/src/hdl/MAYO_Signing/MAYO_Add_Oil.vhd:66]
INFO: [Synth 8-6054] Found Dynamic range expression with variable size [/home/osm/Documents/Sect/SECT-MAYO/MAYO/src/hdl/MAYO_Signing/MAYO_Add_Oil.vhd:212]
INFO: [Synth 8-6054] Found Dynamic range expression with variable size [/home/osm/Documents/Sect/SECT-MAYO/MAYO/src/hdl/MAYO_Signing/MAYO_Add_Oil.vhd:213]
INFO: [Synth 8-6054] Found Dynamic range expression with variable size [/home/osm/Documents/Sect/SECT-MAYO/MAYO/src/hdl/MAYO_Signing/MAYO_Add_Oil.vhd:255]
INFO: [Synth 8-6054] Found Dynamic range expression with variable size [/home/osm/Documents/Sect/SECT-MAYO/MAYO/src/hdl/MAYO_Signing/MAYO_Add_Oil.vhd:260]
INFO: [Synth 8-226] default block is never used [/home/osm/Documents/Sect/SECT-MAYO/MAYO/src/hdl/MAYO_Signing/MAYO_Add_Oil.vhd:338]
INFO: [Synth 8-6054] Found Dynamic range expression with variable size [/home/osm/Documents/Sect/SECT-MAYO/MAYO/src/hdl/MAYO_Signing/MAYO_Add_Oil.vhd:390]
INFO: [Synth 8-6054] Found Dynamic range expression with variable size [/home/osm/Documents/Sect/SECT-MAYO/MAYO/src/hdl/MAYO_Signing/MAYO_Add_Oil.vhd:391]
INFO: [Synth 8-226] default block is never used [/home/osm/Documents/Sect/SECT-MAYO/MAYO/src/hdl/MAYO_Signing/MAYO_Add_Oil.vhd:462]
INFO: [Synth 8-256] done synthesizing module 'mayo_add_oil' (1#1) [/home/osm/Documents/Sect/SECT-MAYO/MAYO/src/hdl/MAYO_Signing/MAYO_Add_Oil.vhd:66]
INFO: [Synth 8-256] done synthesizing module 'Mayo_sign_mayo_add_oil_0_0' (2#1) [/home/osm/Documents/Sect/SECT-MAYO/MAYO/vivado/hw-mayo/hw-mayo.gen/sources_1/bd/Mayo_sign/ip/Mayo_sign_mayo_add_oil_0_0/synth/Mayo_sign_mayo_add_oil_0_0.vhd:86]
---------------------------------------------------------------------------------
Finished RTL Elaboration : Time (s): cpu = 00:00:05 ; elapsed = 00:00:16 . Memory (MB): peak = 2366.875 ; gain = 0.000 ; free physical = 5204 ; free virtual = 11615
---------------------------------------------------------------------------------
---------------------------------------------------------------------------------
Start Handling Custom Attributes
---------------------------------------------------------------------------------
---------------------------------------------------------------------------------
Finished Handling Custom Attributes : Time (s): cpu = 00:00:06 ; elapsed = 00:00:18 . Memory (MB): peak = 2366.875 ; gain = 0.000 ; free physical = 4560 ; free virtual = 10972
---------------------------------------------------------------------------------
---------------------------------------------------------------------------------
Finished RTL Optimization Phase 1 : Time (s): cpu = 00:00:06 ; elapsed = 00:00:18 . Memory (MB): peak = 2366.875 ; gain = 0.000 ; free physical = 4559 ; free virtual = 10971
---------------------------------------------------------------------------------
Netlist sorting complete. Time (s): cpu = 00:00:00.03 ; elapsed = 00:00:00.05 . Memory (MB): peak = 2366.875 ; gain = 0.000 ; free physical = 4289 ; free virtual = 10701
INFO: [Project 1-570] Preparing netlist for logic optimization

Processing XDC Constraints
Initializing timing engine
Completed Processing XDC Constraints

Netlist sorting complete. Time (s): cpu = 00:00:00 ; elapsed = 00:00:00 . Memory (MB): peak = 2471.742 ; gain = 0.000 ; free physical = 4536 ; free virtual = 10982
INFO: [Project 1-111] Unisim Transformation Summary:
No Unisim elements were transformed.

Constraint Validation Runtime : Time (s): cpu = 00:00:00.03 ; elapsed = 00:00:00.08 . Memory (MB): peak = 2471.742 ; gain = 0.000 ; free physical = 4518 ; free virtual = 10964
---------------------------------------------------------------------------------
Finished Constraint Validation : Time (s): cpu = 00:00:12 ; elapsed = 00:00:33 . Memory (MB): peak = 2471.742 ; gain = 104.867 ; free physical = 3924 ; free virtual = 10405
---------------------------------------------------------------------------------
---------------------------------------------------------------------------------
Start Loading Part and Timing Information
---------------------------------------------------------------------------------
Loading part: xc7z020clg484-1
---------------------------------------------------------------------------------
Finished Loading Part and Timing Information : Time (s): cpu = 00:00:12 ; elapsed = 00:00:33 . Memory (MB): peak = 2471.742 ; gain = 104.867 ; free physical = 3920 ; free virtual = 10401
---------------------------------------------------------------------------------
---------------------------------------------------------------------------------
Start Applying 'set_property' XDC Constraints
---------------------------------------------------------------------------------
---------------------------------------------------------------------------------
Finished applying 'set_property' XDC Constraints : Time (s): cpu = 00:00:12 ; elapsed = 00:00:33 . Memory (MB): peak = 2471.742 ; gain = 104.867 ; free physical = 3921 ; free virtual = 10402
---------------------------------------------------------------------------------
---------------------------------------------------------------------------------
Finished RTL Optimization Phase 2 : Time (s): cpu = 00:00:14 ; elapsed = 00:00:36 . Memory (MB): peak = 2471.742 ; gain = 104.867 ; free physical = 4128 ; free virtual = 10621
---------------------------------------------------------------------------------
---------------------------------------------------------------------------------
Start RTL Component Statistics 
---------------------------------------------------------------------------------
Detailed RTL Component Info : 
+---Adders : 
	   3 Input   32 Bit       Adders := 4     
	   2 Input   32 Bit       Adders := 3     
	   2 Input   16 Bit       Adders := 1     
	   2 Input    6 Bit       Adders := 1     
	   2 Input    4 Bit       Adders := 1     
	   2 Input    3 Bit       Adders := 7     
+---Registers : 
	               48 Bit    Registers := 1     
	               32 Bit    Registers := 7     
	               16 Bit    Registers := 2     
	                6 Bit    Registers := 5     
	                4 Bit    Registers := 7     
	                3 Bit    Registers := 1     
	                2 Bit    Registers := 2     
	                1 Bit    Registers := 8     
+---Muxes : 
	  36 Input   48 Bit        Muxes := 2     
	   2 Input   48 Bit        Muxes := 2     
	   2 Input   32 Bit        Muxes := 5     
	  36 Input   32 Bit        Muxes := 1     
	   4 Input   32 Bit        Muxes := 1     
	  36 Input   16 Bit        Muxes := 2     
	   4 Input    8 Bit        Muxes := 2     
	   2 Input    6 Bit        Muxes := 1     
	  36 Input    6 Bit        Muxes := 1     
	   2 Input    5 Bit        Muxes := 2     
	   2 Input    4 Bit        Muxes := 1     
	   4 Input    4 Bit        Muxes := 3     
	   2 Input    3 Bit        Muxes := 1     
	  36 Input    2 Bit        Muxes := 3     
	  36 Input    1 Bit        Muxes := 20    
	   4 Input    1 Bit        Muxes := 1     
	   3 Input    1 Bit        Muxes := 1     
---------------------------------------------------------------------------------
Finished RTL Component Statistics 
---------------------------------------------------------------------------------
---------------------------------------------------------------------------------
Start Part Resource Summary
---------------------------------------------------------------------------------
Part Resources:
DSPs: 220 (col length:60)
BRAMs: 280 (col length: RAMB18 60 RAMB36 30)
---------------------------------------------------------------------------------
Finished Part Resource Summary
---------------------------------------------------------------------------------
---------------------------------------------------------------------------------
Start Cross Boundary and Area Optimization
---------------------------------------------------------------------------------
---------------------------------------------------------------------------------
Finished Cross Boundary and Area Optimization : Time (s): cpu = 00:00:32 ; elapsed = 00:00:57 . Memory (MB): peak = 2471.742 ; gain = 104.867 ; free physical = 11759 ; free virtual = 18253
---------------------------------------------------------------------------------
---------------------------------------------------------------------------------
Start ROM, RAM, DSP, Shift Register and Retiming Reporting
---------------------------------------------------------------------------------

ROM: Preliminary Mapping	Report
+-------------+-------------------+---------------+----------------+
|Module Name  | RTL Object        | Depth x Width | Implemented As | 
+-------------+-------------------+---------------+----------------+
|mayo_add_oil | bram0a[o][o_addr] | 64x1          | LUT            | 
|mayo_add_oil | bram0a[o][o_en]   | 64x1          | LUT            | 
|mayo_add_oil | bram0b[o][o_en]   | 64x1          | LUT            | 
|mayo_add_oil | bram0a[o][o_addr] | 64x1          | LUT            | 
|mayo_add_oil | bram0a[o][o_en]   | 64x1          | LUT            | 
|mayo_add_oil | bram0b[o][o_en]   | 64x1          | LUT            | 
+-------------+-------------------+---------------+----------------+

---------------------------------------------------------------------------------
Finished ROM, RAM, DSP, Shift Register and Retiming Reporting
---------------------------------------------------------------------------------
---------------------------------------------------------------------------------
Start Applying XDC Timing Constraints
---------------------------------------------------------------------------------
---------------------------------------------------------------------------------
Finished Applying XDC Timing Constraints : Time (s): cpu = 00:00:38 ; elapsed = 00:01:04 . Memory (MB): peak = 2471.742 ; gain = 104.867 ; free physical = 13633 ; free virtual = 20113
---------------------------------------------------------------------------------
---------------------------------------------------------------------------------
Start Timing Optimization
---------------------------------------------------------------------------------
---------------------------------------------------------------------------------
Finished Timing Optimization : Time (s): cpu = 00:00:38 ; elapsed = 00:01:04 . Memory (MB): peak = 2471.742 ; gain = 104.867 ; free physical = 13594 ; free virtual = 20074
---------------------------------------------------------------------------------
---------------------------------------------------------------------------------
Start Technology Mapping
---------------------------------------------------------------------------------
---------------------------------------------------------------------------------
Finished Technology Mapping : Time (s): cpu = 00:00:38 ; elapsed = 00:01:04 . Memory (MB): peak = 2471.742 ; gain = 104.867 ; free physical = 13493 ; free virtual = 19973
---------------------------------------------------------------------------------
---------------------------------------------------------------------------------
Start IO Insertion
---------------------------------------------------------------------------------
---------------------------------------------------------------------------------
Start Flattening Before IO Insertion
---------------------------------------------------------------------------------
---------------------------------------------------------------------------------
Finished Flattening Before IO Insertion
---------------------------------------------------------------------------------
---------------------------------------------------------------------------------
Start Final Netlist Cleanup
---------------------------------------------------------------------------------
---------------------------------------------------------------------------------
Finished Final Netlist Cleanup
---------------------------------------------------------------------------------
---------------------------------------------------------------------------------
Finished IO Insertion : Time (s): cpu = 00:00:41 ; elapsed = 00:01:07 . Memory (MB): peak = 2471.742 ; gain = 104.867 ; free physical = 13129 ; free virtual = 19609
---------------------------------------------------------------------------------
---------------------------------------------------------------------------------
Start Renaming Generated Instances
---------------------------------------------------------------------------------
---------------------------------------------------------------------------------
Finished Renaming Generated Instances : Time (s): cpu = 00:00:41 ; elapsed = 00:01:07 . Memory (MB): peak = 2471.742 ; gain = 104.867 ; free physical = 13133 ; free virtual = 19613
---------------------------------------------------------------------------------
---------------------------------------------------------------------------------
Start Rebuilding User Hierarchy
---------------------------------------------------------------------------------
---------------------------------------------------------------------------------
Finished Rebuilding User Hierarchy : Time (s): cpu = 00:00:41 ; elapsed = 00:01:07 . Memory (MB): peak = 2471.742 ; gain = 104.867 ; free physical = 13122 ; free virtual = 19602
---------------------------------------------------------------------------------
---------------------------------------------------------------------------------
Start Renaming Generated Ports
---------------------------------------------------------------------------------
---------------------------------------------------------------------------------
Finished Renaming Generated Ports : Time (s): cpu = 00:00:41 ; elapsed = 00:01:07 . Memory (MB): peak = 2471.742 ; gain = 104.867 ; free physical = 13119 ; free virtual = 19599
---------------------------------------------------------------------------------
---------------------------------------------------------------------------------
Start Handling Custom Attributes
---------------------------------------------------------------------------------
---------------------------------------------------------------------------------
Finished Handling Custom Attributes : Time (s): cpu = 00:00:41 ; elapsed = 00:01:07 . Memory (MB): peak = 2471.742 ; gain = 104.867 ; free physical = 13104 ; free virtual = 19584
---------------------------------------------------------------------------------
---------------------------------------------------------------------------------
Start Renaming Generated Nets
---------------------------------------------------------------------------------
---------------------------------------------------------------------------------
Finished Renaming Generated Nets : Time (s): cpu = 00:00:41 ; elapsed = 00:01:07 . Memory (MB): peak = 2471.742 ; gain = 104.867 ; free physical = 13099 ; free virtual = 19579
---------------------------------------------------------------------------------
---------------------------------------------------------------------------------
Start Writing Synthesis Report
---------------------------------------------------------------------------------

Report BlackBoxes: 
+-+--------------+----------+
| |BlackBox name |Instances |
+-+--------------+----------+
+-+--------------+----------+

Report Cell Usage: 
+------+-------+------+
|      |Cell   |Count |
+------+-------+------+
|1     |CARRY4 |    87|
|2     |LUT1   |    12|
|3     |LUT2   |   193|
|4     |LUT3   |   182|
|5     |LUT4   |   196|
|6     |LUT5   |   128|
|7     |LUT6   |   331|
|8     |MUXF7  |     1|
|9     |FDRE   |   239|
+------+-------+------+
---------------------------------------------------------------------------------
Finished Writing Synthesis Report : Time (s): cpu = 00:00:41 ; elapsed = 00:01:07 . Memory (MB): peak = 2471.742 ; gain = 104.867 ; free physical = 13095 ; free virtual = 19575
---------------------------------------------------------------------------------
Synthesis finished with 0 errors, 0 critical warnings and 0 warnings.
Synthesis Optimization Runtime : Time (s): cpu = 00:00:39 ; elapsed = 00:01:02 . Memory (MB): peak = 2471.742 ; gain = 0.000 ; free physical = 13112 ; free virtual = 19592
Synthesis Optimization Complete : Time (s): cpu = 00:00:41 ; elapsed = 00:01:07 . Memory (MB): peak = 2471.742 ; gain = 104.867 ; free physical = 13110 ; free virtual = 19590
INFO: [Project 1-571] Translating synthesized netlist
Netlist sorting complete. Time (s): cpu = 00:00:00.01 ; elapsed = 00:00:00.01 . Memory (MB): peak = 2471.742 ; gain = 0.000 ; free physical = 13119 ; free virtual = 19599
INFO: [Netlist 29-17] Analyzing 88 Unisim elements for replacement
INFO: [Netlist 29-28] Unisim Transformation completed in 0 CPU seconds
WARNING: [Netlist 29-101] Netlist 'Mayo_sign_mayo_add_oil_0_0' is not ideal for floorplanning, since the cellview 'mayo_add_oil' contains a large number of primitives.  Please consider enabling hierarchy in synthesis if you want to do floorplanning.
INFO: [Project 1-570] Preparing netlist for logic optimization
INFO: [Opt 31-138] Pushed 0 inverter(s) to 0 load pin(s).
Netlist sorting complete. Time (s): cpu = 00:00:00 ; elapsed = 00:00:00 . Memory (MB): peak = 2471.742 ; gain = 0.000 ; free physical = 12335 ; free virtual = 18815
INFO: [Project 1-111] Unisim Transformation Summary:
No Unisim elements were transformed.

INFO: [Common 17-83] Releasing license: Synthesis
34 Infos, 2 Warnings, 0 Critical Warnings and 0 Errors encountered.
synth_design completed successfully
synth_design: Time (s): cpu = 00:00:51 ; elapsed = 00:01:17 . Memory (MB): peak = 2471.742 ; gain = 104.867 ; free physical = 12341 ; free virtual = 18821
INFO: [Common 17-1381] The checkpoint '/home/osm/Documents/Sect/SECT-MAYO/MAYO/vivado/hw-mayo/hw-mayo.runs/Mayo_sign_mayo_add_oil_0_0_synth_1/Mayo_sign_mayo_add_oil_0_0.dcp' has been generated.
WARNING: [Common 17-576] 'use_project_ipc' is deprecated. This option is deprecated and no longer used.
INFO: [Common 17-1381] The checkpoint '/home/osm/Documents/Sect/SECT-MAYO/MAYO/vivado/hw-mayo/hw-mayo.runs/Mayo_sign_mayo_add_oil_0_0_synth_1/Mayo_sign_mayo_add_oil_0_0.dcp' has been generated.
INFO: [runtcl-4] Executing : report_utilization -file Mayo_sign_mayo_add_oil_0_0_utilization_synth.rpt -pb Mayo_sign_mayo_add_oil_0_0_utilization_synth.pb
INFO: [Common 17-206] Exiting Vivado at Sun Nov 12 18:19:58 2023...
