Copyright 1986-2020 Xilinx, Inc. All Rights Reserved.
------------------------------------------------------------------------------------------------------------------------------------------------
| Tool Version : Vivado v.2020.2 (lin64) Build 3064766 Wed Nov 18 09:12:47 MST 2020
| Date         : Mon Jan 16 21:07:03 2023
| Host         : osm-hzb running 64-bit Ubuntu 20.04.5 LTS
| Command      : report_drc -file Mayo_keygen_wrapper_drc_opted.rpt -pb Mayo_keygen_wrapper_drc_opted.pb -rpx Mayo_keygen_wrapper_drc_opted.rpx
| Design       : Mayo_keygen_wrapper
| Device       : xc7z020clg484-1
| Speed File   : -1
| Design State : Synthesized
------------------------------------------------------------------------------------------------------------------------------------------------

Report DRC

Table of Contents
-----------------
1. REPORT SUMMARY
2. REPORT DETAILS

1. REPORT SUMMARY
-----------------
            Netlist: netlist
          Floorplan: design_1
      Design limits: <entire design considered>
           Ruledeck: default
             Max violations: <unlimited>
             Violations found: 0
+------+----------+-------------+------------+
| Rule | Severity | Description | Violations |
+------+----------+-------------+------------+
+------+----------+-------------+------------+

2. REPORT DETAILS
-----------------

