
*** Running vivado
    with args -log Mayo_sign_with_zynq_mayo_add_oil_0_1.vds -m64 -product Vivado -mode batch -messageDb vivado.pb -notrace -source Mayo_sign_with_zynq_mayo_add_oil_0_1.tcl


****** Vivado v2020.2 (64-bit)
  **** SW Build 3064766 on Wed Nov 18 09:12:47 MST 2020
  **** IP Build 3064653 on Wed Nov 18 14:17:31 MST 2020
    ** Copyright 1986-2020 Xilinx, Inc. All Rights Reserved.

source Mayo_sign_with_zynq_mayo_add_oil_0_1.tcl -notrace
INFO: [IP_Flow 19-234] Refreshing IP repositories
INFO: [IP_Flow 19-1700] Loaded user IP repository '/home/osm/Documents/Sect/SECT-MAYO/MAYO/vivado/ip_repo/mayo_axi_litev3/mayo_axi_litev3_3'.
INFO: [IP_Flow 19-1700] Loaded user IP repository '/home/osm/Documents/Sect/SECT-MAYO/MAYO/vivado/ip_repo/mayo-axi/Mayo_axi_1.0'.
INFO: [IP_Flow 19-1700] Loaded user IP repository '/home/osm/Documents/Sect/SECT-MAYO/MAYO/vivado/ip_repo/INTERFACES'.
INFO: [IP_Flow 19-2313] Loaded Vivado IP repository '/tools/Xilinx/Vivado/2020.2/data/ip'.
Command: synth_design -top Mayo_sign_with_zynq_mayo_add_oil_0_1 -part xc7z020clg484-1 -mode out_of_context
Starting synth_design
Attempting to get a license for feature 'Synthesis' and/or device 'xc7z020'
INFO: [Common 17-349] Got license for feature 'Synthesis' and/or device 'xc7z020'
INFO: [Device 21-403] Loading part xc7z020clg484-1
INFO: [Synth 8-7079] Multithreading enabled for synth_design using a maximum of 4 processes.
INFO: [Synth 8-7078] Launching helper process for spawning children vivado processes
INFO: [Synth 8-7075] Helper process launched with PID 421080
---------------------------------------------------------------------------------
Starting RTL Elaboration : Time (s): cpu = 00:00:04 ; elapsed = 00:00:08 . Memory (MB): peak = 2367.832 ; gain = 0.000 ; free physical = 1181 ; free virtual = 7593
---------------------------------------------------------------------------------
INFO: [Synth 8-638] synthesizing module 'Mayo_sign_with_zynq_mayo_add_oil_0_1' [/home/osm/Documents/Sect/SECT-MAYO/MAYO/vivado/hw-mayo/hw-mayo.gen/sources_1/bd/Mayo_sign_with_zynq/ip/Mayo_sign_with_zynq_mayo_add_oil_0_1/synth/Mayo_sign_with_zynq_mayo_add_oil_0_1.vhd:86]
INFO: [Synth 8-3491] module 'mayo_add_oil' declared at '/home/osm/Documents/Sect/SECT-MAYO/MAYO/vivado/hw-mayo/hw-mayo.srcs/sources_1/imports/MAYO/src/hdl/MAYO_Signing/MAYO_Add_Oil.vhd:29' bound to instance 'U0' of component 'mayo_add_oil' [/home/osm/Documents/Sect/SECT-MAYO/MAYO/vivado/hw-mayo/hw-mayo.gen/sources_1/bd/Mayo_sign_with_zynq/ip/Mayo_sign_with_zynq_mayo_add_oil_0_1/synth/Mayo_sign_with_zynq_mayo_add_oil_0_1.vhd:154]
INFO: [Synth 8-638] synthesizing module 'mayo_add_oil' [/home/osm/Documents/Sect/SECT-MAYO/MAYO/vivado/hw-mayo/hw-mayo.srcs/sources_1/imports/MAYO/src/hdl/MAYO_Signing/MAYO_Add_Oil.vhd:66]
INFO: [Synth 8-6054] Found Dynamic range expression with variable size [/home/osm/Documents/Sect/SECT-MAYO/MAYO/vivado/hw-mayo/hw-mayo.srcs/sources_1/imports/MAYO/src/hdl/MAYO_Signing/MAYO_Add_Oil.vhd:212]
INFO: [Synth 8-6054] Found Dynamic range expression with variable size [/home/osm/Documents/Sect/SECT-MAYO/MAYO/vivado/hw-mayo/hw-mayo.srcs/sources_1/imports/MAYO/src/hdl/MAYO_Signing/MAYO_Add_Oil.vhd:213]
INFO: [Synth 8-6054] Found Dynamic range expression with variable size [/home/osm/Documents/Sect/SECT-MAYO/MAYO/vivado/hw-mayo/hw-mayo.srcs/sources_1/imports/MAYO/src/hdl/MAYO_Signing/MAYO_Add_Oil.vhd:255]
INFO: [Synth 8-6054] Found Dynamic range expression with variable size [/home/osm/Documents/Sect/SECT-MAYO/MAYO/vivado/hw-mayo/hw-mayo.srcs/sources_1/imports/MAYO/src/hdl/MAYO_Signing/MAYO_Add_Oil.vhd:260]
INFO: [Synth 8-226] default block is never used [/home/osm/Documents/Sect/SECT-MAYO/MAYO/vivado/hw-mayo/hw-mayo.srcs/sources_1/imports/MAYO/src/hdl/MAYO_Signing/MAYO_Add_Oil.vhd:338]
INFO: [Synth 8-6054] Found Dynamic range expression with variable size [/home/osm/Documents/Sect/SECT-MAYO/MAYO/vivado/hw-mayo/hw-mayo.srcs/sources_1/imports/MAYO/src/hdl/MAYO_Signing/MAYO_Add_Oil.vhd:390]
INFO: [Synth 8-6054] Found Dynamic range expression with variable size [/home/osm/Documents/Sect/SECT-MAYO/MAYO/vivado/hw-mayo/hw-mayo.srcs/sources_1/imports/MAYO/src/hdl/MAYO_Signing/MAYO_Add_Oil.vhd:391]
INFO: [Synth 8-226] default block is never used [/home/osm/Documents/Sect/SECT-MAYO/MAYO/vivado/hw-mayo/hw-mayo.srcs/sources_1/imports/MAYO/src/hdl/MAYO_Signing/MAYO_Add_Oil.vhd:462]
INFO: [Synth 8-256] done synthesizing module 'mayo_add_oil' (1#1) [/home/osm/Documents/Sect/SECT-MAYO/MAYO/vivado/hw-mayo/hw-mayo.srcs/sources_1/imports/MAYO/src/hdl/MAYO_Signing/MAYO_Add_Oil.vhd:66]
INFO: [Synth 8-256] done synthesizing module 'Mayo_sign_with_zynq_mayo_add_oil_0_1' (2#1) [/home/osm/Documents/Sect/SECT-MAYO/MAYO/vivado/hw-mayo/hw-mayo.gen/sources_1/bd/Mayo_sign_with_zynq/ip/Mayo_sign_with_zynq_mayo_add_oil_0_1/synth/Mayo_sign_with_zynq_mayo_add_oil_0_1.vhd:86]
---------------------------------------------------------------------------------
Finished RTL Elaboration : Time (s): cpu = 00:00:05 ; elapsed = 00:00:11 . Memory (MB): peak = 2367.832 ; gain = 0.000 ; free physical = 3214 ; free virtual = 8517
---------------------------------------------------------------------------------
---------------------------------------------------------------------------------
Start Handling Custom Attributes
---------------------------------------------------------------------------------
---------------------------------------------------------------------------------
Finished Handling Custom Attributes : Time (s): cpu = 00:00:06 ; elapsed = 00:00:12 . Memory (MB): peak = 2367.832 ; gain = 0.000 ; free physical = 6653 ; free virtual = 11964
---------------------------------------------------------------------------------
---------------------------------------------------------------------------------
Finished RTL Optimization Phase 1 : Time (s): cpu = 00:00:06 ; elapsed = 00:00:12 . Memory (MB): peak = 2367.832 ; gain = 0.000 ; free physical = 6652 ; free virtual = 11963
---------------------------------------------------------------------------------
Netlist sorting complete. Time (s): cpu = 00:00:00.03 ; elapsed = 00:00:00.02 . Memory (MB): peak = 2367.832 ; gain = 0.000 ; free physical = 7294 ; free virtual = 12605
INFO: [Project 1-570] Preparing netlist for logic optimization

Processing XDC Constraints
Initializing timing engine
Completed Processing XDC Constraints

Netlist sorting complete. Time (s): cpu = 00:00:00 ; elapsed = 00:00:00 . Memory (MB): peak = 2468.699 ; gain = 0.000 ; free physical = 8242 ; free virtual = 13563
INFO: [Project 1-111] Unisim Transformation Summary:
No Unisim elements were transformed.

Constraint Validation Runtime : Time (s): cpu = 00:00:00.03 ; elapsed = 00:00:00.06 . Memory (MB): peak = 2468.699 ; gain = 0.000 ; free physical = 8219 ; free virtual = 13545
---------------------------------------------------------------------------------
Finished Constraint Validation : Time (s): cpu = 00:00:12 ; elapsed = 00:00:21 . Memory (MB): peak = 2468.699 ; gain = 100.867 ; free physical = 8113 ; free virtual = 13437
---------------------------------------------------------------------------------
---------------------------------------------------------------------------------
Start Loading Part and Timing Information
---------------------------------------------------------------------------------
Loading part: xc7z020clg484-1
---------------------------------------------------------------------------------
Finished Loading Part and Timing Information : Time (s): cpu = 00:00:12 ; elapsed = 00:00:21 . Memory (MB): peak = 2468.699 ; gain = 100.867 ; free physical = 8111 ; free virtual = 13436
---------------------------------------------------------------------------------
---------------------------------------------------------------------------------
Start Applying 'set_property' XDC Constraints
---------------------------------------------------------------------------------
---------------------------------------------------------------------------------
Finished applying 'set_property' XDC Constraints : Time (s): cpu = 00:00:12 ; elapsed = 00:00:21 . Memory (MB): peak = 2468.699 ; gain = 100.867 ; free physical = 8111 ; free virtual = 13434
---------------------------------------------------------------------------------
---------------------------------------------------------------------------------
Finished RTL Optimization Phase 2 : Time (s): cpu = 00:00:14 ; elapsed = 00:00:23 . Memory (MB): peak = 2468.699 ; gain = 100.867 ; free physical = 8248 ; free virtual = 13611
---------------------------------------------------------------------------------
---------------------------------------------------------------------------------
Start RTL Component Statistics 
---------------------------------------------------------------------------------
Detailed RTL Component Info : 
+---Adders : 
	   3 Input   32 Bit       Adders := 4     
	   2 Input   32 Bit       Adders := 3     
	   2 Input   16 Bit       Adders := 1     
	   2 Input    6 Bit       Adders := 1     
	   2 Input    4 Bit       Adders := 1     
	   2 Input    3 Bit       Adders := 7     
+---Registers : 
	               48 Bit    Registers := 1     
	               32 Bit    Registers := 7     
	               16 Bit    Registers := 2     
	                6 Bit    Registers := 5     
	                4 Bit    Registers := 7     
	                3 Bit    Registers := 1     
	                2 Bit    Registers := 2     
	                1 Bit    Registers := 8     
+---Muxes : 
	  36 Input   48 Bit        Muxes := 2     
	   2 Input   48 Bit        Muxes := 2     
	   2 Input   32 Bit        Muxes := 5     
	  36 Input   32 Bit        Muxes := 1     
	   4 Input   32 Bit        Muxes := 1     
	  36 Input   16 Bit        Muxes := 2     
	   4 Input    8 Bit        Muxes := 2     
	   2 Input    6 Bit        Muxes := 1     
	  36 Input    6 Bit        Muxes := 1     
	   2 Input    5 Bit        Muxes := 2     
	   2 Input    4 Bit        Muxes := 1     
	   4 Input    4 Bit        Muxes := 3     
	   2 Input    3 Bit        Muxes := 1     
	  36 Input    2 Bit        Muxes := 3     
	  36 Input    1 Bit        Muxes := 20    
	   4 Input    1 Bit        Muxes := 1     
	   3 Input    1 Bit        Muxes := 1     
---------------------------------------------------------------------------------
Finished RTL Component Statistics 
---------------------------------------------------------------------------------
---------------------------------------------------------------------------------
Start Part Resource Summary
---------------------------------------------------------------------------------
Part Resources:
DSPs: 220 (col length:60)
BRAMs: 280 (col length: RAMB18 60 RAMB36 30)
---------------------------------------------------------------------------------
Finished Part Resource Summary
---------------------------------------------------------------------------------
---------------------------------------------------------------------------------
Start Cross Boundary and Area Optimization
---------------------------------------------------------------------------------
---------------------------------------------------------------------------------
Finished Cross Boundary and Area Optimization : Time (s): cpu = 00:00:31 ; elapsed = 00:00:41 . Memory (MB): peak = 2468.699 ; gain = 100.867 ; free physical = 13531 ; free virtual = 18946
---------------------------------------------------------------------------------
---------------------------------------------------------------------------------
Start ROM, RAM, DSP, Shift Register and Retiming Reporting
---------------------------------------------------------------------------------

ROM: Preliminary Mapping	Report
+-------------+-------------------+---------------+----------------+
|Module Name  | RTL Object        | Depth x Width | Implemented As | 
+-------------+-------------------+---------------+----------------+
|mayo_add_oil | bram0a[o][o_addr] | 64x1          | LUT            | 
|mayo_add_oil | bram0a[o][o_en]   | 64x1          | LUT            | 
|mayo_add_oil | bram0b[o][o_en]   | 64x1          | LUT            | 
|mayo_add_oil | bram0a[o][o_addr] | 64x1          | LUT            | 
|mayo_add_oil | bram0a[o][o_en]   | 64x1          | LUT            | 
|mayo_add_oil | bram0b[o][o_en]   | 64x1          | LUT            | 
+-------------+-------------------+---------------+----------------+

---------------------------------------------------------------------------------
Finished ROM, RAM, DSP, Shift Register and Retiming Reporting
---------------------------------------------------------------------------------
---------------------------------------------------------------------------------
Start Applying XDC Timing Constraints
---------------------------------------------------------------------------------
---------------------------------------------------------------------------------
Finished Applying XDC Timing Constraints : Time (s): cpu = 00:00:37 ; elapsed = 00:00:49 . Memory (MB): peak = 2468.699 ; gain = 100.867 ; free physical = 18978 ; free virtual = 24394
---------------------------------------------------------------------------------
---------------------------------------------------------------------------------
Start Timing Optimization
---------------------------------------------------------------------------------
---------------------------------------------------------------------------------
Finished Timing Optimization : Time (s): cpu = 00:00:37 ; elapsed = 00:00:49 . Memory (MB): peak = 2468.699 ; gain = 100.867 ; free physical = 18998 ; free virtual = 24414
---------------------------------------------------------------------------------
---------------------------------------------------------------------------------
Start Technology Mapping
---------------------------------------------------------------------------------
---------------------------------------------------------------------------------
Finished Technology Mapping : Time (s): cpu = 00:00:38 ; elapsed = 00:00:50 . Memory (MB): peak = 2468.699 ; gain = 100.867 ; free physical = 18932 ; free virtual = 24348
---------------------------------------------------------------------------------
---------------------------------------------------------------------------------
Start IO Insertion
---------------------------------------------------------------------------------
---------------------------------------------------------------------------------
Start Flattening Before IO Insertion
---------------------------------------------------------------------------------
---------------------------------------------------------------------------------
Finished Flattening Before IO Insertion
---------------------------------------------------------------------------------
---------------------------------------------------------------------------------
Start Final Netlist Cleanup
---------------------------------------------------------------------------------
---------------------------------------------------------------------------------
Finished Final Netlist Cleanup
---------------------------------------------------------------------------------
---------------------------------------------------------------------------------
Finished IO Insertion : Time (s): cpu = 00:00:41 ; elapsed = 00:00:55 . Memory (MB): peak = 2468.699 ; gain = 100.867 ; free physical = 16770 ; free virtual = 22193
---------------------------------------------------------------------------------
---------------------------------------------------------------------------------
Start Renaming Generated Instances
---------------------------------------------------------------------------------
---------------------------------------------------------------------------------
Finished Renaming Generated Instances : Time (s): cpu = 00:00:41 ; elapsed = 00:00:56 . Memory (MB): peak = 2468.699 ; gain = 100.867 ; free physical = 16863 ; free virtual = 22285
---------------------------------------------------------------------------------
---------------------------------------------------------------------------------
Start Rebuilding User Hierarchy
---------------------------------------------------------------------------------
---------------------------------------------------------------------------------
Finished Rebuilding User Hierarchy : Time (s): cpu = 00:00:41 ; elapsed = 00:00:56 . Memory (MB): peak = 2468.699 ; gain = 100.867 ; free physical = 17080 ; free virtual = 22502
---------------------------------------------------------------------------------
---------------------------------------------------------------------------------
Start Renaming Generated Ports
---------------------------------------------------------------------------------
---------------------------------------------------------------------------------
Finished Renaming Generated Ports : Time (s): cpu = 00:00:41 ; elapsed = 00:00:56 . Memory (MB): peak = 2468.699 ; gain = 100.867 ; free physical = 17063 ; free virtual = 22485
---------------------------------------------------------------------------------
---------------------------------------------------------------------------------
Start Handling Custom Attributes
---------------------------------------------------------------------------------
---------------------------------------------------------------------------------
Finished Handling Custom Attributes : Time (s): cpu = 00:00:41 ; elapsed = 00:00:56 . Memory (MB): peak = 2468.699 ; gain = 100.867 ; free physical = 16959 ; free virtual = 22382
---------------------------------------------------------------------------------
---------------------------------------------------------------------------------
Start Renaming Generated Nets
---------------------------------------------------------------------------------
---------------------------------------------------------------------------------
Finished Renaming Generated Nets : Time (s): cpu = 00:00:41 ; elapsed = 00:00:56 . Memory (MB): peak = 2468.699 ; gain = 100.867 ; free physical = 16871 ; free virtual = 22293
---------------------------------------------------------------------------------
---------------------------------------------------------------------------------
Start Writing Synthesis Report
---------------------------------------------------------------------------------

Report BlackBoxes: 
+-+--------------+----------+
| |BlackBox name |Instances |
+-+--------------+----------+
+-+--------------+----------+

Report Cell Usage: 
+------+-------+------+
|      |Cell   |Count |
+------+-------+------+
|1     |CARRY4 |    87|
|2     |LUT1   |    12|
|3     |LUT2   |   193|
|4     |LUT3   |   182|
|5     |LUT4   |   196|
|6     |LUT5   |   128|
|7     |LUT6   |   331|
|8     |MUXF7  |     1|
|9     |FDRE   |   239|
+------+-------+------+
---------------------------------------------------------------------------------
Finished Writing Synthesis Report : Time (s): cpu = 00:00:41 ; elapsed = 00:00:56 . Memory (MB): peak = 2468.699 ; gain = 100.867 ; free physical = 16845 ; free virtual = 22267
---------------------------------------------------------------------------------
Synthesis finished with 0 errors, 0 critical warnings and 0 warnings.
Synthesis Optimization Runtime : Time (s): cpu = 00:00:39 ; elapsed = 00:00:53 . Memory (MB): peak = 2468.699 ; gain = 0.000 ; free physical = 16487 ; free virtual = 21909
Synthesis Optimization Complete : Time (s): cpu = 00:00:41 ; elapsed = 00:00:56 . Memory (MB): peak = 2468.699 ; gain = 100.867 ; free physical = 16480 ; free virtual = 21902
INFO: [Project 1-571] Translating synthesized netlist
Netlist sorting complete. Time (s): cpu = 00:00:00.01 ; elapsed = 00:00:00.02 . Memory (MB): peak = 2468.699 ; gain = 0.000 ; free physical = 16226 ; free virtual = 21649
INFO: [Netlist 29-17] Analyzing 88 Unisim elements for replacement
INFO: [Netlist 29-28] Unisim Transformation completed in 0 CPU seconds
WARNING: [Netlist 29-101] Netlist 'Mayo_sign_with_zynq_mayo_add_oil_0_1' is not ideal for floorplanning, since the cellview 'mayo_add_oil' contains a large number of primitives.  Please consider enabling hierarchy in synthesis if you want to do floorplanning.
INFO: [Project 1-570] Preparing netlist for logic optimization
INFO: [Opt 31-138] Pushed 0 inverter(s) to 0 load pin(s).
Netlist sorting complete. Time (s): cpu = 00:00:00 ; elapsed = 00:00:00 . Memory (MB): peak = 2468.699 ; gain = 0.000 ; free physical = 14688 ; free virtual = 20110
INFO: [Project 1-111] Unisim Transformation Summary:
No Unisim elements were transformed.

INFO: [Common 17-83] Releasing license: Synthesis
32 Infos, 1 Warnings, 0 Critical Warnings and 0 Errors encountered.
synth_design completed successfully
synth_design: Time (s): cpu = 00:00:51 ; elapsed = 00:01:04 . Memory (MB): peak = 2468.699 ; gain = 100.867 ; free physical = 14554 ; free virtual = 19977
INFO: [Common 17-1381] The checkpoint '/home/osm/Documents/Sect/SECT-MAYO/MAYO/vivado/hw-mayo/hw-mayo.runs/Mayo_sign_with_zynq_mayo_add_oil_0_1_synth_1/Mayo_sign_with_zynq_mayo_add_oil_0_1.dcp' has been generated.
INFO: [Common 17-1381] The checkpoint '/home/osm/Documents/Sect/SECT-MAYO/MAYO/vivado/hw-mayo/hw-mayo.runs/Mayo_sign_with_zynq_mayo_add_oil_0_1_synth_1/Mayo_sign_with_zynq_mayo_add_oil_0_1.dcp' has been generated.
INFO: [runtcl-4] Executing : report_utilization -file Mayo_sign_with_zynq_mayo_add_oil_0_1_utilization_synth.rpt -pb Mayo_sign_with_zynq_mayo_add_oil_0_1_utilization_synth.pb
INFO: [Common 17-206] Exiting Vivado at Sat Dec  9 16:22:46 2023...
