
*** Running vivado
    with args -log Mayo_keygen_MAYO_SHAKE_1_0.vds -m64 -product Vivado -mode batch -messageDb vivado.pb -notrace -source Mayo_keygen_MAYO_SHAKE_1_0.tcl


****** Vivado v2020.2 (64-bit)
  **** SW Build 3064766 on Wed Nov 18 09:12:47 MST 2020
  **** IP Build 3064653 on Wed Nov 18 14:17:31 MST 2020
    ** Copyright 1986-2020 Xilinx, Inc. All Rights Reserved.

source Mayo_keygen_MAYO_SHAKE_1_0.tcl -notrace
INFO: [IP_Flow 19-234] Refreshing IP repositories
INFO: [IP_Flow 19-1700] Loaded user IP repository '/home/osm/Documents/SECT-MAYO/MAYO/vivado/TRNG_project/TRNG_project.srcs'.
INFO: [IP_Flow 19-1700] Loaded user IP repository '/home/osm/Documents/SECT-MAYO/MAYO/vivado/ip_repo/shake128'.
INFO: [IP_Flow 19-2313] Loaded Vivado IP repository '/tools/Xilinx/Vivado/2020.2/data/ip'.
Command: synth_design -top Mayo_keygen_MAYO_SHAKE_1_0 -part xc7z020clg484-1 -mode out_of_context
Starting synth_design
Attempting to get a license for feature 'Synthesis' and/or device 'xc7z020'
INFO: [Common 17-349] Got license for feature 'Synthesis' and/or device 'xc7z020'
INFO: [Device 21-403] Loading part xc7z020clg484-1
INFO: [Synth 8-7079] Multithreading enabled for synth_design using a maximum of 4 processes.
INFO: [Synth 8-7078] Launching helper process for spawning children vivado processes
INFO: [Synth 8-7075] Helper process launched with PID 85817
---------------------------------------------------------------------------------
Starting RTL Elaboration : Time (s): cpu = 00:00:06 ; elapsed = 00:00:11 . Memory (MB): peak = 2368.328 ; gain = 0.000 ; free physical = 3018 ; free virtual = 10464
---------------------------------------------------------------------------------
INFO: [Synth 8-6157] synthesizing module 'Mayo_keygen_MAYO_SHAKE_1_0' [/home/osm/Documents/SECT-MAYO/MAYO/vivado/MAYO_KeyGen_v2/MAYO_KeyGen_v2.gen/sources_1/bd/Mayo_keygen/ip/Mayo_keygen_MAYO_SHAKE_1_0/synth/Mayo_keygen_MAYO_SHAKE_1_0.v:57]
INFO: [Synth 8-6157] synthesizing module 'MAYO_SHAKE' [/home/osm/Documents/SECT-MAYO/MAYO/vivado/MAYO_KeyGen_v2/MAYO_KeyGen_v2.gen/sources_1/bd/Mayo_keygen/ipshared/1929/src/MAYO_SHAKE.v:3]
	Parameter C_BRAMSIZE bound to: 31 - type: integer 
	Parameter C_WRITE_DESC_SIZE bound to: 200 - type: integer 
	Parameter C_READ_DESC_SIZE bound to: 32 - type: integer 
INFO: [Synth 8-251] SHAKE: Start Block Fetch [/home/osm/Documents/SECT-MAYO/MAYO/vivado/MAYO_KeyGen_v2/MAYO_KeyGen_v2.gen/sources_1/bd/Mayo_keygen/ipshared/1929/src/MAYO_SHAKE.v:157]
INFO: [Synth 8-251] SHAKE : Read 0xxxxxxxxx from 0xxxxxxxxx! [/home/osm/Documents/SECT-MAYO/MAYO/vivado/MAYO_KeyGen_v2/MAYO_KeyGen_v2.gen/sources_1/bd/Mayo_keygen/ipshared/1929/src/MAYO_SHAKE.v:177]
INFO: [Synth 8-251] SHAKE : read_desc_adr :  x, c0 : x [/home/osm/Documents/SECT-MAYO/MAYO/vivado/MAYO_KeyGen_v2/MAYO_KeyGen_v2.gen/sources_1/bd/Mayo_keygen/ipshared/1929/src/MAYO_SHAKE.v:178]
INFO: [Synth 8-251] SHAKE: Write Done [/home/osm/Documents/SECT-MAYO/MAYO/vivado/MAYO_KeyGen_v2/MAYO_KeyGen_v2.gen/sources_1/bd/Mayo_keygen/ipshared/1929/src/MAYO_SHAKE.v:278]
INFO: [Synth 8-251] SHAKE: done! [/home/osm/Documents/SECT-MAYO/MAYO/vivado/MAYO_KeyGen_v2/MAYO_KeyGen_v2.gen/sources_1/bd/Mayo_keygen/ipshared/1929/src/MAYO_SHAKE.v:358]
INFO: [Synth 8-251] SHAKE: disable [/home/osm/Documents/SECT-MAYO/MAYO/vivado/MAYO_KeyGen_v2/MAYO_KeyGen_v2.gen/sources_1/bd/Mayo_keygen/ipshared/1929/src/MAYO_SHAKE.v:368]
INFO: [Synth 8-251] SHAKE: enabled : x  [/home/osm/Documents/SECT-MAYO/MAYO/vivado/MAYO_KeyGen_v2/MAYO_KeyGen_v2.gen/sources_1/bd/Mayo_keygen/ipshared/1929/src/MAYO_SHAKE.v:369]
INFO: [Synth 8-251] SHAKE: enabled extra: x  [/home/osm/Documents/SECT-MAYO/MAYO/vivado/MAYO_KeyGen_v2/MAYO_KeyGen_v2.gen/sources_1/bd/Mayo_keygen/ipshared/1929/src/MAYO_SHAKE.v:377]
INFO: [Synth 8-6157] synthesizing module 'SHA_SHAKE_wrapper' [/home/osm/Documents/SECT-MAYO/MAYO/vivado/MAYO_KeyGen_v2/MAYO_KeyGen_v2.gen/sources_1/bd/Mayo_keygen/ipshared/1929/src/SHA_SHAKE_wrapper.v:27]
INFO: [Synth 8-638] synthesizing module 'keccak' [/home/osm/Documents/SECT-MAYO/MAYO/vivado/MAYO_KeyGen_v2/MAYO_KeyGen_v2.gen/sources_1/bd/Mayo_keygen/ipshared/1929/src/keccak.vhd:39]
INFO: [Synth 8-3491] module 'keccak_round' declared at '/home/osm/Documents/SECT-MAYO/MAYO/vivado/MAYO_KeyGen_v2/MAYO_KeyGen_v2.gen/sources_1/bd/Mayo_keygen/ipshared/1929/src/keccak_round.vhd:21' bound to instance 'round_map' of component 'keccak_round' [/home/osm/Documents/SECT-MAYO/MAYO/vivado/MAYO_KeyGen_v2/MAYO_KeyGen_v2.gen/sources_1/bd/Mayo_keygen/ipshared/1929/src/keccak.vhd:100]
INFO: [Synth 8-638] synthesizing module 'keccak_round' [/home/osm/Documents/SECT-MAYO/MAYO/vivado/MAYO_KeyGen_v2/MAYO_KeyGen_v2.gen/sources_1/bd/Mayo_keygen/ipshared/1929/src/keccak_round.vhd:31]
INFO: [Synth 8-256] done synthesizing module 'keccak_round' (1#1) [/home/osm/Documents/SECT-MAYO/MAYO/vivado/MAYO_KeyGen_v2/MAYO_KeyGen_v2.gen/sources_1/bd/Mayo_keygen/ipshared/1929/src/keccak_round.vhd:31]
INFO: [Synth 8-3491] module 'keccak_round_constants_gen' declared at '/home/osm/Documents/SECT-MAYO/MAYO/vivado/MAYO_KeyGen_v2/MAYO_KeyGen_v2.gen/sources_1/bd/Mayo_keygen/ipshared/1929/src/keccak_round_constants_gen.vhd:20' bound to instance 'round_constants_gen' of component 'keccak_round_constants_gen' [/home/osm/Documents/SECT-MAYO/MAYO/vivado/MAYO_KeyGen_v2/MAYO_KeyGen_v2.gen/sources_1/bd/Mayo_keygen/ipshared/1929/src/keccak.vhd:101]
INFO: [Synth 8-638] synthesizing module 'keccak_round_constants_gen' [/home/osm/Documents/SECT-MAYO/MAYO/vivado/MAYO_KeyGen_v2/MAYO_KeyGen_v2.gen/sources_1/bd/Mayo_keygen/ipshared/1929/src/keccak_round_constants_gen.vhd:28]
INFO: [Synth 8-256] done synthesizing module 'keccak_round_constants_gen' (2#1) [/home/osm/Documents/SECT-MAYO/MAYO/vivado/MAYO_KeyGen_v2/MAYO_KeyGen_v2.gen/sources_1/bd/Mayo_keygen/ipshared/1929/src/keccak_round_constants_gen.vhd:28]
INFO: [Synth 8-3491] module 'keccak_buffer' declared at '/home/osm/Documents/SECT-MAYO/MAYO/vivado/MAYO_KeyGen_v2/MAYO_KeyGen_v2.gen/sources_1/bd/Mayo_keygen/ipshared/1929/src/keccak_buffer.vhd:19' bound to instance 'buffer_in' of component 'keccak_buffer' [/home/osm/Documents/SECT-MAYO/MAYO/vivado/MAYO_KeyGen_v2/MAYO_KeyGen_v2.gen/sources_1/bd/Mayo_keygen/ipshared/1929/src/keccak.vhd:102]
INFO: [Synth 8-638] synthesizing module 'keccak_buffer' [/home/osm/Documents/SECT-MAYO/MAYO/vivado/MAYO_KeyGen_v2/MAYO_KeyGen_v2.gen/sources_1/bd/Mayo_keygen/ipshared/1929/src/keccak_buffer.vhd:37]
INFO: [Synth 8-256] done synthesizing module 'keccak_buffer' (3#1) [/home/osm/Documents/SECT-MAYO/MAYO/vivado/MAYO_KeyGen_v2/MAYO_KeyGen_v2.gen/sources_1/bd/Mayo_keygen/ipshared/1929/src/keccak_buffer.vhd:37]
INFO: [Synth 8-256] done synthesizing module 'keccak' (4#1) [/home/osm/Documents/SECT-MAYO/MAYO/vivado/MAYO_KeyGen_v2/MAYO_KeyGen_v2.gen/sources_1/bd/Mayo_keygen/ipshared/1929/src/keccak.vhd:39]
INFO: [Synth 8-6155] done synthesizing module 'SHA_SHAKE_wrapper' (5#1) [/home/osm/Documents/SECT-MAYO/MAYO/vivado/MAYO_KeyGen_v2/MAYO_KeyGen_v2.gen/sources_1/bd/Mayo_keygen/ipshared/1929/src/SHA_SHAKE_wrapper.v:27]
INFO: [Synth 8-6155] done synthesizing module 'MAYO_SHAKE' (6#1) [/home/osm/Documents/SECT-MAYO/MAYO/vivado/MAYO_KeyGen_v2/MAYO_KeyGen_v2.gen/sources_1/bd/Mayo_keygen/ipshared/1929/src/MAYO_SHAKE.v:3]
INFO: [Synth 8-6155] done synthesizing module 'Mayo_keygen_MAYO_SHAKE_1_0' (7#1) [/home/osm/Documents/SECT-MAYO/MAYO/vivado/MAYO_KeyGen_v2/MAYO_KeyGen_v2.gen/sources_1/bd/Mayo_keygen/ip/Mayo_keygen_MAYO_SHAKE_1_0/synth/Mayo_keygen_MAYO_SHAKE_1_0.v:57]
---------------------------------------------------------------------------------
Finished RTL Elaboration : Time (s): cpu = 00:00:19 ; elapsed = 00:00:28 . Memory (MB): peak = 2368.328 ; gain = 0.000 ; free physical = 9762 ; free virtual = 17211
---------------------------------------------------------------------------------
---------------------------------------------------------------------------------
Start Handling Custom Attributes
---------------------------------------------------------------------------------
---------------------------------------------------------------------------------
Finished Handling Custom Attributes : Time (s): cpu = 00:00:27 ; elapsed = 00:00:38 . Memory (MB): peak = 2368.328 ; gain = 0.000 ; free physical = 9258 ; free virtual = 16725
---------------------------------------------------------------------------------
---------------------------------------------------------------------------------
Finished RTL Optimization Phase 1 : Time (s): cpu = 00:00:27 ; elapsed = 00:00:38 . Memory (MB): peak = 2368.328 ; gain = 0.000 ; free physical = 9258 ; free virtual = 16725
---------------------------------------------------------------------------------
Netlist sorting complete. Time (s): cpu = 00:00:00.40 ; elapsed = 00:00:00.40 . Memory (MB): peak = 2368.328 ; gain = 0.000 ; free physical = 9005 ; free virtual = 16475
INFO: [Project 1-570] Preparing netlist for logic optimization

Processing XDC Constraints
Initializing timing engine
Completed Processing XDC Constraints

Netlist sorting complete. Time (s): cpu = 00:00:00 ; elapsed = 00:00:00.01 . Memory (MB): peak = 2489.172 ; gain = 0.000 ; free physical = 8615 ; free virtual = 16056
INFO: [Project 1-111] Unisim Transformation Summary:
No Unisim elements were transformed.

Constraint Validation Runtime : Time (s): cpu = 00:00:00.99 ; elapsed = 00:00:00.56 . Memory (MB): peak = 2498.078 ; gain = 8.906 ; free physical = 8665 ; free virtual = 16106
---------------------------------------------------------------------------------
Finished Constraint Validation : Time (s): cpu = 00:00:43 ; elapsed = 00:00:55 . Memory (MB): peak = 2498.078 ; gain = 129.750 ; free physical = 13473 ; free virtual = 20908
---------------------------------------------------------------------------------
INFO: [Synth 8-802] inferred FSM for state register 'state_reg' in module 'SHA_SHAKE_wrapper'
---------------------------------------------------------------------------------------------------
                   State |                     New Encoding |                Previous Encoding 
---------------------------------------------------------------------------------------------------
                  iSTATE |                     000000000001 |                            00000
                 iSTATE9 |                     000000000010 |                            01010
                iSTATE10 |                     000000000100 |                            00001
                 iSTATE7 |                     000000001000 |                            00010
                 iSTATE6 |                     000000010000 |                            00011
                 iSTATE3 |                     000000100000 |                            00110
                 iSTATE1 |                     000001000000 |                            00111
                 iSTATE4 |                     000010000000 |                            01111
                 iSTATE5 |                     000100000000 |                            01110
                 iSTATE2 |                     001000000000 |                            01000
                 iSTATE0 |                     010000000000 |                            01001
                 iSTATE8 |                     100000000000 |                            01101
---------------------------------------------------------------------------------------------------
INFO: [Synth 8-3354] encoded FSM with state register 'state_reg' using encoding 'one-hot' in module 'SHA_SHAKE_wrapper'
---------------------------------------------------------------------------------
Finished RTL Optimization Phase 2 : Time (s): cpu = 00:01:01 ; elapsed = 00:01:14 . Memory (MB): peak = 2498.078 ; gain = 129.750 ; free physical = 17058 ; free virtual = 24480
---------------------------------------------------------------------------------
---------------------------------------------------------------------------------
Start RTL Component Statistics 
---------------------------------------------------------------------------------
Detailed RTL Component Info : 
+---Adders : 
	   2 Input   32 Bit       Adders := 2     
	   2 Input    9 Bit       Adders := 2     
	   2 Input    8 Bit       Adders := 1     
	   2 Input    6 Bit       Adders := 2     
	   2 Input    5 Bit       Adders := 3     
+---XORs : 
	   5 Input      1 Bit         XORs := 320   
	   3 Input      1 Bit         XORs := 1600  
	   2 Input      1 Bit         XORs := 4096  
+---Registers : 
	             1344 Bit    Registers := 1     
	               64 Bit    Registers := 257   
	               32 Bit    Registers := 8     
	                9 Bit    Registers := 2     
	                8 Bit    Registers := 1     
	                6 Bit    Registers := 2     
	                5 Bit    Registers := 3     
	                4 Bit    Registers := 1     
	                1 Bit    Registers := 16    
+---Muxes : 
	   2 Input 1344 Bit        Muxes := 6     
	   2 Input   64 Bit        Muxes := 82    
	   8 Input   64 Bit        Muxes := 32    
	   2 Input   32 Bit        Muxes := 6     
	   8 Input   32 Bit        Muxes := 1     
	  10 Input   32 Bit        Muxes := 1     
	  12 Input   12 Bit        Muxes := 1     
	   2 Input   12 Bit        Muxes := 8     
	   2 Input    9 Bit        Muxes := 3     
	   8 Input    9 Bit        Muxes := 1     
	   2 Input    8 Bit        Muxes := 23    
	   2 Input    6 Bit        Muxes := 4     
	   8 Input    6 Bit        Muxes := 1     
	   2 Input    5 Bit        Muxes := 9     
	   2 Input    4 Bit        Muxes := 4     
	   8 Input    4 Bit        Muxes := 1     
	   2 Input    3 Bit        Muxes := 2     
	   3 Input    3 Bit        Muxes := 1     
	   2 Input    2 Bit        Muxes := 2     
	   3 Input    2 Bit        Muxes := 2     
	   2 Input    1 Bit        Muxes := 257   
	   8 Input    1 Bit        Muxes := 15    
	  10 Input    1 Bit        Muxes := 8     
	  12 Input    1 Bit        Muxes := 5     
---------------------------------------------------------------------------------
Finished RTL Component Statistics 
---------------------------------------------------------------------------------
---------------------------------------------------------------------------------
Start Part Resource Summary
---------------------------------------------------------------------------------
Part Resources:
DSPs: 220 (col length:60)
BRAMs: 280 (col length: RAMB18 60 RAMB36 30)
---------------------------------------------------------------------------------
Finished Part Resource Summary
---------------------------------------------------------------------------------
---------------------------------------------------------------------------------
Start Cross Boundary and Area Optimization
---------------------------------------------------------------------------------
---------------------------------------------------------------------------------
Finished Cross Boundary and Area Optimization : Time (s): cpu = 00:01:41 ; elapsed = 00:02:01 . Memory (MB): peak = 2582.469 ; gain = 214.141 ; free physical = 15696 ; free virtual = 23166
---------------------------------------------------------------------------------
---------------------------------------------------------------------------------
Start Applying XDC Timing Constraints
---------------------------------------------------------------------------------
---------------------------------------------------------------------------------
Finished Applying XDC Timing Constraints : Time (s): cpu = 00:01:46 ; elapsed = 00:02:07 . Memory (MB): peak = 2582.469 ; gain = 214.141 ; free physical = 15375 ; free virtual = 22929
---------------------------------------------------------------------------------
---------------------------------------------------------------------------------
Start Timing Optimization
---------------------------------------------------------------------------------
---------------------------------------------------------------------------------
Finished Timing Optimization : Time (s): cpu = 00:01:46 ; elapsed = 00:02:07 . Memory (MB): peak = 2582.469 ; gain = 214.141 ; free physical = 15375 ; free virtual = 22929
---------------------------------------------------------------------------------
---------------------------------------------------------------------------------
Start Technology Mapping
---------------------------------------------------------------------------------
---------------------------------------------------------------------------------
Finished Technology Mapping : Time (s): cpu = 00:01:53 ; elapsed = 00:02:14 . Memory (MB): peak = 2686.750 ; gain = 318.422 ; free physical = 15443 ; free virtual = 22994
---------------------------------------------------------------------------------
---------------------------------------------------------------------------------
Start IO Insertion
---------------------------------------------------------------------------------
---------------------------------------------------------------------------------
Start Flattening Before IO Insertion
---------------------------------------------------------------------------------
---------------------------------------------------------------------------------
Finished Flattening Before IO Insertion
---------------------------------------------------------------------------------
---------------------------------------------------------------------------------
Start Final Netlist Cleanup
---------------------------------------------------------------------------------
---------------------------------------------------------------------------------
Finished Final Netlist Cleanup
---------------------------------------------------------------------------------
---------------------------------------------------------------------------------
Finished IO Insertion : Time (s): cpu = 00:01:57 ; elapsed = 00:02:18 . Memory (MB): peak = 2686.750 ; gain = 318.422 ; free physical = 15460 ; free virtual = 22995
---------------------------------------------------------------------------------
---------------------------------------------------------------------------------
Start Renaming Generated Instances
---------------------------------------------------------------------------------
---------------------------------------------------------------------------------
Finished Renaming Generated Instances : Time (s): cpu = 00:01:58 ; elapsed = 00:02:18 . Memory (MB): peak = 2686.750 ; gain = 318.422 ; free physical = 15460 ; free virtual = 22995
---------------------------------------------------------------------------------
---------------------------------------------------------------------------------
Start Rebuilding User Hierarchy
---------------------------------------------------------------------------------
---------------------------------------------------------------------------------
Finished Rebuilding User Hierarchy : Time (s): cpu = 00:01:59 ; elapsed = 00:02:19 . Memory (MB): peak = 2686.750 ; gain = 318.422 ; free physical = 15434 ; free virtual = 22993
---------------------------------------------------------------------------------
---------------------------------------------------------------------------------
Start Renaming Generated Ports
---------------------------------------------------------------------------------
---------------------------------------------------------------------------------
Finished Renaming Generated Ports : Time (s): cpu = 00:01:59 ; elapsed = 00:02:19 . Memory (MB): peak = 2686.750 ; gain = 318.422 ; free physical = 15434 ; free virtual = 22995
---------------------------------------------------------------------------------
---------------------------------------------------------------------------------
Start Handling Custom Attributes
---------------------------------------------------------------------------------
---------------------------------------------------------------------------------
Finished Handling Custom Attributes : Time (s): cpu = 00:01:59 ; elapsed = 00:02:20 . Memory (MB): peak = 2686.750 ; gain = 318.422 ; free physical = 15425 ; free virtual = 22991
---------------------------------------------------------------------------------
---------------------------------------------------------------------------------
Start Renaming Generated Nets
---------------------------------------------------------------------------------
---------------------------------------------------------------------------------
Finished Renaming Generated Nets : Time (s): cpu = 00:01:59 ; elapsed = 00:02:20 . Memory (MB): peak = 2686.750 ; gain = 318.422 ; free physical = 15439 ; free virtual = 22994
---------------------------------------------------------------------------------
---------------------------------------------------------------------------------
Start Writing Synthesis Report
---------------------------------------------------------------------------------

Report BlackBoxes: 
+-+--------------+----------+
| |BlackBox name |Instances |
+-+--------------+----------+
+-+--------------+----------+

Report Cell Usage: 
+------+-------+------+
|      |Cell   |Count |
+------+-------+------+
|1     |CARRY4 |    58|
|2     |LUT1   |    40|
|3     |LUT2   |   155|
|4     |LUT3   |   212|
|5     |LUT4   |  2258|
|6     |LUT5   |  2526|
|7     |LUT6   |  6298|
|8     |MUXF7  |  1888|
|9     |MUXF8  |   832|
|10    |FDCE   |  3166|
|11    |FDPE   |     1|
|12    |FDRE   | 15372|
|13    |FDSE   |     3|
+------+-------+------+
---------------------------------------------------------------------------------
Finished Writing Synthesis Report : Time (s): cpu = 00:01:59 ; elapsed = 00:02:20 . Memory (MB): peak = 2686.750 ; gain = 318.422 ; free physical = 15437 ; free virtual = 22994
---------------------------------------------------------------------------------
Synthesis finished with 0 errors, 0 critical warnings and 0 warnings.
Synthesis Optimization Runtime : Time (s): cpu = 00:01:57 ; elapsed = 00:02:14 . Memory (MB): peak = 2690.660 ; gain = 192.582 ; free physical = 18376 ; free virtual = 25935
Synthesis Optimization Complete : Time (s): cpu = 00:02:07 ; elapsed = 00:02:23 . Memory (MB): peak = 2690.660 ; gain = 322.332 ; free physical = 18376 ; free virtual = 25935
INFO: [Project 1-571] Translating synthesized netlist
Netlist sorting complete. Time (s): cpu = 00:00:00.25 ; elapsed = 00:00:00.25 . Memory (MB): peak = 2690.660 ; gain = 0.000 ; free physical = 18370 ; free virtual = 25929
INFO: [Netlist 29-17] Analyzing 2778 Unisim elements for replacement
INFO: [Netlist 29-28] Unisim Transformation completed in 0 CPU seconds
INFO: [Project 1-570] Preparing netlist for logic optimization
INFO: [Opt 31-138] Pushed 0 inverter(s) to 0 load pin(s).
Netlist sorting complete. Time (s): cpu = 00:00:00 ; elapsed = 00:00:00 . Memory (MB): peak = 2726.770 ; gain = 0.000 ; free physical = 18322 ; free virtual = 25881
INFO: [Project 1-111] Unisim Transformation Summary:
No Unisim elements were transformed.

INFO: [Common 17-83] Releasing license: Synthesis
45 Infos, 0 Warnings, 0 Critical Warnings and 0 Errors encountered.
synth_design completed successfully
synth_design: Time (s): cpu = 00:02:17 ; elapsed = 00:02:33 . Memory (MB): peak = 2726.770 ; gain = 394.379 ; free physical = 18485 ; free virtual = 26044
INFO: [Common 17-1381] The checkpoint '/home/osm/Documents/SECT-MAYO/MAYO/vivado/MAYO_KeyGen_v2/MAYO_KeyGen_v2.runs/Mayo_keygen_MAYO_SHAKE_1_0_synth_1/Mayo_keygen_MAYO_SHAKE_1_0.dcp' has been generated.
WARNING: [Common 17-576] 'use_project_ipc' is deprecated. This option is deprecated and no longer used.
INFO: [Coretcl 2-1648] Added synthesis output to IP cache for IP Mayo_keygen_MAYO_SHAKE_1_0, cache-ID = 915a6bb955ac6d90
INFO: [Coretcl 2-1174] Renamed 5 cell refs.
INFO: [Common 17-1381] The checkpoint '/home/osm/Documents/SECT-MAYO/MAYO/vivado/MAYO_KeyGen_v2/MAYO_KeyGen_v2.runs/Mayo_keygen_MAYO_SHAKE_1_0_synth_1/Mayo_keygen_MAYO_SHAKE_1_0.dcp' has been generated.
INFO: [runtcl-4] Executing : report_utilization -file Mayo_keygen_MAYO_SHAKE_1_0_utilization_synth.rpt -pb Mayo_keygen_MAYO_SHAKE_1_0_utilization_synth.pb
INFO: [Common 17-206] Exiting Vivado at Mon Jan  2 00:07:38 2023...
