
*** Running vivado
    with args -log Mayo_keygen_no_zynq_BIG_BRAM512K_0.vds -m64 -product Vivado -mode batch -messageDb vivado.pb -notrace -source Mayo_keygen_no_zynq_BIG_BRAM512K_0.tcl


****** Vivado v2020.2 (64-bit)
  **** SW Build 3064766 on Wed Nov 18 09:12:47 MST 2020
  **** IP Build 3064653 on Wed Nov 18 14:17:31 MST 2020
    ** Copyright 1986-2020 Xilinx, Inc. All Rights Reserved.

source Mayo_keygen_no_zynq_BIG_BRAM512K_0.tcl -notrace
INFO: [IP_Flow 19-234] Refreshing IP repositories
INFO: [IP_Flow 19-1700] Loaded user IP repository '/home/osm/Documents/SECT-MAYO/MAYO/vivado/ip_repo/mayo_axi_litev3/mayo_axi_litev3_3'.
INFO: [IP_Flow 19-1700] Loaded user IP repository '/home/osm/Documents/SECT-MAYO/MAYO/vivado/ip_repo/mayo-axi/Mayo_axi_1.0'.
INFO: [IP_Flow 19-1700] Loaded user IP repository '/home/osm/Documents/SECT-MAYO/MAYO/vivado/TRNG_project/TRNG_project.srcs'.
INFO: [IP_Flow 19-1700] Loaded user IP repository '/home/osm/Documents/SECT-MAYO/MAYO/vivado/ip_repo/shake128'.
INFO: [IP_Flow 19-2313] Loaded Vivado IP repository '/tools/Xilinx/Vivado/2020.2/data/ip'.
Command: synth_design -top Mayo_keygen_no_zynq_BIG_BRAM512K_0 -part xc7z020clg484-1 -mode out_of_context
Starting synth_design
Attempting to get a license for feature 'Synthesis' and/or device 'xc7z020'
INFO: [Common 17-349] Got license for feature 'Synthesis' and/or device 'xc7z020'
INFO: [Device 21-403] Loading part xc7z020clg484-1
INFO: [Synth 8-7079] Multithreading enabled for synth_design using a maximum of 4 processes.
INFO: [Synth 8-7078] Launching helper process for spawning children vivado processes
INFO: [Synth 8-7075] Helper process launched with PID 479403
---------------------------------------------------------------------------------
Starting RTL Elaboration : Time (s): cpu = 00:00:11 ; elapsed = 00:00:27 . Memory (MB): peak = 2284.785 ; gain = 0.000 ; free physical = 8746 ; free virtual = 19150
---------------------------------------------------------------------------------
INFO: [Synth 8-638] synthesizing module 'Mayo_keygen_no_zynq_BIG_BRAM512K_0' [/home/osm/Documents/SECT-MAYO/MAYO/vivado/MAYO_KeyGen_v2/MAYO_KeyGen_v2.gen/sources_1/bd/Mayo_keygen_no_zynq/ip/Mayo_keygen_no_zynq_BIG_BRAM512K_0/synth/Mayo_keygen_no_zynq_BIG_BRAM512K_0.vhd:72]
	Parameter C_FAMILY bound to: zynq - type: string 
	Parameter C_XDEVICEFAMILY bound to: zynq - type: string 
	Parameter C_ELABORATION_DIR bound to: ./ - type: string 
	Parameter C_INTERFACE_TYPE bound to: 0 - type: integer 
	Parameter C_AXI_TYPE bound to: 1 - type: integer 
	Parameter C_AXI_SLAVE_TYPE bound to: 0 - type: integer 
	Parameter C_USE_BRAM_BLOCK bound to: 0 - type: integer 
	Parameter C_ENABLE_32BIT_ADDRESS bound to: 1 - type: integer 
	Parameter C_CTRL_ECC_ALGO bound to: NONE - type: string 
	Parameter C_HAS_AXI_ID bound to: 0 - type: integer 
	Parameter C_AXI_ID_WIDTH bound to: 4 - type: integer 
	Parameter C_MEM_TYPE bound to: 0 - type: integer 
	Parameter C_BYTE_SIZE bound to: 8 - type: integer 
	Parameter C_ALGORITHM bound to: 1 - type: integer 
	Parameter C_PRIM_TYPE bound to: 1 - type: integer 
	Parameter C_LOAD_INIT_FILE bound to: 0 - type: integer 
	Parameter C_INIT_FILE_NAME bound to: no_coe_file_loaded - type: string 
	Parameter C_INIT_FILE bound to: NONE - type: string 
	Parameter C_USE_DEFAULT_DATA bound to: 0 - type: integer 
	Parameter C_DEFAULT_DATA bound to: 0 - type: string 
	Parameter C_HAS_RSTA bound to: 1 - type: integer 
	Parameter C_RST_PRIORITY_A bound to: CE - type: string 
	Parameter C_RSTRAM_A bound to: 0 - type: integer 
	Parameter C_INITA_VAL bound to: 0 - type: string 
	Parameter C_HAS_ENA bound to: 1 - type: integer 
	Parameter C_HAS_REGCEA bound to: 0 - type: integer 
	Parameter C_USE_BYTE_WEA bound to: 1 - type: integer 
	Parameter C_WEA_WIDTH bound to: 4 - type: integer 
	Parameter C_WRITE_MODE_A bound to: WRITE_FIRST - type: string 
	Parameter C_WRITE_WIDTH_A bound to: 32 - type: integer 
	Parameter C_READ_WIDTH_A bound to: 32 - type: integer 
	Parameter C_WRITE_DEPTH_A bound to: 65536 - type: integer 
	Parameter C_READ_DEPTH_A bound to: 65536 - type: integer 
	Parameter C_ADDRA_WIDTH bound to: 32 - type: integer 
	Parameter C_HAS_RSTB bound to: 0 - type: integer 
	Parameter C_RST_PRIORITY_B bound to: CE - type: string 
	Parameter C_RSTRAM_B bound to: 0 - type: integer 
	Parameter C_INITB_VAL bound to: 0 - type: string 
	Parameter C_HAS_ENB bound to: 0 - type: integer 
	Parameter C_HAS_REGCEB bound to: 0 - type: integer 
	Parameter C_USE_BYTE_WEB bound to: 1 - type: integer 
	Parameter C_WEB_WIDTH bound to: 4 - type: integer 
	Parameter C_WRITE_MODE_B bound to: WRITE_FIRST - type: string 
	Parameter C_WRITE_WIDTH_B bound to: 32 - type: integer 
	Parameter C_READ_WIDTH_B bound to: 32 - type: integer 
	Parameter C_WRITE_DEPTH_B bound to: 65536 - type: integer 
	Parameter C_READ_DEPTH_B bound to: 65536 - type: integer 
	Parameter C_ADDRB_WIDTH bound to: 32 - type: integer 
	Parameter C_HAS_MEM_OUTPUT_REGS_A bound to: 0 - type: integer 
	Parameter C_HAS_MEM_OUTPUT_REGS_B bound to: 0 - type: integer 
	Parameter C_HAS_MUX_OUTPUT_REGS_A bound to: 0 - type: integer 
	Parameter C_HAS_MUX_OUTPUT_REGS_B bound to: 0 - type: integer 
	Parameter C_MUX_PIPELINE_STAGES bound to: 0 - type: integer 
	Parameter C_HAS_SOFTECC_INPUT_REGS_A bound to: 0 - type: integer 
	Parameter C_HAS_SOFTECC_OUTPUT_REGS_B bound to: 0 - type: integer 
	Parameter C_USE_SOFTECC bound to: 0 - type: integer 
	Parameter C_USE_ECC bound to: 0 - type: integer 
	Parameter C_EN_ECC_PIPE bound to: 0 - type: integer 
	Parameter C_READ_LATENCY_A bound to: 1 - type: integer 
	Parameter C_READ_LATENCY_B bound to: 1 - type: integer 
	Parameter C_HAS_INJECTERR bound to: 0 - type: integer 
	Parameter C_SIM_COLLISION_CHECK bound to: ALL - type: string 
	Parameter C_COMMON_CLK bound to: 0 - type: integer 
	Parameter C_DISABLE_WARN_BHV_COLL bound to: 0 - type: integer 
	Parameter C_EN_SLEEP_PIN bound to: 0 - type: integer 
	Parameter C_USE_URAM bound to: 0 - type: integer 
	Parameter C_EN_RDADDRA_CHG bound to: 0 - type: integer 
	Parameter C_EN_RDADDRB_CHG bound to: 0 - type: integer 
	Parameter C_EN_DEEPSLEEP_PIN bound to: 0 - type: integer 
	Parameter C_EN_SHUTDOWN_PIN bound to: 0 - type: integer 
	Parameter C_EN_SAFETY_CKT bound to: 1 - type: integer 
	Parameter C_DISABLE_WARN_BHV_RANGE bound to: 0 - type: integer 
	Parameter C_COUNT_36K_BRAM bound to: 64 - type: string 
	Parameter C_COUNT_18K_BRAM bound to: 0 - type: string 
	Parameter C_EST_POWER_SUMMARY bound to: Estimated Power for IP     :     10.194002 mW - type: string 
INFO: [Synth 8-3491] module 'blk_mem_gen_v8_4_4' declared at '/home/osm/Documents/SECT-MAYO/MAYO/vivado/MAYO_KeyGen_v2/MAYO_KeyGen_v2.gen/sources_1/bd/Mayo_keygen_no_zynq/ipshared/2985/hdl/blk_mem_gen_v8_4_vhsyn_rfs.vhd:195321' bound to instance 'U0' of component 'blk_mem_gen_v8_4_4' [/home/osm/Documents/SECT-MAYO/MAYO/vivado/MAYO_KeyGen_v2/MAYO_KeyGen_v2.gen/sources_1/bd/Mayo_keygen_no_zynq/ip/Mayo_keygen_no_zynq_BIG_BRAM512K_0/synth/Mayo_keygen_no_zynq_BIG_BRAM512K_0.vhd:239]
INFO: [Synth 8-256] done synthesizing module 'Mayo_keygen_no_zynq_BIG_BRAM512K_0' (11#1) [/home/osm/Documents/SECT-MAYO/MAYO/vivado/MAYO_KeyGen_v2/MAYO_KeyGen_v2.gen/sources_1/bd/Mayo_keygen_no_zynq/ip/Mayo_keygen_no_zynq_BIG_BRAM512K_0/synth/Mayo_keygen_no_zynq_BIG_BRAM512K_0.vhd:72]
---------------------------------------------------------------------------------
Finished RTL Elaboration : Time (s): cpu = 00:00:35 ; elapsed = 00:01:01 . Memory (MB): peak = 2363.809 ; gain = 79.023 ; free physical = 16813 ; free virtual = 27158
---------------------------------------------------------------------------------
---------------------------------------------------------------------------------
Start Handling Custom Attributes
---------------------------------------------------------------------------------
---------------------------------------------------------------------------------
Finished Handling Custom Attributes : Time (s): cpu = 00:00:36 ; elapsed = 00:01:02 . Memory (MB): peak = 2363.809 ; gain = 79.023 ; free physical = 16940 ; free virtual = 27279
---------------------------------------------------------------------------------
---------------------------------------------------------------------------------
Finished RTL Optimization Phase 1 : Time (s): cpu = 00:00:36 ; elapsed = 00:01:02 . Memory (MB): peak = 2363.809 ; gain = 79.023 ; free physical = 16940 ; free virtual = 27279
---------------------------------------------------------------------------------
Netlist sorting complete. Time (s): cpu = 00:00:00.06 ; elapsed = 00:00:00.07 . Memory (MB): peak = 2363.809 ; gain = 0.000 ; free physical = 17003 ; free virtual = 27370
INFO: [Netlist 29-17] Analyzing 64 Unisim elements for replacement
INFO: [Netlist 29-28] Unisim Transformation completed in 0 CPU seconds
INFO: [Project 1-570] Preparing netlist for logic optimization

Processing XDC Constraints
Initializing timing engine
Parsing XDC File [/home/osm/Documents/SECT-MAYO/MAYO/vivado/MAYO_KeyGen_v2/MAYO_KeyGen_v2.gen/sources_1/bd/Mayo_keygen_no_zynq/ip/Mayo_keygen_no_zynq_BIG_BRAM512K_0/Mayo_keygen_no_zynq_BIG_BRAM512K_0_ooc.xdc] for cell 'U0'
Finished Parsing XDC File [/home/osm/Documents/SECT-MAYO/MAYO/vivado/MAYO_KeyGen_v2/MAYO_KeyGen_v2.gen/sources_1/bd/Mayo_keygen_no_zynq/ip/Mayo_keygen_no_zynq_BIG_BRAM512K_0/Mayo_keygen_no_zynq_BIG_BRAM512K_0_ooc.xdc] for cell 'U0'
Parsing XDC File [/home/osm/Documents/SECT-MAYO/MAYO/vivado/MAYO_KeyGen_v2/MAYO_KeyGen_v2.runs/Mayo_keygen_no_zynq_BIG_BRAM512K_0_synth_1/dont_touch.xdc]
Finished Parsing XDC File [/home/osm/Documents/SECT-MAYO/MAYO/vivado/MAYO_KeyGen_v2/MAYO_KeyGen_v2.runs/Mayo_keygen_no_zynq_BIG_BRAM512K_0_synth_1/dont_touch.xdc]
Completed Processing XDC Constraints

Netlist sorting complete. Time (s): cpu = 00:00:00 ; elapsed = 00:00:00 . Memory (MB): peak = 2463.652 ; gain = 0.000 ; free physical = 17618 ; free virtual = 27988
INFO: [Project 1-111] Unisim Transformation Summary:
No Unisim elements were transformed.

Constraint Validation Runtime : Time (s): cpu = 00:00:00.09 ; elapsed = 00:00:00.06 . Memory (MB): peak = 2463.652 ; gain = 0.000 ; free physical = 17615 ; free virtual = 27986
---------------------------------------------------------------------------------
Finished Constraint Validation : Time (s): cpu = 00:00:43 ; elapsed = 00:01:10 . Memory (MB): peak = 2463.652 ; gain = 178.867 ; free physical = 17442 ; free virtual = 27795
---------------------------------------------------------------------------------
---------------------------------------------------------------------------------
Start Loading Part and Timing Information
---------------------------------------------------------------------------------
Loading part: xc7z020clg484-1
---------------------------------------------------------------------------------
Finished Loading Part and Timing Information : Time (s): cpu = 00:00:43 ; elapsed = 00:01:10 . Memory (MB): peak = 2463.652 ; gain = 178.867 ; free physical = 17479 ; free virtual = 27833
---------------------------------------------------------------------------------
---------------------------------------------------------------------------------
Start Applying 'set_property' XDC Constraints
---------------------------------------------------------------------------------
Applied set_property KEEP_HIERARCHY = SOFT for U0. (constraint file  /home/osm/Documents/SECT-MAYO/MAYO/vivado/MAYO_KeyGen_v2/MAYO_KeyGen_v2.runs/Mayo_keygen_no_zynq_BIG_BRAM512K_0_synth_1/dont_touch.xdc, line 9).
---------------------------------------------------------------------------------
Finished applying 'set_property' XDC Constraints : Time (s): cpu = 00:00:43 ; elapsed = 00:01:10 . Memory (MB): peak = 2463.652 ; gain = 178.867 ; free physical = 17489 ; free virtual = 27842
---------------------------------------------------------------------------------
---------------------------------------------------------------------------------
Finished RTL Optimization Phase 2 : Time (s): cpu = 00:00:45 ; elapsed = 00:01:12 . Memory (MB): peak = 2463.652 ; gain = 178.867 ; free physical = 17600 ; free virtual = 27963
---------------------------------------------------------------------------------
---------------------------------------------------------------------------------
Start RTL Component Statistics 
---------------------------------------------------------------------------------
Detailed RTL Component Info : 
+---XORs : 
	   2 Input      1 Bit         XORs := 64    
+---Registers : 
	                5 Bit    Registers := 66    
	                1 Bit    Registers := 384   
+---Muxes : 
	   2 Input    1 Bit        Muxes := 64    
---------------------------------------------------------------------------------
Finished RTL Component Statistics 
---------------------------------------------------------------------------------
---------------------------------------------------------------------------------
Start Part Resource Summary
---------------------------------------------------------------------------------
Part Resources:
DSPs: 220 (col length:60)
BRAMs: 280 (col length: RAMB18 60 RAMB36 30)
---------------------------------------------------------------------------------
Finished Part Resource Summary
---------------------------------------------------------------------------------
---------------------------------------------------------------------------------
Start Cross Boundary and Area Optimization
---------------------------------------------------------------------------------
---------------------------------------------------------------------------------
Finished Cross Boundary and Area Optimization : Time (s): cpu = 00:00:48 ; elapsed = 00:01:15 . Memory (MB): peak = 2463.652 ; gain = 178.867 ; free physical = 17662 ; free virtual = 28056
---------------------------------------------------------------------------------
---------------------------------------------------------------------------------
Start Applying XDC Timing Constraints
---------------------------------------------------------------------------------
---------------------------------------------------------------------------------
Finished Applying XDC Timing Constraints : Time (s): cpu = 00:00:53 ; elapsed = 00:01:21 . Memory (MB): peak = 2463.652 ; gain = 178.867 ; free physical = 17548 ; free virtual = 27923
---------------------------------------------------------------------------------
---------------------------------------------------------------------------------
Start Timing Optimization
---------------------------------------------------------------------------------
---------------------------------------------------------------------------------
Finished Timing Optimization : Time (s): cpu = 00:00:54 ; elapsed = 00:01:21 . Memory (MB): peak = 2463.652 ; gain = 178.867 ; free physical = 17536 ; free virtual = 27910
---------------------------------------------------------------------------------
---------------------------------------------------------------------------------
Start Technology Mapping
---------------------------------------------------------------------------------
---------------------------------------------------------------------------------
Finished Technology Mapping : Time (s): cpu = 00:00:54 ; elapsed = 00:01:21 . Memory (MB): peak = 2463.652 ; gain = 178.867 ; free physical = 17529 ; free virtual = 27903
---------------------------------------------------------------------------------
---------------------------------------------------------------------------------
Start IO Insertion
---------------------------------------------------------------------------------
---------------------------------------------------------------------------------
Start Flattening Before IO Insertion
---------------------------------------------------------------------------------
---------------------------------------------------------------------------------
Finished Flattening Before IO Insertion
---------------------------------------------------------------------------------
---------------------------------------------------------------------------------
Start Final Netlist Cleanup
---------------------------------------------------------------------------------
---------------------------------------------------------------------------------
Finished Final Netlist Cleanup
---------------------------------------------------------------------------------
---------------------------------------------------------------------------------
Finished IO Insertion : Time (s): cpu = 00:00:56 ; elapsed = 00:01:24 . Memory (MB): peak = 2463.652 ; gain = 178.867 ; free physical = 17537 ; free virtual = 27923
---------------------------------------------------------------------------------
---------------------------------------------------------------------------------
Start Renaming Generated Instances
---------------------------------------------------------------------------------
---------------------------------------------------------------------------------
Finished Renaming Generated Instances : Time (s): cpu = 00:00:56 ; elapsed = 00:01:24 . Memory (MB): peak = 2463.652 ; gain = 178.867 ; free physical = 17537 ; free virtual = 27923
---------------------------------------------------------------------------------
---------------------------------------------------------------------------------
Start Rebuilding User Hierarchy
---------------------------------------------------------------------------------
---------------------------------------------------------------------------------
Finished Rebuilding User Hierarchy : Time (s): cpu = 00:00:56 ; elapsed = 00:01:24 . Memory (MB): peak = 2463.652 ; gain = 178.867 ; free physical = 17511 ; free virtual = 27896
---------------------------------------------------------------------------------
---------------------------------------------------------------------------------
Start Renaming Generated Ports
---------------------------------------------------------------------------------
---------------------------------------------------------------------------------
Finished Renaming Generated Ports : Time (s): cpu = 00:00:56 ; elapsed = 00:01:24 . Memory (MB): peak = 2463.652 ; gain = 178.867 ; free physical = 17509 ; free virtual = 27894
---------------------------------------------------------------------------------
---------------------------------------------------------------------------------
Start Handling Custom Attributes
---------------------------------------------------------------------------------
---------------------------------------------------------------------------------
Finished Handling Custom Attributes : Time (s): cpu = 00:00:56 ; elapsed = 00:01:24 . Memory (MB): peak = 2463.652 ; gain = 178.867 ; free physical = 17498 ; free virtual = 27884
---------------------------------------------------------------------------------
---------------------------------------------------------------------------------
Start Renaming Generated Nets
---------------------------------------------------------------------------------
---------------------------------------------------------------------------------
Finished Renaming Generated Nets : Time (s): cpu = 00:00:56 ; elapsed = 00:01:24 . Memory (MB): peak = 2463.652 ; gain = 178.867 ; free physical = 17497 ; free virtual = 27883
---------------------------------------------------------------------------------
---------------------------------------------------------------------------------
Start ROM, RAM, DSP, Shift Register and Retiming Reporting
---------------------------------------------------------------------------------

Static Shift Register Report:
+-------------------+-----------------------------------------------------------------------------------------------------------------------------------------+--------+-------+--------------+--------------------+-------------------+--------+---------+
|Module Name        | RTL Name                                                                                                                                | Length | Width | Reset Signal | Pull out first Reg | Pull out last Reg | SRL16E | SRLC32E | 
+-------------------+-----------------------------------------------------------------------------------------------------------------------------------------+--------+-------+--------------+--------------------+-------------------+--------+---------+
|blk_mem_gen_v8_4_4 | inst_blk_mem_gen/gnbram.gnative_mem_map_bmg.native_mem_map_blk_mem_gen/valid.cstr/ramloop[48].ram.r/SAFETY_CKT_GEN.RSTA_SHFT_REG_reg[4] | 4      | 1     | NO           | NO                 | YES               | 1      | 0       | 
+-------------------+-----------------------------------------------------------------------------------------------------------------------------------------+--------+-------+--------------+--------------------+-------------------+--------+---------+

---------------------------------------------------------------------------------
Finished ROM, RAM, DSP, Shift Register and Retiming Reporting
---------------------------------------------------------------------------------
---------------------------------------------------------------------------------
Start Writing Synthesis Report
---------------------------------------------------------------------------------

Report BlackBoxes: 
+-+--------------+----------+
| |BlackBox name |Instances |
+-+--------------+----------+
+-+--------------+----------+

Report Cell Usage: 
+------+---------+------+
|      |Cell     |Count |
+------+---------+------+
|1     |LUT2     |     5|
|2     |LUT4     |     1|
|3     |LUT6     |   144|
|4     |MUXF7    |    64|
|5     |MUXF8    |    32|
|6     |RAMB36E1 |    64|
|7     |SRL16E   |     1|
|8     |FDRE     |    10|
+------+---------+------+
---------------------------------------------------------------------------------
Finished Writing Synthesis Report : Time (s): cpu = 00:00:56 ; elapsed = 00:01:24 . Memory (MB): peak = 2463.652 ; gain = 178.867 ; free physical = 17494 ; free virtual = 27880
---------------------------------------------------------------------------------
Synthesis finished with 0 errors, 0 critical warnings and 0 warnings.
Synthesis Optimization Runtime : Time (s): cpu = 00:00:53 ; elapsed = 00:01:20 . Memory (MB): peak = 2463.652 ; gain = 79.023 ; free physical = 17531 ; free virtual = 27905
Synthesis Optimization Complete : Time (s): cpu = 00:00:57 ; elapsed = 00:01:24 . Memory (MB): peak = 2463.652 ; gain = 178.867 ; free physical = 17531 ; free virtual = 27904
INFO: [Project 1-571] Translating synthesized netlist
Netlist sorting complete. Time (s): cpu = 00:00:00.03 ; elapsed = 00:00:00.02 . Memory (MB): peak = 2463.652 ; gain = 0.000 ; free physical = 17664 ; free virtual = 28050
INFO: [Netlist 29-17] Analyzing 160 Unisim elements for replacement
INFO: [Netlist 29-28] Unisim Transformation completed in 0 CPU seconds
INFO: [Project 1-570] Preparing netlist for logic optimization
INFO: [Opt 31-138] Pushed 0 inverter(s) to 0 load pin(s).
Netlist sorting complete. Time (s): cpu = 00:00:00 ; elapsed = 00:00:00 . Memory (MB): peak = 2463.652 ; gain = 0.000 ; free physical = 17569 ; free virtual = 27948
INFO: [Project 1-111] Unisim Transformation Summary:
No Unisim elements were transformed.

INFO: [Common 17-83] Releasing license: Synthesis
25 Infos, 0 Warnings, 0 Critical Warnings and 0 Errors encountered.
synth_design completed successfully
synth_design: Time (s): cpu = 00:01:10 ; elapsed = 00:01:33 . Memory (MB): peak = 2463.652 ; gain = 178.984 ; free physical = 17789 ; free virtual = 28168
INFO: [Common 17-1381] The checkpoint '/home/osm/Documents/SECT-MAYO/MAYO/vivado/MAYO_KeyGen_v2/MAYO_KeyGen_v2.runs/Mayo_keygen_no_zynq_BIG_BRAM512K_0_synth_1/Mayo_keygen_no_zynq_BIG_BRAM512K_0.dcp' has been generated.
WARNING: [Common 17-576] 'use_project_ipc' is deprecated. This option is deprecated and no longer used.
INFO: [Coretcl 2-1648] Added synthesis output to IP cache for IP Mayo_keygen_no_zynq_BIG_BRAM512K_0, cache-ID = 3ca721946cccabf9
INFO: [Coretcl 2-1174] Renamed 133 cell refs.
INFO: [Common 17-1381] The checkpoint '/home/osm/Documents/SECT-MAYO/MAYO/vivado/MAYO_KeyGen_v2/MAYO_KeyGen_v2.runs/Mayo_keygen_no_zynq_BIG_BRAM512K_0_synth_1/Mayo_keygen_no_zynq_BIG_BRAM512K_0.dcp' has been generated.
INFO: [runtcl-4] Executing : report_utilization -file Mayo_keygen_no_zynq_BIG_BRAM512K_0_utilization_synth.rpt -pb Mayo_keygen_no_zynq_BIG_BRAM512K_0_utilization_synth.pb
INFO: [Common 17-206] Exiting Vivado at Tue Jan 10 17:57:45 2023...
