Vivado Simulator 2020.2
Copyright 1986-1999, 2001-2020 Xilinx, Inc. All Rights Reserved.
Running: /tools/Xilinx/Vivado/2020.2/bin/unwrapped/lnx64.o/xelab -wto 2f43b2cf09f640fea4cbc4f3e5748376 --incr --debug typical --relax --mt 8 -L xil_defaultlib -L blk_mem_gen_v8_4_4 -L unisims_ver -L unimacro_ver -L secureip -L xpm --snapshot MAYO_SHAKE_tb_behav xil_defaultlib.MAYO_SHAKE_tb xil_defaultlib.glbl -log elaborate.log 
Using 8 slave threads.
Starting static elaboration
Pass Through NonSizing Optimizer
WARNING: [VRFC 10-5021] port 'rsta' is not connected on this instance [/home/osm/Documents/SECT-MAYO/MAYO/vivado/SHAKE_Saber/SHAKE_Saber.srcs/sim_1/new/MAYO_SHAKE_tb.v:50]
Completed static elaboration
Starting simulation data flow analysis
Completed simulation data flow analysis
Time Resolution for simulation is 1ps
Compiling package std.standard
Compiling package std.textio
Compiling package ieee.std_logic_1164
Compiling package synopsys.attributes
Compiling package ieee.std_logic_misc
Compiling package ieee.std_logic_arith
Compiling package xil_defaultlib.keccak_globals
Compiling package ieee.std_logic_unsigned
Compiling module blk_mem_gen_v8_4_4.blk_mem_gen_v8_4_4_output_stage(...
Compiling module blk_mem_gen_v8_4_4.blk_mem_gen_v8_4_4_softecc_outpu...
Compiling module blk_mem_gen_v8_4_4.blk_mem_gen_v8_4_4_mem_module(C_...
Compiling module blk_mem_gen_v8_4_4.blk_mem_gen_v8_4_4(C_FAMILY="zyn...
Compiling module xil_defaultlib.blk_mem_gen_0_1
Compiling architecture rtl of entity xil_defaultlib.keccak_round [keccak_round_default]
Compiling architecture rtl of entity xil_defaultlib.keccak_round_constants_gen [keccak_round_constants_gen_defau...]
Compiling architecture rtl of entity xil_defaultlib.keccak_buffer [keccak_buffer_default]
Compiling architecture rtl of entity xil_defaultlib.keccak [keccak_default]
Compiling module xil_defaultlib.SHA_SHAKE_wrapper
Compiling module xil_defaultlib.MAYO_SHAKE
Compiling module xil_defaultlib.MAYO_SHAKE_tb
Compiling module xil_defaultlib.glbl
Built simulation snapshot MAYO_SHAKE_tb_behav
