INFO-FLOW: Workspace /home/osm/Documents/SECT-MAYO/MAYO/HLS/computeP2/solution1_no_opt opened at Wed May 11 10:54:35 CEST 2022
Execute     ap_set_clock -name default -period 10 -default=false 
INFO: [SYN 201-201] Setting up clock 'default' with a period of 10ns.
Execute     import_lib /opt/Xilinx/Vitis_HLS/2020.2/common/technology/xilinx/zynq/zynq 
Execute       source /opt/Xilinx/Vitis_HLS/2020.2/common/technology/xilinx/interface/xilinx_interface.hlp 
Execute         source /opt/Xilinx/Vitis_HLS/2020.2/common/technology/xilinx/interface/maxi.hlp 
Execute         source /opt/Xilinx/Vitis_HLS/2020.2/common/technology/xilinx/interface/saxilite.hlp 
Execute       source /opt/Xilinx/Vitis_HLS/2020.2/common/technology/xilinx/DSP48/dsp48.hlp 
Command     import_lib done; 0.13 sec.
Execute     source /opt/Xilinx/Vitis_HLS/2020.2/common/technology/xilinx/common/xilinx.gen 
Execute       source /opt/Xilinx/Vitis_HLS/2020.2/common/technology/xilinx/interface/plb46.gen 
Execute       source /opt/Xilinx/Vitis_HLS/2020.2/common/technology/xilinx/interface/axi4.gen 
Execute       source /opt/Xilinx/Vitis_HLS/2020.2/common/technology/xilinx/interface/nativeAXI4.gen 
Execute         source /opt/Xilinx/Vitis_HLS/2020.2/common/technology/xilinx/interface/saxilite.gen 
Execute         source /opt/Xilinx/Vitis_HLS/2020.2/common/technology/xilinx/interface/maxi.gen 
Execute       source /opt/Xilinx/Vitis_HLS/2020.2/common/technology/xilinx/scripts/xilinxcoregen.gen 
Execute       source /opt/Xilinx/Vitis_HLS/2020.2/common/technology/xilinx/interface/XilEDKCoreGen.gen 
Execute       source /opt/Xilinx/Vitis_HLS/2020.2/common/technology/xilinx/ip/dds_compiler.gen 
Execute       source /opt/Xilinx/Vitis_HLS/2020.2/common/technology/xilinx/ip/util.gen 
Execute       source /opt/Xilinx/Vitis_HLS/2020.2/common/technology/xilinx/ip/xfft.gen 
Command       ap_source done; 0.19 sec.
Execute       source /opt/Xilinx/Vitis_HLS/2020.2/common/technology/xilinx/ip/xfir.gen 
Execute       source /opt/Xilinx/Vitis_HLS/2020.2/common/technology/xilinx/DSP48/dsp48.gen 
Command     ap_source done; 0.29 sec.
Execute     import_lib /opt/Xilinx/Vitis_HLS/2020.2/common/technology/xilinx/zynq/zynq_fpv6 
Execute       source /opt/Xilinx/Vitis_HLS/2020.2/common/technology/xilinx/interface/xilinx_interface.hlp 
Execute         source /opt/Xilinx/Vitis_HLS/2020.2/common/technology/xilinx/interface/maxi.hlp 
Execute         source /opt/Xilinx/Vitis_HLS/2020.2/common/technology/xilinx/interface/saxilite.hlp 
Execute       source /opt/Xilinx/Vitis_HLS/2020.2/common/technology/xilinx/DSP48/dsp48.hlp 
Execute     source /opt/Xilinx/Vitis_HLS/2020.2/common/technology/xilinx/common/xilinx.gen 
Execute       source /opt/Xilinx/Vitis_HLS/2020.2/common/technology/xilinx/interface/plb46.gen 
Execute       source /opt/Xilinx/Vitis_HLS/2020.2/common/technology/xilinx/interface/axi4.gen 
Execute       source /opt/Xilinx/Vitis_HLS/2020.2/common/technology/xilinx/interface/nativeAXI4.gen 
Execute         source /opt/Xilinx/Vitis_HLS/2020.2/common/technology/xilinx/interface/saxilite.gen 
Execute         source /opt/Xilinx/Vitis_HLS/2020.2/common/technology/xilinx/interface/maxi.gen 
Execute       source /opt/Xilinx/Vitis_HLS/2020.2/common/technology/xilinx/scripts/xilinxcoregen.gen 
Execute       source /opt/Xilinx/Vitis_HLS/2020.2/common/technology/xilinx/interface/XilEDKCoreGen.gen 
Execute       source /opt/Xilinx/Vitis_HLS/2020.2/common/technology/xilinx/ip/dds_compiler.gen 
Execute       source /opt/Xilinx/Vitis_HLS/2020.2/common/technology/xilinx/ip/util.gen 
Execute       source /opt/Xilinx/Vitis_HLS/2020.2/common/technology/xilinx/ip/xfft.gen 
Command       ap_source done; 0.15 sec.
Execute       source /opt/Xilinx/Vitis_HLS/2020.2/common/technology/xilinx/ip/xfir.gen 
Execute       source /opt/Xilinx/Vitis_HLS/2020.2/common/technology/xilinx/DSP48/dsp48.gen 
Command     ap_source done; 0.22 sec.
Execute     import_lib /opt/Xilinx/Vitis_HLS/2020.2/common/technology/xilinx/zynq/zynq 
Execute       source /opt/Xilinx/Vitis_HLS/2020.2/common/technology/xilinx/interface/xilinx_interface.hlp 
Execute         source /opt/Xilinx/Vitis_HLS/2020.2/common/technology/xilinx/interface/maxi.hlp 
Execute         source /opt/Xilinx/Vitis_HLS/2020.2/common/technology/xilinx/interface/saxilite.hlp 
Execute       source /opt/Xilinx/Vitis_HLS/2020.2/common/technology/xilinx/DSP48/dsp48.hlp 
Execute     source /opt/Xilinx/Vitis_HLS/2020.2/common/technology/xilinx/common/xilinx.gen 
Execute       source /opt/Xilinx/Vitis_HLS/2020.2/common/technology/xilinx/interface/plb46.gen 
Execute       source /opt/Xilinx/Vitis_HLS/2020.2/common/technology/xilinx/interface/axi4.gen 
Execute       source /opt/Xilinx/Vitis_HLS/2020.2/common/technology/xilinx/interface/nativeAXI4.gen 
Execute         source /opt/Xilinx/Vitis_HLS/2020.2/common/technology/xilinx/interface/saxilite.gen 
Execute         source /opt/Xilinx/Vitis_HLS/2020.2/common/technology/xilinx/interface/maxi.gen 
Execute       source /opt/Xilinx/Vitis_HLS/2020.2/common/technology/xilinx/scripts/xilinxcoregen.gen 
Execute       source /opt/Xilinx/Vitis_HLS/2020.2/common/technology/xilinx/interface/XilEDKCoreGen.gen 
Execute       source /opt/Xilinx/Vitis_HLS/2020.2/common/technology/xilinx/ip/dds_compiler.gen 
Execute       source /opt/Xilinx/Vitis_HLS/2020.2/common/technology/xilinx/ip/util.gen 
Execute       source /opt/Xilinx/Vitis_HLS/2020.2/common/technology/xilinx/ip/xfft.gen 
Command       ap_source done; 0.18 sec.
Execute       source /opt/Xilinx/Vitis_HLS/2020.2/common/technology/xilinx/ip/xfir.gen 
Execute       source /opt/Xilinx/Vitis_HLS/2020.2/common/technology/xilinx/DSP48/dsp48.gen 
Command     ap_source done; 0.24 sec.
Execute     set_part xc7z020-clg484-1 
INFO-FLOW: DBG:set_part: XILINX_VIVADO=/opt/Xilinx/Vivado/2020.2
INFO-FLOW: DBG:set_part: RDI_DATADIR=/opt/Xilinx/Vivado/2020.2/data:/opt/Xilinx/Vitis_HLS/2020.2/data
Execute       ap_part_info -name xc7z020-clg484-1 -data single -quiet 
DBG:HLSDevice: Trying to load device library: /opt/Xilinx/Vitis_HLS/2020.2/lib/lnx64.o/librdi_hlsvwrap.so
DBG:HLSDevice: first parts/arch.xml in RDI_DATADIR: /opt/Xilinx/Vivado/2020.2/data/parts/arch.xml
Command       ap_part_info done; 79.52 sec.
Execute       ap_part_info -name xc7z020-clg484-1 -data info 
Command       ap_part_info done; 0.15 sec.
Execute       add_library xilinx/zynq/zynq:xc7z020:-clg484:-1 
Execute         get_default_platform 
Execute         open_platform DefaultPlatform 
Execute         ap_part_info -data single -name xc7z020-clg484-1 
Execute         ap_part_info -name xc7z020-clg484-1 -data resources 
Execute         config_chip_info -resource {SLICE 13300} {LUT 53200} {FF 106400} {DSP 220} {BRAM 280} {URAM 0} 
Execute         ap_part_info -name xc7z020-clg484-1 -data info 
Execute         config_chip_info -speed slow 
Execute         ap_part_info -name xc7z020-clg484-1 -data info 
Execute         config_library_info -library zynq_slow 
Execute         config_library_info -family zynq 
Execute         config_library_info -part xc7z020:-clg484:-1 
Execute         import_lib /opt/Xilinx/Vitis_HLS/2020.2/common/technology/xilinx/zynq/zynq 
Execute           source /opt/Xilinx/Vitis_HLS/2020.2/common/technology/xilinx/interface/xilinx_interface.hlp 
Execute             source /opt/Xilinx/Vitis_HLS/2020.2/common/technology/xilinx/interface/maxi.hlp 
Execute             source /opt/Xilinx/Vitis_HLS/2020.2/common/technology/xilinx/interface/saxilite.hlp 
Execute           source /opt/Xilinx/Vitis_HLS/2020.2/common/technology/xilinx/DSP48/dsp48.hlp 
Execute           source /opt/Xilinx/Vitis_HLS/2020.2/common/technology/xilinx/DSP48/zynq_dsp48e1.hlp 
Command         import_lib done; 0.67 sec.
Execute         source /opt/Xilinx/Vitis_HLS/2020.2/common/technology/xilinx/common/xilinx.gen 
Execute           source /opt/Xilinx/Vitis_HLS/2020.2/common/technology/xilinx/interface/plb46.gen 
Execute           source /opt/Xilinx/Vitis_HLS/2020.2/common/technology/xilinx/interface/axi4.gen 
Execute           source /opt/Xilinx/Vitis_HLS/2020.2/common/technology/xilinx/interface/nativeAXI4.gen 
Execute             source /opt/Xilinx/Vitis_HLS/2020.2/common/technology/xilinx/interface/saxilite.gen 
Execute             source /opt/Xilinx/Vitis_HLS/2020.2/common/technology/xilinx/interface/maxi.gen 
Execute           source /opt/Xilinx/Vitis_HLS/2020.2/common/technology/xilinx/scripts/xilinxcoregen.gen 
Execute           source /opt/Xilinx/Vitis_HLS/2020.2/common/technology/xilinx/interface/XilEDKCoreGen.gen 
Execute           source /opt/Xilinx/Vitis_HLS/2020.2/common/technology/xilinx/ip/dds_compiler.gen 
Execute           source /opt/Xilinx/Vitis_HLS/2020.2/common/technology/xilinx/ip/util.gen 
Execute           source /opt/Xilinx/Vitis_HLS/2020.2/common/technology/xilinx/ip/xfft.gen 
Command           ap_source done; 0.2 sec.
Execute           source /opt/Xilinx/Vitis_HLS/2020.2/common/technology/xilinx/ip/xfir.gen 
Execute           source /opt/Xilinx/Vitis_HLS/2020.2/common/technology/xilinx/DSP48/dsp48.gen 
Command         ap_source done; 0.49 sec.
Command       add_library done; 1.61 sec.
INFO: [HLS 200-10] Setting target device to 'xc7z020-clg484-1'
Execute       ap_part_info -name xc7z020-clg484-1 -data info 
Execute       config_compile -quiet -complex-mul-dsp=0 
Command     set_part done; 81.54 sec.
Execute     ap_part_info -data single -name xc7z020-clg484-1 
Execute     ap_part_info -name xc7z020-clg484-1 -data resources 
Execute     config_chip_info -resource {SLICE 13300} {LUT 53200} {FF 106400} {DSP 220} {BRAM 280} {URAM 0} 
Execute     ap_part_info -name xc7z020-clg484-1 -data info 
Execute     config_chip_info -speed slow 
Execute     send_msg_by_id INFO @200-1505@%s%s  vivado 
INFO: [HLS 200-1505] Using flow_target 'vivado'
Execute     get_config_interface -m_axi_latency 
Execute     get_config_interface -m_axi_alignment_byte_size 
Execute     get_config_interface -m_axi_max_widen_bitwidth 
Execute     get_config_interface -default_interface 
Execute     get_config_interface -m_axi_offset 
Execute     get_config_rtl -register_reset_num 
Execute     send_msg_by_id INFO @200-1464@%s config_unroll -tripcount_threshold=1 
INFO: [HLS 200-1464] Running solution command: config_unroll -tripcount_threshold=1
Execute     config_unroll -tripcount_threshold=1 
INFO: [XFORM 203-502] Automatic unrolling enabled: cut-off trip count is 1.
Command   open_solution done; 82.78 sec.
Execute   set_part xc7z020-clg484-1 
INFO: [HLS 200-1510] Running: set_part xc7z020-clg484-1 
INFO-FLOW: DBG:set_part: XILINX_VIVADO=/opt/Xilinx/Vivado/2020.2
INFO-FLOW: DBG:set_part: RDI_DATADIR=/opt/Xilinx/Vivado/2020.2/data:/opt/Xilinx/Vitis_HLS/2020.2/data
Execute     ap_part_info -name xc7z020-clg484-1 -data single -quiet 
Execute     ap_part_info -name xc7z020-clg484-1 -data info 
Execute     add_library xilinx/zynq/zynq:xc7z020:-clg484:-1 
Execute       get_default_platform 
Execute       open_platform DefaultPlatform 
Execute       ap_part_info -data single -name xc7z020-clg484-1 
Execute       ap_part_info -name xc7z020-clg484-1 -data resources 
Execute       config_chip_info -resource {SLICE 13300} {LUT 53200} {FF 106400} {DSP 220} {BRAM 280} {URAM 0} 
Execute       ap_part_info -name xc7z020-clg484-1 -data info 
Execute       config_chip_info -speed slow 
Execute       ap_part_info -name xc7z020-clg484-1 -data info 
Execute       config_library_info -library zynq_slow 
Execute       config_library_info -family zynq 
Execute       config_library_info -part xc7z020:-clg484:-1 
Execute       import_lib /opt/Xilinx/Vitis_HLS/2020.2/common/technology/xilinx/zynq/zynq 
Execute         source /opt/Xilinx/Vitis_HLS/2020.2/common/technology/xilinx/interface/xilinx_interface.hlp 
Execute           source /opt/Xilinx/Vitis_HLS/2020.2/common/technology/xilinx/interface/maxi.hlp 
Execute           source /opt/Xilinx/Vitis_HLS/2020.2/common/technology/xilinx/interface/saxilite.hlp 
Execute         source /opt/Xilinx/Vitis_HLS/2020.2/common/technology/xilinx/DSP48/dsp48.hlp 
Execute         source /opt/Xilinx/Vitis_HLS/2020.2/common/technology/xilinx/DSP48/zynq_dsp48e1.hlp 
Execute       source /opt/Xilinx/Vitis_HLS/2020.2/common/technology/xilinx/common/xilinx.gen 
Execute         source /opt/Xilinx/Vitis_HLS/2020.2/common/technology/xilinx/interface/plb46.gen 
Execute         source /opt/Xilinx/Vitis_HLS/2020.2/common/technology/xilinx/interface/axi4.gen 
Execute         source /opt/Xilinx/Vitis_HLS/2020.2/common/technology/xilinx/interface/nativeAXI4.gen 
Execute           source /opt/Xilinx/Vitis_HLS/2020.2/common/technology/xilinx/interface/saxilite.gen 
Execute           source /opt/Xilinx/Vitis_HLS/2020.2/common/technology/xilinx/interface/maxi.gen 
Execute         source /opt/Xilinx/Vitis_HLS/2020.2/common/technology/xilinx/scripts/xilinxcoregen.gen 
Execute         source /opt/Xilinx/Vitis_HLS/2020.2/common/technology/xilinx/interface/XilEDKCoreGen.gen 
Execute         source /opt/Xilinx/Vitis_HLS/2020.2/common/technology/xilinx/ip/dds_compiler.gen 
Execute         source /opt/Xilinx/Vitis_HLS/2020.2/common/technology/xilinx/ip/util.gen 
Execute         source /opt/Xilinx/Vitis_HLS/2020.2/common/technology/xilinx/ip/xfft.gen 
Command         ap_source done; 0.24 sec.
Execute         source /opt/Xilinx/Vitis_HLS/2020.2/common/technology/xilinx/ip/xfir.gen 
Execute         source /opt/Xilinx/Vitis_HLS/2020.2/common/technology/xilinx/DSP48/dsp48.gen 
Command       ap_source done; 0.32 sec.
Command     add_library done; 0.44 sec.
Execute     ap_part_info -name xc7z020-clg484-1 -data info 
Execute     config_compile -quiet -complex-mul-dsp=0 
Command   set_part done; 0.54 sec.
Execute   create_clock -period 10 -name default 
INFO: [HLS 200-1510] Running: create_clock -period 10 -name default 
Execute   config_unroll -tripcount_threshold 1 
INFO: [HLS 200-1510] Running: config_unroll -tripcount_threshold 1 
INFO: [XFORM 203-502] Automatic unrolling enabled: cut-off trip count is 1.
Execute   source ./computeP2/solution1_no_opt/directives.tcl 
Execute     set_directive_top -name computeP2 computeP2 
INFO: [HLS 200-1510] Running: set_directive_top -name computeP2 computeP2 
INFO-FLOW: Setting directive 'TOP' name=computeP2 
Execute     set_directive_pipeline linear_combination/LOOP_LC2 
INFO: [HLS 200-1510] Running: set_directive_pipeline linear_combination/LOOP_LC2 
INFO-FLOW: Setting directive 'TOP' name=computeP2 
INFO-FLOW: Setting directive 'PIPELINE' 
Execute   csynth_design 
INFO: [HLS 200-1510] Running: csynth_design 
Execute     get_config_compile -effort 
Execute     get_config_compile -enable_clang39 
Execute     get_config_compile -g 
Execute     get_config_compile -ng 
Execute     get_config_compile -opt_fp 
Execute     get_config_compile -skip_cdt 
Execute     get_config_compile -skip_syncheck 
Execute     get_config_compile -skip_transform 
Execute     get_config_compile -keep_printf 
Execute     elaborate -effort=medium -skip_syncheck=0 -keep_printf=0 -skip_cdt=0 -skip_transform=0 -ng=0 -g=0 -opt_fp=0 -from_csynth_design=1 
INFO: [HLS 200-111] Finished File checks and directory preparation: CPU user time: 0.01 seconds. CPU system time: 0 seconds. Elapsed time: 0.06 seconds; current allocated memory: 180.288 MB.
INFO: [HLS 200-10] Analyzing design file 'computeP2/c/computeP2.cpp' ... 
INFO-FLOW: Compiling one TU...
Execute       get_config_compile -pragma_strict_mode 
INFO-FLOW: Handling computeP2/c/computeP2.cpp as C++
Execute       ap_part_info -name xc7z020-clg484-1 -data info 
INFO-FLOW: Running: GCC PP 39
INFO-FLOW: Source preprocessing
Execute       ap_eval exec -ignorestderr /opt/Xilinx/Vitis_HLS/2020.2/lnx64/tools/clang-3.9-csynth/bin/clang computeP2/c/computeP2.cpp -foptimization-record-file=/home/osm/Documents/SECT-MAYO/MAYO/HLS/computeP2/solution1_no_opt/.autopilot/db/clang.computeP2.cpp.diag.yml -mllvm -pass-remarks-missed=reflow|pasta|unroll -mllvm -pass-remarks=reflow|pasta|unroll|inline -fno-limit-debug-info -gcc-toolchain /opt/Xilinx/Vitis_HLS/2020.2/tps/lnx64/gcc-6.2.0 -fhls -fno-exceptions -E -fno-math-errno -c -emit-llvm -mllvm -disable-llvm-optzns -Werror=implicit-function-declaration -Werror=implicit-hls-streams -Werror=return-type -Wpragmas -Wunused-parameter -fno-threadsafe-statics -fno-use-cxa-atexit -std=gnu++14 -target fpga64-xilinx-linux-gnu -fno-threadsafe-statics -fno-use-cxa-atexit -I /opt/Xilinx/Vitis_HLS/2020.2/common/technology/autopilot/39 -D__VITIS_HLS__ -DAESL_SYN -D__SYNTHESIS__ -D__HLS_SYN__ -I /opt/Xilinx/Vitis_HLS/2020.2/common/technology/autopilot -I /opt/Xilinx/Vitis_HLS/2020.2/common/technology/autopilot/ap_sysc -include etc/autopilot_ssdm_op.h -D__DSP48E1__ -o /home/osm/Documents/SECT-MAYO/MAYO/HLS/computeP2/solution1_no_opt/.autopilot/db/computeP2.pp.0.cpp > /home/osm/Documents/SECT-MAYO/MAYO/HLS/computeP2/solution1_no_opt/.autopilot/db/clang.computeP2.cpp.out.log 2> /home/osm/Documents/SECT-MAYO/MAYO/HLS/computeP2/solution1_no_opt/.autopilot/db/clang.computeP2.cpp.err.log 
Command       ap_eval done; 7.17 sec.
INFO-FLOW: Done: GCC PP 39 time: 7.2 seconds per iteration
Execute       set_directive_top computeP2 -name=computeP2 
INFO-FLOW: Setting directive 'TOP' name=computeP2 
INFO-FLOW: Setting directive 'PIPELINE' 
INFO-FLOW: Setting directive 'TOP' name=computeP2 
INFO-FLOW: Setting directive 'TOP' name=computeP2 
INFO-FLOW: Setting directive 'PIPELINE' 
INFO-FLOW: Setting directive 'TOP' name=computeP2 
Execute       source /opt/Xilinx/Vitis_HLS/2020.2/tps/tcl/tcllib1.11.1/yaml/huddle.tcl 
Command       ap_source done; 0.17 sec.
Execute       source /opt/Xilinx/Vitis_HLS/2020.2/tps/tcl/tcllib1.11.1/yaml/json2huddle.tcl 
Execute         source /opt/Xilinx/Vitis_HLS/2020.2/tps/tcl/tcllib1.11.1/try/try.tcl 
Command         ap_source done; 0.15 sec.
Command       ap_source done; 0.27 sec.
INFO-FLOW: Setting directive 'TOP' name=computeP2 
INFO-FLOW: Setting directive 'PIPELINE' 
INFO-FLOW: Setting directive 'TOP' name=computeP2 
Execute       list_core -type functional_unit 
Execute       clang_tidy xilinx-systemc-detector /home/osm/Documents/SECT-MAYO/MAYO/HLS/computeP2/solution1_no_opt/.autopilot/db/computeP2.pp.0.cpp std=gnu++14 -target fpga  -directive=/home/osm/Documents/SECT-MAYO/MAYO/HLS/computeP2/solution1_no_opt/.autopilot/db/.systemc_flag 
INFO-FLOW: exec /opt/Xilinx/Vitis_HLS/2020.2/lnx64/tools/clang-3.9-csynth/bin/clang-tidy -header-filter=.* --checks=-*,xilinx-systemc-detector -import-directive=/home/osm/Documents/SECT-MAYO/MAYO/HLS/computeP2/solution1_no_opt/.autopilot/db/.systemc_flag -fix-errors /home/osm/Documents/SECT-MAYO/MAYO/HLS/computeP2/solution1_no_opt/.autopilot/db/computeP2.pp.0.cpp -- -std=gnu++14 -target fpga -fhls -ferror-limit=0
Command       clang_tidy done; 13.7 sec.
INFO-FLOW: Running: clang-tidy CDT preprocess 39
Execute       clang_tidy xilinx-directive2pragma /home/osm/Documents/SECT-MAYO/MAYO/HLS/computeP2/solution1_no_opt/.autopilot/db/computeP2.pp.0.cpp std=gnu++14 -target fpga  -directive=/home/osm/Documents/SECT-MAYO/MAYO/HLS/computeP2/solution1_no_opt/.autopilot/db/all.directive.json 
INFO-FLOW: exec /opt/Xilinx/Vitis_HLS/2020.2/lnx64/tools/clang-3.9-csynth/bin/clang-tidy -header-filter=.* --checks=-*,xilinx-directive2pragma -import-directive=/home/osm/Documents/SECT-MAYO/MAYO/HLS/computeP2/solution1_no_opt/.autopilot/db/all.directive.json -fix-errors /home/osm/Documents/SECT-MAYO/MAYO/HLS/computeP2/solution1_no_opt/.autopilot/db/computeP2.pp.0.cpp -- -std=gnu++14 -target fpga -fhls -ferror-limit=0
Command       clang_tidy done; 9.37 sec.
Execute       clang_tidy xilinx-constantarray-param,xilinx-remove-assert /home/osm/Documents/SECT-MAYO/MAYO/HLS/computeP2/solution1_no_opt/.autopilot/db/computeP2.pp.0.cpp std=gnu++14 -target fpga  
INFO-FLOW: exec /opt/Xilinx/Vitis_HLS/2020.2/lnx64/tools/clang-3.9-csynth/bin/clang-tidy -header-filter=.* --checks=-*,xilinx-constantarray-param,xilinx-remove-assert -fix-errors /home/osm/Documents/SECT-MAYO/MAYO/HLS/computeP2/solution1_no_opt/.autopilot/db/computeP2.pp.0.cpp -- -std=gnu++14 -target fpga -fhls -ferror-limit=0
Command       clang_tidy done; 12.34 sec.
INFO-FLOW: Done: clang-tidy CDT preprocess 39 time: 21.7 seconds per iteration
INFO-FLOW: Calling xilinx-label-all-loops ... 
Execute       clang_tidy -errorcheck xilinx-label-all-loops,xilinx-top-parameters,xilinx-array-stream-check,xilinx-warn-mayneed-no-ctor-attribute /home/osm/Documents/SECT-MAYO/MAYO/HLS/computeP2/solution1_no_opt/.autopilot/db/computeP2.pp.0.cpp std=gnu++14 -target fpga  
Execute         ap_eval exec -ignorestderr /opt/Xilinx/Vitis_HLS/2020.2/lnx64/tools/clang-3.9-csynth/bin/clang-tidy -export-fixes=/home/osm/Documents/SECT-MAYO/MAYO/HLS/computeP2/solution1_no_opt/.autopilot/db/clang-tidy.computeP2.pp.0.cpp.diag.yml -header-filter=.* --checks=-*,xilinx-label-all-loops,xilinx-top-parameters,xilinx-array-stream-check,xilinx-warn-mayneed-no-ctor-attribute -fix-errors /home/osm/Documents/SECT-MAYO/MAYO/HLS/computeP2/solution1_no_opt/.autopilot/db/computeP2.pp.0.cpp -- -std=gnu++14 -target fpga -fhls -ferror-limit=0 > /home/osm/Documents/SECT-MAYO/MAYO/HLS/computeP2/solution1_no_opt/.autopilot/db/clang-tidy.computeP2.pp.0.cpp.out.log 2> /home/osm/Documents/SECT-MAYO/MAYO/HLS/computeP2/solution1_no_opt/.autopilot/db/clang-tidy.computeP2.pp.0.cpp.err.log 
Command         ap_eval done; 13.99 sec.
Execute         source /opt/Xilinx/Vitis_HLS/2020.2/tps/tcl/tcllib1.11.1/yaml/yaml.tcl 
Execute           source /opt/Xilinx/Vitis_HLS/2020.2/tps/tcl/tcllib1.11.1/cmdline/cmdline.tcl 
Command           ap_source done; 0.11 sec.
Command         ap_source done; 0.38 sec.
Command       clang_tidy done; 16.28 sec.
Execute       get_config_dataflow -strict_mode 
Execute       ap_eval exec -ignorestderr /opt/Xilinx/Vitis_HLS/2020.2/lnx64/tools/clang-3.9-csynth/bin/xilinx-dataflow-lawyer -export-fixes=/home/osm/Documents/SECT-MAYO/MAYO/HLS/computeP2/solution1_no_opt/.autopilot/db/xilinx-dataflow-lawyer.computeP2.pp.0.cpp.diag.yml /home/osm/Documents/SECT-MAYO/MAYO/HLS/computeP2/solution1_no_opt/.autopilot/db/computeP2.pp.0.cpp -- -std=gnu++14 -target fpga -fhls -ferror-limit=0 -fstrict-dataflow > /home/osm/Documents/SECT-MAYO/MAYO/HLS/computeP2/solution1_no_opt/.autopilot/db/xilinx-dataflow-lawyer.computeP2.pp.0.cpp.out.log 2> /home/osm/Documents/SECT-MAYO/MAYO/HLS/computeP2/solution1_no_opt/.autopilot/db/xilinx-dataflow-lawyer.computeP2.pp.0.cpp.err.log 
Command       ap_eval done; 9.91 sec.
Execute       ap_part_info -name xc7z020-clg484-1 -data info 
Command       ap_part_info done; 0.28 sec.
INFO-FLOW: compiling source code to llvm bc
Execute       ap_eval exec -ignorestderr /opt/Xilinx/Vitis_HLS/2020.2/lnx64/tools/clang-3.9-csynth/bin/clang -foptimization-record-file=/home/osm/Documents/SECT-MAYO/MAYO/HLS/computeP2/solution1_no_opt/.autopilot/db/clang.computeP2.pp.0.cpp.diag.yml -mllvm -pass-remarks-missed=reflow|pasta|unroll -mllvm -pass-remarks=reflow|pasta|unroll|inline -fno-limit-debug-info -fhls -flto -fno-exceptions -Wno-error=c++11-narrowing /home/osm/Documents/SECT-MAYO/MAYO/HLS/computeP2/solution1_no_opt/.autopilot/db/computeP2.pp.0.cpp -fno-math-errno -c -emit-llvm -mllvm -disable-llvm-optzns -Werror=implicit-function-declaration -Werror=implicit-hls-streams -Werror=return-type -Wpragmas -Wunused-parameter -fno-threadsafe-statics -fno-use-cxa-atexit -std=gnu++14 -target fpga64-xilinx-linux-gnu -D__VITIS_HLS__ -DAESL_SYN -D__SYNTHESIS__ -D__HLS_SYN__ -I /opt/Xilinx/Vitis_HLS/2020.2/common/technology/autopilot -I /opt/Xilinx/Vitis_HLS/2020.2/common/technology/autopilot/ap_sysc -include etc/autopilot_ssdm_op.h -D__DSP48E1__ -g -o /home/osm/Documents/SECT-MAYO/MAYO/HLS/computeP2/solution1_no_opt/.autopilot/db/computeP2.bc > /home/osm/Documents/SECT-MAYO/MAYO/HLS/computeP2/solution1_no_opt/.autopilot/db/clang.computeP2.pp.0.cpp.out.log 2> /home/osm/Documents/SECT-MAYO/MAYO/HLS/computeP2/solution1_no_opt/.autopilot/db/clang.computeP2.pp.0.cpp.err.log 
Command       ap_eval done; 12.73 sec.
WARNING: [HLS 207-5510] 'Resource pragma' is deprecated, and it will be removed in future release. It is suggested to replace it with 'bind_op/bind_storage pragma'.: /opt/Xilinx/Vitis_HLS/2020.2/common/technology/autopilot/hls_hotbm_apfixed.h:117:9
WARNING: [HLS 207-5510] 'Resource pragma' is deprecated, and it will be removed in future release. It is suggested to replace it with 'bind_op/bind_storage pragma'.: /opt/Xilinx/Vitis_HLS/2020.2/common/technology/autopilot/hls_hotbm_apfixed.h:118:9
WARNING: [HLS 207-5510] 'Resource pragma' is deprecated, and it will be removed in future release. It is suggested to replace it with 'bind_op/bind_storage pragma'.: /opt/Xilinx/Vitis_HLS/2020.2/common/technology/autopilot/hls_hotbm_apfixed.h:119:9
WARNING: [HLS 207-5510] 'Resource pragma' is deprecated, and it will be removed in future release. It is suggested to replace it with 'bind_op/bind_storage pragma'.: /opt/Xilinx/Vitis_HLS/2020.2/common/technology/autopilot/hls_hotbm_apfixed.h:120:9
WARNING: [HLS 207-5510] 'Resource pragma' is deprecated, and it will be removed in future release. It is suggested to replace it with 'bind_op/bind_storage pragma'.: /opt/Xilinx/Vitis_HLS/2020.2/common/technology/autopilot/hls_hotbm_apfixed.h:121:9
WARNING: [HLS 207-5510] 'Resource pragma' is deprecated, and it will be removed in future release. It is suggested to replace it with 'bind_op/bind_storage pragma'.: /opt/Xilinx/Vitis_HLS/2020.2/common/technology/autopilot/hls_hotbm_apfixed.h:151:9
WARNING: [HLS 207-5510] 'Resource pragma' is deprecated, and it will be removed in future release. It is suggested to replace it with 'bind_op/bind_storage pragma'.: /opt/Xilinx/Vitis_HLS/2020.2/common/technology/autopilot/hls_hotbm_apfixed.h:152:9
WARNING: [HLS 207-5510] 'Resource pragma' is deprecated, and it will be removed in future release. It is suggested to replace it with 'bind_op/bind_storage pragma'.: /opt/Xilinx/Vitis_HLS/2020.2/common/technology/autopilot/hls_hotbm_apfixed.h:153:9
WARNING: [HLS 207-5510] 'Resource pragma' is deprecated, and it will be removed in future release. It is suggested to replace it with 'bind_op/bind_storage pragma'.: /opt/Xilinx/Vitis_HLS/2020.2/common/technology/autopilot/hls_hotbm_apfixed.h:154:9
WARNING: [HLS 207-5510] 'Resource pragma' is deprecated, and it will be removed in future release. It is suggested to replace it with 'bind_op/bind_storage pragma'.: /opt/Xilinx/Vitis_HLS/2020.2/common/technology/autopilot/hls_hotbm_apfixed.h:155:9
WARNING: [HLS 207-5510] 'Resource pragma' is deprecated, and it will be removed in future release. It is suggested to replace it with 'bind_op/bind_storage pragma'.: /opt/Xilinx/Vitis_HLS/2020.2/common/technology/autopilot/hls_hotbm_apfixed.h:156:9
WARNING: [HLS 207-5510] 'Resource pragma' is deprecated, and it will be removed in future release. It is suggested to replace it with 'bind_op/bind_storage pragma'.: /opt/Xilinx/Vitis_HLS/2020.2/common/technology/autopilot/hls_hotbm_apfixed.h:157:9
WARNING: [HLS 207-5510] 'Resource pragma' is deprecated, and it will be removed in future release. It is suggested to replace it with 'bind_op/bind_storage pragma'.: /opt/Xilinx/Vitis_HLS/2020.2/common/technology/autopilot/hls_hotbm_apfixed.h:158:9
WARNING: [HLS 207-5510] 'Resource pragma' is deprecated, and it will be removed in future release. It is suggested to replace it with 'bind_op/bind_storage pragma'.: /opt/Xilinx/Vitis_HLS/2020.2/common/technology/autopilot/hls_hotbm_apfixed.h:159:9
WARNING: [HLS 207-5510] 'Resource pragma' is deprecated, and it will be removed in future release. It is suggested to replace it with 'bind_op/bind_storage pragma'.: /opt/Xilinx/Vitis_HLS/2020.2/common/technology/autopilot/hls_hotbm_apfixed.h:160:9
WARNING: [HLS 207-5510] 'Resource pragma' is deprecated, and it will be removed in future release. It is suggested to replace it with 'bind_op/bind_storage pragma'.: /opt/Xilinx/Vitis_HLS/2020.2/common/technology/autopilot/hls_hotbm_apfixed.h:210:9
WARNING: [HLS 207-5510] 'Resource pragma' is deprecated, and it will be removed in future release. It is suggested to replace it with 'bind_op/bind_storage pragma'.: /opt/Xilinx/Vitis_HLS/2020.2/common/technology/autopilot/hls_hotbm_apfixed.h:211:9
WARNING: [HLS 207-5510] 'Resource pragma' is deprecated, and it will be removed in future release. It is suggested to replace it with 'bind_op/bind_storage pragma'.: /opt/Xilinx/Vitis_HLS/2020.2/common/technology/autopilot/hls_hotbm_apfixed.h:212:9
WARNING: [HLS 207-5510] 'Resource pragma' is deprecated, and it will be removed in future release. It is suggested to replace it with 'bind_op/bind_storage pragma'.: /opt/Xilinx/Vitis_HLS/2020.2/common/technology/autopilot/hls_hotbm_apfixed.h:239:9
WARNING: [HLS 207-5510] 'Resource pragma' is deprecated, and it will be removed in future release. It is suggested to replace it with 'bind_op/bind_storage pragma'.: /opt/Xilinx/Vitis_HLS/2020.2/common/technology/autopilot/hls_hotbm_apfixed.h:240:9
WARNING: [HLS 207-5510] 'Resource pragma' is deprecated, and it will be removed in future release. It is suggested to replace it with 'bind_op/bind_storage pragma'.: /opt/Xilinx/Vitis_HLS/2020.2/common/technology/autopilot/hls_hotbm_apfixed.h:241:9
WARNING: [HLS 207-5510] 'Resource pragma' is deprecated, and it will be removed in future release. It is suggested to replace it with 'bind_op/bind_storage pragma'.: /opt/Xilinx/Vitis_HLS/2020.2/common/technology/autopilot/hls_hotbm_apfixed.h:242:9
WARNING: [HLS 207-5510] 'Resource pragma' is deprecated, and it will be removed in future release. It is suggested to replace it with 'bind_op/bind_storage pragma'.: /opt/Xilinx/Vitis_HLS/2020.2/common/technology/autopilot/hls_hotbm_apfixed.h:243:9
WARNING: [HLS 207-5510] 'Resource pragma' is deprecated, and it will be removed in future release. It is suggested to replace it with 'bind_op/bind_storage pragma'.: /opt/Xilinx/Vitis_HLS/2020.2/common/technology/autopilot/hls_hotbm_apfixed.h:244:9
WARNING: [HLS 207-5510] 'Resource pragma' is deprecated, and it will be removed in future release. It is suggested to replace it with 'bind_op/bind_storage pragma'.: /opt/Xilinx/Vitis_HLS/2020.2/common/technology/autopilot/hls_hotbm_apfixed.h:280:9
WARNING: [HLS 207-5510] 'Resource pragma' is deprecated, and it will be removed in future release. It is suggested to replace it with 'bind_op/bind_storage pragma'.: /opt/Xilinx/Vitis_HLS/2020.2/common/technology/autopilot/hls_hotbm_apfixed.h:281:9
INFO: [HLS 200-111] Finished Source Code Analysis and Preprocessing: CPU user time: 53.4 seconds. CPU system time: 2.91 seconds. Elapsed time: 83.03 seconds; current allocated memory: 182.616 MB.
INFO-FLOW: Linking Debug ...
INFO-FLOW: Linking dut bc code.
Execute       run_link_or_opt -out /home/osm/Documents/SECT-MAYO/MAYO/HLS/computeP2/solution1_no_opt/.autopilot/db/a.g.ld.0.bc -args  "/home/osm/Documents/SECT-MAYO/MAYO/HLS/computeP2/solution1_no_opt/.autopilot/db/computeP2.g.bc"  
Execute         ap_eval exec -ignorestderr /opt/Xilinx/Vitis_HLS/2020.2/lnx64/tools/clang-3.9-csynth/bin/llvm-link /home/osm/Documents/SECT-MAYO/MAYO/HLS/computeP2/solution1_no_opt/.autopilot/db/computeP2.g.bc -o /home/osm/Documents/SECT-MAYO/MAYO/HLS/computeP2/solution1_no_opt/.autopilot/db/a.g.ld.0.bc > /home/osm/Documents/SECT-MAYO/MAYO/HLS/computeP2/solution1_no_opt/.autopilot/db/llvm-link.a.g.ld.0.bc.out.log 2> /home/osm/Documents/SECT-MAYO/MAYO/HLS/computeP2/solution1_no_opt/.autopilot/db/llvm-link.a.g.ld.0.bc.err.log 
Command         ap_eval done; 0.32 sec.
INFO-FLOW: 
Command       run_link_or_opt done; 0.33 sec.
Execute       run_link_or_opt -opt -out /home/osm/Documents/SECT-MAYO/MAYO/HLS/computeP2/solution1_no_opt/.autopilot/db/a.g.ld.1.lower.bc -args /home/osm/Documents/SECT-MAYO/MAYO/HLS/computeP2/solution1_no_opt/.autopilot/db/a.g.ld.0.bc -reflow-lower-math-intrinsics 
Execute         ap_eval exec -ignorestderr /opt/Xilinx/Vitis_HLS/2020.2/lnx64/tools/clang-3.9-csynth/bin/opt -pass-remarks-missed=reflow|pasta|unroll -pass-remarks=reflow|pasta|unroll|inline -pass-remarks-output=/home/osm/Documents/SECT-MAYO/MAYO/HLS/computeP2/solution1_no_opt/.autopilot/db/opt.a.g.ld.1.lower.bc.diag.yml /home/osm/Documents/SECT-MAYO/MAYO/HLS/computeP2/solution1_no_opt/.autopilot/db/a.g.ld.0.bc -reflow-lower-math-intrinsics -o /home/osm/Documents/SECT-MAYO/MAYO/HLS/computeP2/solution1_no_opt/.autopilot/db/a.g.ld.1.lower.bc > /home/osm/Documents/SECT-MAYO/MAYO/HLS/computeP2/solution1_no_opt/.autopilot/db/opt.a.g.ld.1.lower.bc.out.log 2> /home/osm/Documents/SECT-MAYO/MAYO/HLS/computeP2/solution1_no_opt/.autopilot/db/opt.a.g.ld.1.lower.bc.err.log 
Command         ap_eval done; 1.95 sec.
INFO-FLOW: 
Command       run_link_or_opt done; 1.95 sec.
INFO-FLOW: Linking math bc lib
Execute       run_link_or_opt -out /home/osm/Documents/SECT-MAYO/MAYO/HLS/computeP2/solution1_no_opt/.autopilot/db/a.g.ld.2.m1.bc -args /home/osm/Documents/SECT-MAYO/MAYO/HLS/computeP2/solution1_no_opt/.autopilot/db/a.g.ld.1.lower.bc -only-needed /opt/Xilinx/Vitis_HLS/2020.2/lnx64/lib/libhlsm_39.bc /opt/Xilinx/Vitis_HLS/2020.2/lnx64/lib/libhlsmc++_39.bc 
Execute         ap_eval exec -ignorestderr /opt/Xilinx/Vitis_HLS/2020.2/lnx64/tools/clang-3.9-csynth/bin/llvm-link /home/osm/Documents/SECT-MAYO/MAYO/HLS/computeP2/solution1_no_opt/.autopilot/db/a.g.ld.1.lower.bc -only-needed /opt/Xilinx/Vitis_HLS/2020.2/lnx64/lib/libhlsm_39.bc /opt/Xilinx/Vitis_HLS/2020.2/lnx64/lib/libhlsmc++_39.bc -o /home/osm/Documents/SECT-MAYO/MAYO/HLS/computeP2/solution1_no_opt/.autopilot/db/a.g.ld.2.m1.bc > /home/osm/Documents/SECT-MAYO/MAYO/HLS/computeP2/solution1_no_opt/.autopilot/db/llvm-link.a.g.ld.2.m1.bc.out.log 2> /home/osm/Documents/SECT-MAYO/MAYO/HLS/computeP2/solution1_no_opt/.autopilot/db/llvm-link.a.g.ld.2.m1.bc.err.log 
Command         ap_eval done; 7.02 sec.
INFO-FLOW: 
Command       run_link_or_opt done; 7.02 sec.
Execute       run_link_or_opt -opt -out /home/osm/Documents/SECT-MAYO/MAYO/HLS/computeP2/solution1_no_opt/.autopilot/db/a.g.ld.3.fpc.bc -args /home/osm/Documents/SECT-MAYO/MAYO/HLS/computeP2/solution1_no_opt/.autopilot/db/a.g.ld.2.m1.bc -reflow-globaldce -hls-top-function-name=computeP2 -reflow-float-conversion 
Execute         ap_eval exec -ignorestderr /opt/Xilinx/Vitis_HLS/2020.2/lnx64/tools/clang-3.9-csynth/bin/opt -pass-remarks-missed=reflow|pasta|unroll -pass-remarks=reflow|pasta|unroll|inline -pass-remarks-output=/home/osm/Documents/SECT-MAYO/MAYO/HLS/computeP2/solution1_no_opt/.autopilot/db/opt.a.g.ld.3.fpc.bc.diag.yml /home/osm/Documents/SECT-MAYO/MAYO/HLS/computeP2/solution1_no_opt/.autopilot/db/a.g.ld.2.m1.bc -reflow-globaldce -hls-top-function-name=computeP2 -reflow-float-conversion -o /home/osm/Documents/SECT-MAYO/MAYO/HLS/computeP2/solution1_no_opt/.autopilot/db/a.g.ld.3.fpc.bc > /home/osm/Documents/SECT-MAYO/MAYO/HLS/computeP2/solution1_no_opt/.autopilot/db/opt.a.g.ld.3.fpc.bc.out.log 2> /home/osm/Documents/SECT-MAYO/MAYO/HLS/computeP2/solution1_no_opt/.autopilot/db/opt.a.g.ld.3.fpc.bc.err.log 
Command         ap_eval done; 2.67 sec.
INFO-FLOW: 
Command       run_link_or_opt done; 2.68 sec.
Execute       run_link_or_opt -out /home/osm/Documents/SECT-MAYO/MAYO/HLS/computeP2/solution1_no_opt/.autopilot/db/a.g.ld.4.m2.bc -args /home/osm/Documents/SECT-MAYO/MAYO/HLS/computeP2/solution1_no_opt/.autopilot/db/a.g.ld.3.fpc.bc -only-needed /opt/Xilinx/Vitis_HLS/2020.2/lnx64/lib/libfloatconversion_39.bc 
Execute         ap_eval exec -ignorestderr /opt/Xilinx/Vitis_HLS/2020.2/lnx64/tools/clang-3.9-csynth/bin/llvm-link /home/osm/Documents/SECT-MAYO/MAYO/HLS/computeP2/solution1_no_opt/.autopilot/db/a.g.ld.3.fpc.bc -only-needed /opt/Xilinx/Vitis_HLS/2020.2/lnx64/lib/libfloatconversion_39.bc -o /home/osm/Documents/SECT-MAYO/MAYO/HLS/computeP2/solution1_no_opt/.autopilot/db/a.g.ld.4.m2.bc > /home/osm/Documents/SECT-MAYO/MAYO/HLS/computeP2/solution1_no_opt/.autopilot/db/llvm-link.a.g.ld.4.m2.bc.out.log 2> /home/osm/Documents/SECT-MAYO/MAYO/HLS/computeP2/solution1_no_opt/.autopilot/db/llvm-link.a.g.ld.4.m2.bc.err.log 
Command         ap_eval done; 0.58 sec.
INFO-FLOW: 
Command       run_link_or_opt done; 0.58 sec.
Execute       run_link_or_opt -opt -out /home/osm/Documents/SECT-MAYO/MAYO/HLS/computeP2/solution1_no_opt/.autopilot/db/a.g.ld.5.gdce.bc -args /home/osm/Documents/SECT-MAYO/MAYO/HLS/computeP2/solution1_no_opt/.autopilot/db/a.g.ld.4.m2.bc -reflow-globaldce -hls-top-function-name=computeP2 
Execute         ap_eval exec -ignorestderr /opt/Xilinx/Vitis_HLS/2020.2/lnx64/tools/clang-3.9-csynth/bin/opt -pass-remarks-missed=reflow|pasta|unroll -pass-remarks=reflow|pasta|unroll|inline -pass-remarks-output=/home/osm/Documents/SECT-MAYO/MAYO/HLS/computeP2/solution1_no_opt/.autopilot/db/opt.a.g.ld.5.gdce.bc.diag.yml /home/osm/Documents/SECT-MAYO/MAYO/HLS/computeP2/solution1_no_opt/.autopilot/db/a.g.ld.4.m2.bc -reflow-globaldce -hls-top-function-name=computeP2 -o /home/osm/Documents/SECT-MAYO/MAYO/HLS/computeP2/solution1_no_opt/.autopilot/db/a.g.ld.5.gdce.bc > /home/osm/Documents/SECT-MAYO/MAYO/HLS/computeP2/solution1_no_opt/.autopilot/db/opt.a.g.ld.5.gdce.bc.out.log 2> /home/osm/Documents/SECT-MAYO/MAYO/HLS/computeP2/solution1_no_opt/.autopilot/db/opt.a.g.ld.5.gdce.bc.err.log 
Command         ap_eval done; 0.44 sec.
INFO-FLOW: 
Command       run_link_or_opt done; 0.44 sec.
Execute       get_solution -flow_target 
Execute       get_config_export -xo 
Execute       get_config_export -format 
Execute       get_config_rtl -module_prefix 
Execute       get_config_interface -default_slave_interface 
Execute       get_solution -flow_target 
Execute       get_config_export -xo 
Execute       get_config_export -format 
Execute       get_config_interface -m_axi_offset 
Execute       get_config_interface -m_axi_latency 
Execute       get_config_interface -m_axi_alignment_byte_size 
Execute       get_config_interface -m_axi_min_bitwidth 
Execute       get_config_interface -m_axi_max_bitwidth 
Execute       get_config_interface -m_axi_max_widen_bitwidth 
Execute       get_config_interface -m_axi_num_read_outstanding 
Execute       get_config_interface -m_axi_num_write_outstanding 
Execute       get_config_interface -m_axi_max_read_burst_length 
Execute       get_config_interface -m_axi_max_write_burst_length 
Execute       get_config_interface -m_axi_min_bitwidth 
Execute       get_config_interface -m_axi_max_bitwidth 
Execute       get_config_interface -m_axi_latency 
Execute       get_config_interface -m_axi_min_bitwidth 
Execute       get_config_interface -m_axi_max_bitwidth 
Execute       get_config_interface -m_axi_max_widen_bitwidth 
Execute       get_config_interface -m_axi_auto_max_ports 
Execute       get_config_interface -m_axi_num_read_outstanding 
Execute       get_config_interface -m_axi_num_write_outstanding 
Execute       get_config_interface -m_axi_max_read_burst_length 
Execute       get_config_interface -m_axi_max_write_burst_length 
Execute       get_config_interface -s_axilite_data64 
Execute       get_config_interface -m_axi_alignment_byte_size 
Execute       get_config_compile -pragma_strict_mode 
Execute       get_config_compile -pipeline_style 
Execute       send_msg_by_id INFO @200-777@%s Vivado 
INFO: [HLS 200-777] Using interface defaults for 'Vivado' flow target.
Execute       is_m_axi_addr64 
INFO-FLOW: Doing LTO.
Execute       ap_eval exec -ignorestderr /opt/Xilinx/Vitis_HLS/2020.2/lnx64/tools/clang-3.9-csynth/bin/clang -foptimization-record-file=/home/osm/Documents/SECT-MAYO/MAYO/HLS/computeP2/solution1_no_opt/.autopilot/db/clang.a.g.ld.0.bc.diag.yml -mllvm -pass-remarks-missed=reflow|pasta|unroll -mllvm -pass-remarks=reflow|pasta|unroll|inline -fhls -mllvm -hls-top-function-name=computeP2 -mllvm -hls-db-dir -mllvm /home/osm/Documents/SECT-MAYO/MAYO/HLS/computeP2/solution1_no_opt/.autopilot/db -emit-llvm -c -target fpga64-xilinx-none -mllvm -xcl-xmlinfo=/home/osm/Documents/SECT-MAYO/MAYO/HLS/computeP2/solution1_no_opt/.autopilot/db/kernel.internal.xml -mllvm -top-io-mapping-info=/home/osm/Documents/SECT-MAYO/MAYO/HLS/computeP2/solution1_no_opt/.autopilot/db/top-io-fe.xml -mllvm -hls-bitcode-version=3.1 -mllvm -reflow-enable-slave-interface-default-setting=true -mllvm -gen-kernel-xml=false -mllvm -default-maxi-offset=off -mllvm -maxi-latency=0 -mllvm -hls-maxi-data-size-in-bits=8 -mllvm -hls-maxi-max-data-size-in-bits=1024 -mllvm -hls-max-widen-size-in-bits=0 -mllvm -xcl-kernel-max-mem-ports=0 -mllvm -maxi-read-trans=16 -mllvm -maxi-write-trans=16 -mllvm -maxi-read-burst-len=16 -mllvm -maxi-write-burst-len=16 -mllvm -reflow-enable-saxi-64bits=0 -mllvm -assume-maxi-align=0 -mllvm -no-unaligned-maxi-accesses -mllvm -reflow-pipeline-style-llvm-setting=0 -mllvm -disable-inlined-alloca-merging=true -x ir /home/osm/Documents/SECT-MAYO/MAYO/HLS/computeP2/solution1_no_opt/.autopilot/db/a.g.ld.5.gdce.bc -o /home/osm/Documents/SECT-MAYO/MAYO/HLS/computeP2/solution1_no_opt/.autopilot/db/a.g.lto.bc > /home/osm/Documents/SECT-MAYO/MAYO/HLS/computeP2/solution1_no_opt/.autopilot/db/clang.a.g.ld.0.bc.out.log 2> /home/osm/Documents/SECT-MAYO/MAYO/HLS/computeP2/solution1_no_opt/.autopilot/db/clang.a.g.ld.0.bc.err.log 
Command       ap_eval done; 9.57 sec.
INFO: [HLS 214-188] Unrolling loop 'LOOP_N' (computeP2/c/computeP2.cpp:88:10) in function 'negate' partially with a factor of 2 (computeP2/c/computeP2.cpp:88:10)
INFO: [HLS 214-178] Inlining function 'fp_struct<double>::data() const (.12.22.32.42.52.62.72.82.123.133)' into 'fp_struct<double>::to_double() const (.9.19.29.39.49.59.69.79.120.130)' (/wrk/ci/prod/2020.2/rdi_builds/continuous/2020_11_18_3064766/src/shared/hls/clib/src/hls/utils/x_hls_utils.h:518:0)
INFO: [HLS 214-178] Inlining function 'fp_struct<double>::to_double() const (.9.19.29.39.49.59.69.79.120.130)' into 'fp_struct<double>::to_ieee() const' (/wrk/ci/prod/2020.2/rdi_builds/continuous/2020_11_18_3064766/src/shared/hls/clib/src/hls/utils/x_hls_utils.h:533:0)
INFO: [HLS 214-178] Inlining function 'fp_struct<double>::fp_struct(double)' into 'double fmdrmd::generic_remainder<double>(double, double)' (/wrk/ci/prod/2020.2/rdi_builds/continuous/2020_11_18_3064766/src/shared/hls/clib/hlsmath/include/FloatingPoint/hls_fmod_rem_quo.h:369:0)
INFO: [HLS 214-178] Inlining function 'fp_struct<double>::fp_struct(double)' into 'unsigned char generic_cast_IEEE754<unsigned char, (ap_q_mode)6, double>(double, bool, hls::enable_if<!(std::numeric_limits<unsigned char>::is_signed), bool>::type)' (/wrk/ci/prod/2020.2/rdi_builds/continuous/2020_11_18_3064766/src/shared/hls/clib/hlsmath/include/FloatingPoint/hls_case_IEEE754.h:65:0)
INFO: [HLS 214-178] Inlining function 'fp_struct<double>::mantissa() const' into 'unsigned char generic_cast_IEEE754<unsigned char, (ap_q_mode)6, double>(double, bool, hls::enable_if<!(std::numeric_limits<unsigned char>::is_signed), bool>::type)' (/wrk/ci/prod/2020.2/rdi_builds/continuous/2020_11_18_3064766/src/shared/hls/clib/hlsmath/include/FloatingPoint/hls_case_IEEE754.h:65:0)
INFO: [HLS 214-178] Inlining function 'fp_struct<double>::expv() const' into 'unsigned char generic_cast_IEEE754<unsigned char, (ap_q_mode)6, double>(double, bool, hls::enable_if<!(std::numeric_limits<unsigned char>::is_signed), bool>::type)' (/wrk/ci/prod/2020.2/rdi_builds/continuous/2020_11_18_3064766/src/shared/hls/clib/hlsmath/include/FloatingPoint/hls_case_IEEE754.h:65:0)
INFO: [HLS 214-178] Inlining function 'unsigned char generic_cast_IEEE754<unsigned char, (ap_q_mode)6, double>(double, bool, hls::enable_if<!(std::numeric_limits<unsigned char>::is_signed), bool>::type)' into 'unsigned char generic_cast_IEEE754<unsigned char, double>(double, bool)' (/wrk/ci/prod/2020.2/rdi_builds/continuous/2020_11_18_3064766/src/shared/hls/clib/hlsmath/include/FloatingPoint/hls_case_IEEE754.h:116:0)
INFO: [HLS 214-178] Inlining function 'unsigned char generic_cast_IEEE754<unsigned char, double>(double, bool)' into '__hls_fptoui_double_i8' (/wrk/ci/prod/2020.2/rdi_builds/continuous/2020_11_18_3064766/src/shared/hls/clib/hlsmath/src/lib_floatconversion.cpp:67:0)
INFO: [HLS 214-178] Inlining function 'remainder' into 'add_vectors(unsigned char*, unsigned char*, unsigned char*)' (computeP2/c/computeP2.cpp:120:0)
INFO: [HLS 214-178] Inlining function '__hls_fptoui_double_i8' into 'add_vectors(unsigned char*, unsigned char*, unsigned char*)' (computeP2/c/computeP2.cpp:120:0)
INFO: [HLS 214-178] Inlining function 'negate(unsigned char*, int)' into 'computeP2(unsigned char*, unsigned char*, unsigned char*)' (computeP2/c/computeP2.cpp:15:0)
INFO-FLOW: DBG:CMD: copy_raw_kernel_xml ap_link_39: kernel.xml not generated: /home/osm/Documents/SECT-MAYO/MAYO/HLS/computeP2/solution1_no_opt/.autopilot/db/kernel.internal.xml
INFO: [HLS 200-111] Finished Compiling Optimization and Transform: CPU user time: 15.89 seconds. CPU system time: 1.1 seconds. Elapsed time: 23.59 seconds; current allocated memory: 184.404 MB.
INFO: [HLS 200-111] Finished Checking Pragmas: CPU user time: 0 seconds. CPU system time: 0 seconds. Elapsed time: 0 seconds; current allocated memory: 184.405 MB.
Execute       opt_and_import_c a -opt_level=2 -skip_syncheck=0 -ng=0 -keep_printf=0 
Execute         cleanup_all_models 
Command         cleanup_all_models done; 0.24 sec.
INFO: [HLS 200-10] Starting code transformations ...
INFO-FLOW: Running Standard Transforms...
Execute         transform -hls -share-std-xform -demangle-name -inline-byval-memcpy -always-inline -promote-dbg-pointer -interface-preproc -mem2reg -scalarrepl -mem2reg -keep-read-access -instcombine -dce -promote-dbg-pointer -bitop-raise -loop-simplify -indvarspre -indvars -loop-simplify -xunroll -constprop -instcombine -simplifycfg -indvars -simplifycfg -dce -globaldce -basicaa -simplifycfg -mem2reg -globalopt -global-constprop -deadargelim -instcombine -simplifycfg -scalarrepl -instcombine -reassociate -licm -simplifycfg -loop-simplify -indvars -instcombine -simplifycfg -mem2reg -loop-simplify -indvars -instcombine -gvn -gvn -instcombine -adce -break-crit-edges -simplifycfg -loop-delete -global-array-opt -dce -dse -adce -find-syn-modules -top computeP2 -deadargelim -mem2reg -instcombine -dce -presyn-prepare -auto-rom-infer -interface-preproc -syn-check -check-rec-only -find-region -simplifycfg -func-extr -function-inline -globaldce -mem2reg -instcombine -dce -gvn -globaldce -adce -adse -constprop -instcombine -bit-constprop -instcombine -dce -simplifycfg -bitop-raise -simplifycfg -dce -loop-delete -reassociate -globalopt -global-privatize -mem2reg -dce -global-constprop -pointer-simplify -constprop -dce -func-inst -deadargelim -auto-shift-reg-idiom -promote-dbg-pointer -norm-name /home/osm/Documents/SECT-MAYO/MAYO/HLS/computeP2/solution1_no_opt/.autopilot/db/a.g.0.bc -o /home/osm/Documents/SECT-MAYO/MAYO/HLS/computeP2/solution1_no_opt/.autopilot/db/a.g.1.bc -f -phase std-opt 
Command         transform done; 5.08 sec.
INFO: [HLS 200-111] Finished Standard Transforms: CPU user time: 1.1 seconds. CPU system time: 0.17 seconds. Elapsed time: 5.38 seconds; current allocated memory: 291.020 MB.
INFO: [HLS 200-10] Checking synthesizability ...
INFO-FLOW: Checking Synthesizability 1/2..
Execute         transform -hls -syn-check -check-rec-only -disaggr -scalarrepl -norm-name -dce -mem2reg -instcombine -function-uniquify -directive-preproc -mem2reg -dse -dce -auto-rom-infer -dce -pag -array-normalize -instcombine -dce -array-seg-normalize -instcombine -dce -data-pack -instcombine -dce -inst-simplify -array-flatten -instcombine -dce -array-burst -dce -deadargelim -promote-global-argument -simplifycfg -mem2reg -globaldce -dce -deadargelim -dce -instcombine -function-inline -globaldce -dce -doublePtrSimplify -doublePtrElim -dce -doublePtrSimplify -promote-dbg-pointer -dce -scalarrepl -dse -adse -instcombine -ptrLegalization -simplifycfg -dce -instcombine -pointer-simplify -ptrArgReplace -dce -instcombine -resolve-double-ptr -disaggr -scalarrepl -norm-name -dce -mem2reg -instcombine -ptrLegalization -simplifycfg -deadargelim -instcombine -dce -inst-simplify -function-uniquify -directive-preproc -mem2reg -dse -dce -globaldce -check-dspbuiltin /home/osm/Documents/SECT-MAYO/MAYO/HLS/computeP2/solution1_no_opt/.autopilot/db/a.g.1.bc -o /home/osm/Documents/SECT-MAYO/MAYO/HLS/computeP2/solution1_no_opt/.autopilot/db/a.g.2.prechk.bc -f 
INFO: [XFORM 203-602] Inlining function 'fp_struct<double>::to_ieee' into 'fmdrmd::generic_remainder<double>' (/wrk/ci/prod/2020.2/rdi_builds/continuous/2020_11_18_3064766/src/shared/hls/clib/hlsmath/include/FloatingPoint/hls_fmod_rem_quo.h:408) automatically.
INFO: [XFORM 203-602] Inlining function 'add_vectors' into 'computeP2' (computeP2/c/computeP2.cpp:32) automatically.
INFO: [XFORM 203-602] Inlining function 'add_vectors.1' into 'computeP2' (computeP2/c/computeP2.cpp:44) automatically.
INFO: [XFORM 203-602] Inlining function 'add_vectors.2' into 'computeP2' (computeP2/c/computeP2.cpp:75) automatically.
Command         transform done; 1.92 sec.
INFO-FLOW: Checking Synthesizability 2/2..
Execute         transform -syn-check /home/osm/Documents/SECT-MAYO/MAYO/HLS/computeP2/solution1_no_opt/.autopilot/db/a.g.2.prechk.bc -o /home/osm/Documents/SECT-MAYO/MAYO/HLS/computeP2/solution1_no_opt/.autopilot/db/a.g.2.bc -f -phase syn-check 
WARNING: [SYNCHK 200-23] /wrk/ci/prod/2020.2/rdi_builds/continuous/2020_11_18_3064766/src/shared/hls/clib/include/header_files/ap_int_ref.h:628: variable-indexed range selection may cause suboptimal QoR.
INFO: [SYNCHK 200-10] 0 error(s), 1 warning(s).
Command         transform done; 1.87 sec.
INFO: [HLS 200-111] Finished Checking Synthesizability: CPU user time: 3.06 seconds. CPU system time: 0.22 seconds. Elapsed time: 3.88 seconds; current allocated memory: 483.024 MB.
INFO-FLOW: Compiler optimizing ...
INFO-FLOW: Share syncheck's 1.bc for syn flow: copy /home/osm/Documents/SECT-MAYO/MAYO/HLS/computeP2/solution1_no_opt/.autopilot/db/a.g.1.bc to /home/osm/Documents/SECT-MAYO/MAYO/HLS/computeP2/solution1_no_opt/.autopilot/db/a.o.1.bc
INFO-FLOW: Presyn 1...
Execute         transform -hls -tmp /home/osm/Documents/SECT-MAYO/MAYO/HLS/computeP2/solution1_no_opt/.autopilot/db -interface-port-rename -function-uniquify -directive-preproc -mem2reg -dse -dce -disaggr -scalarrepl -norm-name -deadargelim -mem2reg -instcombine -dce -simplifycfg -auto-rom-infer -dce -function-uniquify -resource-proc -clib-intrinsic-prepare -dce -func-buffer -dce -pag -array-normalize -func-legal -instcombine -gvn -constprop -dce -simplifycfg -mem2reg -globaldce -resolve-double-ptr -dce -deadargelim -dce -instcombine -ptrArgReplace -mem2reg -dce -array-seg-normalize -deadargelim -instcombine -dce -function-uniquify -directive-preproc -mem2reg -dse -dce -pointer-simplify -dce -port-alignment -dce -interface-preproc -data-pack -instcombine -dce -basicaa -aggr-aa -aggrmodref-aa -aggr-aa -gvn -gvn -basicaa -aggr-aa -aggrmodref-aa -aggr-aa -dse -adse -adce -loop-simplify -indvars -instcombine -gvn -loop-simplify -mem2reg -dce -find-region -instcombine -auto-loop-pipeline -inst-simplify -interface-preproc -cfgopt -instcombine -indvars -auto-loop-unroll -loop-simplify -loop-bound -xunroll -constprop -instcombine -simplifycfg -indvars -simplifycfg -dce -globaldce -clean-region -attach-range -gvn -inst-simplify -constprop -simplifycfg -dce -pointer-simplify -dce -globalopt -constprop -dce -array-promote -constprop -dce -ptrArgReplace -mem2reg -simplifycfg -dce -instcombine -dce -array-transform-check -array-reshape -instcombine -simplifycfg -dce -ptrArgReplace -deadargelim -mem2reg -instcombine -simplifycfg -dce -indvars -loop-simplify -loop-bound -xunroll -constprop -instcombine -simplifycfg -indvars -simplifycfg -dce -globaldce -basicaa -aggr-aa -aggrmodref-aa -aggr-aa -dse -duplicate-dataflow-processes -globaldce -instcombine -array-partition -instcombine -simplifycfg -dce -ptrArgReplace -global-constprop -deadargelim -mem2reg -func-legal -dce -global-constprop -deadargelim -mem2reg -simplifycfg -dce -merge-param -deadargelim -globalopt -constprop -dce -array-promote -constprop -dce -ptrArgReplace -mem2reg -simplifycfg -dce -mem-intrinsic-preproc -dce -global-internalize -global-privatize -mem2reg -globaldce -promote-global-argument -ptrArgReplace -mem2reg -dce -globalopt -mergereturn -simplify-global-access -mem2reg -dce -pointer-simplify -dce -functionattrs -basicaa -aggr-aa -aggrmodref-aa -aggr-aa -gvn -gvn -basicaa -aggr-aa -aggrmodref-aa -aggr-aa -dse -adse -adce -dce -norm-name -basicaa -aggr-aa -aggrmodref-aa -aggr-aa -accesses-merge -function-inline -complex-op-raise -inst-simplify -globaldce -func-inst -constprop -instcombine -simplifycfg -dce -func-legal -dce -loop-bound -arraycheck -bitwidthmin2 -bitwidthmin2 -on-by-dataflow -loop-delete -instcombine -simplifycfg -globaldce -dce -gvn -deadargelim -dce -loop-simplify -clean-region -simplifycfg -propagate-stable-arguments -loop-stream -instcombine -simplifycfg -dce -globaldce -duplicate-dataflow-processes -stream-intrinsic-preproc -dce -check-ap-stream -loop-simplify -eliminate-keepreads -extract-dataflow-in-loop -loop-simplify -dce -gvn -deadargelim -dse -check-dataflow-syntax -legalize-stream-variable -legalize-global -extract-subproc -dce -dead-channel-elimination -canonicalize-gep -globaldce -dce -gvn -hls-dead-arg-elim -deadargelim -directive-preproc -annotate-dataflow-channels -scalar-propagation -deadargelim -globaldce -mem2reg -check-dataflow-channels -function-stream -dce -globaldce -prop-fifo-spec -internal-stream-gen -canonicalize-gep -globaldce -dce -gvn -deadargelim -mergereturn -indvars -loop-simplify -instcombine -array-stream -array-seg-normalize -array-partition -func-legal -instcombine -simplifycfg -dce -bundle-memfifo-ops -deadargelim -function-uniquify -directive-preproc -mem2reg -dse -dce -group-axi-access -licm -simplifycfg -dce -loop-delete -norm-name /home/osm/Documents/SECT-MAYO/MAYO/HLS/computeP2/solution1_no_opt/.autopilot/db/a.o.1.bc -o /home/osm/Documents/SECT-MAYO/MAYO/HLS/computeP2/solution1_no_opt/.autopilot/db/a.o.1.tmp.bc -f 
INFO: [XFORM 203-602] Inlining function 'fp_struct<double>::to_ieee' into 'fmdrmd::generic_remainder<double>' (/wrk/ci/prod/2020.2/rdi_builds/continuous/2020_11_18_3064766/src/shared/hls/clib/hlsmath/include/FloatingPoint/hls_fmod_rem_quo.h:408) automatically.
INFO: [XFORM 203-602] Inlining function 'add_vectors' into 'computeP2' (computeP2/c/computeP2.cpp:32) automatically.
INFO: [XFORM 203-602] Inlining function 'add_vectors.1' into 'computeP2' (computeP2/c/computeP2.cpp:44) automatically.
INFO: [XFORM 203-602] Inlining function 'add_vectors.2' into 'computeP2' (computeP2/c/computeP2.cpp:75) automatically.
Command         transform done; 3.39 sec.
INFO-FLOW: Presyn 2...
Execute         transform -hls -keep-callgraph -scalarrepl -mem2reg -port-alignment -attach-range -dce -pipe-mux-gen -indvars -loop-bound -inst-simplify -instcombine -dce -merge-array-access -mem2reg -dce -clean-region -mergereturn -if-conv -instcombine -dce -constprop -basicaa -aggr-aa -aggrmodref-aa -aggr-aa -gvn -gvn -basicaa -aggr-aa -aggrmodref-aa -aggr-aa -dse -adse -adce -scalarrepl -mem2reg -global-constprop -deadargelim -deadargelim -instcombine -dce -simplifycfg -ptrArgReplace -mem2reg -function-inline -globaldce -mem2reg -instcombine -dce -expr-balance -instcombine -dce -bitwidthmin2 -bitwidthmin2 -interface-preproc -directive-preproc -inst-rectify -instcombine -dce -functionattrs -constprop -instcombine -bit-constprop -simplify-global-access -globalopt -globaldce -inst-simplify -instcombine -elimdeaddata -dce -loop-delete -simplifycfg -loop-simplify -auto-burst -barrier -norm-name /home/osm/Documents/SECT-MAYO/MAYO/HLS/computeP2/solution1_no_opt/.autopilot/db/a.o.1.tmp.bc -o /home/osm/Documents/SECT-MAYO/MAYO/HLS/computeP2/solution1_no_opt/.autopilot/db/a.o.2.bc -f -phase presyn 
INFO: [XFORM 203-401] Performing if-conversion on hyperblock from (/wrk/ci/prod/2020.2/rdi_builds/continuous/2020_11_18_3064766/src/shared/hls/clib/hlsmath/include/FloatingPoint/hls_fmod_rem_quo.h:482:15) in function 'fmdrmd::generic_remainder<double>'... converting 3 basic blocks.
INFO: [XFORM 203-401] Performing if-conversion on hyperblock to (/wrk/ci/prod/2020.2/rdi_builds/continuous/2020_11_18_3064766/src/shared/hls/clib/hlsmath/include/FloatingPoint/hls_fmod_rem_quo.h:529:5) in function 'fmdrmd::generic_remainder<double>'... converting 8 basic blocks.
INFO: [XFORM 203-401] Performing if-conversion on hyperblock to (/wrk/ci/prod/2020.2/rdi_builds/continuous/2020_11_18_3064766/src/shared/hls/clib/hlsmath/include/FloatingPoint/hls_fmod_rem_quo.h:547:2) in function 'fmdrmd::generic_remainder<double>'... converting 7 basic blocks.
Command         transform done; 9.69 sec.
INFO: [HLS 200-111] Finished Loop, function and other optimizations: CPU user time: 3.96 seconds. CPU system time: 0.23 seconds. Elapsed time: 14.53 seconds; current allocated memory: 670.279 MB.
Execute         get_config_compile -enable_loop_extract 
Command         get_config_compile done; 0.4 sec.
Execute         get_config_compile -disable_auto_rewind 
Execute         get_config_compile -enable_auto_rewind 
INFO-FLOW: Building ssdm...
Execute         transform -hls -function-uniquify -auto-function-inline -globaldce -ptrArgReplace -mem2reg -dce -reset-lda -loop-simplify -indvars -aggr-aa -licm -loop-dep -loop-bound -licm -loop-simplify -flattenloopnest -array-flatten -gvn -instcombine -dce -array-map -dce -func-legal -gvn -adce -instcombine -cfgopt -simplifycfg -loop-simplify -array-burst -promote-global-argument -dce -array-seg-normalize -basicaa -aggrmodref-aa -globalsmodref-aa -aggr-aa -gvn -gvn -basicaa -aggrmodref-aa -globalsmodref-aa -aggr-aa -dse -adse -adce -licm -inst-simplify -dce -globaldce -instcombine -array-stream -eliminate-keepreads -instcombine -dce -deadargelim -doublePtrSimplify -doublePtrElim -dce -doublePtrSimplify -promote-dbg-pointer -dce -scalarrepl -mem2reg -disaggr -norm-name -mem2reg -instcombine -dse -adse -adce -ptrLegalization -dce -auto-rom-infer -array-flatten -dce -instcombine -check-doubleptr -loop-rot -constprop -cfgopt -simplifycfg -loop-simplify -indvars -pointer-simplify -dce -loop-bound -loop-simplify -loop-preproc -constprop -global-constprop -gvn -mem2reg -instcombine -dce -loop-bound -loop-merge -dce -bitwidthmin2 -bitwidthmin2 -deadargelim -dce -canonicalize-dataflow -dce -scalar-propagation -deadargelim -globaldce -mem2reg -read-loop-dep -interface-preproc -directive-preproc -interface-gen -bram-byte-enable -deadargelim -inst-simplify -dce -gvn -mem2reg -instcombine -dce -adse -loop-bound -instcombine -cfgopt -simplifycfg -loop-simplify -clean-region -io-protocol -find-region -mem2reg -bitop-raise -complex-op-raise -inst-simplify -inst-rectify -instcombine -adce -deadargelim -loop-simplify -phi-opt -bitop-raise -cfgopt -simplifycfg -strip-dead-prototypes -interface-lower -bitop-lower -intrinsic-lower -auto-function-inline -basicaa -aggrmodref-aa -globalsmodref-aa -aggr-aa -inst-simplify -simplifycfg -loop-simplify -mergereturn -inst-simplify -inst-rectify -dce -load-elim -bitop-lower -float-op-raise -loop-rewind -pointer-simplify -dce -cfgopt -dce -loop-bound -loop-dep -read-loop-dep -dce -dyn-mem-reuse -dce -check-stream -norm-name -legalize -validate-dataflow -inst-clarity -bitwidth -dump-loop-dep-to-ir -check-all-ssdm -cdfg-build /home/osm/Documents/SECT-MAYO/MAYO/HLS/computeP2/solution1_no_opt/.autopilot/db/a.o.2.bc -o /home/osm/Documents/SECT-MAYO/MAYO/HLS/computeP2/solution1_no_opt/.autopilot/db/a.o.3.bc -f -phase build-ssdm 
