
*** Running vivado
    with args -log Mayo_sign_wrapper.vds -m64 -product Vivado -mode batch -messageDb vivado.pb -notrace -source Mayo_sign_wrapper.tcl


****** Vivado v2020.2 (64-bit)
  **** SW Build 3064766 on Wed Nov 18 09:12:47 MST 2020
  **** IP Build 3064653 on Wed Nov 18 14:17:31 MST 2020
    ** Copyright 1986-2020 Xilinx, Inc. All Rights Reserved.

source Mayo_sign_wrapper.tcl -notrace
INFO: [IP_Flow 19-234] Refreshing IP repositories
INFO: [IP_Flow 19-1700] Loaded user IP repository '/home/osm/Documents/Sect/SECT-MAYO/MAYO/vivado/ip_repo/mayo_axi_litev3/mayo_axi_litev3_3'.
INFO: [IP_Flow 19-1700] Loaded user IP repository '/home/osm/Documents/Sect/SECT-MAYO/MAYO/vivado/ip_repo/mayo-axi/Mayo_axi_1.0'.
INFO: [IP_Flow 19-1700] Loaded user IP repository '/home/osm/Documents/Sect/SECT-MAYO/MAYO/vivado/TRNG_project/TRNG_project.srcs'.
INFO: [IP_Flow 19-1700] Loaded user IP repository '/home/osm/Documents/Sect/SECT-MAYO/MAYO/vivado/ip_repo/shake128'.
INFO: [IP_Flow 19-1700] Loaded user IP repository '/home/osm/Documents/Sect/SECT-MAYO/MAYO/vivado/ip_repo/INTERFACES'.
INFO: [IP_Flow 19-2313] Loaded Vivado IP repository '/tools/Xilinx/Vivado/2020.2/data/ip'.
add_files: Time (s): cpu = 00:00:20 ; elapsed = 00:00:07 . Memory (MB): peak = 2645.996 ; gain = 278.160 ; free physical = 21222 ; free virtual = 28149
Command: synth_design -top Mayo_sign_wrapper -part xc7z020clg484-1 -directive AlternateRoutability -no_lc -shreg_min_size 10
Starting synth_design
WARNING: [Vivado_Tcl 4-393] The 'Synthesis' target of the following IPs are stale, please generate the output products using the generate_target or synth_ip command before running synth_design.
/home/osm/Documents/Sect/SECT-MAYO/MAYO/vivado/hw-mayo/hw-mayo.srcs/sources_1/bd/Mayo_sign/Mayo_sign.bd

WARNING: [Vivado_Tcl 4-393] The 'Implementation' target of the following IPs are stale, please generate the output products using the generate_target or synth_ip command before running synth_design.
/home/osm/Documents/Sect/SECT-MAYO/MAYO/vivado/hw-mayo/hw-mayo.srcs/sources_1/bd/Mayo_sign/Mayo_sign.bd

Attempting to get a license for feature 'Synthesis' and/or device 'xc7z020'
INFO: [Common 17-349] Got license for feature 'Synthesis' and/or device 'xc7z020'
INFO: [Device 21-403] Loading part xc7z020clg484-1
INFO: [Synth 8-7079] Multithreading enabled for synth_design using a maximum of 4 processes.
INFO: [Synth 8-7078] Launching helper process for spawning children vivado processes
INFO: [Synth 8-7075] Helper process launched with PID 3361343
---------------------------------------------------------------------------------
Starting RTL Elaboration : Time (s): cpu = 00:00:02 ; elapsed = 00:00:04 . Memory (MB): peak = 2645.996 ; gain = 0.000 ; free physical = 19889 ; free virtual = 26816
---------------------------------------------------------------------------------
INFO: [Synth 8-638] synthesizing module 'Mayo_sign_wrapper' [/home/osm/Documents/Sect/SECT-MAYO/MAYO/vivado/hw-mayo/hw-mayo.gen/sources_1/bd/Mayo_sign/hdl/Mayo_sign_wrapper.vhd:25]
INFO: [Synth 8-3491] module 'Mayo_sign' declared at '/home/osm/Documents/Sect/SECT-MAYO/MAYO/vivado/hw-mayo/hw-mayo.gen/sources_1/bd/Mayo_sign/synth/Mayo_sign.vhd:3370' bound to instance 'Mayo_sign_i' of component 'Mayo_sign' [/home/osm/Documents/Sect/SECT-MAYO/MAYO/vivado/hw-mayo/hw-mayo.gen/sources_1/bd/Mayo_sign/hdl/Mayo_sign_wrapper.vhd:37]
INFO: [Synth 8-638] synthesizing module 'Mayo_sign' [/home/osm/Documents/Sect/SECT-MAYO/MAYO/vivado/hw-mayo/hw-mayo.gen/sources_1/bd/Mayo_sign/synth/Mayo_sign.vhd:3385]
INFO: [Synth 8-638] synthesizing module 'BigBRAM1_imp_FGVWIZ' [/home/osm/Documents/Sect/SECT-MAYO/MAYO/vivado/hw-mayo/hw-mayo.gen/sources_1/bd/Mayo_sign/synth/Mayo_sign.vhd:100]
INFO: [Synth 8-3491] module 'Mayo_sign_mayo_bram_arbiter2_1_0' declared at '/home/osm/Documents/Sect/SECT-MAYO/MAYO/vivado/hw-mayo/hw-mayo.runs/synth_1/.Xil/Vivado-3360555-zenith/realtime/Mayo_sign_mayo_bram_arbiter2_1_0_stub.vhdl:5' bound to instance 'mayo_bram_arbiter2_a' of component 'Mayo_sign_mayo_bram_arbiter2_1_0' [/home/osm/Documents/Sect/SECT-MAYO/MAYO/vivado/hw-mayo/hw-mayo.gen/sources_1/bd/Mayo_sign/synth/Mayo_sign.vhd:529]
INFO: [Synth 8-638] synthesizing module 'Mayo_sign_mayo_bram_arbiter2_1_0' [/home/osm/Documents/Sect/SECT-MAYO/MAYO/vivado/hw-mayo/hw-mayo.runs/synth_1/.Xil/Vivado-3360555-zenith/realtime/Mayo_sign_mayo_bram_arbiter2_1_0_stub.vhdl:115]
INFO: [Synth 8-3491] module 'Mayo_sign_mayo_bram_arbiter2_0_2' declared at '/home/osm/Documents/Sect/SECT-MAYO/MAYO/vivado/hw-mayo/hw-mayo.runs/synth_1/.Xil/Vivado-3360555-zenith/realtime/Mayo_sign_mayo_bram_arbiter2_0_2_stub.vhdl:5' bound to instance 'mayo_bram_arbiter2_b' of component 'Mayo_sign_mayo_bram_arbiter2_0_2' [/home/osm/Documents/Sect/SECT-MAYO/MAYO/vivado/hw-mayo/hw-mayo.gen/sources_1/bd/Mayo_sign/synth/Mayo_sign.vhd:636]
INFO: [Synth 8-638] synthesizing module 'Mayo_sign_mayo_bram_arbiter2_0_2' [/home/osm/Documents/Sect/SECT-MAYO/MAYO/vivado/hw-mayo/hw-mayo.runs/synth_1/.Xil/Vivado-3360555-zenith/realtime/Mayo_sign_mayo_bram_arbiter2_0_2_stub.vhdl:115]
INFO: [Synth 8-3491] module 'Mayo_sign_tdp_BigBRAM_2_0_0' declared at '/home/osm/Documents/Sect/SECT-MAYO/MAYO/vivado/hw-mayo/hw-mayo.runs/synth_1/.Xil/Vivado-3360555-zenith/realtime/Mayo_sign_tdp_BigBRAM_2_0_0_stub.vhdl:5' bound to instance 'tdp_BigBRAM_2_0' of component 'Mayo_sign_tdp_BigBRAM_2_0_0' [/home/osm/Documents/Sect/SECT-MAYO/MAYO/vivado/hw-mayo/hw-mayo.gen/sources_1/bd/Mayo_sign/synth/Mayo_sign.vhd:743]
INFO: [Synth 8-638] synthesizing module 'Mayo_sign_tdp_BigBRAM_2_0_0' [/home/osm/Documents/Sect/SECT-MAYO/MAYO/vivado/hw-mayo/hw-mayo.runs/synth_1/.Xil/Vivado-3360555-zenith/realtime/Mayo_sign_tdp_BigBRAM_2_0_0_stub.vhdl:27]
INFO: [Synth 8-256] done synthesizing module 'BigBRAM1_imp_FGVWIZ' (1#1) [/home/osm/Documents/Sect/SECT-MAYO/MAYO/vivado/hw-mayo/hw-mayo.gen/sources_1/bd/Mayo_sign/synth/Mayo_sign.vhd:100]
INFO: [Synth 8-638] synthesizing module 'BigBRAM2_imp_1PB6TEW' [/home/osm/Documents/Sect/SECT-MAYO/MAYO/vivado/hw-mayo/hw-mayo.gen/sources_1/bd/Mayo_sign/synth/Mayo_sign.vhd:846]
INFO: [Synth 8-3491] module 'Mayo_sign_mayo_bram_arbiter2_0_4' declared at '/home/osm/Documents/Sect/SECT-MAYO/MAYO/vivado/hw-mayo/hw-mayo.runs/synth_1/.Xil/Vivado-3360555-zenith/realtime/Mayo_sign_mayo_bram_arbiter2_0_4_stub.vhdl:5' bound to instance 'mayo_bram_arbiter2_a' of component 'Mayo_sign_mayo_bram_arbiter2_0_4' [/home/osm/Documents/Sect/SECT-MAYO/MAYO/vivado/hw-mayo/hw-mayo.gen/sources_1/bd/Mayo_sign/synth/Mayo_sign.vhd:1262]
INFO: [Synth 8-638] synthesizing module 'Mayo_sign_mayo_bram_arbiter2_0_4' [/home/osm/Documents/Sect/SECT-MAYO/MAYO/vivado/hw-mayo/hw-mayo.runs/synth_1/.Xil/Vivado-3360555-zenith/realtime/Mayo_sign_mayo_bram_arbiter2_0_4_stub.vhdl:115]
INFO: [Synth 8-3491] module 'Mayo_sign_mayo_bram_arbiter2_0_3' declared at '/home/osm/Documents/Sect/SECT-MAYO/MAYO/vivado/hw-mayo/hw-mayo.runs/synth_1/.Xil/Vivado-3360555-zenith/realtime/Mayo_sign_mayo_bram_arbiter2_0_3_stub.vhdl:5' bound to instance 'mayo_bram_arbiter2_b' of component 'Mayo_sign_mayo_bram_arbiter2_0_3' [/home/osm/Documents/Sect/SECT-MAYO/MAYO/vivado/hw-mayo/hw-mayo.gen/sources_1/bd/Mayo_sign/synth/Mayo_sign.vhd:1369]
INFO: [Synth 8-638] synthesizing module 'Mayo_sign_mayo_bram_arbiter2_0_3' [/home/osm/Documents/Sect/SECT-MAYO/MAYO/vivado/hw-mayo/hw-mayo.runs/synth_1/.Xil/Vivado-3360555-zenith/realtime/Mayo_sign_mayo_bram_arbiter2_0_3_stub.vhdl:115]
INFO: [Synth 8-3491] module 'Mayo_sign_tdp_BigBRAM_2_0_1' declared at '/home/osm/Documents/Sect/SECT-MAYO/MAYO/vivado/hw-mayo/hw-mayo.runs/synth_1/.Xil/Vivado-3360555-zenith/realtime/Mayo_sign_tdp_BigBRAM_2_0_1_stub.vhdl:5' bound to instance 'tdp_BigBRAM_2_0' of component 'Mayo_sign_tdp_BigBRAM_2_0_1' [/home/osm/Documents/Sect/SECT-MAYO/MAYO/vivado/hw-mayo/hw-mayo.gen/sources_1/bd/Mayo_sign/synth/Mayo_sign.vhd:1476]
INFO: [Synth 8-638] synthesizing module 'Mayo_sign_tdp_BigBRAM_2_0_1' [/home/osm/Documents/Sect/SECT-MAYO/MAYO/vivado/hw-mayo/hw-mayo.runs/synth_1/.Xil/Vivado-3360555-zenith/realtime/Mayo_sign_tdp_BigBRAM_2_0_1_stub.vhdl:27]
INFO: [Synth 8-256] done synthesizing module 'BigBRAM2_imp_1PB6TEW' (2#1) [/home/osm/Documents/Sect/SECT-MAYO/MAYO/vivado/hw-mayo/hw-mayo.gen/sources_1/bd/Mayo_sign/synth/Mayo_sign.vhd:846]
INFO: [Synth 8-3491] module 'Mayo_sign_Ground0_0' declared at '/home/osm/Documents/Sect/SECT-MAYO/MAYO/vivado/hw-mayo/hw-mayo.gen/sources_1/bd/Mayo_sign/ip/Mayo_sign_Ground0_0/synth/Mayo_sign_Ground0_0.v:57' bound to instance 'Ground0' of component 'Mayo_sign_Ground0_0' [/home/osm/Documents/Sect/SECT-MAYO/MAYO/vivado/hw-mayo/hw-mayo.gen/sources_1/bd/Mayo_sign/synth/Mayo_sign.vhd:4312]
INFO: [Synth 8-6157] synthesizing module 'Mayo_sign_Ground0_0' [/home/osm/Documents/Sect/SECT-MAYO/MAYO/vivado/hw-mayo/hw-mayo.gen/sources_1/bd/Mayo_sign/ip/Mayo_sign_Ground0_0/synth/Mayo_sign_Ground0_0.v:57]
INFO: [Synth 8-6157] synthesizing module 'xlconstant_v1_1_7_xlconstant' [/home/osm/Documents/Sect/SECT-MAYO/MAYO/vivado/hw-mayo/hw-mayo.gen/sources_1/bd/Mayo_sign/ipshared/fcfc/hdl/xlconstant_v1_1_vl_rfs.v:23]
	Parameter CONST_VAL bound to: 1'b0 
	Parameter CONST_WIDTH bound to: 1 - type: integer 
INFO: [Synth 8-6155] done synthesizing module 'xlconstant_v1_1_7_xlconstant' (3#1) [/home/osm/Documents/Sect/SECT-MAYO/MAYO/vivado/hw-mayo/hw-mayo.gen/sources_1/bd/Mayo_sign/ipshared/fcfc/hdl/xlconstant_v1_1_vl_rfs.v:23]
INFO: [Synth 8-6155] done synthesizing module 'Mayo_sign_Ground0_0' (4#1) [/home/osm/Documents/Sect/SECT-MAYO/MAYO/vivado/hw-mayo/hw-mayo.gen/sources_1/bd/Mayo_sign/ip/Mayo_sign_Ground0_0/synth/Mayo_sign_Ground0_0.v:57]
INFO: [Synth 8-3491] module 'Mayo_sign_Ground32_0' declared at '/home/osm/Documents/Sect/SECT-MAYO/MAYO/vivado/hw-mayo/hw-mayo.gen/sources_1/bd/Mayo_sign/ip/Mayo_sign_Ground32_0/synth/Mayo_sign_Ground32_0.v:57' bound to instance 'Ground32' of component 'Mayo_sign_Ground32_0' [/home/osm/Documents/Sect/SECT-MAYO/MAYO/vivado/hw-mayo/hw-mayo.gen/sources_1/bd/Mayo_sign/synth/Mayo_sign.vhd:4316]
INFO: [Synth 8-6157] synthesizing module 'Mayo_sign_Ground32_0' [/home/osm/Documents/Sect/SECT-MAYO/MAYO/vivado/hw-mayo/hw-mayo.gen/sources_1/bd/Mayo_sign/ip/Mayo_sign_Ground32_0/synth/Mayo_sign_Ground32_0.v:57]
INFO: [Synth 8-6157] synthesizing module 'xlconstant_v1_1_7_xlconstant__parameterized0' [/home/osm/Documents/Sect/SECT-MAYO/MAYO/vivado/hw-mayo/hw-mayo.gen/sources_1/bd/Mayo_sign/ipshared/fcfc/hdl/xlconstant_v1_1_vl_rfs.v:23]
	Parameter CONST_VAL bound to: 0 - type: integer 
	Parameter CONST_WIDTH bound to: 32 - type: integer 
INFO: [Synth 8-6155] done synthesizing module 'xlconstant_v1_1_7_xlconstant__parameterized0' (4#1) [/home/osm/Documents/Sect/SECT-MAYO/MAYO/vivado/hw-mayo/hw-mayo.gen/sources_1/bd/Mayo_sign/ipshared/fcfc/hdl/xlconstant_v1_1_vl_rfs.v:23]
INFO: [Synth 8-6155] done synthesizing module 'Mayo_sign_Ground32_0' (5#1) [/home/osm/Documents/Sect/SECT-MAYO/MAYO/vivado/hw-mayo/hw-mayo.gen/sources_1/bd/Mayo_sign/ip/Mayo_sign_Ground32_0/synth/Mayo_sign_Ground32_0.v:57]
INFO: [Synth 8-3491] module 'Mayo_sign_Ground4_0' declared at '/home/osm/Documents/Sect/SECT-MAYO/MAYO/vivado/hw-mayo/hw-mayo.gen/sources_1/bd/Mayo_sign/ip/Mayo_sign_Ground4_0/synth/Mayo_sign_Ground4_0.v:57' bound to instance 'Ground4' of component 'Mayo_sign_Ground4_0' [/home/osm/Documents/Sect/SECT-MAYO/MAYO/vivado/hw-mayo/hw-mayo.gen/sources_1/bd/Mayo_sign/synth/Mayo_sign.vhd:4320]
INFO: [Synth 8-6157] synthesizing module 'Mayo_sign_Ground4_0' [/home/osm/Documents/Sect/SECT-MAYO/MAYO/vivado/hw-mayo/hw-mayo.gen/sources_1/bd/Mayo_sign/ip/Mayo_sign_Ground4_0/synth/Mayo_sign_Ground4_0.v:57]
INFO: [Synth 8-6157] synthesizing module 'xlconstant_v1_1_7_xlconstant__parameterized1' [/home/osm/Documents/Sect/SECT-MAYO/MAYO/vivado/hw-mayo/hw-mayo.gen/sources_1/bd/Mayo_sign/ipshared/fcfc/hdl/xlconstant_v1_1_vl_rfs.v:23]
	Parameter CONST_VAL bound to: 4'b0000 
	Parameter CONST_WIDTH bound to: 4 - type: integer 
INFO: [Synth 8-6155] done synthesizing module 'xlconstant_v1_1_7_xlconstant__parameterized1' (5#1) [/home/osm/Documents/Sect/SECT-MAYO/MAYO/vivado/hw-mayo/hw-mayo.gen/sources_1/bd/Mayo_sign/ipshared/fcfc/hdl/xlconstant_v1_1_vl_rfs.v:23]
INFO: [Synth 8-6155] done synthesizing module 'Mayo_sign_Ground4_0' (6#1) [/home/osm/Documents/Sect/SECT-MAYO/MAYO/vivado/hw-mayo/hw-mayo.gen/sources_1/bd/Mayo_sign/ip/Mayo_sign_Ground4_0/synth/Mayo_sign_Ground4_0.v:57]
INFO: [Synth 8-638] synthesizing module 'LInear_Combination_imp_DQ7H61' [/home/osm/Documents/Sect/SECT-MAYO/MAYO/vivado/hw-mayo/hw-mayo.gen/sources_1/bd/Mayo_sign/synth/Mayo_sign.vhd:1550]
INFO: [Synth 8-3491] module 'Mayo_sign_mayo_lin_comb_arbiter_0_0' declared at '/home/osm/Documents/Sect/SECT-MAYO/MAYO/vivado/hw-mayo/hw-mayo.runs/synth_1/.Xil/Vivado-3360555-zenith/realtime/Mayo_sign_mayo_lin_comb_arbiter_0_0_stub.vhdl:5' bound to instance 'mayo_lin_comb_arbiter_0' of component 'Mayo_sign_mayo_lin_comb_arbiter_0_0' [/home/osm/Documents/Sect/SECT-MAYO/MAYO/vivado/hw-mayo/hw-mayo.gen/sources_1/bd/Mayo_sign/synth/Mayo_sign.vhd:1758]
INFO: [Synth 8-638] synthesizing module 'Mayo_sign_mayo_lin_comb_arbiter_0_0' [/home/osm/Documents/Sect/SECT-MAYO/MAYO/vivado/hw-mayo/hw-mayo.runs/synth_1/.Xil/Vivado-3360555-zenith/realtime/Mayo_sign_mayo_lin_comb_arbiter_0_0_stub.vhdl:68]
INFO: [Synth 8-3491] module 'Mayo_sign_mayo_linear_combinat_0_0' declared at '/home/osm/Documents/Sect/SECT-MAYO/MAYO/vivado/hw-mayo/hw-mayo.runs/synth_1/.Xil/Vivado-3360555-zenith/realtime/Mayo_sign_mayo_linear_combinat_0_0_stub.vhdl:5' bound to instance 'mayo_linear_combinat_0' of component 'Mayo_sign_mayo_linear_combinat_0_0' [/home/osm/Documents/Sect/SECT-MAYO/MAYO/vivado/hw-mayo/hw-mayo.gen/sources_1/bd/Mayo_sign/synth/Mayo_sign.vhd:1818]
INFO: [Synth 8-638] synthesizing module 'Mayo_sign_mayo_linear_combinat_0_0' [/home/osm/Documents/Sect/SECT-MAYO/MAYO/vivado/hw-mayo/hw-mayo.runs/synth_1/.Xil/Vivado-3360555-zenith/realtime/Mayo_sign_mayo_linear_combinat_0_0_stub.vhdl:41]
INFO: [Synth 8-256] done synthesizing module 'LInear_Combination_imp_DQ7H61' (7#1) [/home/osm/Documents/Sect/SECT-MAYO/MAYO/vivado/hw-mayo/hw-mayo.gen/sources_1/bd/Mayo_sign/synth/Mayo_sign.vhd:1550]
INFO: [Synth 8-3491] module 'Mayo_sign_MAYO_P1P1T_0_0' declared at '/home/osm/Documents/Sect/SECT-MAYO/MAYO/vivado/hw-mayo/hw-mayo.runs/synth_1/.Xil/Vivado-3360555-zenith/realtime/Mayo_sign_MAYO_P1P1T_0_0_stub.vhdl:5' bound to instance 'MAYO_P1P1T_0' of component 'Mayo_sign_MAYO_P1P1T_0_0' [/home/osm/Documents/Sect/SECT-MAYO/MAYO/vivado/hw-mayo/hw-mayo.gen/sources_1/bd/Mayo_sign/synth/Mayo_sign.vhd:4372]
INFO: [Synth 8-638] synthesizing module 'Mayo_sign_MAYO_P1P1T_0_0' [/home/osm/Documents/Sect/SECT-MAYO/MAYO/vivado/hw-mayo/hw-mayo.runs/synth_1/.Xil/Vivado-3360555-zenith/realtime/Mayo_sign_MAYO_P1P1T_0_0_stub.vhdl:33]
INFO: [Synth 8-3491] module 'Mayo_sign_MAYO_SIGNING_FSM_0_0' declared at '/home/osm/Documents/Sect/SECT-MAYO/MAYO/vivado/hw-mayo/hw-mayo.runs/synth_1/.Xil/Vivado-3360555-zenith/realtime/Mayo_sign_MAYO_SIGNING_FSM_0_0_stub.vhdl:5' bound to instance 'MAYO_SIGNING_FSM_0' of component 'Mayo_sign_MAYO_SIGNING_FSM_0_0' [/home/osm/Documents/Sect/SECT-MAYO/MAYO/vivado/hw-mayo/hw-mayo.gen/sources_1/bd/Mayo_sign/synth/Mayo_sign.vhd:4397]
INFO: [Synth 8-638] synthesizing module 'Mayo_sign_MAYO_SIGNING_FSM_0_0' [/home/osm/Documents/Sect/SECT-MAYO/MAYO/vivado/hw-mayo/hw-mayo.runs/synth_1/.Xil/Vivado-3360555-zenith/realtime/Mayo_sign_MAYO_SIGNING_FSM_0_0_stub.vhdl:125]
INFO: [Synth 8-638] synthesizing module 'SmallBRAM_imp_MCN2TS' [/home/osm/Documents/Sect/SECT-MAYO/MAYO/vivado/hw-mayo/hw-mayo.gen/sources_1/bd/Mayo_sign/synth/Mayo_sign.vhd:1974]
INFO: [Synth 8-3491] module 'Mayo_sign_mayo_bram_arbiter2_0_0' declared at '/home/osm/Documents/Sect/SECT-MAYO/MAYO/vivado/hw-mayo/hw-mayo.runs/synth_1/.Xil/Vivado-3360555-zenith/realtime/Mayo_sign_mayo_bram_arbiter2_0_0_stub.vhdl:5' bound to instance 'mayo_bram_arbiter2_a' of component 'Mayo_sign_mayo_bram_arbiter2_0_0' [/home/osm/Documents/Sect/SECT-MAYO/MAYO/vivado/hw-mayo/hw-mayo.gen/sources_1/bd/Mayo_sign/synth/Mayo_sign.vhd:2462]
INFO: [Synth 8-638] synthesizing module 'Mayo_sign_mayo_bram_arbiter2_0_0' [/home/osm/Documents/Sect/SECT-MAYO/MAYO/vivado/hw-mayo/hw-mayo.runs/synth_1/.Xil/Vivado-3360555-zenith/realtime/Mayo_sign_mayo_bram_arbiter2_0_0_stub.vhdl:115]
INFO: [Synth 8-3491] module 'Mayo_sign_mayo_bram_arbiter2_0_1' declared at '/home/osm/Documents/Sect/SECT-MAYO/MAYO/vivado/hw-mayo/hw-mayo.runs/synth_1/.Xil/Vivado-3360555-zenith/realtime/Mayo_sign_mayo_bram_arbiter2_0_1_stub.vhdl:5' bound to instance 'mayo_bram_arbiter2_b' of component 'Mayo_sign_mayo_bram_arbiter2_0_1' [/home/osm/Documents/Sect/SECT-MAYO/MAYO/vivado/hw-mayo/hw-mayo.gen/sources_1/bd/Mayo_sign/synth/Mayo_sign.vhd:2569]
INFO: [Synth 8-638] synthesizing module 'Mayo_sign_mayo_bram_arbiter2_0_1' [/home/osm/Documents/Sect/SECT-MAYO/MAYO/vivado/hw-mayo/hw-mayo.runs/synth_1/.Xil/Vivado-3360555-zenith/realtime/Mayo_sign_mayo_bram_arbiter2_0_1_stub.vhdl:115]
INFO: [Synth 8-3491] module 'Mayo_sign_tdp_SmallBRAM_1_0_0' declared at '/home/osm/Documents/Sect/SECT-MAYO/MAYO/vivado/hw-mayo/hw-mayo.runs/synth_1/.Xil/Vivado-3360555-zenith/realtime/Mayo_sign_tdp_SmallBRAM_1_0_0_stub.vhdl:5' bound to instance 'tdp_SmallBRAM_1_0' of component 'Mayo_sign_tdp_SmallBRAM_1_0_0' [/home/osm/Documents/Sect/SECT-MAYO/MAYO/vivado/hw-mayo/hw-mayo.gen/sources_1/bd/Mayo_sign/synth/Mayo_sign.vhd:2676]
INFO: [Synth 8-638] synthesizing module 'Mayo_sign_tdp_SmallBRAM_1_0_0' [/home/osm/Documents/Sect/SECT-MAYO/MAYO/vivado/hw-mayo/hw-mayo.runs/synth_1/.Xil/Vivado-3360555-zenith/realtime/Mayo_sign_tdp_SmallBRAM_1_0_0_stub.vhdl:27]
INFO: [Synth 8-256] done synthesizing module 'SmallBRAM_imp_MCN2TS' (8#1) [/home/osm/Documents/Sect/SECT-MAYO/MAYO/vivado/hw-mayo/hw-mayo.gen/sources_1/bd/Mayo_sign/synth/Mayo_sign.vhd:1974]
INFO: [Synth 8-638] synthesizing module 'TRNG_imp_803AL3' [/home/osm/Documents/Sect/SECT-MAYO/MAYO/vivado/hw-mayo/hw-mayo.gen/sources_1/bd/Mayo_sign/synth/Mayo_sign.vhd:2727]
INFO: [Synth 8-3491] module 'Mayo_sign_TRNG_0_0' declared at '/home/osm/Documents/Sect/SECT-MAYO/MAYO/vivado/hw-mayo/hw-mayo.runs/synth_1/.Xil/Vivado-3360555-zenith/realtime/Mayo_sign_TRNG_0_0_stub.vhdl:5' bound to instance 'TRNG_0' of component 'Mayo_sign_TRNG_0_0' [/home/osm/Documents/Sect/SECT-MAYO/MAYO/vivado/hw-mayo/hw-mayo.gen/sources_1/bd/Mayo_sign/synth/Mayo_sign.vhd:2828]
INFO: [Synth 8-638] synthesizing module 'Mayo_sign_TRNG_0_0' [/home/osm/Documents/Sect/SECT-MAYO/MAYO/vivado/hw-mayo/hw-mayo.runs/synth_1/.Xil/Vivado-3360555-zenith/realtime/Mayo_sign_TRNG_0_0_stub.vhdl:19]
INFO: [Synth 8-3491] module 'Mayo_sign_mayo_trng_arbiter_0_0' declared at '/home/osm/Documents/Sect/SECT-MAYO/MAYO/vivado/hw-mayo/hw-mayo.runs/synth_1/.Xil/Vivado-3360555-zenith/realtime/Mayo_sign_mayo_trng_arbiter_0_0_stub.vhdl:5' bound to instance 'mayo_trng_arbiter_0' of component 'Mayo_sign_mayo_trng_arbiter_0_0' [/home/osm/Documents/Sect/SECT-MAYO/MAYO/vivado/hw-mayo/hw-mayo.gen/sources_1/bd/Mayo_sign/synth/Mayo_sign.vhd:2839]
INFO: [Synth 8-638] synthesizing module 'Mayo_sign_mayo_trng_arbiter_0_0' [/home/osm/Documents/Sect/SECT-MAYO/MAYO/vivado/hw-mayo/hw-mayo.runs/synth_1/.Xil/Vivado-3360555-zenith/realtime/Mayo_sign_mayo_trng_arbiter_0_0_stub.vhdl:36]
INFO: [Synth 8-3491] module 'Mayo_sign_xlconcat_0_0' declared at '/home/osm/Documents/Sect/SECT-MAYO/MAYO/vivado/hw-mayo/hw-mayo.gen/sources_1/bd/Mayo_sign/ip/Mayo_sign_xlconcat_0_0/synth/Mayo_sign_xlconcat_0_0.v:60' bound to instance 'xlconcat_0' of component 'Mayo_sign_xlconcat_0_0' [/home/osm/Documents/Sect/SECT-MAYO/MAYO/vivado/hw-mayo/hw-mayo.gen/sources_1/bd/Mayo_sign/synth/Mayo_sign.vhd:2867]
INFO: [Synth 8-6157] synthesizing module 'Mayo_sign_xlconcat_0_0' [/home/osm/Documents/Sect/SECT-MAYO/MAYO/vivado/hw-mayo/hw-mayo.gen/sources_1/bd/Mayo_sign/ip/Mayo_sign_xlconcat_0_0/synth/Mayo_sign_xlconcat_0_0.v:60]
INFO: [Synth 8-6157] synthesizing module 'xlconcat_v2_1_4_xlconcat' [/home/osm/Documents/Sect/SECT-MAYO/MAYO/vivado/hw-mayo/hw-mayo.gen/sources_1/bd/Mayo_sign/ipshared/4b67/hdl/xlconcat_v2_1_vl_rfs.v:14]
	Parameter IN0_WIDTH bound to: 1 - type: integer 
	Parameter IN1_WIDTH bound to: 1 - type: integer 
	Parameter IN2_WIDTH bound to: 1 - type: integer 
	Parameter IN3_WIDTH bound to: 1 - type: integer 
	Parameter IN4_WIDTH bound to: 1 - type: integer 
	Parameter IN5_WIDTH bound to: 1 - type: integer 
	Parameter IN6_WIDTH bound to: 1 - type: integer 
	Parameter IN7_WIDTH bound to: 1 - type: integer 
	Parameter IN8_WIDTH bound to: 1 - type: integer 
	Parameter IN9_WIDTH bound to: 1 - type: integer 
	Parameter IN10_WIDTH bound to: 1 - type: integer 
	Parameter IN11_WIDTH bound to: 1 - type: integer 
	Parameter IN12_WIDTH bound to: 1 - type: integer 
	Parameter IN13_WIDTH bound to: 1 - type: integer 
	Parameter IN14_WIDTH bound to: 1 - type: integer 
	Parameter IN15_WIDTH bound to: 1 - type: integer 
	Parameter IN16_WIDTH bound to: 1 - type: integer 
	Parameter IN17_WIDTH bound to: 1 - type: integer 
	Parameter IN18_WIDTH bound to: 1 - type: integer 
	Parameter IN19_WIDTH bound to: 1 - type: integer 
	Parameter IN20_WIDTH bound to: 1 - type: integer 
	Parameter IN21_WIDTH bound to: 1 - type: integer 
	Parameter IN22_WIDTH bound to: 1 - type: integer 
	Parameter IN23_WIDTH bound to: 1 - type: integer 
	Parameter IN24_WIDTH bound to: 1 - type: integer 
	Parameter IN25_WIDTH bound to: 1 - type: integer 
	Parameter IN26_WIDTH bound to: 1 - type: integer 
	Parameter IN27_WIDTH bound to: 1 - type: integer 
	Parameter IN28_WIDTH bound to: 1 - type: integer 
	Parameter IN29_WIDTH bound to: 1 - type: integer 
	Parameter IN30_WIDTH bound to: 1 - type: integer 
	Parameter IN31_WIDTH bound to: 1 - type: integer 
	Parameter IN32_WIDTH bound to: 1 - type: integer 
	Parameter IN33_WIDTH bound to: 1 - type: integer 
	Parameter IN34_WIDTH bound to: 1 - type: integer 
	Parameter IN35_WIDTH bound to: 1 - type: integer 
	Parameter IN36_WIDTH bound to: 1 - type: integer 
	Parameter IN37_WIDTH bound to: 1 - type: integer 
	Parameter IN38_WIDTH bound to: 1 - type: integer 
	Parameter IN39_WIDTH bound to: 1 - type: integer 
	Parameter IN40_WIDTH bound to: 1 - type: integer 
	Parameter IN41_WIDTH bound to: 1 - type: integer 
	Parameter IN42_WIDTH bound to: 1 - type: integer 
	Parameter IN43_WIDTH bound to: 1 - type: integer 
	Parameter IN44_WIDTH bound to: 1 - type: integer 
	Parameter IN45_WIDTH bound to: 1 - type: integer 
	Parameter IN46_WIDTH bound to: 1 - type: integer 
	Parameter IN47_WIDTH bound to: 1 - type: integer 
	Parameter IN48_WIDTH bound to: 1 - type: integer 
	Parameter IN49_WIDTH bound to: 1 - type: integer 
	Parameter IN50_WIDTH bound to: 1 - type: integer 
	Parameter IN51_WIDTH bound to: 1 - type: integer 
	Parameter IN52_WIDTH bound to: 1 - type: integer 
	Parameter IN53_WIDTH bound to: 1 - type: integer 
	Parameter IN54_WIDTH bound to: 1 - type: integer 
	Parameter IN55_WIDTH bound to: 1 - type: integer 
	Parameter IN56_WIDTH bound to: 1 - type: integer 
	Parameter IN57_WIDTH bound to: 1 - type: integer 
	Parameter IN58_WIDTH bound to: 1 - type: integer 
	Parameter IN59_WIDTH bound to: 1 - type: integer 
	Parameter IN60_WIDTH bound to: 1 - type: integer 
	Parameter IN61_WIDTH bound to: 1 - type: integer 
	Parameter IN62_WIDTH bound to: 1 - type: integer 
	Parameter IN63_WIDTH bound to: 1 - type: integer 
	Parameter IN64_WIDTH bound to: 1 - type: integer 
	Parameter IN65_WIDTH bound to: 1 - type: integer 
	Parameter IN66_WIDTH bound to: 1 - type: integer 
	Parameter IN67_WIDTH bound to: 1 - type: integer 
	Parameter IN68_WIDTH bound to: 1 - type: integer 
	Parameter IN69_WIDTH bound to: 1 - type: integer 
	Parameter IN70_WIDTH bound to: 1 - type: integer 
	Parameter IN71_WIDTH bound to: 1 - type: integer 
	Parameter IN72_WIDTH bound to: 1 - type: integer 
	Parameter IN73_WIDTH bound to: 1 - type: integer 
	Parameter IN74_WIDTH bound to: 1 - type: integer 
	Parameter IN75_WIDTH bound to: 1 - type: integer 
	Parameter IN76_WIDTH bound to: 1 - type: integer 
	Parameter IN77_WIDTH bound to: 1 - type: integer 
	Parameter IN78_WIDTH bound to: 1 - type: integer 
	Parameter IN79_WIDTH bound to: 1 - type: integer 
	Parameter IN80_WIDTH bound to: 1 - type: integer 
	Parameter IN81_WIDTH bound to: 1 - type: integer 
	Parameter IN82_WIDTH bound to: 1 - type: integer 
	Parameter IN83_WIDTH bound to: 1 - type: integer 
	Parameter IN84_WIDTH bound to: 1 - type: integer 
	Parameter IN85_WIDTH bound to: 1 - type: integer 
	Parameter IN86_WIDTH bound to: 1 - type: integer 
	Parameter IN87_WIDTH bound to: 1 - type: integer 
	Parameter IN88_WIDTH bound to: 1 - type: integer 
	Parameter IN89_WIDTH bound to: 1 - type: integer 
	Parameter IN90_WIDTH bound to: 1 - type: integer 
	Parameter IN91_WIDTH bound to: 1 - type: integer 
	Parameter IN92_WIDTH bound to: 1 - type: integer 
	Parameter IN93_WIDTH bound to: 1 - type: integer 
	Parameter IN94_WIDTH bound to: 1 - type: integer 
	Parameter IN95_WIDTH bound to: 1 - type: integer 
	Parameter IN96_WIDTH bound to: 1 - type: integer 
	Parameter IN97_WIDTH bound to: 1 - type: integer 
	Parameter IN98_WIDTH bound to: 1 - type: integer 
	Parameter IN99_WIDTH bound to: 1 - type: integer 
	Parameter IN100_WIDTH bound to: 1 - type: integer 
	Parameter IN101_WIDTH bound to: 1 - type: integer 
	Parameter IN102_WIDTH bound to: 1 - type: integer 
	Parameter IN103_WIDTH bound to: 1 - type: integer 
	Parameter IN104_WIDTH bound to: 1 - type: integer 
	Parameter IN105_WIDTH bound to: 1 - type: integer 
	Parameter IN106_WIDTH bound to: 1 - type: integer 
	Parameter IN107_WIDTH bound to: 1 - type: integer 
	Parameter IN108_WIDTH bound to: 1 - type: integer 
	Parameter IN109_WIDTH bound to: 1 - type: integer 
	Parameter IN110_WIDTH bound to: 1 - type: integer 
	Parameter IN111_WIDTH bound to: 1 - type: integer 
	Parameter IN112_WIDTH bound to: 1 - type: integer 
	Parameter IN113_WIDTH bound to: 1 - type: integer 
	Parameter IN114_WIDTH bound to: 1 - type: integer 
	Parameter IN115_WIDTH bound to: 1 - type: integer 
	Parameter IN116_WIDTH bound to: 1 - type: integer 
	Parameter IN117_WIDTH bound to: 1 - type: integer 
	Parameter IN118_WIDTH bound to: 1 - type: integer 
	Parameter IN119_WIDTH bound to: 1 - type: integer 
	Parameter IN120_WIDTH bound to: 1 - type: integer 
	Parameter IN121_WIDTH bound to: 1 - type: integer 
	Parameter IN122_WIDTH bound to: 1 - type: integer 
	Parameter IN123_WIDTH bound to: 1 - type: integer 
	Parameter IN124_WIDTH bound to: 1 - type: integer 
	Parameter IN125_WIDTH bound to: 1 - type: integer 
	Parameter IN126_WIDTH bound to: 1 - type: integer 
	Parameter IN127_WIDTH bound to: 1 - type: integer 
	Parameter dout_width bound to: 2 - type: integer 
	Parameter NUM_PORTS bound to: 2 - type: integer 
INFO: [Synth 8-6155] done synthesizing module 'xlconcat_v2_1_4_xlconcat' (9#1) [/home/osm/Documents/Sect/SECT-MAYO/MAYO/vivado/hw-mayo/hw-mayo.gen/sources_1/bd/Mayo_sign/ipshared/4b67/hdl/xlconcat_v2_1_vl_rfs.v:14]
INFO: [Synth 8-6155] done synthesizing module 'Mayo_sign_xlconcat_0_0' (10#1) [/home/osm/Documents/Sect/SECT-MAYO/MAYO/vivado/hw-mayo/hw-mayo.gen/sources_1/bd/Mayo_sign/ip/Mayo_sign_xlconcat_0_0/synth/Mayo_sign_xlconcat_0_0.v:60]
INFO: [Synth 8-256] done synthesizing module 'TRNG_imp_803AL3' (11#1) [/home/osm/Documents/Sect/SECT-MAYO/MAYO/vivado/hw-mayo/hw-mayo.gen/sources_1/bd/Mayo_sign/synth/Mayo_sign.vhd:2727]
INFO: [Synth 8-638] synthesizing module 'add_vectors_imp_5D59YL' [/home/osm/Documents/Sect/SECT-MAYO/MAYO/vivado/hw-mayo/hw-mayo.gen/sources_1/bd/Mayo_sign/synth/Mayo_sign.vhd:2920]
INFO: [Synth 8-3491] module 'Mayo_sign_mayo_add_vectors_0_0' declared at '/home/osm/Documents/Sect/SECT-MAYO/MAYO/vivado/hw-mayo/hw-mayo.runs/synth_1/.Xil/Vivado-3360555-zenith/realtime/Mayo_sign_mayo_add_vectors_0_0_stub.vhdl:5' bound to instance 'mayo_add_vectors_0' of component 'Mayo_sign_mayo_add_vectors_0_0' [/home/osm/Documents/Sect/SECT-MAYO/MAYO/vivado/hw-mayo/hw-mayo.gen/sources_1/bd/Mayo_sign/synth/Mayo_sign.vhd:3104]
INFO: [Synth 8-638] synthesizing module 'Mayo_sign_mayo_add_vectors_0_0' [/home/osm/Documents/Sect/SECT-MAYO/MAYO/vivado/hw-mayo/hw-mayo.runs/synth_1/.Xil/Vivado-3360555-zenith/realtime/Mayo_sign_mayo_add_vectors_0_0_stub.vhdl:40]
INFO: [Synth 8-3491] module 'Mayo_sign_mayo_add_vectors_arb_0_0' declared at '/home/osm/Documents/Sect/SECT-MAYO/MAYO/vivado/hw-mayo/hw-mayo.runs/synth_1/.Xil/Vivado-3360555-zenith/realtime/Mayo_sign_mayo_add_vectors_arb_0_0_stub.vhdl:5' bound to instance 'mayo_add_vectors_arb_0' of component 'Mayo_sign_mayo_add_vectors_arb_0_0' [/home/osm/Documents/Sect/SECT-MAYO/MAYO/vivado/hw-mayo/hw-mayo.gen/sources_1/bd/Mayo_sign/synth/Mayo_sign.vhd:3136]
INFO: [Synth 8-638] synthesizing module 'Mayo_sign_mayo_add_vectors_arb_0_0' [/home/osm/Documents/Sect/SECT-MAYO/MAYO/vivado/hw-mayo/hw-mayo.runs/synth_1/.Xil/Vivado-3360555-zenith/realtime/Mayo_sign_mayo_add_vectors_arb_0_0_stub.vhdl:61]
INFO: [Synth 8-256] done synthesizing module 'add_vectors_imp_5D59YL' (12#1) [/home/osm/Documents/Sect/SECT-MAYO/MAYO/vivado/hw-mayo/hw-mayo.gen/sources_1/bd/Mayo_sign/synth/Mayo_sign.vhd:2920]
INFO: [Synth 8-638] synthesizing module 'hash_imp_1H0AQ0H' [/home/osm/Documents/Sect/SECT-MAYO/MAYO/vivado/hw-mayo/hw-mayo.gen/sources_1/bd/Mayo_sign/synth/Mayo_sign.vhd:3223]
INFO: [Synth 8-3491] module 'Mayo_sign_MAYO_SHAKE_1_0' declared at '/home/osm/Documents/Sect/SECT-MAYO/MAYO/vivado/hw-mayo/hw-mayo.runs/synth_1/.Xil/Vivado-3360555-zenith/realtime/Mayo_sign_MAYO_SHAKE_1_0_stub.vhdl:5' bound to instance 'MAYO_SHAKE_1' of component 'Mayo_sign_MAYO_SHAKE_1_0' [/home/osm/Documents/Sect/SECT-MAYO/MAYO/vivado/hw-mayo/hw-mayo.gen/sources_1/bd/Mayo_sign/synth/Mayo_sign.vhd:3323]
INFO: [Synth 8-638] synthesizing module 'Mayo_sign_MAYO_SHAKE_1_0' [/home/osm/Documents/Sect/SECT-MAYO/MAYO/vivado/hw-mayo/hw-mayo.runs/synth_1/.Xil/Vivado-3360555-zenith/realtime/Mayo_sign_MAYO_SHAKE_1_0_stub.vhdl:26]
INFO: [Synth 8-3491] module 'Mayo_sign_mayo_hash_bram_arbit_0_0' declared at '/home/osm/Documents/Sect/SECT-MAYO/MAYO/vivado/hw-mayo/hw-mayo.runs/synth_1/.Xil/Vivado-3360555-zenith/realtime/Mayo_sign_mayo_hash_bram_arbit_0_0_stub.vhdl:5' bound to instance 'mayo_hash_bram_arbit_0' of component 'Mayo_sign_mayo_hash_bram_arbit_0_0' [/home/osm/Documents/Sect/SECT-MAYO/MAYO/vivado/hw-mayo/hw-mayo.gen/sources_1/bd/Mayo_sign/synth/Mayo_sign.vhd:3341]
INFO: [Synth 8-638] synthesizing module 'Mayo_sign_mayo_hash_bram_arbit_0_0' [/home/osm/Documents/Sect/SECT-MAYO/MAYO/vivado/hw-mayo/hw-mayo.runs/synth_1/.Xil/Vivado-3360555-zenith/realtime/Mayo_sign_mayo_hash_bram_arbit_0_0_stub.vhdl:32]
INFO: [Synth 8-256] done synthesizing module 'hash_imp_1H0AQ0H' (13#1) [/home/osm/Documents/Sect/SECT-MAYO/MAYO/vivado/hw-mayo/hw-mayo.gen/sources_1/bd/Mayo_sign/synth/Mayo_sign.vhd:3223]
INFO: [Synth 8-3491] module 'Mayo_sign_mayo_add_oil_0_0' declared at '/home/osm/Documents/Sect/SECT-MAYO/MAYO/vivado/hw-mayo/hw-mayo.runs/synth_1/.Xil/Vivado-3360555-zenith/realtime/Mayo_sign_mayo_add_oil_0_0_stub.vhdl:5' bound to instance 'mayo_add_oil_0' of component 'Mayo_sign_mayo_add_oil_0_0' [/home/osm/Documents/Sect/SECT-MAYO/MAYO/vivado/hw-mayo/hw-mayo.gen/sources_1/bd/Mayo_sign/synth/Mayo_sign.vhd:4722]
INFO: [Synth 8-638] synthesizing module 'Mayo_sign_mayo_add_oil_0_0' [/home/osm/Documents/Sect/SECT-MAYO/MAYO/vivado/hw-mayo/hw-mayo.runs/synth_1/.Xil/Vivado-3360555-zenith/realtime/Mayo_sign_mayo_add_oil_0_0_stub.vhdl:36]
INFO: [Synth 8-3491] module 'Mayo_sign_mayo_negate_0_0' declared at '/home/osm/Documents/Sect/SECT-MAYO/MAYO/vivado/hw-mayo/hw-mayo.runs/synth_1/.Xil/Vivado-3360555-zenith/realtime/Mayo_sign_mayo_negate_0_0_stub.vhdl:5' bound to instance 'mayo_negate_0' of component 'Mayo_sign_mayo_negate_0_0' [/home/osm/Documents/Sect/SECT-MAYO/MAYO/vivado/hw-mayo/hw-mayo.gen/sources_1/bd/Mayo_sign/synth/Mayo_sign.vhd:4750]
INFO: [Synth 8-638] synthesizing module 'Mayo_sign_mayo_negate_0_0' [/home/osm/Documents/Sect/SECT-MAYO/MAYO/vivado/hw-mayo/hw-mayo.runs/synth_1/.Xil/Vivado-3360555-zenith/realtime/Mayo_sign_mayo_negate_0_0_stub.vhdl:24]
INFO: [Synth 8-3491] module 'Mayo_sign_mayo_reduce_0_0' declared at '/home/osm/Documents/Sect/SECT-MAYO/MAYO/vivado/hw-mayo/hw-mayo.runs/synth_1/.Xil/Vivado-3360555-zenith/realtime/Mayo_sign_mayo_reduce_0_0_stub.vhdl:5' bound to instance 'mayo_reduce_0' of component 'Mayo_sign_mayo_reduce_0_0' [/home/osm/Documents/Sect/SECT-MAYO/MAYO/vivado/hw-mayo/hw-mayo.gen/sources_1/bd/Mayo_sign/synth/Mayo_sign.vhd:4766]
INFO: [Synth 8-638] synthesizing module 'Mayo_sign_mayo_reduce_0_0' [/home/osm/Documents/Sect/SECT-MAYO/MAYO/vivado/hw-mayo/hw-mayo.runs/synth_1/.Xil/Vivado-3360555-zenith/realtime/Mayo_sign_mayo_reduce_0_0_stub.vhdl:32]
INFO: [Synth 8-3491] module 'Mayo_sign_mayo_reduce_extension_0_0' declared at '/home/osm/Documents/Sect/SECT-MAYO/MAYO/vivado/hw-mayo/hw-mayo.runs/synth_1/.Xil/Vivado-3360555-zenith/realtime/Mayo_sign_mayo_reduce_extension_0_0_stub.vhdl:5' bound to instance 'mayo_reduce_extension_0' of component 'Mayo_sign_mayo_reduce_extension_0_0' [/home/osm/Documents/Sect/SECT-MAYO/MAYO/vivado/hw-mayo/hw-mayo.gen/sources_1/bd/Mayo_sign/synth/Mayo_sign.vhd:4790]
INFO: [Synth 8-638] synthesizing module 'Mayo_sign_mayo_reduce_extension_0_0' [/home/osm/Documents/Sect/SECT-MAYO/MAYO/vivado/hw-mayo/hw-mayo.runs/synth_1/.Xil/Vivado-3360555-zenith/realtime/Mayo_sign_mayo_reduce_extension_0_0_stub.vhdl:38]
INFO: [Synth 8-3491] module 'Mayo_sign_mayo_sample_oil_0_0' declared at '/home/osm/Documents/Sect/SECT-MAYO/MAYO/vivado/hw-mayo/hw-mayo.runs/synth_1/.Xil/Vivado-3360555-zenith/realtime/Mayo_sign_mayo_sample_oil_0_0_stub.vhdl:5' bound to instance 'mayo_sample_oil_0' of component 'Mayo_sign_mayo_sample_oil_0_0' [/home/osm/Documents/Sect/SECT-MAYO/MAYO/vivado/hw-mayo/hw-mayo.gen/sources_1/bd/Mayo_sign/synth/Mayo_sign.vhd:4820]
INFO: [Synth 8-638] synthesizing module 'Mayo_sign_mayo_sample_oil_0_0' [/home/osm/Documents/Sect/SECT-MAYO/MAYO/vivado/hw-mayo/hw-mayo.runs/synth_1/.Xil/Vivado-3360555-zenith/realtime/Mayo_sign_mayo_sample_oil_0_0_stub.vhdl:37]
INFO: [Synth 8-3491] module 'Mayo_sign_mayo_sample_oil_space_0_0' declared at '/home/osm/Documents/Sect/SECT-MAYO/MAYO/vivado/hw-mayo/hw-mayo.runs/synth_1/.Xil/Vivado-3360555-zenith/realtime/Mayo_sign_mayo_sample_oil_space_0_0_stub.vhdl:5' bound to instance 'mayo_sample_oil_space_0' of component 'Mayo_sign_mayo_sample_oil_space_0_0' [/home/osm/Documents/Sect/SECT-MAYO/MAYO/vivado/hw-mayo/hw-mayo.gen/sources_1/bd/Mayo_sign/synth/Mayo_sign.vhd:4849]
INFO: [Synth 8-638] synthesizing module 'Mayo_sign_mayo_sample_oil_space_0_0' [/home/osm/Documents/Sect/SECT-MAYO/MAYO/vivado/hw-mayo/hw-mayo.runs/synth_1/.Xil/Vivado-3360555-zenith/realtime/Mayo_sign_mayo_sample_oil_space_0_0_stub.vhdl:38]
INFO: [Synth 8-3491] module 'Mayo_sign_mayo_sample_vinegar_0_0' declared at '/home/osm/Documents/Sect/SECT-MAYO/MAYO/vivado/hw-mayo/hw-mayo.runs/synth_1/.Xil/Vivado-3360555-zenith/realtime/Mayo_sign_mayo_sample_vinegar_0_0_stub.vhdl:5' bound to instance 'mayo_sample_vinegar_0' of component 'Mayo_sign_mayo_sample_vinegar_0_0' [/home/osm/Documents/Sect/SECT-MAYO/MAYO/vivado/hw-mayo/hw-mayo.gen/sources_1/bd/Mayo_sign/synth/Mayo_sign.vhd:4879]
INFO: [Synth 8-638] synthesizing module 'Mayo_sign_mayo_sample_vinegar_0_0' [/home/osm/Documents/Sect/SECT-MAYO/MAYO/vivado/hw-mayo/hw-mayo.runs/synth_1/.Xil/Vivado-3360555-zenith/realtime/Mayo_sign_mayo_sample_vinegar_0_0_stub.vhdl:30]
INFO: [Synth 8-3491] module 'Mayo_sign_memcpy_0_0' declared at '/home/osm/Documents/Sect/SECT-MAYO/MAYO/vivado/hw-mayo/hw-mayo.runs/synth_1/.Xil/Vivado-3360555-zenith/realtime/Mayo_sign_memcpy_0_0_stub.vhdl:5' bound to instance 'memcpy_0' of component 'Mayo_sign_memcpy_0_0' [/home/osm/Documents/Sect/SECT-MAYO/MAYO/vivado/hw-mayo/hw-mayo.gen/sources_1/bd/Mayo_sign/synth/Mayo_sign.vhd:4901]
INFO: [Synth 8-638] synthesizing module 'Mayo_sign_memcpy_0_0' [/home/osm/Documents/Sect/SECT-MAYO/MAYO/vivado/hw-mayo/hw-mayo.runs/synth_1/.Xil/Vivado-3360555-zenith/realtime/Mayo_sign_memcpy_0_0_stub.vhdl:33]
INFO: [Synth 8-3491] module 'Mayo_sign_memcpy_0_1' declared at '/home/osm/Documents/Sect/SECT-MAYO/MAYO/vivado/hw-mayo/hw-mayo.runs/synth_1/.Xil/Vivado-3360555-zenith/realtime/Mayo_sign_memcpy_0_1_stub.vhdl:5' bound to instance 'memcpy_1' of component 'Mayo_sign_memcpy_0_1' [/home/osm/Documents/Sect/SECT-MAYO/MAYO/vivado/hw-mayo/hw-mayo.gen/sources_1/bd/Mayo_sign/synth/Mayo_sign.vhd:4926]
INFO: [Synth 8-638] synthesizing module 'Mayo_sign_memcpy_0_1' [/home/osm/Documents/Sect/SECT-MAYO/MAYO/vivado/hw-mayo/hw-mayo.runs/synth_1/.Xil/Vivado-3360555-zenith/realtime/Mayo_sign_memcpy_0_1_stub.vhdl:33]
INFO: [Synth 8-256] done synthesizing module 'Mayo_sign' (14#1) [/home/osm/Documents/Sect/SECT-MAYO/MAYO/vivado/hw-mayo/hw-mayo.gen/sources_1/bd/Mayo_sign/synth/Mayo_sign.vhd:3385]
INFO: [Synth 8-256] done synthesizing module 'Mayo_sign_wrapper' (15#1) [/home/osm/Documents/Sect/SECT-MAYO/MAYO/vivado/hw-mayo/hw-mayo.gen/sources_1/bd/Mayo_sign/hdl/Mayo_sign_wrapper.vhd:25]
---------------------------------------------------------------------------------
Finished RTL Elaboration : Time (s): cpu = 00:00:03 ; elapsed = 00:00:05 . Memory (MB): peak = 2645.996 ; gain = 0.000 ; free physical = 20666 ; free virtual = 27594
---------------------------------------------------------------------------------
---------------------------------------------------------------------------------
Start Handling Custom Attributes
---------------------------------------------------------------------------------
---------------------------------------------------------------------------------
Finished Handling Custom Attributes : Time (s): cpu = 00:00:04 ; elapsed = 00:00:05 . Memory (MB): peak = 2645.996 ; gain = 0.000 ; free physical = 20666 ; free virtual = 27594
---------------------------------------------------------------------------------
---------------------------------------------------------------------------------
Finished RTL Optimization Phase 1 : Time (s): cpu = 00:00:04 ; elapsed = 00:00:05 . Memory (MB): peak = 2645.996 ; gain = 0.000 ; free physical = 20666 ; free virtual = 27594
---------------------------------------------------------------------------------
Netlist sorting complete. Time (s): cpu = 00:00:00.04 ; elapsed = 00:00:00.04 . Memory (MB): peak = 2645.996 ; gain = 0.000 ; free physical = 20660 ; free virtual = 27588
INFO: [Project 1-570] Preparing netlist for logic optimization

Processing XDC Constraints
Initializing timing engine
Parsing XDC File [/home/osm/Documents/Sect/SECT-MAYO/MAYO/vivado/hw-mayo/hw-mayo.gen/sources_1/bd/Mayo_sign/ip/Mayo_sign_TRNG_0_0/Mayo_sign_TRNG_0_0/Mayo_sign_TRNG_0_0_in_context.xdc] for cell 'Mayo_sign_i/TRNG/TRNG_0'
Finished Parsing XDC File [/home/osm/Documents/Sect/SECT-MAYO/MAYO/vivado/hw-mayo/hw-mayo.gen/sources_1/bd/Mayo_sign/ip/Mayo_sign_TRNG_0_0/Mayo_sign_TRNG_0_0/Mayo_sign_TRNG_0_0_in_context.xdc] for cell 'Mayo_sign_i/TRNG/TRNG_0'
Parsing XDC File [/home/osm/Documents/Sect/SECT-MAYO/MAYO/vivado/hw-mayo/hw-mayo.gen/sources_1/bd/Mayo_sign/ip/Mayo_sign_mayo_trng_arbiter_0_0/Mayo_sign_mayo_trng_arbiter_0_0/Mayo_sign_mayo_trng_arbiter_0_0_in_context.xdc] for cell 'Mayo_sign_i/TRNG/mayo_trng_arbiter_0'
Finished Parsing XDC File [/home/osm/Documents/Sect/SECT-MAYO/MAYO/vivado/hw-mayo/hw-mayo.gen/sources_1/bd/Mayo_sign/ip/Mayo_sign_mayo_trng_arbiter_0_0/Mayo_sign_mayo_trng_arbiter_0_0/Mayo_sign_mayo_trng_arbiter_0_0_in_context.xdc] for cell 'Mayo_sign_i/TRNG/mayo_trng_arbiter_0'
Parsing XDC File [/home/osm/Documents/Sect/SECT-MAYO/MAYO/vivado/hw-mayo/hw-mayo.gen/sources_1/bd/Mayo_sign/ip/Mayo_sign_MAYO_SHAKE_1_0/Mayo_sign_MAYO_SHAKE_1_0/Mayo_sign_MAYO_SHAKE_1_0_in_context.xdc] for cell 'Mayo_sign_i/hash/MAYO_SHAKE_1'
Finished Parsing XDC File [/home/osm/Documents/Sect/SECT-MAYO/MAYO/vivado/hw-mayo/hw-mayo.gen/sources_1/bd/Mayo_sign/ip/Mayo_sign_MAYO_SHAKE_1_0/Mayo_sign_MAYO_SHAKE_1_0/Mayo_sign_MAYO_SHAKE_1_0_in_context.xdc] for cell 'Mayo_sign_i/hash/MAYO_SHAKE_1'
Parsing XDC File [/home/osm/Documents/Sect/SECT-MAYO/MAYO/vivado/hw-mayo/hw-mayo.gen/sources_1/bd/Mayo_sign/ip/Mayo_sign_mayo_hash_bram_arbit_0_0/Mayo_sign_mayo_hash_bram_arbit_0_0/Mayo_sign_mayo_hash_bram_arbit_0_0_in_context.xdc] for cell 'Mayo_sign_i/hash/mayo_hash_bram_arbit_0'
Finished Parsing XDC File [/home/osm/Documents/Sect/SECT-MAYO/MAYO/vivado/hw-mayo/hw-mayo.gen/sources_1/bd/Mayo_sign/ip/Mayo_sign_mayo_hash_bram_arbit_0_0/Mayo_sign_mayo_hash_bram_arbit_0_0/Mayo_sign_mayo_hash_bram_arbit_0_0_in_context.xdc] for cell 'Mayo_sign_i/hash/mayo_hash_bram_arbit_0'
Parsing XDC File [/home/osm/Documents/Sect/SECT-MAYO/MAYO/vivado/hw-mayo/hw-mayo.gen/sources_1/bd/Mayo_sign/ip/Mayo_sign_mayo_bram_arbiter2_0_0/Mayo_sign_mayo_bram_arbiter2_0_0/Mayo_sign_mayo_bram_arbiter2_0_0_in_context.xdc] for cell 'Mayo_sign_i/SmallBRAM/mayo_bram_arbiter2_a'
Finished Parsing XDC File [/home/osm/Documents/Sect/SECT-MAYO/MAYO/vivado/hw-mayo/hw-mayo.gen/sources_1/bd/Mayo_sign/ip/Mayo_sign_mayo_bram_arbiter2_0_0/Mayo_sign_mayo_bram_arbiter2_0_0/Mayo_sign_mayo_bram_arbiter2_0_0_in_context.xdc] for cell 'Mayo_sign_i/SmallBRAM/mayo_bram_arbiter2_a'
Parsing XDC File [/home/osm/Documents/Sect/SECT-MAYO/MAYO/vivado/hw-mayo/hw-mayo.gen/sources_1/bd/Mayo_sign/ip/Mayo_sign_mayo_bram_arbiter2_0_1/Mayo_sign_mayo_bram_arbiter2_0_1/Mayo_sign_mayo_bram_arbiter2_0_1_in_context.xdc] for cell 'Mayo_sign_i/SmallBRAM/mayo_bram_arbiter2_b'
Finished Parsing XDC File [/home/osm/Documents/Sect/SECT-MAYO/MAYO/vivado/hw-mayo/hw-mayo.gen/sources_1/bd/Mayo_sign/ip/Mayo_sign_mayo_bram_arbiter2_0_1/Mayo_sign_mayo_bram_arbiter2_0_1/Mayo_sign_mayo_bram_arbiter2_0_1_in_context.xdc] for cell 'Mayo_sign_i/SmallBRAM/mayo_bram_arbiter2_b'
Parsing XDC File [/home/osm/Documents/Sect/SECT-MAYO/MAYO/vivado/hw-mayo/hw-mayo.gen/sources_1/bd/Mayo_sign/ip/Mayo_sign_tdp_SmallBRAM_1_0_0/Mayo_sign_tdp_SmallBRAM_1_0_0/Mayo_sign_tdp_SmallBRAM_1_0_0_in_context.xdc] for cell 'Mayo_sign_i/SmallBRAM/tdp_SmallBRAM_1_0'
Finished Parsing XDC File [/home/osm/Documents/Sect/SECT-MAYO/MAYO/vivado/hw-mayo/hw-mayo.gen/sources_1/bd/Mayo_sign/ip/Mayo_sign_tdp_SmallBRAM_1_0_0/Mayo_sign_tdp_SmallBRAM_1_0_0/Mayo_sign_tdp_SmallBRAM_1_0_0_in_context.xdc] for cell 'Mayo_sign_i/SmallBRAM/tdp_SmallBRAM_1_0'
Parsing XDC File [/home/osm/Documents/Sect/SECT-MAYO/MAYO/vivado/hw-mayo/hw-mayo.gen/sources_1/bd/Mayo_sign/ip/Mayo_sign_mayo_bram_arbiter2_0_2/Mayo_sign_mayo_bram_arbiter2_0_2/Mayo_sign_mayo_bram_arbiter2_0_2_in_context.xdc] for cell 'Mayo_sign_i/BigBRAM1/mayo_bram_arbiter2_b'
Finished Parsing XDC File [/home/osm/Documents/Sect/SECT-MAYO/MAYO/vivado/hw-mayo/hw-mayo.gen/sources_1/bd/Mayo_sign/ip/Mayo_sign_mayo_bram_arbiter2_0_2/Mayo_sign_mayo_bram_arbiter2_0_2/Mayo_sign_mayo_bram_arbiter2_0_2_in_context.xdc] for cell 'Mayo_sign_i/BigBRAM1/mayo_bram_arbiter2_b'
Parsing XDC File [/home/osm/Documents/Sect/SECT-MAYO/MAYO/vivado/hw-mayo/hw-mayo.gen/sources_1/bd/Mayo_sign/ip/Mayo_sign_mayo_bram_arbiter2_1_0/Mayo_sign_mayo_bram_arbiter2_1_0/Mayo_sign_mayo_bram_arbiter2_1_0_in_context.xdc] for cell 'Mayo_sign_i/BigBRAM1/mayo_bram_arbiter2_a'
Finished Parsing XDC File [/home/osm/Documents/Sect/SECT-MAYO/MAYO/vivado/hw-mayo/hw-mayo.gen/sources_1/bd/Mayo_sign/ip/Mayo_sign_mayo_bram_arbiter2_1_0/Mayo_sign_mayo_bram_arbiter2_1_0/Mayo_sign_mayo_bram_arbiter2_1_0_in_context.xdc] for cell 'Mayo_sign_i/BigBRAM1/mayo_bram_arbiter2_a'
Parsing XDC File [/home/osm/Documents/Sect/SECT-MAYO/MAYO/vivado/hw-mayo/hw-mayo.gen/sources_1/bd/Mayo_sign/ip/Mayo_sign_tdp_BigBRAM_2_0_0/Mayo_sign_tdp_BigBRAM_2_0_0/Mayo_sign_tdp_BigBRAM_2_0_0_in_context.xdc] for cell 'Mayo_sign_i/BigBRAM1/tdp_BigBRAM_2_0'
Finished Parsing XDC File [/home/osm/Documents/Sect/SECT-MAYO/MAYO/vivado/hw-mayo/hw-mayo.gen/sources_1/bd/Mayo_sign/ip/Mayo_sign_tdp_BigBRAM_2_0_0/Mayo_sign_tdp_BigBRAM_2_0_0/Mayo_sign_tdp_BigBRAM_2_0_0_in_context.xdc] for cell 'Mayo_sign_i/BigBRAM1/tdp_BigBRAM_2_0'
Parsing XDC File [/home/osm/Documents/Sect/SECT-MAYO/MAYO/vivado/hw-mayo/hw-mayo.gen/sources_1/bd/Mayo_sign/ip/Mayo_sign_mayo_lin_comb_arbiter_0_0/Mayo_sign_mayo_lin_comb_arbiter_0_0/Mayo_sign_mayo_lin_comb_arbiter_0_0_in_context.xdc] for cell 'Mayo_sign_i/LInear_Combination/mayo_lin_comb_arbiter_0'
Finished Parsing XDC File [/home/osm/Documents/Sect/SECT-MAYO/MAYO/vivado/hw-mayo/hw-mayo.gen/sources_1/bd/Mayo_sign/ip/Mayo_sign_mayo_lin_comb_arbiter_0_0/Mayo_sign_mayo_lin_comb_arbiter_0_0/Mayo_sign_mayo_lin_comb_arbiter_0_0_in_context.xdc] for cell 'Mayo_sign_i/LInear_Combination/mayo_lin_comb_arbiter_0'
Parsing XDC File [/home/osm/Documents/Sect/SECT-MAYO/MAYO/vivado/hw-mayo/hw-mayo.gen/sources_1/bd/Mayo_sign/ip/Mayo_sign_mayo_linear_combinat_0_0/Mayo_sign_mayo_linear_combinat_0_0/Mayo_sign_mayo_linear_combinat_0_0_in_context.xdc] for cell 'Mayo_sign_i/LInear_Combination/mayo_linear_combinat_0'
Finished Parsing XDC File [/home/osm/Documents/Sect/SECT-MAYO/MAYO/vivado/hw-mayo/hw-mayo.gen/sources_1/bd/Mayo_sign/ip/Mayo_sign_mayo_linear_combinat_0_0/Mayo_sign_mayo_linear_combinat_0_0/Mayo_sign_mayo_linear_combinat_0_0_in_context.xdc] for cell 'Mayo_sign_i/LInear_Combination/mayo_linear_combinat_0'
Parsing XDC File [/home/osm/Documents/Sect/SECT-MAYO/MAYO/vivado/hw-mayo/hw-mayo.gen/sources_1/bd/Mayo_sign/ip/Mayo_sign_mayo_bram_arbiter2_0_3/Mayo_sign_mayo_bram_arbiter2_0_3/Mayo_sign_mayo_bram_arbiter2_0_3_in_context.xdc] for cell 'Mayo_sign_i/BigBRAM2/mayo_bram_arbiter2_b'
Finished Parsing XDC File [/home/osm/Documents/Sect/SECT-MAYO/MAYO/vivado/hw-mayo/hw-mayo.gen/sources_1/bd/Mayo_sign/ip/Mayo_sign_mayo_bram_arbiter2_0_3/Mayo_sign_mayo_bram_arbiter2_0_3/Mayo_sign_mayo_bram_arbiter2_0_3_in_context.xdc] for cell 'Mayo_sign_i/BigBRAM2/mayo_bram_arbiter2_b'
Parsing XDC File [/home/osm/Documents/Sect/SECT-MAYO/MAYO/vivado/hw-mayo/hw-mayo.gen/sources_1/bd/Mayo_sign/ip/Mayo_sign_mayo_bram_arbiter2_0_4/Mayo_sign_mayo_bram_arbiter2_0_4/Mayo_sign_mayo_bram_arbiter2_0_4_in_context.xdc] for cell 'Mayo_sign_i/BigBRAM2/mayo_bram_arbiter2_a'
Finished Parsing XDC File [/home/osm/Documents/Sect/SECT-MAYO/MAYO/vivado/hw-mayo/hw-mayo.gen/sources_1/bd/Mayo_sign/ip/Mayo_sign_mayo_bram_arbiter2_0_4/Mayo_sign_mayo_bram_arbiter2_0_4/Mayo_sign_mayo_bram_arbiter2_0_4_in_context.xdc] for cell 'Mayo_sign_i/BigBRAM2/mayo_bram_arbiter2_a'
Parsing XDC File [/home/osm/Documents/Sect/SECT-MAYO/MAYO/vivado/hw-mayo/hw-mayo.gen/sources_1/bd/Mayo_sign/ip/Mayo_sign_tdp_BigBRAM_2_0_1/Mayo_sign_tdp_BigBRAM_2_0_1/Mayo_sign_tdp_BigBRAM_2_0_1_in_context.xdc] for cell 'Mayo_sign_i/BigBRAM2/tdp_BigBRAM_2_0'
Finished Parsing XDC File [/home/osm/Documents/Sect/SECT-MAYO/MAYO/vivado/hw-mayo/hw-mayo.gen/sources_1/bd/Mayo_sign/ip/Mayo_sign_tdp_BigBRAM_2_0_1/Mayo_sign_tdp_BigBRAM_2_0_1/Mayo_sign_tdp_BigBRAM_2_0_1_in_context.xdc] for cell 'Mayo_sign_i/BigBRAM2/tdp_BigBRAM_2_0'
Parsing XDC File [/home/osm/Documents/Sect/SECT-MAYO/MAYO/vivado/hw-mayo/hw-mayo.gen/sources_1/bd/Mayo_sign/ip/Mayo_sign_mayo_add_vectors_0_0/Mayo_sign_mayo_add_vectors_0_0/Mayo_sign_mayo_add_vectors_0_0_in_context.xdc] for cell 'Mayo_sign_i/add_vectors/mayo_add_vectors_0'
Finished Parsing XDC File [/home/osm/Documents/Sect/SECT-MAYO/MAYO/vivado/hw-mayo/hw-mayo.gen/sources_1/bd/Mayo_sign/ip/Mayo_sign_mayo_add_vectors_0_0/Mayo_sign_mayo_add_vectors_0_0/Mayo_sign_mayo_add_vectors_0_0_in_context.xdc] for cell 'Mayo_sign_i/add_vectors/mayo_add_vectors_0'
Parsing XDC File [/home/osm/Documents/Sect/SECT-MAYO/MAYO/vivado/hw-mayo/hw-mayo.gen/sources_1/bd/Mayo_sign/ip/Mayo_sign_mayo_add_vectors_arb_0_0_1/Mayo_sign_mayo_add_vectors_arb_0_0/Mayo_sign_mayo_add_vectors_arb_0_0_in_context.xdc] for cell 'Mayo_sign_i/add_vectors/mayo_add_vectors_arb_0'
Finished Parsing XDC File [/home/osm/Documents/Sect/SECT-MAYO/MAYO/vivado/hw-mayo/hw-mayo.gen/sources_1/bd/Mayo_sign/ip/Mayo_sign_mayo_add_vectors_arb_0_0_1/Mayo_sign_mayo_add_vectors_arb_0_0/Mayo_sign_mayo_add_vectors_arb_0_0_in_context.xdc] for cell 'Mayo_sign_i/add_vectors/mayo_add_vectors_arb_0'
Parsing XDC File [/home/osm/Documents/Sect/SECT-MAYO/MAYO/vivado/hw-mayo/hw-mayo.gen/sources_1/bd/Mayo_sign/ip/Mayo_sign_MAYO_P1P1T_0_0/Mayo_sign_MAYO_P1P1T_0_0/Mayo_sign_MAYO_P1P1T_0_0_in_context.xdc] for cell 'Mayo_sign_i/MAYO_P1P1T_0'
Finished Parsing XDC File [/home/osm/Documents/Sect/SECT-MAYO/MAYO/vivado/hw-mayo/hw-mayo.gen/sources_1/bd/Mayo_sign/ip/Mayo_sign_MAYO_P1P1T_0_0/Mayo_sign_MAYO_P1P1T_0_0/Mayo_sign_MAYO_P1P1T_0_0_in_context.xdc] for cell 'Mayo_sign_i/MAYO_P1P1T_0'
Parsing XDC File [/home/osm/Documents/Sect/SECT-MAYO/MAYO/vivado/hw-mayo/hw-mayo.gen/sources_1/bd/Mayo_sign/ip/Mayo_sign_MAYO_SIGNING_FSM_0_0/Mayo_sign_MAYO_SIGNING_FSM_0_0/Mayo_sign_MAYO_SIGNING_FSM_0_0_in_context.xdc] for cell 'Mayo_sign_i/MAYO_SIGNING_FSM_0'
Finished Parsing XDC File [/home/osm/Documents/Sect/SECT-MAYO/MAYO/vivado/hw-mayo/hw-mayo.gen/sources_1/bd/Mayo_sign/ip/Mayo_sign_MAYO_SIGNING_FSM_0_0/Mayo_sign_MAYO_SIGNING_FSM_0_0/Mayo_sign_MAYO_SIGNING_FSM_0_0_in_context.xdc] for cell 'Mayo_sign_i/MAYO_SIGNING_FSM_0'
Parsing XDC File [/home/osm/Documents/Sect/SECT-MAYO/MAYO/vivado/hw-mayo/hw-mayo.gen/sources_1/bd/Mayo_sign/ip/Mayo_sign_mayo_add_oil_0_0/Mayo_sign_mayo_add_oil_0_0/Mayo_sign_mayo_add_oil_0_0_in_context.xdc] for cell 'Mayo_sign_i/mayo_add_oil_0'
Finished Parsing XDC File [/home/osm/Documents/Sect/SECT-MAYO/MAYO/vivado/hw-mayo/hw-mayo.gen/sources_1/bd/Mayo_sign/ip/Mayo_sign_mayo_add_oil_0_0/Mayo_sign_mayo_add_oil_0_0/Mayo_sign_mayo_add_oil_0_0_in_context.xdc] for cell 'Mayo_sign_i/mayo_add_oil_0'
Parsing XDC File [/home/osm/Documents/Sect/SECT-MAYO/MAYO/vivado/hw-mayo/hw-mayo.gen/sources_1/bd/Mayo_sign/ip/Mayo_sign_mayo_negate_0_0/Mayo_sign_mayo_negate_0_0/Mayo_sign_mayo_negate_0_0_in_context.xdc] for cell 'Mayo_sign_i/mayo_negate_0'
Finished Parsing XDC File [/home/osm/Documents/Sect/SECT-MAYO/MAYO/vivado/hw-mayo/hw-mayo.gen/sources_1/bd/Mayo_sign/ip/Mayo_sign_mayo_negate_0_0/Mayo_sign_mayo_negate_0_0/Mayo_sign_mayo_negate_0_0_in_context.xdc] for cell 'Mayo_sign_i/mayo_negate_0'
Parsing XDC File [/home/osm/Documents/Sect/SECT-MAYO/MAYO/vivado/hw-mayo/hw-mayo.gen/sources_1/bd/Mayo_sign/ip/Mayo_sign_mayo_reduce_0_0/Mayo_sign_mayo_reduce_0_0/Mayo_sign_mayo_reduce_0_0_in_context.xdc] for cell 'Mayo_sign_i/mayo_reduce_0'
Finished Parsing XDC File [/home/osm/Documents/Sect/SECT-MAYO/MAYO/vivado/hw-mayo/hw-mayo.gen/sources_1/bd/Mayo_sign/ip/Mayo_sign_mayo_reduce_0_0/Mayo_sign_mayo_reduce_0_0/Mayo_sign_mayo_reduce_0_0_in_context.xdc] for cell 'Mayo_sign_i/mayo_reduce_0'
Parsing XDC File [/home/osm/Documents/Sect/SECT-MAYO/MAYO/vivado/hw-mayo/hw-mayo.gen/sources_1/bd/Mayo_sign/ip/Mayo_sign_mayo_reduce_extension_0_0/Mayo_sign_mayo_reduce_extension_0_0/Mayo_sign_mayo_reduce_extension_0_0_in_context.xdc] for cell 'Mayo_sign_i/mayo_reduce_extension_0'
Finished Parsing XDC File [/home/osm/Documents/Sect/SECT-MAYO/MAYO/vivado/hw-mayo/hw-mayo.gen/sources_1/bd/Mayo_sign/ip/Mayo_sign_mayo_reduce_extension_0_0/Mayo_sign_mayo_reduce_extension_0_0/Mayo_sign_mayo_reduce_extension_0_0_in_context.xdc] for cell 'Mayo_sign_i/mayo_reduce_extension_0'
Parsing XDC File [/home/osm/Documents/Sect/SECT-MAYO/MAYO/vivado/hw-mayo/hw-mayo.gen/sources_1/bd/Mayo_sign/ip/Mayo_sign_mayo_sample_oil_0_0/Mayo_sign_mayo_sample_oil_0_0/Mayo_sign_mayo_sample_oil_0_0_in_context.xdc] for cell 'Mayo_sign_i/mayo_sample_oil_0'
Finished Parsing XDC File [/home/osm/Documents/Sect/SECT-MAYO/MAYO/vivado/hw-mayo/hw-mayo.gen/sources_1/bd/Mayo_sign/ip/Mayo_sign_mayo_sample_oil_0_0/Mayo_sign_mayo_sample_oil_0_0/Mayo_sign_mayo_sample_oil_0_0_in_context.xdc] for cell 'Mayo_sign_i/mayo_sample_oil_0'
Parsing XDC File [/home/osm/Documents/Sect/SECT-MAYO/MAYO/vivado/hw-mayo/hw-mayo.gen/sources_1/bd/Mayo_sign/ip/Mayo_sign_mayo_sample_oil_space_0_0/Mayo_sign_mayo_sample_oil_space_0_0/Mayo_sign_mayo_sample_oil_space_0_0_in_context.xdc] for cell 'Mayo_sign_i/mayo_sample_oil_space_0'
Finished Parsing XDC File [/home/osm/Documents/Sect/SECT-MAYO/MAYO/vivado/hw-mayo/hw-mayo.gen/sources_1/bd/Mayo_sign/ip/Mayo_sign_mayo_sample_oil_space_0_0/Mayo_sign_mayo_sample_oil_space_0_0/Mayo_sign_mayo_sample_oil_space_0_0_in_context.xdc] for cell 'Mayo_sign_i/mayo_sample_oil_space_0'
Parsing XDC File [/home/osm/Documents/Sect/SECT-MAYO/MAYO/vivado/hw-mayo/hw-mayo.gen/sources_1/bd/Mayo_sign/ip/Mayo_sign_mayo_sample_vinegar_0_0/Mayo_sign_mayo_sample_vinegar_0_0/Mayo_sign_mayo_sample_vinegar_0_0_in_context.xdc] for cell 'Mayo_sign_i/mayo_sample_vinegar_0'
Finished Parsing XDC File [/home/osm/Documents/Sect/SECT-MAYO/MAYO/vivado/hw-mayo/hw-mayo.gen/sources_1/bd/Mayo_sign/ip/Mayo_sign_mayo_sample_vinegar_0_0/Mayo_sign_mayo_sample_vinegar_0_0/Mayo_sign_mayo_sample_vinegar_0_0_in_context.xdc] for cell 'Mayo_sign_i/mayo_sample_vinegar_0'
Parsing XDC File [/home/osm/Documents/Sect/SECT-MAYO/MAYO/vivado/hw-mayo/hw-mayo.gen/sources_1/bd/Mayo_sign/ip/Mayo_sign_memcpy_0_0/Mayo_sign_memcpy_0_0/Mayo_sign_memcpy_0_0_in_context.xdc] for cell 'Mayo_sign_i/memcpy_0'
Finished Parsing XDC File [/home/osm/Documents/Sect/SECT-MAYO/MAYO/vivado/hw-mayo/hw-mayo.gen/sources_1/bd/Mayo_sign/ip/Mayo_sign_memcpy_0_0/Mayo_sign_memcpy_0_0/Mayo_sign_memcpy_0_0_in_context.xdc] for cell 'Mayo_sign_i/memcpy_0'
Parsing XDC File [/home/osm/Documents/Sect/SECT-MAYO/MAYO/vivado/hw-mayo/hw-mayo.gen/sources_1/bd/Mayo_sign/ip/Mayo_sign_memcpy_0_1/Mayo_sign_memcpy_0_1/Mayo_sign_memcpy_0_1_in_context.xdc] for cell 'Mayo_sign_i/memcpy_1'
Finished Parsing XDC File [/home/osm/Documents/Sect/SECT-MAYO/MAYO/vivado/hw-mayo/hw-mayo.gen/sources_1/bd/Mayo_sign/ip/Mayo_sign_memcpy_0_1/Mayo_sign_memcpy_0_1/Mayo_sign_memcpy_0_1_in_context.xdc] for cell 'Mayo_sign_i/memcpy_1'
Parsing XDC File [/home/osm/Documents/Sect/SECT-MAYO/MAYO/vivado/hw-mayo/hw-mayo.srcs/constrs_1/new/Mayo_keygen_wrapper.xdc]
Finished Parsing XDC File [/home/osm/Documents/Sect/SECT-MAYO/MAYO/vivado/hw-mayo/hw-mayo.srcs/constrs_1/new/Mayo_keygen_wrapper.xdc]
Parsing XDC File [/home/osm/Documents/Sect/SECT-MAYO/MAYO/vivado/hw-mayo/hw-mayo.runs/synth_1/dont_touch.xdc]
Finished Parsing XDC File [/home/osm/Documents/Sect/SECT-MAYO/MAYO/vivado/hw-mayo/hw-mayo.runs/synth_1/dont_touch.xdc]
Completed Processing XDC Constraints

Netlist sorting complete. Time (s): cpu = 00:00:00 ; elapsed = 00:00:00 . Memory (MB): peak = 2645.996 ; gain = 0.000 ; free physical = 20575 ; free virtual = 27503
INFO: [Project 1-111] Unisim Transformation Summary:
No Unisim elements were transformed.

Constraint Validation Runtime : Time (s): cpu = 00:00:00 ; elapsed = 00:00:00 . Memory (MB): peak = 2645.996 ; gain = 0.000 ; free physical = 20575 ; free virtual = 27503
---------------------------------------------------------------------------------
Finished Constraint Validation : Time (s): cpu = 00:00:08 ; elapsed = 00:00:11 . Memory (MB): peak = 2645.996 ; gain = 0.000 ; free physical = 20654 ; free virtual = 27582
---------------------------------------------------------------------------------
---------------------------------------------------------------------------------
Start Loading Part and Timing Information
---------------------------------------------------------------------------------
Loading part: xc7z020clg484-1
---------------------------------------------------------------------------------
Finished Loading Part and Timing Information : Time (s): cpu = 00:00:08 ; elapsed = 00:00:11 . Memory (MB): peak = 2645.996 ; gain = 0.000 ; free physical = 20654 ; free virtual = 27582
---------------------------------------------------------------------------------
---------------------------------------------------------------------------------
Start Applying 'set_property' XDC Constraints
---------------------------------------------------------------------------------
Applied set_property KEEP_HIERARCHY = SOFT for Mayo_sign_i. (constraint file  auto generated constraint).
Applied set_property KEEP_HIERARCHY = SOFT for Mayo_sign_i/Ground0. (constraint file  auto generated constraint).
Applied set_property KEEP_HIERARCHY = SOFT for Mayo_sign_i/Ground32. (constraint file  auto generated constraint).
Applied set_property KEEP_HIERARCHY = SOFT for Mayo_sign_i/Ground4. (constraint file  auto generated constraint).
Applied set_property KEEP_HIERARCHY = SOFT for Mayo_sign_i/TRNG/TRNG_0. (constraint file  auto generated constraint).
Applied set_property KEEP_HIERARCHY = SOFT for Mayo_sign_i/TRNG/xlconcat_0. (constraint file  auto generated constraint).
Applied set_property KEEP_HIERARCHY = SOFT for Mayo_sign_i/TRNG/mayo_trng_arbiter_0. (constraint file  auto generated constraint).
Applied set_property KEEP_HIERARCHY = SOFT for Mayo_sign_i/hash/MAYO_SHAKE_1. (constraint file  auto generated constraint).
Applied set_property KEEP_HIERARCHY = SOFT for Mayo_sign_i/hash/mayo_hash_bram_arbit_0. (constraint file  auto generated constraint).
Applied set_property KEEP_HIERARCHY = SOFT for Mayo_sign_i/SmallBRAM/mayo_bram_arbiter2_a. (constraint file  auto generated constraint).
Applied set_property KEEP_HIERARCHY = SOFT for Mayo_sign_i/SmallBRAM/mayo_bram_arbiter2_b. (constraint file  auto generated constraint).
Applied set_property KEEP_HIERARCHY = SOFT for Mayo_sign_i/SmallBRAM/tdp_SmallBRAM_1_0. (constraint file  auto generated constraint).
Applied set_property KEEP_HIERARCHY = SOFT for Mayo_sign_i/BigBRAM1/mayo_bram_arbiter2_b. (constraint file  auto generated constraint).
Applied set_property KEEP_HIERARCHY = SOFT for Mayo_sign_i/BigBRAM1/mayo_bram_arbiter2_a. (constraint file  auto generated constraint).
Applied set_property KEEP_HIERARCHY = SOFT for Mayo_sign_i/BigBRAM1/tdp_BigBRAM_2_0. (constraint file  auto generated constraint).
Applied set_property KEEP_HIERARCHY = SOFT for Mayo_sign_i/LInear_Combination/mayo_lin_comb_arbiter_0. (constraint file  auto generated constraint).
Applied set_property KEEP_HIERARCHY = SOFT for Mayo_sign_i/LInear_Combination/mayo_linear_combinat_0. (constraint file  auto generated constraint).
Applied set_property KEEP_HIERARCHY = SOFT for Mayo_sign_i/BigBRAM2/mayo_bram_arbiter2_b. (constraint file  auto generated constraint).
Applied set_property KEEP_HIERARCHY = SOFT for Mayo_sign_i/BigBRAM2/mayo_bram_arbiter2_a. (constraint file  auto generated constraint).
Applied set_property KEEP_HIERARCHY = SOFT for Mayo_sign_i/BigBRAM2/tdp_BigBRAM_2_0. (constraint file  auto generated constraint).
Applied set_property KEEP_HIERARCHY = SOFT for Mayo_sign_i/add_vectors/mayo_add_vectors_0. (constraint file  auto generated constraint).
Applied set_property KEEP_HIERARCHY = SOFT for Mayo_sign_i/add_vectors/mayo_add_vectors_arb_0. (constraint file  auto generated constraint).
Applied set_property KEEP_HIERARCHY = SOFT for Mayo_sign_i/MAYO_P1P1T_0. (constraint file  auto generated constraint).
Applied set_property KEEP_HIERARCHY = SOFT for Mayo_sign_i/MAYO_SIGNING_FSM_0. (constraint file  auto generated constraint).
Applied set_property KEEP_HIERARCHY = SOFT for Mayo_sign_i/mayo_add_oil_0. (constraint file  auto generated constraint).
Applied set_property KEEP_HIERARCHY = SOFT for Mayo_sign_i/mayo_negate_0. (constraint file  auto generated constraint).
Applied set_property KEEP_HIERARCHY = SOFT for Mayo_sign_i/mayo_reduce_0. (constraint file  auto generated constraint).
Applied set_property KEEP_HIERARCHY = SOFT for Mayo_sign_i/mayo_reduce_extension_0. (constraint file  auto generated constraint).
Applied set_property KEEP_HIERARCHY = SOFT for Mayo_sign_i/mayo_sample_oil_0. (constraint file  auto generated constraint).
Applied set_property KEEP_HIERARCHY = SOFT for Mayo_sign_i/mayo_sample_oil_space_0. (constraint file  auto generated constraint).
Applied set_property KEEP_HIERARCHY = SOFT for Mayo_sign_i/mayo_sample_vinegar_0. (constraint file  auto generated constraint).
Applied set_property KEEP_HIERARCHY = SOFT for Mayo_sign_i/memcpy_0. (constraint file  auto generated constraint).
Applied set_property KEEP_HIERARCHY = SOFT for Mayo_sign_i/memcpy_1. (constraint file  auto generated constraint).
---------------------------------------------------------------------------------
Finished applying 'set_property' XDC Constraints : Time (s): cpu = 00:00:08 ; elapsed = 00:00:11 . Memory (MB): peak = 2645.996 ; gain = 0.000 ; free physical = 20652 ; free virtual = 27580
---------------------------------------------------------------------------------
---------------------------------------------------------------------------------
Finished RTL Optimization Phase 2 : Time (s): cpu = 00:00:08 ; elapsed = 00:00:11 . Memory (MB): peak = 2645.996 ; gain = 0.000 ; free physical = 20650 ; free virtual = 27579
---------------------------------------------------------------------------------
---------------------------------------------------------------------------------
Start RTL Component Statistics 
---------------------------------------------------------------------------------
Detailed RTL Component Info : 
---------------------------------------------------------------------------------
Finished RTL Component Statistics 
---------------------------------------------------------------------------------
---------------------------------------------------------------------------------
Start Part Resource Summary
---------------------------------------------------------------------------------
Part Resources:
DSPs: 220 (col length:60)
BRAMs: 280 (col length: RAMB18 60 RAMB36 30)
---------------------------------------------------------------------------------
Finished Part Resource Summary
---------------------------------------------------------------------------------
---------------------------------------------------------------------------------
Start Cross Boundary and Area Optimization
---------------------------------------------------------------------------------
---------------------------------------------------------------------------------
Finished Cross Boundary and Area Optimization : Time (s): cpu = 00:00:09 ; elapsed = 00:00:12 . Memory (MB): peak = 2645.996 ; gain = 0.000 ; free physical = 20646 ; free virtual = 27580
---------------------------------------------------------------------------------
---------------------------------------------------------------------------------
Start Applying XDC Timing Constraints
---------------------------------------------------------------------------------
---------------------------------------------------------------------------------
Finished Applying XDC Timing Constraints : Time (s): cpu = 00:00:13 ; elapsed = 00:00:16 . Memory (MB): peak = 2645.996 ; gain = 0.000 ; free physical = 20518 ; free virtual = 27452
---------------------------------------------------------------------------------
---------------------------------------------------------------------------------
Start Timing Optimization
---------------------------------------------------------------------------------
---------------------------------------------------------------------------------
Finished Timing Optimization : Time (s): cpu = 00:00:13 ; elapsed = 00:00:16 . Memory (MB): peak = 2645.996 ; gain = 0.000 ; free physical = 20518 ; free virtual = 27452
---------------------------------------------------------------------------------
---------------------------------------------------------------------------------
Start Technology Mapping
---------------------------------------------------------------------------------
---------------------------------------------------------------------------------
Finished Technology Mapping : Time (s): cpu = 00:00:13 ; elapsed = 00:00:17 . Memory (MB): peak = 2645.996 ; gain = 0.000 ; free physical = 20513 ; free virtual = 27447
---------------------------------------------------------------------------------
---------------------------------------------------------------------------------
Start IO Insertion
---------------------------------------------------------------------------------
---------------------------------------------------------------------------------
Start Flattening Before IO Insertion
---------------------------------------------------------------------------------
---------------------------------------------------------------------------------
Finished Flattening Before IO Insertion
---------------------------------------------------------------------------------
---------------------------------------------------------------------------------
Start Final Netlist Cleanup
---------------------------------------------------------------------------------
---------------------------------------------------------------------------------
Finished Final Netlist Cleanup
---------------------------------------------------------------------------------
---------------------------------------------------------------------------------
Finished IO Insertion : Time (s): cpu = 00:00:15 ; elapsed = 00:00:19 . Memory (MB): peak = 2645.996 ; gain = 0.000 ; free physical = 20512 ; free virtual = 27446
---------------------------------------------------------------------------------
---------------------------------------------------------------------------------
Start Renaming Generated Instances
---------------------------------------------------------------------------------
---------------------------------------------------------------------------------
Finished Renaming Generated Instances : Time (s): cpu = 00:00:15 ; elapsed = 00:00:19 . Memory (MB): peak = 2645.996 ; gain = 0.000 ; free physical = 20512 ; free virtual = 27446
---------------------------------------------------------------------------------
---------------------------------------------------------------------------------
Start Rebuilding User Hierarchy
---------------------------------------------------------------------------------
---------------------------------------------------------------------------------
Finished Rebuilding User Hierarchy : Time (s): cpu = 00:00:15 ; elapsed = 00:00:19 . Memory (MB): peak = 2645.996 ; gain = 0.000 ; free physical = 20512 ; free virtual = 27446
---------------------------------------------------------------------------------
---------------------------------------------------------------------------------
Start Renaming Generated Ports
---------------------------------------------------------------------------------
---------------------------------------------------------------------------------
Finished Renaming Generated Ports : Time (s): cpu = 00:00:15 ; elapsed = 00:00:19 . Memory (MB): peak = 2645.996 ; gain = 0.000 ; free physical = 20512 ; free virtual = 27446
---------------------------------------------------------------------------------
---------------------------------------------------------------------------------
Start Handling Custom Attributes
---------------------------------------------------------------------------------
---------------------------------------------------------------------------------
Finished Handling Custom Attributes : Time (s): cpu = 00:00:15 ; elapsed = 00:00:19 . Memory (MB): peak = 2645.996 ; gain = 0.000 ; free physical = 20512 ; free virtual = 27446
---------------------------------------------------------------------------------
---------------------------------------------------------------------------------
Start Renaming Generated Nets
---------------------------------------------------------------------------------
---------------------------------------------------------------------------------
Finished Renaming Generated Nets : Time (s): cpu = 00:00:15 ; elapsed = 00:00:19 . Memory (MB): peak = 2645.996 ; gain = 0.000 ; free physical = 20512 ; free virtual = 27446
---------------------------------------------------------------------------------
---------------------------------------------------------------------------------
Start Writing Synthesis Report
---------------------------------------------------------------------------------

Report BlackBoxes: 
+------+------------------------------------+----------+
|      |BlackBox name                       |Instances |
+------+------------------------------------+----------+
|1     |Mayo_sign_MAYO_P1P1T_0_0            |         1|
|2     |Mayo_sign_MAYO_SIGNING_FSM_0_0      |         1|
|3     |Mayo_sign_mayo_add_oil_0_0          |         1|
|4     |Mayo_sign_mayo_negate_0_0           |         1|
|5     |Mayo_sign_mayo_reduce_0_0           |         1|
|6     |Mayo_sign_mayo_reduce_extension_0_0 |         1|
|7     |Mayo_sign_mayo_sample_oil_0_0       |         1|
|8     |Mayo_sign_mayo_sample_oil_space_0_0 |         1|
|9     |Mayo_sign_mayo_sample_vinegar_0_0   |         1|
|10    |Mayo_sign_memcpy_0_0                |         1|
|11    |Mayo_sign_memcpy_0_1                |         1|
|12    |Mayo_sign_mayo_bram_arbiter2_1_0    |         1|
|13    |Mayo_sign_mayo_bram_arbiter2_0_2    |         1|
|14    |Mayo_sign_tdp_BigBRAM_2_0_0         |         1|
|15    |Mayo_sign_mayo_bram_arbiter2_0_4    |         1|
|16    |Mayo_sign_mayo_bram_arbiter2_0_3    |         1|
|17    |Mayo_sign_tdp_BigBRAM_2_0_1         |         1|
|18    |Mayo_sign_mayo_lin_comb_arbiter_0_0 |         1|
|19    |Mayo_sign_mayo_linear_combinat_0_0  |         1|
|20    |Mayo_sign_mayo_bram_arbiter2_0_0    |         1|
|21    |Mayo_sign_mayo_bram_arbiter2_0_1    |         1|
|22    |Mayo_sign_tdp_SmallBRAM_1_0_0       |         1|
|23    |Mayo_sign_TRNG_0_0                  |         1|
|24    |Mayo_sign_mayo_trng_arbiter_0_0     |         1|
|25    |Mayo_sign_mayo_add_vectors_0_0      |         1|
|26    |Mayo_sign_mayo_add_vectors_arb_0_0  |         1|
|27    |Mayo_sign_MAYO_SHAKE_1_0            |         1|
|28    |Mayo_sign_mayo_hash_bram_arbit_0_0  |         1|
+------+------------------------------------+----------+

Report Cell Usage: 
+------+-----------------------------------------+------+
|      |Cell                                     |Count |
+------+-----------------------------------------+------+
|1     |Mayo_sign_MAYO_P1P1T_0_0_bbox            |     1|
|2     |Mayo_sign_MAYO_SHAKE_1_0_bbox            |     1|
|3     |Mayo_sign_MAYO_SIGNING_FSM_0_0_bbox      |     1|
|4     |Mayo_sign_TRNG_0_0_bbox                  |     1|
|5     |Mayo_sign_mayo_add_oil_0_0_bbox          |     1|
|6     |Mayo_sign_mayo_add_vectors_0_0_bbox      |     1|
|7     |Mayo_sign_mayo_add_vectors_arb_0_0_bbox  |     1|
|8     |Mayo_sign_mayo_bram_arbiter2_0_0_bbox    |     1|
|9     |Mayo_sign_mayo_bram_arbiter2_0_1_bbox    |     1|
|10    |Mayo_sign_mayo_bram_arbiter2_0_2_bbox    |     1|
|11    |Mayo_sign_mayo_bram_arbiter2_0_3_bbox    |     1|
|12    |Mayo_sign_mayo_bram_arbiter2_0_4_bbox    |     1|
|13    |Mayo_sign_mayo_bram_arbiter2_1_0_bbox    |     1|
|14    |Mayo_sign_mayo_hash_bram_arbit_0_0_bbox  |     1|
|15    |Mayo_sign_mayo_lin_comb_arbiter_0_0_bbox |     1|
|16    |Mayo_sign_mayo_linear_combinat_0_0_bbox  |     1|
|17    |Mayo_sign_mayo_negate_0_0_bbox           |     1|
|18    |Mayo_sign_mayo_reduce_0_0_bbox           |     1|
|19    |Mayo_sign_mayo_reduce_extension_0_0_bbox |     1|
|20    |Mayo_sign_mayo_sample_oil_0_0_bbox       |     1|
|21    |Mayo_sign_mayo_sample_oil_space_0_0_bbox |     1|
|22    |Mayo_sign_mayo_sample_vinegar_0_0_bbox   |     1|
|23    |Mayo_sign_mayo_trng_arbiter_0_0_bbox     |     1|
|24    |Mayo_sign_memcpy_0_0_bbox                |     1|
|25    |Mayo_sign_memcpy_0_1_bbox                |     1|
|26    |Mayo_sign_tdp_BigBRAM_2_0_0_bbox         |     1|
|27    |Mayo_sign_tdp_BigBRAM_2_0_1_bbox         |     1|
|28    |Mayo_sign_tdp_SmallBRAM_1_0_0_bbox       |     1|
|29    |IBUF                                     |     4|
|30    |OBUF                                     |     3|
+------+-----------------------------------------+------+
---------------------------------------------------------------------------------
Finished Writing Synthesis Report : Time (s): cpu = 00:00:15 ; elapsed = 00:00:19 . Memory (MB): peak = 2645.996 ; gain = 0.000 ; free physical = 20512 ; free virtual = 27446
---------------------------------------------------------------------------------
Synthesis finished with 0 errors, 0 critical warnings and 0 warnings.
Synthesis Optimization Runtime : Time (s): cpu = 00:00:14 ; elapsed = 00:00:17 . Memory (MB): peak = 2645.996 ; gain = 0.000 ; free physical = 20568 ; free virtual = 27502
Synthesis Optimization Complete : Time (s): cpu = 00:00:15 ; elapsed = 00:00:19 . Memory (MB): peak = 2645.996 ; gain = 0.000 ; free physical = 20568 ; free virtual = 27502
INFO: [Project 1-571] Translating synthesized netlist
Netlist sorting complete. Time (s): cpu = 00:00:00.05 ; elapsed = 00:00:00.05 . Memory (MB): peak = 2645.996 ; gain = 0.000 ; free physical = 20663 ; free virtual = 27597
INFO: [Project 1-570] Preparing netlist for logic optimization
INFO: [Opt 31-138] Pushed 0 inverter(s) to 0 load pin(s).
Netlist sorting complete. Time (s): cpu = 00:00:00 ; elapsed = 00:00:00 . Memory (MB): peak = 2645.996 ; gain = 0.000 ; free physical = 20602 ; free virtual = 27536
INFO: [Project 1-111] Unisim Transformation Summary:
No Unisim elements were transformed.

INFO: [Common 17-83] Releasing license: Synthesis
114 Infos, 2 Warnings, 0 Critical Warnings and 0 Errors encountered.
synth_design completed successfully
synth_design: Time (s): cpu = 00:00:23 ; elapsed = 00:00:24 . Memory (MB): peak = 2645.996 ; gain = 0.000 ; free physical = 20736 ; free virtual = 27670
INFO: [Common 17-1381] The checkpoint '/home/osm/Documents/Sect/SECT-MAYO/MAYO/vivado/hw-mayo/hw-mayo.runs/synth_1/Mayo_sign_wrapper.dcp' has been generated.
INFO: [runtcl-4] Executing : report_utilization -file Mayo_sign_wrapper_utilization_synth.rpt -pb Mayo_sign_wrapper_utilization_synth.pb
INFO: [Common 17-206] Exiting Vivado at Sun Nov 12 20:19:24 2023...
