
*** Running vivado
    with args -log Mayo_sign_with_zynq_memcpy_1_1.vds -m64 -product Vivado -mode batch -messageDb vivado.pb -notrace -source Mayo_sign_with_zynq_memcpy_1_1.tcl


****** Vivado v2020.2 (64-bit)
  **** SW Build 3064766 on Wed Nov 18 09:12:47 MST 2020
  **** IP Build 3064653 on Wed Nov 18 14:17:31 MST 2020
    ** Copyright 1986-2020 Xilinx, Inc. All Rights Reserved.

source Mayo_sign_with_zynq_memcpy_1_1.tcl -notrace
INFO: [IP_Flow 19-234] Refreshing IP repositories
INFO: [IP_Flow 19-1700] Loaded user IP repository '/home/osm/Documents/Sect/SECT-MAYO/MAYO/vivado/ip_repo/mayo_axi_litev3/mayo_axi_litev3_3'.
INFO: [IP_Flow 19-1700] Loaded user IP repository '/home/osm/Documents/Sect/SECT-MAYO/MAYO/vivado/ip_repo/mayo-axi/Mayo_axi_1.0'.
INFO: [IP_Flow 19-1700] Loaded user IP repository '/home/osm/Documents/Sect/SECT-MAYO/MAYO/vivado/ip_repo/INTERFACES'.
INFO: [IP_Flow 19-2313] Loaded Vivado IP repository '/tools/Xilinx/Vivado/2020.2/data/ip'.
Command: synth_design -top Mayo_sign_with_zynq_memcpy_1_1 -part xc7z020clg484-1 -mode out_of_context
Starting synth_design
Attempting to get a license for feature 'Synthesis' and/or device 'xc7z020'
INFO: [Common 17-349] Got license for feature 'Synthesis' and/or device 'xc7z020'
INFO: [Device 21-403] Loading part xc7z020clg484-1
INFO: [Synth 8-7079] Multithreading enabled for synth_design using a maximum of 4 processes.
INFO: [Synth 8-7078] Launching helper process for spawning children vivado processes
INFO: [Synth 8-7075] Helper process launched with PID 420844
---------------------------------------------------------------------------------
Starting RTL Elaboration : Time (s): cpu = 00:00:04 ; elapsed = 00:00:10 . Memory (MB): peak = 2367.773 ; gain = 0.000 ; free physical = 411 ; free virtual = 6140
---------------------------------------------------------------------------------
INFO: [Synth 8-638] synthesizing module 'Mayo_sign_with_zynq_memcpy_1_1' [/home/osm/Documents/Sect/SECT-MAYO/MAYO/vivado/hw-mayo/hw-mayo.gen/sources_1/bd/Mayo_sign_with_zynq/ip/Mayo_sign_with_zynq_memcpy_1_1/synth/Mayo_sign_with_zynq_memcpy_1_1.vhd:83]
INFO: [Synth 8-3491] module 'memcpy' declared at '/home/osm/Documents/Sect/SECT-MAYO/MAYO/vivado/hw-mayo/hw-mayo.srcs/sources_1/imports/MAYO/src/hdl/MAYO_Signing/Memcopy.vhd:30' bound to instance 'U0' of component 'memcpy' [/home/osm/Documents/Sect/SECT-MAYO/MAYO/vivado/hw-mayo/hw-mayo.gen/sources_1/bd/Mayo_sign_with_zynq/ip/Mayo_sign_with_zynq_memcpy_1_1/synth/Mayo_sign_with_zynq_memcpy_1_1.vhd:141]
INFO: [Synth 8-638] synthesizing module 'memcpy' [/home/osm/Documents/Sect/SECT-MAYO/MAYO/vivado/hw-mayo/hw-mayo.srcs/sources_1/imports/MAYO/src/hdl/MAYO_Signing/Memcopy.vhd:63]
INFO: [Synth 8-226] default block is never used [/home/osm/Documents/Sect/SECT-MAYO/MAYO/vivado/hw-mayo/hw-mayo.srcs/sources_1/imports/MAYO/src/hdl/MAYO_Signing/Memcopy.vhd:127]
INFO: [Synth 8-256] done synthesizing module 'memcpy' (1#1) [/home/osm/Documents/Sect/SECT-MAYO/MAYO/vivado/hw-mayo/hw-mayo.srcs/sources_1/imports/MAYO/src/hdl/MAYO_Signing/Memcopy.vhd:63]
INFO: [Synth 8-256] done synthesizing module 'Mayo_sign_with_zynq_memcpy_1_1' (2#1) [/home/osm/Documents/Sect/SECT-MAYO/MAYO/vivado/hw-mayo/hw-mayo.gen/sources_1/bd/Mayo_sign_with_zynq/ip/Mayo_sign_with_zynq_memcpy_1_1/synth/Mayo_sign_with_zynq_memcpy_1_1.vhd:83]
---------------------------------------------------------------------------------
Finished RTL Elaboration : Time (s): cpu = 00:00:05 ; elapsed = 00:00:12 . Memory (MB): peak = 2367.773 ; gain = 0.000 ; free physical = 5034 ; free virtual = 10344
---------------------------------------------------------------------------------
---------------------------------------------------------------------------------
Start Handling Custom Attributes
---------------------------------------------------------------------------------
---------------------------------------------------------------------------------
Finished Handling Custom Attributes : Time (s): cpu = 00:00:05 ; elapsed = 00:00:12 . Memory (MB): peak = 2367.773 ; gain = 0.000 ; free physical = 6533 ; free virtual = 11845
---------------------------------------------------------------------------------
---------------------------------------------------------------------------------
Finished RTL Optimization Phase 1 : Time (s): cpu = 00:00:05 ; elapsed = 00:00:12 . Memory (MB): peak = 2367.773 ; gain = 0.000 ; free physical = 6530 ; free virtual = 11843
---------------------------------------------------------------------------------
Netlist sorting complete. Time (s): cpu = 00:00:00.01 ; elapsed = 00:00:00.02 . Memory (MB): peak = 2367.773 ; gain = 0.000 ; free physical = 6653 ; free virtual = 11964
INFO: [Project 1-570] Preparing netlist for logic optimization

Processing XDC Constraints
Initializing timing engine
Completed Processing XDC Constraints

Netlist sorting complete. Time (s): cpu = 00:00:00 ; elapsed = 00:00:00 . Memory (MB): peak = 2459.641 ; gain = 0.000 ; free physical = 8203 ; free virtual = 13530
INFO: [Project 1-111] Unisim Transformation Summary:
No Unisim elements were transformed.

Constraint Validation Runtime : Time (s): cpu = 00:00:00.03 ; elapsed = 00:00:00.04 . Memory (MB): peak = 2459.641 ; gain = 0.000 ; free physical = 8202 ; free virtual = 13530
---------------------------------------------------------------------------------
Finished Constraint Validation : Time (s): cpu = 00:00:12 ; elapsed = 00:00:21 . Memory (MB): peak = 2459.641 ; gain = 91.867 ; free physical = 8115 ; free virtual = 13438
---------------------------------------------------------------------------------
---------------------------------------------------------------------------------
Start Loading Part and Timing Information
---------------------------------------------------------------------------------
Loading part: xc7z020clg484-1
---------------------------------------------------------------------------------
Finished Loading Part and Timing Information : Time (s): cpu = 00:00:12 ; elapsed = 00:00:21 . Memory (MB): peak = 2459.641 ; gain = 91.867 ; free physical = 8122 ; free virtual = 13445
---------------------------------------------------------------------------------
---------------------------------------------------------------------------------
Start Applying 'set_property' XDC Constraints
---------------------------------------------------------------------------------
---------------------------------------------------------------------------------
Finished applying 'set_property' XDC Constraints : Time (s): cpu = 00:00:12 ; elapsed = 00:00:21 . Memory (MB): peak = 2459.641 ; gain = 91.867 ; free physical = 8123 ; free virtual = 13447
---------------------------------------------------------------------------------
INFO: [Synth 8-802] inferred FSM for state register 'state_reg' in module 'memcpy'
---------------------------------------------------------------------------------------------------
                   State |                     New Encoding |                Previous Encoding 
---------------------------------------------------------------------------------------------------
                    idle |                    0000000000001 |                             0000
                    cpy0 |                    0000000000010 |                             0001
                    cpy1 |                    0000000000100 |                             0010
                    cpy2 |                    0000000001000 |                             0011
                    done |                    0000000010000 |                             1100
                    cpy4 |                    0000000100000 |                             0101
                    cpy5 |                    0000001000000 |                             0110
                    cpy7 |                    0000010000000 |                             1000
                   done0 |                    0000100000000 |                             1101
                    cpy8 |                    0001000000000 |                             1001
                    cpy9 |                    0010000000000 |                             1010
                   cpy10 |                    0100000000000 |                             1011
                   done1 |                    1000000000000 |                             1110
---------------------------------------------------------------------------------------------------
INFO: [Synth 8-3354] encoded FSM with state register 'state_reg' using encoding 'one-hot' in module 'memcpy'
---------------------------------------------------------------------------------
Finished RTL Optimization Phase 2 : Time (s): cpu = 00:00:12 ; elapsed = 00:00:22 . Memory (MB): peak = 2459.641 ; gain = 91.867 ; free physical = 8115 ; free virtual = 13441
---------------------------------------------------------------------------------
---------------------------------------------------------------------------------
Start RTL Component Statistics 
---------------------------------------------------------------------------------
Detailed RTL Component Info : 
+---Adders : 
	   2 Input   32 Bit       Adders := 4     
+---Registers : 
	               32 Bit    Registers := 8     
	                4 Bit    Registers := 2     
	                1 Bit    Registers := 7     
+---Muxes : 
	  13 Input   32 Bit        Muxes := 4     
	  13 Input   13 Bit        Muxes := 1     
	   2 Input   13 Bit        Muxes := 4     
	   4 Input   13 Bit        Muxes := 1     
	  13 Input    4 Bit        Muxes := 1     
	  13 Input    1 Bit        Muxes := 13    
---------------------------------------------------------------------------------
Finished RTL Component Statistics 
---------------------------------------------------------------------------------
---------------------------------------------------------------------------------
Start Part Resource Summary
---------------------------------------------------------------------------------
Part Resources:
DSPs: 220 (col length:60)
BRAMs: 280 (col length: RAMB18 60 RAMB36 30)
---------------------------------------------------------------------------------
Finished Part Resource Summary
---------------------------------------------------------------------------------
---------------------------------------------------------------------------------
Start Cross Boundary and Area Optimization
---------------------------------------------------------------------------------
---------------------------------------------------------------------------------
Finished Cross Boundary and Area Optimization : Time (s): cpu = 00:00:14 ; elapsed = 00:00:23 . Memory (MB): peak = 2459.641 ; gain = 91.867 ; free physical = 8228 ; free virtual = 13597
---------------------------------------------------------------------------------
---------------------------------------------------------------------------------
Start Applying XDC Timing Constraints
---------------------------------------------------------------------------------
---------------------------------------------------------------------------------
Finished Applying XDC Timing Constraints : Time (s): cpu = 00:00:21 ; elapsed = 00:00:30 . Memory (MB): peak = 2459.641 ; gain = 91.867 ; free physical = 7186 ; free virtual = 12592
---------------------------------------------------------------------------------
---------------------------------------------------------------------------------
Start Timing Optimization
---------------------------------------------------------------------------------
---------------------------------------------------------------------------------
Finished Timing Optimization : Time (s): cpu = 00:00:21 ; elapsed = 00:00:30 . Memory (MB): peak = 2459.641 ; gain = 91.867 ; free physical = 7168 ; free virtual = 12573
---------------------------------------------------------------------------------
---------------------------------------------------------------------------------
Start Technology Mapping
---------------------------------------------------------------------------------
---------------------------------------------------------------------------------
Finished Technology Mapping : Time (s): cpu = 00:00:21 ; elapsed = 00:00:30 . Memory (MB): peak = 2459.641 ; gain = 91.867 ; free physical = 7150 ; free virtual = 12556
---------------------------------------------------------------------------------
---------------------------------------------------------------------------------
Start IO Insertion
---------------------------------------------------------------------------------
---------------------------------------------------------------------------------
Start Flattening Before IO Insertion
---------------------------------------------------------------------------------
---------------------------------------------------------------------------------
Finished Flattening Before IO Insertion
---------------------------------------------------------------------------------
---------------------------------------------------------------------------------
Start Final Netlist Cleanup
---------------------------------------------------------------------------------
---------------------------------------------------------------------------------
Finished Final Netlist Cleanup
---------------------------------------------------------------------------------
---------------------------------------------------------------------------------
Finished IO Insertion : Time (s): cpu = 00:00:25 ; elapsed = 00:00:34 . Memory (MB): peak = 2459.641 ; gain = 91.867 ; free physical = 6539 ; free virtual = 11945
---------------------------------------------------------------------------------
---------------------------------------------------------------------------------
Start Renaming Generated Instances
---------------------------------------------------------------------------------
---------------------------------------------------------------------------------
Finished Renaming Generated Instances : Time (s): cpu = 00:00:25 ; elapsed = 00:00:34 . Memory (MB): peak = 2459.641 ; gain = 91.867 ; free physical = 6535 ; free virtual = 11941
---------------------------------------------------------------------------------
---------------------------------------------------------------------------------
Start Rebuilding User Hierarchy
---------------------------------------------------------------------------------
---------------------------------------------------------------------------------
Finished Rebuilding User Hierarchy : Time (s): cpu = 00:00:25 ; elapsed = 00:00:34 . Memory (MB): peak = 2459.641 ; gain = 91.867 ; free physical = 6598 ; free virtual = 12004
---------------------------------------------------------------------------------
---------------------------------------------------------------------------------
Start Renaming Generated Ports
---------------------------------------------------------------------------------
---------------------------------------------------------------------------------
Finished Renaming Generated Ports : Time (s): cpu = 00:00:25 ; elapsed = 00:00:34 . Memory (MB): peak = 2459.641 ; gain = 91.867 ; free physical = 6597 ; free virtual = 12003
---------------------------------------------------------------------------------
---------------------------------------------------------------------------------
Start Handling Custom Attributes
---------------------------------------------------------------------------------
---------------------------------------------------------------------------------
Finished Handling Custom Attributes : Time (s): cpu = 00:00:25 ; elapsed = 00:00:35 . Memory (MB): peak = 2459.641 ; gain = 91.867 ; free physical = 6631 ; free virtual = 12038
---------------------------------------------------------------------------------
---------------------------------------------------------------------------------
Start Renaming Generated Nets
---------------------------------------------------------------------------------
---------------------------------------------------------------------------------
Finished Renaming Generated Nets : Time (s): cpu = 00:00:25 ; elapsed = 00:00:35 . Memory (MB): peak = 2459.641 ; gain = 91.867 ; free physical = 6631 ; free virtual = 12038
---------------------------------------------------------------------------------
---------------------------------------------------------------------------------
Start Writing Synthesis Report
---------------------------------------------------------------------------------

Report BlackBoxes: 
+-+--------------+----------+
| |BlackBox name |Instances |
+-+--------------+----------+
+-+--------------+----------+

Report Cell Usage: 
+------+-------+------+
|      |Cell   |Count |
+------+-------+------+
|1     |CARRY4 |    36|
|2     |LUT1   |     2|
|3     |LUT2   |    65|
|4     |LUT3   |     8|
|5     |LUT4   |   126|
|6     |LUT5   |    69|
|7     |LUT6   |     6|
|8     |FDRE   |   274|
|9     |FDSE   |     1|
+------+-------+------+
---------------------------------------------------------------------------------
Finished Writing Synthesis Report : Time (s): cpu = 00:00:25 ; elapsed = 00:00:35 . Memory (MB): peak = 2459.641 ; gain = 91.867 ; free physical = 6631 ; free virtual = 12038
---------------------------------------------------------------------------------
Synthesis finished with 0 errors, 0 critical warnings and 0 warnings.
Synthesis Optimization Runtime : Time (s): cpu = 00:00:23 ; elapsed = 00:00:32 . Memory (MB): peak = 2459.641 ; gain = 0.000 ; free physical = 6745 ; free virtual = 12152
Synthesis Optimization Complete : Time (s): cpu = 00:00:25 ; elapsed = 00:00:35 . Memory (MB): peak = 2459.641 ; gain = 91.867 ; free physical = 6742 ; free virtual = 12150
INFO: [Project 1-571] Translating synthesized netlist
Netlist sorting complete. Time (s): cpu = 00:00:00.01 ; elapsed = 00:00:00.01 . Memory (MB): peak = 2459.641 ; gain = 0.000 ; free physical = 6899 ; free virtual = 12316
INFO: [Netlist 29-17] Analyzing 36 Unisim elements for replacement
INFO: [Netlist 29-28] Unisim Transformation completed in 0 CPU seconds
INFO: [Project 1-570] Preparing netlist for logic optimization
INFO: [Opt 31-138] Pushed 0 inverter(s) to 0 load pin(s).
Netlist sorting complete. Time (s): cpu = 00:00:00 ; elapsed = 00:00:00 . Memory (MB): peak = 2459.641 ; gain = 0.000 ; free physical = 7029 ; free virtual = 12449
INFO: [Project 1-111] Unisim Transformation Summary:
No Unisim elements were transformed.

INFO: [Common 17-83] Releasing license: Synthesis
27 Infos, 0 Warnings, 0 Critical Warnings and 0 Errors encountered.
synth_design completed successfully
synth_design: Time (s): cpu = 00:00:35 ; elapsed = 00:00:42 . Memory (MB): peak = 2459.641 ; gain = 91.867 ; free physical = 7174 ; free virtual = 12594
INFO: [Common 17-1381] The checkpoint '/home/osm/Documents/Sect/SECT-MAYO/MAYO/vivado/hw-mayo/hw-mayo.runs/Mayo_sign_with_zynq_memcpy_1_1_synth_1/Mayo_sign_with_zynq_memcpy_1_1.dcp' has been generated.
INFO: [Common 17-1381] The checkpoint '/home/osm/Documents/Sect/SECT-MAYO/MAYO/vivado/hw-mayo/hw-mayo.runs/Mayo_sign_with_zynq_memcpy_1_1_synth_1/Mayo_sign_with_zynq_memcpy_1_1.dcp' has been generated.
INFO: [runtcl-4] Executing : report_utilization -file Mayo_sign_with_zynq_memcpy_1_1_utilization_synth.rpt -pb Mayo_sign_with_zynq_memcpy_1_1_utilization_synth.pb
INFO: [Common 17-206] Exiting Vivado at Sat Dec  9 16:22:22 2023...
