
*** Running vivado
    with args -log Mayo_sign_with_zynq_mayo_bram_arbiter2_b_1.vds -m64 -product Vivado -mode batch -messageDb vivado.pb -notrace -source Mayo_sign_with_zynq_mayo_bram_arbiter2_b_1.tcl


****** Vivado v2020.2 (64-bit)
  **** SW Build 3064766 on Wed Nov 18 09:12:47 MST 2020
  **** IP Build 3064653 on Wed Nov 18 14:17:31 MST 2020
    ** Copyright 1986-2020 Xilinx, Inc. All Rights Reserved.

source Mayo_sign_with_zynq_mayo_bram_arbiter2_b_1.tcl -notrace
INFO: [IP_Flow 19-234] Refreshing IP repositories
INFO: [IP_Flow 19-1700] Loaded user IP repository '/home/osm/Documents/SECT-MAYO/MAYO/vivado/ip_repo/mayo_axi_litev3/mayo_axi_litev3_3'.
INFO: [IP_Flow 19-1700] Loaded user IP repository '/home/osm/Documents/SECT-MAYO/MAYO/vivado/ip_repo/mayo-axi/Mayo_axi_1.0'.
INFO: [IP_Flow 19-1700] Loaded user IP repository '/home/osm/Documents/SECT-MAYO/MAYO/vivado/TRNG_project/TRNG_project.srcs'.
INFO: [IP_Flow 19-1700] Loaded user IP repository '/home/osm/Documents/SECT-MAYO/MAYO/vivado/ip_repo/shake128'.
INFO: [IP_Flow 19-1700] Loaded user IP repository '/home/osm/Documents/SECT-MAYO/MAYO/vivado/ip_repo/INTERFACES'.
INFO: [IP_Flow 19-2313] Loaded Vivado IP repository '/tools/Xilinx/Vivado/2020.2/data/ip'.
Command: synth_design -top Mayo_sign_with_zynq_mayo_bram_arbiter2_b_1 -part xc7z020clg484-1 -mode out_of_context
Starting synth_design
WARNING: [IP_Flow 19-3571] IP 'Mayo_sign_with_zynq_mayo_bram_arbiter2_b_1' is restricted:
* Module reference is stale and needs refreshing.
Attempting to get a license for feature 'Synthesis' and/or device 'xc7z020'
INFO: [Common 17-349] Got license for feature 'Synthesis' and/or device 'xc7z020'
INFO: [Device 21-403] Loading part xc7z020clg484-1
INFO: [Synth 8-7079] Multithreading enabled for synth_design using a maximum of 4 processes.
INFO: [Synth 8-7078] Launching helper process for spawning children vivado processes
INFO: [Synth 8-7075] Helper process launched with PID 695724
---------------------------------------------------------------------------------
Starting RTL Elaboration : Time (s): cpu = 00:00:05 ; elapsed = 00:00:14 . Memory (MB): peak = 2327.637 ; gain = 0.000 ; free physical = 5940 ; free virtual = 12510
---------------------------------------------------------------------------------
INFO: [Synth 8-638] synthesizing module 'Mayo_sign_with_zynq_mayo_bram_arbiter2_b_1' [/home/osm/Documents/SECT-MAYO/MAYO/vivado/MAYO_KeyGen_v2/MAYO_KeyGen_v2.gen/sources_1/bd/Mayo_sign_with_zynq/ip/Mayo_sign_with_zynq_mayo_bram_arbiter2_b_1/synth/Mayo_sign_with_zynq_mayo_bram_arbiter2_b_1.vhd:165]
INFO: [Synth 8-3491] module 'mayo_bram_arbiter2' declared at '/home/osm/Documents/SECT-MAYO/MAYO/src/hdl/MAYO_Signing/MAYO_BRAM_Arbiter2.vhd:31' bound to instance 'U0' of component 'mayo_bram_arbiter2' [/home/osm/Documents/SECT-MAYO/MAYO/vivado/MAYO_KeyGen_v2/MAYO_KeyGen_v2.gen/sources_1/bd/Mayo_sign_with_zynq/ip/Mayo_sign_with_zynq_mayo_bram_arbiter2_b_1/synth/Mayo_sign_with_zynq_mayo_bram_arbiter2_b_1.vhd:390]
INFO: [Synth 8-638] synthesizing module 'mayo_bram_arbiter2' [/home/osm/Documents/SECT-MAYO/MAYO/src/hdl/MAYO_Signing/MAYO_BRAM_Arbiter2.vhd:157]
INFO: [Synth 8-256] done synthesizing module 'mayo_bram_arbiter2' (1#1) [/home/osm/Documents/SECT-MAYO/MAYO/src/hdl/MAYO_Signing/MAYO_BRAM_Arbiter2.vhd:157]
INFO: [Synth 8-256] done synthesizing module 'Mayo_sign_with_zynq_mayo_bram_arbiter2_b_1' (2#1) [/home/osm/Documents/SECT-MAYO/MAYO/vivado/MAYO_KeyGen_v2/MAYO_KeyGen_v2.gen/sources_1/bd/Mayo_sign_with_zynq/ip/Mayo_sign_with_zynq_mayo_bram_arbiter2_b_1/synth/Mayo_sign_with_zynq_mayo_bram_arbiter2_b_1.vhd:165]
---------------------------------------------------------------------------------
Finished RTL Elaboration : Time (s): cpu = 00:00:06 ; elapsed = 00:00:18 . Memory (MB): peak = 2327.637 ; gain = 0.000 ; free physical = 4627 ; free virtual = 11199
---------------------------------------------------------------------------------
---------------------------------------------------------------------------------
Start Handling Custom Attributes
---------------------------------------------------------------------------------
---------------------------------------------------------------------------------
Finished Handling Custom Attributes : Time (s): cpu = 00:00:07 ; elapsed = 00:00:19 . Memory (MB): peak = 2327.637 ; gain = 0.000 ; free physical = 5316 ; free virtual = 11889
---------------------------------------------------------------------------------
---------------------------------------------------------------------------------
Finished RTL Optimization Phase 1 : Time (s): cpu = 00:00:07 ; elapsed = 00:00:19 . Memory (MB): peak = 2327.637 ; gain = 0.000 ; free physical = 5316 ; free virtual = 11889
---------------------------------------------------------------------------------
Netlist sorting complete. Time (s): cpu = 00:00:00.01 ; elapsed = 00:00:00.03 . Memory (MB): peak = 2327.637 ; gain = 0.000 ; free physical = 5364 ; free virtual = 11937
INFO: [Project 1-570] Preparing netlist for logic optimization

Processing XDC Constraints
Initializing timing engine
Completed Processing XDC Constraints

Netlist sorting complete. Time (s): cpu = 00:00:00 ; elapsed = 00:00:00 . Memory (MB): peak = 2447.570 ; gain = 0.000 ; free physical = 5934 ; free virtual = 12540
INFO: [Project 1-111] Unisim Transformation Summary:
No Unisim elements were transformed.

Constraint Validation Runtime : Time (s): cpu = 00:00:00.09 ; elapsed = 00:00:00.12 . Memory (MB): peak = 2447.570 ; gain = 0.000 ; free physical = 5953 ; free virtual = 12559
---------------------------------------------------------------------------------
Finished Constraint Validation : Time (s): cpu = 00:00:14 ; elapsed = 00:00:35 . Memory (MB): peak = 2447.570 ; gain = 119.934 ; free physical = 7186 ; free virtual = 13803
---------------------------------------------------------------------------------
---------------------------------------------------------------------------------
Start Loading Part and Timing Information
---------------------------------------------------------------------------------
Loading part: xc7z020clg484-1
---------------------------------------------------------------------------------
Finished Loading Part and Timing Information : Time (s): cpu = 00:00:14 ; elapsed = 00:00:35 . Memory (MB): peak = 2447.570 ; gain = 119.934 ; free physical = 7186 ; free virtual = 13803
---------------------------------------------------------------------------------
---------------------------------------------------------------------------------
Start Applying 'set_property' XDC Constraints
---------------------------------------------------------------------------------
---------------------------------------------------------------------------------
Finished applying 'set_property' XDC Constraints : Time (s): cpu = 00:00:14 ; elapsed = 00:00:35 . Memory (MB): peak = 2447.570 ; gain = 119.934 ; free physical = 7179 ; free virtual = 13796
---------------------------------------------------------------------------------
---------------------------------------------------------------------------------
Finished RTL Optimization Phase 2 : Time (s): cpu = 00:00:15 ; elapsed = 00:00:36 . Memory (MB): peak = 2447.570 ; gain = 119.934 ; free physical = 7115 ; free virtual = 13733
---------------------------------------------------------------------------------
---------------------------------------------------------------------------------
Start RTL Component Statistics 
---------------------------------------------------------------------------------
Detailed RTL Component Info : 
+---Muxes : 
	   2 Input   32 Bit        Muxes := 14    
---------------------------------------------------------------------------------
Finished RTL Component Statistics 
---------------------------------------------------------------------------------
---------------------------------------------------------------------------------
Start Part Resource Summary
---------------------------------------------------------------------------------
Part Resources:
DSPs: 220 (col length:60)
BRAMs: 280 (col length: RAMB18 60 RAMB36 30)
---------------------------------------------------------------------------------
Finished Part Resource Summary
---------------------------------------------------------------------------------
---------------------------------------------------------------------------------
Start Cross Boundary and Area Optimization
---------------------------------------------------------------------------------
---------------------------------------------------------------------------------
Finished Cross Boundary and Area Optimization : Time (s): cpu = 00:00:19 ; elapsed = 00:00:43 . Memory (MB): peak = 2447.570 ; gain = 119.934 ; free physical = 7099 ; free virtual = 13747
---------------------------------------------------------------------------------
---------------------------------------------------------------------------------
Start Applying XDC Timing Constraints
---------------------------------------------------------------------------------
---------------------------------------------------------------------------------
Finished Applying XDC Timing Constraints : Time (s): cpu = 00:00:28 ; elapsed = 00:00:55 . Memory (MB): peak = 2447.570 ; gain = 119.934 ; free physical = 7223 ; free virtual = 13881
---------------------------------------------------------------------------------
---------------------------------------------------------------------------------
Start Timing Optimization
---------------------------------------------------------------------------------
---------------------------------------------------------------------------------
Finished Timing Optimization : Time (s): cpu = 00:00:28 ; elapsed = 00:00:56 . Memory (MB): peak = 2447.570 ; gain = 119.934 ; free physical = 7283 ; free virtual = 13942
---------------------------------------------------------------------------------
---------------------------------------------------------------------------------
Start Technology Mapping
---------------------------------------------------------------------------------
---------------------------------------------------------------------------------
Finished Technology Mapping : Time (s): cpu = 00:00:28 ; elapsed = 00:00:56 . Memory (MB): peak = 2447.570 ; gain = 119.934 ; free physical = 7895 ; free virtual = 14553
---------------------------------------------------------------------------------
---------------------------------------------------------------------------------
Start IO Insertion
---------------------------------------------------------------------------------
---------------------------------------------------------------------------------
Start Flattening Before IO Insertion
---------------------------------------------------------------------------------
---------------------------------------------------------------------------------
Finished Flattening Before IO Insertion
---------------------------------------------------------------------------------
---------------------------------------------------------------------------------
Start Final Netlist Cleanup
---------------------------------------------------------------------------------
---------------------------------------------------------------------------------
Finished Final Netlist Cleanup
---------------------------------------------------------------------------------
---------------------------------------------------------------------------------
Finished IO Insertion : Time (s): cpu = 00:00:33 ; elapsed = 00:01:01 . Memory (MB): peak = 2447.570 ; gain = 119.934 ; free physical = 8670 ; free virtual = 15324
---------------------------------------------------------------------------------
---------------------------------------------------------------------------------
Start Renaming Generated Instances
---------------------------------------------------------------------------------
---------------------------------------------------------------------------------
Finished Renaming Generated Instances : Time (s): cpu = 00:00:33 ; elapsed = 00:01:01 . Memory (MB): peak = 2447.570 ; gain = 119.934 ; free physical = 8670 ; free virtual = 15325
---------------------------------------------------------------------------------
---------------------------------------------------------------------------------
Start Rebuilding User Hierarchy
---------------------------------------------------------------------------------
---------------------------------------------------------------------------------
Finished Rebuilding User Hierarchy : Time (s): cpu = 00:00:33 ; elapsed = 00:01:01 . Memory (MB): peak = 2447.570 ; gain = 119.934 ; free physical = 8662 ; free virtual = 15316
---------------------------------------------------------------------------------
---------------------------------------------------------------------------------
Start Renaming Generated Ports
---------------------------------------------------------------------------------
---------------------------------------------------------------------------------
Finished Renaming Generated Ports : Time (s): cpu = 00:00:33 ; elapsed = 00:01:01 . Memory (MB): peak = 2447.570 ; gain = 119.934 ; free physical = 8663 ; free virtual = 15318
---------------------------------------------------------------------------------
---------------------------------------------------------------------------------
Start Handling Custom Attributes
---------------------------------------------------------------------------------
---------------------------------------------------------------------------------
Finished Handling Custom Attributes : Time (s): cpu = 00:00:33 ; elapsed = 00:01:01 . Memory (MB): peak = 2447.570 ; gain = 119.934 ; free physical = 8647 ; free virtual = 15301
---------------------------------------------------------------------------------
---------------------------------------------------------------------------------
Start Renaming Generated Nets
---------------------------------------------------------------------------------
---------------------------------------------------------------------------------
Finished Renaming Generated Nets : Time (s): cpu = 00:00:33 ; elapsed = 00:01:01 . Memory (MB): peak = 2447.570 ; gain = 119.934 ; free physical = 8645 ; free virtual = 15299
---------------------------------------------------------------------------------
---------------------------------------------------------------------------------
Start Writing Synthesis Report
---------------------------------------------------------------------------------

Report BlackBoxes: 
+-+--------------+----------+
| |BlackBox name |Instances |
+-+--------------+----------+
+-+--------------+----------+

Report Cell Usage: 
+------+-----+------+
|      |Cell |Count |
+------+-----+------+
|1     |LUT2 |   449|
|2     |LUT3 |     2|
|3     |LUT4 |    12|
|4     |LUT5 |    77|
|5     |LUT6 |   374|
+------+-----+------+
---------------------------------------------------------------------------------
Finished Writing Synthesis Report : Time (s): cpu = 00:00:33 ; elapsed = 00:01:01 . Memory (MB): peak = 2447.570 ; gain = 119.934 ; free physical = 8644 ; free virtual = 15298
---------------------------------------------------------------------------------
Synthesis finished with 0 errors, 0 critical warnings and 0 warnings.
Synthesis Optimization Runtime : Time (s): cpu = 00:00:30 ; elapsed = 00:00:55 . Memory (MB): peak = 2447.570 ; gain = 0.000 ; free physical = 8686 ; free virtual = 15340
Synthesis Optimization Complete : Time (s): cpu = 00:00:33 ; elapsed = 00:01:02 . Memory (MB): peak = 2447.570 ; gain = 119.934 ; free physical = 8685 ; free virtual = 15339
INFO: [Project 1-571] Translating synthesized netlist
Netlist sorting complete. Time (s): cpu = 00:00:00.01 ; elapsed = 00:00:00.01 . Memory (MB): peak = 2447.570 ; gain = 0.000 ; free physical = 8844 ; free virtual = 15499
INFO: [Project 1-570] Preparing netlist for logic optimization
INFO: [Opt 31-138] Pushed 0 inverter(s) to 0 load pin(s).
Netlist sorting complete. Time (s): cpu = 00:00:00 ; elapsed = 00:00:00 . Memory (MB): peak = 2447.570 ; gain = 0.000 ; free physical = 8870 ; free virtual = 15520
INFO: [Project 1-111] Unisim Transformation Summary:
No Unisim elements were transformed.

INFO: [Common 17-83] Releasing license: Synthesis
24 Infos, 1 Warnings, 0 Critical Warnings and 0 Errors encountered.
synth_design completed successfully
synth_design: Time (s): cpu = 00:00:45 ; elapsed = 00:01:11 . Memory (MB): peak = 2447.570 ; gain = 120.059 ; free physical = 9025 ; free virtual = 15675
INFO: [Common 17-600] The following parameters have non-default value.
general.maxThreads
INFO: [Common 17-1381] The checkpoint '/home/osm/Documents/SECT-MAYO/MAYO/vivado/MAYO_KeyGen_v2/MAYO_KeyGen_v2.runs/Mayo_sign_with_zynq_mayo_bram_arbiter2_b_1_synth_1/Mayo_sign_with_zynq_mayo_bram_arbiter2_b_1.dcp' has been generated.
WARNING: [Common 17-576] 'use_project_ipc' is deprecated. This option is deprecated and no longer used.
INFO: [Common 17-1381] The checkpoint '/home/osm/Documents/SECT-MAYO/MAYO/vivado/MAYO_KeyGen_v2/MAYO_KeyGen_v2.runs/Mayo_sign_with_zynq_mayo_bram_arbiter2_b_1_synth_1/Mayo_sign_with_zynq_mayo_bram_arbiter2_b_1.dcp' has been generated.
INFO: [runtcl-4] Executing : report_utilization -file Mayo_sign_with_zynq_mayo_bram_arbiter2_b_1_utilization_synth.rpt -pb Mayo_sign_with_zynq_mayo_bram_arbiter2_b_1_utilization_synth.pb
INFO: [Common 17-206] Exiting Vivado at Wed May 17 00:49:40 2023...
