Vivado Simulator 2020.2
Time resolution is 1 ps
Warning: neoTRNG WARNING: Implementing simulation-only PRNG (LFSR)!
Time: 0 ps  Iteration: 0  Process: /neoTRNG_tb/neoTRNG_inst/\neoTRNG_cell_inst(2)\/neoTRNG_cell_inst_i/sim_rng/line__441  File: /home/osm/Documents/SECT-MAYO/MAYO/vivado/tb_neoTRNG/tb_neoTRNG.srcs/sources_1/imports/rtl/neoTRNG.vhd
Warning: neoTRNG WARNING: Implementing simulation-only PRNG (LFSR)!
Time: 0 ps  Iteration: 0  Process: /neoTRNG_tb/neoTRNG_inst/\neoTRNG_cell_inst(1)\/neoTRNG_cell_inst_i/sim_rng/line__441  File: /home/osm/Documents/SECT-MAYO/MAYO/vivado/tb_neoTRNG/tb_neoTRNG.srcs/sources_1/imports/rtl/neoTRNG.vhd
Warning: neoTRNG WARNING: Implementing simulation-only PRNG (LFSR)!
Time: 0 ps  Iteration: 0  Process: /neoTRNG_tb/neoTRNG_inst/\neoTRNG_cell_inst(0)\/neoTRNG_cell_inst_i/sim_rng/line__441  File: /home/osm/Documents/SECT-MAYO/MAYO/vivado/tb_neoTRNG/tb_neoTRNG.srcs/sources_1/imports/rtl/neoTRNG.vhd
Warning: neoTRNG WARNING: Simulation mode (PRNG!) enabled!
Time: 0 ps  Iteration: 0  Process: /neoTRNG_tb/neoTRNG_inst/line__136  File: /home/osm/Documents/SECT-MAYO/MAYO/vivado/tb_neoTRNG/tb_neoTRNG.srcs/sources_1/imports/rtl/neoTRNG.vhd
Note: neoTRNG note: Post-processing enabled.
Time: 0 ps  Iteration: 0  Process: /neoTRNG_tb/neoTRNG_inst/line__135  File: /home/osm/Documents/SECT-MAYO/MAYO/vivado/tb_neoTRNG/tb_neoTRNG.srcs/sources_1/imports/rtl/neoTRNG.vhd
Note: << neoTRNG V2 - A Tiny and Platform-Independent True Random Number Generator for any FPGA >>
Time: 0 ps  Iteration: 0  Process: /neoTRNG_tb/neoTRNG_inst/line__134  File: /home/osm/Documents/SECT-MAYO/MAYO/vivado/tb_neoTRNG/tb_neoTRNG.srcs/sources_1/imports/rtl/neoTRNG.vhd
195
67
201
30
41
152
8
82
116
157
43
86
159
118
205
76
165
29
99
250
74
248
218
12
212
132
188
123
50
195
161
238
114
144
35
195
253
33
171
125
91
28
48
172
55
47
93
206
73
74
7
25
44
197
169
234
162
216
164
122
54
6
4
33
204
23
118
102
63
132
197
9
1
177
117
220
239
158
186
203
50
237
39
171
153
79
223
88
128
142
188
212
99
84
31
46
230
67
205
85
111
171
33
131
20
56
204
89
81
184
126
208
19
102
101
233
118
160
205
82
145
239
89
28
26
233
252
212
253
55
221
155
60
172
225
134
189
51
235
227
51
224
188
95
185
242
83
159
128
38
197
212
118
39
141
253
17
28
26
146
67
87
234
0
130
36
219
233
155
97
186
24
214
23
102
251
174
102
236
161
179
250
142
17
212
51
144
84
176
245
216
177
44
252
233
216
43
188
60
53
143
200
122
239
65
200
152
230
221
207
52
69
77
40
205
109
221
54
192
180
244
226
25
96
128
200
123
154
230
44
88
193
249
249
82
170
12
14
175
130
175
92
141
35
12
234
149
6
70
78
20
45
98
251
220
84
51
34
100
168
36
8
61
72
81
208
102
62
243
70
35
45
181
111
123
239
214
225
148
235
128
83
176
154
98
180
31
150
110
122
114
217
238
167
214
199
147
82
21
207
118
98
238
96
252
12
228
71
160
236
140
151
52
52
17
216
30
55
73
236
247
143
216
164
73
20
247
47
38
80
246
182
213
141
189
224
11
168
98
67
62
22
41
191
133
104
149
35
64
189
95
15
202
181
198
18
205
244
181
255
78
186
196
197
122
97
198
128
222
43
208
158
213
91
249
176
197
115
120
29
15
173
30
16
249
29
118
242
7
193
87
40
234
170
126
19
87
156
133
206
12
220
88
57
88
248
191
37
214
160
25
41
135
86
135
14
112
35
41
47
134
234
199
88
63
127
28
119
99
32
172
34
138
108
103
90
196
15
33
141
130
204
227
150
24
45
192
21
142
79
52
30
152
139
39
21
205
179
178
234
240
255
114
2
236
198
146
91
218
244
213
214
56
114
190
105
195
164
43
210
78
89
244
228
16
27
239
61
34
148
99
230
104
88
8
160
193
75
8
94
106
249
75
213
19
197
228
137
152
234
226
148
242
229
28
244
124
111
28
62
242
170
100
222
74
85
70
68
22
113
222
222
185
239
48
108
147
39
253
15
138
5
37
97
217
246
160
137
149
68
28
177
66
146
207
225
152
161
213
18
25
173
247
163
11
169
223
117
228
71
87
234
165
163
164
231
136
10
180
186
199
17
245
151
146
37
120
229
72
111
154
221
194
229
25
151
62
122
57
200
230
169
185
96
64
176
180
59
31
231
147
20
147
185
91
25
25
173
146
39
0
38
175
121
91
106
7
122
80
235
244
71
202
190
31
16
165
172
141
159
108
178
72
47
140
69
29
151
243
243
109
247
149
198
71
146
181
181
217
159
182
51
111
168
238
129
68
255
147
116
220
0
244
210
108
228
136
33
222
89
46
239
193
100
1
215
164
181
131
96
115
49
61
139
85
72
19
186
13
78
170
231
176
185
184
159
89
124
60
193
89
241
226
136
212
100
235
239
109
90
74
203
33
54
63
134
217
25
37
23
104
204
229
136
185
163
6
109
225
172
74
251
237
197
190
25
24
164
199
218
213
17
100
156
89
221
44
210
128
99
52
28
245
204
230
14
193
65
141
120
24
64
2
57
159
10
71
193
246
227
236
245
71
65
111
134
168
210
169
201
36
8
204
184
80
234
219
126
87
224
231
142
46
41
10
45
138
100
241
51
253
57
111
84
233
51
192
96
215
39
208
80
196
215
230
247
95
106
192
28
0
157
118
120
32
197
171
29
97
171
56
28
232
166
124
217
26
172
79
22
11
129
168
253
101
216
166
125
43
249
222
25
73
244
244
8
173
42
242
103
84
77
165
46
68
122
254
182
179
125
193
105
83
214
74
221
98
159
205
2
139
236
176
244
90
22
31
175
124
98
248
178
156
32
158
254
205
57
41
189
159
7
205
207
131
29
86
66
196
166
49
187
71
12
7
200
242
93
69
164
61
97
239
99
53
154
118
202
63
249
205
59
9
215
49
81
160
54
124
112
124
18
96
107
232
141
99
75
139
201
77
209
24
104
199
118
2
215
225
179
20
30
218
114
59
139
178
22
115
138
115
182
146
84
249
138
149
107
190
213
66
109
88
246
227
66
21
149
85
129
200
29
36
168
232
12
32
97
134
203
193
12
17
23
89
67
78
21
131
3
55
177
15
182
151
220
235
221
114
187
100
68
50
21
24
119
123
196
254
77
221
105
24
50
226
64
249
50
175
57
243
109
196
19
128
14
1
5
115
131
93
58
5
213
120
44
112
179
62
97
125
101
254
24
251
85
178
70
120
237
134
132
227
147
145
189
203
237
87
163
99
13
95
186
204
88
21
98
171
159
208
144
227
3
138
29
44
171
238
91
140
118
253
142
158
134
209
13
76
192
161
84
49
115
24
189
255
196
97
139
40
92
74
40
41
69
147
201
132
228
53
54
254
121
4
78
201
4
108
239
74
219
81
68
93
35
118
17
109
47
181
215
99
217
191
11
57
148
180
248
206
215
36
226
59
59
51
113
71
39
11
72
133
129
121
18
67
250
141
16
244
151
161
22
212
74
192
189
51
155
87
139
198
39
43
200
66
18
9
207
160
55
158
33
75
8
218
103
32
22
77
162
211
221
225
233
6
232
176
56
194
109
87
121
9
81
9
148
16
40
190
196
134
93
152
100
17
53
184
138
136
216
80
152
253
93
170
154
81
175
122
170
245
239
167
239
53
164
250
141
75
75
91
221
162
29
135
122
216
233
37
96
93
115
217
88
103
155
23
236
98
186
80
224
198
230
15
189
201
128
15
133
243
126
91
125
155
136
116
126
162
219
228
239
35
91
67
124
17
161
42
247
241
78
61
142
73
34
95
39
99
144
100
207
128
71
209
180
146
40
50
82
78
113
196
120
251
223
255
92
150
133
231
216
223
23
193
195
170
81
209
23
159
191
70
14
144
95
218
95
142
152
2
34
199
181
203
32
252
8
227
98
146
162
54
196
205
253
206
240
214
134
40
41
223
188
135
4
6
94
239
27
90
231
239
255
242
29
185
129
179
185
99
231
101
99
133
167
91
90
147
177
38
10
187
178
245
122
27
186
61
52
4
87
242
151
118
222
51
27
132
155
85
198
85
103
221
92
5
118
90
78
103
193
152
98
52
29
231
86
146
211
128
30
195
95
8
27
3
141
222
78
132
45
67
127
43
220
51
206
2
116
178
41
106
64
59
191
77
93
99
138
40
130
250
228
71
95
147
227
243
111
48
21
134
189
7
77
252
45
227
231
65
43
248
249
33
172
10
19
100
121
91
90
205
249
211
204
47
52
27
212
96
19
114
46
34
214
125
8
96
236
234
181
221
31
185
68
115
204
113
34
226
61
130
34
153
198
199
122
135
146
181
188
107
152
136
186
95
5
231
140
226
142
106
88
99
16
54
120
175
236
2
147
140
96
48
86
214
156
7
116
233
15
53
170
83
149
221
184
11
192
5
114
53
173
202
77
129
103
215
93
176
91
152
177
106
243
67
234
7
216
165
237
167
197
88
101
245
171
124
183
181
5
20
84
54
51
29
73
148
64
24
109
22
96
78
210
19
153
132
81
59
196
239
106
110
173
140
106
47
0
88
42
49
124
242
76
250
188
192
129
101
205
86
166
81
21
232
177
211
98
251
131
48
216
98
254
234
180
138
151
123
9
251
136
13
91
82
248
230
151
156
17
211
95
207
157
249
108
187
35
20
79
20
2
144
0
196
87
149
92
13
107
92
35
138
10
154
106
124
185
206
93
150
75
229
111
82
131
215
45
71
231
49
75
234
86
209
187
161
55
232
189
136
170
199
4
67
214
92
51
50
181
6
129
9
19
186
221
163
224
192
192
164
45
217
30
76
250
125
242
252
133
9
188
60
232
217
230
39
141
95
255
114
53
169
110
63
21
241
158
13
96
196
2
217
45
77
63
78
248
184
154
236
108
147
145
30
66
158
61
52
199
222
19
172
112
218
239
109
91
193
249
61
197
48
94
24
23
34
44
125
130
102
202
6
222
210
249
53
194
235
11
7
131
149
57
155
161
95
16
165
101
144
95
191
227
183
135
186
173
6
229
178
244
140
243
129
6
33
50
245
140
210
160
225
239
233
154
209
53
217
81
144
11
40
233
242
90
45
56
141
82
75
82
68
34
126
119
87
243
235
36
168
193
176
254
247
245
13
221
146
37
73
87
89
165
152
79
153
33
105
170
155
219
22
2
145
129
172
149
190
219
234
230
213
103
163
162
189
30
56
51
200
1
95
77
11
181
5
4
97
101
81
244
39
100
188
3
195
220
212
50
184
197
107
130
30
153
24
104
131
228
155
168
103
162
5
128
106
119
228
96
113
138
86
43
96
114
151
119
158
44
58
101
104
219
230
27
155
245
206
97
173
9
46
187
124
143
153
255
201
245
11
96
151
186
204
83
48
129
34
84
167
233
226
221
98
179
129
12
19
25
33
33
204
131
252
147
93
105
43
126
36
5
149
5
221
37
248
246
134
95
188
140
133
252
107
226
56
176
185
236
234
160
87
132
229
190
200
209
121
95
177
42
124
248
247
222
161
130
59
54
93
116
223
85
199
90
217
66
168
35
27
252
189
28
57
239
97
117
181
115
143
62
106
185
5
153
7
39
195
127
84
110
170
10
108
92
93
193
22
151
11
150
18
42
182
100
116
113
118
182
201
248
149
244
79
158
107
148
202
184
166
126
196
220
61
33
4
213
53
122
201
102
180
88
216
199
145
72
148
163
202
239
39
208
44
236
55
125
113
249
252
150
253
91
85
45
198
26
117
127
3
102
140
166
115
176
100
167
253
60
25
6
119
246
76
10
13
148
23
38
148
101
129
143
168
99
91
216
13
48
97
161
66
45
184
185
63
217
184
209
170
184
223
184
76
31
4
123
205
167
92
138
168
68
107
189
224
196
137
190
133
103
0
33
137
93
50
150
141
177
19
142
64
179
216
62
151
105
95
41
13
95
198
205
8
49
190
153
65
114
97
115
205
77
244
151
109
226
158
255
174
136
234
170
164
159
4
216
11
214
227
210
143
166
198
139
30
70
204
151
175
230
141
184
71
246
185
186
160
250
119
10
36
242
195
118
228
154
89
127
134
209
67
104
193
82
118
90
119
238
118
19
242
96
121
90
219
241
31
247
42
68
66
228
168
174
192
0
24
87
59
125
115
132
66
92
161
29
110
62
161
101
174
119
73
120
86
153
43
135
223
239
10
80
63
140
159
236
161
92
187
220
217
245
108
59
6
94
187
170
83
109
144
217
53
237
70
103
161
247
230
115
212
33
188
224
223
116
115
169
200
175
186
141
102
133
172
248
201
224
92
15
37
204
39
144
151
186
155
237
7
69
109
45
81
217
97
254
17
145
73
199
229
119
156
13
16
207
48
190
218
117
213
56
114
78
72
2
63
140
236
118
65
33
220
210
235
21
114
244
109
209
201
12
213
199
64
162
140
181
95
194
131
40
87
148
161
101
125
152
110
106
61
212
137
23
247
40
109
66
175
136
226
62
229
5
129
101
210
39
185
132
249
95
166
53
41
53
150
244
170
168
61
248
61
17
8
212
86
180
128
148
208
176
240
148
109
122
235
177
233
153
131
33
102
185
74
170
169
155
206
8
21
73
86
228
156
238
181
124
197
104
92
107
202
150
98
127
50
111
201
34
223
79
187
141
215
104
50
38
61
95
181
69
5
54
109
30
168
207
171
213
183
117
166
34
164
226
124
235
118
10
24
65
71
191
146
6
54
177
178
77
175
43
19
22
203
18
95
159
188
2
103
173
60
109
204
159
202
24
184
203
58
0
190
225
120
58
130
185
80
113
2
231
171
161
215
132
58
228
234
232
24
221
171
49
67
246
184
135
40
74
30
71
20
104
226
221
217
24
113
172
161
104
139
192
190
118
28
0
247
183
210
84
120
122
144
141
218
202
15
156
105
1
78
58
89
212
23
66
76
16
246
17
113
194
90
60
128
65
52
155
241
68
144
119
244
104
212
36
116
243
71
146
156
221
20
229
163
116
60
2
130
57
27
96
214
195
227
18
6
206
193
209
28
81
176
82
116
167
217
218
76
179
40
195
52
30
143
46
176
140
105
76
18
214
98
152
231
207
197
136
154
21
143
105
164
120
56
0
197
86
138
56
153
243
40
169
79
201
150
21
55
88
179
60
252
183
156
255
128
249
106
229
250
58
85
117
73
99
124
254
126
105
11
167
52
109
251
1
89
21
149
69
96
239
130
45
53
13
108
29
80
70
141
245
142
218
62
87
164
36
106
217
210
99
18
177
160
252
150
4
6
126
254
170
70
168
42
150
140
210
117
165
249
244
54
243
117
119
216
134
70
123
85
194
142
163
61
90
50
55
34
26
168
213
85
119
31
148
214
242
154
249
9
166
166
219
216
162
30
35
100
57
47
219
81
30
251
175
70
150
208
183
172
44
17
91
120
207
10
124
101
118
21
24
138
60
185
170
252
229
123
177
0
65
79
142
190
195
67
201
30
41
152
8
82
116
157
43
86
159
118
205
76
165
29
99
250
74
248
218
12
212
132
188
123
50
195
161
238
114
144
35
195
253
33
171
125
91
28
48
172
55
47
93
206
73
74
7
25
44
197
169
234
162
216
164
122
54
6
4
33
204
23
118
102
63
132
197
9
1
177
117
220
239
158
186
203
50
237
39
171
153
79
223
88
128
142
188
212
99
84
31
46
230
67
205
85
111
171
33
131
20
56
204
89
81
184
126
208
19
102
101
233
118
160
205
82
145
239
89
28
26
233
252
212
253
55
221
155
60
172
225
134
189
51
235
227
51
224
188
95
185
242
83
159
128
38
197
212
118
39
141
253
17
28
26
146
67
87
234
0
130
36
219
233
155
97
186
24
214
23
102
251
174
102
