
*** Running vivado
    with args -log Mayo_keygen_no_zynq_MAYO_SHAKE_0_0.vds -m64 -product Vivado -mode batch -messageDb vivado.pb -notrace -source Mayo_keygen_no_zynq_MAYO_SHAKE_0_0.tcl


****** Vivado v2020.2 (64-bit)
  **** SW Build 3064766 on Wed Nov 18 09:12:47 MST 2020
  **** IP Build 3064653 on Wed Nov 18 14:17:31 MST 2020
    ** Copyright 1986-2020 Xilinx, Inc. All Rights Reserved.

source Mayo_keygen_no_zynq_MAYO_SHAKE_0_0.tcl -notrace
INFO: [IP_Flow 19-234] Refreshing IP repositories
INFO: [IP_Flow 19-1700] Loaded user IP repository '/home/osm/Documents/SECT-MAYO/MAYO/vivado/ip_repo'.
INFO: [IP_Flow 19-1700] Loaded user IP repository '/home/osm/Documents/SECT-MAYO/MAYO/vivado/TRNG_project/TRNG_project.srcs'.
INFO: [IP_Flow 19-1700] Loaded user IP repository '/home/osm/Documents/SECT-MAYO/MAYO/vivado/shake_ip_repo'.
INFO: [IP_Flow 19-2313] Loaded Vivado IP repository '/tools/Xilinx/Vivado/2020.2/data/ip'.
Command: synth_design -top Mayo_keygen_no_zynq_MAYO_SHAKE_0_0 -part xc7z020clg484-1 -mode out_of_context
Starting synth_design
Attempting to get a license for feature 'Synthesis' and/or device 'xc7z020'
INFO: [Common 17-349] Got license for feature 'Synthesis' and/or device 'xc7z020'
INFO: [Device 21-403] Loading part xc7z020clg484-1
INFO: [Synth 8-7079] Multithreading enabled for synth_design using a maximum of 4 processes.
INFO: [Synth 8-7078] Launching helper process for spawning children vivado processes
INFO: [Synth 8-7075] Helper process launched with PID 181642
---------------------------------------------------------------------------------
Starting RTL Elaboration : Time (s): cpu = 00:00:04 ; elapsed = 00:00:05 . Memory (MB): peak = 2295.789 ; gain = 0.000 ; free physical = 9097 ; free virtual = 22906
---------------------------------------------------------------------------------
INFO: [Synth 8-6157] synthesizing module 'Mayo_keygen_no_zynq_MAYO_SHAKE_0_0' [/home/osm/Documents/SECT-MAYO/MAYO/vivado/MAYO_KeyGen_v2/MAYO_KeyGen_v2.gen/sources_1/bd/Mayo_keygen_no_zynq/ip/Mayo_keygen_no_zynq_MAYO_SHAKE_0_0/synth/Mayo_keygen_no_zynq_MAYO_SHAKE_0_0.v:57]
INFO: [Synth 8-6157] synthesizing module 'MAYO_SHAKE' [/home/osm/Documents/SECT-MAYO/MAYO/vivado/MAYO_KeyGen_v2/MAYO_KeyGen_v2.gen/sources_1/bd/Mayo_keygen_no_zynq/ipshared/30f0/src/MAYO_SHAKE.v:3]
	Parameter C_BRAMSIZE bound to: 31 - type: integer 
	Parameter C_WRITE_DESC_SIZE bound to: 200 - type: integer 
	Parameter C_READ_DESC_SIZE bound to: 32 - type: integer 
INFO: [Synth 8-251] SHAKE: Start Block Fetch [/home/osm/Documents/SECT-MAYO/MAYO/vivado/MAYO_KeyGen_v2/MAYO_KeyGen_v2.gen/sources_1/bd/Mayo_keygen_no_zynq/ipshared/30f0/src/MAYO_SHAKE.v:157]
INFO: [Synth 8-251] SHAKE : Read 0xxxxxxxxx from 0xxxxxxxxx! [/home/osm/Documents/SECT-MAYO/MAYO/vivado/MAYO_KeyGen_v2/MAYO_KeyGen_v2.gen/sources_1/bd/Mayo_keygen_no_zynq/ipshared/30f0/src/MAYO_SHAKE.v:177]
INFO: [Synth 8-251] SHAKE : read_desc_adr :  x, c0 : x [/home/osm/Documents/SECT-MAYO/MAYO/vivado/MAYO_KeyGen_v2/MAYO_KeyGen_v2.gen/sources_1/bd/Mayo_keygen_no_zynq/ipshared/30f0/src/MAYO_SHAKE.v:178]
INFO: [Synth 8-251] SHAKE: Write Done [/home/osm/Documents/SECT-MAYO/MAYO/vivado/MAYO_KeyGen_v2/MAYO_KeyGen_v2.gen/sources_1/bd/Mayo_keygen_no_zynq/ipshared/30f0/src/MAYO_SHAKE.v:279]
INFO: [Synth 8-251] SHAKE: done! [/home/osm/Documents/SECT-MAYO/MAYO/vivado/MAYO_KeyGen_v2/MAYO_KeyGen_v2.gen/sources_1/bd/Mayo_keygen_no_zynq/ipshared/30f0/src/MAYO_SHAKE.v:359]
INFO: [Synth 8-251] SHAKE: disable [/home/osm/Documents/SECT-MAYO/MAYO/vivado/MAYO_KeyGen_v2/MAYO_KeyGen_v2.gen/sources_1/bd/Mayo_keygen_no_zynq/ipshared/30f0/src/MAYO_SHAKE.v:369]
INFO: [Synth 8-251] SHAKE: enabled : x  [/home/osm/Documents/SECT-MAYO/MAYO/vivado/MAYO_KeyGen_v2/MAYO_KeyGen_v2.gen/sources_1/bd/Mayo_keygen_no_zynq/ipshared/30f0/src/MAYO_SHAKE.v:370]
INFO: [Synth 8-251] SHAKE: enabled extra: x  [/home/osm/Documents/SECT-MAYO/MAYO/vivado/MAYO_KeyGen_v2/MAYO_KeyGen_v2.gen/sources_1/bd/Mayo_keygen_no_zynq/ipshared/30f0/src/MAYO_SHAKE.v:378]
INFO: [Synth 8-6157] synthesizing module 'SHA_SHAKE_wrapper' [/home/osm/Documents/SECT-MAYO/MAYO/vivado/MAYO_KeyGen_v2/MAYO_KeyGen_v2.gen/sources_1/bd/Mayo_keygen_no_zynq/ipshared/30f0/src/SHA_SHAKE_wrapper.v:27]
INFO: [Synth 8-638] synthesizing module 'keccak' [/home/osm/Documents/SECT-MAYO/MAYO/vivado/MAYO_KeyGen_v2/MAYO_KeyGen_v2.gen/sources_1/bd/Mayo_keygen_no_zynq/ipshared/30f0/src/keccak.vhd:39]
INFO: [Synth 8-3491] module 'keccak_round' declared at '/home/osm/Documents/SECT-MAYO/MAYO/vivado/MAYO_KeyGen_v2/MAYO_KeyGen_v2.gen/sources_1/bd/Mayo_keygen_no_zynq/ipshared/30f0/src/keccak_round.vhd:21' bound to instance 'round_map' of component 'keccak_round' [/home/osm/Documents/SECT-MAYO/MAYO/vivado/MAYO_KeyGen_v2/MAYO_KeyGen_v2.gen/sources_1/bd/Mayo_keygen_no_zynq/ipshared/30f0/src/keccak.vhd:100]
INFO: [Synth 8-638] synthesizing module 'keccak_round' [/home/osm/Documents/SECT-MAYO/MAYO/vivado/MAYO_KeyGen_v2/MAYO_KeyGen_v2.gen/sources_1/bd/Mayo_keygen_no_zynq/ipshared/30f0/src/keccak_round.vhd:31]
INFO: [Synth 8-256] done synthesizing module 'keccak_round' (1#1) [/home/osm/Documents/SECT-MAYO/MAYO/vivado/MAYO_KeyGen_v2/MAYO_KeyGen_v2.gen/sources_1/bd/Mayo_keygen_no_zynq/ipshared/30f0/src/keccak_round.vhd:31]
INFO: [Synth 8-3491] module 'keccak_round_constants_gen' declared at '/home/osm/Documents/SECT-MAYO/MAYO/vivado/MAYO_KeyGen_v2/MAYO_KeyGen_v2.gen/sources_1/bd/Mayo_keygen_no_zynq/ipshared/30f0/src/keccak_round_constants_gen.vhd:20' bound to instance 'round_constants_gen' of component 'keccak_round_constants_gen' [/home/osm/Documents/SECT-MAYO/MAYO/vivado/MAYO_KeyGen_v2/MAYO_KeyGen_v2.gen/sources_1/bd/Mayo_keygen_no_zynq/ipshared/30f0/src/keccak.vhd:101]
INFO: [Synth 8-638] synthesizing module 'keccak_round_constants_gen' [/home/osm/Documents/SECT-MAYO/MAYO/vivado/MAYO_KeyGen_v2/MAYO_KeyGen_v2.gen/sources_1/bd/Mayo_keygen_no_zynq/ipshared/30f0/src/keccak_round_constants_gen.vhd:28]
INFO: [Synth 8-256] done synthesizing module 'keccak_round_constants_gen' (2#1) [/home/osm/Documents/SECT-MAYO/MAYO/vivado/MAYO_KeyGen_v2/MAYO_KeyGen_v2.gen/sources_1/bd/Mayo_keygen_no_zynq/ipshared/30f0/src/keccak_round_constants_gen.vhd:28]
INFO: [Synth 8-3491] module 'keccak_buffer' declared at '/home/osm/Documents/SECT-MAYO/MAYO/vivado/MAYO_KeyGen_v2/MAYO_KeyGen_v2.gen/sources_1/bd/Mayo_keygen_no_zynq/ipshared/30f0/src/keccak_buffer.vhd:19' bound to instance 'buffer_in' of component 'keccak_buffer' [/home/osm/Documents/SECT-MAYO/MAYO/vivado/MAYO_KeyGen_v2/MAYO_KeyGen_v2.gen/sources_1/bd/Mayo_keygen_no_zynq/ipshared/30f0/src/keccak.vhd:102]
INFO: [Synth 8-638] synthesizing module 'keccak_buffer' [/home/osm/Documents/SECT-MAYO/MAYO/vivado/MAYO_KeyGen_v2/MAYO_KeyGen_v2.gen/sources_1/bd/Mayo_keygen_no_zynq/ipshared/30f0/src/keccak_buffer.vhd:37]
INFO: [Synth 8-256] done synthesizing module 'keccak_buffer' (3#1) [/home/osm/Documents/SECT-MAYO/MAYO/vivado/MAYO_KeyGen_v2/MAYO_KeyGen_v2.gen/sources_1/bd/Mayo_keygen_no_zynq/ipshared/30f0/src/keccak_buffer.vhd:37]
INFO: [Synth 8-256] done synthesizing module 'keccak' (4#1) [/home/osm/Documents/SECT-MAYO/MAYO/vivado/MAYO_KeyGen_v2/MAYO_KeyGen_v2.gen/sources_1/bd/Mayo_keygen_no_zynq/ipshared/30f0/src/keccak.vhd:39]
INFO: [Synth 8-6155] done synthesizing module 'SHA_SHAKE_wrapper' (5#1) [/home/osm/Documents/SECT-MAYO/MAYO/vivado/MAYO_KeyGen_v2/MAYO_KeyGen_v2.gen/sources_1/bd/Mayo_keygen_no_zynq/ipshared/30f0/src/SHA_SHAKE_wrapper.v:27]
INFO: [Synth 8-6155] done synthesizing module 'MAYO_SHAKE' (6#1) [/home/osm/Documents/SECT-MAYO/MAYO/vivado/MAYO_KeyGen_v2/MAYO_KeyGen_v2.gen/sources_1/bd/Mayo_keygen_no_zynq/ipshared/30f0/src/MAYO_SHAKE.v:3]
INFO: [Synth 8-6155] done synthesizing module 'Mayo_keygen_no_zynq_MAYO_SHAKE_0_0' (7#1) [/home/osm/Documents/SECT-MAYO/MAYO/vivado/MAYO_KeyGen_v2/MAYO_KeyGen_v2.gen/sources_1/bd/Mayo_keygen_no_zynq/ip/Mayo_keygen_no_zynq_MAYO_SHAKE_0_0/synth/Mayo_keygen_no_zynq_MAYO_SHAKE_0_0.v:57]
---------------------------------------------------------------------------------
Finished RTL Elaboration : Time (s): cpu = 00:00:12 ; elapsed = 00:00:13 . Memory (MB): peak = 2316.672 ; gain = 20.883 ; free physical = 11858 ; free virtual = 25724
---------------------------------------------------------------------------------
---------------------------------------------------------------------------------
Start Handling Custom Attributes
---------------------------------------------------------------------------------
---------------------------------------------------------------------------------
Finished Handling Custom Attributes : Time (s): cpu = 00:00:15 ; elapsed = 00:00:16 . Memory (MB): peak = 2331.516 ; gain = 35.727 ; free physical = 11644 ; free virtual = 25496
---------------------------------------------------------------------------------
---------------------------------------------------------------------------------
Finished RTL Optimization Phase 1 : Time (s): cpu = 00:00:15 ; elapsed = 00:00:16 . Memory (MB): peak = 2331.516 ; gain = 35.727 ; free physical = 11644 ; free virtual = 25496
---------------------------------------------------------------------------------
Netlist sorting complete. Time (s): cpu = 00:00:00.25 ; elapsed = 00:00:00.25 . Memory (MB): peak = 2331.516 ; gain = 0.000 ; free physical = 11471 ; free virtual = 25335
INFO: [Project 1-570] Preparing netlist for logic optimization

Processing XDC Constraints
Initializing timing engine
Completed Processing XDC Constraints

Netlist sorting complete. Time (s): cpu = 00:00:00 ; elapsed = 00:00:00.01 . Memory (MB): peak = 2488.359 ; gain = 0.000 ; free physical = 11257 ; free virtual = 25122
INFO: [Project 1-111] Unisim Transformation Summary:
No Unisim elements were transformed.

Constraint Validation Runtime : Time (s): cpu = 00:00:00.70 ; elapsed = 00:00:00.22 . Memory (MB): peak = 2497.266 ; gain = 8.906 ; free physical = 11375 ; free virtual = 25240
---------------------------------------------------------------------------------
Finished Constraint Validation : Time (s): cpu = 00:00:24 ; elapsed = 00:00:25 . Memory (MB): peak = 2497.266 ; gain = 201.477 ; free physical = 12468 ; free virtual = 26328
---------------------------------------------------------------------------------
INFO: [Synth 8-802] inferred FSM for state register 'state_reg' in module 'SHA_SHAKE_wrapper'
---------------------------------------------------------------------------------------------------
                   State |                     New Encoding |                Previous Encoding 
---------------------------------------------------------------------------------------------------
                 iSTATE4 |                     000000000001 |                             0000
                 iSTATE2 |                     000000000010 |                             1010
                 iSTATE3 |                     000000000100 |                             0001
                 iSTATE0 |                     000000001000 |                             0010
                  iSTATE |                     000000010000 |                             0011
                 iSTATE8 |                     000000100000 |                             0110
                 iSTATE6 |                     000001000000 |                             0111
                 iSTATE9 |                     000010000000 |                             1111
                iSTATE10 |                     000100000000 |                             1110
                 iSTATE7 |                     001000000000 |                             1000
                 iSTATE5 |                     010000000000 |                             1001
                 iSTATE1 |                     100000000000 |                             1101
---------------------------------------------------------------------------------------------------
INFO: [Synth 8-3354] encoded FSM with state register 'state_reg' using encoding 'one-hot' in module 'SHA_SHAKE_wrapper'
---------------------------------------------------------------------------------
Finished RTL Optimization Phase 2 : Time (s): cpu = 00:00:40 ; elapsed = 00:00:42 . Memory (MB): peak = 2497.266 ; gain = 201.477 ; free physical = 11817 ; free virtual = 25667
---------------------------------------------------------------------------------
---------------------------------------------------------------------------------
Start RTL Component Statistics 
---------------------------------------------------------------------------------
Detailed RTL Component Info : 
+---Adders : 
	   2 Input   32 Bit       Adders := 2     
	   2 Input    9 Bit       Adders := 1     
	   2 Input    8 Bit       Adders := 1     
	   2 Input    6 Bit       Adders := 2     
	   2 Input    5 Bit       Adders := 3     
+---XORs : 
	   5 Input      1 Bit         XORs := 320   
	   3 Input      1 Bit         XORs := 1600  
	   2 Input      1 Bit         XORs := 4096  
+---Registers : 
	             1344 Bit    Registers := 1     
	               64 Bit    Registers := 257   
	               32 Bit    Registers := 7     
	                9 Bit    Registers := 2     
	                8 Bit    Registers := 1     
	                6 Bit    Registers := 2     
	                5 Bit    Registers := 3     
	                4 Bit    Registers := 1     
	                1 Bit    Registers := 16    
+---Muxes : 
	   2 Input 1344 Bit        Muxes := 6     
	   2 Input   64 Bit        Muxes := 82    
	   8 Input   64 Bit        Muxes := 32    
	   2 Input   32 Bit        Muxes := 6     
	  10 Input   32 Bit        Muxes := 1     
	   8 Input   32 Bit        Muxes := 1     
	  12 Input   12 Bit        Muxes := 1     
	   2 Input   12 Bit        Muxes := 8     
	   2 Input    9 Bit        Muxes := 3     
	   8 Input    9 Bit        Muxes := 1     
	   3 Input    9 Bit        Muxes := 1     
	   2 Input    8 Bit        Muxes := 23    
	   2 Input    6 Bit        Muxes := 4     
	   8 Input    6 Bit        Muxes := 1     
	   2 Input    5 Bit        Muxes := 9     
	   2 Input    4 Bit        Muxes := 4     
	   8 Input    4 Bit        Muxes := 1     
	   2 Input    3 Bit        Muxes := 2     
	   3 Input    3 Bit        Muxes := 1     
	   2 Input    2 Bit        Muxes := 3     
	   3 Input    2 Bit        Muxes := 2     
	   2 Input    1 Bit        Muxes := 256   
	   8 Input    1 Bit        Muxes := 15    
	  10 Input    1 Bit        Muxes := 8     
	  12 Input    1 Bit        Muxes := 5     
---------------------------------------------------------------------------------
Finished RTL Component Statistics 
---------------------------------------------------------------------------------
---------------------------------------------------------------------------------
Start Part Resource Summary
---------------------------------------------------------------------------------
Part Resources:
DSPs: 220 (col length:60)
BRAMs: 280 (col length: RAMB18 60 RAMB36 30)
---------------------------------------------------------------------------------
Finished Part Resource Summary
---------------------------------------------------------------------------------
---------------------------------------------------------------------------------
Start Cross Boundary and Area Optimization
---------------------------------------------------------------------------------
---------------------------------------------------------------------------------
Finished Cross Boundary and Area Optimization : Time (s): cpu = 00:01:09 ; elapsed = 00:01:18 . Memory (MB): peak = 2596.656 ; gain = 300.867 ; free physical = 11285 ; free virtual = 25166
---------------------------------------------------------------------------------
---------------------------------------------------------------------------------
Start Applying XDC Timing Constraints
---------------------------------------------------------------------------------
---------------------------------------------------------------------------------
Finished Applying XDC Timing Constraints : Time (s): cpu = 00:01:13 ; elapsed = 00:01:22 . Memory (MB): peak = 2596.656 ; gain = 300.867 ; free physical = 11195 ; free virtual = 25078
---------------------------------------------------------------------------------
---------------------------------------------------------------------------------
Start Timing Optimization
---------------------------------------------------------------------------------
---------------------------------------------------------------------------------
Finished Timing Optimization : Time (s): cpu = 00:01:13 ; elapsed = 00:01:22 . Memory (MB): peak = 2596.656 ; gain = 300.867 ; free physical = 11195 ; free virtual = 25078
---------------------------------------------------------------------------------
---------------------------------------------------------------------------------
Start Technology Mapping
---------------------------------------------------------------------------------
---------------------------------------------------------------------------------
Finished Technology Mapping : Time (s): cpu = 00:01:18 ; elapsed = 00:01:28 . Memory (MB): peak = 2691.445 ; gain = 395.656 ; free physical = 11199 ; free virtual = 25080
---------------------------------------------------------------------------------
---------------------------------------------------------------------------------
Start IO Insertion
---------------------------------------------------------------------------------
---------------------------------------------------------------------------------
Start Flattening Before IO Insertion
---------------------------------------------------------------------------------
---------------------------------------------------------------------------------
Finished Flattening Before IO Insertion
---------------------------------------------------------------------------------
---------------------------------------------------------------------------------
Start Final Netlist Cleanup
---------------------------------------------------------------------------------
---------------------------------------------------------------------------------
Finished Final Netlist Cleanup
---------------------------------------------------------------------------------
---------------------------------------------------------------------------------
Finished IO Insertion : Time (s): cpu = 00:01:22 ; elapsed = 00:01:31 . Memory (MB): peak = 2691.445 ; gain = 395.656 ; free physical = 11201 ; free virtual = 25083
---------------------------------------------------------------------------------
---------------------------------------------------------------------------------
Start Renaming Generated Instances
---------------------------------------------------------------------------------
---------------------------------------------------------------------------------
Finished Renaming Generated Instances : Time (s): cpu = 00:01:22 ; elapsed = 00:01:31 . Memory (MB): peak = 2691.445 ; gain = 395.656 ; free physical = 11201 ; free virtual = 25083
---------------------------------------------------------------------------------
---------------------------------------------------------------------------------
Start Rebuilding User Hierarchy
---------------------------------------------------------------------------------
---------------------------------------------------------------------------------
Finished Rebuilding User Hierarchy : Time (s): cpu = 00:01:22 ; elapsed = 00:01:32 . Memory (MB): peak = 2691.445 ; gain = 395.656 ; free physical = 11196 ; free virtual = 25078
---------------------------------------------------------------------------------
---------------------------------------------------------------------------------
Start Renaming Generated Ports
---------------------------------------------------------------------------------
---------------------------------------------------------------------------------
Finished Renaming Generated Ports : Time (s): cpu = 00:01:23 ; elapsed = 00:01:32 . Memory (MB): peak = 2691.445 ; gain = 395.656 ; free physical = 11196 ; free virtual = 25078
---------------------------------------------------------------------------------
---------------------------------------------------------------------------------
Start Handling Custom Attributes
---------------------------------------------------------------------------------
---------------------------------------------------------------------------------
Finished Handling Custom Attributes : Time (s): cpu = 00:01:23 ; elapsed = 00:01:33 . Memory (MB): peak = 2691.445 ; gain = 395.656 ; free physical = 11197 ; free virtual = 25079
---------------------------------------------------------------------------------
---------------------------------------------------------------------------------
Start Renaming Generated Nets
---------------------------------------------------------------------------------
---------------------------------------------------------------------------------
Finished Renaming Generated Nets : Time (s): cpu = 00:01:23 ; elapsed = 00:01:33 . Memory (MB): peak = 2691.445 ; gain = 395.656 ; free physical = 11197 ; free virtual = 25078
---------------------------------------------------------------------------------
---------------------------------------------------------------------------------
Start Writing Synthesis Report
---------------------------------------------------------------------------------

Report BlackBoxes: 
+-+--------------+----------+
| |BlackBox name |Instances |
+-+--------------+----------+
+-+--------------+----------+

Report Cell Usage: 
+------+-------+------+
|      |Cell   |Count |
+------+-------+------+
|1     |CARRY4 |    93|
|2     |LUT1   |    47|
|3     |LUT2   |   192|
|4     |LUT3   |   360|
|5     |LUT4   |  2182|
|6     |LUT5   |  2469|
|7     |LUT6   |  6461|
|8     |MUXF7  |  1888|
|9     |MUXF8  |   768|
|10    |FDCE   |  3166|
|11    |FDPE   |     1|
|12    |FDRE   | 15334|
|13    |FDSE   |     3|
+------+-------+------+
---------------------------------------------------------------------------------
Finished Writing Synthesis Report : Time (s): cpu = 00:01:23 ; elapsed = 00:01:33 . Memory (MB): peak = 2691.445 ; gain = 395.656 ; free physical = 11197 ; free virtual = 25078
---------------------------------------------------------------------------------
Synthesis finished with 0 errors, 0 critical warnings and 0 warnings.
Synthesis Optimization Runtime : Time (s): cpu = 00:01:23 ; elapsed = 00:01:32 . Memory (MB): peak = 2695.355 ; gain = 233.816 ; free physical = 14055 ; free virtual = 28002
Synthesis Optimization Complete : Time (s): cpu = 00:01:29 ; elapsed = 00:01:36 . Memory (MB): peak = 2695.355 ; gain = 399.566 ; free physical = 14055 ; free virtual = 28002
INFO: [Project 1-571] Translating synthesized netlist
Netlist sorting complete. Time (s): cpu = 00:00:00.17 ; elapsed = 00:00:00.17 . Memory (MB): peak = 2695.355 ; gain = 0.000 ; free physical = 14020 ; free virtual = 27980
INFO: [Netlist 29-17] Analyzing 2749 Unisim elements for replacement
INFO: [Netlist 29-28] Unisim Transformation completed in 0 CPU seconds
INFO: [Project 1-570] Preparing netlist for logic optimization
INFO: [Opt 31-138] Pushed 0 inverter(s) to 0 load pin(s).
Netlist sorting complete. Time (s): cpu = 00:00:00 ; elapsed = 00:00:00 . Memory (MB): peak = 2731.465 ; gain = 0.000 ; free physical = 13982 ; free virtual = 27935
INFO: [Project 1-111] Unisim Transformation Summary:
No Unisim elements were transformed.

INFO: [Common 17-83] Releasing license: Synthesis
46 Infos, 0 Warnings, 0 Critical Warnings and 0 Errors encountered.
synth_design completed successfully
synth_design: Time (s): cpu = 00:01:35 ; elapsed = 00:01:43 . Memory (MB): peak = 2731.465 ; gain = 435.793 ; free physical = 14142 ; free virtual = 28096
INFO: [Common 17-1381] The checkpoint '/home/osm/Documents/SECT-MAYO/MAYO/vivado/MAYO_KeyGen_v2/MAYO_KeyGen_v2.runs/Mayo_keygen_no_zynq_MAYO_SHAKE_0_0_synth_1/Mayo_keygen_no_zynq_MAYO_SHAKE_0_0.dcp' has been generated.
WARNING: [Common 17-576] 'use_project_ipc' is deprecated. This option is deprecated and no longer used.
INFO: [Coretcl 2-1648] Added synthesis output to IP cache for IP Mayo_keygen_no_zynq_MAYO_SHAKE_0_0, cache-ID = 0269292f3387657e
INFO: [Coretcl 2-1174] Renamed 5 cell refs.
INFO: [Common 17-1381] The checkpoint '/home/osm/Documents/SECT-MAYO/MAYO/vivado/MAYO_KeyGen_v2/MAYO_KeyGen_v2.runs/Mayo_keygen_no_zynq_MAYO_SHAKE_0_0_synth_1/Mayo_keygen_no_zynq_MAYO_SHAKE_0_0.dcp' has been generated.
INFO: [runtcl-4] Executing : report_utilization -file Mayo_keygen_no_zynq_MAYO_SHAKE_0_0_utilization_synth.rpt -pb Mayo_keygen_no_zynq_MAYO_SHAKE_0_0_utilization_synth.pb
INFO: [Common 17-206] Exiting Vivado at Tue Dec 20 21:48:08 2022...
