Files result.dat and test_sample_la/rhs/5.dat differ
Starting..
Test failed  !!!
Files result.dat and test_sample_la/rhs/5.dat differ
Starting..
Test failed  !!!
Files result.dat and test_sample_la/rhs/5.dat differ
Starting..
Test failed  !!!
Starting..
24
0
0
0
0
0
0
0
0
0
0
0
0
0
0
0
0
0
0
0
0
0
0
0
0
0
0
0
0
0
0
0
0
0
0
0
0
0
0
0
0
0
0
0
0
0
0
0
0
0
0
0
0
0
0
0
0
0
0
0
Files result.dat and test_sample_la/rhs/5.dat differ
Test failed  !!!
Starting..
7
0
0
0
0
0
0
0
0
0
0
0
0
0
0
0
0
0
0
0
0
0
0
0
0
0
0
0
0
0
0
0
0
0
0
0
0
0
0
0
0
0
0
0
0
0
0
0
0
0
0
0
0
0
0
0
0
0
0
0
Files result.dat and test_sample_la/rhs/5.golden.dat differ
Test failed  !!!
Starting..
247
0
0
0
0
0
0
0
0
0
0
0
0
0
0
0
0
0
0
0
0
0
0
0
0
0
0
0
0
0
0
0
0
0
0
0
0
0
0
0
0
0
0
0
0
0
0
0
0
0
0
0
0
0
0
0
0
0
0
0
Files result.dat and test_sample_la/rhs/5.golden.dat differ
Test failed  !!!
Files result.dat and test_sample_la/rhs/5.golden.dat differ
Starting..
Test failed  !!!
Files result.dat and test_sample_la/rhs/5.golden.dat differ
Starting..
Test failed  !!!
Files result.dat and test_sample_la/rhs/5.golden.dat differ
Starting..
Test failed  !!!
Files result.dat and test_sample_la/rhs/5.golden.dat differ
Starting..
Test failed  !!!
Starting..
Failed!
24 | 10
30 | 0
0 | 0
10 | 0
24 | 0
5 | 0
21 | 0
6 | 0
4 | 0
16 | 0
19 | 0
17 | 0
15 | 0
8 | 0
15 | 0
21 | 0
7 | 0
5 | 0
0 | 0
18 | 0
13 | 0
7 | 0
6 | 0
1 | 0
5 | 0
7 | 0
16 | 0
10 | 0
9 | 0
28 | 0
2 | 0
18 | 0
4 | 0
10 | 0
16 | 0
21 | 0
17 | 0
4 | 0
13 | 0
15 | 0
24 | 0
11 | 0
3 | 0
3 | 0
30 | 0
26 | 0
3 | 0
16 | 0
6 | 0
28 | 0
21 | 0
7 | 0
17 | 0
2 | 0
9 | 0
20 | 0
20 | 0
2 | 0
0 | 0
6 | 0
