
*** Running vivado
    with args -log Mayo_keygen_no_zynq_mayo_linear_combinat_0_0.vds -m64 -product Vivado -mode batch -messageDb vivado.pb -notrace -source Mayo_keygen_no_zynq_mayo_linear_combinat_0_0.tcl


****** Vivado v2020.2 (64-bit)
  **** SW Build 3064766 on Wed Nov 18 09:12:47 MST 2020
  **** IP Build 3064653 on Wed Nov 18 14:17:31 MST 2020
    ** Copyright 1986-2020 Xilinx, Inc. All Rights Reserved.

source Mayo_keygen_no_zynq_mayo_linear_combinat_0_0.tcl -notrace
INFO: [IP_Flow 19-234] Refreshing IP repositories
INFO: [IP_Flow 19-1700] Loaded user IP repository '/home/osm/Documents/SECT-MAYO/MAYO/vivado/ip_repo/mayo_axi_litev3/mayo_axi_litev3_3'.
INFO: [IP_Flow 19-1700] Loaded user IP repository '/home/osm/Documents/SECT-MAYO/MAYO/vivado/ip_repo/mayo-axi/Mayo_axi_1.0'.
INFO: [IP_Flow 19-1700] Loaded user IP repository '/home/osm/Documents/SECT-MAYO/MAYO/vivado/TRNG_project/TRNG_project.srcs'.
INFO: [IP_Flow 19-1700] Loaded user IP repository '/home/osm/Documents/SECT-MAYO/MAYO/vivado/ip_repo/shake128'.
INFO: [IP_Flow 19-2313] Loaded Vivado IP repository '/tools/Xilinx/Vivado/2020.2/data/ip'.
Command: synth_design -top Mayo_keygen_no_zynq_mayo_linear_combinat_0_0 -part xc7z020clg484-1 -mode out_of_context
Starting synth_design
WARNING: [IP_Flow 19-3571] IP 'Mayo_keygen_no_zynq_mayo_linear_combinat_0_0' is restricted:
* Module reference is stale and needs refreshing.
Attempting to get a license for feature 'Synthesis' and/or device 'xc7z020'
INFO: [Common 17-349] Got license for feature 'Synthesis' and/or device 'xc7z020'
INFO: [Device 21-403] Loading part xc7z020clg484-1
INFO: [Synth 8-7079] Multithreading enabled for synth_design using a maximum of 4 processes.
INFO: [Synth 8-7078] Launching helper process for spawning children vivado processes
INFO: [Synth 8-7075] Helper process launched with PID 479502
---------------------------------------------------------------------------------
Starting RTL Elaboration : Time (s): cpu = 00:00:06 ; elapsed = 00:00:13 . Memory (MB): peak = 2322.602 ; gain = 0.000 ; free physical = 2161 ; free virtual = 12494
---------------------------------------------------------------------------------
INFO: [Synth 8-638] synthesizing module 'Mayo_keygen_no_zynq_mayo_linear_combinat_0_0' [/home/osm/Documents/SECT-MAYO/MAYO/vivado/MAYO_KeyGen_v2/MAYO_KeyGen_v2.gen/sources_1/bd/Mayo_keygen_no_zynq/ip/Mayo_keygen_no_zynq_mayo_linear_combinat_0_0/synth/Mayo_keygen_no_zynq_mayo_linear_combinat_0_0.vhd:91]
INFO: [Synth 8-3491] module 'mayo_linear_combination' declared at '/home/osm/Documents/SECT-MAYO/MAYO/src/hdl/MAYO_Keygen/MAYO_linear_combination.vhd:64' bound to instance 'U0' of component 'mayo_linear_combination' [/home/osm/Documents/SECT-MAYO/MAYO/vivado/MAYO_KeyGen_v2/MAYO_KeyGen_v2.gen/sources_1/bd/Mayo_keygen_no_zynq/ip/Mayo_keygen_no_zynq_mayo_linear_combinat_0_0/synth/Mayo_keygen_no_zynq_mayo_linear_combinat_0_0.vhd:149]
INFO: [Synth 8-638] synthesizing module 'mayo_linear_combination' [/home/osm/Documents/SECT-MAYO/MAYO/src/hdl/MAYO_Keygen/MAYO_linear_combination.vhd:109]
INFO: [Synth 8-3491] module 'DSP_Accum' declared at '/home/osm/Documents/SECT-MAYO/MAYO/src/hdl/MAYO_Keygen/MAYO_linear_combination.vhd:444' bound to instance 'DSP_Inst' of component 'DSP_Accum' [/home/osm/Documents/SECT-MAYO/MAYO/src/hdl/MAYO_Keygen/MAYO_linear_combination.vhd:162]
INFO: [Synth 8-638] synthesizing module 'DSP_Accum' [/home/osm/Documents/SECT-MAYO/MAYO/src/hdl/MAYO_Keygen/MAYO_linear_combination.vhd:457]
INFO: [Synth 8-256] done synthesizing module 'DSP_Accum' (1#1) [/home/osm/Documents/SECT-MAYO/MAYO/src/hdl/MAYO_Keygen/MAYO_linear_combination.vhd:457]
INFO: [Synth 8-256] done synthesizing module 'mayo_linear_combination' (2#1) [/home/osm/Documents/SECT-MAYO/MAYO/src/hdl/MAYO_Keygen/MAYO_linear_combination.vhd:109]
INFO: [Synth 8-256] done synthesizing module 'Mayo_keygen_no_zynq_mayo_linear_combinat_0_0' (3#1) [/home/osm/Documents/SECT-MAYO/MAYO/vivado/MAYO_KeyGen_v2/MAYO_KeyGen_v2.gen/sources_1/bd/Mayo_keygen_no_zynq/ip/Mayo_keygen_no_zynq_mayo_linear_combinat_0_0/synth/Mayo_keygen_no_zynq_mayo_linear_combinat_0_0.vhd:91]
---------------------------------------------------------------------------------
Finished RTL Elaboration : Time (s): cpu = 00:00:07 ; elapsed = 00:00:16 . Memory (MB): peak = 2322.602 ; gain = 0.000 ; free physical = 8801 ; free virtual = 19177
---------------------------------------------------------------------------------
---------------------------------------------------------------------------------
Start Handling Custom Attributes
---------------------------------------------------------------------------------
---------------------------------------------------------------------------------
Finished Handling Custom Attributes : Time (s): cpu = 00:00:08 ; elapsed = 00:00:17 . Memory (MB): peak = 2322.602 ; gain = 0.000 ; free physical = 9080 ; free virtual = 19462
---------------------------------------------------------------------------------
---------------------------------------------------------------------------------
Finished RTL Optimization Phase 1 : Time (s): cpu = 00:00:08 ; elapsed = 00:00:17 . Memory (MB): peak = 2322.602 ; gain = 0.000 ; free physical = 9080 ; free virtual = 19463
---------------------------------------------------------------------------------
Netlist sorting complete. Time (s): cpu = 00:00:00.02 ; elapsed = 00:00:00.02 . Memory (MB): peak = 2322.602 ; gain = 0.000 ; free physical = 9048 ; free virtual = 19432
INFO: [Project 1-570] Preparing netlist for logic optimization

Processing XDC Constraints
Initializing timing engine
Completed Processing XDC Constraints

Netlist sorting complete. Time (s): cpu = 00:00:00 ; elapsed = 00:00:00 . Memory (MB): peak = 2386.516 ; gain = 0.000 ; free physical = 8659 ; free virtual = 19124
INFO: [Project 1-111] Unisim Transformation Summary:
No Unisim elements were transformed.

Constraint Validation Runtime : Time (s): cpu = 00:00:00.08 ; elapsed = 00:00:00.05 . Memory (MB): peak = 2386.516 ; gain = 0.000 ; free physical = 8644 ; free virtual = 19110
---------------------------------------------------------------------------------
Finished Constraint Validation : Time (s): cpu = 00:00:16 ; elapsed = 00:00:25 . Memory (MB): peak = 2386.516 ; gain = 63.914 ; free physical = 8818 ; free virtual = 19210
---------------------------------------------------------------------------------
---------------------------------------------------------------------------------
Start Loading Part and Timing Information
---------------------------------------------------------------------------------
Loading part: xc7z020clg484-1
---------------------------------------------------------------------------------
Finished Loading Part and Timing Information : Time (s): cpu = 00:00:16 ; elapsed = 00:00:25 . Memory (MB): peak = 2386.516 ; gain = 63.914 ; free physical = 8817 ; free virtual = 19208
---------------------------------------------------------------------------------
---------------------------------------------------------------------------------
Start Applying 'set_property' XDC Constraints
---------------------------------------------------------------------------------
---------------------------------------------------------------------------------
Finished applying 'set_property' XDC Constraints : Time (s): cpu = 00:00:16 ; elapsed = 00:00:25 . Memory (MB): peak = 2386.516 ; gain = 63.914 ; free physical = 8815 ; free virtual = 19206
---------------------------------------------------------------------------------
INFO: [Synth 8-802] inferred FSM for state register 't_state_reg' in module 'mayo_linear_combination'
---------------------------------------------------------------------------------------------------
                   State |                     New Encoding |                Previous Encoding 
---------------------------------------------------------------------------------------------------
                    idle |                           000001 |                              000
                   read1 |                           000010 |                              001
                   read3 |                           000100 |                              011
                   read4 |                           001000 |                              100
                   read2 |                           010000 |                              010
                    done |                           100000 |                              101
---------------------------------------------------------------------------------------------------
INFO: [Synth 8-3354] encoded FSM with state register 't_state_reg' using encoding 'one-hot' in module 'mayo_linear_combination'
---------------------------------------------------------------------------------
Finished RTL Optimization Phase 2 : Time (s): cpu = 00:00:17 ; elapsed = 00:00:26 . Memory (MB): peak = 2386.516 ; gain = 63.914 ; free physical = 8830 ; free virtual = 19224
---------------------------------------------------------------------------------
---------------------------------------------------------------------------------
Start RTL Component Statistics 
---------------------------------------------------------------------------------
Detailed RTL Component Info : 
+---Adders : 
	   2 Input   32 Bit       Adders := 7     
	   3 Input   32 Bit       Adders := 1     
+---Registers : 
	               32 Bit    Registers := 21    
	               16 Bit    Registers := 8     
	                8 Bit    Registers := 1     
	                4 Bit    Registers := 2     
	                3 Bit    Registers := 2     
	                1 Bit    Registers := 10    
+---Muxes : 
	   2 Input   32 Bit        Muxes := 6     
	   6 Input   32 Bit        Muxes := 14    
	   2 Input    8 Bit        Muxes := 1     
	   6 Input    6 Bit        Muxes := 1     
	   2 Input    6 Bit        Muxes := 3     
	   7 Input    3 Bit        Muxes := 2     
	   2 Input    3 Bit        Muxes := 2     
	   2 Input    1 Bit        Muxes := 8     
	   6 Input    1 Bit        Muxes := 21    
	   8 Input    1 Bit        Muxes := 1     
---------------------------------------------------------------------------------
Finished RTL Component Statistics 
---------------------------------------------------------------------------------
---------------------------------------------------------------------------------
Start Part Resource Summary
---------------------------------------------------------------------------------
Part Resources:
DSPs: 220 (col length:60)
BRAMs: 280 (col length: RAMB18 60 RAMB36 30)
---------------------------------------------------------------------------------
Finished Part Resource Summary
---------------------------------------------------------------------------------
---------------------------------------------------------------------------------
Start Cross Boundary and Area Optimization
---------------------------------------------------------------------------------
DSP Report: Generating DSP acc_a_reg[0], operation Mode is: (P+(A*B)')'.
DSP Report: register acc_a_reg[0] is absorbed into DSP acc_a_reg[0].
DSP Report: register mult_a_reg[0] is absorbed into DSP acc_a_reg[0].
DSP Report: operator acc_a_reg[0]0 is absorbed into DSP acc_a_reg[0].
DSP Report: operator mult_a_reg[0]0 is absorbed into DSP acc_a_reg[0].
DSP Report: Generating DSP acc_a_reg[1], operation Mode is: (P+(A*B)')'.
DSP Report: register acc_a_reg[1] is absorbed into DSP acc_a_reg[1].
DSP Report: register mult_a_reg[1] is absorbed into DSP acc_a_reg[1].
DSP Report: operator acc_a_reg[1]0 is absorbed into DSP acc_a_reg[1].
DSP Report: operator mult_a_reg[1]0 is absorbed into DSP acc_a_reg[1].
DSP Report: Generating DSP acc_a_reg[2], operation Mode is: (P+(A*B)')'.
DSP Report: register acc_a_reg[2] is absorbed into DSP acc_a_reg[2].
DSP Report: register mult_a_reg[2] is absorbed into DSP acc_a_reg[2].
DSP Report: operator acc_a_reg[2]0 is absorbed into DSP acc_a_reg[2].
DSP Report: operator mult_a_reg[2]0 is absorbed into DSP acc_a_reg[2].
DSP Report: Generating DSP acc_a_reg[3], operation Mode is: (P+(A*B)')'.
DSP Report: register acc_a_reg[3] is absorbed into DSP acc_a_reg[3].
DSP Report: register mult_a_reg[3] is absorbed into DSP acc_a_reg[3].
DSP Report: operator acc_a_reg[3]0 is absorbed into DSP acc_a_reg[3].
DSP Report: operator mult_a_reg[3]0 is absorbed into DSP acc_a_reg[3].
DSP Report: Generating DSP acc_b_reg[0], operation Mode is: (P+(A*B)')'.
DSP Report: register acc_b_reg[0] is absorbed into DSP acc_b_reg[0].
DSP Report: register mult_b_reg[0] is absorbed into DSP acc_b_reg[0].
DSP Report: operator acc_b_reg[0]0 is absorbed into DSP acc_b_reg[0].
DSP Report: operator mult_a_reg[0]0 is absorbed into DSP acc_b_reg[0].
DSP Report: Generating DSP acc_b_reg[1], operation Mode is: (P+(A*B)')'.
DSP Report: register acc_b_reg[1] is absorbed into DSP acc_b_reg[1].
DSP Report: register mult_b_reg[1] is absorbed into DSP acc_b_reg[1].
DSP Report: operator acc_b_reg[1]0 is absorbed into DSP acc_b_reg[1].
DSP Report: operator mult_a_reg[1]0 is absorbed into DSP acc_b_reg[1].
DSP Report: Generating DSP acc_b_reg[2], operation Mode is: (P+(A*B)')'.
DSP Report: register acc_b_reg[2] is absorbed into DSP acc_b_reg[2].
DSP Report: register mult_b_reg[2] is absorbed into DSP acc_b_reg[2].
DSP Report: operator acc_b_reg[2]0 is absorbed into DSP acc_b_reg[2].
DSP Report: operator mult_a_reg[2]0 is absorbed into DSP acc_b_reg[2].
DSP Report: Generating DSP acc_b_reg[3], operation Mode is: (P+(A*B)')'.
DSP Report: register acc_b_reg[3] is absorbed into DSP acc_b_reg[3].
DSP Report: register mult_b_reg[3] is absorbed into DSP acc_b_reg[3].
DSP Report: operator acc_b_reg[3]0 is absorbed into DSP acc_b_reg[3].
DSP Report: operator mult_a_reg[3]0 is absorbed into DSP acc_b_reg[3].
---------------------------------------------------------------------------------
Finished Cross Boundary and Area Optimization : Time (s): cpu = 00:00:21 ; elapsed = 00:00:30 . Memory (MB): peak = 2386.516 ; gain = 63.914 ; free physical = 8416 ; free virtual = 18831
---------------------------------------------------------------------------------
---------------------------------------------------------------------------------
Start ROM, RAM, DSP, Shift Register and Retiming Reporting
---------------------------------------------------------------------------------

DSP: Preliminary Mapping	Report (see note below)
+------------+-------------+--------+--------+--------+--------+--------+------+------+------+------+-------+------+------+
|Module Name | DSP Mapping | A Size | B Size | C Size | D Size | P Size | AREG | BREG | CREG | DREG | ADREG | MREG | PREG | 
+------------+-------------+--------+--------+--------+--------+--------+------+------+------+------+-------+------+------+
|DSP_Accum   | (P+(A*B)')' | 8      | 8      | -      | -      | 16     | 0    | 0    | -    | -    | -     | 1    | 1    | 
|DSP_Accum   | (P+(A*B)')' | 8      | 8      | -      | -      | 16     | 0    | 0    | -    | -    | -     | 1    | 1    | 
|DSP_Accum   | (P+(A*B)')' | 8      | 8      | -      | -      | 16     | 0    | 0    | -    | -    | -     | 1    | 1    | 
|DSP_Accum   | (P+(A*B)')' | 8      | 8      | -      | -      | 16     | 0    | 0    | -    | -    | -     | 1    | 1    | 
|DSP_Accum   | (P+(A*B)')' | 8      | 8      | -      | -      | 16     | 0    | 0    | -    | -    | -     | 1    | 1    | 
|DSP_Accum   | (P+(A*B)')' | 8      | 8      | -      | -      | 16     | 0    | 0    | -    | -    | -     | 1    | 1    | 
|DSP_Accum   | (P+(A*B)')' | 8      | 8      | -      | -      | 16     | 0    | 0    | -    | -    | -     | 1    | 1    | 
|DSP_Accum   | (P+(A*B)')' | 8      | 8      | -      | -      | 16     | 0    | 0    | -    | -    | -     | 1    | 1    | 
+------------+-------------+--------+--------+--------+--------+--------+------+------+------+------+-------+------+------+

Note: The table above is a preliminary report that shows the DSPs inferred at the current stage of the synthesis flow. Some DSP may be reimplemented as non DSP primitives later in the synthesis flow. Multiple instantiated DSPs are reported only once.
---------------------------------------------------------------------------------
Finished ROM, RAM, DSP, Shift Register and Retiming Reporting
---------------------------------------------------------------------------------
---------------------------------------------------------------------------------
Start Applying XDC Timing Constraints
---------------------------------------------------------------------------------
---------------------------------------------------------------------------------
Finished Applying XDC Timing Constraints : Time (s): cpu = 00:00:29 ; elapsed = 00:00:39 . Memory (MB): peak = 2386.516 ; gain = 63.914 ; free physical = 8004 ; free virtual = 18418
---------------------------------------------------------------------------------
---------------------------------------------------------------------------------
Start Timing Optimization
---------------------------------------------------------------------------------
---------------------------------------------------------------------------------
Finished Timing Optimization : Time (s): cpu = 00:00:29 ; elapsed = 00:00:39 . Memory (MB): peak = 2386.516 ; gain = 63.914 ; free physical = 8076 ; free virtual = 18490
---------------------------------------------------------------------------------
---------------------------------------------------------------------------------
Start Technology Mapping
---------------------------------------------------------------------------------
---------------------------------------------------------------------------------
Finished Technology Mapping : Time (s): cpu = 00:00:30 ; elapsed = 00:00:40 . Memory (MB): peak = 2386.516 ; gain = 63.914 ; free physical = 8115 ; free virtual = 18526
---------------------------------------------------------------------------------
---------------------------------------------------------------------------------
Start IO Insertion
---------------------------------------------------------------------------------
---------------------------------------------------------------------------------
Start Flattening Before IO Insertion
---------------------------------------------------------------------------------
---------------------------------------------------------------------------------
Finished Flattening Before IO Insertion
---------------------------------------------------------------------------------
---------------------------------------------------------------------------------
Start Final Netlist Cleanup
---------------------------------------------------------------------------------
---------------------------------------------------------------------------------
Finished Final Netlist Cleanup
---------------------------------------------------------------------------------
---------------------------------------------------------------------------------
Finished IO Insertion : Time (s): cpu = 00:00:34 ; elapsed = 00:00:44 . Memory (MB): peak = 2386.516 ; gain = 63.914 ; free physical = 10925 ; free virtual = 21328
---------------------------------------------------------------------------------
---------------------------------------------------------------------------------
Start Renaming Generated Instances
---------------------------------------------------------------------------------
---------------------------------------------------------------------------------
Finished Renaming Generated Instances : Time (s): cpu = 00:00:34 ; elapsed = 00:00:44 . Memory (MB): peak = 2386.516 ; gain = 63.914 ; free physical = 10924 ; free virtual = 21328
---------------------------------------------------------------------------------
---------------------------------------------------------------------------------
Start Rebuilding User Hierarchy
---------------------------------------------------------------------------------
---------------------------------------------------------------------------------
Finished Rebuilding User Hierarchy : Time (s): cpu = 00:00:34 ; elapsed = 00:00:44 . Memory (MB): peak = 2386.516 ; gain = 63.914 ; free physical = 10934 ; free virtual = 21333
---------------------------------------------------------------------------------
---------------------------------------------------------------------------------
Start Renaming Generated Ports
---------------------------------------------------------------------------------
---------------------------------------------------------------------------------
Finished Renaming Generated Ports : Time (s): cpu = 00:00:34 ; elapsed = 00:00:44 . Memory (MB): peak = 2386.516 ; gain = 63.914 ; free physical = 10933 ; free virtual = 21333
---------------------------------------------------------------------------------
---------------------------------------------------------------------------------
Start Handling Custom Attributes
---------------------------------------------------------------------------------
---------------------------------------------------------------------------------
Finished Handling Custom Attributes : Time (s): cpu = 00:00:34 ; elapsed = 00:00:44 . Memory (MB): peak = 2386.516 ; gain = 63.914 ; free physical = 10963 ; free virtual = 21362
---------------------------------------------------------------------------------
---------------------------------------------------------------------------------
Start Renaming Generated Nets
---------------------------------------------------------------------------------
---------------------------------------------------------------------------------
Finished Renaming Generated Nets : Time (s): cpu = 00:00:34 ; elapsed = 00:00:44 . Memory (MB): peak = 2386.516 ; gain = 63.914 ; free physical = 10963 ; free virtual = 21362
---------------------------------------------------------------------------------
---------------------------------------------------------------------------------
Start Writing Synthesis Report
---------------------------------------------------------------------------------

Report BlackBoxes: 
+-+--------------+----------+
| |BlackBox name |Instances |
+-+--------------+----------+
+-+--------------+----------+

Report Cell Usage: 
+------+--------+------+
|      |Cell    |Count |
+------+--------+------+
|1     |CARRY4  |   168|
|2     |DSP48E1 |     8|
|3     |LUT1    |   274|
|4     |LUT2    |   311|
|5     |LUT3    |   128|
|6     |LUT4    |   153|
|7     |LUT5    |    63|
|8     |LUT6    |    95|
|9     |FDRE    |   692|
|10    |FDSE    |     1|
+------+--------+------+
---------------------------------------------------------------------------------
Finished Writing Synthesis Report : Time (s): cpu = 00:00:34 ; elapsed = 00:00:44 . Memory (MB): peak = 2386.516 ; gain = 63.914 ; free physical = 10962 ; free virtual = 21362
---------------------------------------------------------------------------------
Synthesis finished with 0 errors, 0 critical warnings and 0 warnings.
Synthesis Optimization Runtime : Time (s): cpu = 00:00:31 ; elapsed = 00:00:41 . Memory (MB): peak = 2386.516 ; gain = 0.000 ; free physical = 11015 ; free virtual = 21415
Synthesis Optimization Complete : Time (s): cpu = 00:00:34 ; elapsed = 00:00:44 . Memory (MB): peak = 2386.516 ; gain = 63.914 ; free physical = 11015 ; free virtual = 21414
INFO: [Project 1-571] Translating synthesized netlist
Netlist sorting complete. Time (s): cpu = 00:00:00.02 ; elapsed = 00:00:00.02 . Memory (MB): peak = 2386.516 ; gain = 0.000 ; free physical = 11083 ; free virtual = 21483
INFO: [Netlist 29-17] Analyzing 176 Unisim elements for replacement
INFO: [Netlist 29-28] Unisim Transformation completed in 0 CPU seconds
INFO: [Project 1-570] Preparing netlist for logic optimization
INFO: [Opt 31-138] Pushed 0 inverter(s) to 0 load pin(s).
Netlist sorting complete. Time (s): cpu = 00:00:00 ; elapsed = 00:00:00 . Memory (MB): peak = 2386.516 ; gain = 0.000 ; free physical = 13369 ; free virtual = 23782
INFO: [Project 1-111] Unisim Transformation Summary:
No Unisim elements were transformed.

INFO: [Common 17-83] Releasing license: Synthesis
30 Infos, 1 Warnings, 0 Critical Warnings and 0 Errors encountered.
synth_design completed successfully
synth_design: Time (s): cpu = 00:00:49 ; elapsed = 00:00:53 . Memory (MB): peak = 2386.516 ; gain = 64.031 ; free physical = 13478 ; free virtual = 23890
INFO: [Common 17-1381] The checkpoint '/home/osm/Documents/SECT-MAYO/MAYO/vivado/MAYO_KeyGen_v2/MAYO_KeyGen_v2.runs/Mayo_keygen_no_zynq_mayo_linear_combinat_0_0_synth_1/Mayo_keygen_no_zynq_mayo_linear_combinat_0_0.dcp' has been generated.
WARNING: [Common 17-576] 'use_project_ipc' is deprecated. This option is deprecated and no longer used.
INFO: [Coretcl 2-1174] Renamed 2 cell refs.
INFO: [Common 17-1381] The checkpoint '/home/osm/Documents/SECT-MAYO/MAYO/vivado/MAYO_KeyGen_v2/MAYO_KeyGen_v2.runs/Mayo_keygen_no_zynq_mayo_linear_combinat_0_0_synth_1/Mayo_keygen_no_zynq_mayo_linear_combinat_0_0.dcp' has been generated.
INFO: [runtcl-4] Executing : report_utilization -file Mayo_keygen_no_zynq_mayo_linear_combinat_0_0_utilization_synth.rpt -pb Mayo_keygen_no_zynq_mayo_linear_combinat_0_0_utilization_synth.pb
INFO: [Common 17-206] Exiting Vivado at Tue Jan 10 17:57:05 2023...
