
*** Running vivado
    with args -log Mayo_sign_with_zynq_mayo_reduce_extension_0_1.vds -m64 -product Vivado -mode batch -messageDb vivado.pb -notrace -source Mayo_sign_with_zynq_mayo_reduce_extension_0_1.tcl


****** Vivado v2020.2 (64-bit)
  **** SW Build 3064766 on Wed Nov 18 09:12:47 MST 2020
  **** IP Build 3064653 on Wed Nov 18 14:17:31 MST 2020
    ** Copyright 1986-2020 Xilinx, Inc. All Rights Reserved.

source Mayo_sign_with_zynq_mayo_reduce_extension_0_1.tcl -notrace
INFO: [IP_Flow 19-234] Refreshing IP repositories
INFO: [IP_Flow 19-1700] Loaded user IP repository '/home/osm/Documents/Sect/SECT-MAYO/MAYO/vivado/ip_repo/mayo_axi_litev3/mayo_axi_litev3_3'.
INFO: [IP_Flow 19-1700] Loaded user IP repository '/home/osm/Documents/Sect/SECT-MAYO/MAYO/vivado/ip_repo/mayo-axi/Mayo_axi_1.0'.
INFO: [IP_Flow 19-1700] Loaded user IP repository '/home/osm/Documents/Sect/SECT-MAYO/MAYO/vivado/ip_repo/INTERFACES'.
INFO: [IP_Flow 19-2313] Loaded Vivado IP repository '/tools/Xilinx/Vivado/2020.2/data/ip'.
Command: synth_design -top Mayo_sign_with_zynq_mayo_reduce_extension_0_1 -part xc7z020clg484-1 -mode out_of_context
Starting synth_design
Attempting to get a license for feature 'Synthesis' and/or device 'xc7z020'
INFO: [Common 17-349] Got license for feature 'Synthesis' and/or device 'xc7z020'
INFO: [Device 21-403] Loading part xc7z020clg484-1
INFO: [Synth 8-7079] Multithreading enabled for synth_design using a maximum of 4 processes.
INFO: [Synth 8-7078] Launching helper process for spawning children vivado processes
INFO: [Synth 8-7075] Helper process launched with PID 420777
---------------------------------------------------------------------------------
Starting RTL Elaboration : Time (s): cpu = 00:00:04 ; elapsed = 00:00:12 . Memory (MB): peak = 2368.773 ; gain = 0.000 ; free physical = 3345 ; free virtual = 8647
---------------------------------------------------------------------------------
INFO: [Synth 8-638] synthesizing module 'Mayo_sign_with_zynq_mayo_reduce_extension_0_1' [/home/osm/Documents/Sect/SECT-MAYO/MAYO/vivado/hw-mayo/hw-mayo.gen/sources_1/bd/Mayo_sign_with_zynq/ip/Mayo_sign_with_zynq_mayo_reduce_extension_0_1/synth/Mayo_sign_with_zynq_mayo_reduce_extension_0_1.vhd:88]
INFO: [Synth 8-3491] module 'mayo_reduce_extension' declared at '/home/osm/Documents/Sect/SECT-MAYO/MAYO/vivado/hw-mayo/hw-mayo.srcs/sources_1/imports/MAYO/src/hdl/MAYO_Signing/MAYO_Reduce_Extension.vhd:8' bound to instance 'U0' of component 'mayo_reduce_extension' [/home/osm/Documents/Sect/SECT-MAYO/MAYO/vivado/hw-mayo/hw-mayo.gen/sources_1/bd/Mayo_sign_with_zynq/ip/Mayo_sign_with_zynq_mayo_reduce_extension_0_1/synth/Mayo_sign_with_zynq_mayo_reduce_extension_0_1.vhd:158]
INFO: [Synth 8-638] synthesizing module 'mayo_reduce_extension' [/home/osm/Documents/Sect/SECT-MAYO/MAYO/vivado/hw-mayo/hw-mayo.srcs/sources_1/imports/MAYO/src/hdl/MAYO_Signing/MAYO_Reduce_Extension.vhd:46]
INFO: [Synth 8-256] done synthesizing module 'mayo_reduce_extension' (1#1) [/home/osm/Documents/Sect/SECT-MAYO/MAYO/vivado/hw-mayo/hw-mayo.srcs/sources_1/imports/MAYO/src/hdl/MAYO_Signing/MAYO_Reduce_Extension.vhd:46]
INFO: [Synth 8-256] done synthesizing module 'Mayo_sign_with_zynq_mayo_reduce_extension_0_1' (2#1) [/home/osm/Documents/Sect/SECT-MAYO/MAYO/vivado/hw-mayo/hw-mayo.gen/sources_1/bd/Mayo_sign_with_zynq/ip/Mayo_sign_with_zynq_mayo_reduce_extension_0_1/synth/Mayo_sign_with_zynq_mayo_reduce_extension_0_1.vhd:88]
---------------------------------------------------------------------------------
Finished RTL Elaboration : Time (s): cpu = 00:00:05 ; elapsed = 00:00:14 . Memory (MB): peak = 2368.773 ; gain = 0.000 ; free physical = 8283 ; free virtual = 13598
---------------------------------------------------------------------------------
---------------------------------------------------------------------------------
Start Handling Custom Attributes
---------------------------------------------------------------------------------
---------------------------------------------------------------------------------
Finished Handling Custom Attributes : Time (s): cpu = 00:00:06 ; elapsed = 00:00:14 . Memory (MB): peak = 2368.773 ; gain = 0.000 ; free physical = 8156 ; free virtual = 13470
---------------------------------------------------------------------------------
---------------------------------------------------------------------------------
Finished RTL Optimization Phase 1 : Time (s): cpu = 00:00:06 ; elapsed = 00:00:14 . Memory (MB): peak = 2368.773 ; gain = 0.000 ; free physical = 8156 ; free virtual = 13470
---------------------------------------------------------------------------------
Netlist sorting complete. Time (s): cpu = 00:00:00.02 ; elapsed = 00:00:00.01 . Memory (MB): peak = 2368.773 ; gain = 0.000 ; free physical = 8124 ; free virtual = 13438
INFO: [Project 1-570] Preparing netlist for logic optimization

Processing XDC Constraints
Initializing timing engine
Completed Processing XDC Constraints

Netlist sorting complete. Time (s): cpu = 00:00:00 ; elapsed = 00:00:00 . Memory (MB): peak = 2465.641 ; gain = 0.000 ; free physical = 8093 ; free virtual = 13412
INFO: [Project 1-111] Unisim Transformation Summary:
No Unisim elements were transformed.

Constraint Validation Runtime : Time (s): cpu = 00:00:00.02 ; elapsed = 00:00:00.04 . Memory (MB): peak = 2465.641 ; gain = 0.000 ; free physical = 8075 ; free virtual = 13393
---------------------------------------------------------------------------------
Finished Constraint Validation : Time (s): cpu = 00:00:12 ; elapsed = 00:00:22 . Memory (MB): peak = 2465.641 ; gain = 96.867 ; free physical = 8296 ; free virtual = 13638
---------------------------------------------------------------------------------
---------------------------------------------------------------------------------
Start Loading Part and Timing Information
---------------------------------------------------------------------------------
Loading part: xc7z020clg484-1
---------------------------------------------------------------------------------
Finished Loading Part and Timing Information : Time (s): cpu = 00:00:12 ; elapsed = 00:00:22 . Memory (MB): peak = 2465.641 ; gain = 96.867 ; free physical = 8292 ; free virtual = 13635
---------------------------------------------------------------------------------
---------------------------------------------------------------------------------
Start Applying 'set_property' XDC Constraints
---------------------------------------------------------------------------------
---------------------------------------------------------------------------------
Finished applying 'set_property' XDC Constraints : Time (s): cpu = 00:00:12 ; elapsed = 00:00:22 . Memory (MB): peak = 2465.641 ; gain = 96.867 ; free physical = 8289 ; free virtual = 13631
---------------------------------------------------------------------------------
INFO: [Synth 8-802] inferred FSM for state register 'flag_reg' in module 'mayo_reduce_extension'
---------------------------------------------------------------------------------------------------
                   State |                     New Encoding |                Previous Encoding 
---------------------------------------------------------------------------------------------------
                  iSTATE |                             0001 |                               00
*
                 iSTATE0 |                             0010 |                               01
                 iSTATE1 |                             0100 |                               10
                 iSTATE2 |                             1000 |                               11
---------------------------------------------------------------------------------------------------
INFO: [Synth 8-3354] encoded FSM with state register 'flag_reg' using encoding 'one-hot' in module 'mayo_reduce_extension'
---------------------------------------------------------------------------------
Finished RTL Optimization Phase 2 : Time (s): cpu = 00:00:13 ; elapsed = 00:00:23 . Memory (MB): peak = 2465.641 ; gain = 96.867 ; free physical = 8296 ; free virtual = 13650
---------------------------------------------------------------------------------
---------------------------------------------------------------------------------
Start RTL Component Statistics 
---------------------------------------------------------------------------------
Detailed RTL Component Info : 
+---Adders : 
	   2 Input   32 Bit       Adders := 2     
	   3 Input   32 Bit       Adders := 3     
	   2 Input    8 Bit       Adders := 5     
	   4 Input    8 Bit       Adders := 2     
	   5 Input    8 Bit       Adders := 2     
	   3 Input    8 Bit       Adders := 1     
	   2 Input    2 Bit       Adders := 2     
	   2 Input    1 Bit       Adders := 3     
+---Registers : 
	               32 Bit    Registers := 11    
	                4 Bit    Registers := 4     
	                1 Bit    Registers := 11    
+---RAMs : 
	               96 Bit	(3 X 32 bit)          RAMs := 1     
	               64 Bit	(2 X 32 bit)          RAMs := 1     
+---Muxes : 
	  10 Input   32 Bit        Muxes := 1     
	   2 Input   32 Bit        Muxes := 8     
	   3 Input   32 Bit        Muxes := 1     
	   2 Input   24 Bit        Muxes := 1     
	   2 Input   16 Bit        Muxes := 1     
	   2 Input    8 Bit        Muxes := 2     
	  11 Input    4 Bit        Muxes := 1     
	   4 Input    4 Bit        Muxes := 1     
	   2 Input    2 Bit        Muxes := 3     
	  10 Input    2 Bit        Muxes := 2     
	  10 Input    1 Bit        Muxes := 12    
	   2 Input    1 Bit        Muxes := 9     
	   3 Input    1 Bit        Muxes := 2     
	   4 Input    1 Bit        Muxes := 1     
---------------------------------------------------------------------------------
Finished RTL Component Statistics 
---------------------------------------------------------------------------------
---------------------------------------------------------------------------------
Start Part Resource Summary
---------------------------------------------------------------------------------
Part Resources:
DSPs: 220 (col length:60)
BRAMs: 280 (col length: RAMB18 60 RAMB36 30)
---------------------------------------------------------------------------------
Finished Part Resource Summary
---------------------------------------------------------------------------------
---------------------------------------------------------------------------------
Start Cross Boundary and Area Optimization
---------------------------------------------------------------------------------
---------------------------------------------------------------------------------
Finished Cross Boundary and Area Optimization : Time (s): cpu = 00:00:17 ; elapsed = 00:00:27 . Memory (MB): peak = 2465.641 ; gain = 96.867 ; free physical = 7850 ; free virtual = 13256
---------------------------------------------------------------------------------
---------------------------------------------------------------------------------
Start ROM, RAM, DSP, Shift Register and Retiming Reporting
---------------------------------------------------------------------------------

Distributed RAM: Preliminary Mapping	Report (see note below)
+----------------------------------------------+-------------------+-----------+----------------------+----------------+
|Module Name                                   | RTL Object        | Inference | Size (Depth x Width) | Primitives     | 
+----------------------------------------------+-------------------+-----------+----------------------+----------------+
|Mayo_sign_with_zynq_mayo_reduce_extension_0_1 | U0/orig_input_reg | Implied   | 2 x 32               | RAM16X1S x 32	 | 
|Mayo_sign_with_zynq_mayo_reduce_extension_0_1 | U0/input_coef_reg | Implied   | 4 x 32               | RAM16X1D x 32	 | 
+----------------------------------------------+-------------------+-----------+----------------------+----------------+

Note: The table above is a preliminary report that shows the Distributed RAMs at the current stage of the synthesis flow. Some Distributed RAMs may be reimplemented as non Distributed RAM primitives later in the synthesis flow. Multiple instantiated RAMs are reported only once.
---------------------------------------------------------------------------------
Finished ROM, RAM, DSP, Shift Register and Retiming Reporting
---------------------------------------------------------------------------------
---------------------------------------------------------------------------------
Start Applying XDC Timing Constraints
---------------------------------------------------------------------------------
---------------------------------------------------------------------------------
Finished Applying XDC Timing Constraints : Time (s): cpu = 00:00:23 ; elapsed = 00:00:34 . Memory (MB): peak = 2465.641 ; gain = 96.867 ; free physical = 6519 ; free virtual = 11925
---------------------------------------------------------------------------------
---------------------------------------------------------------------------------
Start Timing Optimization
---------------------------------------------------------------------------------
---------------------------------------------------------------------------------
Finished Timing Optimization : Time (s): cpu = 00:00:23 ; elapsed = 00:00:34 . Memory (MB): peak = 2465.641 ; gain = 96.867 ; free physical = 6514 ; free virtual = 11920
---------------------------------------------------------------------------------
---------------------------------------------------------------------------------
Start ROM, RAM, DSP, Shift Register and Retiming Reporting
---------------------------------------------------------------------------------

Distributed RAM: Final Mapping	Report
+----------------------------------------------+-------------------+-----------+----------------------+----------------+
|Module Name                                   | RTL Object        | Inference | Size (Depth x Width) | Primitives     | 
+----------------------------------------------+-------------------+-----------+----------------------+----------------+
|Mayo_sign_with_zynq_mayo_reduce_extension_0_1 | U0/orig_input_reg | Implied   | 2 x 32               | RAM16X1S x 32	 | 
|Mayo_sign_with_zynq_mayo_reduce_extension_0_1 | U0/input_coef_reg | Implied   | 4 x 32               | RAM16X1D x 32	 | 
+----------------------------------------------+-------------------+-----------+----------------------+----------------+

---------------------------------------------------------------------------------
Finished ROM, RAM, DSP, Shift Register and Retiming Reporting
---------------------------------------------------------------------------------
---------------------------------------------------------------------------------
Start Technology Mapping
---------------------------------------------------------------------------------
---------------------------------------------------------------------------------
Finished Technology Mapping : Time (s): cpu = 00:00:23 ; elapsed = 00:00:35 . Memory (MB): peak = 2465.641 ; gain = 96.867 ; free physical = 6598 ; free virtual = 12004
---------------------------------------------------------------------------------
---------------------------------------------------------------------------------
Start IO Insertion
---------------------------------------------------------------------------------
---------------------------------------------------------------------------------
Start Flattening Before IO Insertion
---------------------------------------------------------------------------------
---------------------------------------------------------------------------------
Finished Flattening Before IO Insertion
---------------------------------------------------------------------------------
---------------------------------------------------------------------------------
Start Final Netlist Cleanup
---------------------------------------------------------------------------------
---------------------------------------------------------------------------------
Finished Final Netlist Cleanup
---------------------------------------------------------------------------------
---------------------------------------------------------------------------------
Finished IO Insertion : Time (s): cpu = 00:00:27 ; elapsed = 00:00:38 . Memory (MB): peak = 2465.641 ; gain = 96.867 ; free physical = 8218 ; free virtual = 13627
---------------------------------------------------------------------------------
---------------------------------------------------------------------------------
Start Renaming Generated Instances
---------------------------------------------------------------------------------
---------------------------------------------------------------------------------
Finished Renaming Generated Instances : Time (s): cpu = 00:00:27 ; elapsed = 00:00:38 . Memory (MB): peak = 2465.641 ; gain = 96.867 ; free physical = 8216 ; free virtual = 13625
---------------------------------------------------------------------------------
---------------------------------------------------------------------------------
Start Rebuilding User Hierarchy
---------------------------------------------------------------------------------
---------------------------------------------------------------------------------
Finished Rebuilding User Hierarchy : Time (s): cpu = 00:00:27 ; elapsed = 00:00:39 . Memory (MB): peak = 2465.641 ; gain = 96.867 ; free physical = 8195 ; free virtual = 13604
---------------------------------------------------------------------------------
---------------------------------------------------------------------------------
Start Renaming Generated Ports
---------------------------------------------------------------------------------
---------------------------------------------------------------------------------
Finished Renaming Generated Ports : Time (s): cpu = 00:00:27 ; elapsed = 00:00:39 . Memory (MB): peak = 2465.641 ; gain = 96.867 ; free physical = 8191 ; free virtual = 13599
---------------------------------------------------------------------------------
---------------------------------------------------------------------------------
Start Handling Custom Attributes
---------------------------------------------------------------------------------
---------------------------------------------------------------------------------
Finished Handling Custom Attributes : Time (s): cpu = 00:00:27 ; elapsed = 00:00:39 . Memory (MB): peak = 2465.641 ; gain = 96.867 ; free physical = 8182 ; free virtual = 13591
---------------------------------------------------------------------------------
---------------------------------------------------------------------------------
Start Renaming Generated Nets
---------------------------------------------------------------------------------
---------------------------------------------------------------------------------
Finished Renaming Generated Nets : Time (s): cpu = 00:00:27 ; elapsed = 00:00:39 . Memory (MB): peak = 2465.641 ; gain = 96.867 ; free physical = 8178 ; free virtual = 13587
---------------------------------------------------------------------------------
---------------------------------------------------------------------------------
Start Writing Synthesis Report
---------------------------------------------------------------------------------

Report BlackBoxes: 
+-+--------------+----------+
| |BlackBox name |Instances |
+-+--------------+----------+
+-+--------------+----------+

Report Cell Usage: 
+------+---------+------+
|      |Cell     |Count |
+------+---------+------+
|1     |CARRY4   |    96|
|2     |LUT1     |    80|
|3     |LUT2     |   291|
|4     |LUT3     |    90|
|5     |LUT4     |   135|
|6     |LUT5     |    58|
|7     |LUT6     |    59|
|8     |RAM16X1D |    32|
|9     |RAM16X1S |    32|
|10    |FDRE     |   329|
|11    |FDSE     |     9|
+------+---------+------+
---------------------------------------------------------------------------------
Finished Writing Synthesis Report : Time (s): cpu = 00:00:27 ; elapsed = 00:00:39 . Memory (MB): peak = 2465.641 ; gain = 96.867 ; free physical = 8176 ; free virtual = 13585
---------------------------------------------------------------------------------
Synthesis finished with 0 errors, 0 critical warnings and 0 warnings.
Synthesis Optimization Runtime : Time (s): cpu = 00:00:25 ; elapsed = 00:00:36 . Memory (MB): peak = 2465.641 ; gain = 0.000 ; free physical = 8176 ; free virtual = 13585
Synthesis Optimization Complete : Time (s): cpu = 00:00:27 ; elapsed = 00:00:39 . Memory (MB): peak = 2465.641 ; gain = 96.867 ; free physical = 8174 ; free virtual = 13583
INFO: [Project 1-571] Translating synthesized netlist
Netlist sorting complete. Time (s): cpu = 00:00:00.01 ; elapsed = 00:00:00.01 . Memory (MB): peak = 2465.641 ; gain = 0.000 ; free physical = 8253 ; free virtual = 13662
INFO: [Netlist 29-17] Analyzing 160 Unisim elements for replacement
INFO: [Netlist 29-28] Unisim Transformation completed in 0 CPU seconds
WARNING: [Netlist 29-101] Netlist 'Mayo_sign_with_zynq_mayo_reduce_extension_0_1' is not ideal for floorplanning, since the cellview 'mayo_reduce_extension' contains a large number of primitives.  Please consider enabling hierarchy in synthesis if you want to do floorplanning.
INFO: [Project 1-570] Preparing netlist for logic optimization
INFO: [Opt 31-138] Pushed 0 inverter(s) to 0 load pin(s).
Netlist sorting complete. Time (s): cpu = 00:00:00 ; elapsed = 00:00:00 . Memory (MB): peak = 2465.641 ; gain = 0.000 ; free physical = 8923 ; free virtual = 14337
INFO: [Project 1-111] Unisim Transformation Summary:
  A total of 64 instances were transformed.
  RAM16X1D => RAM32X1D (RAMD32(x2)): 32 instances
  RAM16X1S => RAM32X1S (RAMS32): 32 instances

INFO: [Common 17-83] Releasing license: Synthesis
26 Infos, 1 Warnings, 0 Critical Warnings and 0 Errors encountered.
synth_design completed successfully
synth_design: Time (s): cpu = 00:00:37 ; elapsed = 00:00:45 . Memory (MB): peak = 2465.641 ; gain = 96.867 ; free physical = 9043 ; free virtual = 14449
INFO: [Common 17-1381] The checkpoint '/home/osm/Documents/Sect/SECT-MAYO/MAYO/vivado/hw-mayo/hw-mayo.runs/Mayo_sign_with_zynq_mayo_reduce_extension_0_1_synth_1/Mayo_sign_with_zynq_mayo_reduce_extension_0_1.dcp' has been generated.
INFO: [Common 17-1381] The checkpoint '/home/osm/Documents/Sect/SECT-MAYO/MAYO/vivado/hw-mayo/hw-mayo.runs/Mayo_sign_with_zynq_mayo_reduce_extension_0_1_synth_1/Mayo_sign_with_zynq_mayo_reduce_extension_0_1.dcp' has been generated.
INFO: [runtcl-4] Executing : report_utilization -file Mayo_sign_with_zynq_mayo_reduce_extension_0_1_utilization_synth.rpt -pb Mayo_sign_with_zynq_mayo_reduce_extension_0_1_utilization_synth.pb
INFO: [Common 17-206] Exiting Vivado at Sat Dec  9 16:22:25 2023...
