
*** Running vivado
    with args -log Mayo_sign_mayo_bram_arbiter2_0_3.vds -m64 -product Vivado -mode batch -messageDb vivado.pb -notrace -source Mayo_sign_mayo_bram_arbiter2_0_3.tcl


****** Vivado v2020.2 (64-bit)
  **** SW Build 3064766 on Wed Nov 18 09:12:47 MST 2020
  **** IP Build 3064653 on Wed Nov 18 14:17:31 MST 2020
    ** Copyright 1986-2020 Xilinx, Inc. All Rights Reserved.

source Mayo_sign_mayo_bram_arbiter2_0_3.tcl -notrace
INFO: [IP_Flow 19-234] Refreshing IP repositories
INFO: [IP_Flow 19-1700] Loaded user IP repository '/home/osm/Documents/Sect/SECT-MAYO/MAYO/vivado/ip_repo/mayo_axi_litev3/mayo_axi_litev3_3'.
INFO: [IP_Flow 19-1700] Loaded user IP repository '/home/osm/Documents/Sect/SECT-MAYO/MAYO/vivado/ip_repo/mayo-axi/Mayo_axi_1.0'.
INFO: [IP_Flow 19-1700] Loaded user IP repository '/home/osm/Documents/Sect/SECT-MAYO/MAYO/vivado/TRNG_project/TRNG_project.srcs'.
INFO: [IP_Flow 19-1700] Loaded user IP repository '/home/osm/Documents/Sect/SECT-MAYO/MAYO/vivado/ip_repo/shake128'.
INFO: [IP_Flow 19-1700] Loaded user IP repository '/home/osm/Documents/Sect/SECT-MAYO/MAYO/vivado/ip_repo/INTERFACES'.
INFO: [IP_Flow 19-2313] Loaded Vivado IP repository '/tools/Xilinx/Vivado/2020.2/data/ip'.
Command: synth_design -top Mayo_sign_mayo_bram_arbiter2_0_3 -part xc7z020clg484-1 -mode out_of_context
Starting synth_design
WARNING: [IP_Flow 19-3571] IP 'Mayo_sign_mayo_bram_arbiter2_0_3' is restricted:
* Module reference is stale and needs refreshing.
Attempting to get a license for feature 'Synthesis' and/or device 'xc7z020'
INFO: [Common 17-349] Got license for feature 'Synthesis' and/or device 'xc7z020'
INFO: [Device 21-403] Loading part xc7z020clg484-1
INFO: [Synth 8-7079] Multithreading enabled for synth_design using a maximum of 4 processes.
INFO: [Synth 8-7078] Launching helper process for spawning children vivado processes
INFO: [Synth 8-7075] Helper process launched with PID 3136499
---------------------------------------------------------------------------------
Starting RTL Elaboration : Time (s): cpu = 00:00:04 ; elapsed = 00:00:09 . Memory (MB): peak = 2352.926 ; gain = 0.000 ; free physical = 4329 ; free virtual = 11037
---------------------------------------------------------------------------------
INFO: [Synth 8-638] synthesizing module 'Mayo_sign_mayo_bram_arbiter2_0_3' [/home/osm/Documents/Sect/SECT-MAYO/MAYO/vivado/hw-mayo/hw-mayo.gen/sources_1/bd/Mayo_sign/ip/Mayo_sign_mayo_bram_arbiter2_0_3/synth/Mayo_sign_mayo_bram_arbiter2_0_3.vhd:165]
INFO: [Synth 8-3491] module 'mayo_bram_arbiter2' declared at '/home/osm/Documents/Sect/SECT-MAYO/MAYO/src/hdl/MAYO_Signing/MAYO_BRAM_Arbiter2.vhd:31' bound to instance 'U0' of component 'mayo_bram_arbiter2' [/home/osm/Documents/Sect/SECT-MAYO/MAYO/vivado/hw-mayo/hw-mayo.gen/sources_1/bd/Mayo_sign/ip/Mayo_sign_mayo_bram_arbiter2_0_3/synth/Mayo_sign_mayo_bram_arbiter2_0_3.vhd:390]
INFO: [Synth 8-638] synthesizing module 'mayo_bram_arbiter2' [/home/osm/Documents/Sect/SECT-MAYO/MAYO/src/hdl/MAYO_Signing/MAYO_BRAM_Arbiter2.vhd:157]
INFO: [Synth 8-256] done synthesizing module 'mayo_bram_arbiter2' (1#1) [/home/osm/Documents/Sect/SECT-MAYO/MAYO/src/hdl/MAYO_Signing/MAYO_BRAM_Arbiter2.vhd:157]
INFO: [Synth 8-256] done synthesizing module 'Mayo_sign_mayo_bram_arbiter2_0_3' (2#1) [/home/osm/Documents/Sect/SECT-MAYO/MAYO/vivado/hw-mayo/hw-mayo.gen/sources_1/bd/Mayo_sign/ip/Mayo_sign_mayo_bram_arbiter2_0_3/synth/Mayo_sign_mayo_bram_arbiter2_0_3.vhd:165]
---------------------------------------------------------------------------------
Finished RTL Elaboration : Time (s): cpu = 00:00:05 ; elapsed = 00:00:13 . Memory (MB): peak = 2352.926 ; gain = 0.000 ; free physical = 3178 ; free virtual = 9504
---------------------------------------------------------------------------------
---------------------------------------------------------------------------------
Start Handling Custom Attributes
---------------------------------------------------------------------------------
---------------------------------------------------------------------------------
Finished Handling Custom Attributes : Time (s): cpu = 00:00:05 ; elapsed = 00:00:14 . Memory (MB): peak = 2352.926 ; gain = 0.000 ; free physical = 5328 ; free virtual = 11656
---------------------------------------------------------------------------------
---------------------------------------------------------------------------------
Finished RTL Optimization Phase 1 : Time (s): cpu = 00:00:05 ; elapsed = 00:00:14 . Memory (MB): peak = 2352.926 ; gain = 0.000 ; free physical = 5332 ; free virtual = 11660
---------------------------------------------------------------------------------
Netlist sorting complete. Time (s): cpu = 00:00:00.01 ; elapsed = 00:00:00.01 . Memory (MB): peak = 2352.926 ; gain = 0.000 ; free physical = 5449 ; free virtual = 11777
INFO: [Project 1-570] Preparing netlist for logic optimization

Processing XDC Constraints
Initializing timing engine
Completed Processing XDC Constraints

Netlist sorting complete. Time (s): cpu = 00:00:00 ; elapsed = 00:00:00 . Memory (MB): peak = 2463.793 ; gain = 0.000 ; free physical = 8228 ; free virtual = 14572
INFO: [Project 1-111] Unisim Transformation Summary:
No Unisim elements were transformed.

Constraint Validation Runtime : Time (s): cpu = 00:00:00.07 ; elapsed = 00:00:00.08 . Memory (MB): peak = 2463.793 ; gain = 0.000 ; free physical = 8195 ; free virtual = 14540
---------------------------------------------------------------------------------
Finished Constraint Validation : Time (s): cpu = 00:00:12 ; elapsed = 00:00:23 . Memory (MB): peak = 2463.793 ; gain = 110.867 ; free physical = 7985 ; free virtual = 14333
---------------------------------------------------------------------------------
---------------------------------------------------------------------------------
Start Loading Part and Timing Information
---------------------------------------------------------------------------------
Loading part: xc7z020clg484-1
---------------------------------------------------------------------------------
Finished Loading Part and Timing Information : Time (s): cpu = 00:00:12 ; elapsed = 00:00:23 . Memory (MB): peak = 2463.793 ; gain = 110.867 ; free physical = 7983 ; free virtual = 14332
---------------------------------------------------------------------------------
---------------------------------------------------------------------------------
Start Applying 'set_property' XDC Constraints
---------------------------------------------------------------------------------
---------------------------------------------------------------------------------
Finished applying 'set_property' XDC Constraints : Time (s): cpu = 00:00:12 ; elapsed = 00:00:23 . Memory (MB): peak = 2463.793 ; gain = 110.867 ; free physical = 7983 ; free virtual = 14332
---------------------------------------------------------------------------------
---------------------------------------------------------------------------------
Finished RTL Optimization Phase 2 : Time (s): cpu = 00:00:12 ; elapsed = 00:00:23 . Memory (MB): peak = 2463.793 ; gain = 110.867 ; free physical = 8064 ; free virtual = 14413
---------------------------------------------------------------------------------
---------------------------------------------------------------------------------
Start RTL Component Statistics 
---------------------------------------------------------------------------------
Detailed RTL Component Info : 
+---Muxes : 
	   2 Input   32 Bit        Muxes := 14    
---------------------------------------------------------------------------------
Finished RTL Component Statistics 
---------------------------------------------------------------------------------
---------------------------------------------------------------------------------
Start Part Resource Summary
---------------------------------------------------------------------------------
Part Resources:
DSPs: 220 (col length:60)
BRAMs: 280 (col length: RAMB18 60 RAMB36 30)
---------------------------------------------------------------------------------
Finished Part Resource Summary
---------------------------------------------------------------------------------
---------------------------------------------------------------------------------
Start Cross Boundary and Area Optimization
---------------------------------------------------------------------------------
---------------------------------------------------------------------------------
Finished Cross Boundary and Area Optimization : Time (s): cpu = 00:00:16 ; elapsed = 00:00:27 . Memory (MB): peak = 2463.793 ; gain = 110.867 ; free physical = 7774 ; free virtual = 14183
---------------------------------------------------------------------------------
---------------------------------------------------------------------------------
Start Applying XDC Timing Constraints
---------------------------------------------------------------------------------
---------------------------------------------------------------------------------
Finished Applying XDC Timing Constraints : Time (s): cpu = 00:00:22 ; elapsed = 00:00:34 . Memory (MB): peak = 2463.793 ; gain = 110.867 ; free physical = 6882 ; free virtual = 13295
---------------------------------------------------------------------------------
---------------------------------------------------------------------------------
Start Timing Optimization
---------------------------------------------------------------------------------
---------------------------------------------------------------------------------
Finished Timing Optimization : Time (s): cpu = 00:00:23 ; elapsed = 00:00:34 . Memory (MB): peak = 2463.793 ; gain = 110.867 ; free physical = 6860 ; free virtual = 13273
---------------------------------------------------------------------------------
---------------------------------------------------------------------------------
Start Technology Mapping
---------------------------------------------------------------------------------
---------------------------------------------------------------------------------
Finished Technology Mapping : Time (s): cpu = 00:00:23 ; elapsed = 00:00:35 . Memory (MB): peak = 2463.793 ; gain = 110.867 ; free physical = 6830 ; free virtual = 13243
---------------------------------------------------------------------------------
---------------------------------------------------------------------------------
Start IO Insertion
---------------------------------------------------------------------------------
---------------------------------------------------------------------------------
Start Flattening Before IO Insertion
---------------------------------------------------------------------------------
---------------------------------------------------------------------------------
Finished Flattening Before IO Insertion
---------------------------------------------------------------------------------
---------------------------------------------------------------------------------
Start Final Netlist Cleanup
---------------------------------------------------------------------------------
---------------------------------------------------------------------------------
Finished Final Netlist Cleanup
---------------------------------------------------------------------------------
---------------------------------------------------------------------------------
Finished IO Insertion : Time (s): cpu = 00:00:26 ; elapsed = 00:00:39 . Memory (MB): peak = 2463.793 ; gain = 110.867 ; free physical = 6955 ; free virtual = 13370
---------------------------------------------------------------------------------
---------------------------------------------------------------------------------
Start Renaming Generated Instances
---------------------------------------------------------------------------------
---------------------------------------------------------------------------------
Finished Renaming Generated Instances : Time (s): cpu = 00:00:26 ; elapsed = 00:00:39 . Memory (MB): peak = 2463.793 ; gain = 110.867 ; free physical = 6954 ; free virtual = 13369
---------------------------------------------------------------------------------
---------------------------------------------------------------------------------
Start Rebuilding User Hierarchy
---------------------------------------------------------------------------------
---------------------------------------------------------------------------------
Finished Rebuilding User Hierarchy : Time (s): cpu = 00:00:27 ; elapsed = 00:00:39 . Memory (MB): peak = 2463.793 ; gain = 110.867 ; free physical = 6951 ; free virtual = 13366
---------------------------------------------------------------------------------
---------------------------------------------------------------------------------
Start Renaming Generated Ports
---------------------------------------------------------------------------------
---------------------------------------------------------------------------------
Finished Renaming Generated Ports : Time (s): cpu = 00:00:27 ; elapsed = 00:00:39 . Memory (MB): peak = 2463.793 ; gain = 110.867 ; free physical = 6949 ; free virtual = 13364
---------------------------------------------------------------------------------
---------------------------------------------------------------------------------
Start Handling Custom Attributes
---------------------------------------------------------------------------------
---------------------------------------------------------------------------------
Finished Handling Custom Attributes : Time (s): cpu = 00:00:27 ; elapsed = 00:00:39 . Memory (MB): peak = 2463.793 ; gain = 110.867 ; free physical = 6938 ; free virtual = 13353
---------------------------------------------------------------------------------
---------------------------------------------------------------------------------
Start Renaming Generated Nets
---------------------------------------------------------------------------------
---------------------------------------------------------------------------------
Finished Renaming Generated Nets : Time (s): cpu = 00:00:27 ; elapsed = 00:00:39 . Memory (MB): peak = 2463.793 ; gain = 110.867 ; free physical = 6934 ; free virtual = 13349
---------------------------------------------------------------------------------
---------------------------------------------------------------------------------
Start Writing Synthesis Report
---------------------------------------------------------------------------------

Report BlackBoxes: 
+-+--------------+----------+
| |BlackBox name |Instances |
+-+--------------+----------+
+-+--------------+----------+

Report Cell Usage: 
+------+-----+------+
|      |Cell |Count |
+------+-----+------+
|1     |LUT2 |   449|
|2     |LUT3 |     2|
|3     |LUT4 |    12|
|4     |LUT5 |    77|
|5     |LUT6 |   374|
+------+-----+------+
---------------------------------------------------------------------------------
Finished Writing Synthesis Report : Time (s): cpu = 00:00:27 ; elapsed = 00:00:39 . Memory (MB): peak = 2463.793 ; gain = 110.867 ; free physical = 6931 ; free virtual = 13346
---------------------------------------------------------------------------------
Synthesis finished with 0 errors, 0 critical warnings and 0 warnings.
Synthesis Optimization Runtime : Time (s): cpu = 00:00:24 ; elapsed = 00:00:36 . Memory (MB): peak = 2463.793 ; gain = 0.000 ; free physical = 7043 ; free virtual = 13457
Synthesis Optimization Complete : Time (s): cpu = 00:00:27 ; elapsed = 00:00:39 . Memory (MB): peak = 2463.793 ; gain = 110.867 ; free physical = 7042 ; free virtual = 13457
INFO: [Project 1-571] Translating synthesized netlist
Netlist sorting complete. Time (s): cpu = 00:00:00.01 ; elapsed = 00:00:00.01 . Memory (MB): peak = 2463.793 ; gain = 0.000 ; free physical = 7355 ; free virtual = 13766
INFO: [Project 1-570] Preparing netlist for logic optimization
INFO: [Opt 31-138] Pushed 0 inverter(s) to 0 load pin(s).
Netlist sorting complete. Time (s): cpu = 00:00:00 ; elapsed = 00:00:00 . Memory (MB): peak = 2463.793 ; gain = 0.000 ; free physical = 7213 ; free virtual = 13624
INFO: [Project 1-111] Unisim Transformation Summary:
No Unisim elements were transformed.

INFO: [Common 17-83] Releasing license: Synthesis
24 Infos, 1 Warnings, 0 Critical Warnings and 0 Errors encountered.
synth_design completed successfully
synth_design: Time (s): cpu = 00:00:36 ; elapsed = 00:00:47 . Memory (MB): peak = 2463.793 ; gain = 110.867 ; free physical = 7396 ; free virtual = 13807
INFO: [Common 17-1381] The checkpoint '/home/osm/Documents/Sect/SECT-MAYO/MAYO/vivado/hw-mayo/hw-mayo.runs/Mayo_sign_mayo_bram_arbiter2_0_3_synth_1/Mayo_sign_mayo_bram_arbiter2_0_3.dcp' has been generated.
WARNING: [Common 17-576] 'use_project_ipc' is deprecated. This option is deprecated and no longer used.
INFO: [Common 17-1381] The checkpoint '/home/osm/Documents/Sect/SECT-MAYO/MAYO/vivado/hw-mayo/hw-mayo.runs/Mayo_sign_mayo_bram_arbiter2_0_3_synth_1/Mayo_sign_mayo_bram_arbiter2_0_3.dcp' has been generated.
INFO: [runtcl-4] Executing : report_utilization -file Mayo_sign_mayo_bram_arbiter2_0_3_utilization_synth.rpt -pb Mayo_sign_mayo_bram_arbiter2_0_3_utilization_synth.pb
INFO: [Common 17-206] Exiting Vivado at Sun Nov 12 18:18:13 2023...
