
*** Running vivado
    with args -log Mayo_sign_with_zynq_mayo_negate_0_1.vds -m64 -product Vivado -mode batch -messageDb vivado.pb -notrace -source Mayo_sign_with_zynq_mayo_negate_0_1.tcl


****** Vivado v2020.2 (64-bit)
  **** SW Build 3064766 on Wed Nov 18 09:12:47 MST 2020
  **** IP Build 3064653 on Wed Nov 18 14:17:31 MST 2020
    ** Copyright 1986-2020 Xilinx, Inc. All Rights Reserved.

source Mayo_sign_with_zynq_mayo_negate_0_1.tcl -notrace
INFO: [IP_Flow 19-234] Refreshing IP repositories
INFO: [IP_Flow 19-1700] Loaded user IP repository '/home/osm/Documents/Sect/SECT-MAYO/MAYO/vivado/ip_repo/mayo_axi_litev3/mayo_axi_litev3_3'.
INFO: [IP_Flow 19-1700] Loaded user IP repository '/home/osm/Documents/Sect/SECT-MAYO/MAYO/vivado/ip_repo/mayo-axi/Mayo_axi_1.0'.
INFO: [IP_Flow 19-1700] Loaded user IP repository '/home/osm/Documents/Sect/SECT-MAYO/MAYO/vivado/ip_repo/INTERFACES'.
INFO: [IP_Flow 19-2313] Loaded Vivado IP repository '/tools/Xilinx/Vivado/2020.2/data/ip'.
Command: synth_design -top Mayo_sign_with_zynq_mayo_negate_0_1 -part xc7z020clg484-1 -mode out_of_context
Starting synth_design
Attempting to get a license for feature 'Synthesis' and/or device 'xc7z020'
INFO: [Common 17-349] Got license for feature 'Synthesis' and/or device 'xc7z020'
INFO: [Device 21-403] Loading part xc7z020clg484-1
INFO: [Synth 8-7079] Multithreading enabled for synth_design using a maximum of 4 processes.
INFO: [Synth 8-7078] Launching helper process for spawning children vivado processes
INFO: [Synth 8-7075] Helper process launched with PID 425222
---------------------------------------------------------------------------------
Starting RTL Elaboration : Time (s): cpu = 00:00:04 ; elapsed = 00:00:09 . Memory (MB): peak = 2367.773 ; gain = 0.000 ; free physical = 7692 ; free virtual = 13114
---------------------------------------------------------------------------------
INFO: [Synth 8-638] synthesizing module 'Mayo_sign_with_zynq_mayo_negate_0_1' [/home/osm/Documents/Sect/SECT-MAYO/MAYO/vivado/hw-mayo/hw-mayo.gen/sources_1/bd/Mayo_sign_with_zynq/ip/Mayo_sign_with_zynq_mayo_negate_0_1/synth/Mayo_sign_with_zynq_mayo_negate_0_1.vhd:74]
	Parameter BRAM_SIZE bound to: 32 - type: integer 
INFO: [Synth 8-3491] module 'mayo_negate' declared at '/home/osm/Documents/Sect/SECT-MAYO/MAYO/vivado/hw-mayo/hw-mayo.srcs/sources_1/imports/MAYO/src/hdl/MAYO_Keygen/MAYO_negate.vhd:31' bound to instance 'U0' of component 'mayo_negate' [/home/osm/Documents/Sect/SECT-MAYO/MAYO/vivado/hw-mayo/hw-mayo.gen/sources_1/bd/Mayo_sign_with_zynq/ip/Mayo_sign_with_zynq_mayo_negate_0_1/synth/Mayo_sign_with_zynq_mayo_negate_0_1.vhd:119]
INFO: [Synth 8-638] synthesizing module 'mayo_negate' [/home/osm/Documents/Sect/SECT-MAYO/MAYO/vivado/hw-mayo/hw-mayo.srcs/sources_1/imports/MAYO/src/hdl/MAYO_Keygen/MAYO_negate.vhd:52]
	Parameter BRAM_SIZE bound to: 32 - type: integer 
INFO: [Synth 8-256] done synthesizing module 'mayo_negate' (1#1) [/home/osm/Documents/Sect/SECT-MAYO/MAYO/vivado/hw-mayo/hw-mayo.srcs/sources_1/imports/MAYO/src/hdl/MAYO_Keygen/MAYO_negate.vhd:52]
INFO: [Synth 8-256] done synthesizing module 'Mayo_sign_with_zynq_mayo_negate_0_1' (2#1) [/home/osm/Documents/Sect/SECT-MAYO/MAYO/vivado/hw-mayo/hw-mayo.gen/sources_1/bd/Mayo_sign_with_zynq/ip/Mayo_sign_with_zynq_mayo_negate_0_1/synth/Mayo_sign_with_zynq_mayo_negate_0_1.vhd:74]
---------------------------------------------------------------------------------
Finished RTL Elaboration : Time (s): cpu = 00:00:05 ; elapsed = 00:00:12 . Memory (MB): peak = 2367.773 ; gain = 0.000 ; free physical = 7298 ; free virtual = 12720
---------------------------------------------------------------------------------
---------------------------------------------------------------------------------
Start Handling Custom Attributes
---------------------------------------------------------------------------------
---------------------------------------------------------------------------------
Finished Handling Custom Attributes : Time (s): cpu = 00:00:05 ; elapsed = 00:00:13 . Memory (MB): peak = 2367.773 ; gain = 0.000 ; free physical = 7570 ; free virtual = 12999
---------------------------------------------------------------------------------
---------------------------------------------------------------------------------
Finished RTL Optimization Phase 1 : Time (s): cpu = 00:00:05 ; elapsed = 00:00:13 . Memory (MB): peak = 2367.773 ; gain = 0.000 ; free physical = 7569 ; free virtual = 12997
---------------------------------------------------------------------------------
Netlist sorting complete. Time (s): cpu = 00:00:00.01 ; elapsed = 00:00:00.01 . Memory (MB): peak = 2367.773 ; gain = 0.000 ; free physical = 7722 ; free virtual = 13150
INFO: [Project 1-570] Preparing netlist for logic optimization

Processing XDC Constraints
Initializing timing engine
Completed Processing XDC Constraints

Netlist sorting complete. Time (s): cpu = 00:00:00 ; elapsed = 00:00:00 . Memory (MB): peak = 2456.641 ; gain = 0.000 ; free physical = 7816 ; free virtual = 13244
INFO: [Project 1-111] Unisim Transformation Summary:
No Unisim elements were transformed.

Constraint Validation Runtime : Time (s): cpu = 00:00:00.02 ; elapsed = 00:00:00.05 . Memory (MB): peak = 2456.641 ; gain = 0.000 ; free physical = 7804 ; free virtual = 13232
---------------------------------------------------------------------------------
Finished Constraint Validation : Time (s): cpu = 00:00:12 ; elapsed = 00:00:24 . Memory (MB): peak = 2456.641 ; gain = 88.867 ; free physical = 9525 ; free virtual = 14951
---------------------------------------------------------------------------------
---------------------------------------------------------------------------------
Start Loading Part and Timing Information
---------------------------------------------------------------------------------
Loading part: xc7z020clg484-1
---------------------------------------------------------------------------------
Finished Loading Part and Timing Information : Time (s): cpu = 00:00:12 ; elapsed = 00:00:24 . Memory (MB): peak = 2456.641 ; gain = 88.867 ; free physical = 9534 ; free virtual = 14960
---------------------------------------------------------------------------------
---------------------------------------------------------------------------------
Start Applying 'set_property' XDC Constraints
---------------------------------------------------------------------------------
---------------------------------------------------------------------------------
Finished applying 'set_property' XDC Constraints : Time (s): cpu = 00:00:12 ; elapsed = 00:00:24 . Memory (MB): peak = 2456.641 ; gain = 88.867 ; free physical = 9530 ; free virtual = 14956
---------------------------------------------------------------------------------
INFO: [Synth 8-802] inferred FSM for state register 't_state_reg' in module 'mayo_negate'
---------------------------------------------------------------------------------------------------
                   State |                     New Encoding |                Previous Encoding 
---------------------------------------------------------------------------------------------------
                    idle |                              000 |                              000
                   read1 |                              001 |                              001
                   read3 |                              010 |                              011
                   read2 |                              011 |                              010
                  write1 |                              100 |                              100
                  write2 |                              101 |                              101
                    done |                              110 |                              110
---------------------------------------------------------------------------------------------------
INFO: [Synth 8-3354] encoded FSM with state register 't_state_reg' using encoding 'sequential' in module 'mayo_negate'
---------------------------------------------------------------------------------
Finished RTL Optimization Phase 2 : Time (s): cpu = 00:00:12 ; elapsed = 00:00:25 . Memory (MB): peak = 2456.641 ; gain = 88.867 ; free physical = 9646 ; free virtual = 15075
---------------------------------------------------------------------------------
---------------------------------------------------------------------------------
Start RTL Component Statistics 
---------------------------------------------------------------------------------
Detailed RTL Component Info : 
+---Adders : 
	   2 Input   32 Bit       Adders := 2     
	   2 Input   31 Bit       Adders := 1     
	   2 Input    8 Bit       Adders := 8     
+---Registers : 
	               32 Bit    Registers := 2     
	               31 Bit    Registers := 2     
	                4 Bit    Registers := 1     
	                1 Bit    Registers := 4     
+---Muxes : 
	   2 Input   32 Bit        Muxes := 5     
	   7 Input   32 Bit        Muxes := 2     
	   2 Input   31 Bit        Muxes := 4     
	   7 Input   31 Bit        Muxes := 1     
	   2 Input    8 Bit        Muxes := 4     
	   7 Input    4 Bit        Muxes := 1     
	   7 Input    3 Bit        Muxes := 1     
	   2 Input    3 Bit        Muxes := 2     
	   7 Input    1 Bit        Muxes := 12    
---------------------------------------------------------------------------------
Finished RTL Component Statistics 
---------------------------------------------------------------------------------
---------------------------------------------------------------------------------
Start Part Resource Summary
---------------------------------------------------------------------------------
Part Resources:
DSPs: 220 (col length:60)
BRAMs: 280 (col length: RAMB18 60 RAMB36 30)
---------------------------------------------------------------------------------
Finished Part Resource Summary
---------------------------------------------------------------------------------
---------------------------------------------------------------------------------
Start Cross Boundary and Area Optimization
---------------------------------------------------------------------------------
---------------------------------------------------------------------------------
Finished Cross Boundary and Area Optimization : Time (s): cpu = 00:00:15 ; elapsed = 00:00:29 . Memory (MB): peak = 2456.641 ; gain = 88.867 ; free physical = 9366 ; free virtual = 14818
---------------------------------------------------------------------------------
---------------------------------------------------------------------------------
Start Applying XDC Timing Constraints
---------------------------------------------------------------------------------
---------------------------------------------------------------------------------
Finished Applying XDC Timing Constraints : Time (s): cpu = 00:00:21 ; elapsed = 00:00:39 . Memory (MB): peak = 2456.641 ; gain = 88.867 ; free physical = 9244 ; free virtual = 14718
---------------------------------------------------------------------------------
---------------------------------------------------------------------------------
Start Timing Optimization
---------------------------------------------------------------------------------
---------------------------------------------------------------------------------
Finished Timing Optimization : Time (s): cpu = 00:00:22 ; elapsed = 00:00:40 . Memory (MB): peak = 2456.641 ; gain = 88.867 ; free physical = 9221 ; free virtual = 14694
---------------------------------------------------------------------------------
---------------------------------------------------------------------------------
Start Technology Mapping
---------------------------------------------------------------------------------
---------------------------------------------------------------------------------
Finished Technology Mapping : Time (s): cpu = 00:00:22 ; elapsed = 00:00:40 . Memory (MB): peak = 2456.641 ; gain = 88.867 ; free physical = 8823 ; free virtual = 14297
---------------------------------------------------------------------------------
---------------------------------------------------------------------------------
Start IO Insertion
---------------------------------------------------------------------------------
---------------------------------------------------------------------------------
Start Flattening Before IO Insertion
---------------------------------------------------------------------------------
---------------------------------------------------------------------------------
Finished Flattening Before IO Insertion
---------------------------------------------------------------------------------
---------------------------------------------------------------------------------
Start Final Netlist Cleanup
---------------------------------------------------------------------------------
---------------------------------------------------------------------------------
Finished Final Netlist Cleanup
---------------------------------------------------------------------------------
---------------------------------------------------------------------------------
Finished IO Insertion : Time (s): cpu = 00:00:25 ; elapsed = 00:00:44 . Memory (MB): peak = 2456.641 ; gain = 88.867 ; free physical = 8900 ; free virtual = 14374
---------------------------------------------------------------------------------
---------------------------------------------------------------------------------
Start Renaming Generated Instances
---------------------------------------------------------------------------------
---------------------------------------------------------------------------------
Finished Renaming Generated Instances : Time (s): cpu = 00:00:25 ; elapsed = 00:00:44 . Memory (MB): peak = 2456.641 ; gain = 88.867 ; free physical = 8899 ; free virtual = 14373
---------------------------------------------------------------------------------
---------------------------------------------------------------------------------
Start Rebuilding User Hierarchy
---------------------------------------------------------------------------------
---------------------------------------------------------------------------------
Finished Rebuilding User Hierarchy : Time (s): cpu = 00:00:25 ; elapsed = 00:00:44 . Memory (MB): peak = 2456.641 ; gain = 88.867 ; free physical = 8889 ; free virtual = 14363
---------------------------------------------------------------------------------
---------------------------------------------------------------------------------
Start Renaming Generated Ports
---------------------------------------------------------------------------------
---------------------------------------------------------------------------------
Finished Renaming Generated Ports : Time (s): cpu = 00:00:25 ; elapsed = 00:00:44 . Memory (MB): peak = 2456.641 ; gain = 88.867 ; free physical = 8888 ; free virtual = 14362
---------------------------------------------------------------------------------
---------------------------------------------------------------------------------
Start Handling Custom Attributes
---------------------------------------------------------------------------------
---------------------------------------------------------------------------------
Finished Handling Custom Attributes : Time (s): cpu = 00:00:25 ; elapsed = 00:00:44 . Memory (MB): peak = 2456.641 ; gain = 88.867 ; free physical = 8872 ; free virtual = 14347
---------------------------------------------------------------------------------
---------------------------------------------------------------------------------
Start Renaming Generated Nets
---------------------------------------------------------------------------------
---------------------------------------------------------------------------------
Finished Renaming Generated Nets : Time (s): cpu = 00:00:25 ; elapsed = 00:00:44 . Memory (MB): peak = 2456.641 ; gain = 88.867 ; free physical = 8861 ; free virtual = 14335
---------------------------------------------------------------------------------
---------------------------------------------------------------------------------
Start Writing Synthesis Report
---------------------------------------------------------------------------------

Report BlackBoxes: 
+-+--------------+----------+
| |BlackBox name |Instances |
+-+--------------+----------+
+-+--------------+----------+

Report Cell Usage: 
+------+-------+------+
|      |Cell   |Count |
+------+-------+------+
|1     |CARRY4 |    44|
|2     |LUT1   |    35|
|3     |LUT2   |     5|
|4     |LUT3   |     8|
|5     |LUT4   |    80|
|6     |LUT5   |    61|
|7     |LUT6   |    72|
|8     |FDRE   |   132|
|9     |FDSE   |     1|
+------+-------+------+
---------------------------------------------------------------------------------
Finished Writing Synthesis Report : Time (s): cpu = 00:00:25 ; elapsed = 00:00:44 . Memory (MB): peak = 2456.641 ; gain = 88.867 ; free physical = 8864 ; free virtual = 14338
---------------------------------------------------------------------------------
Synthesis finished with 0 errors, 0 critical warnings and 0 warnings.
Synthesis Optimization Runtime : Time (s): cpu = 00:00:23 ; elapsed = 00:00:41 . Memory (MB): peak = 2456.641 ; gain = 0.000 ; free physical = 8862 ; free virtual = 14336
Synthesis Optimization Complete : Time (s): cpu = 00:00:26 ; elapsed = 00:00:44 . Memory (MB): peak = 2456.641 ; gain = 88.867 ; free physical = 8856 ; free virtual = 14330
INFO: [Project 1-571] Translating synthesized netlist
Netlist sorting complete. Time (s): cpu = 00:00:00.01 ; elapsed = 00:00:00.01 . Memory (MB): peak = 2456.641 ; gain = 0.000 ; free physical = 9055 ; free virtual = 14525
INFO: [Netlist 29-17] Analyzing 44 Unisim elements for replacement
INFO: [Netlist 29-28] Unisim Transformation completed in 0 CPU seconds
INFO: [Project 1-570] Preparing netlist for logic optimization
INFO: [Opt 31-138] Pushed 0 inverter(s) to 0 load pin(s).
Netlist sorting complete. Time (s): cpu = 00:00:00 ; elapsed = 00:00:00 . Memory (MB): peak = 2456.641 ; gain = 0.000 ; free physical = 9088 ; free virtual = 14558
INFO: [Project 1-111] Unisim Transformation Summary:
No Unisim elements were transformed.

INFO: [Common 17-83] Releasing license: Synthesis
26 Infos, 0 Warnings, 0 Critical Warnings and 0 Errors encountered.
synth_design completed successfully
synth_design: Time (s): cpu = 00:00:35 ; elapsed = 00:00:53 . Memory (MB): peak = 2456.641 ; gain = 88.867 ; free physical = 9179 ; free virtual = 14649
INFO: [Common 17-1381] The checkpoint '/home/osm/Documents/Sect/SECT-MAYO/MAYO/vivado/hw-mayo/hw-mayo.runs/Mayo_sign_with_zynq_mayo_negate_0_1_synth_1/Mayo_sign_with_zynq_mayo_negate_0_1.dcp' has been generated.
INFO: [Common 17-1381] The checkpoint '/home/osm/Documents/Sect/SECT-MAYO/MAYO/vivado/hw-mayo/hw-mayo.runs/Mayo_sign_with_zynq_mayo_negate_0_1_synth_1/Mayo_sign_with_zynq_mayo_negate_0_1.dcp' has been generated.
INFO: [runtcl-4] Executing : report_utilization -file Mayo_sign_with_zynq_mayo_negate_0_1_utilization_synth.rpt -pb Mayo_sign_with_zynq_mayo_negate_0_1_utilization_synth.pb
INFO: [Common 17-206] Exiting Vivado at Sat Dec  9 16:23:39 2023...
