

================================================================
== Vitis HLS Report for 'hls_linear_combination'
================================================================
* Date:           Thu Jun 23 18:38:08 2022

* Version:        2020.2 (Build 3064766 on Wed Nov 18 09:12:47 MST 2020)
* Project:        hls_linear_combination
* Solution:       base (Vivado IP Flow Target)
* Product family: zynq
* Target device:  xc7z020-clg484-1


================================================================
== Performance Estimates
================================================================
+ Timing: 
    * Summary: 
    +--------+----------+----------+------------+
    |  Clock |  Target  | Estimated| Uncertainty|
    +--------+----------+----------+------------+
    |ap_clk  |  10.00 ns|  5.868 ns|     2.70 ns|
    +--------+----------+----------+------------+

+ Latency: 
    * Summary: 
    +---------+---------+----------+----------+-----+-----+---------+
    |  Latency (cycles) |  Latency (absolute) |  Interval | Pipeline|
    |   min   |   max   |    min   |    max   | min | max |   Type  |
    +---------+---------+----------+----------+-----+-----+---------+
    |        ?|        ?|         ?|         ?|    ?|    ?|     none|
    +---------+---------+----------+----------+-----+-----+---------+

    + Detail: 
        * Instance: 
        N/A

        * Loop: 
        +----------------------+---------+---------+----------+-----------+-----------+------+----------+
        |                      |  Latency (cycles) | Iteration|  Initiation Interval  | Trip |          |
        |       Loop Name      |   min   |   max   |  Latency |  achieved |   target  | Count| Pipelined|
        +----------------------+---------+---------+----------+-----------+-----------+------+----------+
        |- LOOP_LC1_LOOP_LC12  |        ?|        ?|         4|          1|          1|     ?|       yes|
        |- LOOP_LC2            |     2340|     2340|        39|          -|          -|    60|        no|
        +----------------------+---------+---------+----------+-----------+-----------+------+----------+



================================================================
== Utilization Estimates
================================================================
* Summary: 
+-----------------+---------+-----+--------+-------+-----+
|       Name      | BRAM_18K| DSP |   FF   |  LUT  | URAM|
+-----------------+---------+-----+--------+-------+-----+
|DSP              |        -|    1|       -|      -|    -|
|Expression       |        -|    -|       0|    168|    -|
|FIFO             |        -|    -|       -|      -|    -|
|Instance         |        -|    -|     394|    238|    -|
|Memory           |        2|    -|       0|      0|    -|
|Multiplexer      |        -|    -|       -|    275|    -|
|Register         |        -|    -|     253|     32|    -|
+-----------------+---------+-----+--------+-------+-----+
|Total            |        2|    1|     647|    713|    0|
+-----------------+---------+-----+--------+-------+-----+
|Available        |      280|  220|  106400|  53200|    0|
+-----------------+---------+-----+--------+-------+-----+
|Utilization (%)  |       ~0|   ~0|      ~0|      1|    0|
+-----------------+---------+-----+--------+-------+-----+

+ Detail: 
    * Instance: 
    +-----------------------------+--------------------------+---------+----+-----+-----+-----+
    |           Instance          |          Module          | BRAM_18K| DSP|  FF | LUT | URAM|
    +-----------------------------+--------------------------+---------+----+-----+-----+-----+
    |urem_32ns_6ns_8_36_seq_1_U1  |urem_32ns_6ns_8_36_seq_1  |        0|   0|  394|  238|    0|
    +-----------------------------+--------------------------+---------+----+-----+-----+-----+
    |Total                        |                          |        0|   0|  394|  238|    0|
    +-----------------------------+--------------------------+---------+----+-----+-----+-----+

    * DSP: 
    +-----------------------------------+--------------------------------+--------------+
    |              Instance             |             Module             |  Expression  |
    +-----------------------------------+--------------------------------+--------------+
    |mac_muladd_8ns_8ns_32ns_32_4_1_U2  |mac_muladd_8ns_8ns_32ns_32_4_1  |  i0 + i1 * i2|
    +-----------------------------------+--------------------------------+--------------+

    * Memory: 
    +----------------+--------------+---------+---+----+-----+------+-----+------+-------------+
    |     Memory     |    Module    | BRAM_18K| FF| LUT| URAM| Words| Bits| Banks| W*Bits*Banks|
    +----------------+--------------+---------+---+----+-----+------+-----+------+-------------+
    |accumulators_U  |accumulators  |        2|  0|   0|    0|    60|   32|     1|         1920|
    +----------------+--------------+---------+---+----+-----+------+-----+------+-------------+
    |Total           |              |        2|  0|   0|    0|    60|   32|     1|         1920|
    +----------------+--------------+---------+---+----+-----+------+-----+------+-------------+

    * FIFO: 
    N/A

    * Expression: 
    +-------------------------+----------+----+---+----+------------+------------+
    |      Variable Name      | Operation| DSP| FF| LUT| Bitwidth P0| Bitwidth P1|
    +-------------------------+----------+----+---+----+------------+------------+
    |add_ln12_fu_191_p2       |         +|   0|  0|  45|          38|           1|
    |add_ln14_fu_229_p2       |         +|   0|  0|  14|           6|           1|
    |add_ln19_fu_235_p2       |         +|   0|  0|  14|           6|           1|
    |bound_fu_185_p2          |         -|   0|  0|  45|          38|          38|
    |icmp_ln12_fu_197_p2      |      icmp|   0|  0|  20|          38|          38|
    |icmp_ln14_fu_210_p2      |      icmp|   0|  0|  10|           6|           4|
    |icmp_ln19_fu_246_p2      |      icmp|   0|  0|  10|           6|           4|
    |select_ln12_fu_216_p3    |    select|   0|  0|   6|           1|           1|
    |ap_enable_pp0            |       xor|   0|  0|   2|           1|           2|
    |ap_enable_reg_pp0_iter1  |       xor|   0|  0|   2|           2|           1|
    +-------------------------+----------+----+---+----+------------+------------+
    |Total                    |          |   0|  0| 168|         142|          91|
    +-------------------------+----------+----+---+----+------------+------------+

    * Multiplexer: 
    +----------------------------+-----+-----------+-----+-----------+
    |            Name            | LUT | Input Size| Bits| Total Bits|
    +----------------------------+-----+-----------+-----+-----------+
    |accumulators_address0       |   14|          3|    6|         18|
    |ap_NS_fsm                   |  189|         43|    1|         43|
    |ap_enable_reg_pp0_iter1     |    9|          2|    1|          2|
    |ap_enable_reg_pp0_iter3     |    9|          2|    1|          2|
    |ap_phi_mux_j_phi_fu_141_p4  |    9|          2|    6|         12|
    |i_reg_149                   |    9|          2|    6|         12|
    |indvar_flatten_reg_126      |    9|          2|   38|         76|
    |j_reg_137                   |    9|          2|    6|         12|
    |out_r_o                     |    9|          2|    8|         16|
    |reg_160                     |    9|          2|   32|         64|
    +----------------------------+-----+-----------+-----+-----------+
    |Total                       |  275|         62|  105|        257|
    +----------------------------+-----+-----------+-----+-----------+

    * Register: 
    +-------------------------------------------+----+----+-----+-----------+
    |                    Name                   | FF | LUT| Bits| Const Bits|
    +-------------------------------------------+----+----+-----+-----------+
    |accumulators_addr_1_reg_296                |   6|   0|    6|          0|
    |accumulators_addr_1_reg_296_pp0_iter2_reg  |   6|   0|    6|          0|
    |add_ln14_reg_302                           |   6|   0|    6|          0|
    |add_ln19_reg_307                           |   6|   0|    6|          0|
    |ap_CS_fsm                                  |  42|   0|   42|          0|
    |ap_enable_reg_pp0_iter0                    |   1|   0|    1|          0|
    |ap_enable_reg_pp0_iter1                    |   1|   0|    1|          0|
    |ap_enable_reg_pp0_iter2                    |   1|   0|    1|          0|
    |ap_enable_reg_pp0_iter3                    |   1|   0|    1|          0|
    |bound_reg_272                              |  36|   0|   38|          2|
    |i_reg_149                                  |   6|   0|    6|          0|
    |icmp_ln12_reg_282                          |   1|   0|    1|          0|
    |indvar_flatten_reg_126                     |  38|   0|   38|          0|
    |j_reg_137                                  |   6|   0|    6|          0|
    |reg_160                                    |  32|   0|   32|          0|
    |icmp_ln12_reg_282                          |  64|  32|    1|          0|
    +-------------------------------------------+----+----+-----+-----------+
    |Total                                      | 253|  32|  192|          2|
    +-------------------------------------------+----+----+-----+-----------+



================================================================
== Interface
================================================================
* Summary: 
+----------------+-----+-----+------------+------------------------+--------------+
|    RTL Ports   | Dir | Bits|  Protocol  |      Source Object     |    C Type    |
+----------------+-----+-----+------------+------------------------+--------------+
|ap_clk          |   in|    1|  ap_ctrl_hs|  hls_linear_combination|  return value|
|ap_rst          |   in|    1|  ap_ctrl_hs|  hls_linear_combination|  return value|
|ap_start        |   in|    1|  ap_ctrl_hs|  hls_linear_combination|  return value|
|ap_done         |  out|    1|  ap_ctrl_hs|  hls_linear_combination|  return value|
|ap_idle         |  out|    1|  ap_ctrl_hs|  hls_linear_combination|  return value|
|ap_ready        |  out|    1|  ap_ctrl_hs|  hls_linear_combination|  return value|
|vecs            |   in|    8|     ap_none|                    vecs|       pointer|
|coeffs          |   in|    8|     ap_none|                  coeffs|       pointer|
|len             |   in|   32|     ap_none|                     len|        scalar|
|out_r_i         |   in|    8|     ap_ovld|                   out_r|       pointer|
|out_r_o         |  out|    8|     ap_ovld|                   out_r|       pointer|
|out_r_o_ap_vld  |  out|    1|     ap_ovld|                   out_r|       pointer|
+----------------+-----+-----+------------+------------------------+--------------+

============================================================
+ Verbose Summary: Synthesis Manager
============================================================
InlineROM: 1
ExposeGlobal: 0
============================================================
+ Verbose Summary: CDFG Model
============================================================
IsTopModel: 1
ResetActiveHigh: 1
IsCombinational: 2
IsDatapathOnly: 2
HasWiredReturn: 1
HasMFsm: 0
HasVarLatency: 1
IsPipeline: 0
IsRtlPipelined: 0
IsInstanceOverlapped: 0
IsDontTouch: 0
HasImplIP: 0
IsGatedGlobalClock: 0

+ Individual pipeline summary: 
  * Pipeline-0: initiation interval (II) = 1, depth = 4


============================================================
+ Verbose Summary: Schedule
============================================================
* Number of FSM states : 45
* Pipeline : 1
  Pipeline-0 : II = 1, D = 4, States = { 2 3 4 5 }
* Dataflow Pipeline: 0

* FSM state transitions: 
1 --> 2 
2 --> 6 3 
3 --> 4 
4 --> 5 
5 --> 2 
6 --> 7 
7 --> 8 
8 --> 9 
9 --> 10 
10 --> 11 
11 --> 12 
12 --> 13 
13 --> 14 
14 --> 15 
15 --> 16 
16 --> 17 
17 --> 18 
18 --> 19 
19 --> 20 
20 --> 21 
21 --> 22 
22 --> 23 
23 --> 24 
24 --> 25 
25 --> 26 
26 --> 27 
27 --> 28 
28 --> 29 
29 --> 30 
30 --> 31 
31 --> 32 
32 --> 33 
33 --> 34 
34 --> 35 
35 --> 36 
36 --> 37 
37 --> 38 
38 --> 39 
39 --> 40 
40 --> 41 
41 --> 42 
42 --> 43 
43 --> 44 
44 --> 45 
45 --> 7 

* FSM state operations: 

State 1 <SV = 0> <Delay = 2.79>
ST_1 : Operation 46 [1/1] (0.00ns)   --->   "%spectopmodule_ln0 = spectopmodule void @_ssdm_op_SpecTopModule, void @empty_1"   --->   Operation 46 'spectopmodule' 'spectopmodule_ln0' <Predicate = true> <Delay = 0.00>
ST_1 : Operation 47 [1/1] (0.00ns)   --->   "%specbitsmap_ln0 = specbitsmap void @_ssdm_op_SpecBitsMap, i8 %vecs"   --->   Operation 47 'specbitsmap' 'specbitsmap_ln0' <Predicate = true> <Delay = 0.00>
ST_1 : Operation 48 [1/1] (0.00ns)   --->   "%specinterface_ln0 = specinterface void @_ssdm_op_SpecInterface, i8 %vecs, void @empty, i32 0, i32 0, void @empty_0, i32 0, i32 0, void @empty_0, void @empty_0, void @empty_0, i32 0, i32 0, i32 0, i32 0, void @empty_0, void @empty_0"   --->   Operation 48 'specinterface' 'specinterface_ln0' <Predicate = true> <Delay = 0.00>
ST_1 : Operation 49 [1/1] (0.00ns)   --->   "%specbitsmap_ln0 = specbitsmap void @_ssdm_op_SpecBitsMap, i8 %coeffs"   --->   Operation 49 'specbitsmap' 'specbitsmap_ln0' <Predicate = true> <Delay = 0.00>
ST_1 : Operation 50 [1/1] (0.00ns)   --->   "%specinterface_ln0 = specinterface void @_ssdm_op_SpecInterface, i8 %coeffs, void @empty, i32 0, i32 0, void @empty_0, i32 0, i32 0, void @empty_0, void @empty_0, void @empty_0, i32 0, i32 0, i32 0, i32 0, void @empty_0, void @empty_0"   --->   Operation 50 'specinterface' 'specinterface_ln0' <Predicate = true> <Delay = 0.00>
ST_1 : Operation 51 [1/1] (0.00ns)   --->   "%specbitsmap_ln0 = specbitsmap void @_ssdm_op_SpecBitsMap, i32 %len"   --->   Operation 51 'specbitsmap' 'specbitsmap_ln0' <Predicate = true> <Delay = 0.00>
ST_1 : Operation 52 [1/1] (0.00ns)   --->   "%specinterface_ln0 = specinterface void @_ssdm_op_SpecInterface, i32 %len, void @empty, i32 0, i32 0, void @empty_0, i32 0, i32 0, void @empty_0, void @empty_0, void @empty_0, i32 0, i32 0, i32 0, i32 0, void @empty_0, void @empty_0"   --->   Operation 52 'specinterface' 'specinterface_ln0' <Predicate = true> <Delay = 0.00>
ST_1 : Operation 53 [1/1] (0.00ns)   --->   "%specbitsmap_ln0 = specbitsmap void @_ssdm_op_SpecBitsMap, i8 %out_r"   --->   Operation 53 'specbitsmap' 'specbitsmap_ln0' <Predicate = true> <Delay = 0.00>
ST_1 : Operation 54 [1/1] (0.00ns)   --->   "%specinterface_ln0 = specinterface void @_ssdm_op_SpecInterface, i8 %out_r, void @empty, i32 0, i32 0, void @empty_0, i32 0, i32 0, void @empty_0, void @empty_0, void @empty_0, i32 0, i32 0, i32 0, i32 0, void @empty_0, void @empty_0"   --->   Operation 54 'specinterface' 'specinterface_ln0' <Predicate = true> <Delay = 0.00>
ST_1 : Operation 55 [1/1] (0.00ns)   --->   "%len_read = read i32 @_ssdm_op_Read.ap_auto.i32, i32 %len" [hls_linear_combination/hls_linear_combination.cpp:6]   --->   Operation 55 'read' 'len_read' <Predicate = true> <Delay = 0.00>
ST_1 : Operation 56 [1/1] (0.00ns)   --->   "%p_shl = bitconcatenate i38 @_ssdm_op_BitConcatenate.i38.i32.i6, i32 %len_read, i6 0" [hls_linear_combination/hls_linear_combination.cpp:6]   --->   Operation 56 'bitconcatenate' 'p_shl' <Predicate = true> <Delay = 0.00>
ST_1 : Operation 57 [1/1] (0.00ns)   --->   "%tmp = bitconcatenate i34 @_ssdm_op_BitConcatenate.i34.i32.i2, i32 %len_read, i2 0" [hls_linear_combination/hls_linear_combination.cpp:6]   --->   Operation 57 'bitconcatenate' 'tmp' <Predicate = true> <Delay = 0.00>
ST_1 : Operation 58 [1/1] (0.00ns)   --->   "%p_shl2 = zext i34 %tmp" [hls_linear_combination/hls_linear_combination.cpp:6]   --->   Operation 58 'zext' 'p_shl2' <Predicate = true> <Delay = 0.00>
ST_1 : Operation 59 [1/1] (2.79ns)   --->   "%bound = sub i38 %p_shl, i38 %p_shl2" [hls_linear_combination/hls_linear_combination.cpp:6]   --->   Operation 59 'sub' 'bound' <Predicate = true> <Delay = 2.79> <CoreInst = "Adder">   --->   Core 1 'Adder' <Latency = 0> <II = 1> <Delay = 2.79> <FuncUnit> <Opcode : 'add' 'sub'> <InPorts = 2> <OutPorts = 1>
ST_1 : Operation 60 [1/1] (1.58ns)   --->   "%br_ln12 = br void" [hls_linear_combination/hls_linear_combination.cpp:12]   --->   Operation 60 'br' 'br_ln12' <Predicate = true> <Delay = 1.58>

State 2 <SV = 1> <Delay = 2.79>
ST_2 : Operation 61 [1/1] (0.00ns)   --->   "%indvar_flatten = phi i38 0, void %.lr.ph, i38 %add_ln12, void %.split4" [hls_linear_combination/hls_linear_combination.cpp:12]   --->   Operation 61 'phi' 'indvar_flatten' <Predicate = true> <Delay = 0.00>
ST_2 : Operation 62 [1/1] (0.00ns)   --->   "%j = phi i6 0, void %.lr.ph, i6 %add_ln14, void %.split4" [hls_linear_combination/hls_linear_combination.cpp:14]   --->   Operation 62 'phi' 'j' <Predicate = true> <Delay = 0.00>
ST_2 : Operation 63 [1/1] (2.79ns)   --->   "%add_ln12 = add i38 %indvar_flatten, i38 1" [hls_linear_combination/hls_linear_combination.cpp:12]   --->   Operation 63 'add' 'add_ln12' <Predicate = true> <Delay = 2.79> <CoreInst = "Adder">   --->   Core 1 'Adder' <Latency = 0> <II = 1> <Delay = 2.79> <FuncUnit> <Opcode : 'add' 'sub'> <InPorts = 2> <OutPorts = 1>
ST_2 : Operation 64 [1/1] (0.00ns)   --->   "%specpipeline_ln0 = specpipeline void @_ssdm_op_SpecPipeline, i32 4294967295, i32 0, i32 1, i32 0, void @p_str"   --->   Operation 64 'specpipeline' 'specpipeline_ln0' <Predicate = true> <Delay = 0.00>
ST_2 : Operation 65 [1/1] (2.51ns)   --->   "%icmp_ln12 = icmp_eq  i38 %indvar_flatten, i38 %bound" [hls_linear_combination/hls_linear_combination.cpp:12]   --->   Operation 65 'icmp' 'icmp_ln12' <Predicate = true> <Delay = 2.51> <CoreInst = "Cmp">   --->   Core 9 'Cmp' <Latency = 0> <II = 1> <Delay = 1.42> <FuncUnit> <Opcode : 'icmp'> <InPorts = 2> <OutPorts = 1>
ST_2 : Operation 66 [1/1] (0.00ns)   --->   "%br_ln12 = br i1 %icmp_ln12, void %.split4, void %._crit_edge.loopexit.preheader" [hls_linear_combination/hls_linear_combination.cpp:12]   --->   Operation 66 'br' 'br_ln12' <Predicate = true> <Delay = 0.00>
ST_2 : Operation 67 [1/1] (0.00ns)   --->   "%vecs_read = read i8 @_ssdm_op_Read.ap_auto.volatile.i8P0A, i8 %vecs" [hls_linear_combination/hls_linear_combination.cpp:15]   --->   Operation 67 'read' 'vecs_read' <Predicate = (!icmp_ln12)> <Delay = 0.00>
ST_2 : Operation 68 [1/1] (0.00ns)   --->   "%zext_ln15 = zext i8 %vecs_read" [hls_linear_combination/hls_linear_combination.cpp:15]   --->   Operation 68 'zext' 'zext_ln15' <Predicate = (!icmp_ln12)> <Delay = 0.00>
ST_2 : Operation 69 [1/1] (0.00ns)   --->   "%coeffs_read = read i8 @_ssdm_op_Read.ap_auto.volatile.i8P0A, i8 %coeffs" [hls_linear_combination/hls_linear_combination.cpp:15]   --->   Operation 69 'read' 'coeffs_read' <Predicate = (!icmp_ln12)> <Delay = 0.00>
ST_2 : Operation 70 [1/1] (0.00ns)   --->   "%zext_ln15_1 = zext i8 %coeffs_read" [hls_linear_combination/hls_linear_combination.cpp:15]   --->   Operation 70 'zext' 'zext_ln15_1' <Predicate = (!icmp_ln12)> <Delay = 0.00>
ST_2 : Operation 71 [3/3] (1.05ns) (grouped into DSP with root node add_ln15)   --->   "%mul_ln15 = mul i16 %zext_ln15_1, i16 %zext_ln15" [hls_linear_combination/hls_linear_combination.cpp:15]   --->   Operation 71 'mul' 'mul_ln15' <Predicate = (!icmp_ln12)> <Delay = 1.05> <CoreInst = "DSP48">   --->   Core 119 'DSP48' <Latency = 3> <II = 1> <Delay = 2.15> <IPBlock> <Opcode : 'mul' 'add' 'sub' 'select'> <InPorts = 0> <OutPorts = 1> <Sync> <CReg>

State 3 <SV = 2> <Delay = 5.86>
ST_3 : Operation 72 [1/1] (1.42ns)   --->   "%icmp_ln14 = icmp_eq  i6 %j, i6 60" [hls_linear_combination/hls_linear_combination.cpp:14]   --->   Operation 72 'icmp' 'icmp_ln14' <Predicate = (!icmp_ln12)> <Delay = 1.42> <CoreInst = "Cmp">   --->   Core 9 'Cmp' <Latency = 0> <II = 1> <Delay = 1.42> <FuncUnit> <Opcode : 'icmp'> <InPorts = 2> <OutPorts = 1>
ST_3 : Operation 73 [1/1] (1.18ns)   --->   "%select_ln12 = select i1 %icmp_ln14, i6 0, i6 %j" [hls_linear_combination/hls_linear_combination.cpp:12]   --->   Operation 73 'select' 'select_ln12' <Predicate = (!icmp_ln12)> <Delay = 1.18> <CoreInst = "Sel">   --->   Core 73 'Sel' <Latency = 0> <II = 1> <Delay = 1.18> <FuncUnit> <Opcode : 'select'> <InPorts = 3> <OutPorts = 1>
ST_3 : Operation 74 [1/1] (0.00ns)   --->   "%j_cast = zext i6 %select_ln12" [hls_linear_combination/hls_linear_combination.cpp:12]   --->   Operation 74 'zext' 'j_cast' <Predicate = (!icmp_ln12)> <Delay = 0.00>
ST_3 : Operation 75 [2/3] (1.05ns) (grouped into DSP with root node add_ln15)   --->   "%mul_ln15 = mul i16 %zext_ln15_1, i16 %zext_ln15" [hls_linear_combination/hls_linear_combination.cpp:15]   --->   Operation 75 'mul' 'mul_ln15' <Predicate = (!icmp_ln12)> <Delay = 1.05> <CoreInst = "DSP48">   --->   Core 119 'DSP48' <Latency = 3> <II = 1> <Delay = 2.15> <IPBlock> <Opcode : 'mul' 'add' 'sub' 'select'> <InPorts = 0> <OutPorts = 1> <Sync> <CReg>
ST_3 : Operation 76 [1/1] (0.00ns)   --->   "%accumulators_addr_1 = getelementptr i32 %accumulators, i64 0, i64 %j_cast" [hls_linear_combination/hls_linear_combination.cpp:15]   --->   Operation 76 'getelementptr' 'accumulators_addr_1' <Predicate = (!icmp_ln12)> <Delay = 0.00>
ST_3 : Operation 77 [2/2] (3.25ns)   --->   "%accumulators_load_1 = load i6 %accumulators_addr_1" [hls_linear_combination/hls_linear_combination.cpp:15]   --->   Operation 77 'load' 'accumulators_load_1' <Predicate = (!icmp_ln12)> <Delay = 3.25> <CoreInst = "RAM">   --->   Core 82 'RAM' <Latency = 1> <II = 1> <Delay = 3.25> <Storage> <Opcode : 'load' 'store'> <Ports = 2> <Width = 32> <Depth = 60> <RAM>
ST_3 : Operation 78 [1/1] (1.82ns)   --->   "%add_ln14 = add i6 %select_ln12, i6 1" [hls_linear_combination/hls_linear_combination.cpp:14]   --->   Operation 78 'add' 'add_ln14' <Predicate = (!icmp_ln12)> <Delay = 1.82> <CoreInst = "Adder">   --->   Core 1 'Adder' <Latency = 0> <II = 1> <Delay = 2.79> <FuncUnit> <Opcode : 'add' 'sub'> <InPorts = 2> <OutPorts = 1>

State 4 <SV = 3> <Delay = 5.35>
ST_4 : Operation 79 [1/3] (0.00ns) (grouped into DSP with root node add_ln15)   --->   "%mul_ln15 = mul i16 %zext_ln15_1, i16 %zext_ln15" [hls_linear_combination/hls_linear_combination.cpp:15]   --->   Operation 79 'mul' 'mul_ln15' <Predicate = (!icmp_ln12)> <Delay = 0.00> <CoreInst = "DSP48">   --->   Core 119 'DSP48' <Latency = 3> <II = 1> <Delay = 2.15> <IPBlock> <Opcode : 'mul' 'add' 'sub' 'select'> <InPorts = 0> <OutPorts = 1> <Sync> <CReg>
ST_4 : Operation 80 [1/1] (0.00ns) (grouped into DSP with root node add_ln15)   --->   "%zext_ln15_2 = zext i16 %mul_ln15" [hls_linear_combination/hls_linear_combination.cpp:15]   --->   Operation 80 'zext' 'zext_ln15_2' <Predicate = (!icmp_ln12)> <Delay = 0.00>
ST_4 : Operation 81 [1/2] (3.25ns)   --->   "%accumulators_load_1 = load i6 %accumulators_addr_1" [hls_linear_combination/hls_linear_combination.cpp:15]   --->   Operation 81 'load' 'accumulators_load_1' <Predicate = (!icmp_ln12)> <Delay = 3.25> <CoreInst = "RAM">   --->   Core 82 'RAM' <Latency = 1> <II = 1> <Delay = 3.25> <Storage> <Opcode : 'load' 'store'> <Ports = 2> <Width = 32> <Depth = 60> <RAM>
ST_4 : Operation 82 [2/2] (2.10ns) (root node of the DSP)   --->   "%add_ln15 = add i32 %accumulators_load_1, i32 %zext_ln15_2" [hls_linear_combination/hls_linear_combination.cpp:15]   --->   Operation 82 'add' 'add_ln15' <Predicate = (!icmp_ln12)> <Delay = 2.10> <CoreInst = "DSP48">   --->   Core 119 'DSP48' <Latency = 3> <II = 1> <Delay = 2.15> <IPBlock> <Opcode : 'mul' 'add' 'sub' 'select'> <InPorts = 0> <OutPorts = 1> <Sync> <CReg>

State 5 <SV = 4> <Delay = 5.35>
ST_5 : Operation 83 [1/1] (0.00ns)   --->   "%specloopname_ln0 = specloopname void @_ssdm_op_SpecLoopName, void @LOOP_LC1_LOOP_LC12_str"   --->   Operation 83 'specloopname' 'specloopname_ln0' <Predicate = (!icmp_ln12)> <Delay = 0.00>
ST_5 : Operation 84 [1/1] (0.00ns)   --->   "%specpipeline_ln0 = specpipeline void @_ssdm_op_SpecPipeline, i32 4294967295, i32 0, i32 1, i32 0, void @p_str"   --->   Operation 84 'specpipeline' 'specpipeline_ln0' <Predicate = (!icmp_ln12)> <Delay = 0.00>
ST_5 : Operation 85 [1/1] (0.00ns)   --->   "%specloopname_ln14 = specloopname void @_ssdm_op_SpecLoopName, void @empty_3" [hls_linear_combination/hls_linear_combination.cpp:14]   --->   Operation 85 'specloopname' 'specloopname_ln14' <Predicate = (!icmp_ln12)> <Delay = 0.00>
ST_5 : Operation 86 [1/2] (2.10ns) (root node of the DSP)   --->   "%add_ln15 = add i32 %accumulators_load_1, i32 %zext_ln15_2" [hls_linear_combination/hls_linear_combination.cpp:15]   --->   Operation 86 'add' 'add_ln15' <Predicate = (!icmp_ln12)> <Delay = 2.10> <CoreInst = "DSP48">   --->   Core 119 'DSP48' <Latency = 3> <II = 1> <Delay = 2.15> <IPBlock> <Opcode : 'mul' 'add' 'sub' 'select'> <InPorts = 0> <OutPorts = 1> <Sync> <CReg>
ST_5 : Operation 87 [1/1] (3.25ns)   --->   "%store_ln15 = store i32 %add_ln15, i6 %accumulators_addr_1" [hls_linear_combination/hls_linear_combination.cpp:15]   --->   Operation 87 'store' 'store_ln15' <Predicate = (!icmp_ln12)> <Delay = 3.25> <CoreInst = "RAM">   --->   Core 82 'RAM' <Latency = 1> <II = 1> <Delay = 3.25> <Storage> <Opcode : 'load' 'store'> <Ports = 2> <Width = 32> <Depth = 60> <RAM>
ST_5 : Operation 88 [1/1] (0.00ns)   --->   "%br_ln0 = br void"   --->   Operation 88 'br' 'br_ln0' <Predicate = (!icmp_ln12)> <Delay = 0.00>

State 6 <SV = 2> <Delay = 1.58>
ST_6 : Operation 89 [1/1] (1.58ns)   --->   "%br_ln19 = br void %._crit_edge.loopexit" [hls_linear_combination/hls_linear_combination.cpp:19]   --->   Operation 89 'br' 'br_ln19' <Predicate = true> <Delay = 1.58>

State 7 <SV = 3> <Delay = 3.25>
ST_7 : Operation 90 [1/1] (0.00ns)   --->   "%i = phi i6 %add_ln19, void %.split, i6 0, void %._crit_edge.loopexit.preheader" [hls_linear_combination/hls_linear_combination.cpp:19]   --->   Operation 90 'phi' 'i' <Predicate = true> <Delay = 0.00>
ST_7 : Operation 91 [1/1] (1.82ns)   --->   "%add_ln19 = add i6 %i, i6 1" [hls_linear_combination/hls_linear_combination.cpp:19]   --->   Operation 91 'add' 'add_ln19' <Predicate = true> <Delay = 1.82> <CoreInst = "Adder">   --->   Core 1 'Adder' <Latency = 0> <II = 1> <Delay = 2.79> <FuncUnit> <Opcode : 'add' 'sub'> <InPorts = 2> <OutPorts = 1>
ST_7 : Operation 92 [1/1] (0.00ns)   --->   "%zext_ln19 = zext i6 %i" [hls_linear_combination/hls_linear_combination.cpp:19]   --->   Operation 92 'zext' 'zext_ln19' <Predicate = true> <Delay = 0.00>
ST_7 : Operation 93 [1/1] (1.42ns)   --->   "%icmp_ln19 = icmp_eq  i6 %i, i6 60" [hls_linear_combination/hls_linear_combination.cpp:19]   --->   Operation 93 'icmp' 'icmp_ln19' <Predicate = true> <Delay = 1.42> <CoreInst = "Cmp">   --->   Core 9 'Cmp' <Latency = 0> <II = 1> <Delay = 1.42> <FuncUnit> <Opcode : 'icmp'> <InPorts = 2> <OutPorts = 1>
ST_7 : Operation 94 [1/1] (0.00ns)   --->   "%empty = speclooptripcount i32 @_ssdm_op_SpecLoopTripCount, i64 60, i64 60, i64 60"   --->   Operation 94 'speclooptripcount' 'empty' <Predicate = true> <Delay = 0.00>
ST_7 : Operation 95 [1/1] (0.00ns)   --->   "%br_ln19 = br i1 %icmp_ln19, void %.split, void" [hls_linear_combination/hls_linear_combination.cpp:19]   --->   Operation 95 'br' 'br_ln19' <Predicate = true> <Delay = 0.00>
ST_7 : Operation 96 [1/1] (0.00ns)   --->   "%accumulators_addr = getelementptr i32 %accumulators, i64 0, i64 %zext_ln19" [hls_linear_combination/hls_linear_combination.cpp:28]   --->   Operation 96 'getelementptr' 'accumulators_addr' <Predicate = (!icmp_ln19)> <Delay = 0.00>
ST_7 : Operation 97 [2/2] (3.25ns)   --->   "%accumulators_load = load i6 %accumulators_addr" [hls_linear_combination/hls_linear_combination.cpp:28]   --->   Operation 97 'load' 'accumulators_load' <Predicate = (!icmp_ln19)> <Delay = 3.25> <CoreInst = "RAM">   --->   Core 82 'RAM' <Latency = 1> <II = 1> <Delay = 3.25> <Storage> <Opcode : 'load' 'store'> <Ports = 2> <Width = 32> <Depth = 60> <RAM>
ST_7 : Operation 98 [1/1] (0.00ns)   --->   "%ret_ln36 = ret" [hls_linear_combination/hls_linear_combination.cpp:36]   --->   Operation 98 'ret' 'ret_ln36' <Predicate = (icmp_ln19)> <Delay = 0.00>

State 8 <SV = 4> <Delay = 3.25>
ST_8 : Operation 99 [1/2] (3.25ns)   --->   "%accumulators_load = load i6 %accumulators_addr" [hls_linear_combination/hls_linear_combination.cpp:28]   --->   Operation 99 'load' 'accumulators_load' <Predicate = true> <Delay = 3.25> <CoreInst = "RAM">   --->   Core 82 'RAM' <Latency = 1> <II = 1> <Delay = 3.25> <Storage> <Opcode : 'load' 'store'> <Ports = 2> <Width = 32> <Depth = 60> <RAM>

State 9 <SV = 5> <Delay = 4.13>
ST_9 : Operation 100 [36/36] (4.13ns)   --->   "%urem_ln28 = urem i32 %accumulators_load, i32 31" [hls_linear_combination/hls_linear_combination.cpp:28]   --->   Operation 100 'urem' 'urem_ln28' <Predicate = true> <Delay = 4.13> <CoreInst = "DivnS_SEQ">   --->   Core 7 'DivnS_SEQ' <Latency = 35> <II = 8> <Delay = 4.13> <FuncUnit> <Opcode : 'sdiv' 'srem' 'udiv' 'urem'> <InPorts = 2> <OutPorts = 1>

State 10 <SV = 6> <Delay = 4.13>
ST_10 : Operation 101 [35/36] (4.13ns)   --->   "%urem_ln28 = urem i32 %accumulators_load, i32 31" [hls_linear_combination/hls_linear_combination.cpp:28]   --->   Operation 101 'urem' 'urem_ln28' <Predicate = true> <Delay = 4.13> <CoreInst = "DivnS_SEQ">   --->   Core 7 'DivnS_SEQ' <Latency = 35> <II = 8> <Delay = 4.13> <FuncUnit> <Opcode : 'sdiv' 'srem' 'udiv' 'urem'> <InPorts = 2> <OutPorts = 1>

State 11 <SV = 7> <Delay = 4.13>
ST_11 : Operation 102 [34/36] (4.13ns)   --->   "%urem_ln28 = urem i32 %accumulators_load, i32 31" [hls_linear_combination/hls_linear_combination.cpp:28]   --->   Operation 102 'urem' 'urem_ln28' <Predicate = true> <Delay = 4.13> <CoreInst = "DivnS_SEQ">   --->   Core 7 'DivnS_SEQ' <Latency = 35> <II = 8> <Delay = 4.13> <FuncUnit> <Opcode : 'sdiv' 'srem' 'udiv' 'urem'> <InPorts = 2> <OutPorts = 1>

State 12 <SV = 8> <Delay = 4.13>
ST_12 : Operation 103 [33/36] (4.13ns)   --->   "%urem_ln28 = urem i32 %accumulators_load, i32 31" [hls_linear_combination/hls_linear_combination.cpp:28]   --->   Operation 103 'urem' 'urem_ln28' <Predicate = true> <Delay = 4.13> <CoreInst = "DivnS_SEQ">   --->   Core 7 'DivnS_SEQ' <Latency = 35> <II = 8> <Delay = 4.13> <FuncUnit> <Opcode : 'sdiv' 'srem' 'udiv' 'urem'> <InPorts = 2> <OutPorts = 1>

State 13 <SV = 9> <Delay = 4.13>
ST_13 : Operation 104 [32/36] (4.13ns)   --->   "%urem_ln28 = urem i32 %accumulators_load, i32 31" [hls_linear_combination/hls_linear_combination.cpp:28]   --->   Operation 104 'urem' 'urem_ln28' <Predicate = true> <Delay = 4.13> <CoreInst = "DivnS_SEQ">   --->   Core 7 'DivnS_SEQ' <Latency = 35> <II = 8> <Delay = 4.13> <FuncUnit> <Opcode : 'sdiv' 'srem' 'udiv' 'urem'> <InPorts = 2> <OutPorts = 1>

State 14 <SV = 10> <Delay = 4.13>
ST_14 : Operation 105 [31/36] (4.13ns)   --->   "%urem_ln28 = urem i32 %accumulators_load, i32 31" [hls_linear_combination/hls_linear_combination.cpp:28]   --->   Operation 105 'urem' 'urem_ln28' <Predicate = true> <Delay = 4.13> <CoreInst = "DivnS_SEQ">   --->   Core 7 'DivnS_SEQ' <Latency = 35> <II = 8> <Delay = 4.13> <FuncUnit> <Opcode : 'sdiv' 'srem' 'udiv' 'urem'> <InPorts = 2> <OutPorts = 1>

State 15 <SV = 11> <Delay = 4.13>
ST_15 : Operation 106 [30/36] (4.13ns)   --->   "%urem_ln28 = urem i32 %accumulators_load, i32 31" [hls_linear_combination/hls_linear_combination.cpp:28]   --->   Operation 106 'urem' 'urem_ln28' <Predicate = true> <Delay = 4.13> <CoreInst = "DivnS_SEQ">   --->   Core 7 'DivnS_SEQ' <Latency = 35> <II = 8> <Delay = 4.13> <FuncUnit> <Opcode : 'sdiv' 'srem' 'udiv' 'urem'> <InPorts = 2> <OutPorts = 1>

State 16 <SV = 12> <Delay = 4.13>
ST_16 : Operation 107 [29/36] (4.13ns)   --->   "%urem_ln28 = urem i32 %accumulators_load, i32 31" [hls_linear_combination/hls_linear_combination.cpp:28]   --->   Operation 107 'urem' 'urem_ln28' <Predicate = true> <Delay = 4.13> <CoreInst = "DivnS_SEQ">   --->   Core 7 'DivnS_SEQ' <Latency = 35> <II = 8> <Delay = 4.13> <FuncUnit> <Opcode : 'sdiv' 'srem' 'udiv' 'urem'> <InPorts = 2> <OutPorts = 1>

State 17 <SV = 13> <Delay = 4.13>
ST_17 : Operation 108 [28/36] (4.13ns)   --->   "%urem_ln28 = urem i32 %accumulators_load, i32 31" [hls_linear_combination/hls_linear_combination.cpp:28]   --->   Operation 108 'urem' 'urem_ln28' <Predicate = true> <Delay = 4.13> <CoreInst = "DivnS_SEQ">   --->   Core 7 'DivnS_SEQ' <Latency = 35> <II = 8> <Delay = 4.13> <FuncUnit> <Opcode : 'sdiv' 'srem' 'udiv' 'urem'> <InPorts = 2> <OutPorts = 1>

State 18 <SV = 14> <Delay = 4.13>
ST_18 : Operation 109 [27/36] (4.13ns)   --->   "%urem_ln28 = urem i32 %accumulators_load, i32 31" [hls_linear_combination/hls_linear_combination.cpp:28]   --->   Operation 109 'urem' 'urem_ln28' <Predicate = true> <Delay = 4.13> <CoreInst = "DivnS_SEQ">   --->   Core 7 'DivnS_SEQ' <Latency = 35> <II = 8> <Delay = 4.13> <FuncUnit> <Opcode : 'sdiv' 'srem' 'udiv' 'urem'> <InPorts = 2> <OutPorts = 1>

State 19 <SV = 15> <Delay = 4.13>
ST_19 : Operation 110 [26/36] (4.13ns)   --->   "%urem_ln28 = urem i32 %accumulators_load, i32 31" [hls_linear_combination/hls_linear_combination.cpp:28]   --->   Operation 110 'urem' 'urem_ln28' <Predicate = true> <Delay = 4.13> <CoreInst = "DivnS_SEQ">   --->   Core 7 'DivnS_SEQ' <Latency = 35> <II = 8> <Delay = 4.13> <FuncUnit> <Opcode : 'sdiv' 'srem' 'udiv' 'urem'> <InPorts = 2> <OutPorts = 1>

State 20 <SV = 16> <Delay = 4.13>
ST_20 : Operation 111 [25/36] (4.13ns)   --->   "%urem_ln28 = urem i32 %accumulators_load, i32 31" [hls_linear_combination/hls_linear_combination.cpp:28]   --->   Operation 111 'urem' 'urem_ln28' <Predicate = true> <Delay = 4.13> <CoreInst = "DivnS_SEQ">   --->   Core 7 'DivnS_SEQ' <Latency = 35> <II = 8> <Delay = 4.13> <FuncUnit> <Opcode : 'sdiv' 'srem' 'udiv' 'urem'> <InPorts = 2> <OutPorts = 1>

State 21 <SV = 17> <Delay = 4.13>
ST_21 : Operation 112 [24/36] (4.13ns)   --->   "%urem_ln28 = urem i32 %accumulators_load, i32 31" [hls_linear_combination/hls_linear_combination.cpp:28]   --->   Operation 112 'urem' 'urem_ln28' <Predicate = true> <Delay = 4.13> <CoreInst = "DivnS_SEQ">   --->   Core 7 'DivnS_SEQ' <Latency = 35> <II = 8> <Delay = 4.13> <FuncUnit> <Opcode : 'sdiv' 'srem' 'udiv' 'urem'> <InPorts = 2> <OutPorts = 1>

State 22 <SV = 18> <Delay = 4.13>
ST_22 : Operation 113 [23/36] (4.13ns)   --->   "%urem_ln28 = urem i32 %accumulators_load, i32 31" [hls_linear_combination/hls_linear_combination.cpp:28]   --->   Operation 113 'urem' 'urem_ln28' <Predicate = true> <Delay = 4.13> <CoreInst = "DivnS_SEQ">   --->   Core 7 'DivnS_SEQ' <Latency = 35> <II = 8> <Delay = 4.13> <FuncUnit> <Opcode : 'sdiv' 'srem' 'udiv' 'urem'> <InPorts = 2> <OutPorts = 1>

State 23 <SV = 19> <Delay = 4.13>
ST_23 : Operation 114 [22/36] (4.13ns)   --->   "%urem_ln28 = urem i32 %accumulators_load, i32 31" [hls_linear_combination/hls_linear_combination.cpp:28]   --->   Operation 114 'urem' 'urem_ln28' <Predicate = true> <Delay = 4.13> <CoreInst = "DivnS_SEQ">   --->   Core 7 'DivnS_SEQ' <Latency = 35> <II = 8> <Delay = 4.13> <FuncUnit> <Opcode : 'sdiv' 'srem' 'udiv' 'urem'> <InPorts = 2> <OutPorts = 1>

State 24 <SV = 20> <Delay = 4.13>
ST_24 : Operation 115 [21/36] (4.13ns)   --->   "%urem_ln28 = urem i32 %accumulators_load, i32 31" [hls_linear_combination/hls_linear_combination.cpp:28]   --->   Operation 115 'urem' 'urem_ln28' <Predicate = true> <Delay = 4.13> <CoreInst = "DivnS_SEQ">   --->   Core 7 'DivnS_SEQ' <Latency = 35> <II = 8> <Delay = 4.13> <FuncUnit> <Opcode : 'sdiv' 'srem' 'udiv' 'urem'> <InPorts = 2> <OutPorts = 1>

State 25 <SV = 21> <Delay = 4.13>
ST_25 : Operation 116 [20/36] (4.13ns)   --->   "%urem_ln28 = urem i32 %accumulators_load, i32 31" [hls_linear_combination/hls_linear_combination.cpp:28]   --->   Operation 116 'urem' 'urem_ln28' <Predicate = true> <Delay = 4.13> <CoreInst = "DivnS_SEQ">   --->   Core 7 'DivnS_SEQ' <Latency = 35> <II = 8> <Delay = 4.13> <FuncUnit> <Opcode : 'sdiv' 'srem' 'udiv' 'urem'> <InPorts = 2> <OutPorts = 1>

State 26 <SV = 22> <Delay = 4.13>
ST_26 : Operation 117 [19/36] (4.13ns)   --->   "%urem_ln28 = urem i32 %accumulators_load, i32 31" [hls_linear_combination/hls_linear_combination.cpp:28]   --->   Operation 117 'urem' 'urem_ln28' <Predicate = true> <Delay = 4.13> <CoreInst = "DivnS_SEQ">   --->   Core 7 'DivnS_SEQ' <Latency = 35> <II = 8> <Delay = 4.13> <FuncUnit> <Opcode : 'sdiv' 'srem' 'udiv' 'urem'> <InPorts = 2> <OutPorts = 1>

State 27 <SV = 23> <Delay = 4.13>
ST_27 : Operation 118 [18/36] (4.13ns)   --->   "%urem_ln28 = urem i32 %accumulators_load, i32 31" [hls_linear_combination/hls_linear_combination.cpp:28]   --->   Operation 118 'urem' 'urem_ln28' <Predicate = true> <Delay = 4.13> <CoreInst = "DivnS_SEQ">   --->   Core 7 'DivnS_SEQ' <Latency = 35> <II = 8> <Delay = 4.13> <FuncUnit> <Opcode : 'sdiv' 'srem' 'udiv' 'urem'> <InPorts = 2> <OutPorts = 1>

State 28 <SV = 24> <Delay = 4.13>
ST_28 : Operation 119 [17/36] (4.13ns)   --->   "%urem_ln28 = urem i32 %accumulators_load, i32 31" [hls_linear_combination/hls_linear_combination.cpp:28]   --->   Operation 119 'urem' 'urem_ln28' <Predicate = true> <Delay = 4.13> <CoreInst = "DivnS_SEQ">   --->   Core 7 'DivnS_SEQ' <Latency = 35> <II = 8> <Delay = 4.13> <FuncUnit> <Opcode : 'sdiv' 'srem' 'udiv' 'urem'> <InPorts = 2> <OutPorts = 1>

State 29 <SV = 25> <Delay = 4.13>
ST_29 : Operation 120 [16/36] (4.13ns)   --->   "%urem_ln28 = urem i32 %accumulators_load, i32 31" [hls_linear_combination/hls_linear_combination.cpp:28]   --->   Operation 120 'urem' 'urem_ln28' <Predicate = true> <Delay = 4.13> <CoreInst = "DivnS_SEQ">   --->   Core 7 'DivnS_SEQ' <Latency = 35> <II = 8> <Delay = 4.13> <FuncUnit> <Opcode : 'sdiv' 'srem' 'udiv' 'urem'> <InPorts = 2> <OutPorts = 1>

State 30 <SV = 26> <Delay = 4.13>
ST_30 : Operation 121 [15/36] (4.13ns)   --->   "%urem_ln28 = urem i32 %accumulators_load, i32 31" [hls_linear_combination/hls_linear_combination.cpp:28]   --->   Operation 121 'urem' 'urem_ln28' <Predicate = true> <Delay = 4.13> <CoreInst = "DivnS_SEQ">   --->   Core 7 'DivnS_SEQ' <Latency = 35> <II = 8> <Delay = 4.13> <FuncUnit> <Opcode : 'sdiv' 'srem' 'udiv' 'urem'> <InPorts = 2> <OutPorts = 1>

State 31 <SV = 27> <Delay = 4.13>
ST_31 : Operation 122 [14/36] (4.13ns)   --->   "%urem_ln28 = urem i32 %accumulators_load, i32 31" [hls_linear_combination/hls_linear_combination.cpp:28]   --->   Operation 122 'urem' 'urem_ln28' <Predicate = true> <Delay = 4.13> <CoreInst = "DivnS_SEQ">   --->   Core 7 'DivnS_SEQ' <Latency = 35> <II = 8> <Delay = 4.13> <FuncUnit> <Opcode : 'sdiv' 'srem' 'udiv' 'urem'> <InPorts = 2> <OutPorts = 1>

State 32 <SV = 28> <Delay = 4.13>
ST_32 : Operation 123 [13/36] (4.13ns)   --->   "%urem_ln28 = urem i32 %accumulators_load, i32 31" [hls_linear_combination/hls_linear_combination.cpp:28]   --->   Operation 123 'urem' 'urem_ln28' <Predicate = true> <Delay = 4.13> <CoreInst = "DivnS_SEQ">   --->   Core 7 'DivnS_SEQ' <Latency = 35> <II = 8> <Delay = 4.13> <FuncUnit> <Opcode : 'sdiv' 'srem' 'udiv' 'urem'> <InPorts = 2> <OutPorts = 1>

State 33 <SV = 29> <Delay = 4.13>
ST_33 : Operation 124 [12/36] (4.13ns)   --->   "%urem_ln28 = urem i32 %accumulators_load, i32 31" [hls_linear_combination/hls_linear_combination.cpp:28]   --->   Operation 124 'urem' 'urem_ln28' <Predicate = true> <Delay = 4.13> <CoreInst = "DivnS_SEQ">   --->   Core 7 'DivnS_SEQ' <Latency = 35> <II = 8> <Delay = 4.13> <FuncUnit> <Opcode : 'sdiv' 'srem' 'udiv' 'urem'> <InPorts = 2> <OutPorts = 1>

State 34 <SV = 30> <Delay = 4.13>
ST_34 : Operation 125 [11/36] (4.13ns)   --->   "%urem_ln28 = urem i32 %accumulators_load, i32 31" [hls_linear_combination/hls_linear_combination.cpp:28]   --->   Operation 125 'urem' 'urem_ln28' <Predicate = true> <Delay = 4.13> <CoreInst = "DivnS_SEQ">   --->   Core 7 'DivnS_SEQ' <Latency = 35> <II = 8> <Delay = 4.13> <FuncUnit> <Opcode : 'sdiv' 'srem' 'udiv' 'urem'> <InPorts = 2> <OutPorts = 1>

State 35 <SV = 31> <Delay = 4.13>
ST_35 : Operation 126 [10/36] (4.13ns)   --->   "%urem_ln28 = urem i32 %accumulators_load, i32 31" [hls_linear_combination/hls_linear_combination.cpp:28]   --->   Operation 126 'urem' 'urem_ln28' <Predicate = true> <Delay = 4.13> <CoreInst = "DivnS_SEQ">   --->   Core 7 'DivnS_SEQ' <Latency = 35> <II = 8> <Delay = 4.13> <FuncUnit> <Opcode : 'sdiv' 'srem' 'udiv' 'urem'> <InPorts = 2> <OutPorts = 1>

State 36 <SV = 32> <Delay = 4.13>
ST_36 : Operation 127 [9/36] (4.13ns)   --->   "%urem_ln28 = urem i32 %accumulators_load, i32 31" [hls_linear_combination/hls_linear_combination.cpp:28]   --->   Operation 127 'urem' 'urem_ln28' <Predicate = true> <Delay = 4.13> <CoreInst = "DivnS_SEQ">   --->   Core 7 'DivnS_SEQ' <Latency = 35> <II = 8> <Delay = 4.13> <FuncUnit> <Opcode : 'sdiv' 'srem' 'udiv' 'urem'> <InPorts = 2> <OutPorts = 1>

State 37 <SV = 33> <Delay = 4.13>
ST_37 : Operation 128 [8/36] (4.13ns)   --->   "%urem_ln28 = urem i32 %accumulators_load, i32 31" [hls_linear_combination/hls_linear_combination.cpp:28]   --->   Operation 128 'urem' 'urem_ln28' <Predicate = true> <Delay = 4.13> <CoreInst = "DivnS_SEQ">   --->   Core 7 'DivnS_SEQ' <Latency = 35> <II = 8> <Delay = 4.13> <FuncUnit> <Opcode : 'sdiv' 'srem' 'udiv' 'urem'> <InPorts = 2> <OutPorts = 1>

State 38 <SV = 34> <Delay = 4.13>
ST_38 : Operation 129 [7/36] (4.13ns)   --->   "%urem_ln28 = urem i32 %accumulators_load, i32 31" [hls_linear_combination/hls_linear_combination.cpp:28]   --->   Operation 129 'urem' 'urem_ln28' <Predicate = true> <Delay = 4.13> <CoreInst = "DivnS_SEQ">   --->   Core 7 'DivnS_SEQ' <Latency = 35> <II = 8> <Delay = 4.13> <FuncUnit> <Opcode : 'sdiv' 'srem' 'udiv' 'urem'> <InPorts = 2> <OutPorts = 1>

State 39 <SV = 35> <Delay = 4.13>
ST_39 : Operation 130 [6/36] (4.13ns)   --->   "%urem_ln28 = urem i32 %accumulators_load, i32 31" [hls_linear_combination/hls_linear_combination.cpp:28]   --->   Operation 130 'urem' 'urem_ln28' <Predicate = true> <Delay = 4.13> <CoreInst = "DivnS_SEQ">   --->   Core 7 'DivnS_SEQ' <Latency = 35> <II = 8> <Delay = 4.13> <FuncUnit> <Opcode : 'sdiv' 'srem' 'udiv' 'urem'> <InPorts = 2> <OutPorts = 1>

State 40 <SV = 36> <Delay = 4.13>
ST_40 : Operation 131 [5/36] (4.13ns)   --->   "%urem_ln28 = urem i32 %accumulators_load, i32 31" [hls_linear_combination/hls_linear_combination.cpp:28]   --->   Operation 131 'urem' 'urem_ln28' <Predicate = true> <Delay = 4.13> <CoreInst = "DivnS_SEQ">   --->   Core 7 'DivnS_SEQ' <Latency = 35> <II = 8> <Delay = 4.13> <FuncUnit> <Opcode : 'sdiv' 'srem' 'udiv' 'urem'> <InPorts = 2> <OutPorts = 1>

State 41 <SV = 37> <Delay = 4.13>
ST_41 : Operation 132 [4/36] (4.13ns)   --->   "%urem_ln28 = urem i32 %accumulators_load, i32 31" [hls_linear_combination/hls_linear_combination.cpp:28]   --->   Operation 132 'urem' 'urem_ln28' <Predicate = true> <Delay = 4.13> <CoreInst = "DivnS_SEQ">   --->   Core 7 'DivnS_SEQ' <Latency = 35> <II = 8> <Delay = 4.13> <FuncUnit> <Opcode : 'sdiv' 'srem' 'udiv' 'urem'> <InPorts = 2> <OutPorts = 1>

State 42 <SV = 38> <Delay = 4.13>
ST_42 : Operation 133 [3/36] (4.13ns)   --->   "%urem_ln28 = urem i32 %accumulators_load, i32 31" [hls_linear_combination/hls_linear_combination.cpp:28]   --->   Operation 133 'urem' 'urem_ln28' <Predicate = true> <Delay = 4.13> <CoreInst = "DivnS_SEQ">   --->   Core 7 'DivnS_SEQ' <Latency = 35> <II = 8> <Delay = 4.13> <FuncUnit> <Opcode : 'sdiv' 'srem' 'udiv' 'urem'> <InPorts = 2> <OutPorts = 1>

State 43 <SV = 39> <Delay = 4.13>
ST_43 : Operation 134 [2/36] (4.13ns)   --->   "%urem_ln28 = urem i32 %accumulators_load, i32 31" [hls_linear_combination/hls_linear_combination.cpp:28]   --->   Operation 134 'urem' 'urem_ln28' <Predicate = true> <Delay = 4.13> <CoreInst = "DivnS_SEQ">   --->   Core 7 'DivnS_SEQ' <Latency = 35> <II = 8> <Delay = 4.13> <FuncUnit> <Opcode : 'sdiv' 'srem' 'udiv' 'urem'> <InPorts = 2> <OutPorts = 1>

State 44 <SV = 40> <Delay = 4.13>
ST_44 : Operation 135 [1/36] (4.13ns)   --->   "%urem_ln28 = urem i32 %accumulators_load, i32 31" [hls_linear_combination/hls_linear_combination.cpp:28]   --->   Operation 135 'urem' 'urem_ln28' <Predicate = true> <Delay = 4.13> <CoreInst = "DivnS_SEQ">   --->   Core 7 'DivnS_SEQ' <Latency = 35> <II = 8> <Delay = 4.13> <FuncUnit> <Opcode : 'sdiv' 'srem' 'udiv' 'urem'> <InPorts = 2> <OutPorts = 1>
ST_44 : Operation 136 [1/1] (0.00ns)   --->   "%trunc_ln28 = trunc i8 %urem_ln28" [hls_linear_combination/hls_linear_combination.cpp:28]   --->   Operation 136 'trunc' 'trunc_ln28' <Predicate = true> <Delay = 0.00>
ST_44 : Operation 137 [1/1] (0.00ns)   --->   "%write_ln28 = write void @_ssdm_op_Write.ap_auto.volatile.i8P0A, i8 %out_r, i8 %trunc_ln28" [hls_linear_combination/hls_linear_combination.cpp:28]   --->   Operation 137 'write' 'write_ln28' <Predicate = true> <Delay = 0.00>

State 45 <SV = 41> <Delay = 0.00>
ST_45 : Operation 138 [1/1] (0.00ns)   --->   "%specloopname_ln19 = specloopname void @_ssdm_op_SpecLoopName, void @empty_2" [hls_linear_combination/hls_linear_combination.cpp:19]   --->   Operation 138 'specloopname' 'specloopname_ln19' <Predicate = true> <Delay = 0.00>
ST_45 : Operation 139 [1/1] (0.00ns)   --->   "%empty_6 = read i8 @_ssdm_op_Read.ap_auto.volatile.i8P0A, i8 %out_r" [hls_linear_combination/hls_linear_combination.cpp:29]   --->   Operation 139 'read' 'empty_6' <Predicate = true> <Delay = 0.00>
ST_45 : Operation 140 [1/1] (0.00ns)   --->   "%br_ln0 = br void %._crit_edge.loopexit"   --->   Operation 140 'br' 'br_ln0' <Predicate = true> <Delay = 0.00>


============================================================
+ Verbose Summary: Binding
============================================================
STG Binding: 
---------------- STG Properties BEGIN ----------------
- Is combinational: 0
- Is one-state seq: 0
- Is datapath-only: 0
- Is pipelined: 0
- Is top level: 1
Port [ Return ] is wired: 1; IO mode=ap_ctrl_hs:ce=0
Port [ vecs]:  wired=1; compound=0; hidden=0; nouse=0; global=0; static=0; extern=0; dir=0; type=0; pingpong=0; private_global=0; IO mode=ap_none:ce=0
Port [ coeffs]:  wired=1; compound=0; hidden=0; nouse=0; global=0; static=0; extern=0; dir=0; type=0; pingpong=0; private_global=0; IO mode=ap_none:ce=0
Port [ len]:  wired=1; compound=0; hidden=0; nouse=0; global=0; static=0; extern=0; dir=0; type=0; pingpong=0; private_global=0; IO mode=ap_none:ce=0
Port [ out_r]:  wired=1; compound=0; hidden=0; nouse=0; global=0; static=0; extern=0; dir=2; type=0; pingpong=0; private_global=0; IO mode=ap_ovld:ce=0
Port [ accumulators]:  wired=0; compound=1; hidden=1; nouse=0; global=1; static=1; extern=0; dir=2; type=1; pingpong=0; private_global=1; MemPort=[21]; IO mode=ap_memory:ce=0
---------------- STG Properties END ------------------

---------------- Datapath Model BEGIN ----------------

<LifeTime>
<method=bitvector/>
spectopmodule_ln0   (spectopmodule    ) [ 0000000000000000000000000000000000000000000000]
specbitsmap_ln0     (specbitsmap      ) [ 0000000000000000000000000000000000000000000000]
specinterface_ln0   (specinterface    ) [ 0000000000000000000000000000000000000000000000]
specbitsmap_ln0     (specbitsmap      ) [ 0000000000000000000000000000000000000000000000]
specinterface_ln0   (specinterface    ) [ 0000000000000000000000000000000000000000000000]
specbitsmap_ln0     (specbitsmap      ) [ 0000000000000000000000000000000000000000000000]
specinterface_ln0   (specinterface    ) [ 0000000000000000000000000000000000000000000000]
specbitsmap_ln0     (specbitsmap      ) [ 0000000000000000000000000000000000000000000000]
specinterface_ln0   (specinterface    ) [ 0000000000000000000000000000000000000000000000]
len_read            (read             ) [ 0000000000000000000000000000000000000000000000]
p_shl               (bitconcatenate   ) [ 0000000000000000000000000000000000000000000000]
tmp                 (bitconcatenate   ) [ 0000000000000000000000000000000000000000000000]
p_shl2              (zext             ) [ 0000000000000000000000000000000000000000000000]
bound               (sub              ) [ 0011110000000000000000000000000000000000000000]
br_ln12             (br               ) [ 0111110000000000000000000000000000000000000000]
indvar_flatten      (phi              ) [ 0010000000000000000000000000000000000000000000]
j                   (phi              ) [ 0011000000000000000000000000000000000000000000]
add_ln12            (add              ) [ 0111110000000000000000000000000000000000000000]
specpipeline_ln0    (specpipeline     ) [ 0000000000000000000000000000000000000000000000]
icmp_ln12           (icmp             ) [ 0011110000000000000000000000000000000000000000]
br_ln12             (br               ) [ 0000000000000000000000000000000000000000000000]
vecs_read           (read             ) [ 0000000000000000000000000000000000000000000000]
zext_ln15           (zext             ) [ 0011100000000000000000000000000000000000000000]
coeffs_read         (read             ) [ 0000000000000000000000000000000000000000000000]
zext_ln15_1         (zext             ) [ 0011100000000000000000000000000000000000000000]
icmp_ln14           (icmp             ) [ 0000000000000000000000000000000000000000000000]
select_ln12         (select           ) [ 0000000000000000000000000000000000000000000000]
j_cast              (zext             ) [ 0000000000000000000000000000000000000000000000]
accumulators_addr_1 (getelementptr    ) [ 0010110000000000000000000000000000000000000000]
add_ln14            (add              ) [ 0110110000000000000000000000000000000000000000]
mul_ln15            (mul              ) [ 0000000000000000000000000000000000000000000000]
zext_ln15_2         (zext             ) [ 0010010000000000000000000000000000000000000000]
accumulators_load_1 (load             ) [ 0010010000000000000000000000000000000000000000]
specloopname_ln0    (specloopname     ) [ 0000000000000000000000000000000000000000000000]
specpipeline_ln0    (specpipeline     ) [ 0000000000000000000000000000000000000000000000]
specloopname_ln14   (specloopname     ) [ 0000000000000000000000000000000000000000000000]
add_ln15            (add              ) [ 0000000000000000000000000000000000000000000000]
store_ln15          (store            ) [ 0000000000000000000000000000000000000000000000]
br_ln0              (br               ) [ 0111110000000000000000000000000000000000000000]
br_ln19             (br               ) [ 0000001111111111111111111111111111111111111111]
i                   (phi              ) [ 0000000100000000000000000000000000000000000000]
add_ln19            (add              ) [ 0000001111111111111111111111111111111111111111]
zext_ln19           (zext             ) [ 0000000000000000000000000000000000000000000000]
icmp_ln19           (icmp             ) [ 0000000111111111111111111111111111111111111111]
empty               (speclooptripcount) [ 0000000000000000000000000000000000000000000000]
br_ln19             (br               ) [ 0000000000000000000000000000000000000000000000]
accumulators_addr   (getelementptr    ) [ 0000000010000000000000000000000000000000000000]
ret_ln36            (ret              ) [ 0000000000000000000000000000000000000000000000]
accumulators_load   (load             ) [ 0000000001111111111111111111111111111111111110]
urem_ln28           (urem             ) [ 0000000000000000000000000000000000000000000000]
trunc_ln28          (trunc            ) [ 0000000000000000000000000000000000000000000000]
write_ln28          (write            ) [ 0000000000000000000000000000000000000000000000]
specloopname_ln19   (specloopname     ) [ 0000000000000000000000000000000000000000000000]
empty_6             (read             ) [ 0000000000000000000000000000000000000000000000]
br_ln0              (br               ) [ 0000001111111111111111111111111111111111111111]
</LifeTime>

<model>

<comp_list>
<comp id="0" class="1000" name="vecs">
<pin_list>
<pin id="1" dir="1" index="0" bw="1" slack="0"/>
</pin_list>
<bind>
<StgValue><ssdm name="vecs"/></StgValue>
</bind>
</comp>

<comp id="2" class="1000" name="coeffs">
<pin_list>
<pin id="3" dir="1" index="0" bw="1" slack="0"/>
</pin_list>
<bind>
<StgValue><ssdm name="coeffs"/></StgValue>
</bind>
</comp>

<comp id="4" class="1000" name="len">
<pin_list>
<pin id="5" dir="1" index="0" bw="1" slack="0"/>
</pin_list>
<bind>
<StgValue><ssdm name="len"/></StgValue>
</bind>
</comp>

<comp id="6" class="1000" name="out_r">
<pin_list>
<pin id="7" dir="1" index="0" bw="1" slack="0"/>
</pin_list>
<bind>
<StgValue><ssdm name="out_r"/></StgValue>
</bind>
</comp>

<comp id="8" class="1000" name="accumulators">
<pin_list>
<pin id="9" dir="1" index="0" bw="1" slack="0"/>
</pin_list>
<bind>
<StgValue><ssdm name="accumulators"/><MemPortTyVec>2 1 </MemPortTyVec>
</StgValue>
</bind>
</comp>

<comp id="10" class="1001" name="const_10">
<pin_list>
<pin id="11" dir="1" index="0" bw="1" slack="2147483647"/>
</pin_list>
<bind>
<StgValue><ssdm name="_ssdm_op_SpecTopModule"/></StgValue>
</bind>
</comp>

<comp id="12" class="1001" name="const_12">
<pin_list>
<pin id="13" dir="1" index="0" bw="1" slack="2147483647"/>
</pin_list>
<bind>
<StgValue><ssdm name="empty_1"/></StgValue>
</bind>
</comp>

<comp id="14" class="1001" name="const_14">
<pin_list>
<pin id="15" dir="1" index="0" bw="1" slack="2147483647"/>
</pin_list>
<bind>
<StgValue><ssdm name="_ssdm_op_SpecBitsMap"/></StgValue>
</bind>
</comp>

<comp id="16" class="1001" name="const_16">
<pin_list>
<pin id="17" dir="1" index="0" bw="1" slack="2147483647"/>
</pin_list>
<bind>
<StgValue><ssdm name="_ssdm_op_SpecInterface"/></StgValue>
</bind>
</comp>

<comp id="18" class="1001" name="const_18">
<pin_list>
<pin id="19" dir="1" index="0" bw="1" slack="2147483647"/>
</pin_list>
<bind>
<StgValue><ssdm name="empty"/></StgValue>
</bind>
</comp>

<comp id="20" class="1001" name="const_20">
<pin_list>
<pin id="21" dir="1" index="0" bw="1" slack="2147483647"/>
</pin_list>
<bind>
<StgValue><ssdm name=""/></StgValue>
</bind>
</comp>

<comp id="22" class="1001" name="const_22">
<pin_list>
<pin id="23" dir="1" index="0" bw="1" slack="2147483647"/>
</pin_list>
<bind>
<StgValue><ssdm name="empty_0"/></StgValue>
</bind>
</comp>

<comp id="24" class="1001" name="const_24">
<pin_list>
<pin id="25" dir="1" index="0" bw="1" slack="0"/>
</pin_list>
<bind>
<StgValue><ssdm name="_ssdm_op_Read.ap_auto.i32"/></StgValue>
</bind>
</comp>

<comp id="26" class="1001" name="const_26">
<pin_list>
<pin id="27" dir="1" index="0" bw="1" slack="0"/>
</pin_list>
<bind>
<StgValue><ssdm name="_ssdm_op_BitConcatenate.i38.i32.i6"/></StgValue>
</bind>
</comp>

<comp id="28" class="1001" name="const_28">
<pin_list>
<pin id="29" dir="1" index="0" bw="1" slack="0"/>
</pin_list>
<bind>
<StgValue><ssdm name=""/></StgValue>
</bind>
</comp>

<comp id="30" class="1001" name="const_30">
<pin_list>
<pin id="31" dir="1" index="0" bw="1" slack="0"/>
</pin_list>
<bind>
<StgValue><ssdm name="_ssdm_op_BitConcatenate.i34.i32.i2"/></StgValue>
</bind>
</comp>

<comp id="32" class="1001" name="const_32">
<pin_list>
<pin id="33" dir="1" index="0" bw="1" slack="0"/>
</pin_list>
<bind>
<StgValue><ssdm name=""/></StgValue>
</bind>
</comp>

<comp id="34" class="1001" name="const_34">
<pin_list>
<pin id="35" dir="1" index="0" bw="1" slack="1"/>
</pin_list>
<bind>
<StgValue><ssdm name=""/></StgValue>
</bind>
</comp>

<comp id="36" class="1001" name="const_36">
<pin_list>
<pin id="37" dir="1" index="0" bw="1" slack="0"/>
</pin_list>
<bind>
<StgValue><ssdm name=""/></StgValue>
</bind>
</comp>

<comp id="38" class="1001" name="const_38">
<pin_list>
<pin id="39" dir="1" index="0" bw="1" slack="2147483647"/>
</pin_list>
<bind>
<StgValue><ssdm name="_ssdm_op_SpecPipeline"/></StgValue>
</bind>
</comp>

<comp id="40" class="1001" name="const_40">
<pin_list>
<pin id="41" dir="1" index="0" bw="1" slack="2147483647"/>
</pin_list>
<bind>
<StgValue><ssdm name=""/></StgValue>
</bind>
</comp>

<comp id="42" class="1001" name="const_42">
<pin_list>
<pin id="43" dir="1" index="0" bw="1" slack="2147483647"/>
</pin_list>
<bind>
<StgValue><ssdm name=""/></StgValue>
</bind>
</comp>

<comp id="44" class="1001" name="const_44">
<pin_list>
<pin id="45" dir="1" index="0" bw="1" slack="2147483647"/>
</pin_list>
<bind>
<StgValue><ssdm name="p_str"/></StgValue>
</bind>
</comp>

<comp id="46" class="1001" name="const_46">
<pin_list>
<pin id="47" dir="1" index="0" bw="1" slack="0"/>
</pin_list>
<bind>
<StgValue><ssdm name="_ssdm_op_Read.ap_auto.volatile.i8P0A"/></StgValue>
</bind>
</comp>

<comp id="48" class="1001" name="const_48">
<pin_list>
<pin id="49" dir="1" index="0" bw="1" slack="0"/>
</pin_list>
<bind>
<StgValue><ssdm name=""/></StgValue>
</bind>
</comp>

<comp id="50" class="1001" name="const_50">
<pin_list>
<pin id="51" dir="1" index="0" bw="1" slack="0"/>
</pin_list>
<bind>
<StgValue><ssdm name=""/></StgValue>
</bind>
</comp>

<comp id="52" class="1001" name="const_52">
<pin_list>
<pin id="53" dir="1" index="0" bw="1" slack="0"/>
</pin_list>
<bind>
<StgValue><ssdm name=""/></StgValue>
</bind>
</comp>

<comp id="54" class="1001" name="const_54">
<pin_list>
<pin id="55" dir="1" index="0" bw="1" slack="2147483647"/>
</pin_list>
<bind>
<StgValue><ssdm name="_ssdm_op_SpecLoopName"/></StgValue>
</bind>
</comp>

<comp id="56" class="1001" name="const_56">
<pin_list>
<pin id="57" dir="1" index="0" bw="1" slack="2147483647"/>
</pin_list>
<bind>
<StgValue><ssdm name="LOOP_LC1_LOOP_LC12_str"/></StgValue>
</bind>
</comp>

<comp id="58" class="1001" name="const_58">
<pin_list>
<pin id="59" dir="1" index="0" bw="1" slack="2147483647"/>
</pin_list>
<bind>
<StgValue><ssdm name="empty_3"/></StgValue>
</bind>
</comp>

<comp id="60" class="1001" name="const_60">
<pin_list>
<pin id="61" dir="1" index="0" bw="1" slack="2147483647"/>
</pin_list>
<bind>
<StgValue><ssdm name="_ssdm_op_SpecLoopTripCount"/></StgValue>
</bind>
</comp>

<comp id="62" class="1001" name="const_62">
<pin_list>
<pin id="63" dir="1" index="0" bw="1" slack="2147483647"/>
</pin_list>
<bind>
<StgValue><ssdm name=""/></StgValue>
</bind>
</comp>

<comp id="64" class="1001" name="const_64">
<pin_list>
<pin id="65" dir="1" index="0" bw="1" slack="0"/>
</pin_list>
<bind>
<StgValue><ssdm name=""/></StgValue>
</bind>
</comp>

<comp id="66" class="1001" name="const_66">
<pin_list>
<pin id="67" dir="1" index="0" bw="1" slack="0"/>
</pin_list>
<bind>
<StgValue><ssdm name="_ssdm_op_Write.ap_auto.volatile.i8P0A"/></StgValue>
</bind>
</comp>

<comp id="68" class="1001" name="const_68">
<pin_list>
<pin id="69" dir="1" index="0" bw="1" slack="2147483647"/>
</pin_list>
<bind>
<StgValue><ssdm name="empty_2"/></StgValue>
</bind>
</comp>

<comp id="70" class="1004" name="len_read_read_fu_70">
<pin_list>
<pin id="71" dir="0" index="0" bw="32" slack="0"/>
<pin id="72" dir="0" index="1" bw="32" slack="0"/>
<pin id="73" dir="1" index="2" bw="32" slack="0"/>
</pin_list>
<bind>
<opcode="read(1150) " fcode="read"/>
<opset="len_read/1 "/>
</bind>
</comp>

<comp id="76" class="1004" name="vecs_read_read_fu_76">
<pin_list>
<pin id="77" dir="0" index="0" bw="8" slack="0"/>
<pin id="78" dir="0" index="1" bw="8" slack="0"/>
<pin id="79" dir="1" index="2" bw="8" slack="0"/>
</pin_list>
<bind>
<opcode="read(1150) " fcode="read"/>
<opset="vecs_read/2 "/>
</bind>
</comp>

<comp id="82" class="1004" name="coeffs_read_read_fu_82">
<pin_list>
<pin id="83" dir="0" index="0" bw="8" slack="0"/>
<pin id="84" dir="0" index="1" bw="8" slack="0"/>
<pin id="85" dir="1" index="2" bw="8" slack="0"/>
</pin_list>
<bind>
<opcode="read(1150) " fcode="read"/>
<opset="coeffs_read/2 "/>
</bind>
</comp>

<comp id="88" class="1004" name="write_ln28_write_fu_88">
<pin_list>
<pin id="89" dir="0" index="0" bw="0" slack="0"/>
<pin id="90" dir="0" index="1" bw="8" slack="0"/>
<pin id="91" dir="0" index="2" bw="8" slack="0"/>
<pin id="92" dir="1" index="3" bw="0" slack="2147483647"/>
</pin_list>
<bind>
<opcode="write(1151) " fcode="write"/>
<opset="write_ln28/44 "/>
</bind>
</comp>

<comp id="95" class="1004" name="empty_6_read_fu_95">
<pin_list>
<pin id="96" dir="0" index="0" bw="8" slack="0"/>
<pin id="97" dir="0" index="1" bw="8" slack="0"/>
<pin id="98" dir="1" index="2" bw="8" slack="2147483647"/>
</pin_list>
<bind>
<opcode="read(1150) " fcode="read"/>
<opset="empty_6/45 "/>
</bind>
</comp>

<comp id="101" class="1004" name="accumulators_addr_1_gep_fu_101">
<pin_list>
<pin id="102" dir="0" index="0" bw="32" slack="0"/>
<pin id="103" dir="0" index="1" bw="1" slack="0"/>
<pin id="104" dir="0" index="2" bw="6" slack="0"/>
<pin id="105" dir="1" index="3" bw="6" slack="0"/>
</pin_list>
<bind>
<opcode="getelementptr(29) " fcode="getelementptr"/>
<opset="accumulators_addr_1/3 "/>
</bind>
</comp>

<comp id="108" class="1004" name="grp_access_fu_108">
<pin_list>
<pin id="109" dir="0" index="0" bw="6" slack="0"/>
<pin id="110" dir="0" index="1" bw="32" slack="0"/>
<pin id="111" dir="0" index="2" bw="0" slack="0"/>
<pin id="113" dir="0" index="4" bw="6" slack="2147483647"/>
<pin id="114" dir="0" index="5" bw="32" slack="2147483647"/>
<pin id="115" dir="0" index="6" bw="0" slack="2147483647"/>
<pin id="112" dir="1" index="3" bw="32" slack="1"/>
<pin id="116" dir="1" index="7" bw="32" slack="0"/>
</pin_list>
<bind>
<opcode="load(27) store(28) " fcode="load"/>
<opset="accumulators_load_1/3 store_ln15/5 accumulators_load/7 "/>
</bind>
</comp>

<comp id="118" class="1004" name="accumulators_addr_gep_fu_118">
<pin_list>
<pin id="119" dir="0" index="0" bw="32" slack="0"/>
<pin id="120" dir="0" index="1" bw="1" slack="0"/>
<pin id="121" dir="0" index="2" bw="6" slack="0"/>
<pin id="122" dir="1" index="3" bw="6" slack="0"/>
</pin_list>
<bind>
<opcode="getelementptr(29) " fcode="getelementptr"/>
<opset="accumulators_addr/7 "/>
</bind>
</comp>

<comp id="126" class="1005" name="indvar_flatten_reg_126">
<pin_list>
<pin id="127" dir="0" index="0" bw="38" slack="1"/>
<pin id="128" dir="1" index="1" bw="38" slack="1"/>
</pin_list>
<bind>
<opset="indvar_flatten (phireg) "/>
</bind>
</comp>

<comp id="130" class="1004" name="indvar_flatten_phi_fu_130">
<pin_list>
<pin id="131" dir="0" index="0" bw="1" slack="1"/>
<pin id="132" dir="0" index="1" bw="0" slack="2147483647"/>
<pin id="133" dir="0" index="2" bw="38" slack="0"/>
<pin id="134" dir="0" index="3" bw="0" slack="2147483647"/>
<pin id="135" dir="1" index="4" bw="38" slack="0"/>
</pin_list>
<bind>
<opcode="phi(47) " fcode="phi"/>
<opset="indvar_flatten/2 "/>
</bind>
</comp>

<comp id="137" class="1005" name="j_reg_137">
<pin_list>
<pin id="138" dir="0" index="0" bw="6" slack="1"/>
<pin id="139" dir="1" index="1" bw="6" slack="1"/>
</pin_list>
<bind>
<opset="j (phireg) "/>
</bind>
</comp>

<comp id="141" class="1004" name="j_phi_fu_141">
<pin_list>
<pin id="142" dir="0" index="0" bw="1" slack="1"/>
<pin id="143" dir="0" index="1" bw="0" slack="2147483647"/>
<pin id="144" dir="0" index="2" bw="6" slack="1"/>
<pin id="145" dir="0" index="3" bw="0" slack="2147483647"/>
<pin id="146" dir="1" index="4" bw="6" slack="1"/>
</pin_list>
<bind>
<opcode="phi(47) " fcode="phi"/>
<opset="j/2 "/>
</bind>
</comp>

<comp id="149" class="1005" name="i_reg_149">
<pin_list>
<pin id="150" dir="0" index="0" bw="6" slack="1"/>
<pin id="151" dir="1" index="1" bw="6" slack="1"/>
</pin_list>
<bind>
<opset="i (phireg) "/>
</bind>
</comp>

<comp id="153" class="1004" name="i_phi_fu_153">
<pin_list>
<pin id="154" dir="0" index="0" bw="6" slack="0"/>
<pin id="155" dir="0" index="1" bw="0" slack="2147483647"/>
<pin id="156" dir="0" index="2" bw="1" slack="1"/>
<pin id="157" dir="0" index="3" bw="0" slack="2147483647"/>
<pin id="158" dir="1" index="4" bw="6" slack="0"/>
</pin_list>
<bind>
<opcode="phi(47) " fcode="phi"/>
<opset="i/7 "/>
</bind>
</comp>

<comp id="160" class="1005" name="reg_160">
<pin_list>
<pin id="161" dir="0" index="0" bw="32" slack="1"/>
<pin id="162" dir="1" index="1" bw="32" slack="1"/>
</pin_list>
<bind>
<opset="accumulators_load_1 accumulators_load "/>
</bind>
</comp>

<comp id="165" class="1004" name="p_shl_fu_165">
<pin_list>
<pin id="166" dir="0" index="0" bw="38" slack="0"/>
<pin id="167" dir="0" index="1" bw="32" slack="0"/>
<pin id="168" dir="0" index="2" bw="1" slack="0"/>
<pin id="169" dir="1" index="3" bw="38" slack="0"/>
</pin_list>
<bind>
<opcode="bitconcatenate(1004) " fcode="bitconcatenate"/>
<opset="p_shl/1 "/>
</bind>
</comp>

<comp id="173" class="1004" name="tmp_fu_173">
<pin_list>
<pin id="174" dir="0" index="0" bw="34" slack="0"/>
<pin id="175" dir="0" index="1" bw="32" slack="0"/>
<pin id="176" dir="0" index="2" bw="1" slack="0"/>
<pin id="177" dir="1" index="3" bw="34" slack="0"/>
</pin_list>
<bind>
<opcode="bitconcatenate(1004) " fcode="bitconcatenate"/>
<opset="tmp/1 "/>
</bind>
</comp>

<comp id="181" class="1004" name="p_shl2_fu_181">
<pin_list>
<pin id="182" dir="0" index="0" bw="34" slack="0"/>
<pin id="183" dir="1" index="1" bw="38" slack="0"/>
</pin_list>
<bind>
<opcode="zext(34) " fcode="zext"/>
<opset="p_shl2/1 "/>
</bind>
</comp>

<comp id="185" class="1004" name="bound_fu_185">
<pin_list>
<pin id="186" dir="0" index="0" bw="38" slack="0"/>
<pin id="187" dir="0" index="1" bw="34" slack="0"/>
<pin id="188" dir="1" index="2" bw="38" slack="1"/>
</pin_list>
<bind>
<opcode="sub(10) " fcode="sub"/>
<opset="bound/1 "/>
</bind>
</comp>

<comp id="191" class="1004" name="add_ln12_fu_191">
<pin_list>
<pin id="192" dir="0" index="0" bw="38" slack="0"/>
<pin id="193" dir="0" index="1" bw="1" slack="0"/>
<pin id="194" dir="1" index="2" bw="38" slack="0"/>
</pin_list>
<bind>
<opcode="add(8) " fcode="add"/>
<opset="add_ln12/2 "/>
</bind>
</comp>

<comp id="197" class="1004" name="icmp_ln12_fu_197">
<pin_list>
<pin id="198" dir="0" index="0" bw="38" slack="0"/>
<pin id="199" dir="0" index="1" bw="38" slack="1"/>
<pin id="200" dir="1" index="2" bw="1" slack="1"/>
</pin_list>
<bind>
<opcode="icmp(45) " fcode="icmp"/>
<opset="icmp_ln12/2 "/>
</bind>
</comp>

<comp id="202" class="1004" name="zext_ln15_fu_202">
<pin_list>
<pin id="203" dir="0" index="0" bw="8" slack="0"/>
<pin id="204" dir="1" index="1" bw="16" slack="0"/>
</pin_list>
<bind>
<opcode="zext(34) " fcode="zext"/>
<opset="zext_ln15/2 "/>
</bind>
</comp>

<comp id="206" class="1004" name="zext_ln15_1_fu_206">
<pin_list>
<pin id="207" dir="0" index="0" bw="8" slack="0"/>
<pin id="208" dir="1" index="1" bw="16" slack="0"/>
</pin_list>
<bind>
<opcode="zext(34) " fcode="zext"/>
<opset="zext_ln15_1/2 "/>
</bind>
</comp>

<comp id="210" class="1004" name="icmp_ln14_fu_210">
<pin_list>
<pin id="211" dir="0" index="0" bw="6" slack="1"/>
<pin id="212" dir="0" index="1" bw="6" slack="0"/>
<pin id="213" dir="1" index="2" bw="1" slack="0"/>
</pin_list>
<bind>
<opcode="icmp(45) " fcode="icmp"/>
<opset="icmp_ln14/3 "/>
</bind>
</comp>

<comp id="216" class="1004" name="select_ln12_fu_216">
<pin_list>
<pin id="217" dir="0" index="0" bw="1" slack="0"/>
<pin id="218" dir="0" index="1" bw="6" slack="0"/>
<pin id="219" dir="0" index="2" bw="6" slack="1"/>
<pin id="220" dir="1" index="3" bw="6" slack="0"/>
</pin_list>
<bind>
<opcode="select(49) " fcode="select"/>
<opset="select_ln12/3 "/>
</bind>
</comp>

<comp id="224" class="1004" name="j_cast_fu_224">
<pin_list>
<pin id="225" dir="0" index="0" bw="6" slack="0"/>
<pin id="226" dir="1" index="1" bw="64" slack="0"/>
</pin_list>
<bind>
<opcode="zext(34) " fcode="zext"/>
<opset="j_cast/3 "/>
</bind>
</comp>

<comp id="229" class="1004" name="add_ln14_fu_229">
<pin_list>
<pin id="230" dir="0" index="0" bw="6" slack="0"/>
<pin id="231" dir="0" index="1" bw="1" slack="0"/>
<pin id="232" dir="1" index="2" bw="6" slack="1"/>
</pin_list>
<bind>
<opcode="add(8) " fcode="add"/>
<opset="add_ln14/3 "/>
</bind>
</comp>

<comp id="235" class="1004" name="add_ln19_fu_235">
<pin_list>
<pin id="236" dir="0" index="0" bw="6" slack="0"/>
<pin id="237" dir="0" index="1" bw="1" slack="0"/>
<pin id="238" dir="1" index="2" bw="6" slack="0"/>
</pin_list>
<bind>
<opcode="add(8) " fcode="add"/>
<opset="add_ln19/7 "/>
</bind>
</comp>

<comp id="241" class="1004" name="zext_ln19_fu_241">
<pin_list>
<pin id="242" dir="0" index="0" bw="6" slack="0"/>
<pin id="243" dir="1" index="1" bw="64" slack="0"/>
</pin_list>
<bind>
<opcode="zext(34) " fcode="zext"/>
<opset="zext_ln19/7 "/>
</bind>
</comp>

<comp id="246" class="1004" name="icmp_ln19_fu_246">
<pin_list>
<pin id="247" dir="0" index="0" bw="6" slack="0"/>
<pin id="248" dir="0" index="1" bw="6" slack="0"/>
<pin id="249" dir="1" index="2" bw="1" slack="2147483647"/>
</pin_list>
<bind>
<opcode="icmp(45) " fcode="icmp"/>
<opset="icmp_ln19/7 "/>
</bind>
</comp>

<comp id="252" class="1004" name="grp_fu_252">
<pin_list>
<pin id="253" dir="0" index="0" bw="32" slack="1"/>
<pin id="254" dir="0" index="1" bw="6" slack="0"/>
<pin id="255" dir="1" index="2" bw="8" slack="0"/>
</pin_list>
<bind>
<opcode="urem(17) " fcode="urem"/>
<opset="urem_ln28/9 "/>
</bind>
</comp>

<comp id="258" class="1004" name="trunc_ln28_fu_258">
<pin_list>
<pin id="259" dir="0" index="0" bw="6" slack="0"/>
<pin id="260" dir="1" index="1" bw="8" slack="0"/>
</pin_list>
<bind>
<opcode="trunc(33) " fcode="trunc"/>
<opset="trunc_ln28/44 "/>
</bind>
</comp>

<comp id="263" class="1007" name="grp_fu_263">
<pin_list>
<pin id="264" dir="0" index="0" bw="8" slack="0"/>
<pin id="265" dir="0" index="1" bw="8" slack="0"/>
<pin id="266" dir="0" index="2" bw="32" slack="0"/>
<pin id="267" dir="1" index="3" bw="32" slack="0"/>
</pin_list>
<bind>
<opcode="muladd(1172) " fcode="muladd"/>
<opset="mul_ln15/2 zext_ln15_2/4 add_ln15/4 "/>
</bind>
</comp>

<comp id="272" class="1005" name="bound_reg_272">
<pin_list>
<pin id="273" dir="0" index="0" bw="38" slack="1"/>
<pin id="274" dir="1" index="1" bw="38" slack="1"/>
</pin_list>
<bind>
<opset="bound "/>
</bind>
</comp>

<comp id="277" class="1005" name="add_ln12_reg_277">
<pin_list>
<pin id="278" dir="0" index="0" bw="38" slack="0"/>
<pin id="279" dir="1" index="1" bw="38" slack="0"/>
</pin_list>
<bind>
<opset="add_ln12 "/>
</bind>
</comp>

<comp id="282" class="1005" name="icmp_ln12_reg_282">
<pin_list>
<pin id="283" dir="0" index="0" bw="1" slack="1"/>
<pin id="284" dir="1" index="1" bw="1" slack="2147483647"/>
</pin_list>
<bind>
<opset="icmp_ln12 "/>
</bind>
</comp>

<comp id="286" class="1005" name="zext_ln15_reg_286">
<pin_list>
<pin id="287" dir="0" index="0" bw="16" slack="1"/>
<pin id="288" dir="1" index="1" bw="16" slack="1"/>
</pin_list>
<bind>
<opset="zext_ln15 "/>
</bind>
</comp>

<comp id="291" class="1005" name="zext_ln15_1_reg_291">
<pin_list>
<pin id="292" dir="0" index="0" bw="16" slack="1"/>
<pin id="293" dir="1" index="1" bw="16" slack="1"/>
</pin_list>
<bind>
<opset="zext_ln15_1 "/>
</bind>
</comp>

<comp id="296" class="1005" name="accumulators_addr_1_reg_296">
<pin_list>
<pin id="297" dir="0" index="0" bw="6" slack="1"/>
<pin id="298" dir="1" index="1" bw="6" slack="1"/>
</pin_list>
<bind>
<opset="accumulators_addr_1 "/>
</bind>
</comp>

<comp id="302" class="1005" name="add_ln14_reg_302">
<pin_list>
<pin id="303" dir="0" index="0" bw="6" slack="1"/>
<pin id="304" dir="1" index="1" bw="6" slack="1"/>
</pin_list>
<bind>
<opset="add_ln14 "/>
</bind>
</comp>

<comp id="307" class="1005" name="add_ln19_reg_307">
<pin_list>
<pin id="308" dir="0" index="0" bw="6" slack="0"/>
<pin id="309" dir="1" index="1" bw="6" slack="0"/>
</pin_list>
<bind>
<opset="add_ln19 "/>
</bind>
</comp>

<comp id="315" class="1005" name="accumulators_addr_reg_315">
<pin_list>
<pin id="316" dir="0" index="0" bw="6" slack="1"/>
<pin id="317" dir="1" index="1" bw="6" slack="1"/>
</pin_list>
<bind>
<opset="accumulators_addr "/>
</bind>
</comp>

</comp_list>

<net_list>
<net id="74"><net_src comp="24" pin="0"/><net_sink comp="70" pin=0"/></net>

<net id="75"><net_src comp="4" pin="0"/><net_sink comp="70" pin=1"/></net>

<net id="80"><net_src comp="46" pin="0"/><net_sink comp="76" pin=0"/></net>

<net id="81"><net_src comp="0" pin="0"/><net_sink comp="76" pin=1"/></net>

<net id="86"><net_src comp="46" pin="0"/><net_sink comp="82" pin=0"/></net>

<net id="87"><net_src comp="2" pin="0"/><net_sink comp="82" pin=1"/></net>

<net id="93"><net_src comp="66" pin="0"/><net_sink comp="88" pin=0"/></net>

<net id="94"><net_src comp="6" pin="0"/><net_sink comp="88" pin=1"/></net>

<net id="99"><net_src comp="46" pin="0"/><net_sink comp="95" pin=0"/></net>

<net id="100"><net_src comp="6" pin="0"/><net_sink comp="95" pin=1"/></net>

<net id="106"><net_src comp="8" pin="0"/><net_sink comp="101" pin=0"/></net>

<net id="107"><net_src comp="50" pin="0"/><net_sink comp="101" pin=1"/></net>

<net id="117"><net_src comp="101" pin="3"/><net_sink comp="108" pin=2"/></net>

<net id="123"><net_src comp="8" pin="0"/><net_sink comp="118" pin=0"/></net>

<net id="124"><net_src comp="50" pin="0"/><net_sink comp="118" pin=1"/></net>

<net id="125"><net_src comp="118" pin="3"/><net_sink comp="108" pin=0"/></net>

<net id="129"><net_src comp="34" pin="0"/><net_sink comp="126" pin=0"/></net>

<net id="136"><net_src comp="126" pin="1"/><net_sink comp="130" pin=0"/></net>

<net id="140"><net_src comp="28" pin="0"/><net_sink comp="137" pin=0"/></net>

<net id="147"><net_src comp="137" pin="1"/><net_sink comp="141" pin=0"/></net>

<net id="148"><net_src comp="141" pin="4"/><net_sink comp="137" pin=0"/></net>

<net id="152"><net_src comp="28" pin="0"/><net_sink comp="149" pin=0"/></net>

<net id="159"><net_src comp="149" pin="1"/><net_sink comp="153" pin=2"/></net>

<net id="163"><net_src comp="108" pin="7"/><net_sink comp="160" pin=0"/></net>

<net id="164"><net_src comp="108" pin="3"/><net_sink comp="160" pin=0"/></net>

<net id="170"><net_src comp="26" pin="0"/><net_sink comp="165" pin=0"/></net>

<net id="171"><net_src comp="70" pin="2"/><net_sink comp="165" pin=1"/></net>

<net id="172"><net_src comp="28" pin="0"/><net_sink comp="165" pin=2"/></net>

<net id="178"><net_src comp="30" pin="0"/><net_sink comp="173" pin=0"/></net>

<net id="179"><net_src comp="70" pin="2"/><net_sink comp="173" pin=1"/></net>

<net id="180"><net_src comp="32" pin="0"/><net_sink comp="173" pin=2"/></net>

<net id="184"><net_src comp="173" pin="3"/><net_sink comp="181" pin=0"/></net>

<net id="189"><net_src comp="165" pin="3"/><net_sink comp="185" pin=0"/></net>

<net id="190"><net_src comp="181" pin="1"/><net_sink comp="185" pin=1"/></net>

<net id="195"><net_src comp="130" pin="4"/><net_sink comp="191" pin=0"/></net>

<net id="196"><net_src comp="36" pin="0"/><net_sink comp="191" pin=1"/></net>

<net id="201"><net_src comp="130" pin="4"/><net_sink comp="197" pin=0"/></net>

<net id="205"><net_src comp="76" pin="2"/><net_sink comp="202" pin=0"/></net>

<net id="209"><net_src comp="82" pin="2"/><net_sink comp="206" pin=0"/></net>

<net id="214"><net_src comp="137" pin="1"/><net_sink comp="210" pin=0"/></net>

<net id="215"><net_src comp="48" pin="0"/><net_sink comp="210" pin=1"/></net>

<net id="221"><net_src comp="210" pin="2"/><net_sink comp="216" pin=0"/></net>

<net id="222"><net_src comp="28" pin="0"/><net_sink comp="216" pin=1"/></net>

<net id="223"><net_src comp="137" pin="1"/><net_sink comp="216" pin=2"/></net>

<net id="227"><net_src comp="216" pin="3"/><net_sink comp="224" pin=0"/></net>

<net id="228"><net_src comp="224" pin="1"/><net_sink comp="101" pin=2"/></net>

<net id="233"><net_src comp="216" pin="3"/><net_sink comp="229" pin=0"/></net>

<net id="234"><net_src comp="52" pin="0"/><net_sink comp="229" pin=1"/></net>

<net id="239"><net_src comp="153" pin="4"/><net_sink comp="235" pin=0"/></net>

<net id="240"><net_src comp="52" pin="0"/><net_sink comp="235" pin=1"/></net>

<net id="244"><net_src comp="153" pin="4"/><net_sink comp="241" pin=0"/></net>

<net id="245"><net_src comp="241" pin="1"/><net_sink comp="118" pin=2"/></net>

<net id="250"><net_src comp="153" pin="4"/><net_sink comp="246" pin=0"/></net>

<net id="251"><net_src comp="48" pin="0"/><net_sink comp="246" pin=1"/></net>

<net id="256"><net_src comp="160" pin="1"/><net_sink comp="252" pin=0"/></net>

<net id="257"><net_src comp="64" pin="0"/><net_sink comp="252" pin=1"/></net>

<net id="261"><net_src comp="252" pin="2"/><net_sink comp="258" pin=0"/></net>

<net id="262"><net_src comp="258" pin="1"/><net_sink comp="88" pin=2"/></net>

<net id="268"><net_src comp="206" pin="1"/><net_sink comp="263" pin=0"/></net>

<net id="269"><net_src comp="202" pin="1"/><net_sink comp="263" pin=1"/></net>

<net id="270"><net_src comp="108" pin="7"/><net_sink comp="263" pin=2"/></net>

<net id="271"><net_src comp="263" pin="3"/><net_sink comp="108" pin=1"/></net>

<net id="275"><net_src comp="185" pin="2"/><net_sink comp="272" pin=0"/></net>

<net id="276"><net_src comp="272" pin="1"/><net_sink comp="197" pin=1"/></net>

<net id="280"><net_src comp="191" pin="2"/><net_sink comp="277" pin=0"/></net>

<net id="281"><net_src comp="277" pin="1"/><net_sink comp="130" pin=2"/></net>

<net id="285"><net_src comp="197" pin="2"/><net_sink comp="282" pin=0"/></net>

<net id="289"><net_src comp="202" pin="1"/><net_sink comp="286" pin=0"/></net>

<net id="290"><net_src comp="286" pin="1"/><net_sink comp="263" pin=1"/></net>

<net id="294"><net_src comp="206" pin="1"/><net_sink comp="291" pin=0"/></net>

<net id="295"><net_src comp="291" pin="1"/><net_sink comp="263" pin=0"/></net>

<net id="299"><net_src comp="101" pin="3"/><net_sink comp="296" pin=0"/></net>

<net id="300"><net_src comp="296" pin="1"/><net_sink comp="108" pin=2"/></net>

<net id="301"><net_src comp="296" pin="1"/><net_sink comp="108" pin=0"/></net>

<net id="305"><net_src comp="229" pin="2"/><net_sink comp="302" pin=0"/></net>

<net id="306"><net_src comp="302" pin="1"/><net_sink comp="141" pin=2"/></net>

<net id="310"><net_src comp="235" pin="2"/><net_sink comp="307" pin=0"/></net>

<net id="311"><net_src comp="307" pin="1"/><net_sink comp="153" pin=0"/></net>

<net id="318"><net_src comp="118" pin="3"/><net_sink comp="315" pin=0"/></net>

<net id="319"><net_src comp="315" pin="1"/><net_sink comp="108" pin=0"/></net>

</net_list>

</model> 
---------------- Datapath Model END ------------------

* FSMD analyzer results:
  - Output states:
	Port: out_r | {44 }
	Port: accumulators | {5 }
 - Input state : 
	Port: hls_linear_combination : vecs | {2 }
	Port: hls_linear_combination : coeffs | {2 }
	Port: hls_linear_combination : len | {1 }
	Port: hls_linear_combination : out_r | {45 }
	Port: hls_linear_combination : accumulators | {3 4 7 8 }
  - Chain level:
	State 1
		p_shl2 : 1
		bound : 2
	State 2
		add_ln12 : 1
		icmp_ln12 : 1
		br_ln12 : 2
		mul_ln15 : 1
	State 3
		select_ln12 : 1
		j_cast : 2
		accumulators_addr_1 : 3
		accumulators_load_1 : 4
		add_ln14 : 2
	State 4
		zext_ln15_2 : 1
		add_ln15 : 2
	State 5
		store_ln15 : 1
	State 6
	State 7
		add_ln19 : 1
		zext_ln19 : 1
		icmp_ln19 : 1
		br_ln19 : 2
		accumulators_addr : 2
		accumulators_load : 3
	State 8
	State 9
	State 10
	State 11
	State 12
	State 13
	State 14
	State 15
	State 16
	State 17
	State 18
	State 19
	State 20
	State 21
	State 22
	State 23
	State 24
	State 25
	State 26
	State 27
	State 28
	State 29
	State 30
	State 31
	State 32
	State 33
	State 34
	State 35
	State 36
	State 37
	State 38
	State 39
	State 40
	State 41
	State 42
	State 43
	State 44
		trunc_ln28 : 1
		write_ln28 : 2
	State 45


============================================================
+ Verbose Summary: Datapath Resource usage 
============================================================

* Functional unit list:
|----------|------------------------|---------|---------|---------|
| Operation|     Functional Unit    |   DSP   |    FF   |   LUT   |
|----------|------------------------|---------|---------|---------|
|   urem   |       grp_fu_252       |    0    |   394   |   238   |
|----------|------------------------|---------|---------|---------|
|          |     add_ln12_fu_191    |    0    |    0    |    45   |
|    add   |     add_ln14_fu_229    |    0    |    0    |    14   |
|          |     add_ln19_fu_235    |    0    |    0    |    14   |
|----------|------------------------|---------|---------|---------|
|    sub   |      bound_fu_185      |    0    |    0    |    45   |
|----------|------------------------|---------|---------|---------|
|          |    icmp_ln12_fu_197    |    0    |    0    |    20   |
|   icmp   |    icmp_ln14_fu_210    |    0    |    0    |    10   |
|          |    icmp_ln19_fu_246    |    0    |    0    |    10   |
|----------|------------------------|---------|---------|---------|
|  select  |   select_ln12_fu_216   |    0    |    0    |    6    |
|----------|------------------------|---------|---------|---------|
|  muladd  |       grp_fu_263       |    1    |    0    |    0    |
|----------|------------------------|---------|---------|---------|
|          |   len_read_read_fu_70  |    0    |    0    |    0    |
|   read   |  vecs_read_read_fu_76  |    0    |    0    |    0    |
|          | coeffs_read_read_fu_82 |    0    |    0    |    0    |
|          |   empty_6_read_fu_95   |    0    |    0    |    0    |
|----------|------------------------|---------|---------|---------|
|   write  | write_ln28_write_fu_88 |    0    |    0    |    0    |
|----------|------------------------|---------|---------|---------|
|bitconcatenate|      p_shl_fu_165      |    0    |    0    |    0    |
|          |       tmp_fu_173       |    0    |    0    |    0    |
|----------|------------------------|---------|---------|---------|
|          |      p_shl2_fu_181     |    0    |    0    |    0    |
|          |    zext_ln15_fu_202    |    0    |    0    |    0    |
|   zext   |   zext_ln15_1_fu_206   |    0    |    0    |    0    |
|          |      j_cast_fu_224     |    0    |    0    |    0    |
|          |    zext_ln19_fu_241    |    0    |    0    |    0    |
|----------|------------------------|---------|---------|---------|
|   trunc  |    trunc_ln28_fu_258   |    0    |    0    |    0    |
|----------|------------------------|---------|---------|---------|
|   Total  |                        |    1    |   394   |   402   |
|----------|------------------------|---------|---------|---------|

Memories:
+------------+--------+--------+--------+
|            |  BRAM  |   FF   |   LUT  |
+------------+--------+--------+--------+
|accumulators|    2   |    0   |    0   |
+------------+--------+--------+--------+
|    Total   |    2   |    0   |    0   |
+------------+--------+--------+--------+

* Register list:
+---------------------------+--------+
|                           |   FF   |
+---------------------------+--------+
|accumulators_addr_1_reg_296|    6   |
| accumulators_addr_reg_315 |    6   |
|      add_ln12_reg_277     |   38   |
|      add_ln14_reg_302     |    6   |
|      add_ln19_reg_307     |    6   |
|       bound_reg_272       |   38   |
|         i_reg_149         |    6   |
|     icmp_ln12_reg_282     |    1   |
|   indvar_flatten_reg_126  |   38   |
|         j_reg_137         |    6   |
|          reg_160          |   32   |
|    zext_ln15_1_reg_291    |   16   |
|     zext_ln15_reg_286     |   16   |
+---------------------------+--------+
|           Total           |   215  |
+---------------------------+--------+

* Multiplexer (MUX) list: 
|-------------------|------|------|------|--------||---------||---------|
|        Comp       |  Pin | Size |  BW  | S x BW ||  Delay  ||   LUT   |
|-------------------|------|------|------|--------||---------||---------|
| grp_access_fu_108 |  p0  |   3  |   6  |   18   ||    14   |
| grp_access_fu_108 |  p2  |   2  |   0  |    0   ||    9    |
|     j_reg_137     |  p0  |   2  |   6  |   12   ||    9    |
|      reg_160      |  p0  |   2  |  32  |   64   ||    9    |
|     grp_fu_263    |  p0  |   2  |   8  |   16   ||    9    |
|     grp_fu_263    |  p1  |   2  |   8  |   16   ||    9    |
|-------------------|------|------|------|--------||---------||---------|
|       Total       |      |      |      |   126  ||  9.6473 ||    59   |
|-------------------|------|------|------|--------||---------||---------|



* Summary:
+-----------+--------+--------+--------+--------+--------+
|           |  BRAM  |   DSP  |  Delay |   FF   |   LUT  |
+-----------+--------+--------+--------+--------+--------+
|  Function |    -   |    1   |    -   |   394  |   402  |
|   Memory  |    2   |    -   |    -   |    0   |    0   |
|Multiplexer|    -   |    -   |    9   |    -   |   59   |
|  Register |    -   |    -   |    -   |   215  |    -   |
+-----------+--------+--------+--------+--------+--------+
|   Total   |    2   |    1   |    9   |   609  |   461  |
+-----------+--------+--------+--------+--------+--------+
