
*** Running vivado
    with args -log Mayo_sign_tdp_BigBRAM_2_0_1.vds -m64 -product Vivado -mode batch -messageDb vivado.pb -notrace -source Mayo_sign_tdp_BigBRAM_2_0_1.tcl


****** Vivado v2020.2 (64-bit)
  **** SW Build 3064766 on Wed Nov 18 09:12:47 MST 2020
  **** IP Build 3064653 on Wed Nov 18 14:17:31 MST 2020
    ** Copyright 1986-2020 Xilinx, Inc. All Rights Reserved.

source Mayo_sign_tdp_BigBRAM_2_0_1.tcl -notrace
INFO: [IP_Flow 19-234] Refreshing IP repositories
INFO: [IP_Flow 19-1700] Loaded user IP repository '/home/osm/Documents/Sect/SECT-MAYO/MAYO/vivado/ip_repo/mayo_axi_litev3/mayo_axi_litev3_3'.
INFO: [IP_Flow 19-1700] Loaded user IP repository '/home/osm/Documents/Sect/SECT-MAYO/MAYO/vivado/ip_repo/mayo-axi/Mayo_axi_1.0'.
INFO: [IP_Flow 19-1700] Loaded user IP repository '/home/osm/Documents/Sect/SECT-MAYO/MAYO/vivado/TRNG_project/TRNG_project.srcs'.
INFO: [IP_Flow 19-1700] Loaded user IP repository '/home/osm/Documents/Sect/SECT-MAYO/MAYO/vivado/ip_repo/shake128'.
INFO: [IP_Flow 19-1700] Loaded user IP repository '/home/osm/Documents/Sect/SECT-MAYO/MAYO/vivado/ip_repo/INTERFACES'.
INFO: [IP_Flow 19-2313] Loaded Vivado IP repository '/tools/Xilinx/Vivado/2020.2/data/ip'.
Command: synth_design -top Mayo_sign_tdp_BigBRAM_2_0_1 -part xc7z020clg484-1 -mode out_of_context
Starting synth_design
WARNING: [IP_Flow 19-3571] IP 'Mayo_sign_tdp_BigBRAM_2_0_1' is restricted:
* Module reference is stale and needs refreshing.
Attempting to get a license for feature 'Synthesis' and/or device 'xc7z020'
INFO: [Common 17-349] Got license for feature 'Synthesis' and/or device 'xc7z020'
INFO: [Device 21-403] Loading part xc7z020clg484-1
INFO: [Synth 8-7079] Multithreading enabled for synth_design using a maximum of 4 processes.
INFO: [Synth 8-7078] Launching helper process for spawning children vivado processes
INFO: [Synth 8-7075] Helper process launched with PID 3275495
---------------------------------------------------------------------------------
Starting RTL Elaboration : Time (s): cpu = 00:00:03 ; elapsed = 00:00:04 . Memory (MB): peak = 2367.832 ; gain = 0.000 ; free physical = 18801 ; free virtual = 25350
---------------------------------------------------------------------------------
WARNING: [Synth 8-5637] invalid to access ramfile from inside pure function initramfromfile [/home/osm/Documents/Sect/SECT-MAYO/MAYO/src/hdl/Utils/mem/BigBRAM_2.vhd:77]
WARNING: [Synth 8-1729] cannot call impure function initramfromfile from within pure function init_from_file_or_zeroes [/home/osm/Documents/Sect/SECT-MAYO/MAYO/src/hdl/Utils/mem/BigBRAM_2.vhd:87]
INFO: [Synth 8-638] synthesizing module 'Mayo_sign_tdp_BigBRAM_2_0_1' [/home/osm/Documents/Sect/SECT-MAYO/MAYO/vivado/hw-mayo/hw-mayo.gen/sources_1/bd/Mayo_sign/ip/Mayo_sign_tdp_BigBRAM_2_0_1/synth/Mayo_sign_tdp_BigBRAM_2_0_1.vhd:77]
	Parameter NB_COL bound to: 4 - type: integer 
	Parameter COL_WIDTH bound to: 8 - type: integer 
	Parameter RAM_PERFORMANCE bound to: LOW_LATENCY - type: string 
	Parameter INIT_FILE bound to: (null) - type: string 
INFO: [Synth 8-3491] module 'tdp_BigBRAM_2' declared at '/home/osm/Documents/Sect/SECT-MAYO/MAYO/src/hdl/Utils/mem/BigBRAM_2.vhd:8' bound to instance 'U0' of component 'tdp_BigBRAM_2' [/home/osm/Documents/Sect/SECT-MAYO/MAYO/vivado/hw-mayo/hw-mayo.gen/sources_1/bd/Mayo_sign/ip/Mayo_sign_tdp_BigBRAM_2_0_1/synth/Mayo_sign_tdp_BigBRAM_2_0_1.vhd:133]
INFO: [Synth 8-638] synthesizing module 'tdp_BigBRAM_2' [/home/osm/Documents/Sect/SECT-MAYO/MAYO/src/hdl/Utils/mem/BigBRAM_2.vhd:37]
	Parameter NB_COL bound to: 4 - type: integer 
	Parameter COL_WIDTH bound to: 8 - type: integer 
	Parameter RAM_PERFORMANCE bound to: LOW_LATENCY - type: string 
	Parameter INIT_FILE bound to: (null) - type: string 
INFO: [Synth 8-256] done synthesizing module 'tdp_BigBRAM_2' (1#1) [/home/osm/Documents/Sect/SECT-MAYO/MAYO/src/hdl/Utils/mem/BigBRAM_2.vhd:37]
INFO: [Synth 8-256] done synthesizing module 'Mayo_sign_tdp_BigBRAM_2_0_1' (2#1) [/home/osm/Documents/Sect/SECT-MAYO/MAYO/vivado/hw-mayo/hw-mayo.gen/sources_1/bd/Mayo_sign/ip/Mayo_sign_tdp_BigBRAM_2_0_1/synth/Mayo_sign_tdp_BigBRAM_2_0_1.vhd:77]
---------------------------------------------------------------------------------
Finished RTL Elaboration : Time (s): cpu = 00:00:14 ; elapsed = 00:00:27 . Memory (MB): peak = 2405.855 ; gain = 38.023 ; free physical = 20306 ; free virtual = 26860
---------------------------------------------------------------------------------
---------------------------------------------------------------------------------
Start Handling Custom Attributes
---------------------------------------------------------------------------------
---------------------------------------------------------------------------------
Finished Handling Custom Attributes : Time (s): cpu = 00:00:14 ; elapsed = 00:00:27 . Memory (MB): peak = 2405.855 ; gain = 38.023 ; free physical = 20305 ; free virtual = 26873
---------------------------------------------------------------------------------
---------------------------------------------------------------------------------
Finished RTL Optimization Phase 1 : Time (s): cpu = 00:00:14 ; elapsed = 00:00:27 . Memory (MB): peak = 2405.855 ; gain = 38.023 ; free physical = 20305 ; free virtual = 26872
---------------------------------------------------------------------------------
Netlist sorting complete. Time (s): cpu = 00:00:00 ; elapsed = 00:00:00 . Memory (MB): peak = 2405.855 ; gain = 0.000 ; free physical = 20285 ; free virtual = 26853
INFO: [Project 1-570] Preparing netlist for logic optimization

Processing XDC Constraints
Initializing timing engine
Completed Processing XDC Constraints

Netlist sorting complete. Time (s): cpu = 00:00:00 ; elapsed = 00:00:00 . Memory (MB): peak = 2478.793 ; gain = 0.000 ; free physical = 20157 ; free virtual = 26708
INFO: [Project 1-111] Unisim Transformation Summary:
No Unisim elements were transformed.

Constraint Validation Runtime : Time (s): cpu = 00:00:00.02 ; elapsed = 00:00:00.02 . Memory (MB): peak = 2478.793 ; gain = 0.000 ; free physical = 20155 ; free virtual = 26707
---------------------------------------------------------------------------------
Finished Constraint Validation : Time (s): cpu = 00:00:18 ; elapsed = 00:00:32 . Memory (MB): peak = 2478.793 ; gain = 110.961 ; free physical = 20276 ; free virtual = 26828
---------------------------------------------------------------------------------
---------------------------------------------------------------------------------
Start Loading Part and Timing Information
---------------------------------------------------------------------------------
Loading part: xc7z020clg484-1
---------------------------------------------------------------------------------
Finished Loading Part and Timing Information : Time (s): cpu = 00:00:18 ; elapsed = 00:00:32 . Memory (MB): peak = 2478.793 ; gain = 110.961 ; free physical = 20278 ; free virtual = 26829
---------------------------------------------------------------------------------
---------------------------------------------------------------------------------
Start Applying 'set_property' XDC Constraints
---------------------------------------------------------------------------------
---------------------------------------------------------------------------------
Finished applying 'set_property' XDC Constraints : Time (s): cpu = 00:00:18 ; elapsed = 00:00:32 . Memory (MB): peak = 2478.793 ; gain = 110.961 ; free physical = 20285 ; free virtual = 26837
---------------------------------------------------------------------------------
WARNING: [Synth 8-6841] Block RAM (ram_name_reg) originally specified as a Byte Wide Write Enable RAM cannot take advantage of ByteWide feature and is implemented with single write enable per RAM due to following reason.
(address width (16) is more than optimal threshold of 12. Implementing using BWWE will require more logic and timing would be suboptimal. Please use attribute ram_decomp = power if BWWE is desired.)
INFO: [Synth 8-3971] The signal "tdp_BigBRAM_2:/ram_name_reg" was recognized as a true dual port RAM template.
---------------------------------------------------------------------------------
Finished RTL Optimization Phase 2 : Time (s): cpu = 00:00:19 ; elapsed = 00:00:33 . Memory (MB): peak = 2478.793 ; gain = 110.961 ; free physical = 20233 ; free virtual = 26788
---------------------------------------------------------------------------------
---------------------------------------------------------------------------------
Start RTL Component Statistics 
---------------------------------------------------------------------------------
Detailed RTL Component Info : 
+---Registers : 
	               32 Bit    Registers := 2     
+---RAMs : 
	            2048K Bit	(65536 X 32 bit)          RAMs := 1     
+---Muxes : 
	   2 Input   32 Bit        Muxes := 12    
	   2 Input    8 Bit        Muxes := 2     
---------------------------------------------------------------------------------
Finished RTL Component Statistics 
---------------------------------------------------------------------------------
---------------------------------------------------------------------------------
Start Part Resource Summary
---------------------------------------------------------------------------------
Part Resources:
DSPs: 220 (col length:60)
BRAMs: 280 (col length: RAMB18 60 RAMB36 30)
---------------------------------------------------------------------------------
Finished Part Resource Summary
---------------------------------------------------------------------------------
---------------------------------------------------------------------------------
Start Cross Boundary and Area Optimization
---------------------------------------------------------------------------------
WARNING: [Synth 8-6841] Block RAM (U0/ram_name_reg) originally specified as a Byte Wide Write Enable RAM cannot take advantage of ByteWide feature and is implemented with single write enable per RAM due to following reason.
(address width (16) is more than optimal threshold of 12. Implementing using BWWE will require more logic and timing would be suboptimal. Please use attribute ram_decomp = power if BWWE is desired.)
INFO: [Synth 8-3971] The signal "Mayo_sign_tdp_BigBRAM_2_0_1/U0/ram_name_reg" was recognized as a true dual port RAM template.
---------------------------------------------------------------------------------
Finished Cross Boundary and Area Optimization : Time (s): cpu = 00:00:20 ; elapsed = 00:00:34 . Memory (MB): peak = 2478.793 ; gain = 110.961 ; free physical = 20201 ; free virtual = 26779
---------------------------------------------------------------------------------
---------------------------------------------------------------------------------
Start ROM, RAM, DSP, Shift Register and Retiming Reporting
---------------------------------------------------------------------------------

Block RAM: Preliminary Mapping	Report (see note below)
+----------------------------+-----------------+------------------------+---+---+------------------------+---+---+------------------+--------+--------+
|Module Name                 | RTL Object      | PORT A (Depth x Width) | W | R | PORT B (Depth x Width) | W | R | Ports driving FF | RAMB18 | RAMB36 | 
+----------------------------+-----------------+------------------------+---+---+------------------------+---+---+------------------+--------+--------+
|Mayo_sign_tdp_BigBRAM_2_0_1 | U0/ram_name_reg | 64 K x 32(READ_FIRST)  | W | R | 64 K x 32(READ_FIRST)  | W | R | Port A and B     | 0      | 64     | 
+----------------------------+-----------------+------------------------+---+---+------------------------+---+---+------------------+--------+--------+

Note: The table above is a preliminary report that shows the Block RAMs at the current stage of the synthesis flow. Some Block RAMs may be reimplemented as non Block RAM primitives later in the synthesis flow. Multiple instantiated Block RAMs are reported only once. 
---------------------------------------------------------------------------------
Finished ROM, RAM, DSP, Shift Register and Retiming Reporting
---------------------------------------------------------------------------------
---------------------------------------------------------------------------------
Start Applying XDC Timing Constraints
---------------------------------------------------------------------------------
---------------------------------------------------------------------------------
Finished Applying XDC Timing Constraints : Time (s): cpu = 00:00:24 ; elapsed = 00:00:38 . Memory (MB): peak = 2478.793 ; gain = 110.961 ; free physical = 19999 ; free virtual = 26577
---------------------------------------------------------------------------------
---------------------------------------------------------------------------------
Start Timing Optimization
---------------------------------------------------------------------------------
---------------------------------------------------------------------------------
Finished Timing Optimization : Time (s): cpu = 00:00:24 ; elapsed = 00:00:38 . Memory (MB): peak = 2478.793 ; gain = 110.961 ; free physical = 19998 ; free virtual = 26576
---------------------------------------------------------------------------------
---------------------------------------------------------------------------------
Start ROM, RAM, DSP, Shift Register and Retiming Reporting
---------------------------------------------------------------------------------

Block RAM: Final Mapping	Report
+----------------------------+-----------------+------------------------+---+---+------------------------+---+---+------------------+--------+--------+
|Module Name                 | RTL Object      | PORT A (Depth x Width) | W | R | PORT B (Depth x Width) | W | R | Ports driving FF | RAMB18 | RAMB36 | 
+----------------------------+-----------------+------------------------+---+---+------------------------+---+---+------------------+--------+--------+
|Mayo_sign_tdp_BigBRAM_2_0_1 | U0/ram_name_reg | 64 K x 32(READ_FIRST)  | W | R | 64 K x 32(READ_FIRST)  | W | R | Port A and B     | 0      | 64     | 
+----------------------------+-----------------+------------------------+---+---+------------------------+---+---+------------------+--------+--------+

---------------------------------------------------------------------------------
Finished ROM, RAM, DSP, Shift Register and Retiming Reporting
---------------------------------------------------------------------------------
---------------------------------------------------------------------------------
Start Technology Mapping
---------------------------------------------------------------------------------
INFO: [Synth 8-7052] The timing for the instance U0/ram_name_reg_0_1_0 (implemented as a Block RAM) might be sub-optimal as no optional output register could be merged into the ram block. Providing additional output register may help in improving timing.
INFO: [Synth 8-7052] The timing for the instance U0/ram_name_reg_0_1_0 (implemented as a Block RAM) might be sub-optimal as no optional output register could be merged into the ram block. Providing additional output register may help in improving timing.
INFO: [Synth 8-7052] The timing for the instance U0/ram_name_reg_0_1_1 (implemented as a Block RAM) might be sub-optimal as no optional output register could be merged into the ram block. Providing additional output register may help in improving timing.
INFO: [Synth 8-7052] The timing for the instance U0/ram_name_reg_0_1_1 (implemented as a Block RAM) might be sub-optimal as no optional output register could be merged into the ram block. Providing additional output register may help in improving timing.
INFO: [Synth 8-7052] The timing for the instance U0/ram_name_reg_0_1_2 (implemented as a Block RAM) might be sub-optimal as no optional output register could be merged into the ram block. Providing additional output register may help in improving timing.
INFO: [Synth 8-7052] The timing for the instance U0/ram_name_reg_0_1_2 (implemented as a Block RAM) might be sub-optimal as no optional output register could be merged into the ram block. Providing additional output register may help in improving timing.
INFO: [Synth 8-7052] The timing for the instance U0/ram_name_reg_0_1_3 (implemented as a Block RAM) might be sub-optimal as no optional output register could be merged into the ram block. Providing additional output register may help in improving timing.
INFO: [Synth 8-7052] The timing for the instance U0/ram_name_reg_0_1_3 (implemented as a Block RAM) might be sub-optimal as no optional output register could be merged into the ram block. Providing additional output register may help in improving timing.
INFO: [Synth 8-7052] The timing for the instance U0/ram_name_reg_0_1_4 (implemented as a Block RAM) might be sub-optimal as no optional output register could be merged into the ram block. Providing additional output register may help in improving timing.
INFO: [Synth 8-7052] The timing for the instance U0/ram_name_reg_0_1_4 (implemented as a Block RAM) might be sub-optimal as no optional output register could be merged into the ram block. Providing additional output register may help in improving timing.
INFO: [Synth 8-7052] The timing for the instance U0/ram_name_reg_0_1_5 (implemented as a Block RAM) might be sub-optimal as no optional output register could be merged into the ram block. Providing additional output register may help in improving timing.
INFO: [Synth 8-7052] The timing for the instance U0/ram_name_reg_0_1_5 (implemented as a Block RAM) might be sub-optimal as no optional output register could be merged into the ram block. Providing additional output register may help in improving timing.
INFO: [Synth 8-7052] The timing for the instance U0/ram_name_reg_0_1_6 (implemented as a Block RAM) might be sub-optimal as no optional output register could be merged into the ram block. Providing additional output register may help in improving timing.
INFO: [Synth 8-7052] The timing for the instance U0/ram_name_reg_0_1_6 (implemented as a Block RAM) might be sub-optimal as no optional output register could be merged into the ram block. Providing additional output register may help in improving timing.
INFO: [Synth 8-7052] The timing for the instance U0/ram_name_reg_0_1_7 (implemented as a Block RAM) might be sub-optimal as no optional output register could be merged into the ram block. Providing additional output register may help in improving timing.
INFO: [Synth 8-7052] The timing for the instance U0/ram_name_reg_0_1_7 (implemented as a Block RAM) might be sub-optimal as no optional output register could be merged into the ram block. Providing additional output register may help in improving timing.
INFO: [Synth 8-7052] The timing for the instance U0/ram_name_reg_1_1_0 (implemented as a Block RAM) might be sub-optimal as no optional output register could be merged into the ram block. Providing additional output register may help in improving timing.
INFO: [Synth 8-7052] The timing for the instance U0/ram_name_reg_1_1_0 (implemented as a Block RAM) might be sub-optimal as no optional output register could be merged into the ram block. Providing additional output register may help in improving timing.
INFO: [Synth 8-7052] The timing for the instance U0/ram_name_reg_1_1_1 (implemented as a Block RAM) might be sub-optimal as no optional output register could be merged into the ram block. Providing additional output register may help in improving timing.
INFO: [Synth 8-7052] The timing for the instance U0/ram_name_reg_1_1_1 (implemented as a Block RAM) might be sub-optimal as no optional output register could be merged into the ram block. Providing additional output register may help in improving timing.
INFO: [Synth 8-7052] The timing for the instance U0/ram_name_reg_1_1_2 (implemented as a Block RAM) might be sub-optimal as no optional output register could be merged into the ram block. Providing additional output register may help in improving timing.
INFO: [Synth 8-7052] The timing for the instance U0/ram_name_reg_1_1_2 (implemented as a Block RAM) might be sub-optimal as no optional output register could be merged into the ram block. Providing additional output register may help in improving timing.
INFO: [Synth 8-7052] The timing for the instance U0/ram_name_reg_1_1_3 (implemented as a Block RAM) might be sub-optimal as no optional output register could be merged into the ram block. Providing additional output register may help in improving timing.
INFO: [Synth 8-7052] The timing for the instance U0/ram_name_reg_1_1_3 (implemented as a Block RAM) might be sub-optimal as no optional output register could be merged into the ram block. Providing additional output register may help in improving timing.
INFO: [Synth 8-7052] The timing for the instance U0/ram_name_reg_1_1_4 (implemented as a Block RAM) might be sub-optimal as no optional output register could be merged into the ram block. Providing additional output register may help in improving timing.
INFO: [Synth 8-7052] The timing for the instance U0/ram_name_reg_1_1_4 (implemented as a Block RAM) might be sub-optimal as no optional output register could be merged into the ram block. Providing additional output register may help in improving timing.
INFO: [Synth 8-7052] The timing for the instance U0/ram_name_reg_1_1_5 (implemented as a Block RAM) might be sub-optimal as no optional output register could be merged into the ram block. Providing additional output register may help in improving timing.
INFO: [Synth 8-7052] The timing for the instance U0/ram_name_reg_1_1_5 (implemented as a Block RAM) might be sub-optimal as no optional output register could be merged into the ram block. Providing additional output register may help in improving timing.
INFO: [Synth 8-7052] The timing for the instance U0/ram_name_reg_1_1_6 (implemented as a Block RAM) might be sub-optimal as no optional output register could be merged into the ram block. Providing additional output register may help in improving timing.
INFO: [Synth 8-7052] The timing for the instance U0/ram_name_reg_1_1_6 (implemented as a Block RAM) might be sub-optimal as no optional output register could be merged into the ram block. Providing additional output register may help in improving timing.
INFO: [Synth 8-7052] The timing for the instance U0/ram_name_reg_1_1_7 (implemented as a Block RAM) might be sub-optimal as no optional output register could be merged into the ram block. Providing additional output register may help in improving timing.
INFO: [Synth 8-7052] The timing for the instance U0/ram_name_reg_1_1_7 (implemented as a Block RAM) might be sub-optimal as no optional output register could be merged into the ram block. Providing additional output register may help in improving timing.
INFO: [Synth 8-7052] The timing for the instance U0/ram_name_reg_2_1_0 (implemented as a Block RAM) might be sub-optimal as no optional output register could be merged into the ram block. Providing additional output register may help in improving timing.
INFO: [Synth 8-7052] The timing for the instance U0/ram_name_reg_2_1_0 (implemented as a Block RAM) might be sub-optimal as no optional output register could be merged into the ram block. Providing additional output register may help in improving timing.
INFO: [Synth 8-7052] The timing for the instance U0/ram_name_reg_2_1_1 (implemented as a Block RAM) might be sub-optimal as no optional output register could be merged into the ram block. Providing additional output register may help in improving timing.
INFO: [Synth 8-7052] The timing for the instance U0/ram_name_reg_2_1_1 (implemented as a Block RAM) might be sub-optimal as no optional output register could be merged into the ram block. Providing additional output register may help in improving timing.
INFO: [Synth 8-7052] The timing for the instance U0/ram_name_reg_2_1_2 (implemented as a Block RAM) might be sub-optimal as no optional output register could be merged into the ram block. Providing additional output register may help in improving timing.
INFO: [Synth 8-7052] The timing for the instance U0/ram_name_reg_2_1_2 (implemented as a Block RAM) might be sub-optimal as no optional output register could be merged into the ram block. Providing additional output register may help in improving timing.
INFO: [Synth 8-7052] The timing for the instance U0/ram_name_reg_2_1_3 (implemented as a Block RAM) might be sub-optimal as no optional output register could be merged into the ram block. Providing additional output register may help in improving timing.
INFO: [Synth 8-7052] The timing for the instance U0/ram_name_reg_2_1_3 (implemented as a Block RAM) might be sub-optimal as no optional output register could be merged into the ram block. Providing additional output register may help in improving timing.
INFO: [Synth 8-7052] The timing for the instance U0/ram_name_reg_2_1_4 (implemented as a Block RAM) might be sub-optimal as no optional output register could be merged into the ram block. Providing additional output register may help in improving timing.
INFO: [Synth 8-7052] The timing for the instance U0/ram_name_reg_2_1_4 (implemented as a Block RAM) might be sub-optimal as no optional output register could be merged into the ram block. Providing additional output register may help in improving timing.
INFO: [Synth 8-7052] The timing for the instance U0/ram_name_reg_2_1_5 (implemented as a Block RAM) might be sub-optimal as no optional output register could be merged into the ram block. Providing additional output register may help in improving timing.
INFO: [Synth 8-7052] The timing for the instance U0/ram_name_reg_2_1_5 (implemented as a Block RAM) might be sub-optimal as no optional output register could be merged into the ram block. Providing additional output register may help in improving timing.
INFO: [Synth 8-7052] The timing for the instance U0/ram_name_reg_2_1_6 (implemented as a Block RAM) might be sub-optimal as no optional output register could be merged into the ram block. Providing additional output register may help in improving timing.
INFO: [Synth 8-7052] The timing for the instance U0/ram_name_reg_2_1_6 (implemented as a Block RAM) might be sub-optimal as no optional output register could be merged into the ram block. Providing additional output register may help in improving timing.
INFO: [Synth 8-7052] The timing for the instance U0/ram_name_reg_2_1_7 (implemented as a Block RAM) might be sub-optimal as no optional output register could be merged into the ram block. Providing additional output register may help in improving timing.
INFO: [Synth 8-7052] The timing for the instance U0/ram_name_reg_2_1_7 (implemented as a Block RAM) might be sub-optimal as no optional output register could be merged into the ram block. Providing additional output register may help in improving timing.
INFO: [Synth 8-7052] The timing for the instance U0/ram_name_reg_3_1_0 (implemented as a Block RAM) might be sub-optimal as no optional output register could be merged into the ram block. Providing additional output register may help in improving timing.
INFO: [Synth 8-7052] The timing for the instance U0/ram_name_reg_3_1_0 (implemented as a Block RAM) might be sub-optimal as no optional output register could be merged into the ram block. Providing additional output register may help in improving timing.
INFO: [Synth 8-7052] The timing for the instance U0/ram_name_reg_3_1_1 (implemented as a Block RAM) might be sub-optimal as no optional output register could be merged into the ram block. Providing additional output register may help in improving timing.
INFO: [Synth 8-7052] The timing for the instance U0/ram_name_reg_3_1_1 (implemented as a Block RAM) might be sub-optimal as no optional output register could be merged into the ram block. Providing additional output register may help in improving timing.
INFO: [Synth 8-7052] The timing for the instance U0/ram_name_reg_3_1_2 (implemented as a Block RAM) might be sub-optimal as no optional output register could be merged into the ram block. Providing additional output register may help in improving timing.
INFO: [Synth 8-7052] The timing for the instance U0/ram_name_reg_3_1_2 (implemented as a Block RAM) might be sub-optimal as no optional output register could be merged into the ram block. Providing additional output register may help in improving timing.
INFO: [Synth 8-7052] The timing for the instance U0/ram_name_reg_3_1_3 (implemented as a Block RAM) might be sub-optimal as no optional output register could be merged into the ram block. Providing additional output register may help in improving timing.
INFO: [Synth 8-7052] The timing for the instance U0/ram_name_reg_3_1_3 (implemented as a Block RAM) might be sub-optimal as no optional output register could be merged into the ram block. Providing additional output register may help in improving timing.
INFO: [Synth 8-7052] The timing for the instance U0/ram_name_reg_3_1_4 (implemented as a Block RAM) might be sub-optimal as no optional output register could be merged into the ram block. Providing additional output register may help in improving timing.
INFO: [Synth 8-7052] The timing for the instance U0/ram_name_reg_3_1_4 (implemented as a Block RAM) might be sub-optimal as no optional output register could be merged into the ram block. Providing additional output register may help in improving timing.
INFO: [Synth 8-7052] The timing for the instance U0/ram_name_reg_3_1_5 (implemented as a Block RAM) might be sub-optimal as no optional output register could be merged into the ram block. Providing additional output register may help in improving timing.
INFO: [Synth 8-7052] The timing for the instance U0/ram_name_reg_3_1_5 (implemented as a Block RAM) might be sub-optimal as no optional output register could be merged into the ram block. Providing additional output register may help in improving timing.
INFO: [Synth 8-7052] The timing for the instance U0/ram_name_reg_3_1_6 (implemented as a Block RAM) might be sub-optimal as no optional output register could be merged into the ram block. Providing additional output register may help in improving timing.
INFO: [Synth 8-7052] The timing for the instance U0/ram_name_reg_3_1_6 (implemented as a Block RAM) might be sub-optimal as no optional output register could be merged into the ram block. Providing additional output register may help in improving timing.
INFO: [Synth 8-7052] The timing for the instance U0/ram_name_reg_3_1_7 (implemented as a Block RAM) might be sub-optimal as no optional output register could be merged into the ram block. Providing additional output register may help in improving timing.
INFO: [Synth 8-7052] The timing for the instance U0/ram_name_reg_3_1_7 (implemented as a Block RAM) might be sub-optimal as no optional output register could be merged into the ram block. Providing additional output register may help in improving timing.
---------------------------------------------------------------------------------
Finished Technology Mapping : Time (s): cpu = 00:00:24 ; elapsed = 00:00:38 . Memory (MB): peak = 2478.793 ; gain = 110.961 ; free physical = 20011 ; free virtual = 26589
---------------------------------------------------------------------------------
---------------------------------------------------------------------------------
Start IO Insertion
---------------------------------------------------------------------------------
---------------------------------------------------------------------------------
Start Flattening Before IO Insertion
---------------------------------------------------------------------------------
---------------------------------------------------------------------------------
Finished Flattening Before IO Insertion
---------------------------------------------------------------------------------
---------------------------------------------------------------------------------
Start Final Netlist Cleanup
---------------------------------------------------------------------------------
---------------------------------------------------------------------------------
Finished Final Netlist Cleanup
---------------------------------------------------------------------------------
---------------------------------------------------------------------------------
Finished IO Insertion : Time (s): cpu = 00:00:26 ; elapsed = 00:00:41 . Memory (MB): peak = 2478.793 ; gain = 110.961 ; free physical = 20018 ; free virtual = 26596
---------------------------------------------------------------------------------
---------------------------------------------------------------------------------
Start Renaming Generated Instances
---------------------------------------------------------------------------------
---------------------------------------------------------------------------------
Finished Renaming Generated Instances : Time (s): cpu = 00:00:26 ; elapsed = 00:00:41 . Memory (MB): peak = 2478.793 ; gain = 110.961 ; free physical = 20018 ; free virtual = 26596
---------------------------------------------------------------------------------
---------------------------------------------------------------------------------
Start Rebuilding User Hierarchy
---------------------------------------------------------------------------------
---------------------------------------------------------------------------------
Finished Rebuilding User Hierarchy : Time (s): cpu = 00:00:26 ; elapsed = 00:00:41 . Memory (MB): peak = 2478.793 ; gain = 110.961 ; free physical = 20018 ; free virtual = 26596
---------------------------------------------------------------------------------
---------------------------------------------------------------------------------
Start Renaming Generated Ports
---------------------------------------------------------------------------------
---------------------------------------------------------------------------------
Finished Renaming Generated Ports : Time (s): cpu = 00:00:26 ; elapsed = 00:00:41 . Memory (MB): peak = 2478.793 ; gain = 110.961 ; free physical = 20018 ; free virtual = 26596
---------------------------------------------------------------------------------
---------------------------------------------------------------------------------
Start Handling Custom Attributes
---------------------------------------------------------------------------------
---------------------------------------------------------------------------------
Finished Handling Custom Attributes : Time (s): cpu = 00:00:26 ; elapsed = 00:00:41 . Memory (MB): peak = 2478.793 ; gain = 110.961 ; free physical = 20018 ; free virtual = 26596
---------------------------------------------------------------------------------
---------------------------------------------------------------------------------
Start Renaming Generated Nets
---------------------------------------------------------------------------------
---------------------------------------------------------------------------------
Finished Renaming Generated Nets : Time (s): cpu = 00:00:26 ; elapsed = 00:00:41 . Memory (MB): peak = 2478.793 ; gain = 110.961 ; free physical = 20018 ; free virtual = 26596
---------------------------------------------------------------------------------
---------------------------------------------------------------------------------
Start Writing Synthesis Report
---------------------------------------------------------------------------------

Report BlackBoxes: 
+-+--------------+----------+
| |BlackBox name |Instances |
+-+--------------+----------+
+-+--------------+----------+

Report Cell Usage: 
+------+---------+------+
|      |Cell     |Count |
+------+---------+------+
|1     |LUT2     |    16|
|2     |RAMB36E1 |    64|
+------+---------+------+
---------------------------------------------------------------------------------
Finished Writing Synthesis Report : Time (s): cpu = 00:00:26 ; elapsed = 00:00:41 . Memory (MB): peak = 2478.793 ; gain = 110.961 ; free physical = 20018 ; free virtual = 26596
---------------------------------------------------------------------------------
Synthesis finished with 0 errors, 0 critical warnings and 2 warnings.
Synthesis Optimization Runtime : Time (s): cpu = 00:00:25 ; elapsed = 00:00:39 . Memory (MB): peak = 2478.793 ; gain = 38.023 ; free physical = 20076 ; free virtual = 26654
Synthesis Optimization Complete : Time (s): cpu = 00:00:26 ; elapsed = 00:00:41 . Memory (MB): peak = 2478.793 ; gain = 110.961 ; free physical = 20076 ; free virtual = 26654
INFO: [Project 1-571] Translating synthesized netlist
Netlist sorting complete. Time (s): cpu = 00:00:00.01 ; elapsed = 00:00:00.01 . Memory (MB): peak = 2478.793 ; gain = 0.000 ; free physical = 20308 ; free virtual = 26886
INFO: [Netlist 29-17] Analyzing 64 Unisim elements for replacement
INFO: [Netlist 29-28] Unisim Transformation completed in 0 CPU seconds
INFO: [Project 1-570] Preparing netlist for logic optimization
INFO: [Opt 31-138] Pushed 0 inverter(s) to 0 load pin(s).
Netlist sorting complete. Time (s): cpu = 00:00:00 ; elapsed = 00:00:00 . Memory (MB): peak = 2478.793 ; gain = 0.000 ; free physical = 20200 ; free virtual = 26778
INFO: [Project 1-111] Unisim Transformation Summary:
No Unisim elements were transformed.

INFO: [Common 17-83] Releasing license: Synthesis
92 Infos, 5 Warnings, 0 Critical Warnings and 0 Errors encountered.
synth_design completed successfully
synth_design: Time (s): cpu = 00:00:34 ; elapsed = 00:00:46 . Memory (MB): peak = 2478.793 ; gain = 110.961 ; free physical = 20337 ; free virtual = 26916
INFO: [Common 17-1381] The checkpoint '/home/osm/Documents/Sect/SECT-MAYO/MAYO/vivado/hw-mayo/hw-mayo.runs/Mayo_sign_tdp_BigBRAM_2_0_1_synth_1/Mayo_sign_tdp_BigBRAM_2_0_1.dcp' has been generated.
WARNING: [Common 17-576] 'use_project_ipc' is deprecated. This option is deprecated and no longer used.
INFO: [Common 17-1381] The checkpoint '/home/osm/Documents/Sect/SECT-MAYO/MAYO/vivado/hw-mayo/hw-mayo.runs/Mayo_sign_tdp_BigBRAM_2_0_1_synth_1/Mayo_sign_tdp_BigBRAM_2_0_1.dcp' has been generated.
INFO: [runtcl-4] Executing : report_utilization -file Mayo_sign_tdp_BigBRAM_2_0_1_utilization_synth.rpt -pb Mayo_sign_tdp_BigBRAM_2_0_1_utilization_synth.pb
INFO: [Common 17-206] Exiting Vivado at Sun Nov 12 19:33:33 2023...
