
*** Running vivado
    with args -log Mayo_sign_with_zynq_memcpy_0_0.vds -m64 -product Vivado -mode batch -messageDb vivado.pb -notrace -source Mayo_sign_with_zynq_memcpy_0_0.tcl


****** Vivado v2020.2 (64-bit)
  **** SW Build 3064766 on Wed Nov 18 09:12:47 MST 2020
  **** IP Build 3064653 on Wed Nov 18 14:17:31 MST 2020
    ** Copyright 1986-2020 Xilinx, Inc. All Rights Reserved.

source Mayo_sign_with_zynq_memcpy_0_0.tcl -notrace
INFO: [IP_Flow 19-234] Refreshing IP repositories
INFO: [IP_Flow 19-1700] Loaded user IP repository '/home/osm/Documents/SECT-MAYO/MAYO/vivado/ip_repo/mayo_axi_litev3/mayo_axi_litev3_3'.
INFO: [IP_Flow 19-1700] Loaded user IP repository '/home/osm/Documents/SECT-MAYO/MAYO/vivado/ip_repo/mayo-axi/Mayo_axi_1.0'.
INFO: [IP_Flow 19-1700] Loaded user IP repository '/home/osm/Documents/SECT-MAYO/MAYO/vivado/TRNG_project/TRNG_project.srcs'.
INFO: [IP_Flow 19-1700] Loaded user IP repository '/home/osm/Documents/SECT-MAYO/MAYO/vivado/ip_repo/shake128'.
INFO: [IP_Flow 19-1700] Loaded user IP repository '/home/osm/Documents/SECT-MAYO/MAYO/vivado/ip_repo/INTERFACES'.
INFO: [IP_Flow 19-2313] Loaded Vivado IP repository '/tools/Xilinx/Vivado/2020.2/data/ip'.
Command: synth_design -top Mayo_sign_with_zynq_memcpy_0_0 -part xc7z020clg484-1 -mode out_of_context
Starting synth_design
WARNING: [IP_Flow 19-3571] IP 'Mayo_sign_with_zynq_memcpy_0_0' is restricted:
* Module reference is stale and needs refreshing.
Attempting to get a license for feature 'Synthesis' and/or device 'xc7z020'
INFO: [Common 17-349] Got license for feature 'Synthesis' and/or device 'xc7z020'
INFO: [Device 21-403] Loading part xc7z020clg484-1
INFO: [Synth 8-7079] Multithreading enabled for synth_design using a maximum of 4 processes.
INFO: [Synth 8-7078] Launching helper process for spawning children vivado processes
INFO: [Synth 8-7075] Helper process launched with PID 691012
---------------------------------------------------------------------------------
Starting RTL Elaboration : Time (s): cpu = 00:00:05 ; elapsed = 00:00:13 . Memory (MB): peak = 2304.668 ; gain = 0.000 ; free physical = 1609 ; free virtual = 7899
---------------------------------------------------------------------------------
INFO: [Synth 8-638] synthesizing module 'Mayo_sign_with_zynq_memcpy_0_0' [/home/osm/Documents/SECT-MAYO/MAYO/vivado/MAYO_KeyGen_v2/MAYO_KeyGen_v2.gen/sources_1/bd/Mayo_sign_with_zynq/ip/Mayo_sign_with_zynq_memcpy_0_0/synth/Mayo_sign_with_zynq_memcpy_0_0.vhd:83]
INFO: [Synth 8-3491] module 'memcpy' declared at '/home/osm/Documents/SECT-MAYO/MAYO/src/hdl/MAYO_Signing/Memcopy.vhd:30' bound to instance 'U0' of component 'memcpy' [/home/osm/Documents/SECT-MAYO/MAYO/vivado/MAYO_KeyGen_v2/MAYO_KeyGen_v2.gen/sources_1/bd/Mayo_sign_with_zynq/ip/Mayo_sign_with_zynq_memcpy_0_0/synth/Mayo_sign_with_zynq_memcpy_0_0.vhd:141]
INFO: [Synth 8-638] synthesizing module 'memcpy' [/home/osm/Documents/SECT-MAYO/MAYO/src/hdl/MAYO_Signing/Memcopy.vhd:63]
INFO: [Synth 8-226] default block is never used [/home/osm/Documents/SECT-MAYO/MAYO/src/hdl/MAYO_Signing/Memcopy.vhd:127]
INFO: [Synth 8-256] done synthesizing module 'memcpy' (1#1) [/home/osm/Documents/SECT-MAYO/MAYO/src/hdl/MAYO_Signing/Memcopy.vhd:63]
INFO: [Synth 8-256] done synthesizing module 'Mayo_sign_with_zynq_memcpy_0_0' (2#1) [/home/osm/Documents/SECT-MAYO/MAYO/vivado/MAYO_KeyGen_v2/MAYO_KeyGen_v2.gen/sources_1/bd/Mayo_sign_with_zynq/ip/Mayo_sign_with_zynq_memcpy_0_0/synth/Mayo_sign_with_zynq_memcpy_0_0.vhd:83]
---------------------------------------------------------------------------------
Finished RTL Elaboration : Time (s): cpu = 00:00:06 ; elapsed = 00:00:16 . Memory (MB): peak = 2304.668 ; gain = 0.000 ; free physical = 8310 ; free virtual = 14650
---------------------------------------------------------------------------------
---------------------------------------------------------------------------------
Start Handling Custom Attributes
---------------------------------------------------------------------------------
---------------------------------------------------------------------------------
Finished Handling Custom Attributes : Time (s): cpu = 00:00:07 ; elapsed = 00:00:17 . Memory (MB): peak = 2304.668 ; gain = 0.000 ; free physical = 8990 ; free virtual = 15341
---------------------------------------------------------------------------------
---------------------------------------------------------------------------------
Finished RTL Optimization Phase 1 : Time (s): cpu = 00:00:07 ; elapsed = 00:00:17 . Memory (MB): peak = 2304.668 ; gain = 0.000 ; free physical = 8990 ; free virtual = 15341
---------------------------------------------------------------------------------
Netlist sorting complete. Time (s): cpu = 00:00:00.01 ; elapsed = 00:00:00.01 . Memory (MB): peak = 2304.668 ; gain = 0.000 ; free physical = 9033 ; free virtual = 15385
INFO: [Project 1-570] Preparing netlist for logic optimization

Processing XDC Constraints
Initializing timing engine
Completed Processing XDC Constraints

Netlist sorting complete. Time (s): cpu = 00:00:00 ; elapsed = 00:00:00 . Memory (MB): peak = 2424.602 ; gain = 0.000 ; free physical = 8817 ; free virtual = 15184
INFO: [Project 1-111] Unisim Transformation Summary:
No Unisim elements were transformed.

Constraint Validation Runtime : Time (s): cpu = 00:00:00.03 ; elapsed = 00:00:00.06 . Memory (MB): peak = 2424.602 ; gain = 0.000 ; free physical = 8797 ; free virtual = 15164
---------------------------------------------------------------------------------
Finished Constraint Validation : Time (s): cpu = 00:00:14 ; elapsed = 00:00:26 . Memory (MB): peak = 2424.602 ; gain = 119.934 ; free physical = 8930 ; free virtual = 15330
---------------------------------------------------------------------------------
---------------------------------------------------------------------------------
Start Loading Part and Timing Information
---------------------------------------------------------------------------------
Loading part: xc7z020clg484-1
---------------------------------------------------------------------------------
Finished Loading Part and Timing Information : Time (s): cpu = 00:00:14 ; elapsed = 00:00:26 . Memory (MB): peak = 2424.602 ; gain = 119.934 ; free physical = 8933 ; free virtual = 15333
---------------------------------------------------------------------------------
---------------------------------------------------------------------------------
Start Applying 'set_property' XDC Constraints
---------------------------------------------------------------------------------
---------------------------------------------------------------------------------
Finished applying 'set_property' XDC Constraints : Time (s): cpu = 00:00:14 ; elapsed = 00:00:26 . Memory (MB): peak = 2424.602 ; gain = 119.934 ; free physical = 8929 ; free virtual = 15328
---------------------------------------------------------------------------------
INFO: [Synth 8-802] inferred FSM for state register 'state_reg' in module 'memcpy'
---------------------------------------------------------------------------------------------------
                   State |                     New Encoding |                Previous Encoding 
---------------------------------------------------------------------------------------------------
                    idle |                    0000000000001 |                             0000
                    cpy0 |                    0000000000010 |                             0001
                    cpy1 |                    0000000000100 |                             0010
                    cpy2 |                    0000000001000 |                             0011
                    done |                    0000000010000 |                             1100
                    cpy4 |                    0000000100000 |                             0101
                    cpy5 |                    0000001000000 |                             0110
                    cpy7 |                    0000010000000 |                             1000
                   done0 |                    0000100000000 |                             1101
                    cpy8 |                    0001000000000 |                             1001
                    cpy9 |                    0010000000000 |                             1010
                   cpy10 |                    0100000000000 |                             1011
                   done1 |                    1000000000000 |                             1110
---------------------------------------------------------------------------------------------------
INFO: [Synth 8-3354] encoded FSM with state register 'state_reg' using encoding 'one-hot' in module 'memcpy'
---------------------------------------------------------------------------------
Finished RTL Optimization Phase 2 : Time (s): cpu = 00:00:15 ; elapsed = 00:00:27 . Memory (MB): peak = 2424.602 ; gain = 119.934 ; free physical = 8730 ; free virtual = 15140
---------------------------------------------------------------------------------
---------------------------------------------------------------------------------
Start RTL Component Statistics 
---------------------------------------------------------------------------------
Detailed RTL Component Info : 
+---Adders : 
	   2 Input   32 Bit       Adders := 4     
+---Registers : 
	               32 Bit    Registers := 8     
	                4 Bit    Registers := 2     
	                1 Bit    Registers := 7     
+---Muxes : 
	  13 Input   32 Bit        Muxes := 4     
	  13 Input   13 Bit        Muxes := 1     
	   2 Input   13 Bit        Muxes := 4     
	   4 Input   13 Bit        Muxes := 1     
	  13 Input    4 Bit        Muxes := 1     
	  13 Input    1 Bit        Muxes := 13    
---------------------------------------------------------------------------------
Finished RTL Component Statistics 
---------------------------------------------------------------------------------
---------------------------------------------------------------------------------
Start Part Resource Summary
---------------------------------------------------------------------------------
Part Resources:
DSPs: 220 (col length:60)
BRAMs: 280 (col length: RAMB18 60 RAMB36 30)
---------------------------------------------------------------------------------
Finished Part Resource Summary
---------------------------------------------------------------------------------
---------------------------------------------------------------------------------
Start Cross Boundary and Area Optimization
---------------------------------------------------------------------------------
---------------------------------------------------------------------------------
Finished Cross Boundary and Area Optimization : Time (s): cpu = 00:00:17 ; elapsed = 00:00:29 . Memory (MB): peak = 2424.602 ; gain = 119.934 ; free physical = 8713 ; free virtual = 15169
---------------------------------------------------------------------------------
---------------------------------------------------------------------------------
Start Applying XDC Timing Constraints
---------------------------------------------------------------------------------
---------------------------------------------------------------------------------
Finished Applying XDC Timing Constraints : Time (s): cpu = 00:00:26 ; elapsed = 00:00:39 . Memory (MB): peak = 2424.602 ; gain = 119.934 ; free physical = 7554 ; free virtual = 14011
---------------------------------------------------------------------------------
---------------------------------------------------------------------------------
Start Timing Optimization
---------------------------------------------------------------------------------
---------------------------------------------------------------------------------
Finished Timing Optimization : Time (s): cpu = 00:00:26 ; elapsed = 00:00:39 . Memory (MB): peak = 2424.602 ; gain = 119.934 ; free physical = 7537 ; free virtual = 13994
---------------------------------------------------------------------------------
---------------------------------------------------------------------------------
Start Technology Mapping
---------------------------------------------------------------------------------
---------------------------------------------------------------------------------
Finished Technology Mapping : Time (s): cpu = 00:00:26 ; elapsed = 00:00:39 . Memory (MB): peak = 2424.602 ; gain = 119.934 ; free physical = 7450 ; free virtual = 13907
---------------------------------------------------------------------------------
---------------------------------------------------------------------------------
Start IO Insertion
---------------------------------------------------------------------------------
---------------------------------------------------------------------------------
Start Flattening Before IO Insertion
---------------------------------------------------------------------------------
---------------------------------------------------------------------------------
Finished Flattening Before IO Insertion
---------------------------------------------------------------------------------
---------------------------------------------------------------------------------
Start Final Netlist Cleanup
---------------------------------------------------------------------------------
---------------------------------------------------------------------------------
Finished Final Netlist Cleanup
---------------------------------------------------------------------------------
---------------------------------------------------------------------------------
Finished IO Insertion : Time (s): cpu = 00:00:31 ; elapsed = 00:00:45 . Memory (MB): peak = 2424.602 ; gain = 119.934 ; free physical = 8077 ; free virtual = 14540
---------------------------------------------------------------------------------
---------------------------------------------------------------------------------
Start Renaming Generated Instances
---------------------------------------------------------------------------------
---------------------------------------------------------------------------------
Finished Renaming Generated Instances : Time (s): cpu = 00:00:31 ; elapsed = 00:00:45 . Memory (MB): peak = 2424.602 ; gain = 119.934 ; free physical = 8076 ; free virtual = 14539
---------------------------------------------------------------------------------
---------------------------------------------------------------------------------
Start Rebuilding User Hierarchy
---------------------------------------------------------------------------------
---------------------------------------------------------------------------------
Finished Rebuilding User Hierarchy : Time (s): cpu = 00:00:31 ; elapsed = 00:00:45 . Memory (MB): peak = 2424.602 ; gain = 119.934 ; free physical = 8105 ; free virtual = 14568
---------------------------------------------------------------------------------
---------------------------------------------------------------------------------
Start Renaming Generated Ports
---------------------------------------------------------------------------------
---------------------------------------------------------------------------------
Finished Renaming Generated Ports : Time (s): cpu = 00:00:31 ; elapsed = 00:00:45 . Memory (MB): peak = 2424.602 ; gain = 119.934 ; free physical = 8112 ; free virtual = 14575
---------------------------------------------------------------------------------
---------------------------------------------------------------------------------
Start Handling Custom Attributes
---------------------------------------------------------------------------------
---------------------------------------------------------------------------------
Finished Handling Custom Attributes : Time (s): cpu = 00:00:31 ; elapsed = 00:00:45 . Memory (MB): peak = 2424.602 ; gain = 119.934 ; free physical = 8230 ; free virtual = 14694
---------------------------------------------------------------------------------
---------------------------------------------------------------------------------
Start Renaming Generated Nets
---------------------------------------------------------------------------------
---------------------------------------------------------------------------------
Finished Renaming Generated Nets : Time (s): cpu = 00:00:31 ; elapsed = 00:00:45 . Memory (MB): peak = 2424.602 ; gain = 119.934 ; free physical = 8247 ; free virtual = 14711
---------------------------------------------------------------------------------
---------------------------------------------------------------------------------
Start Writing Synthesis Report
---------------------------------------------------------------------------------

Report BlackBoxes: 
+-+--------------+----------+
| |BlackBox name |Instances |
+-+--------------+----------+
+-+--------------+----------+

Report Cell Usage: 
+------+-------+------+
|      |Cell   |Count |
+------+-------+------+
|1     |CARRY4 |    36|
|2     |LUT1   |     2|
|3     |LUT2   |    65|
|4     |LUT3   |     8|
|5     |LUT4   |   126|
|6     |LUT5   |    69|
|7     |LUT6   |     6|
|8     |FDRE   |   274|
|9     |FDSE   |     1|
+------+-------+------+
---------------------------------------------------------------------------------
Finished Writing Synthesis Report : Time (s): cpu = 00:00:31 ; elapsed = 00:00:45 . Memory (MB): peak = 2424.602 ; gain = 119.934 ; free physical = 8254 ; free virtual = 14717
---------------------------------------------------------------------------------
Synthesis finished with 0 errors, 0 critical warnings and 0 warnings.
Synthesis Optimization Runtime : Time (s): cpu = 00:00:28 ; elapsed = 00:00:42 . Memory (MB): peak = 2424.602 ; gain = 0.000 ; free physical = 8342 ; free virtual = 14806
Synthesis Optimization Complete : Time (s): cpu = 00:00:31 ; elapsed = 00:00:45 . Memory (MB): peak = 2424.602 ; gain = 119.934 ; free physical = 8340 ; free virtual = 14804
INFO: [Project 1-571] Translating synthesized netlist
Netlist sorting complete. Time (s): cpu = 00:00:00.01 ; elapsed = 00:00:00.01 . Memory (MB): peak = 2424.602 ; gain = 0.000 ; free physical = 8554 ; free virtual = 15013
INFO: [Netlist 29-17] Analyzing 36 Unisim elements for replacement
INFO: [Netlist 29-28] Unisim Transformation completed in 0 CPU seconds
INFO: [Project 1-570] Preparing netlist for logic optimization
INFO: [Opt 31-138] Pushed 0 inverter(s) to 0 load pin(s).
Netlist sorting complete. Time (s): cpu = 00:00:00 ; elapsed = 00:00:00.01 . Memory (MB): peak = 2424.602 ; gain = 0.000 ; free physical = 9229 ; free virtual = 15685
INFO: [Project 1-111] Unisim Transformation Summary:
No Unisim elements were transformed.

INFO: [Common 17-83] Releasing license: Synthesis
29 Infos, 1 Warnings, 0 Critical Warnings and 0 Errors encountered.
synth_design completed successfully
synth_design: Time (s): cpu = 00:00:43 ; elapsed = 00:00:55 . Memory (MB): peak = 2424.602 ; gain = 120.059 ; free physical = 9414 ; free virtual = 15872
INFO: [Common 17-600] The following parameters have non-default value.
general.maxThreads
INFO: [Common 17-1381] The checkpoint '/home/osm/Documents/SECT-MAYO/MAYO/vivado/MAYO_KeyGen_v2/MAYO_KeyGen_v2.runs/Mayo_sign_with_zynq_memcpy_0_0_synth_1/Mayo_sign_with_zynq_memcpy_0_0.dcp' has been generated.
WARNING: [Common 17-576] 'use_project_ipc' is deprecated. This option is deprecated and no longer used.
INFO: [Common 17-1381] The checkpoint '/home/osm/Documents/SECT-MAYO/MAYO/vivado/MAYO_KeyGen_v2/MAYO_KeyGen_v2.runs/Mayo_sign_with_zynq_memcpy_0_0_synth_1/Mayo_sign_with_zynq_memcpy_0_0.dcp' has been generated.
INFO: [runtcl-4] Executing : report_utilization -file Mayo_sign_with_zynq_memcpy_0_0_utilization_synth.rpt -pb Mayo_sign_with_zynq_memcpy_0_0_utilization_synth.pb
INFO: [Common 17-206] Exiting Vivado at Wed May 17 00:47:59 2023...
