Vivado Simulator 2020.2
Copyright 1986-1999, 2001-2020 Xilinx, Inc. All Rights Reserved.
Running: /tools/Xilinx/Vivado/2020.2/bin/unwrapped/lnx64.o/xelab -wto c288448962fe4364bad66aba55020fde --incr --debug typical --relax --mt 8 -L xil_defaultlib -L blk_mem_gen_v8_4_4 -L xilinx_vip -L unisims_ver -L unimacro_ver -L secureip -L xpm --snapshot add_oil_tb_behav xil_defaultlib.add_oil_tb xil_defaultlib.glbl -log elaborate.log 
Using 8 slave threads.
Starting static elaboration
Pass Through NonSizing Optimizer
Completed static elaboration
Starting simulation data flow analysis
Completed simulation data flow analysis
Time Resolution for simulation is 1ps
Compiling package std.standard
Compiling package std.textio
Compiling package ieee.std_logic_1164
Compiling package ieee.numeric_std
Compiling package xil_defaultlib.mayo_common
Compiling package xil_defaultlib.utils_common
Compiling package ieee.std_logic_textio
Compiling package vl.vl_types
Compiling module xil_defaultlib.glbl
Compiling module blk_mem_gen_v8_4_4.blk_mem_gen_v8_4_4_output_stage(...
Compiling module blk_mem_gen_v8_4_4.blk_mem_gen_v8_4_4_softecc_outpu...
Compiling module blk_mem_gen_v8_4_4.blk_mem_gen_v8_4_4_mem_module(C_...
Compiling module blk_mem_gen_v8_4_4.blk_mem_gen_v8_4_4(C_FAMILY="zyn...
Compiling module xil_defaultlib.Test_BRAM0
Compiling architecture behavioral of entity xil_defaultlib.mayo_add_oil [mayo_add_oil_default]
Compiling architecture behavioral of entity xil_defaultlib.add_oil_tb
Built simulation snapshot add_oil_tb_behav
