Vivado Simulator 2020.2
Time resolution is 1 ps
Block Memory Generator module Mayo_keygen_no_zynq_tb.keygen.Mayo_keygen_no_zynq_i.BRAM_big.BIG_BRAM512K.inst.\native_mem_mapped_module.blk_mem_gen_v8_4_4_inst  is using a behavioral model for simulation which will not precisely model memory collision behavior.
Block Memory Generator module Mayo_keygen_no_zynq_tb.keygen.Mayo_keygen_no_zynq_i.BRAM_small.Small_BRAM8k.inst.\native_mem_mapped_module.blk_mem_gen_v8_4_4_inst  is using a behavioral model for simulation which will not precisely model memory collision behavior.
Warning: neoTRNG WARNING: Implementing simulation-only PRNG (LFSR)!
Time: 0 ps  Iteration: 0  Process: /Mayo_keygen_no_zynq_tb/keygen/Mayo_keygen_no_zynq_i/TRNG/TRNG_0/U0/NEOTRNG_INST/\neoTRNG_cell_inst(2)\/neoTRNG_cell_inst_i/sim_rng/line__441  File: /home/osm/Documents/SECT-MAYO/MAYO/vivado/MAYO_KeyGen_v2/MAYO_KeyGen_v2.ip_user_files/bd/Mayo_keygen_no_zynq/ipshared/a179/sources_1/imports/rtl/neoTRNG.vhd
Warning: neoTRNG WARNING: Implementing simulation-only PRNG (LFSR)!
Time: 0 ps  Iteration: 0  Process: /Mayo_keygen_no_zynq_tb/keygen/Mayo_keygen_no_zynq_i/TRNG/TRNG_0/U0/NEOTRNG_INST/\neoTRNG_cell_inst(1)\/neoTRNG_cell_inst_i/sim_rng/line__441  File: /home/osm/Documents/SECT-MAYO/MAYO/vivado/MAYO_KeyGen_v2/MAYO_KeyGen_v2.ip_user_files/bd/Mayo_keygen_no_zynq/ipshared/a179/sources_1/imports/rtl/neoTRNG.vhd
Warning: neoTRNG WARNING: Implementing simulation-only PRNG (LFSR)!
Time: 0 ps  Iteration: 0  Process: /Mayo_keygen_no_zynq_tb/keygen/Mayo_keygen_no_zynq_i/TRNG/TRNG_0/U0/NEOTRNG_INST/\neoTRNG_cell_inst(0)\/neoTRNG_cell_inst_i/sim_rng/line__441  File: /home/osm/Documents/SECT-MAYO/MAYO/vivado/MAYO_KeyGen_v2/MAYO_KeyGen_v2.ip_user_files/bd/Mayo_keygen_no_zynq/ipshared/a179/sources_1/imports/rtl/neoTRNG.vhd
Warning: neoTRNG WARNING: Simulation mode (PRNG!) enabled!
Time: 0 ps  Iteration: 0  Process: /Mayo_keygen_no_zynq_tb/keygen/Mayo_keygen_no_zynq_i/TRNG/TRNG_0/U0/NEOTRNG_INST/line__136  File: /home/osm/Documents/SECT-MAYO/MAYO/vivado/MAYO_KeyGen_v2/MAYO_KeyGen_v2.ip_user_files/bd/Mayo_keygen_no_zynq/ipshared/a179/sources_1/imports/rtl/neoTRNG.vhd
Note: << neoTRNG V2 - A Tiny and Platform-Independent True Random Number Generator for any FPGA >>
Time: 0 ps  Iteration: 0  Process: /Mayo_keygen_no_zynq_tb/keygen/Mayo_keygen_no_zynq_i/TRNG/TRNG_0/U0/NEOTRNG_INST/line__134  File: /home/osm/Documents/SECT-MAYO/MAYO/vivado/MAYO_KeyGen_v2/MAYO_KeyGen_v2.ip_user_files/bd/Mayo_keygen_no_zynq/ipshared/a179/sources_1/imports/rtl/neoTRNG.vhd
Note: Mayo Keyen (RTL) Begin
Time: 0 ps  Iteration: 0  Process: /Mayo_keygen_no_zynq_tb/tb  File: /home/osm/Documents/SECT-MAYO/MAYO/vivado/MAYO_KeyGen_v2/MAYO_KeyGen_v2.srcs/sim_1/new/Mayo_keygen_no_zynq_tb.vhd
Note: TRNG: Done.
Time: 11005 ns  Iteration: 2  Process: /Mayo_keygen_no_zynq_tb/keygen/Mayo_keygen_no_zynq_i/TRNG/TRNG_0/U0/RW_ACCESS  File: /home/osm/Documents/SECT-MAYO/MAYO/vivado/MAYO_KeyGen_v2/MAYO_KeyGen_v2.ip_user_files/bd/Mayo_keygen_no_zynq/ipshared/a179/sources_1/new/TRNG.vhd
SHAKE: Start Block Fetch
SHAKE : Read 0x55962e32 from 0x4!
SHAKE : read_desc_adr :  0, c0 : 0
SHAKE : Read 0xd8002f09 from 0x8!
SHAKE : read_desc_adr :  0, c0 : 1
SHAKE : Read 0xfbd2ab0e from 0xc!
SHAKE : read_desc_adr :  1, c0 : 0
SHAKE : Read 0xf47a50a9 from 0x10!
SHAKE : read_desc_adr :  1, c0 : 1
SHAKE: done!
SHAKE: Write Done
SHAKE: disable
SHAKE: enabled : 1 
SHAKE: enabled extra: 0 
Note: TRNG: Done.
Time: 1805525 ns  Iteration: 2  Process: /Mayo_keygen_no_zynq_tb/keygen/Mayo_keygen_no_zynq_i/TRNG/TRNG_0/U0/RW_ACCESS  File: /home/osm/Documents/SECT-MAYO/MAYO/vivado/MAYO_KeyGen_v2/MAYO_KeyGen_v2.ip_user_files/bd/Mayo_keygen_no_zynq/ipshared/a179/sources_1/new/TRNG.vhd
Note: Sample Oil space done, ctr = 348
Time: 1820205 ns  Iteration: 1  Process: /Mayo_keygen_no_zynq_tb/keygen/Mayo_keygen_no_zynq_i/mayo_sample_oil_space_0/U0/IO  File: /home/osm/Documents/SECT-MAYO/MAYO/src/hdl/MAYO_Keygen/MAYO_Sample_Oil_Space.vhd
Note: Linear Combination done
Time: 1837125 ns  Iteration: 1  Process: /Mayo_keygen_no_zynq_tb/keygen/Mayo_keygen_no_zynq_i/mayo_linear_combinat_0/U0/OUTPUT_Pr  File: /home/osm/Documents/SECT-MAYO/MAYO/src/hdl/MAYO_Keygen/MAYO_linear_combination.vhd
Note: Linear Combination done
Time: 1854525 ns  Iteration: 1  Process: /Mayo_keygen_no_zynq_tb/keygen/Mayo_keygen_no_zynq_i/mayo_linear_combinat_0/U0/OUTPUT_Pr  File: /home/osm/Documents/SECT-MAYO/MAYO/src/hdl/MAYO_Keygen/MAYO_linear_combination.vhd
Note: Linear Combination done
Time: 1871925 ns  Iteration: 1  Process: /Mayo_keygen_no_zynq_tb/keygen/Mayo_keygen_no_zynq_i/mayo_linear_combinat_0/U0/OUTPUT_Pr  File: /home/osm/Documents/SECT-MAYO/MAYO/src/hdl/MAYO_Keygen/MAYO_linear_combination.vhd
Note: Linear Combination done
Time: 1889325 ns  Iteration: 1  Process: /Mayo_keygen_no_zynq_tb/keygen/Mayo_keygen_no_zynq_i/mayo_linear_combinat_0/U0/OUTPUT_Pr  File: /home/osm/Documents/SECT-MAYO/MAYO/src/hdl/MAYO_Keygen/MAYO_linear_combination.vhd
Note: Linear Combination done
Time: 1906725 ns  Iteration: 1  Process: /Mayo_keygen_no_zynq_tb/keygen/Mayo_keygen_no_zynq_i/mayo_linear_combinat_0/U0/OUTPUT_Pr  File: /home/osm/Documents/SECT-MAYO/MAYO/src/hdl/MAYO_Keygen/MAYO_linear_combination.vhd
Note: Linear Combination done
Time: 1924125 ns  Iteration: 1  Process: /Mayo_keygen_no_zynq_tb/keygen/Mayo_keygen_no_zynq_i/mayo_linear_combinat_0/U0/OUTPUT_Pr  File: /home/osm/Documents/SECT-MAYO/MAYO/src/hdl/MAYO_Keygen/MAYO_linear_combination.vhd
Note: Linear Combination done
Time: 1941255 ns  Iteration: 1  Process: /Mayo_keygen_no_zynq_tb/keygen/Mayo_keygen_no_zynq_i/mayo_linear_combinat_0/U0/OUTPUT_Pr  File: /home/osm/Documents/SECT-MAYO/MAYO/src/hdl/MAYO_Keygen/MAYO_linear_combination.vhd
Note: Linear Combination done
Time: 1958355 ns  Iteration: 1  Process: /Mayo_keygen_no_zynq_tb/keygen/Mayo_keygen_no_zynq_i/mayo_linear_combinat_0/U0/OUTPUT_Pr  File: /home/osm/Documents/SECT-MAYO/MAYO/src/hdl/MAYO_Keygen/MAYO_linear_combination.vhd
Note: Linear Combination done
Time: 1975455 ns  Iteration: 1  Process: /Mayo_keygen_no_zynq_tb/keygen/Mayo_keygen_no_zynq_i/mayo_linear_combinat_0/U0/OUTPUT_Pr  File: /home/osm/Documents/SECT-MAYO/MAYO/src/hdl/MAYO_Keygen/MAYO_linear_combination.vhd
Note: Linear Combination done
Time: 1992555 ns  Iteration: 1  Process: /Mayo_keygen_no_zynq_tb/keygen/Mayo_keygen_no_zynq_i/mayo_linear_combinat_0/U0/OUTPUT_Pr  File: /home/osm/Documents/SECT-MAYO/MAYO/src/hdl/MAYO_Keygen/MAYO_linear_combination.vhd
Note: Linear Combination done
Time: 2009655 ns  Iteration: 1  Process: /Mayo_keygen_no_zynq_tb/keygen/Mayo_keygen_no_zynq_i/mayo_linear_combinat_0/U0/OUTPUT_Pr  File: /home/osm/Documents/SECT-MAYO/MAYO/src/hdl/MAYO_Keygen/MAYO_linear_combination.vhd
Note: Linear Combination done
Time: 2026755 ns  Iteration: 1  Process: /Mayo_keygen_no_zynq_tb/keygen/Mayo_keygen_no_zynq_i/mayo_linear_combinat_0/U0/OUTPUT_Pr  File: /home/osm/Documents/SECT-MAYO/MAYO/src/hdl/MAYO_Keygen/MAYO_linear_combination.vhd
Note: Linear Combination done
Time: 2043585 ns  Iteration: 1  Process: /Mayo_keygen_no_zynq_tb/keygen/Mayo_keygen_no_zynq_i/mayo_linear_combinat_0/U0/OUTPUT_Pr  File: /home/osm/Documents/SECT-MAYO/MAYO/src/hdl/MAYO_Keygen/MAYO_linear_combination.vhd
Note: Linear Combination done
Time: 2060385 ns  Iteration: 1  Process: /Mayo_keygen_no_zynq_tb/keygen/Mayo_keygen_no_zynq_i/mayo_linear_combinat_0/U0/OUTPUT_Pr  File: /home/osm/Documents/SECT-MAYO/MAYO/src/hdl/MAYO_Keygen/MAYO_linear_combination.vhd
Note: Linear Combination done
Time: 2077185 ns  Iteration: 1  Process: /Mayo_keygen_no_zynq_tb/keygen/Mayo_keygen_no_zynq_i/mayo_linear_combinat_0/U0/OUTPUT_Pr  File: /home/osm/Documents/SECT-MAYO/MAYO/src/hdl/MAYO_Keygen/MAYO_linear_combination.vhd
Note: Linear Combination done
Time: 2093985 ns  Iteration: 1  Process: /Mayo_keygen_no_zynq_tb/keygen/Mayo_keygen_no_zynq_i/mayo_linear_combinat_0/U0/OUTPUT_Pr  File: /home/osm/Documents/SECT-MAYO/MAYO/src/hdl/MAYO_Keygen/MAYO_linear_combination.vhd
Note: Linear Combination done
Time: 2110785 ns  Iteration: 1  Process: /Mayo_keygen_no_zynq_tb/keygen/Mayo_keygen_no_zynq_i/mayo_linear_combinat_0/U0/OUTPUT_Pr  File: /home/osm/Documents/SECT-MAYO/MAYO/src/hdl/MAYO_Keygen/MAYO_linear_combination.vhd
Note: Linear Combination done
Time: 2127585 ns  Iteration: 1  Process: /Mayo_keygen_no_zynq_tb/keygen/Mayo_keygen_no_zynq_i/mayo_linear_combinat_0/U0/OUTPUT_Pr  File: /home/osm/Documents/SECT-MAYO/MAYO/src/hdl/MAYO_Keygen/MAYO_linear_combination.vhd
Note: Linear Combination done
Time: 2144115 ns  Iteration: 1  Process: /Mayo_keygen_no_zynq_tb/keygen/Mayo_keygen_no_zynq_i/mayo_linear_combinat_0/U0/OUTPUT_Pr  File: /home/osm/Documents/SECT-MAYO/MAYO/src/hdl/MAYO_Keygen/MAYO_linear_combination.vhd
Note: Linear Combination done
Time: 2160615 ns  Iteration: 1  Process: /Mayo_keygen_no_zynq_tb/keygen/Mayo_keygen_no_zynq_i/mayo_linear_combinat_0/U0/OUTPUT_Pr  File: /home/osm/Documents/SECT-MAYO/MAYO/src/hdl/MAYO_Keygen/MAYO_linear_combination.vhd
Note: Linear Combination done
Time: 2177115 ns  Iteration: 1  Process: /Mayo_keygen_no_zynq_tb/keygen/Mayo_keygen_no_zynq_i/mayo_linear_combinat_0/U0/OUTPUT_Pr  File: /home/osm/Documents/SECT-MAYO/MAYO/src/hdl/MAYO_Keygen/MAYO_linear_combination.vhd
Note: Linear Combination done
Time: 2193615 ns  Iteration: 1  Process: /Mayo_keygen_no_zynq_tb/keygen/Mayo_keygen_no_zynq_i/mayo_linear_combinat_0/U0/OUTPUT_Pr  File: /home/osm/Documents/SECT-MAYO/MAYO/src/hdl/MAYO_Keygen/MAYO_linear_combination.vhd
Note: Linear Combination done
Time: 2210115 ns  Iteration: 1  Process: /Mayo_keygen_no_zynq_tb/keygen/Mayo_keygen_no_zynq_i/mayo_linear_combinat_0/U0/OUTPUT_Pr  File: /home/osm/Documents/SECT-MAYO/MAYO/src/hdl/MAYO_Keygen/MAYO_linear_combination.vhd
Note: Linear Combination done
Time: 2226615 ns  Iteration: 1  Process: /Mayo_keygen_no_zynq_tb/keygen/Mayo_keygen_no_zynq_i/mayo_linear_combinat_0/U0/OUTPUT_Pr  File: /home/osm/Documents/SECT-MAYO/MAYO/src/hdl/MAYO_Keygen/MAYO_linear_combination.vhd
Note: Linear Combination done
Time: 2242845 ns  Iteration: 1  Process: /Mayo_keygen_no_zynq_tb/keygen/Mayo_keygen_no_zynq_i/mayo_linear_combinat_0/U0/OUTPUT_Pr  File: /home/osm/Documents/SECT-MAYO/MAYO/src/hdl/MAYO_Keygen/MAYO_linear_combination.vhd
Note: Linear Combination done
Time: 2259045 ns  Iteration: 1  Process: /Mayo_keygen_no_zynq_tb/keygen/Mayo_keygen_no_zynq_i/mayo_linear_combinat_0/U0/OUTPUT_Pr  File: /home/osm/Documents/SECT-MAYO/MAYO/src/hdl/MAYO_Keygen/MAYO_linear_combination.vhd
Note: Linear Combination done
Time: 2275245 ns  Iteration: 1  Process: /Mayo_keygen_no_zynq_tb/keygen/Mayo_keygen_no_zynq_i/mayo_linear_combinat_0/U0/OUTPUT_Pr  File: /home/osm/Documents/SECT-MAYO/MAYO/src/hdl/MAYO_Keygen/MAYO_linear_combination.vhd
Note: Linear Combination done
Time: 2291445 ns  Iteration: 1  Process: /Mayo_keygen_no_zynq_tb/keygen/Mayo_keygen_no_zynq_i/mayo_linear_combinat_0/U0/OUTPUT_Pr  File: /home/osm/Documents/SECT-MAYO/MAYO/src/hdl/MAYO_Keygen/MAYO_linear_combination.vhd
Note: Linear Combination done
Time: 2307645 ns  Iteration: 1  Process: /Mayo_keygen_no_zynq_tb/keygen/Mayo_keygen_no_zynq_i/mayo_linear_combinat_0/U0/OUTPUT_Pr  File: /home/osm/Documents/SECT-MAYO/MAYO/src/hdl/MAYO_Keygen/MAYO_linear_combination.vhd
Note: Linear Combination done
Time: 2323845 ns  Iteration: 1  Process: /Mayo_keygen_no_zynq_tb/keygen/Mayo_keygen_no_zynq_i/mayo_linear_combinat_0/U0/OUTPUT_Pr  File: /home/osm/Documents/SECT-MAYO/MAYO/src/hdl/MAYO_Keygen/MAYO_linear_combination.vhd
Note: Linear Combination done
Time: 2339775 ns  Iteration: 1  Process: /Mayo_keygen_no_zynq_tb/keygen/Mayo_keygen_no_zynq_i/mayo_linear_combinat_0/U0/OUTPUT_Pr  File: /home/osm/Documents/SECT-MAYO/MAYO/src/hdl/MAYO_Keygen/MAYO_linear_combination.vhd
Note: Linear Combination done
Time: 2355675 ns  Iteration: 1  Process: /Mayo_keygen_no_zynq_tb/keygen/Mayo_keygen_no_zynq_i/mayo_linear_combinat_0/U0/OUTPUT_Pr  File: /home/osm/Documents/SECT-MAYO/MAYO/src/hdl/MAYO_Keygen/MAYO_linear_combination.vhd
Note: Linear Combination done
Time: 2371575 ns  Iteration: 1  Process: /Mayo_keygen_no_zynq_tb/keygen/Mayo_keygen_no_zynq_i/mayo_linear_combinat_0/U0/OUTPUT_Pr  File: /home/osm/Documents/SECT-MAYO/MAYO/src/hdl/MAYO_Keygen/MAYO_linear_combination.vhd
Note: Linear Combination done
Time: 2387475 ns  Iteration: 1  Process: /Mayo_keygen_no_zynq_tb/keygen/Mayo_keygen_no_zynq_i/mayo_linear_combinat_0/U0/OUTPUT_Pr  File: /home/osm/Documents/SECT-MAYO/MAYO/src/hdl/MAYO_Keygen/MAYO_linear_combination.vhd
Note: Linear Combination done
Time: 2403375 ns  Iteration: 1  Process: /Mayo_keygen_no_zynq_tb/keygen/Mayo_keygen_no_zynq_i/mayo_linear_combinat_0/U0/OUTPUT_Pr  File: /home/osm/Documents/SECT-MAYO/MAYO/src/hdl/MAYO_Keygen/MAYO_linear_combination.vhd
Note: Linear Combination done
Time: 2419275 ns  Iteration: 1  Process: /Mayo_keygen_no_zynq_tb/keygen/Mayo_keygen_no_zynq_i/mayo_linear_combinat_0/U0/OUTPUT_Pr  File: /home/osm/Documents/SECT-MAYO/MAYO/src/hdl/MAYO_Keygen/MAYO_linear_combination.vhd
Note: Linear Combination done
Time: 2434905 ns  Iteration: 1  Process: /Mayo_keygen_no_zynq_tb/keygen/Mayo_keygen_no_zynq_i/mayo_linear_combinat_0/U0/OUTPUT_Pr  File: /home/osm/Documents/SECT-MAYO/MAYO/src/hdl/MAYO_Keygen/MAYO_linear_combination.vhd
Note: Linear Combination done
Time: 2450505 ns  Iteration: 1  Process: /Mayo_keygen_no_zynq_tb/keygen/Mayo_keygen_no_zynq_i/mayo_linear_combinat_0/U0/OUTPUT_Pr  File: /home/osm/Documents/SECT-MAYO/MAYO/src/hdl/MAYO_Keygen/MAYO_linear_combination.vhd
Note: Linear Combination done
Time: 2466105 ns  Iteration: 1  Process: /Mayo_keygen_no_zynq_tb/keygen/Mayo_keygen_no_zynq_i/mayo_linear_combinat_0/U0/OUTPUT_Pr  File: /home/osm/Documents/SECT-MAYO/MAYO/src/hdl/MAYO_Keygen/MAYO_linear_combination.vhd
Note: Linear Combination done
Time: 2481705 ns  Iteration: 1  Process: /Mayo_keygen_no_zynq_tb/keygen/Mayo_keygen_no_zynq_i/mayo_linear_combinat_0/U0/OUTPUT_Pr  File: /home/osm/Documents/SECT-MAYO/MAYO/src/hdl/MAYO_Keygen/MAYO_linear_combination.vhd
Note: Linear Combination done
Time: 2497305 ns  Iteration: 1  Process: /Mayo_keygen_no_zynq_tb/keygen/Mayo_keygen_no_zynq_i/mayo_linear_combinat_0/U0/OUTPUT_Pr  File: /home/osm/Documents/SECT-MAYO/MAYO/src/hdl/MAYO_Keygen/MAYO_linear_combination.vhd
Note: Linear Combination done
Time: 2512905 ns  Iteration: 1  Process: /Mayo_keygen_no_zynq_tb/keygen/Mayo_keygen_no_zynq_i/mayo_linear_combinat_0/U0/OUTPUT_Pr  File: /home/osm/Documents/SECT-MAYO/MAYO/src/hdl/MAYO_Keygen/MAYO_linear_combination.vhd
Note: Linear Combination done
Time: 2528235 ns  Iteration: 1  Process: /Mayo_keygen_no_zynq_tb/keygen/Mayo_keygen_no_zynq_i/mayo_linear_combinat_0/U0/OUTPUT_Pr  File: /home/osm/Documents/SECT-MAYO/MAYO/src/hdl/MAYO_Keygen/MAYO_linear_combination.vhd
Note: Linear Combination done
Time: 2543535 ns  Iteration: 1  Process: /Mayo_keygen_no_zynq_tb/keygen/Mayo_keygen_no_zynq_i/mayo_linear_combinat_0/U0/OUTPUT_Pr  File: /home/osm/Documents/SECT-MAYO/MAYO/src/hdl/MAYO_Keygen/MAYO_linear_combination.vhd
Note: Linear Combination done
Time: 2558835 ns  Iteration: 1  Process: /Mayo_keygen_no_zynq_tb/keygen/Mayo_keygen_no_zynq_i/mayo_linear_combinat_0/U0/OUTPUT_Pr  File: /home/osm/Documents/SECT-MAYO/MAYO/src/hdl/MAYO_Keygen/MAYO_linear_combination.vhd
Note: Linear Combination done
Time: 2574135 ns  Iteration: 1  Process: /Mayo_keygen_no_zynq_tb/keygen/Mayo_keygen_no_zynq_i/mayo_linear_combinat_0/U0/OUTPUT_Pr  File: /home/osm/Documents/SECT-MAYO/MAYO/src/hdl/MAYO_Keygen/MAYO_linear_combination.vhd
Note: Linear Combination done
Time: 2589435 ns  Iteration: 1  Process: /Mayo_keygen_no_zynq_tb/keygen/Mayo_keygen_no_zynq_i/mayo_linear_combinat_0/U0/OUTPUT_Pr  File: /home/osm/Documents/SECT-MAYO/MAYO/src/hdl/MAYO_Keygen/MAYO_linear_combination.vhd
Note: Linear Combination done
Time: 2604735 ns  Iteration: 1  Process: /Mayo_keygen_no_zynq_tb/keygen/Mayo_keygen_no_zynq_i/mayo_linear_combinat_0/U0/OUTPUT_Pr  File: /home/osm/Documents/SECT-MAYO/MAYO/src/hdl/MAYO_Keygen/MAYO_linear_combination.vhd
Note: Linear Combination done
Time: 2619765 ns  Iteration: 1  Process: /Mayo_keygen_no_zynq_tb/keygen/Mayo_keygen_no_zynq_i/mayo_linear_combinat_0/U0/OUTPUT_Pr  File: /home/osm/Documents/SECT-MAYO/MAYO/src/hdl/MAYO_Keygen/MAYO_linear_combination.vhd
Note: Linear Combination done
Time: 2634765 ns  Iteration: 1  Process: /Mayo_keygen_no_zynq_tb/keygen/Mayo_keygen_no_zynq_i/mayo_linear_combinat_0/U0/OUTPUT_Pr  File: /home/osm/Documents/SECT-MAYO/MAYO/src/hdl/MAYO_Keygen/MAYO_linear_combination.vhd
Note: Linear Combination done
Time: 2649765 ns  Iteration: 1  Process: /Mayo_keygen_no_zynq_tb/keygen/Mayo_keygen_no_zynq_i/mayo_linear_combinat_0/U0/OUTPUT_Pr  File: /home/osm/Documents/SECT-MAYO/MAYO/src/hdl/MAYO_Keygen/MAYO_linear_combination.vhd
Note: Linear Combination done
Time: 2664765 ns  Iteration: 1  Process: /Mayo_keygen_no_zynq_tb/keygen/Mayo_keygen_no_zynq_i/mayo_linear_combinat_0/U0/OUTPUT_Pr  File: /home/osm/Documents/SECT-MAYO/MAYO/src/hdl/MAYO_Keygen/MAYO_linear_combination.vhd
Note: Linear Combination done
Time: 2679765 ns  Iteration: 1  Process: /Mayo_keygen_no_zynq_tb/keygen/Mayo_keygen_no_zynq_i/mayo_linear_combinat_0/U0/OUTPUT_Pr  File: /home/osm/Documents/SECT-MAYO/MAYO/src/hdl/MAYO_Keygen/MAYO_linear_combination.vhd
Note: Linear Combination done
Time: 2694765 ns  Iteration: 1  Process: /Mayo_keygen_no_zynq_tb/keygen/Mayo_keygen_no_zynq_i/mayo_linear_combinat_0/U0/OUTPUT_Pr  File: /home/osm/Documents/SECT-MAYO/MAYO/src/hdl/MAYO_Keygen/MAYO_linear_combination.vhd
Note: Linear Combination done
Time: 2709495 ns  Iteration: 1  Process: /Mayo_keygen_no_zynq_tb/keygen/Mayo_keygen_no_zynq_i/mayo_linear_combinat_0/U0/OUTPUT_Pr  File: /home/osm/Documents/SECT-MAYO/MAYO/src/hdl/MAYO_Keygen/MAYO_linear_combination.vhd
Note: Linear Combination done
Time: 2724195 ns  Iteration: 1  Process: /Mayo_keygen_no_zynq_tb/keygen/Mayo_keygen_no_zynq_i/mayo_linear_combinat_0/U0/OUTPUT_Pr  File: /home/osm/Documents/SECT-MAYO/MAYO/src/hdl/MAYO_Keygen/MAYO_linear_combination.vhd
Note: Linear Combination done
Time: 2738895 ns  Iteration: 1  Process: /Mayo_keygen_no_zynq_tb/keygen/Mayo_keygen_no_zynq_i/mayo_linear_combinat_0/U0/OUTPUT_Pr  File: /home/osm/Documents/SECT-MAYO/MAYO/src/hdl/MAYO_Keygen/MAYO_linear_combination.vhd
Note: Linear Combination done
Time: 2753595 ns  Iteration: 1  Process: /Mayo_keygen_no_zynq_tb/keygen/Mayo_keygen_no_zynq_i/mayo_linear_combinat_0/U0/OUTPUT_Pr  File: /home/osm/Documents/SECT-MAYO/MAYO/src/hdl/MAYO_Keygen/MAYO_linear_combination.vhd
Note: Linear Combination done
Time: 2768295 ns  Iteration: 1  Process: /Mayo_keygen_no_zynq_tb/keygen/Mayo_keygen_no_zynq_i/mayo_linear_combinat_0/U0/OUTPUT_Pr  File: /home/osm/Documents/SECT-MAYO/MAYO/src/hdl/MAYO_Keygen/MAYO_linear_combination.vhd
Note: Linear Combination done
Time: 2782995 ns  Iteration: 1  Process: /Mayo_keygen_no_zynq_tb/keygen/Mayo_keygen_no_zynq_i/mayo_linear_combinat_0/U0/OUTPUT_Pr  File: /home/osm/Documents/SECT-MAYO/MAYO/src/hdl/MAYO_Keygen/MAYO_linear_combination.vhd
Note: Linear Combination done
Time: 2797425 ns  Iteration: 1  Process: /Mayo_keygen_no_zynq_tb/keygen/Mayo_keygen_no_zynq_i/mayo_linear_combinat_0/U0/OUTPUT_Pr  File: /home/osm/Documents/SECT-MAYO/MAYO/src/hdl/MAYO_Keygen/MAYO_linear_combination.vhd
Note: Linear Combination done
Time: 2811825 ns  Iteration: 1  Process: /Mayo_keygen_no_zynq_tb/keygen/Mayo_keygen_no_zynq_i/mayo_linear_combinat_0/U0/OUTPUT_Pr  File: /home/osm/Documents/SECT-MAYO/MAYO/src/hdl/MAYO_Keygen/MAYO_linear_combination.vhd
Note: Linear Combination done
Time: 2826225 ns  Iteration: 1  Process: /Mayo_keygen_no_zynq_tb/keygen/Mayo_keygen_no_zynq_i/mayo_linear_combinat_0/U0/OUTPUT_Pr  File: /home/osm/Documents/SECT-MAYO/MAYO/src/hdl/MAYO_Keygen/MAYO_linear_combination.vhd
Note: Linear Combination done
Time: 2840625 ns  Iteration: 1  Process: /Mayo_keygen_no_zynq_tb/keygen/Mayo_keygen_no_zynq_i/mayo_linear_combinat_0/U0/OUTPUT_Pr  File: /home/osm/Documents/SECT-MAYO/MAYO/src/hdl/MAYO_Keygen/MAYO_linear_combination.vhd
Note: Linear Combination done
Time: 2855025 ns  Iteration: 1  Process: /Mayo_keygen_no_zynq_tb/keygen/Mayo_keygen_no_zynq_i/mayo_linear_combinat_0/U0/OUTPUT_Pr  File: /home/osm/Documents/SECT-MAYO/MAYO/src/hdl/MAYO_Keygen/MAYO_linear_combination.vhd
Note: Linear Combination done
Time: 2869425 ns  Iteration: 1  Process: /Mayo_keygen_no_zynq_tb/keygen/Mayo_keygen_no_zynq_i/mayo_linear_combinat_0/U0/OUTPUT_Pr  File: /home/osm/Documents/SECT-MAYO/MAYO/src/hdl/MAYO_Keygen/MAYO_linear_combination.vhd
Note: Linear Combination done
Time: 2883555 ns  Iteration: 1  Process: /Mayo_keygen_no_zynq_tb/keygen/Mayo_keygen_no_zynq_i/mayo_linear_combinat_0/U0/OUTPUT_Pr  File: /home/osm/Documents/SECT-MAYO/MAYO/src/hdl/MAYO_Keygen/MAYO_linear_combination.vhd
Note: Linear Combination done
Time: 2897655 ns  Iteration: 1  Process: /Mayo_keygen_no_zynq_tb/keygen/Mayo_keygen_no_zynq_i/mayo_linear_combinat_0/U0/OUTPUT_Pr  File: /home/osm/Documents/SECT-MAYO/MAYO/src/hdl/MAYO_Keygen/MAYO_linear_combination.vhd
Note: Linear Combination done
Time: 2911755 ns  Iteration: 1  Process: /Mayo_keygen_no_zynq_tb/keygen/Mayo_keygen_no_zynq_i/mayo_linear_combinat_0/U0/OUTPUT_Pr  File: /home/osm/Documents/SECT-MAYO/MAYO/src/hdl/MAYO_Keygen/MAYO_linear_combination.vhd
Note: Linear Combination done
Time: 2925855 ns  Iteration: 1  Process: /Mayo_keygen_no_zynq_tb/keygen/Mayo_keygen_no_zynq_i/mayo_linear_combinat_0/U0/OUTPUT_Pr  File: /home/osm/Documents/SECT-MAYO/MAYO/src/hdl/MAYO_Keygen/MAYO_linear_combination.vhd
Note: Linear Combination done
Time: 2939955 ns  Iteration: 1  Process: /Mayo_keygen_no_zynq_tb/keygen/Mayo_keygen_no_zynq_i/mayo_linear_combinat_0/U0/OUTPUT_Pr  File: /home/osm/Documents/SECT-MAYO/MAYO/src/hdl/MAYO_Keygen/MAYO_linear_combination.vhd
Note: Linear Combination done
Time: 2954055 ns  Iteration: 1  Process: /Mayo_keygen_no_zynq_tb/keygen/Mayo_keygen_no_zynq_i/mayo_linear_combinat_0/U0/OUTPUT_Pr  File: /home/osm/Documents/SECT-MAYO/MAYO/src/hdl/MAYO_Keygen/MAYO_linear_combination.vhd
Note: Linear Combination done
Time: 2967885 ns  Iteration: 1  Process: /Mayo_keygen_no_zynq_tb/keygen/Mayo_keygen_no_zynq_i/mayo_linear_combinat_0/U0/OUTPUT_Pr  File: /home/osm/Documents/SECT-MAYO/MAYO/src/hdl/MAYO_Keygen/MAYO_linear_combination.vhd
Note: Linear Combination done
Time: 2981685 ns  Iteration: 1  Process: /Mayo_keygen_no_zynq_tb/keygen/Mayo_keygen_no_zynq_i/mayo_linear_combinat_0/U0/OUTPUT_Pr  File: /home/osm/Documents/SECT-MAYO/MAYO/src/hdl/MAYO_Keygen/MAYO_linear_combination.vhd
Note: Linear Combination done
Time: 2995485 ns  Iteration: 1  Process: /Mayo_keygen_no_zynq_tb/keygen/Mayo_keygen_no_zynq_i/mayo_linear_combinat_0/U0/OUTPUT_Pr  File: /home/osm/Documents/SECT-MAYO/MAYO/src/hdl/MAYO_Keygen/MAYO_linear_combination.vhd
Note: Linear Combination done
Time: 3009285 ns  Iteration: 1  Process: /Mayo_keygen_no_zynq_tb/keygen/Mayo_keygen_no_zynq_i/mayo_linear_combinat_0/U0/OUTPUT_Pr  File: /home/osm/Documents/SECT-MAYO/MAYO/src/hdl/MAYO_Keygen/MAYO_linear_combination.vhd
Note: Linear Combination done
Time: 3023085 ns  Iteration: 1  Process: /Mayo_keygen_no_zynq_tb/keygen/Mayo_keygen_no_zynq_i/mayo_linear_combinat_0/U0/OUTPUT_Pr  File: /home/osm/Documents/SECT-MAYO/MAYO/src/hdl/MAYO_Keygen/MAYO_linear_combination.vhd
Note: Linear Combination done
Time: 3036885 ns  Iteration: 1  Process: /Mayo_keygen_no_zynq_tb/keygen/Mayo_keygen_no_zynq_i/mayo_linear_combinat_0/U0/OUTPUT_Pr  File: /home/osm/Documents/SECT-MAYO/MAYO/src/hdl/MAYO_Keygen/MAYO_linear_combination.vhd
Note: Linear Combination done
Time: 3050415 ns  Iteration: 1  Process: /Mayo_keygen_no_zynq_tb/keygen/Mayo_keygen_no_zynq_i/mayo_linear_combinat_0/U0/OUTPUT_Pr  File: /home/osm/Documents/SECT-MAYO/MAYO/src/hdl/MAYO_Keygen/MAYO_linear_combination.vhd
Note: Linear Combination done
Time: 3063915 ns  Iteration: 1  Process: /Mayo_keygen_no_zynq_tb/keygen/Mayo_keygen_no_zynq_i/mayo_linear_combinat_0/U0/OUTPUT_Pr  File: /home/osm/Documents/SECT-MAYO/MAYO/src/hdl/MAYO_Keygen/MAYO_linear_combination.vhd
Note: Linear Combination done
Time: 3077415 ns  Iteration: 1  Process: /Mayo_keygen_no_zynq_tb/keygen/Mayo_keygen_no_zynq_i/mayo_linear_combinat_0/U0/OUTPUT_Pr  File: /home/osm/Documents/SECT-MAYO/MAYO/src/hdl/MAYO_Keygen/MAYO_linear_combination.vhd
Note: Linear Combination done
Time: 3090915 ns  Iteration: 1  Process: /Mayo_keygen_no_zynq_tb/keygen/Mayo_keygen_no_zynq_i/mayo_linear_combinat_0/U0/OUTPUT_Pr  File: /home/osm/Documents/SECT-MAYO/MAYO/src/hdl/MAYO_Keygen/MAYO_linear_combination.vhd
Note: Linear Combination done
Time: 3104415 ns  Iteration: 1  Process: /Mayo_keygen_no_zynq_tb/keygen/Mayo_keygen_no_zynq_i/mayo_linear_combinat_0/U0/OUTPUT_Pr  File: /home/osm/Documents/SECT-MAYO/MAYO/src/hdl/MAYO_Keygen/MAYO_linear_combination.vhd
Note: Linear Combination done
Time: 3117915 ns  Iteration: 1  Process: /Mayo_keygen_no_zynq_tb/keygen/Mayo_keygen_no_zynq_i/mayo_linear_combinat_0/U0/OUTPUT_Pr  File: /home/osm/Documents/SECT-MAYO/MAYO/src/hdl/MAYO_Keygen/MAYO_linear_combination.vhd
Note: Linear Combination done
Time: 3131145 ns  Iteration: 1  Process: /Mayo_keygen_no_zynq_tb/keygen/Mayo_keygen_no_zynq_i/mayo_linear_combinat_0/U0/OUTPUT_Pr  File: /home/osm/Documents/SECT-MAYO/MAYO/src/hdl/MAYO_Keygen/MAYO_linear_combination.vhd
Note: Linear Combination done
Time: 3144345 ns  Iteration: 1  Process: /Mayo_keygen_no_zynq_tb/keygen/Mayo_keygen_no_zynq_i/mayo_linear_combinat_0/U0/OUTPUT_Pr  File: /home/osm/Documents/SECT-MAYO/MAYO/src/hdl/MAYO_Keygen/MAYO_linear_combination.vhd
Note: Linear Combination done
Time: 3157545 ns  Iteration: 1  Process: /Mayo_keygen_no_zynq_tb/keygen/Mayo_keygen_no_zynq_i/mayo_linear_combinat_0/U0/OUTPUT_Pr  File: /home/osm/Documents/SECT-MAYO/MAYO/src/hdl/MAYO_Keygen/MAYO_linear_combination.vhd
Note: Linear Combination done
Time: 3170745 ns  Iteration: 1  Process: /Mayo_keygen_no_zynq_tb/keygen/Mayo_keygen_no_zynq_i/mayo_linear_combinat_0/U0/OUTPUT_Pr  File: /home/osm/Documents/SECT-MAYO/MAYO/src/hdl/MAYO_Keygen/MAYO_linear_combination.vhd
Note: Linear Combination done
Time: 3183945 ns  Iteration: 1  Process: /Mayo_keygen_no_zynq_tb/keygen/Mayo_keygen_no_zynq_i/mayo_linear_combinat_0/U0/OUTPUT_Pr  File: /home/osm/Documents/SECT-MAYO/MAYO/src/hdl/MAYO_Keygen/MAYO_linear_combination.vhd
Note: Linear Combination done
Time: 3197145 ns  Iteration: 1  Process: /Mayo_keygen_no_zynq_tb/keygen/Mayo_keygen_no_zynq_i/mayo_linear_combinat_0/U0/OUTPUT_Pr  File: /home/osm/Documents/SECT-MAYO/MAYO/src/hdl/MAYO_Keygen/MAYO_linear_combination.vhd
Note: Linear Combination done
Time: 3210075 ns  Iteration: 1  Process: /Mayo_keygen_no_zynq_tb/keygen/Mayo_keygen_no_zynq_i/mayo_linear_combinat_0/U0/OUTPUT_Pr  File: /home/osm/Documents/SECT-MAYO/MAYO/src/hdl/MAYO_Keygen/MAYO_linear_combination.vhd
Note: Linear Combination done
Time: 3222975 ns  Iteration: 1  Process: /Mayo_keygen_no_zynq_tb/keygen/Mayo_keygen_no_zynq_i/mayo_linear_combinat_0/U0/OUTPUT_Pr  File: /home/osm/Documents/SECT-MAYO/MAYO/src/hdl/MAYO_Keygen/MAYO_linear_combination.vhd
Note: Linear Combination done
Time: 3235875 ns  Iteration: 1  Process: /Mayo_keygen_no_zynq_tb/keygen/Mayo_keygen_no_zynq_i/mayo_linear_combinat_0/U0/OUTPUT_Pr  File: /home/osm/Documents/SECT-MAYO/MAYO/src/hdl/MAYO_Keygen/MAYO_linear_combination.vhd
Note: Linear Combination done
Time: 3248775 ns  Iteration: 1  Process: /Mayo_keygen_no_zynq_tb/keygen/Mayo_keygen_no_zynq_i/mayo_linear_combinat_0/U0/OUTPUT_Pr  File: /home/osm/Documents/SECT-MAYO/MAYO/src/hdl/MAYO_Keygen/MAYO_linear_combination.vhd
Note: Linear Combination done
Time: 3261675 ns  Iteration: 1  Process: /Mayo_keygen_no_zynq_tb/keygen/Mayo_keygen_no_zynq_i/mayo_linear_combinat_0/U0/OUTPUT_Pr  File: /home/osm/Documents/SECT-MAYO/MAYO/src/hdl/MAYO_Keygen/MAYO_linear_combination.vhd
Note: Linear Combination done
Time: 3274575 ns  Iteration: 1  Process: /Mayo_keygen_no_zynq_tb/keygen/Mayo_keygen_no_zynq_i/mayo_linear_combinat_0/U0/OUTPUT_Pr  File: /home/osm/Documents/SECT-MAYO/MAYO/src/hdl/MAYO_Keygen/MAYO_linear_combination.vhd
Note: Linear Combination done
Time: 3287205 ns  Iteration: 1  Process: /Mayo_keygen_no_zynq_tb/keygen/Mayo_keygen_no_zynq_i/mayo_linear_combinat_0/U0/OUTPUT_Pr  File: /home/osm/Documents/SECT-MAYO/MAYO/src/hdl/MAYO_Keygen/MAYO_linear_combination.vhd
Note: Linear Combination done
Time: 3299805 ns  Iteration: 1  Process: /Mayo_keygen_no_zynq_tb/keygen/Mayo_keygen_no_zynq_i/mayo_linear_combinat_0/U0/OUTPUT_Pr  File: /home/osm/Documents/SECT-MAYO/MAYO/src/hdl/MAYO_Keygen/MAYO_linear_combination.vhd
Note: Linear Combination done
Time: 3312405 ns  Iteration: 1  Process: /Mayo_keygen_no_zynq_tb/keygen/Mayo_keygen_no_zynq_i/mayo_linear_combinat_0/U0/OUTPUT_Pr  File: /home/osm/Documents/SECT-MAYO/MAYO/src/hdl/MAYO_Keygen/MAYO_linear_combination.vhd
Note: Linear Combination done
Time: 3325005 ns  Iteration: 1  Process: /Mayo_keygen_no_zynq_tb/keygen/Mayo_keygen_no_zynq_i/mayo_linear_combinat_0/U0/OUTPUT_Pr  File: /home/osm/Documents/SECT-MAYO/MAYO/src/hdl/MAYO_Keygen/MAYO_linear_combination.vhd
Note: Linear Combination done
Time: 3337605 ns  Iteration: 1  Process: /Mayo_keygen_no_zynq_tb/keygen/Mayo_keygen_no_zynq_i/mayo_linear_combinat_0/U0/OUTPUT_Pr  File: /home/osm/Documents/SECT-MAYO/MAYO/src/hdl/MAYO_Keygen/MAYO_linear_combination.vhd
Note: Linear Combination done
Time: 3350205 ns  Iteration: 1  Process: /Mayo_keygen_no_zynq_tb/keygen/Mayo_keygen_no_zynq_i/mayo_linear_combinat_0/U0/OUTPUT_Pr  File: /home/osm/Documents/SECT-MAYO/MAYO/src/hdl/MAYO_Keygen/MAYO_linear_combination.vhd
Note: Linear Combination done
Time: 3362535 ns  Iteration: 1  Process: /Mayo_keygen_no_zynq_tb/keygen/Mayo_keygen_no_zynq_i/mayo_linear_combinat_0/U0/OUTPUT_Pr  File: /home/osm/Documents/SECT-MAYO/MAYO/src/hdl/MAYO_Keygen/MAYO_linear_combination.vhd
Note: Linear Combination done
Time: 3374835 ns  Iteration: 1  Process: /Mayo_keygen_no_zynq_tb/keygen/Mayo_keygen_no_zynq_i/mayo_linear_combinat_0/U0/OUTPUT_Pr  File: /home/osm/Documents/SECT-MAYO/MAYO/src/hdl/MAYO_Keygen/MAYO_linear_combination.vhd
Note: Linear Combination done
Time: 3387135 ns  Iteration: 1  Process: /Mayo_keygen_no_zynq_tb/keygen/Mayo_keygen_no_zynq_i/mayo_linear_combinat_0/U0/OUTPUT_Pr  File: /home/osm/Documents/SECT-MAYO/MAYO/src/hdl/MAYO_Keygen/MAYO_linear_combination.vhd
Note: Linear Combination done
Time: 3399435 ns  Iteration: 1  Process: /Mayo_keygen_no_zynq_tb/keygen/Mayo_keygen_no_zynq_i/mayo_linear_combinat_0/U0/OUTPUT_Pr  File: /home/osm/Documents/SECT-MAYO/MAYO/src/hdl/MAYO_Keygen/MAYO_linear_combination.vhd
Note: Linear Combination done
Time: 3411735 ns  Iteration: 1  Process: /Mayo_keygen_no_zynq_tb/keygen/Mayo_keygen_no_zynq_i/mayo_linear_combinat_0/U0/OUTPUT_Pr  File: /home/osm/Documents/SECT-MAYO/MAYO/src/hdl/MAYO_Keygen/MAYO_linear_combination.vhd
Note: Linear Combination done
Time: 3424035 ns  Iteration: 1  Process: /Mayo_keygen_no_zynq_tb/keygen/Mayo_keygen_no_zynq_i/mayo_linear_combinat_0/U0/OUTPUT_Pr  File: /home/osm/Documents/SECT-MAYO/MAYO/src/hdl/MAYO_Keygen/MAYO_linear_combination.vhd
Note: Linear Combination done
Time: 3436065 ns  Iteration: 1  Process: /Mayo_keygen_no_zynq_tb/keygen/Mayo_keygen_no_zynq_i/mayo_linear_combinat_0/U0/OUTPUT_Pr  File: /home/osm/Documents/SECT-MAYO/MAYO/src/hdl/MAYO_Keygen/MAYO_linear_combination.vhd
Note: Linear Combination done
Time: 3448065 ns  Iteration: 1  Process: /Mayo_keygen_no_zynq_tb/keygen/Mayo_keygen_no_zynq_i/mayo_linear_combinat_0/U0/OUTPUT_Pr  File: /home/osm/Documents/SECT-MAYO/MAYO/src/hdl/MAYO_Keygen/MAYO_linear_combination.vhd
Note: Linear Combination done
Time: 3460065 ns  Iteration: 1  Process: /Mayo_keygen_no_zynq_tb/keygen/Mayo_keygen_no_zynq_i/mayo_linear_combinat_0/U0/OUTPUT_Pr  File: /home/osm/Documents/SECT-MAYO/MAYO/src/hdl/MAYO_Keygen/MAYO_linear_combination.vhd
Note: Linear Combination done
Time: 3472065 ns  Iteration: 1  Process: /Mayo_keygen_no_zynq_tb/keygen/Mayo_keygen_no_zynq_i/mayo_linear_combinat_0/U0/OUTPUT_Pr  File: /home/osm/Documents/SECT-MAYO/MAYO/src/hdl/MAYO_Keygen/MAYO_linear_combination.vhd
Note: Linear Combination done
Time: 3484065 ns  Iteration: 1  Process: /Mayo_keygen_no_zynq_tb/keygen/Mayo_keygen_no_zynq_i/mayo_linear_combinat_0/U0/OUTPUT_Pr  File: /home/osm/Documents/SECT-MAYO/MAYO/src/hdl/MAYO_Keygen/MAYO_linear_combination.vhd
Note: Linear Combination done
Time: 3496065 ns  Iteration: 1  Process: /Mayo_keygen_no_zynq_tb/keygen/Mayo_keygen_no_zynq_i/mayo_linear_combinat_0/U0/OUTPUT_Pr  File: /home/osm/Documents/SECT-MAYO/MAYO/src/hdl/MAYO_Keygen/MAYO_linear_combination.vhd
Note: Linear Combination done
Time: 3507795 ns  Iteration: 1  Process: /Mayo_keygen_no_zynq_tb/keygen/Mayo_keygen_no_zynq_i/mayo_linear_combinat_0/U0/OUTPUT_Pr  File: /home/osm/Documents/SECT-MAYO/MAYO/src/hdl/MAYO_Keygen/MAYO_linear_combination.vhd
Note: Linear Combination done
Time: 3519495 ns  Iteration: 1  Process: /Mayo_keygen_no_zynq_tb/keygen/Mayo_keygen_no_zynq_i/mayo_linear_combinat_0/U0/OUTPUT_Pr  File: /home/osm/Documents/SECT-MAYO/MAYO/src/hdl/MAYO_Keygen/MAYO_linear_combination.vhd
Note: Linear Combination done
Time: 3531195 ns  Iteration: 1  Process: /Mayo_keygen_no_zynq_tb/keygen/Mayo_keygen_no_zynq_i/mayo_linear_combinat_0/U0/OUTPUT_Pr  File: /home/osm/Documents/SECT-MAYO/MAYO/src/hdl/MAYO_Keygen/MAYO_linear_combination.vhd
Note: Linear Combination done
Time: 3542895 ns  Iteration: 1  Process: /Mayo_keygen_no_zynq_tb/keygen/Mayo_keygen_no_zynq_i/mayo_linear_combinat_0/U0/OUTPUT_Pr  File: /home/osm/Documents/SECT-MAYO/MAYO/src/hdl/MAYO_Keygen/MAYO_linear_combination.vhd
Note: Linear Combination done
Time: 3554595 ns  Iteration: 1  Process: /Mayo_keygen_no_zynq_tb/keygen/Mayo_keygen_no_zynq_i/mayo_linear_combinat_0/U0/OUTPUT_Pr  File: /home/osm/Documents/SECT-MAYO/MAYO/src/hdl/MAYO_Keygen/MAYO_linear_combination.vhd
Note: Linear Combination done
Time: 3566295 ns  Iteration: 1  Process: /Mayo_keygen_no_zynq_tb/keygen/Mayo_keygen_no_zynq_i/mayo_linear_combinat_0/U0/OUTPUT_Pr  File: /home/osm/Documents/SECT-MAYO/MAYO/src/hdl/MAYO_Keygen/MAYO_linear_combination.vhd
Note: Linear Combination done
Time: 3577725 ns  Iteration: 1  Process: /Mayo_keygen_no_zynq_tb/keygen/Mayo_keygen_no_zynq_i/mayo_linear_combinat_0/U0/OUTPUT_Pr  File: /home/osm/Documents/SECT-MAYO/MAYO/src/hdl/MAYO_Keygen/MAYO_linear_combination.vhd
Note: Linear Combination done
Time: 3589125 ns  Iteration: 1  Process: /Mayo_keygen_no_zynq_tb/keygen/Mayo_keygen_no_zynq_i/mayo_linear_combinat_0/U0/OUTPUT_Pr  File: /home/osm/Documents/SECT-MAYO/MAYO/src/hdl/MAYO_Keygen/MAYO_linear_combination.vhd
Note: Linear Combination done
Time: 3600525 ns  Iteration: 1  Process: /Mayo_keygen_no_zynq_tb/keygen/Mayo_keygen_no_zynq_i/mayo_linear_combinat_0/U0/OUTPUT_Pr  File: /home/osm/Documents/SECT-MAYO/MAYO/src/hdl/MAYO_Keygen/MAYO_linear_combination.vhd
Note: Linear Combination done
Time: 3611925 ns  Iteration: 1  Process: /Mayo_keygen_no_zynq_tb/keygen/Mayo_keygen_no_zynq_i/mayo_linear_combinat_0/U0/OUTPUT_Pr  File: /home/osm/Documents/SECT-MAYO/MAYO/src/hdl/MAYO_Keygen/MAYO_linear_combination.vhd
Note: Linear Combination done
Time: 3623325 ns  Iteration: 1  Process: /Mayo_keygen_no_zynq_tb/keygen/Mayo_keygen_no_zynq_i/mayo_linear_combinat_0/U0/OUTPUT_Pr  File: /home/osm/Documents/SECT-MAYO/MAYO/src/hdl/MAYO_Keygen/MAYO_linear_combination.vhd
Note: Linear Combination done
Time: 3634725 ns  Iteration: 1  Process: /Mayo_keygen_no_zynq_tb/keygen/Mayo_keygen_no_zynq_i/mayo_linear_combinat_0/U0/OUTPUT_Pr  File: /home/osm/Documents/SECT-MAYO/MAYO/src/hdl/MAYO_Keygen/MAYO_linear_combination.vhd
Note: Linear Combination done
Time: 3645855 ns  Iteration: 1  Process: /Mayo_keygen_no_zynq_tb/keygen/Mayo_keygen_no_zynq_i/mayo_linear_combinat_0/U0/OUTPUT_Pr  File: /home/osm/Documents/SECT-MAYO/MAYO/src/hdl/MAYO_Keygen/MAYO_linear_combination.vhd
Note: Linear Combination done
Time: 3656955 ns  Iteration: 1  Process: /Mayo_keygen_no_zynq_tb/keygen/Mayo_keygen_no_zynq_i/mayo_linear_combinat_0/U0/OUTPUT_Pr  File: /home/osm/Documents/SECT-MAYO/MAYO/src/hdl/MAYO_Keygen/MAYO_linear_combination.vhd
Note: Linear Combination done
Time: 3668055 ns  Iteration: 1  Process: /Mayo_keygen_no_zynq_tb/keygen/Mayo_keygen_no_zynq_i/mayo_linear_combinat_0/U0/OUTPUT_Pr  File: /home/osm/Documents/SECT-MAYO/MAYO/src/hdl/MAYO_Keygen/MAYO_linear_combination.vhd
Note: Linear Combination done
Time: 3679155 ns  Iteration: 1  Process: /Mayo_keygen_no_zynq_tb/keygen/Mayo_keygen_no_zynq_i/mayo_linear_combinat_0/U0/OUTPUT_Pr  File: /home/osm/Documents/SECT-MAYO/MAYO/src/hdl/MAYO_Keygen/MAYO_linear_combination.vhd
Note: Linear Combination done
Time: 3690255 ns  Iteration: 1  Process: /Mayo_keygen_no_zynq_tb/keygen/Mayo_keygen_no_zynq_i/mayo_linear_combinat_0/U0/OUTPUT_Pr  File: /home/osm/Documents/SECT-MAYO/MAYO/src/hdl/MAYO_Keygen/MAYO_linear_combination.vhd
Note: Linear Combination done
Time: 3701355 ns  Iteration: 1  Process: /Mayo_keygen_no_zynq_tb/keygen/Mayo_keygen_no_zynq_i/mayo_linear_combinat_0/U0/OUTPUT_Pr  File: /home/osm/Documents/SECT-MAYO/MAYO/src/hdl/MAYO_Keygen/MAYO_linear_combination.vhd
Note: Linear Combination done
Time: 3712185 ns  Iteration: 1  Process: /Mayo_keygen_no_zynq_tb/keygen/Mayo_keygen_no_zynq_i/mayo_linear_combinat_0/U0/OUTPUT_Pr  File: /home/osm/Documents/SECT-MAYO/MAYO/src/hdl/MAYO_Keygen/MAYO_linear_combination.vhd
Note: Linear Combination done
Time: 3722985 ns  Iteration: 1  Process: /Mayo_keygen_no_zynq_tb/keygen/Mayo_keygen_no_zynq_i/mayo_linear_combinat_0/U0/OUTPUT_Pr  File: /home/osm/Documents/SECT-MAYO/MAYO/src/hdl/MAYO_Keygen/MAYO_linear_combination.vhd
Note: Linear Combination done
Time: 3733785 ns  Iteration: 1  Process: /Mayo_keygen_no_zynq_tb/keygen/Mayo_keygen_no_zynq_i/mayo_linear_combinat_0/U0/OUTPUT_Pr  File: /home/osm/Documents/SECT-MAYO/MAYO/src/hdl/MAYO_Keygen/MAYO_linear_combination.vhd
Note: Linear Combination done
Time: 3744585 ns  Iteration: 1  Process: /Mayo_keygen_no_zynq_tb/keygen/Mayo_keygen_no_zynq_i/mayo_linear_combinat_0/U0/OUTPUT_Pr  File: /home/osm/Documents/SECT-MAYO/MAYO/src/hdl/MAYO_Keygen/MAYO_linear_combination.vhd
Note: Linear Combination done
Time: 3755385 ns  Iteration: 1  Process: /Mayo_keygen_no_zynq_tb/keygen/Mayo_keygen_no_zynq_i/mayo_linear_combinat_0/U0/OUTPUT_Pr  File: /home/osm/Documents/SECT-MAYO/MAYO/src/hdl/MAYO_Keygen/MAYO_linear_combination.vhd
Note: Linear Combination done
Time: 3766185 ns  Iteration: 1  Process: /Mayo_keygen_no_zynq_tb/keygen/Mayo_keygen_no_zynq_i/mayo_linear_combinat_0/U0/OUTPUT_Pr  File: /home/osm/Documents/SECT-MAYO/MAYO/src/hdl/MAYO_Keygen/MAYO_linear_combination.vhd
Note: Linear Combination done
Time: 3776715 ns  Iteration: 1  Process: /Mayo_keygen_no_zynq_tb/keygen/Mayo_keygen_no_zynq_i/mayo_linear_combinat_0/U0/OUTPUT_Pr  File: /home/osm/Documents/SECT-MAYO/MAYO/src/hdl/MAYO_Keygen/MAYO_linear_combination.vhd
Note: Linear Combination done
Time: 3787215 ns  Iteration: 1  Process: /Mayo_keygen_no_zynq_tb/keygen/Mayo_keygen_no_zynq_i/mayo_linear_combinat_0/U0/OUTPUT_Pr  File: /home/osm/Documents/SECT-MAYO/MAYO/src/hdl/MAYO_Keygen/MAYO_linear_combination.vhd
Note: Linear Combination done
Time: 3797715 ns  Iteration: 1  Process: /Mayo_keygen_no_zynq_tb/keygen/Mayo_keygen_no_zynq_i/mayo_linear_combinat_0/U0/OUTPUT_Pr  File: /home/osm/Documents/SECT-MAYO/MAYO/src/hdl/MAYO_Keygen/MAYO_linear_combination.vhd
Note: Linear Combination done
Time: 3808215 ns  Iteration: 1  Process: /Mayo_keygen_no_zynq_tb/keygen/Mayo_keygen_no_zynq_i/mayo_linear_combinat_0/U0/OUTPUT_Pr  File: /home/osm/Documents/SECT-MAYO/MAYO/src/hdl/MAYO_Keygen/MAYO_linear_combination.vhd
Note: Linear Combination done
Time: 3818715 ns  Iteration: 1  Process: /Mayo_keygen_no_zynq_tb/keygen/Mayo_keygen_no_zynq_i/mayo_linear_combinat_0/U0/OUTPUT_Pr  File: /home/osm/Documents/SECT-MAYO/MAYO/src/hdl/MAYO_Keygen/MAYO_linear_combination.vhd
Note: Linear Combination done
Time: 3829215 ns  Iteration: 1  Process: /Mayo_keygen_no_zynq_tb/keygen/Mayo_keygen_no_zynq_i/mayo_linear_combinat_0/U0/OUTPUT_Pr  File: /home/osm/Documents/SECT-MAYO/MAYO/src/hdl/MAYO_Keygen/MAYO_linear_combination.vhd
Note: Linear Combination done
Time: 3839445 ns  Iteration: 1  Process: /Mayo_keygen_no_zynq_tb/keygen/Mayo_keygen_no_zynq_i/mayo_linear_combinat_0/U0/OUTPUT_Pr  File: /home/osm/Documents/SECT-MAYO/MAYO/src/hdl/MAYO_Keygen/MAYO_linear_combination.vhd
Note: Linear Combination done
Time: 3849645 ns  Iteration: 1  Process: /Mayo_keygen_no_zynq_tb/keygen/Mayo_keygen_no_zynq_i/mayo_linear_combinat_0/U0/OUTPUT_Pr  File: /home/osm/Documents/SECT-MAYO/MAYO/src/hdl/MAYO_Keygen/MAYO_linear_combination.vhd
Note: Linear Combination done
Time: 3859845 ns  Iteration: 1  Process: /Mayo_keygen_no_zynq_tb/keygen/Mayo_keygen_no_zynq_i/mayo_linear_combinat_0/U0/OUTPUT_Pr  File: /home/osm/Documents/SECT-MAYO/MAYO/src/hdl/MAYO_Keygen/MAYO_linear_combination.vhd
Note: Linear Combination done
Time: 3870045 ns  Iteration: 1  Process: /Mayo_keygen_no_zynq_tb/keygen/Mayo_keygen_no_zynq_i/mayo_linear_combinat_0/U0/OUTPUT_Pr  File: /home/osm/Documents/SECT-MAYO/MAYO/src/hdl/MAYO_Keygen/MAYO_linear_combination.vhd
Note: Linear Combination done
Time: 3880245 ns  Iteration: 1  Process: /Mayo_keygen_no_zynq_tb/keygen/Mayo_keygen_no_zynq_i/mayo_linear_combinat_0/U0/OUTPUT_Pr  File: /home/osm/Documents/SECT-MAYO/MAYO/src/hdl/MAYO_Keygen/MAYO_linear_combination.vhd
Note: Linear Combination done
Time: 3890445 ns  Iteration: 1  Process: /Mayo_keygen_no_zynq_tb/keygen/Mayo_keygen_no_zynq_i/mayo_linear_combinat_0/U0/OUTPUT_Pr  File: /home/osm/Documents/SECT-MAYO/MAYO/src/hdl/MAYO_Keygen/MAYO_linear_combination.vhd
Note: Linear Combination done
Time: 3900375 ns  Iteration: 1  Process: /Mayo_keygen_no_zynq_tb/keygen/Mayo_keygen_no_zynq_i/mayo_linear_combinat_0/U0/OUTPUT_Pr  File: /home/osm/Documents/SECT-MAYO/MAYO/src/hdl/MAYO_Keygen/MAYO_linear_combination.vhd
Note: Linear Combination done
Time: 3910275 ns  Iteration: 1  Process: /Mayo_keygen_no_zynq_tb/keygen/Mayo_keygen_no_zynq_i/mayo_linear_combinat_0/U0/OUTPUT_Pr  File: /home/osm/Documents/SECT-MAYO/MAYO/src/hdl/MAYO_Keygen/MAYO_linear_combination.vhd
Note: Linear Combination done
Time: 3920175 ns  Iteration: 1  Process: /Mayo_keygen_no_zynq_tb/keygen/Mayo_keygen_no_zynq_i/mayo_linear_combinat_0/U0/OUTPUT_Pr  File: /home/osm/Documents/SECT-MAYO/MAYO/src/hdl/MAYO_Keygen/MAYO_linear_combination.vhd
Note: Linear Combination done
Time: 3930075 ns  Iteration: 1  Process: /Mayo_keygen_no_zynq_tb/keygen/Mayo_keygen_no_zynq_i/mayo_linear_combinat_0/U0/OUTPUT_Pr  File: /home/osm/Documents/SECT-MAYO/MAYO/src/hdl/MAYO_Keygen/MAYO_linear_combination.vhd
Note: Linear Combination done
Time: 3939975 ns  Iteration: 1  Process: /Mayo_keygen_no_zynq_tb/keygen/Mayo_keygen_no_zynq_i/mayo_linear_combinat_0/U0/OUTPUT_Pr  File: /home/osm/Documents/SECT-MAYO/MAYO/src/hdl/MAYO_Keygen/MAYO_linear_combination.vhd
Note: Linear Combination done
Time: 3949875 ns  Iteration: 1  Process: /Mayo_keygen_no_zynq_tb/keygen/Mayo_keygen_no_zynq_i/mayo_linear_combinat_0/U0/OUTPUT_Pr  File: /home/osm/Documents/SECT-MAYO/MAYO/src/hdl/MAYO_Keygen/MAYO_linear_combination.vhd
Note: Linear Combination done
Time: 3959505 ns  Iteration: 1  Process: /Mayo_keygen_no_zynq_tb/keygen/Mayo_keygen_no_zynq_i/mayo_linear_combinat_0/U0/OUTPUT_Pr  File: /home/osm/Documents/SECT-MAYO/MAYO/src/hdl/MAYO_Keygen/MAYO_linear_combination.vhd
Note: Linear Combination done
Time: 3969105 ns  Iteration: 1  Process: /Mayo_keygen_no_zynq_tb/keygen/Mayo_keygen_no_zynq_i/mayo_linear_combinat_0/U0/OUTPUT_Pr  File: /home/osm/Documents/SECT-MAYO/MAYO/src/hdl/MAYO_Keygen/MAYO_linear_combination.vhd
Note: Linear Combination done
Time: 3978705 ns  Iteration: 1  Process: /Mayo_keygen_no_zynq_tb/keygen/Mayo_keygen_no_zynq_i/mayo_linear_combinat_0/U0/OUTPUT_Pr  File: /home/osm/Documents/SECT-MAYO/MAYO/src/hdl/MAYO_Keygen/MAYO_linear_combination.vhd
Note: Linear Combination done
Time: 3988305 ns  Iteration: 1  Process: /Mayo_keygen_no_zynq_tb/keygen/Mayo_keygen_no_zynq_i/mayo_linear_combinat_0/U0/OUTPUT_Pr  File: /home/osm/Documents/SECT-MAYO/MAYO/src/hdl/MAYO_Keygen/MAYO_linear_combination.vhd
Note: Linear Combination done
Time: 3997905 ns  Iteration: 1  Process: /Mayo_keygen_no_zynq_tb/keygen/Mayo_keygen_no_zynq_i/mayo_linear_combinat_0/U0/OUTPUT_Pr  File: /home/osm/Documents/SECT-MAYO/MAYO/src/hdl/MAYO_Keygen/MAYO_linear_combination.vhd
Note: Linear Combination done
Time: 4007505 ns  Iteration: 1  Process: /Mayo_keygen_no_zynq_tb/keygen/Mayo_keygen_no_zynq_i/mayo_linear_combinat_0/U0/OUTPUT_Pr  File: /home/osm/Documents/SECT-MAYO/MAYO/src/hdl/MAYO_Keygen/MAYO_linear_combination.vhd
Note: Linear Combination done
Time: 4016835 ns  Iteration: 1  Process: /Mayo_keygen_no_zynq_tb/keygen/Mayo_keygen_no_zynq_i/mayo_linear_combinat_0/U0/OUTPUT_Pr  File: /home/osm/Documents/SECT-MAYO/MAYO/src/hdl/MAYO_Keygen/MAYO_linear_combination.vhd
Note: Linear Combination done
Time: 4026135 ns  Iteration: 1  Process: /Mayo_keygen_no_zynq_tb/keygen/Mayo_keygen_no_zynq_i/mayo_linear_combinat_0/U0/OUTPUT_Pr  File: /home/osm/Documents/SECT-MAYO/MAYO/src/hdl/MAYO_Keygen/MAYO_linear_combination.vhd
Note: Linear Combination done
Time: 4035435 ns  Iteration: 1  Process: /Mayo_keygen_no_zynq_tb/keygen/Mayo_keygen_no_zynq_i/mayo_linear_combinat_0/U0/OUTPUT_Pr  File: /home/osm/Documents/SECT-MAYO/MAYO/src/hdl/MAYO_Keygen/MAYO_linear_combination.vhd
Note: Linear Combination done
Time: 4044735 ns  Iteration: 1  Process: /Mayo_keygen_no_zynq_tb/keygen/Mayo_keygen_no_zynq_i/mayo_linear_combinat_0/U0/OUTPUT_Pr  File: /home/osm/Documents/SECT-MAYO/MAYO/src/hdl/MAYO_Keygen/MAYO_linear_combination.vhd
Note: Linear Combination done
Time: 4054035 ns  Iteration: 1  Process: /Mayo_keygen_no_zynq_tb/keygen/Mayo_keygen_no_zynq_i/mayo_linear_combinat_0/U0/OUTPUT_Pr  File: /home/osm/Documents/SECT-MAYO/MAYO/src/hdl/MAYO_Keygen/MAYO_linear_combination.vhd
Note: Linear Combination done
Time: 4063335 ns  Iteration: 1  Process: /Mayo_keygen_no_zynq_tb/keygen/Mayo_keygen_no_zynq_i/mayo_linear_combinat_0/U0/OUTPUT_Pr  File: /home/osm/Documents/SECT-MAYO/MAYO/src/hdl/MAYO_Keygen/MAYO_linear_combination.vhd
Note: Linear Combination done
Time: 4072365 ns  Iteration: 1  Process: /Mayo_keygen_no_zynq_tb/keygen/Mayo_keygen_no_zynq_i/mayo_linear_combinat_0/U0/OUTPUT_Pr  File: /home/osm/Documents/SECT-MAYO/MAYO/src/hdl/MAYO_Keygen/MAYO_linear_combination.vhd
Note: Linear Combination done
Time: 4081365 ns  Iteration: 1  Process: /Mayo_keygen_no_zynq_tb/keygen/Mayo_keygen_no_zynq_i/mayo_linear_combinat_0/U0/OUTPUT_Pr  File: /home/osm/Documents/SECT-MAYO/MAYO/src/hdl/MAYO_Keygen/MAYO_linear_combination.vhd
Note: Linear Combination done
Time: 4090365 ns  Iteration: 1  Process: /Mayo_keygen_no_zynq_tb/keygen/Mayo_keygen_no_zynq_i/mayo_linear_combinat_0/U0/OUTPUT_Pr  File: /home/osm/Documents/SECT-MAYO/MAYO/src/hdl/MAYO_Keygen/MAYO_linear_combination.vhd
Note: Linear Combination done
Time: 4099365 ns  Iteration: 1  Process: /Mayo_keygen_no_zynq_tb/keygen/Mayo_keygen_no_zynq_i/mayo_linear_combinat_0/U0/OUTPUT_Pr  File: /home/osm/Documents/SECT-MAYO/MAYO/src/hdl/MAYO_Keygen/MAYO_linear_combination.vhd
Note: Linear Combination done
Time: 4108365 ns  Iteration: 1  Process: /Mayo_keygen_no_zynq_tb/keygen/Mayo_keygen_no_zynq_i/mayo_linear_combinat_0/U0/OUTPUT_Pr  File: /home/osm/Documents/SECT-MAYO/MAYO/src/hdl/MAYO_Keygen/MAYO_linear_combination.vhd
Note: Linear Combination done
Time: 4117365 ns  Iteration: 1  Process: /Mayo_keygen_no_zynq_tb/keygen/Mayo_keygen_no_zynq_i/mayo_linear_combinat_0/U0/OUTPUT_Pr  File: /home/osm/Documents/SECT-MAYO/MAYO/src/hdl/MAYO_Keygen/MAYO_linear_combination.vhd
Note: Linear Combination done
Time: 4126095 ns  Iteration: 1  Process: /Mayo_keygen_no_zynq_tb/keygen/Mayo_keygen_no_zynq_i/mayo_linear_combinat_0/U0/OUTPUT_Pr  File: /home/osm/Documents/SECT-MAYO/MAYO/src/hdl/MAYO_Keygen/MAYO_linear_combination.vhd
Note: Linear Combination done
Time: 4134795 ns  Iteration: 1  Process: /Mayo_keygen_no_zynq_tb/keygen/Mayo_keygen_no_zynq_i/mayo_linear_combinat_0/U0/OUTPUT_Pr  File: /home/osm/Documents/SECT-MAYO/MAYO/src/hdl/MAYO_Keygen/MAYO_linear_combination.vhd
Note: Linear Combination done
Time: 4143495 ns  Iteration: 1  Process: /Mayo_keygen_no_zynq_tb/keygen/Mayo_keygen_no_zynq_i/mayo_linear_combinat_0/U0/OUTPUT_Pr  File: /home/osm/Documents/SECT-MAYO/MAYO/src/hdl/MAYO_Keygen/MAYO_linear_combination.vhd
Note: Linear Combination done
Time: 4152195 ns  Iteration: 1  Process: /Mayo_keygen_no_zynq_tb/keygen/Mayo_keygen_no_zynq_i/mayo_linear_combinat_0/U0/OUTPUT_Pr  File: /home/osm/Documents/SECT-MAYO/MAYO/src/hdl/MAYO_Keygen/MAYO_linear_combination.vhd
Note: Linear Combination done
Time: 4160895 ns  Iteration: 1  Process: /Mayo_keygen_no_zynq_tb/keygen/Mayo_keygen_no_zynq_i/mayo_linear_combinat_0/U0/OUTPUT_Pr  File: /home/osm/Documents/SECT-MAYO/MAYO/src/hdl/MAYO_Keygen/MAYO_linear_combination.vhd
Note: Linear Combination done
Time: 4169595 ns  Iteration: 1  Process: /Mayo_keygen_no_zynq_tb/keygen/Mayo_keygen_no_zynq_i/mayo_linear_combinat_0/U0/OUTPUT_Pr  File: /home/osm/Documents/SECT-MAYO/MAYO/src/hdl/MAYO_Keygen/MAYO_linear_combination.vhd
Note: Linear Combination done
Time: 4178025 ns  Iteration: 1  Process: /Mayo_keygen_no_zynq_tb/keygen/Mayo_keygen_no_zynq_i/mayo_linear_combinat_0/U0/OUTPUT_Pr  File: /home/osm/Documents/SECT-MAYO/MAYO/src/hdl/MAYO_Keygen/MAYO_linear_combination.vhd
Note: Linear Combination done
Time: 4186425 ns  Iteration: 1  Process: /Mayo_keygen_no_zynq_tb/keygen/Mayo_keygen_no_zynq_i/mayo_linear_combinat_0/U0/OUTPUT_Pr  File: /home/osm/Documents/SECT-MAYO/MAYO/src/hdl/MAYO_Keygen/MAYO_linear_combination.vhd
Note: Linear Combination done
Time: 4194825 ns  Iteration: 1  Process: /Mayo_keygen_no_zynq_tb/keygen/Mayo_keygen_no_zynq_i/mayo_linear_combinat_0/U0/OUTPUT_Pr  File: /home/osm/Documents/SECT-MAYO/MAYO/src/hdl/MAYO_Keygen/MAYO_linear_combination.vhd
Note: Linear Combination done
Time: 4203225 ns  Iteration: 1  Process: /Mayo_keygen_no_zynq_tb/keygen/Mayo_keygen_no_zynq_i/mayo_linear_combinat_0/U0/OUTPUT_Pr  File: /home/osm/Documents/SECT-MAYO/MAYO/src/hdl/MAYO_Keygen/MAYO_linear_combination.vhd
Note: Linear Combination done
Time: 4211625 ns  Iteration: 1  Process: /Mayo_keygen_no_zynq_tb/keygen/Mayo_keygen_no_zynq_i/mayo_linear_combinat_0/U0/OUTPUT_Pr  File: /home/osm/Documents/SECT-MAYO/MAYO/src/hdl/MAYO_Keygen/MAYO_linear_combination.vhd
Note: Linear Combination done
Time: 4220025 ns  Iteration: 1  Process: /Mayo_keygen_no_zynq_tb/keygen/Mayo_keygen_no_zynq_i/mayo_linear_combinat_0/U0/OUTPUT_Pr  File: /home/osm/Documents/SECT-MAYO/MAYO/src/hdl/MAYO_Keygen/MAYO_linear_combination.vhd
Note: Linear Combination done
Time: 4228155 ns  Iteration: 1  Process: /Mayo_keygen_no_zynq_tb/keygen/Mayo_keygen_no_zynq_i/mayo_linear_combinat_0/U0/OUTPUT_Pr  File: /home/osm/Documents/SECT-MAYO/MAYO/src/hdl/MAYO_Keygen/MAYO_linear_combination.vhd
Note: Linear Combination done
Time: 4236255 ns  Iteration: 1  Process: /Mayo_keygen_no_zynq_tb/keygen/Mayo_keygen_no_zynq_i/mayo_linear_combinat_0/U0/OUTPUT_Pr  File: /home/osm/Documents/SECT-MAYO/MAYO/src/hdl/MAYO_Keygen/MAYO_linear_combination.vhd
Note: Linear Combination done
Time: 4244355 ns  Iteration: 1  Process: /Mayo_keygen_no_zynq_tb/keygen/Mayo_keygen_no_zynq_i/mayo_linear_combinat_0/U0/OUTPUT_Pr  File: /home/osm/Documents/SECT-MAYO/MAYO/src/hdl/MAYO_Keygen/MAYO_linear_combination.vhd
Note: Linear Combination done
Time: 4252455 ns  Iteration: 1  Process: /Mayo_keygen_no_zynq_tb/keygen/Mayo_keygen_no_zynq_i/mayo_linear_combinat_0/U0/OUTPUT_Pr  File: /home/osm/Documents/SECT-MAYO/MAYO/src/hdl/MAYO_Keygen/MAYO_linear_combination.vhd
Note: Linear Combination done
Time: 4260555 ns  Iteration: 1  Process: /Mayo_keygen_no_zynq_tb/keygen/Mayo_keygen_no_zynq_i/mayo_linear_combinat_0/U0/OUTPUT_Pr  File: /home/osm/Documents/SECT-MAYO/MAYO/src/hdl/MAYO_Keygen/MAYO_linear_combination.vhd
Note: Linear Combination done
Time: 4268655 ns  Iteration: 1  Process: /Mayo_keygen_no_zynq_tb/keygen/Mayo_keygen_no_zynq_i/mayo_linear_combinat_0/U0/OUTPUT_Pr  File: /home/osm/Documents/SECT-MAYO/MAYO/src/hdl/MAYO_Keygen/MAYO_linear_combination.vhd
Note: Linear Combination done
Time: 4276485 ns  Iteration: 1  Process: /Mayo_keygen_no_zynq_tb/keygen/Mayo_keygen_no_zynq_i/mayo_linear_combinat_0/U0/OUTPUT_Pr  File: /home/osm/Documents/SECT-MAYO/MAYO/src/hdl/MAYO_Keygen/MAYO_linear_combination.vhd
Note: Linear Combination done
Time: 4284285 ns  Iteration: 1  Process: /Mayo_keygen_no_zynq_tb/keygen/Mayo_keygen_no_zynq_i/mayo_linear_combinat_0/U0/OUTPUT_Pr  File: /home/osm/Documents/SECT-MAYO/MAYO/src/hdl/MAYO_Keygen/MAYO_linear_combination.vhd
Note: Linear Combination done
Time: 4292085 ns  Iteration: 1  Process: /Mayo_keygen_no_zynq_tb/keygen/Mayo_keygen_no_zynq_i/mayo_linear_combinat_0/U0/OUTPUT_Pr  File: /home/osm/Documents/SECT-MAYO/MAYO/src/hdl/MAYO_Keygen/MAYO_linear_combination.vhd
Note: Linear Combination done
Time: 4299885 ns  Iteration: 1  Process: /Mayo_keygen_no_zynq_tb/keygen/Mayo_keygen_no_zynq_i/mayo_linear_combinat_0/U0/OUTPUT_Pr  File: /home/osm/Documents/SECT-MAYO/MAYO/src/hdl/MAYO_Keygen/MAYO_linear_combination.vhd
Note: Linear Combination done
Time: 4307685 ns  Iteration: 1  Process: /Mayo_keygen_no_zynq_tb/keygen/Mayo_keygen_no_zynq_i/mayo_linear_combinat_0/U0/OUTPUT_Pr  File: /home/osm/Documents/SECT-MAYO/MAYO/src/hdl/MAYO_Keygen/MAYO_linear_combination.vhd
Note: Linear Combination done
Time: 4315485 ns  Iteration: 1  Process: /Mayo_keygen_no_zynq_tb/keygen/Mayo_keygen_no_zynq_i/mayo_linear_combinat_0/U0/OUTPUT_Pr  File: /home/osm/Documents/SECT-MAYO/MAYO/src/hdl/MAYO_Keygen/MAYO_linear_combination.vhd
Note: Linear Combination done
Time: 4323015 ns  Iteration: 1  Process: /Mayo_keygen_no_zynq_tb/keygen/Mayo_keygen_no_zynq_i/mayo_linear_combinat_0/U0/OUTPUT_Pr  File: /home/osm/Documents/SECT-MAYO/MAYO/src/hdl/MAYO_Keygen/MAYO_linear_combination.vhd
Note: Linear Combination done
Time: 4330515 ns  Iteration: 1  Process: /Mayo_keygen_no_zynq_tb/keygen/Mayo_keygen_no_zynq_i/mayo_linear_combinat_0/U0/OUTPUT_Pr  File: /home/osm/Documents/SECT-MAYO/MAYO/src/hdl/MAYO_Keygen/MAYO_linear_combination.vhd
Note: Linear Combination done
Time: 4338015 ns  Iteration: 1  Process: /Mayo_keygen_no_zynq_tb/keygen/Mayo_keygen_no_zynq_i/mayo_linear_combinat_0/U0/OUTPUT_Pr  File: /home/osm/Documents/SECT-MAYO/MAYO/src/hdl/MAYO_Keygen/MAYO_linear_combination.vhd
Note: Linear Combination done
Time: 4345515 ns  Iteration: 1  Process: /Mayo_keygen_no_zynq_tb/keygen/Mayo_keygen_no_zynq_i/mayo_linear_combinat_0/U0/OUTPUT_Pr  File: /home/osm/Documents/SECT-MAYO/MAYO/src/hdl/MAYO_Keygen/MAYO_linear_combination.vhd
Note: Linear Combination done
Time: 4353015 ns  Iteration: 1  Process: /Mayo_keygen_no_zynq_tb/keygen/Mayo_keygen_no_zynq_i/mayo_linear_combinat_0/U0/OUTPUT_Pr  File: /home/osm/Documents/SECT-MAYO/MAYO/src/hdl/MAYO_Keygen/MAYO_linear_combination.vhd
Note: Linear Combination done
Time: 4360515 ns  Iteration: 1  Process: /Mayo_keygen_no_zynq_tb/keygen/Mayo_keygen_no_zynq_i/mayo_linear_combinat_0/U0/OUTPUT_Pr  File: /home/osm/Documents/SECT-MAYO/MAYO/src/hdl/MAYO_Keygen/MAYO_linear_combination.vhd
Note: Linear Combination done
Time: 4367745 ns  Iteration: 1  Process: /Mayo_keygen_no_zynq_tb/keygen/Mayo_keygen_no_zynq_i/mayo_linear_combinat_0/U0/OUTPUT_Pr  File: /home/osm/Documents/SECT-MAYO/MAYO/src/hdl/MAYO_Keygen/MAYO_linear_combination.vhd
Note: Linear Combination done
Time: 4374945 ns  Iteration: 1  Process: /Mayo_keygen_no_zynq_tb/keygen/Mayo_keygen_no_zynq_i/mayo_linear_combinat_0/U0/OUTPUT_Pr  File: /home/osm/Documents/SECT-MAYO/MAYO/src/hdl/MAYO_Keygen/MAYO_linear_combination.vhd
Note: Linear Combination done
Time: 4382145 ns  Iteration: 1  Process: /Mayo_keygen_no_zynq_tb/keygen/Mayo_keygen_no_zynq_i/mayo_linear_combinat_0/U0/OUTPUT_Pr  File: /home/osm/Documents/SECT-MAYO/MAYO/src/hdl/MAYO_Keygen/MAYO_linear_combination.vhd
Note: Linear Combination done
Time: 4389345 ns  Iteration: 1  Process: /Mayo_keygen_no_zynq_tb/keygen/Mayo_keygen_no_zynq_i/mayo_linear_combinat_0/U0/OUTPUT_Pr  File: /home/osm/Documents/SECT-MAYO/MAYO/src/hdl/MAYO_Keygen/MAYO_linear_combination.vhd
Note: Linear Combination done
Time: 4396545 ns  Iteration: 1  Process: /Mayo_keygen_no_zynq_tb/keygen/Mayo_keygen_no_zynq_i/mayo_linear_combinat_0/U0/OUTPUT_Pr  File: /home/osm/Documents/SECT-MAYO/MAYO/src/hdl/MAYO_Keygen/MAYO_linear_combination.vhd
Note: Linear Combination done
Time: 4403745 ns  Iteration: 1  Process: /Mayo_keygen_no_zynq_tb/keygen/Mayo_keygen_no_zynq_i/mayo_linear_combinat_0/U0/OUTPUT_Pr  File: /home/osm/Documents/SECT-MAYO/MAYO/src/hdl/MAYO_Keygen/MAYO_linear_combination.vhd
Note: Linear Combination done
Time: 4410675 ns  Iteration: 1  Process: /Mayo_keygen_no_zynq_tb/keygen/Mayo_keygen_no_zynq_i/mayo_linear_combinat_0/U0/OUTPUT_Pr  File: /home/osm/Documents/SECT-MAYO/MAYO/src/hdl/MAYO_Keygen/MAYO_linear_combination.vhd
Note: Linear Combination done
Time: 4417575 ns  Iteration: 1  Process: /Mayo_keygen_no_zynq_tb/keygen/Mayo_keygen_no_zynq_i/mayo_linear_combinat_0/U0/OUTPUT_Pr  File: /home/osm/Documents/SECT-MAYO/MAYO/src/hdl/MAYO_Keygen/MAYO_linear_combination.vhd
Note: Linear Combination done
Time: 4424475 ns  Iteration: 1  Process: /Mayo_keygen_no_zynq_tb/keygen/Mayo_keygen_no_zynq_i/mayo_linear_combinat_0/U0/OUTPUT_Pr  File: /home/osm/Documents/SECT-MAYO/MAYO/src/hdl/MAYO_Keygen/MAYO_linear_combination.vhd
Note: Linear Combination done
Time: 4431375 ns  Iteration: 1  Process: /Mayo_keygen_no_zynq_tb/keygen/Mayo_keygen_no_zynq_i/mayo_linear_combinat_0/U0/OUTPUT_Pr  File: /home/osm/Documents/SECT-MAYO/MAYO/src/hdl/MAYO_Keygen/MAYO_linear_combination.vhd
Note: Linear Combination done
Time: 4438275 ns  Iteration: 1  Process: /Mayo_keygen_no_zynq_tb/keygen/Mayo_keygen_no_zynq_i/mayo_linear_combinat_0/U0/OUTPUT_Pr  File: /home/osm/Documents/SECT-MAYO/MAYO/src/hdl/MAYO_Keygen/MAYO_linear_combination.vhd
Note: Linear Combination done
Time: 4445175 ns  Iteration: 1  Process: /Mayo_keygen_no_zynq_tb/keygen/Mayo_keygen_no_zynq_i/mayo_linear_combinat_0/U0/OUTPUT_Pr  File: /home/osm/Documents/SECT-MAYO/MAYO/src/hdl/MAYO_Keygen/MAYO_linear_combination.vhd
Note: Linear Combination done
Time: 4451805 ns  Iteration: 1  Process: /Mayo_keygen_no_zynq_tb/keygen/Mayo_keygen_no_zynq_i/mayo_linear_combinat_0/U0/OUTPUT_Pr  File: /home/osm/Documents/SECT-MAYO/MAYO/src/hdl/MAYO_Keygen/MAYO_linear_combination.vhd
Note: Linear Combination done
Time: 4458405 ns  Iteration: 1  Process: /Mayo_keygen_no_zynq_tb/keygen/Mayo_keygen_no_zynq_i/mayo_linear_combinat_0/U0/OUTPUT_Pr  File: /home/osm/Documents/SECT-MAYO/MAYO/src/hdl/MAYO_Keygen/MAYO_linear_combination.vhd
Note: Linear Combination done
Time: 4465005 ns  Iteration: 1  Process: /Mayo_keygen_no_zynq_tb/keygen/Mayo_keygen_no_zynq_i/mayo_linear_combinat_0/U0/OUTPUT_Pr  File: /home/osm/Documents/SECT-MAYO/MAYO/src/hdl/MAYO_Keygen/MAYO_linear_combination.vhd
Note: Linear Combination done
Time: 4471605 ns  Iteration: 1  Process: /Mayo_keygen_no_zynq_tb/keygen/Mayo_keygen_no_zynq_i/mayo_linear_combinat_0/U0/OUTPUT_Pr  File: /home/osm/Documents/SECT-MAYO/MAYO/src/hdl/MAYO_Keygen/MAYO_linear_combination.vhd
Note: Linear Combination done
Time: 4478205 ns  Iteration: 1  Process: /Mayo_keygen_no_zynq_tb/keygen/Mayo_keygen_no_zynq_i/mayo_linear_combinat_0/U0/OUTPUT_Pr  File: /home/osm/Documents/SECT-MAYO/MAYO/src/hdl/MAYO_Keygen/MAYO_linear_combination.vhd
Note: Linear Combination done
Time: 4484805 ns  Iteration: 1  Process: /Mayo_keygen_no_zynq_tb/keygen/Mayo_keygen_no_zynq_i/mayo_linear_combinat_0/U0/OUTPUT_Pr  File: /home/osm/Documents/SECT-MAYO/MAYO/src/hdl/MAYO_Keygen/MAYO_linear_combination.vhd
Note: Linear Combination done
Time: 4491135 ns  Iteration: 1  Process: /Mayo_keygen_no_zynq_tb/keygen/Mayo_keygen_no_zynq_i/mayo_linear_combinat_0/U0/OUTPUT_Pr  File: /home/osm/Documents/SECT-MAYO/MAYO/src/hdl/MAYO_Keygen/MAYO_linear_combination.vhd
Note: Linear Combination done
Time: 4497435 ns  Iteration: 1  Process: /Mayo_keygen_no_zynq_tb/keygen/Mayo_keygen_no_zynq_i/mayo_linear_combinat_0/U0/OUTPUT_Pr  File: /home/osm/Documents/SECT-MAYO/MAYO/src/hdl/MAYO_Keygen/MAYO_linear_combination.vhd
Note: Linear Combination done
Time: 4503735 ns  Iteration: 1  Process: /Mayo_keygen_no_zynq_tb/keygen/Mayo_keygen_no_zynq_i/mayo_linear_combinat_0/U0/OUTPUT_Pr  File: /home/osm/Documents/SECT-MAYO/MAYO/src/hdl/MAYO_Keygen/MAYO_linear_combination.vhd
Note: Linear Combination done
Time: 4510035 ns  Iteration: 1  Process: /Mayo_keygen_no_zynq_tb/keygen/Mayo_keygen_no_zynq_i/mayo_linear_combinat_0/U0/OUTPUT_Pr  File: /home/osm/Documents/SECT-MAYO/MAYO/src/hdl/MAYO_Keygen/MAYO_linear_combination.vhd
Note: Linear Combination done
Time: 4516335 ns  Iteration: 1  Process: /Mayo_keygen_no_zynq_tb/keygen/Mayo_keygen_no_zynq_i/mayo_linear_combinat_0/U0/OUTPUT_Pr  File: /home/osm/Documents/SECT-MAYO/MAYO/src/hdl/MAYO_Keygen/MAYO_linear_combination.vhd
Note: Linear Combination done
Time: 4522635 ns  Iteration: 1  Process: /Mayo_keygen_no_zynq_tb/keygen/Mayo_keygen_no_zynq_i/mayo_linear_combinat_0/U0/OUTPUT_Pr  File: /home/osm/Documents/SECT-MAYO/MAYO/src/hdl/MAYO_Keygen/MAYO_linear_combination.vhd
Note: Linear Combination done
Time: 4528665 ns  Iteration: 1  Process: /Mayo_keygen_no_zynq_tb/keygen/Mayo_keygen_no_zynq_i/mayo_linear_combinat_0/U0/OUTPUT_Pr  File: /home/osm/Documents/SECT-MAYO/MAYO/src/hdl/MAYO_Keygen/MAYO_linear_combination.vhd
Note: Linear Combination done
Time: 4534665 ns  Iteration: 1  Process: /Mayo_keygen_no_zynq_tb/keygen/Mayo_keygen_no_zynq_i/mayo_linear_combinat_0/U0/OUTPUT_Pr  File: /home/osm/Documents/SECT-MAYO/MAYO/src/hdl/MAYO_Keygen/MAYO_linear_combination.vhd
Note: Linear Combination done
Time: 4540665 ns  Iteration: 1  Process: /Mayo_keygen_no_zynq_tb/keygen/Mayo_keygen_no_zynq_i/mayo_linear_combinat_0/U0/OUTPUT_Pr  File: /home/osm/Documents/SECT-MAYO/MAYO/src/hdl/MAYO_Keygen/MAYO_linear_combination.vhd
Note: Linear Combination done
Time: 4546665 ns  Iteration: 1  Process: /Mayo_keygen_no_zynq_tb/keygen/Mayo_keygen_no_zynq_i/mayo_linear_combinat_0/U0/OUTPUT_Pr  File: /home/osm/Documents/SECT-MAYO/MAYO/src/hdl/MAYO_Keygen/MAYO_linear_combination.vhd
Note: Linear Combination done
Time: 4552665 ns  Iteration: 1  Process: /Mayo_keygen_no_zynq_tb/keygen/Mayo_keygen_no_zynq_i/mayo_linear_combinat_0/U0/OUTPUT_Pr  File: /home/osm/Documents/SECT-MAYO/MAYO/src/hdl/MAYO_Keygen/MAYO_linear_combination.vhd
Note: Linear Combination done
Time: 4558665 ns  Iteration: 1  Process: /Mayo_keygen_no_zynq_tb/keygen/Mayo_keygen_no_zynq_i/mayo_linear_combinat_0/U0/OUTPUT_Pr  File: /home/osm/Documents/SECT-MAYO/MAYO/src/hdl/MAYO_Keygen/MAYO_linear_combination.vhd
Note: Linear Combination done
Time: 4564395 ns  Iteration: 1  Process: /Mayo_keygen_no_zynq_tb/keygen/Mayo_keygen_no_zynq_i/mayo_linear_combinat_0/U0/OUTPUT_Pr  File: /home/osm/Documents/SECT-MAYO/MAYO/src/hdl/MAYO_Keygen/MAYO_linear_combination.vhd
Note: Linear Combination done
Time: 4570095 ns  Iteration: 1  Process: /Mayo_keygen_no_zynq_tb/keygen/Mayo_keygen_no_zynq_i/mayo_linear_combinat_0/U0/OUTPUT_Pr  File: /home/osm/Documents/SECT-MAYO/MAYO/src/hdl/MAYO_Keygen/MAYO_linear_combination.vhd
Note: Linear Combination done
Time: 4575795 ns  Iteration: 1  Process: /Mayo_keygen_no_zynq_tb/keygen/Mayo_keygen_no_zynq_i/mayo_linear_combinat_0/U0/OUTPUT_Pr  File: /home/osm/Documents/SECT-MAYO/MAYO/src/hdl/MAYO_Keygen/MAYO_linear_combination.vhd
Note: Linear Combination done
Time: 4581495 ns  Iteration: 1  Process: /Mayo_keygen_no_zynq_tb/keygen/Mayo_keygen_no_zynq_i/mayo_linear_combinat_0/U0/OUTPUT_Pr  File: /home/osm/Documents/SECT-MAYO/MAYO/src/hdl/MAYO_Keygen/MAYO_linear_combination.vhd
Note: Linear Combination done
Time: 4587195 ns  Iteration: 1  Process: /Mayo_keygen_no_zynq_tb/keygen/Mayo_keygen_no_zynq_i/mayo_linear_combinat_0/U0/OUTPUT_Pr  File: /home/osm/Documents/SECT-MAYO/MAYO/src/hdl/MAYO_Keygen/MAYO_linear_combination.vhd
Note: Linear Combination done
Time: 4592895 ns  Iteration: 1  Process: /Mayo_keygen_no_zynq_tb/keygen/Mayo_keygen_no_zynq_i/mayo_linear_combinat_0/U0/OUTPUT_Pr  File: /home/osm/Documents/SECT-MAYO/MAYO/src/hdl/MAYO_Keygen/MAYO_linear_combination.vhd
Note: Linear Combination done
Time: 4598325 ns  Iteration: 1  Process: /Mayo_keygen_no_zynq_tb/keygen/Mayo_keygen_no_zynq_i/mayo_linear_combinat_0/U0/OUTPUT_Pr  File: /home/osm/Documents/SECT-MAYO/MAYO/src/hdl/MAYO_Keygen/MAYO_linear_combination.vhd
Note: Linear Combination done
Time: 4603725 ns  Iteration: 1  Process: /Mayo_keygen_no_zynq_tb/keygen/Mayo_keygen_no_zynq_i/mayo_linear_combinat_0/U0/OUTPUT_Pr  File: /home/osm/Documents/SECT-MAYO/MAYO/src/hdl/MAYO_Keygen/MAYO_linear_combination.vhd
Note: Linear Combination done
Time: 4609125 ns  Iteration: 1  Process: /Mayo_keygen_no_zynq_tb/keygen/Mayo_keygen_no_zynq_i/mayo_linear_combinat_0/U0/OUTPUT_Pr  File: /home/osm/Documents/SECT-MAYO/MAYO/src/hdl/MAYO_Keygen/MAYO_linear_combination.vhd
Note: Linear Combination done
Time: 4614525 ns  Iteration: 1  Process: /Mayo_keygen_no_zynq_tb/keygen/Mayo_keygen_no_zynq_i/mayo_linear_combinat_0/U0/OUTPUT_Pr  File: /home/osm/Documents/SECT-MAYO/MAYO/src/hdl/MAYO_Keygen/MAYO_linear_combination.vhd
Note: Linear Combination done
Time: 4619925 ns  Iteration: 1  Process: /Mayo_keygen_no_zynq_tb/keygen/Mayo_keygen_no_zynq_i/mayo_linear_combinat_0/U0/OUTPUT_Pr  File: /home/osm/Documents/SECT-MAYO/MAYO/src/hdl/MAYO_Keygen/MAYO_linear_combination.vhd
Note: Linear Combination done
Time: 4625325 ns  Iteration: 1  Process: /Mayo_keygen_no_zynq_tb/keygen/Mayo_keygen_no_zynq_i/mayo_linear_combinat_0/U0/OUTPUT_Pr  File: /home/osm/Documents/SECT-MAYO/MAYO/src/hdl/MAYO_Keygen/MAYO_linear_combination.vhd
Note: Linear Combination done
Time: 4630455 ns  Iteration: 1  Process: /Mayo_keygen_no_zynq_tb/keygen/Mayo_keygen_no_zynq_i/mayo_linear_combinat_0/U0/OUTPUT_Pr  File: /home/osm/Documents/SECT-MAYO/MAYO/src/hdl/MAYO_Keygen/MAYO_linear_combination.vhd
Note: Linear Combination done
Time: 4635555 ns  Iteration: 1  Process: /Mayo_keygen_no_zynq_tb/keygen/Mayo_keygen_no_zynq_i/mayo_linear_combinat_0/U0/OUTPUT_Pr  File: /home/osm/Documents/SECT-MAYO/MAYO/src/hdl/MAYO_Keygen/MAYO_linear_combination.vhd
Note: Linear Combination done
Time: 4640655 ns  Iteration: 1  Process: /Mayo_keygen_no_zynq_tb/keygen/Mayo_keygen_no_zynq_i/mayo_linear_combinat_0/U0/OUTPUT_Pr  File: /home/osm/Documents/SECT-MAYO/MAYO/src/hdl/MAYO_Keygen/MAYO_linear_combination.vhd
Note: Linear Combination done
Time: 4645755 ns  Iteration: 1  Process: /Mayo_keygen_no_zynq_tb/keygen/Mayo_keygen_no_zynq_i/mayo_linear_combinat_0/U0/OUTPUT_Pr  File: /home/osm/Documents/SECT-MAYO/MAYO/src/hdl/MAYO_Keygen/MAYO_linear_combination.vhd
Note: Linear Combination done
Time: 4650855 ns  Iteration: 1  Process: /Mayo_keygen_no_zynq_tb/keygen/Mayo_keygen_no_zynq_i/mayo_linear_combinat_0/U0/OUTPUT_Pr  File: /home/osm/Documents/SECT-MAYO/MAYO/src/hdl/MAYO_Keygen/MAYO_linear_combination.vhd
Note: Linear Combination done
Time: 4655955 ns  Iteration: 1  Process: /Mayo_keygen_no_zynq_tb/keygen/Mayo_keygen_no_zynq_i/mayo_linear_combinat_0/U0/OUTPUT_Pr  File: /home/osm/Documents/SECT-MAYO/MAYO/src/hdl/MAYO_Keygen/MAYO_linear_combination.vhd
Note: Linear Combination done
Time: 4660785 ns  Iteration: 1  Process: /Mayo_keygen_no_zynq_tb/keygen/Mayo_keygen_no_zynq_i/mayo_linear_combinat_0/U0/OUTPUT_Pr  File: /home/osm/Documents/SECT-MAYO/MAYO/src/hdl/MAYO_Keygen/MAYO_linear_combination.vhd
Note: Linear Combination done
Time: 4665585 ns  Iteration: 1  Process: /Mayo_keygen_no_zynq_tb/keygen/Mayo_keygen_no_zynq_i/mayo_linear_combinat_0/U0/OUTPUT_Pr  File: /home/osm/Documents/SECT-MAYO/MAYO/src/hdl/MAYO_Keygen/MAYO_linear_combination.vhd
Note: Linear Combination done
Time: 4670385 ns  Iteration: 1  Process: /Mayo_keygen_no_zynq_tb/keygen/Mayo_keygen_no_zynq_i/mayo_linear_combinat_0/U0/OUTPUT_Pr  File: /home/osm/Documents/SECT-MAYO/MAYO/src/hdl/MAYO_Keygen/MAYO_linear_combination.vhd
Note: Linear Combination done
Time: 4675185 ns  Iteration: 1  Process: /Mayo_keygen_no_zynq_tb/keygen/Mayo_keygen_no_zynq_i/mayo_linear_combinat_0/U0/OUTPUT_Pr  File: /home/osm/Documents/SECT-MAYO/MAYO/src/hdl/MAYO_Keygen/MAYO_linear_combination.vhd
Note: Linear Combination done
Time: 4679985 ns  Iteration: 1  Process: /Mayo_keygen_no_zynq_tb/keygen/Mayo_keygen_no_zynq_i/mayo_linear_combinat_0/U0/OUTPUT_Pr  File: /home/osm/Documents/SECT-MAYO/MAYO/src/hdl/MAYO_Keygen/MAYO_linear_combination.vhd
Note: Linear Combination done
Time: 4684785 ns  Iteration: 1  Process: /Mayo_keygen_no_zynq_tb/keygen/Mayo_keygen_no_zynq_i/mayo_linear_combinat_0/U0/OUTPUT_Pr  File: /home/osm/Documents/SECT-MAYO/MAYO/src/hdl/MAYO_Keygen/MAYO_linear_combination.vhd
Note: Linear Combination done
Time: 4689315 ns  Iteration: 1  Process: /Mayo_keygen_no_zynq_tb/keygen/Mayo_keygen_no_zynq_i/mayo_linear_combinat_0/U0/OUTPUT_Pr  File: /home/osm/Documents/SECT-MAYO/MAYO/src/hdl/MAYO_Keygen/MAYO_linear_combination.vhd
Note: Linear Combination done
Time: 4693815 ns  Iteration: 1  Process: /Mayo_keygen_no_zynq_tb/keygen/Mayo_keygen_no_zynq_i/mayo_linear_combinat_0/U0/OUTPUT_Pr  File: /home/osm/Documents/SECT-MAYO/MAYO/src/hdl/MAYO_Keygen/MAYO_linear_combination.vhd
Note: Linear Combination done
Time: 4698315 ns  Iteration: 1  Process: /Mayo_keygen_no_zynq_tb/keygen/Mayo_keygen_no_zynq_i/mayo_linear_combinat_0/U0/OUTPUT_Pr  File: /home/osm/Documents/SECT-MAYO/MAYO/src/hdl/MAYO_Keygen/MAYO_linear_combination.vhd
Note: Linear Combination done
Time: 4702815 ns  Iteration: 1  Process: /Mayo_keygen_no_zynq_tb/keygen/Mayo_keygen_no_zynq_i/mayo_linear_combinat_0/U0/OUTPUT_Pr  File: /home/osm/Documents/SECT-MAYO/MAYO/src/hdl/MAYO_Keygen/MAYO_linear_combination.vhd
Note: Linear Combination done
Time: 4707315 ns  Iteration: 1  Process: /Mayo_keygen_no_zynq_tb/keygen/Mayo_keygen_no_zynq_i/mayo_linear_combinat_0/U0/OUTPUT_Pr  File: /home/osm/Documents/SECT-MAYO/MAYO/src/hdl/MAYO_Keygen/MAYO_linear_combination.vhd
Note: Linear Combination done
Time: 4711815 ns  Iteration: 1  Process: /Mayo_keygen_no_zynq_tb/keygen/Mayo_keygen_no_zynq_i/mayo_linear_combinat_0/U0/OUTPUT_Pr  File: /home/osm/Documents/SECT-MAYO/MAYO/src/hdl/MAYO_Keygen/MAYO_linear_combination.vhd
Note: Linear Combination done
Time: 4716045 ns  Iteration: 1  Process: /Mayo_keygen_no_zynq_tb/keygen/Mayo_keygen_no_zynq_i/mayo_linear_combinat_0/U0/OUTPUT_Pr  File: /home/osm/Documents/SECT-MAYO/MAYO/src/hdl/MAYO_Keygen/MAYO_linear_combination.vhd
Note: Linear Combination done
Time: 4720245 ns  Iteration: 1  Process: /Mayo_keygen_no_zynq_tb/keygen/Mayo_keygen_no_zynq_i/mayo_linear_combinat_0/U0/OUTPUT_Pr  File: /home/osm/Documents/SECT-MAYO/MAYO/src/hdl/MAYO_Keygen/MAYO_linear_combination.vhd
Note: Linear Combination done
Time: 4724445 ns  Iteration: 1  Process: /Mayo_keygen_no_zynq_tb/keygen/Mayo_keygen_no_zynq_i/mayo_linear_combinat_0/U0/OUTPUT_Pr  File: /home/osm/Documents/SECT-MAYO/MAYO/src/hdl/MAYO_Keygen/MAYO_linear_combination.vhd
Note: Linear Combination done
Time: 4728645 ns  Iteration: 1  Process: /Mayo_keygen_no_zynq_tb/keygen/Mayo_keygen_no_zynq_i/mayo_linear_combinat_0/U0/OUTPUT_Pr  File: /home/osm/Documents/SECT-MAYO/MAYO/src/hdl/MAYO_Keygen/MAYO_linear_combination.vhd
Note: Linear Combination done
Time: 4732845 ns  Iteration: 1  Process: /Mayo_keygen_no_zynq_tb/keygen/Mayo_keygen_no_zynq_i/mayo_linear_combinat_0/U0/OUTPUT_Pr  File: /home/osm/Documents/SECT-MAYO/MAYO/src/hdl/MAYO_Keygen/MAYO_linear_combination.vhd
Note: Linear Combination done
Time: 4737045 ns  Iteration: 1  Process: /Mayo_keygen_no_zynq_tb/keygen/Mayo_keygen_no_zynq_i/mayo_linear_combinat_0/U0/OUTPUT_Pr  File: /home/osm/Documents/SECT-MAYO/MAYO/src/hdl/MAYO_Keygen/MAYO_linear_combination.vhd
Note: Linear Combination done
Time: 4740975 ns  Iteration: 1  Process: /Mayo_keygen_no_zynq_tb/keygen/Mayo_keygen_no_zynq_i/mayo_linear_combinat_0/U0/OUTPUT_Pr  File: /home/osm/Documents/SECT-MAYO/MAYO/src/hdl/MAYO_Keygen/MAYO_linear_combination.vhd
Note: Linear Combination done
Time: 4744875 ns  Iteration: 1  Process: /Mayo_keygen_no_zynq_tb/keygen/Mayo_keygen_no_zynq_i/mayo_linear_combinat_0/U0/OUTPUT_Pr  File: /home/osm/Documents/SECT-MAYO/MAYO/src/hdl/MAYO_Keygen/MAYO_linear_combination.vhd
Note: Linear Combination done
Time: 4748775 ns  Iteration: 1  Process: /Mayo_keygen_no_zynq_tb/keygen/Mayo_keygen_no_zynq_i/mayo_linear_combinat_0/U0/OUTPUT_Pr  File: /home/osm/Documents/SECT-MAYO/MAYO/src/hdl/MAYO_Keygen/MAYO_linear_combination.vhd
Note: Linear Combination done
Time: 4752675 ns  Iteration: 1  Process: /Mayo_keygen_no_zynq_tb/keygen/Mayo_keygen_no_zynq_i/mayo_linear_combinat_0/U0/OUTPUT_Pr  File: /home/osm/Documents/SECT-MAYO/MAYO/src/hdl/MAYO_Keygen/MAYO_linear_combination.vhd
Note: Linear Combination done
Time: 4756575 ns  Iteration: 1  Process: /Mayo_keygen_no_zynq_tb/keygen/Mayo_keygen_no_zynq_i/mayo_linear_combinat_0/U0/OUTPUT_Pr  File: /home/osm/Documents/SECT-MAYO/MAYO/src/hdl/MAYO_Keygen/MAYO_linear_combination.vhd
Note: Linear Combination done
Time: 4760475 ns  Iteration: 1  Process: /Mayo_keygen_no_zynq_tb/keygen/Mayo_keygen_no_zynq_i/mayo_linear_combinat_0/U0/OUTPUT_Pr  File: /home/osm/Documents/SECT-MAYO/MAYO/src/hdl/MAYO_Keygen/MAYO_linear_combination.vhd
Note: Linear Combination done
Time: 4764105 ns  Iteration: 1  Process: /Mayo_keygen_no_zynq_tb/keygen/Mayo_keygen_no_zynq_i/mayo_linear_combinat_0/U0/OUTPUT_Pr  File: /home/osm/Documents/SECT-MAYO/MAYO/src/hdl/MAYO_Keygen/MAYO_linear_combination.vhd
Note: Linear Combination done
Time: 4767705 ns  Iteration: 1  Process: /Mayo_keygen_no_zynq_tb/keygen/Mayo_keygen_no_zynq_i/mayo_linear_combinat_0/U0/OUTPUT_Pr  File: /home/osm/Documents/SECT-MAYO/MAYO/src/hdl/MAYO_Keygen/MAYO_linear_combination.vhd
Note: Linear Combination done
Time: 4771305 ns  Iteration: 1  Process: /Mayo_keygen_no_zynq_tb/keygen/Mayo_keygen_no_zynq_i/mayo_linear_combinat_0/U0/OUTPUT_Pr  File: /home/osm/Documents/SECT-MAYO/MAYO/src/hdl/MAYO_Keygen/MAYO_linear_combination.vhd
Note: Linear Combination done
Time: 4774905 ns  Iteration: 1  Process: /Mayo_keygen_no_zynq_tb/keygen/Mayo_keygen_no_zynq_i/mayo_linear_combinat_0/U0/OUTPUT_Pr  File: /home/osm/Documents/SECT-MAYO/MAYO/src/hdl/MAYO_Keygen/MAYO_linear_combination.vhd
Note: Linear Combination done
Time: 4778505 ns  Iteration: 1  Process: /Mayo_keygen_no_zynq_tb/keygen/Mayo_keygen_no_zynq_i/mayo_linear_combinat_0/U0/OUTPUT_Pr  File: /home/osm/Documents/SECT-MAYO/MAYO/src/hdl/MAYO_Keygen/MAYO_linear_combination.vhd
Note: Linear Combination done
Time: 4782105 ns  Iteration: 1  Process: /Mayo_keygen_no_zynq_tb/keygen/Mayo_keygen_no_zynq_i/mayo_linear_combinat_0/U0/OUTPUT_Pr  File: /home/osm/Documents/SECT-MAYO/MAYO/src/hdl/MAYO_Keygen/MAYO_linear_combination.vhd
Note: Linear Combination done
Time: 4785435 ns  Iteration: 1  Process: /Mayo_keygen_no_zynq_tb/keygen/Mayo_keygen_no_zynq_i/mayo_linear_combinat_0/U0/OUTPUT_Pr  File: /home/osm/Documents/SECT-MAYO/MAYO/src/hdl/MAYO_Keygen/MAYO_linear_combination.vhd
Note: Linear Combination done
Time: 4788735 ns  Iteration: 1  Process: /Mayo_keygen_no_zynq_tb/keygen/Mayo_keygen_no_zynq_i/mayo_linear_combinat_0/U0/OUTPUT_Pr  File: /home/osm/Documents/SECT-MAYO/MAYO/src/hdl/MAYO_Keygen/MAYO_linear_combination.vhd
Note: Linear Combination done
Time: 4792035 ns  Iteration: 1  Process: /Mayo_keygen_no_zynq_tb/keygen/Mayo_keygen_no_zynq_i/mayo_linear_combinat_0/U0/OUTPUT_Pr  File: /home/osm/Documents/SECT-MAYO/MAYO/src/hdl/MAYO_Keygen/MAYO_linear_combination.vhd
Note: Linear Combination done
Time: 4795335 ns  Iteration: 1  Process: /Mayo_keygen_no_zynq_tb/keygen/Mayo_keygen_no_zynq_i/mayo_linear_combinat_0/U0/OUTPUT_Pr  File: /home/osm/Documents/SECT-MAYO/MAYO/src/hdl/MAYO_Keygen/MAYO_linear_combination.vhd
Note: Linear Combination done
Time: 4798635 ns  Iteration: 1  Process: /Mayo_keygen_no_zynq_tb/keygen/Mayo_keygen_no_zynq_i/mayo_linear_combinat_0/U0/OUTPUT_Pr  File: /home/osm/Documents/SECT-MAYO/MAYO/src/hdl/MAYO_Keygen/MAYO_linear_combination.vhd
Note: Linear Combination done
Time: 4801935 ns  Iteration: 1  Process: /Mayo_keygen_no_zynq_tb/keygen/Mayo_keygen_no_zynq_i/mayo_linear_combinat_0/U0/OUTPUT_Pr  File: /home/osm/Documents/SECT-MAYO/MAYO/src/hdl/MAYO_Keygen/MAYO_linear_combination.vhd
Note: Linear Combination done
Time: 4804965 ns  Iteration: 1  Process: /Mayo_keygen_no_zynq_tb/keygen/Mayo_keygen_no_zynq_i/mayo_linear_combinat_0/U0/OUTPUT_Pr  File: /home/osm/Documents/SECT-MAYO/MAYO/src/hdl/MAYO_Keygen/MAYO_linear_combination.vhd
Note: Linear Combination done
Time: 4807965 ns  Iteration: 1  Process: /Mayo_keygen_no_zynq_tb/keygen/Mayo_keygen_no_zynq_i/mayo_linear_combinat_0/U0/OUTPUT_Pr  File: /home/osm/Documents/SECT-MAYO/MAYO/src/hdl/MAYO_Keygen/MAYO_linear_combination.vhd
Note: Linear Combination done
Time: 4810965 ns  Iteration: 1  Process: /Mayo_keygen_no_zynq_tb/keygen/Mayo_keygen_no_zynq_i/mayo_linear_combinat_0/U0/OUTPUT_Pr  File: /home/osm/Documents/SECT-MAYO/MAYO/src/hdl/MAYO_Keygen/MAYO_linear_combination.vhd
Note: Linear Combination done
Time: 4813965 ns  Iteration: 1  Process: /Mayo_keygen_no_zynq_tb/keygen/Mayo_keygen_no_zynq_i/mayo_linear_combinat_0/U0/OUTPUT_Pr  File: /home/osm/Documents/SECT-MAYO/MAYO/src/hdl/MAYO_Keygen/MAYO_linear_combination.vhd
Note: Linear Combination done
Time: 4816965 ns  Iteration: 1  Process: /Mayo_keygen_no_zynq_tb/keygen/Mayo_keygen_no_zynq_i/mayo_linear_combinat_0/U0/OUTPUT_Pr  File: /home/osm/Documents/SECT-MAYO/MAYO/src/hdl/MAYO_Keygen/MAYO_linear_combination.vhd
Note: Linear Combination done
Time: 4819965 ns  Iteration: 1  Process: /Mayo_keygen_no_zynq_tb/keygen/Mayo_keygen_no_zynq_i/mayo_linear_combinat_0/U0/OUTPUT_Pr  File: /home/osm/Documents/SECT-MAYO/MAYO/src/hdl/MAYO_Keygen/MAYO_linear_combination.vhd
Note: Linear Combination done
Time: 4822695 ns  Iteration: 1  Process: /Mayo_keygen_no_zynq_tb/keygen/Mayo_keygen_no_zynq_i/mayo_linear_combinat_0/U0/OUTPUT_Pr  File: /home/osm/Documents/SECT-MAYO/MAYO/src/hdl/MAYO_Keygen/MAYO_linear_combination.vhd
Note: Linear Combination done
Time: 4825395 ns  Iteration: 1  Process: /Mayo_keygen_no_zynq_tb/keygen/Mayo_keygen_no_zynq_i/mayo_linear_combinat_0/U0/OUTPUT_Pr  File: /home/osm/Documents/SECT-MAYO/MAYO/src/hdl/MAYO_Keygen/MAYO_linear_combination.vhd
Note: Linear Combination done
Time: 4828095 ns  Iteration: 1  Process: /Mayo_keygen_no_zynq_tb/keygen/Mayo_keygen_no_zynq_i/mayo_linear_combinat_0/U0/OUTPUT_Pr  File: /home/osm/Documents/SECT-MAYO/MAYO/src/hdl/MAYO_Keygen/MAYO_linear_combination.vhd
Note: Linear Combination done
Time: 4830795 ns  Iteration: 1  Process: /Mayo_keygen_no_zynq_tb/keygen/Mayo_keygen_no_zynq_i/mayo_linear_combinat_0/U0/OUTPUT_Pr  File: /home/osm/Documents/SECT-MAYO/MAYO/src/hdl/MAYO_Keygen/MAYO_linear_combination.vhd
Note: Linear Combination done
Time: 4833495 ns  Iteration: 1  Process: /Mayo_keygen_no_zynq_tb/keygen/Mayo_keygen_no_zynq_i/mayo_linear_combinat_0/U0/OUTPUT_Pr  File: /home/osm/Documents/SECT-MAYO/MAYO/src/hdl/MAYO_Keygen/MAYO_linear_combination.vhd
Note: Linear Combination done
Time: 4836195 ns  Iteration: 1  Process: /Mayo_keygen_no_zynq_tb/keygen/Mayo_keygen_no_zynq_i/mayo_linear_combinat_0/U0/OUTPUT_Pr  File: /home/osm/Documents/SECT-MAYO/MAYO/src/hdl/MAYO_Keygen/MAYO_linear_combination.vhd
Note: Linear Combination done
Time: 4838625 ns  Iteration: 1  Process: /Mayo_keygen_no_zynq_tb/keygen/Mayo_keygen_no_zynq_i/mayo_linear_combinat_0/U0/OUTPUT_Pr  File: /home/osm/Documents/SECT-MAYO/MAYO/src/hdl/MAYO_Keygen/MAYO_linear_combination.vhd
Note: Linear Combination done
Time: 4841025 ns  Iteration: 1  Process: /Mayo_keygen_no_zynq_tb/keygen/Mayo_keygen_no_zynq_i/mayo_linear_combinat_0/U0/OUTPUT_Pr  File: /home/osm/Documents/SECT-MAYO/MAYO/src/hdl/MAYO_Keygen/MAYO_linear_combination.vhd
Note: Linear Combination done
Time: 4843425 ns  Iteration: 1  Process: /Mayo_keygen_no_zynq_tb/keygen/Mayo_keygen_no_zynq_i/mayo_linear_combinat_0/U0/OUTPUT_Pr  File: /home/osm/Documents/SECT-MAYO/MAYO/src/hdl/MAYO_Keygen/MAYO_linear_combination.vhd
Note: Linear Combination done
Time: 4845825 ns  Iteration: 1  Process: /Mayo_keygen_no_zynq_tb/keygen/Mayo_keygen_no_zynq_i/mayo_linear_combinat_0/U0/OUTPUT_Pr  File: /home/osm/Documents/SECT-MAYO/MAYO/src/hdl/MAYO_Keygen/MAYO_linear_combination.vhd
Note: Linear Combination done
Time: 4848225 ns  Iteration: 1  Process: /Mayo_keygen_no_zynq_tb/keygen/Mayo_keygen_no_zynq_i/mayo_linear_combinat_0/U0/OUTPUT_Pr  File: /home/osm/Documents/SECT-MAYO/MAYO/src/hdl/MAYO_Keygen/MAYO_linear_combination.vhd
Note: Linear Combination done
Time: 4850625 ns  Iteration: 1  Process: /Mayo_keygen_no_zynq_tb/keygen/Mayo_keygen_no_zynq_i/mayo_linear_combinat_0/U0/OUTPUT_Pr  File: /home/osm/Documents/SECT-MAYO/MAYO/src/hdl/MAYO_Keygen/MAYO_linear_combination.vhd
Note: Linear Combination done
Time: 4852755 ns  Iteration: 1  Process: /Mayo_keygen_no_zynq_tb/keygen/Mayo_keygen_no_zynq_i/mayo_linear_combinat_0/U0/OUTPUT_Pr  File: /home/osm/Documents/SECT-MAYO/MAYO/src/hdl/MAYO_Keygen/MAYO_linear_combination.vhd
Note: Linear Combination done
Time: 4854855 ns  Iteration: 1  Process: /Mayo_keygen_no_zynq_tb/keygen/Mayo_keygen_no_zynq_i/mayo_linear_combinat_0/U0/OUTPUT_Pr  File: /home/osm/Documents/SECT-MAYO/MAYO/src/hdl/MAYO_Keygen/MAYO_linear_combination.vhd
Note: Linear Combination done
Time: 4856955 ns  Iteration: 1  Process: /Mayo_keygen_no_zynq_tb/keygen/Mayo_keygen_no_zynq_i/mayo_linear_combinat_0/U0/OUTPUT_Pr  File: /home/osm/Documents/SECT-MAYO/MAYO/src/hdl/MAYO_Keygen/MAYO_linear_combination.vhd
Note: Linear Combination done
Time: 4859055 ns  Iteration: 1  Process: /Mayo_keygen_no_zynq_tb/keygen/Mayo_keygen_no_zynq_i/mayo_linear_combinat_0/U0/OUTPUT_Pr  File: /home/osm/Documents/SECT-MAYO/MAYO/src/hdl/MAYO_Keygen/MAYO_linear_combination.vhd
Note: Linear Combination done
Time: 4861155 ns  Iteration: 1  Process: /Mayo_keygen_no_zynq_tb/keygen/Mayo_keygen_no_zynq_i/mayo_linear_combinat_0/U0/OUTPUT_Pr  File: /home/osm/Documents/SECT-MAYO/MAYO/src/hdl/MAYO_Keygen/MAYO_linear_combination.vhd
Note: Linear Combination done
Time: 4863255 ns  Iteration: 1  Process: /Mayo_keygen_no_zynq_tb/keygen/Mayo_keygen_no_zynq_i/mayo_linear_combinat_0/U0/OUTPUT_Pr  File: /home/osm/Documents/SECT-MAYO/MAYO/src/hdl/MAYO_Keygen/MAYO_linear_combination.vhd
Note: Linear Combination done
Time: 4865085 ns  Iteration: 1  Process: /Mayo_keygen_no_zynq_tb/keygen/Mayo_keygen_no_zynq_i/mayo_linear_combinat_0/U0/OUTPUT_Pr  File: /home/osm/Documents/SECT-MAYO/MAYO/src/hdl/MAYO_Keygen/MAYO_linear_combination.vhd
Note: Linear Combination done
Time: 4866885 ns  Iteration: 1  Process: /Mayo_keygen_no_zynq_tb/keygen/Mayo_keygen_no_zynq_i/mayo_linear_combinat_0/U0/OUTPUT_Pr  File: /home/osm/Documents/SECT-MAYO/MAYO/src/hdl/MAYO_Keygen/MAYO_linear_combination.vhd
Note: Linear Combination done
Time: 4868685 ns  Iteration: 1  Process: /Mayo_keygen_no_zynq_tb/keygen/Mayo_keygen_no_zynq_i/mayo_linear_combinat_0/U0/OUTPUT_Pr  File: /home/osm/Documents/SECT-MAYO/MAYO/src/hdl/MAYO_Keygen/MAYO_linear_combination.vhd
Note: Linear Combination done
Time: 4870485 ns  Iteration: 1  Process: /Mayo_keygen_no_zynq_tb/keygen/Mayo_keygen_no_zynq_i/mayo_linear_combinat_0/U0/OUTPUT_Pr  File: /home/osm/Documents/SECT-MAYO/MAYO/src/hdl/MAYO_Keygen/MAYO_linear_combination.vhd
Note: Linear Combination done
Time: 4872285 ns  Iteration: 1  Process: /Mayo_keygen_no_zynq_tb/keygen/Mayo_keygen_no_zynq_i/mayo_linear_combinat_0/U0/OUTPUT_Pr  File: /home/osm/Documents/SECT-MAYO/MAYO/src/hdl/MAYO_Keygen/MAYO_linear_combination.vhd
Note: Linear Combination done
Time: 4874085 ns  Iteration: 1  Process: /Mayo_keygen_no_zynq_tb/keygen/Mayo_keygen_no_zynq_i/mayo_linear_combinat_0/U0/OUTPUT_Pr  File: /home/osm/Documents/SECT-MAYO/MAYO/src/hdl/MAYO_Keygen/MAYO_linear_combination.vhd
Note: Linear Combination done
Time: 4875615 ns  Iteration: 1  Process: /Mayo_keygen_no_zynq_tb/keygen/Mayo_keygen_no_zynq_i/mayo_linear_combinat_0/U0/OUTPUT_Pr  File: /home/osm/Documents/SECT-MAYO/MAYO/src/hdl/MAYO_Keygen/MAYO_linear_combination.vhd
Note: Linear Combination done
Time: 4877115 ns  Iteration: 1  Process: /Mayo_keygen_no_zynq_tb/keygen/Mayo_keygen_no_zynq_i/mayo_linear_combinat_0/U0/OUTPUT_Pr  File: /home/osm/Documents/SECT-MAYO/MAYO/src/hdl/MAYO_Keygen/MAYO_linear_combination.vhd
Note: Linear Combination done
Time: 4878615 ns  Iteration: 1  Process: /Mayo_keygen_no_zynq_tb/keygen/Mayo_keygen_no_zynq_i/mayo_linear_combinat_0/U0/OUTPUT_Pr  File: /home/osm/Documents/SECT-MAYO/MAYO/src/hdl/MAYO_Keygen/MAYO_linear_combination.vhd
Note: Linear Combination done
Time: 4880115 ns  Iteration: 1  Process: /Mayo_keygen_no_zynq_tb/keygen/Mayo_keygen_no_zynq_i/mayo_linear_combinat_0/U0/OUTPUT_Pr  File: /home/osm/Documents/SECT-MAYO/MAYO/src/hdl/MAYO_Keygen/MAYO_linear_combination.vhd
Note: Linear Combination done
Time: 4881615 ns  Iteration: 1  Process: /Mayo_keygen_no_zynq_tb/keygen/Mayo_keygen_no_zynq_i/mayo_linear_combinat_0/U0/OUTPUT_Pr  File: /home/osm/Documents/SECT-MAYO/MAYO/src/hdl/MAYO_Keygen/MAYO_linear_combination.vhd
Note: Linear Combination done
Time: 4883115 ns  Iteration: 1  Process: /Mayo_keygen_no_zynq_tb/keygen/Mayo_keygen_no_zynq_i/mayo_linear_combinat_0/U0/OUTPUT_Pr  File: /home/osm/Documents/SECT-MAYO/MAYO/src/hdl/MAYO_Keygen/MAYO_linear_combination.vhd
Note: Linear Combination done
Time: 4884345 ns  Iteration: 1  Process: /Mayo_keygen_no_zynq_tb/keygen/Mayo_keygen_no_zynq_i/mayo_linear_combinat_0/U0/OUTPUT_Pr  File: /home/osm/Documents/SECT-MAYO/MAYO/src/hdl/MAYO_Keygen/MAYO_linear_combination.vhd
Note: Linear Combination done
Time: 4885545 ns  Iteration: 1  Process: /Mayo_keygen_no_zynq_tb/keygen/Mayo_keygen_no_zynq_i/mayo_linear_combinat_0/U0/OUTPUT_Pr  File: /home/osm/Documents/SECT-MAYO/MAYO/src/hdl/MAYO_Keygen/MAYO_linear_combination.vhd
Note: Linear Combination done
Time: 4886745 ns  Iteration: 1  Process: /Mayo_keygen_no_zynq_tb/keygen/Mayo_keygen_no_zynq_i/mayo_linear_combinat_0/U0/OUTPUT_Pr  File: /home/osm/Documents/SECT-MAYO/MAYO/src/hdl/MAYO_Keygen/MAYO_linear_combination.vhd
Note: Linear Combination done
Time: 4887945 ns  Iteration: 1  Process: /Mayo_keygen_no_zynq_tb/keygen/Mayo_keygen_no_zynq_i/mayo_linear_combinat_0/U0/OUTPUT_Pr  File: /home/osm/Documents/SECT-MAYO/MAYO/src/hdl/MAYO_Keygen/MAYO_linear_combination.vhd
Note: Linear Combination done
Time: 4889145 ns  Iteration: 1  Process: /Mayo_keygen_no_zynq_tb/keygen/Mayo_keygen_no_zynq_i/mayo_linear_combinat_0/U0/OUTPUT_Pr  File: /home/osm/Documents/SECT-MAYO/MAYO/src/hdl/MAYO_Keygen/MAYO_linear_combination.vhd
Note: Linear Combination done
Time: 4890345 ns  Iteration: 1  Process: /Mayo_keygen_no_zynq_tb/keygen/Mayo_keygen_no_zynq_i/mayo_linear_combinat_0/U0/OUTPUT_Pr  File: /home/osm/Documents/SECT-MAYO/MAYO/src/hdl/MAYO_Keygen/MAYO_linear_combination.vhd
Note: Linear Combination done
Time: 4891265 ns  Iteration: 1  Process: /Mayo_keygen_no_zynq_tb/keygen/Mayo_keygen_no_zynq_i/mayo_linear_combinat_0/U0/OUTPUT_Pr  File: /home/osm/Documents/SECT-MAYO/MAYO/src/hdl/MAYO_Keygen/MAYO_linear_combination.vhd
Note: Linear Combination done
Time: 4892155 ns  Iteration: 1  Process: /Mayo_keygen_no_zynq_tb/keygen/Mayo_keygen_no_zynq_i/mayo_linear_combinat_0/U0/OUTPUT_Pr  File: /home/osm/Documents/SECT-MAYO/MAYO/src/hdl/MAYO_Keygen/MAYO_linear_combination.vhd
Note: Linear Combination done
Time: 4893045 ns  Iteration: 1  Process: /Mayo_keygen_no_zynq_tb/keygen/Mayo_keygen_no_zynq_i/mayo_linear_combinat_0/U0/OUTPUT_Pr  File: /home/osm/Documents/SECT-MAYO/MAYO/src/hdl/MAYO_Keygen/MAYO_linear_combination.vhd
Note: Linear Combination done
Time: 4893935 ns  Iteration: 1  Process: /Mayo_keygen_no_zynq_tb/keygen/Mayo_keygen_no_zynq_i/mayo_linear_combinat_0/U0/OUTPUT_Pr  File: /home/osm/Documents/SECT-MAYO/MAYO/src/hdl/MAYO_Keygen/MAYO_linear_combination.vhd
Note: Linear Combination done
Time: 4894825 ns  Iteration: 1  Process: /Mayo_keygen_no_zynq_tb/keygen/Mayo_keygen_no_zynq_i/mayo_linear_combinat_0/U0/OUTPUT_Pr  File: /home/osm/Documents/SECT-MAYO/MAYO/src/hdl/MAYO_Keygen/MAYO_linear_combination.vhd
Note: Linear Combination done
Time: 4895715 ns  Iteration: 1  Process: /Mayo_keygen_no_zynq_tb/keygen/Mayo_keygen_no_zynq_i/mayo_linear_combinat_0/U0/OUTPUT_Pr  File: /home/osm/Documents/SECT-MAYO/MAYO/src/hdl/MAYO_Keygen/MAYO_linear_combination.vhd
Note: Linear Combination done
Time: 5492925 ns  Iteration: 1  Process: /Mayo_keygen_no_zynq_tb/keygen/Mayo_keygen_no_zynq_i/mayo_linear_combinat_0/U0/OUTPUT_Pr  File: /home/osm/Documents/SECT-MAYO/MAYO/src/hdl/MAYO_Keygen/MAYO_linear_combination.vhd
Note: Linear Combination done
Time: 5509845 ns  Iteration: 1  Process: /Mayo_keygen_no_zynq_tb/keygen/Mayo_keygen_no_zynq_i/mayo_linear_combinat_0/U0/OUTPUT_Pr  File: /home/osm/Documents/SECT-MAYO/MAYO/src/hdl/MAYO_Keygen/MAYO_linear_combination.vhd
Note: Linear Combination done
Time: 5526735 ns  Iteration: 1  Process: /Mayo_keygen_no_zynq_tb/keygen/Mayo_keygen_no_zynq_i/mayo_linear_combinat_0/U0/OUTPUT_Pr  File: /home/osm/Documents/SECT-MAYO/MAYO/src/hdl/MAYO_Keygen/MAYO_linear_combination.vhd
Note: Linear Combination done
Time: 5544145 ns  Iteration: 1  Process: /Mayo_keygen_no_zynq_tb/keygen/Mayo_keygen_no_zynq_i/mayo_linear_combinat_0/U0/OUTPUT_Pr  File: /home/osm/Documents/SECT-MAYO/MAYO/src/hdl/MAYO_Keygen/MAYO_linear_combination.vhd
Note: Linear Combination done
Time: 5561035 ns  Iteration: 1  Process: /Mayo_keygen_no_zynq_tb/keygen/Mayo_keygen_no_zynq_i/mayo_linear_combinat_0/U0/OUTPUT_Pr  File: /home/osm/Documents/SECT-MAYO/MAYO/src/hdl/MAYO_Keygen/MAYO_linear_combination.vhd
Note: Linear Combination done
Time: 5578445 ns  Iteration: 1  Process: /Mayo_keygen_no_zynq_tb/keygen/Mayo_keygen_no_zynq_i/mayo_linear_combinat_0/U0/OUTPUT_Pr  File: /home/osm/Documents/SECT-MAYO/MAYO/src/hdl/MAYO_Keygen/MAYO_linear_combination.vhd
Note: Linear Combination done
Time: 5595335 ns  Iteration: 1  Process: /Mayo_keygen_no_zynq_tb/keygen/Mayo_keygen_no_zynq_i/mayo_linear_combinat_0/U0/OUTPUT_Pr  File: /home/osm/Documents/SECT-MAYO/MAYO/src/hdl/MAYO_Keygen/MAYO_linear_combination.vhd
Note: Linear Combination done
Time: 5612745 ns  Iteration: 1  Process: /Mayo_keygen_no_zynq_tb/keygen/Mayo_keygen_no_zynq_i/mayo_linear_combinat_0/U0/OUTPUT_Pr  File: /home/osm/Documents/SECT-MAYO/MAYO/src/hdl/MAYO_Keygen/MAYO_linear_combination.vhd
Note: Linear Combination done
Time: 5629635 ns  Iteration: 1  Process: /Mayo_keygen_no_zynq_tb/keygen/Mayo_keygen_no_zynq_i/mayo_linear_combinat_0/U0/OUTPUT_Pr  File: /home/osm/Documents/SECT-MAYO/MAYO/src/hdl/MAYO_Keygen/MAYO_linear_combination.vhd
Note: Linear Combination done
Time: 5647045 ns  Iteration: 1  Process: /Mayo_keygen_no_zynq_tb/keygen/Mayo_keygen_no_zynq_i/mayo_linear_combinat_0/U0/OUTPUT_Pr  File: /home/osm/Documents/SECT-MAYO/MAYO/src/hdl/MAYO_Keygen/MAYO_linear_combination.vhd
Note: Linear Combination done
Time: 5663935 ns  Iteration: 1  Process: /Mayo_keygen_no_zynq_tb/keygen/Mayo_keygen_no_zynq_i/mayo_linear_combinat_0/U0/OUTPUT_Pr  File: /home/osm/Documents/SECT-MAYO/MAYO/src/hdl/MAYO_Keygen/MAYO_linear_combination.vhd
Note: Linear Combination done
Time: 5681365 ns  Iteration: 1  Process: /Mayo_keygen_no_zynq_tb/keygen/Mayo_keygen_no_zynq_i/mayo_linear_combinat_0/U0/OUTPUT_Pr  File: /home/osm/Documents/SECT-MAYO/MAYO/src/hdl/MAYO_Keygen/MAYO_linear_combination.vhd
Note: Linear Combination done
Time: 5698285 ns  Iteration: 1  Process: /Mayo_keygen_no_zynq_tb/keygen/Mayo_keygen_no_zynq_i/mayo_linear_combinat_0/U0/OUTPUT_Pr  File: /home/osm/Documents/SECT-MAYO/MAYO/src/hdl/MAYO_Keygen/MAYO_linear_combination.vhd
Note: Linear Combination done
Time: 5715175 ns  Iteration: 1  Process: /Mayo_keygen_no_zynq_tb/keygen/Mayo_keygen_no_zynq_i/mayo_linear_combinat_0/U0/OUTPUT_Pr  File: /home/osm/Documents/SECT-MAYO/MAYO/src/hdl/MAYO_Keygen/MAYO_linear_combination.vhd
Note: Linear Combination done
Time: 5732585 ns  Iteration: 1  Process: /Mayo_keygen_no_zynq_tb/keygen/Mayo_keygen_no_zynq_i/mayo_linear_combinat_0/U0/OUTPUT_Pr  File: /home/osm/Documents/SECT-MAYO/MAYO/src/hdl/MAYO_Keygen/MAYO_linear_combination.vhd
Note: Linear Combination done
Time: 5749475 ns  Iteration: 1  Process: /Mayo_keygen_no_zynq_tb/keygen/Mayo_keygen_no_zynq_i/mayo_linear_combinat_0/U0/OUTPUT_Pr  File: /home/osm/Documents/SECT-MAYO/MAYO/src/hdl/MAYO_Keygen/MAYO_linear_combination.vhd
Note: Linear Combination done
Time: 5766885 ns  Iteration: 1  Process: /Mayo_keygen_no_zynq_tb/keygen/Mayo_keygen_no_zynq_i/mayo_linear_combinat_0/U0/OUTPUT_Pr  File: /home/osm/Documents/SECT-MAYO/MAYO/src/hdl/MAYO_Keygen/MAYO_linear_combination.vhd
Note: Linear Combination done
Time: 5783775 ns  Iteration: 1  Process: /Mayo_keygen_no_zynq_tb/keygen/Mayo_keygen_no_zynq_i/mayo_linear_combinat_0/U0/OUTPUT_Pr  File: /home/osm/Documents/SECT-MAYO/MAYO/src/hdl/MAYO_Keygen/MAYO_linear_combination.vhd
Note: Linear Combination done
Time: 5801185 ns  Iteration: 1  Process: /Mayo_keygen_no_zynq_tb/keygen/Mayo_keygen_no_zynq_i/mayo_linear_combinat_0/U0/OUTPUT_Pr  File: /home/osm/Documents/SECT-MAYO/MAYO/src/hdl/MAYO_Keygen/MAYO_linear_combination.vhd
Note: Linear Combination done
Time: 5818075 ns  Iteration: 1  Process: /Mayo_keygen_no_zynq_tb/keygen/Mayo_keygen_no_zynq_i/mayo_linear_combinat_0/U0/OUTPUT_Pr  File: /home/osm/Documents/SECT-MAYO/MAYO/src/hdl/MAYO_Keygen/MAYO_linear_combination.vhd
Note: Linear Combination done
Time: 5835505 ns  Iteration: 1  Process: /Mayo_keygen_no_zynq_tb/keygen/Mayo_keygen_no_zynq_i/mayo_linear_combinat_0/U0/OUTPUT_Pr  File: /home/osm/Documents/SECT-MAYO/MAYO/src/hdl/MAYO_Keygen/MAYO_linear_combination.vhd
Note: Linear Combination done
Time: 5852425 ns  Iteration: 1  Process: /Mayo_keygen_no_zynq_tb/keygen/Mayo_keygen_no_zynq_i/mayo_linear_combinat_0/U0/OUTPUT_Pr  File: /home/osm/Documents/SECT-MAYO/MAYO/src/hdl/MAYO_Keygen/MAYO_linear_combination.vhd
Note: Linear Combination done
Time: 5869315 ns  Iteration: 1  Process: /Mayo_keygen_no_zynq_tb/keygen/Mayo_keygen_no_zynq_i/mayo_linear_combinat_0/U0/OUTPUT_Pr  File: /home/osm/Documents/SECT-MAYO/MAYO/src/hdl/MAYO_Keygen/MAYO_linear_combination.vhd
Note: Linear Combination done
Time: 5886725 ns  Iteration: 1  Process: /Mayo_keygen_no_zynq_tb/keygen/Mayo_keygen_no_zynq_i/mayo_linear_combinat_0/U0/OUTPUT_Pr  File: /home/osm/Documents/SECT-MAYO/MAYO/src/hdl/MAYO_Keygen/MAYO_linear_combination.vhd
Note: Linear Combination done
Time: 5903615 ns  Iteration: 1  Process: /Mayo_keygen_no_zynq_tb/keygen/Mayo_keygen_no_zynq_i/mayo_linear_combinat_0/U0/OUTPUT_Pr  File: /home/osm/Documents/SECT-MAYO/MAYO/src/hdl/MAYO_Keygen/MAYO_linear_combination.vhd
Note: Linear Combination done
Time: 5921025 ns  Iteration: 1  Process: /Mayo_keygen_no_zynq_tb/keygen/Mayo_keygen_no_zynq_i/mayo_linear_combinat_0/U0/OUTPUT_Pr  File: /home/osm/Documents/SECT-MAYO/MAYO/src/hdl/MAYO_Keygen/MAYO_linear_combination.vhd
Note: Linear Combination done
Time: 5937915 ns  Iteration: 1  Process: /Mayo_keygen_no_zynq_tb/keygen/Mayo_keygen_no_zynq_i/mayo_linear_combinat_0/U0/OUTPUT_Pr  File: /home/osm/Documents/SECT-MAYO/MAYO/src/hdl/MAYO_Keygen/MAYO_linear_combination.vhd
Note: Linear Combination done
Time: 5955345 ns  Iteration: 1  Process: /Mayo_keygen_no_zynq_tb/keygen/Mayo_keygen_no_zynq_i/mayo_linear_combinat_0/U0/OUTPUT_Pr  File: /home/osm/Documents/SECT-MAYO/MAYO/src/hdl/MAYO_Keygen/MAYO_linear_combination.vhd
Note: Linear Combination done
Time: 5972265 ns  Iteration: 1  Process: /Mayo_keygen_no_zynq_tb/keygen/Mayo_keygen_no_zynq_i/mayo_linear_combinat_0/U0/OUTPUT_Pr  File: /home/osm/Documents/SECT-MAYO/MAYO/src/hdl/MAYO_Keygen/MAYO_linear_combination.vhd
Note: Linear Combination done
Time: 5989155 ns  Iteration: 1  Process: /Mayo_keygen_no_zynq_tb/keygen/Mayo_keygen_no_zynq_i/mayo_linear_combinat_0/U0/OUTPUT_Pr  File: /home/osm/Documents/SECT-MAYO/MAYO/src/hdl/MAYO_Keygen/MAYO_linear_combination.vhd
Note: Linear Combination done
Time: 6006565 ns  Iteration: 1  Process: /Mayo_keygen_no_zynq_tb/keygen/Mayo_keygen_no_zynq_i/mayo_linear_combinat_0/U0/OUTPUT_Pr  File: /home/osm/Documents/SECT-MAYO/MAYO/src/hdl/MAYO_Keygen/MAYO_linear_combination.vhd
Note: Linear Combination done
Time: 6023455 ns  Iteration: 1  Process: /Mayo_keygen_no_zynq_tb/keygen/Mayo_keygen_no_zynq_i/mayo_linear_combinat_0/U0/OUTPUT_Pr  File: /home/osm/Documents/SECT-MAYO/MAYO/src/hdl/MAYO_Keygen/MAYO_linear_combination.vhd
Note: Linear Combination done
Time: 6040885 ns  Iteration: 1  Process: /Mayo_keygen_no_zynq_tb/keygen/Mayo_keygen_no_zynq_i/mayo_linear_combinat_0/U0/OUTPUT_Pr  File: /home/osm/Documents/SECT-MAYO/MAYO/src/hdl/MAYO_Keygen/MAYO_linear_combination.vhd
Note: Linear Combination done
Time: 6057805 ns  Iteration: 1  Process: /Mayo_keygen_no_zynq_tb/keygen/Mayo_keygen_no_zynq_i/mayo_linear_combinat_0/U0/OUTPUT_Pr  File: /home/osm/Documents/SECT-MAYO/MAYO/src/hdl/MAYO_Keygen/MAYO_linear_combination.vhd
Note: Linear Combination done
Time: 6074695 ns  Iteration: 1  Process: /Mayo_keygen_no_zynq_tb/keygen/Mayo_keygen_no_zynq_i/mayo_linear_combinat_0/U0/OUTPUT_Pr  File: /home/osm/Documents/SECT-MAYO/MAYO/src/hdl/MAYO_Keygen/MAYO_linear_combination.vhd
Note: Linear Combination done
Time: 6092125 ns  Iteration: 1  Process: /Mayo_keygen_no_zynq_tb/keygen/Mayo_keygen_no_zynq_i/mayo_linear_combinat_0/U0/OUTPUT_Pr  File: /home/osm/Documents/SECT-MAYO/MAYO/src/hdl/MAYO_Keygen/MAYO_linear_combination.vhd
Failure: Done
Time: 6107975 ns  Iteration: 3  Process: /Mayo_keygen_no_zynq_tb/tb  File: /home/osm/Documents/SECT-MAYO/MAYO/vivado/MAYO_KeyGen_v2/MAYO_KeyGen_v2.srcs/sim_1/new/Mayo_keygen_no_zynq_tb.vhd
$finish called at time : 6107975 ns : File "/home/osm/Documents/SECT-MAYO/MAYO/vivado/MAYO_KeyGen_v2/MAYO_KeyGen_v2.srcs/sim_1/new/Mayo_keygen_no_zynq_tb.vhd" Line 80
