

================================================================
== Vitis HLS Report for 'linear_combination_2'
================================================================
* Date:           Tue Jun 28 01:00:44 2022

* Version:        2020.2 (Build 3064766 on Wed Nov 18 09:12:47 MST 2020)
* Project:        computeP2
* Solution:       solution2 (Vivado IP Flow Target)
* Product family: zynq
* Target device:  xc7z020-clg484-1


================================================================
== Performance Estimates
================================================================
+ Timing: 
    * Summary: 
    +--------+----------+----------+------------+
    |  Clock |  Target  | Estimated| Uncertainty|
    +--------+----------+----------+------------+
    |ap_clk  |  10.00 ns|  6.457 ns|     2.70 ns|
    +--------+----------+----------+------------+

+ Latency: 
    * Summary: 
    +---------+---------+----------+----------+-------+-------+---------+
    |  Latency (cycles) |  Latency (absolute) |    Interval   | Pipeline|
    |   min   |   max   |    min   |    max   |  min  |  max  |   Type  |
    +---------+---------+----------+----------+-------+-------+---------+
    |    19311|    19311|  0.193 ms|  0.193 ms|  19311|  19311|     none|
    +---------+---------+----------+----------+-------+-------+---------+

    + Detail: 
        * Instance: 
        N/A

        * Loop: 
        +--------------+---------+---------+----------+-----------+-----------+------+----------+
        |              |  Latency (cycles) | Iteration|  Initiation Interval  | Trip |          |
        |   Loop Name  |   min   |   max   |  Latency |  achieved |   target  | Count| Pipelined|
        +--------------+---------+---------+----------+-----------+-----------+------+----------+
        |- Loop 1      |       60|       60|         1|          -|          -|    60|        no|
        |- LOOP_LC1    |    16968|    16968|       303|          -|          -|    56|        no|
        | + LOOP_LC12  |      300|      300|         5|          -|          -|    60|        no|
        |- LOOP_LC2    |     2280|     2280|        38|          -|          -|    60|        no|
        +--------------+---------+---------+----------+-----------+-----------+------+----------+



================================================================
== Utilization Estimates
================================================================
* Summary: 
+-----------------+---------+-----+--------+-------+-----+
|       Name      | BRAM_18K| DSP |   FF   |  LUT  | URAM|
+-----------------+---------+-----+--------+-------+-----+
|DSP              |        -|    1|       -|      -|    -|
|Expression       |        -|    -|       0|    164|    -|
|FIFO             |        -|    -|       -|      -|    -|
|Instance         |        -|    -|     394|    238|    -|
|Memory           |        1|    -|       0|      0|    -|
|Multiplexer      |        -|    -|       -|    279|    -|
|Register         |        -|    -|     156|      -|    -|
+-----------------+---------+-----+--------+-------+-----+
|Total            |        1|    1|     550|    681|    0|
+-----------------+---------+-----+--------+-------+-----+
|Available        |      280|  220|  106400|  53200|    0|
+-----------------+---------+-----+--------+-------+-----+
|Utilization (%)  |       ~0|   ~0|      ~0|      1|    0|
+-----------------+---------+-----+--------+-------+-----+

+ Detail: 
    * Instance: 
    +------------------------------+--------------------------+---------+----+-----+-----+-----+
    |           Instance           |          Module          | BRAM_18K| DSP|  FF | LUT | URAM|
    +------------------------------+--------------------------+---------+----+-----+-----+-----+
    |urem_32ns_6ns_5_36_seq_1_U31  |urem_32ns_6ns_5_36_seq_1  |        0|   0|  394|  238|    0|
    +------------------------------+--------------------------+---------+----+-----+-----+-----+
    |Total                         |                          |        0|   0|  394|  238|    0|
    +------------------------------+--------------------------+---------+----+-----+-----+-----+

    * DSP: 
    +------------------------------------+--------------------------------+--------------+
    |              Instance              |             Module             |  Expression  |
    +------------------------------------+--------------------------------+--------------+
    |mac_muladd_5ns_8ns_32ns_32_4_1_U32  |mac_muladd_5ns_8ns_32ns_32_4_1  |  i0 + i1 * i2|
    +------------------------------------+--------------------------------+--------------+

    * Memory: 
    +----------------+---------------------------------+---------+---+----+-----+------+-----+------+-------------+
    |     Memory     |              Module             | BRAM_18K| FF| LUT| URAM| Words| Bits| Banks| W*Bits*Banks|
    +----------------+---------------------------------+---------+---+----+-----+------+-----+------+-------------+
    |accumulators_U  |linear_combination_accumulators  |        1|  0|   0|    0|    60|   32|     1|         1920|
    +----------------+---------------------------------+---------+---+----+-----+------+-----+------+-------------+
    |Total           |                                 |        1|  0|   0|    0|    60|   32|     1|         1920|
    +----------------+---------------------------------+---------+---+----+-----+------+-----+------+-------------+

    * FIFO: 
    N/A

    * Expression: 
    +-----------------------+----------+----+---+----+------------+------------+
    |     Variable Name     | Operation| DSP| FF| LUT| Bitwidth P0| Bitwidth P1|
    +-----------------------+----------+----+---+----+------------+------------+
    |add_ln101_fu_273_p2    |         +|   0|  0|  14|           6|           1|
    |add_ln103_2_fu_294_p2  |         +|   0|  0|  20|          15|          15|
    |add_ln103_fu_264_p2    |         +|   0|  0|  20|          15|          15|
    |add_ln107_fu_308_p2    |         +|   0|  0|  14|           6|           1|
    |add_ln97_fu_204_p2     |         +|   0|  0|  14|           6|           1|
    |empty_18_fu_187_p2     |         +|   0|  0|  14|           6|           1|
    |empty_22_fu_254_p2     |         +|   0|  0|  14|           9|           9|
    |empty_21_fu_244_p2     |         -|   0|  0|  14|          13|          13|
    |exitcond136_fu_198_p2  |      icmp|   0|  0|  10|           6|           4|
    |icmp_ln101_fu_288_p2   |      icmp|   0|  0|  10|           6|           4|
    |icmp_ln107_fu_319_p2   |      icmp|   0|  0|  10|           6|           4|
    |icmp_ln97_fu_214_p2    |      icmp|   0|  0|  10|           6|           5|
    +-----------------------+----------+----+---+----+------------+------------+
    |Total                  |          |   0|  0| 164|         100|          73|
    +-----------------------+----------+----+---+----+------------+------------+

    * Multiplexer: 
    +-----------------------+-----+-----------+-----+-----------+
    |          Name         | LUT | Input Size| Bits| Total Bits|
    +-----------------------+-----+-----------+-----+-----------+
    |accumulators_address0  |   20|          4|    6|         24|
    |accumulators_d0        |   14|          3|   32|         96|
    |ap_NS_fsm              |  209|         48|    1|         48|
    |empty_reg_139          |    9|          2|    6|         12|
    |i_1_reg_172            |    9|          2|    6|         12|
    |i_reg_150              |    9|          2|    6|         12|
    |j_reg_161              |    9|          2|    6|         12|
    +-----------------------+-----+-----------+-----+-----------+
    |Total                  |  279|         63|   63|        216|
    +-----------------------+-----+-----------+-----+-----------+

    * Register: 
    +-----------------------------+----+----+-----+-----------+
    |             Name            | FF | LUT| Bits| Const Bits|
    +-----------------------------+----+----+-----+-----------+
    |accumulators_addr_2_reg_398  |   6|   0|    6|          0|
    |add_ln101_reg_385            |   6|   0|    6|          0|
    |add_ln103_reg_375            |  15|   0|   15|          0|
    |add_ln107_reg_408            |   6|   0|    6|          0|
    |add_ln97_reg_362             |   6|   0|    6|          0|
    |ap_CS_fsm                    |  47|   0|   47|          0|
    |empty_reg_139                |   6|   0|    6|          0|
    |i_1_reg_172                  |   6|   0|    6|          0|
    |i_reg_150                    |   6|   0|    6|          0|
    |j_reg_161                    |   6|   0|    6|          0|
    |reg_183                      |  32|   0|   32|          0|
    |zext_ln101_reg_380           |   8|   0|   13|          5|
    |zext_ln107_reg_413           |   6|   0|   64|         58|
    +-----------------------------+----+----+-----+-----------+
    |Total                        | 156|   0|  219|         63|
    +-----------------------------+----+----+-----+-----------+



================================================================
== Interface
================================================================
* Summary: 
+--------------------+-----+-----+------------+----------------------+--------------+
|      RTL Ports     | Dir | Bits|  Protocol  |     Source Object    |    C Type    |
+--------------------+-----+-----+------------+----------------------+--------------+
|ap_clk              |   in|    1|  ap_ctrl_hs|  linear_combination.2|  return value|
|ap_rst              |   in|    1|  ap_ctrl_hs|  linear_combination.2|  return value|
|ap_start            |   in|    1|  ap_ctrl_hs|  linear_combination.2|  return value|
|ap_done             |  out|    1|  ap_ctrl_hs|  linear_combination.2|  return value|
|ap_idle             |  out|    1|  ap_ctrl_hs|  linear_combination.2|  return value|
|ap_ready            |  out|    1|  ap_ctrl_hs|  linear_combination.2|  return value|
|oil_space_address0  |  out|    9|   ap_memory|             oil_space|         array|
|oil_space_ce0       |  out|    1|   ap_memory|             oil_space|         array|
|oil_space_q0        |   in|    8|   ap_memory|             oil_space|         array|
|vecs_address0       |  out|   15|   ap_memory|                  vecs|         array|
|vecs_ce0            |  out|    1|   ap_memory|                  vecs|         array|
|vecs_q0             |   in|    5|   ap_memory|                  vecs|         array|
|vecs_offset         |   in|   15|     ap_none|           vecs_offset|        scalar|
|coeffs              |   in|    9|     ap_none|                coeffs|        scalar|
|out_r_address0      |  out|    6|   ap_memory|                 out_r|         array|
|out_r_ce0           |  out|    1|   ap_memory|                 out_r|         array|
|out_r_we0           |  out|    1|   ap_memory|                 out_r|         array|
|out_r_d0            |  out|    5|   ap_memory|                 out_r|         array|
+--------------------+-----+-----+------------+----------------------+--------------+

============================================================
+ Verbose Summary: Synthesis Manager
============================================================
InlineROM: 1
ExposeGlobal: 0
============================================================
+ Verbose Summary: CDFG Model
============================================================
IsTopModel: 0
ResetActiveHigh: 1
IsCombinational: 2
IsDatapathOnly: 2
HasWiredReturn: 1
HasMFsm: 0
HasVarLatency: 1
IsPipeline: 0
IsRtlPipelined: 0
IsInstanceOverlapped: 0
IsDontTouch: 0
HasImplIP: 0
IsGatedGlobalClock: 0


============================================================
+ Verbose Summary: Schedule
============================================================
* Number of FSM states : 47
* Pipeline : 0
* Dataflow Pipeline: 0

* FSM state transitions: 
1 --> 2 
2 --> 2 3 
3 --> 4 10 
4 --> 5 
5 --> 6 3 
6 --> 7 
7 --> 8 
8 --> 9 
9 --> 5 
10 --> 11 
11 --> 12 
12 --> 13 
13 --> 14 
14 --> 15 
15 --> 16 
16 --> 17 
17 --> 18 
18 --> 19 
19 --> 20 
20 --> 21 
21 --> 22 
22 --> 23 
23 --> 24 
24 --> 25 
25 --> 26 
26 --> 27 
27 --> 28 
28 --> 29 
29 --> 30 
30 --> 31 
31 --> 32 
32 --> 33 
33 --> 34 
34 --> 35 
35 --> 36 
36 --> 37 
37 --> 38 
38 --> 39 
39 --> 40 
40 --> 41 
41 --> 42 
42 --> 43 
43 --> 44 
44 --> 45 
45 --> 46 
46 --> 47 
47 --> 10 

* FSM state operations: 

State 1 <SV = 0> <Delay = 3.25>
ST_1 : Operation 48 [1/1] (0.00ns)   --->   "%coeffs_read = read i9 @_ssdm_op_Read.ap_auto.i9, i9 %coeffs"   --->   Operation 48 'read' 'coeffs_read' <Predicate = true> <Delay = 0.00>
ST_1 : Operation 49 [1/1] (0.00ns)   --->   "%vecs_offset_read = read i15 @_ssdm_op_Read.ap_auto.i15, i15 %vecs_offset"   --->   Operation 49 'read' 'vecs_offset_read' <Predicate = true> <Delay = 0.00>
ST_1 : Operation 50 [1/1] (0.00ns)   --->   "%specinterface_ln0 = specinterface void @_ssdm_op_SpecInterface, i8 %oil_space, void @empty_5, i32 0, i32 0, void @empty_7, i32 4294967295, i32 0, void @empty_7, void @empty_7, void @empty_7, i32 0, i32 0, i32 0, i32 0, void @empty_7, void @empty_7"   --->   Operation 50 'specinterface' 'specinterface_ln0' <Predicate = true> <Delay = 0.00>
ST_1 : Operation 51 [1/1] (3.25ns)   --->   "%accumulators = alloca i64 1" [computeP2/c/computeP2.cpp:95]   --->   Operation 51 'alloca' 'accumulators' <Predicate = true> <Delay = 3.25> <CoreInst = "RAM">   --->   Core 82 'RAM' <Latency = 1> <II = 1> <Delay = 3.25> <Storage> <Opcode : 'load' 'store'> <Ports = 2> <Width = 32> <Depth = 60> <RAM>
ST_1 : Operation 52 [1/1] (1.58ns)   --->   "%br_ln95 = br void %memset.loop" [computeP2/c/computeP2.cpp:95]   --->   Operation 52 'br' 'br_ln95' <Predicate = true> <Delay = 1.58>

State 2 <SV = 1> <Delay = 4.68>
ST_2 : Operation 53 [1/1] (0.00ns)   --->   "%empty = phi i6 0, void, i6 %empty_18, void %memset.loop.split"   --->   Operation 53 'phi' 'empty' <Predicate = true> <Delay = 0.00>
ST_2 : Operation 54 [1/1] (1.82ns)   --->   "%empty_18 = add i6 %empty, i6 1"   --->   Operation 54 'add' 'empty_18' <Predicate = true> <Delay = 1.82> <CoreInst = "Adder">   --->   Core 1 'Adder' <Latency = 0> <II = 1> <Delay = 1.82> <FuncUnit> <Opcode : 'add' 'sub'> <InPorts = 2> <OutPorts = 1>
ST_2 : Operation 55 [1/1] (0.00ns)   --->   "%p_cast3 = zext i6 %empty"   --->   Operation 55 'zext' 'p_cast3' <Predicate = true> <Delay = 0.00>
ST_2 : Operation 56 [1/1] (1.42ns)   --->   "%exitcond136 = icmp_eq  i6 %empty, i6 60"   --->   Operation 56 'icmp' 'exitcond136' <Predicate = true> <Delay = 1.42> <CoreInst = "Cmp">   --->   Core 9 'Cmp' <Latency = 0> <II = 1> <Delay = 1.42> <FuncUnit> <Opcode : 'icmp'> <InPorts = 2> <OutPorts = 1>
ST_2 : Operation 57 [1/1] (0.00ns)   --->   "%empty_19 = speclooptripcount i32 @_ssdm_op_SpecLoopTripCount, i64 60, i64 60, i64 60"   --->   Operation 57 'speclooptripcount' 'empty_19' <Predicate = true> <Delay = 0.00>
ST_2 : Operation 58 [1/1] (0.00ns)   --->   "%br_ln0 = br i1 %exitcond136, void %memset.loop.split, void %.lr.ph.preheader"   --->   Operation 58 'br' 'br_ln0' <Predicate = true> <Delay = 0.00>
ST_2 : Operation 59 [1/1] (0.00ns)   --->   "%accumulators_addr = getelementptr i32 %accumulators, i64 0, i64 %p_cast3"   --->   Operation 59 'getelementptr' 'accumulators_addr' <Predicate = (!exitcond136)> <Delay = 0.00>
ST_2 : Operation 60 [1/1] (3.25ns)   --->   "%store_ln0 = store i32 0, i6 %accumulators_addr"   --->   Operation 60 'store' 'store_ln0' <Predicate = (!exitcond136)> <Delay = 3.25> <CoreInst = "RAM">   --->   Core 82 'RAM' <Latency = 1> <II = 1> <Delay = 3.25> <Storage> <Opcode : 'load' 'store'> <Ports = 2> <Width = 32> <Depth = 60> <RAM>
ST_2 : Operation 61 [1/1] (0.00ns)   --->   "%br_ln0 = br void %memset.loop"   --->   Operation 61 'br' 'br_ln0' <Predicate = (!exitcond136)> <Delay = 0.00>
ST_2 : Operation 62 [1/1] (1.58ns)   --->   "%br_ln97 = br void %.lr.ph" [computeP2/c/computeP2.cpp:97]   --->   Operation 62 'br' 'br_ln97' <Predicate = (exitcond136)> <Delay = 1.58>

State 3 <SV = 2> <Delay = 5.07>
ST_3 : Operation 63 [1/1] (0.00ns)   --->   "%i = phi i6 %add_ln97, void, i6 0, void %.lr.ph.preheader" [computeP2/c/computeP2.cpp:97]   --->   Operation 63 'phi' 'i' <Predicate = true> <Delay = 0.00>
ST_3 : Operation 64 [1/1] (1.82ns)   --->   "%add_ln97 = add i6 %i, i6 1" [computeP2/c/computeP2.cpp:97]   --->   Operation 64 'add' 'add_ln97' <Predicate = true> <Delay = 1.82> <CoreInst = "Adder">   --->   Core 1 'Adder' <Latency = 0> <II = 1> <Delay = 1.82> <FuncUnit> <Opcode : 'add' 'sub'> <InPorts = 2> <OutPorts = 1>
ST_3 : Operation 65 [1/1] (0.00ns)   --->   "%zext_ln97 = zext i6 %i" [computeP2/c/computeP2.cpp:97]   --->   Operation 65 'zext' 'zext_ln97' <Predicate = true> <Delay = 0.00>
ST_3 : Operation 66 [1/1] (1.42ns)   --->   "%icmp_ln97 = icmp_eq  i6 %i, i6 56" [computeP2/c/computeP2.cpp:97]   --->   Operation 66 'icmp' 'icmp_ln97' <Predicate = true> <Delay = 1.42> <CoreInst = "Cmp">   --->   Core 9 'Cmp' <Latency = 0> <II = 1> <Delay = 1.42> <FuncUnit> <Opcode : 'icmp'> <InPorts = 2> <OutPorts = 1>
ST_3 : Operation 67 [1/1] (0.00ns)   --->   "%empty_20 = speclooptripcount i32 @_ssdm_op_SpecLoopTripCount, i64 56, i64 56, i64 56"   --->   Operation 67 'speclooptripcount' 'empty_20' <Predicate = true> <Delay = 0.00>
ST_3 : Operation 68 [1/1] (0.00ns)   --->   "%br_ln97 = br i1 %icmp_ln97, void %.split4, void %._crit_edge.preheader" [computeP2/c/computeP2.cpp:97]   --->   Operation 68 'br' 'br_ln97' <Predicate = true> <Delay = 0.00>
ST_3 : Operation 69 [1/1] (0.00ns)   --->   "%p_shl = bitconcatenate i12 @_ssdm_op_BitConcatenate.i12.i6.i6, i6 %i, i6 0" [computeP2/c/computeP2.cpp:97]   --->   Operation 69 'bitconcatenate' 'p_shl' <Predicate = (!icmp_ln97)> <Delay = 0.00>
ST_3 : Operation 70 [1/1] (0.00ns)   --->   "%p_shl_cast = zext i12 %p_shl" [computeP2/c/computeP2.cpp:97]   --->   Operation 70 'zext' 'p_shl_cast' <Predicate = (!icmp_ln97)> <Delay = 0.00>
ST_3 : Operation 71 [1/1] (0.00ns)   --->   "%p_shl2 = bitconcatenate i8 @_ssdm_op_BitConcatenate.i8.i6.i2, i6 %i, i2 0" [computeP2/c/computeP2.cpp:97]   --->   Operation 71 'bitconcatenate' 'p_shl2' <Predicate = (!icmp_ln97)> <Delay = 0.00>
ST_3 : Operation 72 [1/1] (0.00ns)   --->   "%p_shl2_cast = zext i8 %p_shl2" [computeP2/c/computeP2.cpp:97]   --->   Operation 72 'zext' 'p_shl2_cast' <Predicate = (!icmp_ln97)> <Delay = 0.00>
ST_3 : Operation 73 [1/1] (1.54ns)   --->   "%empty_21 = sub i13 %p_shl_cast, i13 %p_shl2_cast" [computeP2/c/computeP2.cpp:97]   --->   Operation 73 'sub' 'empty_21' <Predicate = (!icmp_ln97)> <Delay = 1.54> <CoreInst = "Adder">   --->   Core 1 'Adder' <Latency = 0> <II = 1> <Delay = 1.82> <FuncUnit> <Opcode : 'add' 'sub'> <InPorts = 2> <OutPorts = 1>
ST_3 : Operation 74 [1/1] (0.00ns)   --->   "%p_cast = sext i13 %empty_21" [computeP2/c/computeP2.cpp:97]   --->   Operation 74 'sext' 'p_cast' <Predicate = (!icmp_ln97)> <Delay = 0.00>
ST_3 : Operation 75 [1/1] (1.82ns)   --->   "%empty_22 = add i9 %zext_ln97, i9 %coeffs_read" [computeP2/c/computeP2.cpp:97]   --->   Operation 75 'add' 'empty_22' <Predicate = (!icmp_ln97)> <Delay = 1.82> <CoreInst = "Adder">   --->   Core 1 'Adder' <Latency = 0> <II = 1> <Delay = 1.82> <FuncUnit> <Opcode : 'add' 'sub'> <InPorts = 2> <OutPorts = 1>
ST_3 : Operation 76 [1/1] (0.00ns)   --->   "%p_cast4 = zext i9 %empty_22" [computeP2/c/computeP2.cpp:97]   --->   Operation 76 'zext' 'p_cast4' <Predicate = (!icmp_ln97)> <Delay = 0.00>
ST_3 : Operation 77 [1/1] (0.00ns)   --->   "%oil_space_addr = getelementptr i8 %oil_space, i64 0, i64 %p_cast4" [computeP2/c/computeP2.cpp:97]   --->   Operation 77 'getelementptr' 'oil_space_addr' <Predicate = (!icmp_ln97)> <Delay = 0.00>
ST_3 : Operation 78 [2/2] (3.25ns)   --->   "%oil_space_load = load i9 %oil_space_addr" [computeP2/c/computeP2.cpp:97]   --->   Operation 78 'load' 'oil_space_load' <Predicate = (!icmp_ln97)> <Delay = 3.25> <CoreInst = "RAM">   --->   Core 82 'RAM' <Latency = 1> <II = 1> <Delay = 3.25> <Storage> <Opcode : 'load' 'store'> <Ports = 2> <Width = 8> <Depth = 336> <RAM>
ST_3 : Operation 79 [1/1] (1.94ns)   --->   "%add_ln103 = add i15 %p_cast, i15 %vecs_offset_read" [computeP2/c/computeP2.cpp:103]   --->   Operation 79 'add' 'add_ln103' <Predicate = (!icmp_ln97)> <Delay = 1.94> <CoreInst = "Adder">   --->   Core 1 'Adder' <Latency = 0> <II = 1> <Delay = 1.82> <FuncUnit> <Opcode : 'add' 'sub'> <InPorts = 2> <OutPorts = 1>
ST_3 : Operation 80 [1/1] (1.58ns)   --->   "%br_ln107 = br void %._crit_edge" [computeP2/c/computeP2.cpp:107]   --->   Operation 80 'br' 'br_ln107' <Predicate = (icmp_ln97)> <Delay = 1.58>

State 4 <SV = 3> <Delay = 3.25>
ST_4 : Operation 81 [1/1] (0.00ns)   --->   "%specloopname_ln97 = specloopname void @_ssdm_op_SpecLoopName, void @empty_9" [computeP2/c/computeP2.cpp:97]   --->   Operation 81 'specloopname' 'specloopname_ln97' <Predicate = true> <Delay = 0.00>
ST_4 : Operation 82 [1/2] (3.25ns)   --->   "%oil_space_load = load i9 %oil_space_addr" [computeP2/c/computeP2.cpp:97]   --->   Operation 82 'load' 'oil_space_load' <Predicate = true> <Delay = 3.25> <CoreInst = "RAM">   --->   Core 82 'RAM' <Latency = 1> <II = 1> <Delay = 3.25> <Storage> <Opcode : 'load' 'store'> <Ports = 2> <Width = 8> <Depth = 336> <RAM>
ST_4 : Operation 83 [1/1] (0.00ns)   --->   "%zext_ln101 = zext i8 %oil_space_load" [computeP2/c/computeP2.cpp:101]   --->   Operation 83 'zext' 'zext_ln101' <Predicate = true> <Delay = 0.00>
ST_4 : Operation 84 [1/1] (1.58ns)   --->   "%br_ln101 = br void" [computeP2/c/computeP2.cpp:101]   --->   Operation 84 'br' 'br_ln101' <Predicate = true> <Delay = 1.58>

State 5 <SV = 4> <Delay = 5.19>
ST_5 : Operation 85 [1/1] (0.00ns)   --->   "%j = phi i6 %add_ln101, void %.split2, i6 0, void %.split4" [computeP2/c/computeP2.cpp:101]   --->   Operation 85 'phi' 'j' <Predicate = true> <Delay = 0.00>
ST_5 : Operation 86 [1/1] (1.82ns)   --->   "%add_ln101 = add i6 %j, i6 1" [computeP2/c/computeP2.cpp:101]   --->   Operation 86 'add' 'add_ln101' <Predicate = true> <Delay = 1.82> <CoreInst = "Adder">   --->   Core 1 'Adder' <Latency = 0> <II = 1> <Delay = 1.82> <FuncUnit> <Opcode : 'add' 'sub'> <InPorts = 2> <OutPorts = 1>
ST_5 : Operation 87 [1/1] (0.00ns)   --->   "%zext_ln101_1 = zext i6 %j" [computeP2/c/computeP2.cpp:101]   --->   Operation 87 'zext' 'zext_ln101_1' <Predicate = true> <Delay = 0.00>
ST_5 : Operation 88 [1/1] (0.00ns)   --->   "%zext_ln101_2 = zext i6 %j" [computeP2/c/computeP2.cpp:101]   --->   Operation 88 'zext' 'zext_ln101_2' <Predicate = true> <Delay = 0.00>
ST_5 : Operation 89 [1/1] (1.42ns)   --->   "%icmp_ln101 = icmp_eq  i6 %j, i6 60" [computeP2/c/computeP2.cpp:101]   --->   Operation 89 'icmp' 'icmp_ln101' <Predicate = true> <Delay = 1.42> <CoreInst = "Cmp">   --->   Core 9 'Cmp' <Latency = 0> <II = 1> <Delay = 1.42> <FuncUnit> <Opcode : 'icmp'> <InPorts = 2> <OutPorts = 1>
ST_5 : Operation 90 [1/1] (0.00ns)   --->   "%empty_23 = speclooptripcount i32 @_ssdm_op_SpecLoopTripCount, i64 60, i64 60, i64 60"   --->   Operation 90 'speclooptripcount' 'empty_23' <Predicate = true> <Delay = 0.00>
ST_5 : Operation 91 [1/1] (0.00ns)   --->   "%br_ln101 = br i1 %icmp_ln101, void %.split2, void" [computeP2/c/computeP2.cpp:101]   --->   Operation 91 'br' 'br_ln101' <Predicate = true> <Delay = 0.00>
ST_5 : Operation 92 [1/1] (1.94ns)   --->   "%add_ln103_2 = add i15 %add_ln103, i15 %zext_ln101_2" [computeP2/c/computeP2.cpp:103]   --->   Operation 92 'add' 'add_ln103_2' <Predicate = (!icmp_ln101)> <Delay = 1.94> <CoreInst = "Adder">   --->   Core 1 'Adder' <Latency = 0> <II = 1> <Delay = 1.82> <FuncUnit> <Opcode : 'add' 'sub'> <InPorts = 2> <OutPorts = 1>
ST_5 : Operation 93 [1/1] (0.00ns)   --->   "%zext_ln103 = zext i15 %add_ln103_2" [computeP2/c/computeP2.cpp:103]   --->   Operation 93 'zext' 'zext_ln103' <Predicate = (!icmp_ln101)> <Delay = 0.00>
ST_5 : Operation 94 [1/1] (0.00ns)   --->   "%vecs_addr = getelementptr i5 %vecs, i64 0, i64 %zext_ln103" [computeP2/c/computeP2.cpp:103]   --->   Operation 94 'getelementptr' 'vecs_addr' <Predicate = (!icmp_ln101)> <Delay = 0.00>
ST_5 : Operation 95 [2/2] (3.25ns)   --->   "%vecs_load = load i15 %vecs_addr" [computeP2/c/computeP2.cpp:103]   --->   Operation 95 'load' 'vecs_load' <Predicate = (!icmp_ln101)> <Delay = 3.25> <CoreInst = "RAM">   --->   Core 82 'RAM' <Latency = 1> <II = 1> <Delay = 3.25> <Storage> <Opcode : 'load' 'store'> <Ports = 2> <Width = 5> <Depth = 20160> <RAM>
ST_5 : Operation 96 [1/1] (0.00ns)   --->   "%accumulators_addr_2 = getelementptr i32 %accumulators, i64 0, i64 %zext_ln101_1" [computeP2/c/computeP2.cpp:103]   --->   Operation 96 'getelementptr' 'accumulators_addr_2' <Predicate = (!icmp_ln101)> <Delay = 0.00>
ST_5 : Operation 97 [1/1] (0.00ns)   --->   "%br_ln0 = br void %.lr.ph"   --->   Operation 97 'br' 'br_ln0' <Predicate = (icmp_ln101)> <Delay = 0.00>

State 6 <SV = 5> <Delay = 4.30>
ST_6 : Operation 98 [1/2] (3.25ns)   --->   "%vecs_load = load i15 %vecs_addr" [computeP2/c/computeP2.cpp:103]   --->   Operation 98 'load' 'vecs_load' <Predicate = true> <Delay = 3.25> <CoreInst = "RAM">   --->   Core 82 'RAM' <Latency = 1> <II = 1> <Delay = 3.25> <Storage> <Opcode : 'load' 'store'> <Ports = 2> <Width = 5> <Depth = 20160> <RAM>
ST_6 : Operation 99 [1/1] (0.00ns)   --->   "%zext_ln103_1 = zext i5 %vecs_load" [computeP2/c/computeP2.cpp:103]   --->   Operation 99 'zext' 'zext_ln103_1' <Predicate = true> <Delay = 0.00>
ST_6 : Operation 100 [3/3] (1.05ns) (grouped into DSP with root node add_ln103_1)   --->   "%mul_ln103 = mul i13 %zext_ln103_1, i13 %zext_ln101" [computeP2/c/computeP2.cpp:103]   --->   Operation 100 'mul' 'mul_ln103' <Predicate = true> <Delay = 1.05> <CoreInst = "DSP48">   --->   Core 119 'DSP48' <Latency = 3> <II = 1> <Delay = 2.15> <IPBlock> <Opcode : 'mul' 'add' 'sub' 'select'> <InPorts = 0> <OutPorts = 1> <Sync> <CReg>

State 7 <SV = 6> <Delay = 3.25>
ST_7 : Operation 101 [2/3] (1.05ns) (grouped into DSP with root node add_ln103_1)   --->   "%mul_ln103 = mul i13 %zext_ln103_1, i13 %zext_ln101" [computeP2/c/computeP2.cpp:103]   --->   Operation 101 'mul' 'mul_ln103' <Predicate = true> <Delay = 1.05> <CoreInst = "DSP48">   --->   Core 119 'DSP48' <Latency = 3> <II = 1> <Delay = 2.15> <IPBlock> <Opcode : 'mul' 'add' 'sub' 'select'> <InPorts = 0> <OutPorts = 1> <Sync> <CReg>
ST_7 : Operation 102 [2/2] (3.25ns)   --->   "%accumulators_load_1 = load i6 %accumulators_addr_2" [computeP2/c/computeP2.cpp:103]   --->   Operation 102 'load' 'accumulators_load_1' <Predicate = true> <Delay = 3.25> <CoreInst = "RAM">   --->   Core 82 'RAM' <Latency = 1> <II = 1> <Delay = 3.25> <Storage> <Opcode : 'load' 'store'> <Ports = 2> <Width = 32> <Depth = 60> <RAM>

State 8 <SV = 7> <Delay = 5.35>
ST_8 : Operation 103 [1/3] (0.00ns) (grouped into DSP with root node add_ln103_1)   --->   "%mul_ln103 = mul i13 %zext_ln103_1, i13 %zext_ln101" [computeP2/c/computeP2.cpp:103]   --->   Operation 103 'mul' 'mul_ln103' <Predicate = true> <Delay = 0.00> <CoreInst = "DSP48">   --->   Core 119 'DSP48' <Latency = 3> <II = 1> <Delay = 2.15> <IPBlock> <Opcode : 'mul' 'add' 'sub' 'select'> <InPorts = 0> <OutPorts = 1> <Sync> <CReg>
ST_8 : Operation 104 [1/1] (0.00ns) (grouped into DSP with root node add_ln103_1)   --->   "%zext_ln103_2 = zext i13 %mul_ln103" [computeP2/c/computeP2.cpp:103]   --->   Operation 104 'zext' 'zext_ln103_2' <Predicate = true> <Delay = 0.00>
ST_8 : Operation 105 [1/2] (3.25ns)   --->   "%accumulators_load_1 = load i6 %accumulators_addr_2" [computeP2/c/computeP2.cpp:103]   --->   Operation 105 'load' 'accumulators_load_1' <Predicate = true> <Delay = 3.25> <CoreInst = "RAM">   --->   Core 82 'RAM' <Latency = 1> <II = 1> <Delay = 3.25> <Storage> <Opcode : 'load' 'store'> <Ports = 2> <Width = 32> <Depth = 60> <RAM>
ST_8 : Operation 106 [2/2] (2.10ns) (root node of the DSP)   --->   "%add_ln103_1 = add i32 %accumulators_load_1, i32 %zext_ln103_2" [computeP2/c/computeP2.cpp:103]   --->   Operation 106 'add' 'add_ln103_1' <Predicate = true> <Delay = 2.10> <CoreInst = "DSP48">   --->   Core 119 'DSP48' <Latency = 3> <II = 1> <Delay = 2.15> <IPBlock> <Opcode : 'mul' 'add' 'sub' 'select'> <InPorts = 0> <OutPorts = 1> <Sync> <CReg>

State 9 <SV = 8> <Delay = 5.35>
ST_9 : Operation 107 [1/1] (0.00ns)   --->   "%specloopname_ln101 = specloopname void @_ssdm_op_SpecLoopName, void @empty_12" [computeP2/c/computeP2.cpp:101]   --->   Operation 107 'specloopname' 'specloopname_ln101' <Predicate = true> <Delay = 0.00>
ST_9 : Operation 108 [1/2] (2.10ns) (root node of the DSP)   --->   "%add_ln103_1 = add i32 %accumulators_load_1, i32 %zext_ln103_2" [computeP2/c/computeP2.cpp:103]   --->   Operation 108 'add' 'add_ln103_1' <Predicate = true> <Delay = 2.10> <CoreInst = "DSP48">   --->   Core 119 'DSP48' <Latency = 3> <II = 1> <Delay = 2.15> <IPBlock> <Opcode : 'mul' 'add' 'sub' 'select'> <InPorts = 0> <OutPorts = 1> <Sync> <CReg>
ST_9 : Operation 109 [1/1] (3.25ns)   --->   "%store_ln103 = store i32 %add_ln103_1, i6 %accumulators_addr_2" [computeP2/c/computeP2.cpp:103]   --->   Operation 109 'store' 'store_ln103' <Predicate = true> <Delay = 3.25> <CoreInst = "RAM">   --->   Core 82 'RAM' <Latency = 1> <II = 1> <Delay = 3.25> <Storage> <Opcode : 'load' 'store'> <Ports = 2> <Width = 32> <Depth = 60> <RAM>
ST_9 : Operation 110 [1/1] (0.00ns)   --->   "%br_ln0 = br void"   --->   Operation 110 'br' 'br_ln0' <Predicate = true> <Delay = 0.00>

State 10 <SV = 3> <Delay = 3.25>
ST_10 : Operation 111 [1/1] (0.00ns)   --->   "%i_1 = phi i6 %add_ln107, void %.split, i6 0, void %._crit_edge.preheader" [computeP2/c/computeP2.cpp:107]   --->   Operation 111 'phi' 'i_1' <Predicate = true> <Delay = 0.00>
ST_10 : Operation 112 [1/1] (1.82ns)   --->   "%add_ln107 = add i6 %i_1, i6 1" [computeP2/c/computeP2.cpp:107]   --->   Operation 112 'add' 'add_ln107' <Predicate = true> <Delay = 1.82> <CoreInst = "Adder">   --->   Core 1 'Adder' <Latency = 0> <II = 1> <Delay = 1.82> <FuncUnit> <Opcode : 'add' 'sub'> <InPorts = 2> <OutPorts = 1>
ST_10 : Operation 113 [1/1] (0.00ns)   --->   "%zext_ln107 = zext i6 %i_1" [computeP2/c/computeP2.cpp:107]   --->   Operation 113 'zext' 'zext_ln107' <Predicate = true> <Delay = 0.00>
ST_10 : Operation 114 [1/1] (1.42ns)   --->   "%icmp_ln107 = icmp_eq  i6 %i_1, i6 60" [computeP2/c/computeP2.cpp:107]   --->   Operation 114 'icmp' 'icmp_ln107' <Predicate = true> <Delay = 1.42> <CoreInst = "Cmp">   --->   Core 9 'Cmp' <Latency = 0> <II = 1> <Delay = 1.42> <FuncUnit> <Opcode : 'icmp'> <InPorts = 2> <OutPorts = 1>
ST_10 : Operation 115 [1/1] (0.00ns)   --->   "%empty_24 = speclooptripcount i32 @_ssdm_op_SpecLoopTripCount, i64 60, i64 60, i64 60"   --->   Operation 115 'speclooptripcount' 'empty_24' <Predicate = true> <Delay = 0.00>
ST_10 : Operation 116 [1/1] (0.00ns)   --->   "%br_ln107 = br i1 %icmp_ln107, void %.split, void" [computeP2/c/computeP2.cpp:107]   --->   Operation 116 'br' 'br_ln107' <Predicate = true> <Delay = 0.00>
ST_10 : Operation 117 [1/1] (0.00ns)   --->   "%accumulators_addr_1 = getelementptr i32 %accumulators, i64 0, i64 %zext_ln107" [computeP2/c/computeP2.cpp:111]   --->   Operation 117 'getelementptr' 'accumulators_addr_1' <Predicate = (!icmp_ln107)> <Delay = 0.00>
ST_10 : Operation 118 [2/2] (3.25ns)   --->   "%accumulators_load = load i6 %accumulators_addr_1" [computeP2/c/computeP2.cpp:111]   --->   Operation 118 'load' 'accumulators_load' <Predicate = (!icmp_ln107)> <Delay = 3.25> <CoreInst = "RAM">   --->   Core 82 'RAM' <Latency = 1> <II = 1> <Delay = 3.25> <Storage> <Opcode : 'load' 'store'> <Ports = 2> <Width = 32> <Depth = 60> <RAM>
ST_10 : Operation 119 [1/1] (0.00ns)   --->   "%ret_ln113 = ret" [computeP2/c/computeP2.cpp:113]   --->   Operation 119 'ret' 'ret_ln113' <Predicate = (icmp_ln107)> <Delay = 0.00>

State 11 <SV = 4> <Delay = 3.25>
ST_11 : Operation 120 [1/2] (3.25ns)   --->   "%accumulators_load = load i6 %accumulators_addr_1" [computeP2/c/computeP2.cpp:111]   --->   Operation 120 'load' 'accumulators_load' <Predicate = true> <Delay = 3.25> <CoreInst = "RAM">   --->   Core 82 'RAM' <Latency = 1> <II = 1> <Delay = 3.25> <Storage> <Opcode : 'load' 'store'> <Ports = 2> <Width = 32> <Depth = 60> <RAM>

State 12 <SV = 5> <Delay = 4.13>
ST_12 : Operation 121 [36/36] (4.13ns)   --->   "%urem_ln111 = urem i32 %accumulators_load, i32 31" [computeP2/c/computeP2.cpp:111]   --->   Operation 121 'urem' 'urem_ln111' <Predicate = true> <Delay = 4.13> <CoreInst = "DivnS_SEQ">   --->   Core 7 'DivnS_SEQ' <Latency = 35> <II = 5> <Delay = 4.13> <FuncUnit> <Opcode : 'sdiv' 'srem' 'udiv' 'urem'> <InPorts = 2> <OutPorts = 1>

State 13 <SV = 6> <Delay = 4.13>
ST_13 : Operation 122 [35/36] (4.13ns)   --->   "%urem_ln111 = urem i32 %accumulators_load, i32 31" [computeP2/c/computeP2.cpp:111]   --->   Operation 122 'urem' 'urem_ln111' <Predicate = true> <Delay = 4.13> <CoreInst = "DivnS_SEQ">   --->   Core 7 'DivnS_SEQ' <Latency = 35> <II = 5> <Delay = 4.13> <FuncUnit> <Opcode : 'sdiv' 'srem' 'udiv' 'urem'> <InPorts = 2> <OutPorts = 1>

State 14 <SV = 7> <Delay = 4.13>
ST_14 : Operation 123 [34/36] (4.13ns)   --->   "%urem_ln111 = urem i32 %accumulators_load, i32 31" [computeP2/c/computeP2.cpp:111]   --->   Operation 123 'urem' 'urem_ln111' <Predicate = true> <Delay = 4.13> <CoreInst = "DivnS_SEQ">   --->   Core 7 'DivnS_SEQ' <Latency = 35> <II = 5> <Delay = 4.13> <FuncUnit> <Opcode : 'sdiv' 'srem' 'udiv' 'urem'> <InPorts = 2> <OutPorts = 1>

State 15 <SV = 8> <Delay = 4.13>
ST_15 : Operation 124 [33/36] (4.13ns)   --->   "%urem_ln111 = urem i32 %accumulators_load, i32 31" [computeP2/c/computeP2.cpp:111]   --->   Operation 124 'urem' 'urem_ln111' <Predicate = true> <Delay = 4.13> <CoreInst = "DivnS_SEQ">   --->   Core 7 'DivnS_SEQ' <Latency = 35> <II = 5> <Delay = 4.13> <FuncUnit> <Opcode : 'sdiv' 'srem' 'udiv' 'urem'> <InPorts = 2> <OutPorts = 1>

State 16 <SV = 9> <Delay = 4.13>
ST_16 : Operation 125 [32/36] (4.13ns)   --->   "%urem_ln111 = urem i32 %accumulators_load, i32 31" [computeP2/c/computeP2.cpp:111]   --->   Operation 125 'urem' 'urem_ln111' <Predicate = true> <Delay = 4.13> <CoreInst = "DivnS_SEQ">   --->   Core 7 'DivnS_SEQ' <Latency = 35> <II = 5> <Delay = 4.13> <FuncUnit> <Opcode : 'sdiv' 'srem' 'udiv' 'urem'> <InPorts = 2> <OutPorts = 1>

State 17 <SV = 10> <Delay = 4.13>
ST_17 : Operation 126 [31/36] (4.13ns)   --->   "%urem_ln111 = urem i32 %accumulators_load, i32 31" [computeP2/c/computeP2.cpp:111]   --->   Operation 126 'urem' 'urem_ln111' <Predicate = true> <Delay = 4.13> <CoreInst = "DivnS_SEQ">   --->   Core 7 'DivnS_SEQ' <Latency = 35> <II = 5> <Delay = 4.13> <FuncUnit> <Opcode : 'sdiv' 'srem' 'udiv' 'urem'> <InPorts = 2> <OutPorts = 1>

State 18 <SV = 11> <Delay = 4.13>
ST_18 : Operation 127 [30/36] (4.13ns)   --->   "%urem_ln111 = urem i32 %accumulators_load, i32 31" [computeP2/c/computeP2.cpp:111]   --->   Operation 127 'urem' 'urem_ln111' <Predicate = true> <Delay = 4.13> <CoreInst = "DivnS_SEQ">   --->   Core 7 'DivnS_SEQ' <Latency = 35> <II = 5> <Delay = 4.13> <FuncUnit> <Opcode : 'sdiv' 'srem' 'udiv' 'urem'> <InPorts = 2> <OutPorts = 1>

State 19 <SV = 12> <Delay = 4.13>
ST_19 : Operation 128 [29/36] (4.13ns)   --->   "%urem_ln111 = urem i32 %accumulators_load, i32 31" [computeP2/c/computeP2.cpp:111]   --->   Operation 128 'urem' 'urem_ln111' <Predicate = true> <Delay = 4.13> <CoreInst = "DivnS_SEQ">   --->   Core 7 'DivnS_SEQ' <Latency = 35> <II = 5> <Delay = 4.13> <FuncUnit> <Opcode : 'sdiv' 'srem' 'udiv' 'urem'> <InPorts = 2> <OutPorts = 1>

State 20 <SV = 13> <Delay = 4.13>
ST_20 : Operation 129 [28/36] (4.13ns)   --->   "%urem_ln111 = urem i32 %accumulators_load, i32 31" [computeP2/c/computeP2.cpp:111]   --->   Operation 129 'urem' 'urem_ln111' <Predicate = true> <Delay = 4.13> <CoreInst = "DivnS_SEQ">   --->   Core 7 'DivnS_SEQ' <Latency = 35> <II = 5> <Delay = 4.13> <FuncUnit> <Opcode : 'sdiv' 'srem' 'udiv' 'urem'> <InPorts = 2> <OutPorts = 1>

State 21 <SV = 14> <Delay = 4.13>
ST_21 : Operation 130 [27/36] (4.13ns)   --->   "%urem_ln111 = urem i32 %accumulators_load, i32 31" [computeP2/c/computeP2.cpp:111]   --->   Operation 130 'urem' 'urem_ln111' <Predicate = true> <Delay = 4.13> <CoreInst = "DivnS_SEQ">   --->   Core 7 'DivnS_SEQ' <Latency = 35> <II = 5> <Delay = 4.13> <FuncUnit> <Opcode : 'sdiv' 'srem' 'udiv' 'urem'> <InPorts = 2> <OutPorts = 1>

State 22 <SV = 15> <Delay = 4.13>
ST_22 : Operation 131 [26/36] (4.13ns)   --->   "%urem_ln111 = urem i32 %accumulators_load, i32 31" [computeP2/c/computeP2.cpp:111]   --->   Operation 131 'urem' 'urem_ln111' <Predicate = true> <Delay = 4.13> <CoreInst = "DivnS_SEQ">   --->   Core 7 'DivnS_SEQ' <Latency = 35> <II = 5> <Delay = 4.13> <FuncUnit> <Opcode : 'sdiv' 'srem' 'udiv' 'urem'> <InPorts = 2> <OutPorts = 1>

State 23 <SV = 16> <Delay = 4.13>
ST_23 : Operation 132 [25/36] (4.13ns)   --->   "%urem_ln111 = urem i32 %accumulators_load, i32 31" [computeP2/c/computeP2.cpp:111]   --->   Operation 132 'urem' 'urem_ln111' <Predicate = true> <Delay = 4.13> <CoreInst = "DivnS_SEQ">   --->   Core 7 'DivnS_SEQ' <Latency = 35> <II = 5> <Delay = 4.13> <FuncUnit> <Opcode : 'sdiv' 'srem' 'udiv' 'urem'> <InPorts = 2> <OutPorts = 1>

State 24 <SV = 17> <Delay = 4.13>
ST_24 : Operation 133 [24/36] (4.13ns)   --->   "%urem_ln111 = urem i32 %accumulators_load, i32 31" [computeP2/c/computeP2.cpp:111]   --->   Operation 133 'urem' 'urem_ln111' <Predicate = true> <Delay = 4.13> <CoreInst = "DivnS_SEQ">   --->   Core 7 'DivnS_SEQ' <Latency = 35> <II = 5> <Delay = 4.13> <FuncUnit> <Opcode : 'sdiv' 'srem' 'udiv' 'urem'> <InPorts = 2> <OutPorts = 1>

State 25 <SV = 18> <Delay = 4.13>
ST_25 : Operation 134 [23/36] (4.13ns)   --->   "%urem_ln111 = urem i32 %accumulators_load, i32 31" [computeP2/c/computeP2.cpp:111]   --->   Operation 134 'urem' 'urem_ln111' <Predicate = true> <Delay = 4.13> <CoreInst = "DivnS_SEQ">   --->   Core 7 'DivnS_SEQ' <Latency = 35> <II = 5> <Delay = 4.13> <FuncUnit> <Opcode : 'sdiv' 'srem' 'udiv' 'urem'> <InPorts = 2> <OutPorts = 1>

State 26 <SV = 19> <Delay = 4.13>
ST_26 : Operation 135 [22/36] (4.13ns)   --->   "%urem_ln111 = urem i32 %accumulators_load, i32 31" [computeP2/c/computeP2.cpp:111]   --->   Operation 135 'urem' 'urem_ln111' <Predicate = true> <Delay = 4.13> <CoreInst = "DivnS_SEQ">   --->   Core 7 'DivnS_SEQ' <Latency = 35> <II = 5> <Delay = 4.13> <FuncUnit> <Opcode : 'sdiv' 'srem' 'udiv' 'urem'> <InPorts = 2> <OutPorts = 1>

State 27 <SV = 20> <Delay = 4.13>
ST_27 : Operation 136 [21/36] (4.13ns)   --->   "%urem_ln111 = urem i32 %accumulators_load, i32 31" [computeP2/c/computeP2.cpp:111]   --->   Operation 136 'urem' 'urem_ln111' <Predicate = true> <Delay = 4.13> <CoreInst = "DivnS_SEQ">   --->   Core 7 'DivnS_SEQ' <Latency = 35> <II = 5> <Delay = 4.13> <FuncUnit> <Opcode : 'sdiv' 'srem' 'udiv' 'urem'> <InPorts = 2> <OutPorts = 1>

State 28 <SV = 21> <Delay = 4.13>
ST_28 : Operation 137 [20/36] (4.13ns)   --->   "%urem_ln111 = urem i32 %accumulators_load, i32 31" [computeP2/c/computeP2.cpp:111]   --->   Operation 137 'urem' 'urem_ln111' <Predicate = true> <Delay = 4.13> <CoreInst = "DivnS_SEQ">   --->   Core 7 'DivnS_SEQ' <Latency = 35> <II = 5> <Delay = 4.13> <FuncUnit> <Opcode : 'sdiv' 'srem' 'udiv' 'urem'> <InPorts = 2> <OutPorts = 1>

State 29 <SV = 22> <Delay = 4.13>
ST_29 : Operation 138 [19/36] (4.13ns)   --->   "%urem_ln111 = urem i32 %accumulators_load, i32 31" [computeP2/c/computeP2.cpp:111]   --->   Operation 138 'urem' 'urem_ln111' <Predicate = true> <Delay = 4.13> <CoreInst = "DivnS_SEQ">   --->   Core 7 'DivnS_SEQ' <Latency = 35> <II = 5> <Delay = 4.13> <FuncUnit> <Opcode : 'sdiv' 'srem' 'udiv' 'urem'> <InPorts = 2> <OutPorts = 1>

State 30 <SV = 23> <Delay = 4.13>
ST_30 : Operation 139 [18/36] (4.13ns)   --->   "%urem_ln111 = urem i32 %accumulators_load, i32 31" [computeP2/c/computeP2.cpp:111]   --->   Operation 139 'urem' 'urem_ln111' <Predicate = true> <Delay = 4.13> <CoreInst = "DivnS_SEQ">   --->   Core 7 'DivnS_SEQ' <Latency = 35> <II = 5> <Delay = 4.13> <FuncUnit> <Opcode : 'sdiv' 'srem' 'udiv' 'urem'> <InPorts = 2> <OutPorts = 1>

State 31 <SV = 24> <Delay = 4.13>
ST_31 : Operation 140 [17/36] (4.13ns)   --->   "%urem_ln111 = urem i32 %accumulators_load, i32 31" [computeP2/c/computeP2.cpp:111]   --->   Operation 140 'urem' 'urem_ln111' <Predicate = true> <Delay = 4.13> <CoreInst = "DivnS_SEQ">   --->   Core 7 'DivnS_SEQ' <Latency = 35> <II = 5> <Delay = 4.13> <FuncUnit> <Opcode : 'sdiv' 'srem' 'udiv' 'urem'> <InPorts = 2> <OutPorts = 1>

State 32 <SV = 25> <Delay = 4.13>
ST_32 : Operation 141 [16/36] (4.13ns)   --->   "%urem_ln111 = urem i32 %accumulators_load, i32 31" [computeP2/c/computeP2.cpp:111]   --->   Operation 141 'urem' 'urem_ln111' <Predicate = true> <Delay = 4.13> <CoreInst = "DivnS_SEQ">   --->   Core 7 'DivnS_SEQ' <Latency = 35> <II = 5> <Delay = 4.13> <FuncUnit> <Opcode : 'sdiv' 'srem' 'udiv' 'urem'> <InPorts = 2> <OutPorts = 1>

State 33 <SV = 26> <Delay = 4.13>
ST_33 : Operation 142 [15/36] (4.13ns)   --->   "%urem_ln111 = urem i32 %accumulators_load, i32 31" [computeP2/c/computeP2.cpp:111]   --->   Operation 142 'urem' 'urem_ln111' <Predicate = true> <Delay = 4.13> <CoreInst = "DivnS_SEQ">   --->   Core 7 'DivnS_SEQ' <Latency = 35> <II = 5> <Delay = 4.13> <FuncUnit> <Opcode : 'sdiv' 'srem' 'udiv' 'urem'> <InPorts = 2> <OutPorts = 1>

State 34 <SV = 27> <Delay = 4.13>
ST_34 : Operation 143 [14/36] (4.13ns)   --->   "%urem_ln111 = urem i32 %accumulators_load, i32 31" [computeP2/c/computeP2.cpp:111]   --->   Operation 143 'urem' 'urem_ln111' <Predicate = true> <Delay = 4.13> <CoreInst = "DivnS_SEQ">   --->   Core 7 'DivnS_SEQ' <Latency = 35> <II = 5> <Delay = 4.13> <FuncUnit> <Opcode : 'sdiv' 'srem' 'udiv' 'urem'> <InPorts = 2> <OutPorts = 1>

State 35 <SV = 28> <Delay = 4.13>
ST_35 : Operation 144 [13/36] (4.13ns)   --->   "%urem_ln111 = urem i32 %accumulators_load, i32 31" [computeP2/c/computeP2.cpp:111]   --->   Operation 144 'urem' 'urem_ln111' <Predicate = true> <Delay = 4.13> <CoreInst = "DivnS_SEQ">   --->   Core 7 'DivnS_SEQ' <Latency = 35> <II = 5> <Delay = 4.13> <FuncUnit> <Opcode : 'sdiv' 'srem' 'udiv' 'urem'> <InPorts = 2> <OutPorts = 1>

State 36 <SV = 29> <Delay = 4.13>
ST_36 : Operation 145 [12/36] (4.13ns)   --->   "%urem_ln111 = urem i32 %accumulators_load, i32 31" [computeP2/c/computeP2.cpp:111]   --->   Operation 145 'urem' 'urem_ln111' <Predicate = true> <Delay = 4.13> <CoreInst = "DivnS_SEQ">   --->   Core 7 'DivnS_SEQ' <Latency = 35> <II = 5> <Delay = 4.13> <FuncUnit> <Opcode : 'sdiv' 'srem' 'udiv' 'urem'> <InPorts = 2> <OutPorts = 1>

State 37 <SV = 30> <Delay = 4.13>
ST_37 : Operation 146 [11/36] (4.13ns)   --->   "%urem_ln111 = urem i32 %accumulators_load, i32 31" [computeP2/c/computeP2.cpp:111]   --->   Operation 146 'urem' 'urem_ln111' <Predicate = true> <Delay = 4.13> <CoreInst = "DivnS_SEQ">   --->   Core 7 'DivnS_SEQ' <Latency = 35> <II = 5> <Delay = 4.13> <FuncUnit> <Opcode : 'sdiv' 'srem' 'udiv' 'urem'> <InPorts = 2> <OutPorts = 1>

State 38 <SV = 31> <Delay = 4.13>
ST_38 : Operation 147 [10/36] (4.13ns)   --->   "%urem_ln111 = urem i32 %accumulators_load, i32 31" [computeP2/c/computeP2.cpp:111]   --->   Operation 147 'urem' 'urem_ln111' <Predicate = true> <Delay = 4.13> <CoreInst = "DivnS_SEQ">   --->   Core 7 'DivnS_SEQ' <Latency = 35> <II = 5> <Delay = 4.13> <FuncUnit> <Opcode : 'sdiv' 'srem' 'udiv' 'urem'> <InPorts = 2> <OutPorts = 1>

State 39 <SV = 32> <Delay = 4.13>
ST_39 : Operation 148 [9/36] (4.13ns)   --->   "%urem_ln111 = urem i32 %accumulators_load, i32 31" [computeP2/c/computeP2.cpp:111]   --->   Operation 148 'urem' 'urem_ln111' <Predicate = true> <Delay = 4.13> <CoreInst = "DivnS_SEQ">   --->   Core 7 'DivnS_SEQ' <Latency = 35> <II = 5> <Delay = 4.13> <FuncUnit> <Opcode : 'sdiv' 'srem' 'udiv' 'urem'> <InPorts = 2> <OutPorts = 1>

State 40 <SV = 33> <Delay = 4.13>
ST_40 : Operation 149 [8/36] (4.13ns)   --->   "%urem_ln111 = urem i32 %accumulators_load, i32 31" [computeP2/c/computeP2.cpp:111]   --->   Operation 149 'urem' 'urem_ln111' <Predicate = true> <Delay = 4.13> <CoreInst = "DivnS_SEQ">   --->   Core 7 'DivnS_SEQ' <Latency = 35> <II = 5> <Delay = 4.13> <FuncUnit> <Opcode : 'sdiv' 'srem' 'udiv' 'urem'> <InPorts = 2> <OutPorts = 1>

State 41 <SV = 34> <Delay = 4.13>
ST_41 : Operation 150 [7/36] (4.13ns)   --->   "%urem_ln111 = urem i32 %accumulators_load, i32 31" [computeP2/c/computeP2.cpp:111]   --->   Operation 150 'urem' 'urem_ln111' <Predicate = true> <Delay = 4.13> <CoreInst = "DivnS_SEQ">   --->   Core 7 'DivnS_SEQ' <Latency = 35> <II = 5> <Delay = 4.13> <FuncUnit> <Opcode : 'sdiv' 'srem' 'udiv' 'urem'> <InPorts = 2> <OutPorts = 1>

State 42 <SV = 35> <Delay = 4.13>
ST_42 : Operation 151 [6/36] (4.13ns)   --->   "%urem_ln111 = urem i32 %accumulators_load, i32 31" [computeP2/c/computeP2.cpp:111]   --->   Operation 151 'urem' 'urem_ln111' <Predicate = true> <Delay = 4.13> <CoreInst = "DivnS_SEQ">   --->   Core 7 'DivnS_SEQ' <Latency = 35> <II = 5> <Delay = 4.13> <FuncUnit> <Opcode : 'sdiv' 'srem' 'udiv' 'urem'> <InPorts = 2> <OutPorts = 1>

State 43 <SV = 36> <Delay = 4.13>
ST_43 : Operation 152 [5/36] (4.13ns)   --->   "%urem_ln111 = urem i32 %accumulators_load, i32 31" [computeP2/c/computeP2.cpp:111]   --->   Operation 152 'urem' 'urem_ln111' <Predicate = true> <Delay = 4.13> <CoreInst = "DivnS_SEQ">   --->   Core 7 'DivnS_SEQ' <Latency = 35> <II = 5> <Delay = 4.13> <FuncUnit> <Opcode : 'sdiv' 'srem' 'udiv' 'urem'> <InPorts = 2> <OutPorts = 1>

State 44 <SV = 37> <Delay = 4.13>
ST_44 : Operation 153 [4/36] (4.13ns)   --->   "%urem_ln111 = urem i32 %accumulators_load, i32 31" [computeP2/c/computeP2.cpp:111]   --->   Operation 153 'urem' 'urem_ln111' <Predicate = true> <Delay = 4.13> <CoreInst = "DivnS_SEQ">   --->   Core 7 'DivnS_SEQ' <Latency = 35> <II = 5> <Delay = 4.13> <FuncUnit> <Opcode : 'sdiv' 'srem' 'udiv' 'urem'> <InPorts = 2> <OutPorts = 1>

State 45 <SV = 38> <Delay = 4.13>
ST_45 : Operation 154 [3/36] (4.13ns)   --->   "%urem_ln111 = urem i32 %accumulators_load, i32 31" [computeP2/c/computeP2.cpp:111]   --->   Operation 154 'urem' 'urem_ln111' <Predicate = true> <Delay = 4.13> <CoreInst = "DivnS_SEQ">   --->   Core 7 'DivnS_SEQ' <Latency = 35> <II = 5> <Delay = 4.13> <FuncUnit> <Opcode : 'sdiv' 'srem' 'udiv' 'urem'> <InPorts = 2> <OutPorts = 1>

State 46 <SV = 39> <Delay = 4.13>
ST_46 : Operation 155 [2/36] (4.13ns)   --->   "%urem_ln111 = urem i32 %accumulators_load, i32 31" [computeP2/c/computeP2.cpp:111]   --->   Operation 155 'urem' 'urem_ln111' <Predicate = true> <Delay = 4.13> <CoreInst = "DivnS_SEQ">   --->   Core 7 'DivnS_SEQ' <Latency = 35> <II = 5> <Delay = 4.13> <FuncUnit> <Opcode : 'sdiv' 'srem' 'udiv' 'urem'> <InPorts = 2> <OutPorts = 1>

State 47 <SV = 40> <Delay = 6.45>
ST_47 : Operation 156 [1/1] (0.00ns)   --->   "%specloopname_ln107 = specloopname void @_ssdm_op_SpecLoopName, void @empty_8" [computeP2/c/computeP2.cpp:107]   --->   Operation 156 'specloopname' 'specloopname_ln107' <Predicate = true> <Delay = 0.00>
ST_47 : Operation 157 [1/36] (4.13ns)   --->   "%urem_ln111 = urem i32 %accumulators_load, i32 31" [computeP2/c/computeP2.cpp:111]   --->   Operation 157 'urem' 'urem_ln111' <Predicate = true> <Delay = 4.13> <CoreInst = "DivnS_SEQ">   --->   Core 7 'DivnS_SEQ' <Latency = 35> <II = 5> <Delay = 4.13> <FuncUnit> <Opcode : 'sdiv' 'srem' 'udiv' 'urem'> <InPorts = 2> <OutPorts = 1>
ST_47 : Operation 158 [1/1] (0.00ns)   --->   "%trunc_ln111 = trunc i5 %urem_ln111" [computeP2/c/computeP2.cpp:111]   --->   Operation 158 'trunc' 'trunc_ln111' <Predicate = true> <Delay = 0.00>
ST_47 : Operation 159 [1/1] (0.00ns)   --->   "%out_addr = getelementptr i5 %out_r, i64 0, i64 %zext_ln107" [computeP2/c/computeP2.cpp:111]   --->   Operation 159 'getelementptr' 'out_addr' <Predicate = true> <Delay = 0.00>
ST_47 : Operation 160 [1/1] (2.32ns)   --->   "%store_ln111 = store i5 %trunc_ln111, i6 %out_addr" [computeP2/c/computeP2.cpp:111]   --->   Operation 160 'store' 'store_ln111' <Predicate = true> <Delay = 2.32> <CoreInst = "RAM">   --->   Core 82 'RAM' <Latency = 1> <II = 1> <Delay = 2.32> <Storage> <Opcode : 'load' 'store'> <Ports = 2> <Width = 5> <Depth = 60> <RAM>
ST_47 : Operation 161 [1/1] (0.00ns)   --->   "%br_ln0 = br void %._crit_edge"   --->   Operation 161 'br' 'br_ln0' <Predicate = true> <Delay = 0.00>


============================================================
+ Verbose Summary: Binding
============================================================
STG Binding: 
---------------- STG Properties BEGIN ----------------
- Is combinational: 0
- Is one-state seq: 0
- Is datapath-only: 0
- Is pipelined: 0
- Is top level: 0
Port [ Return ] is wired: 1; IO mode=ap_ctrl_hs:ce=0
Port [ oil_space]:  wired=1; compound=1; hidden=0; nouse=0; global=0; static=0; extern=0; dir=0; type=1; pingpong=0; private_global=0; MemPort=[13]; IO mode=ap_memory:ce=0
Port [ vecs]:  wired=1; compound=1; hidden=0; nouse=0; global=0; static=0; extern=0; dir=0; type=1; pingpong=0; private_global=0; MemPort=[13]; IO mode=ap_memory:ce=0
Port [ vecs_offset]:  wired=1; compound=0; hidden=0; nouse=0; global=0; static=0; extern=0; dir=0; type=0; pingpong=0; private_global=0; IO mode=ap_none:ce=0
Port [ coeffs]:  wired=1; compound=0; hidden=0; nouse=0; global=0; static=0; extern=0; dir=0; type=0; pingpong=0; private_global=0; IO mode=ap_none:ce=0
Port [ out_r]:  wired=1; compound=1; hidden=0; nouse=0; global=0; static=0; extern=0; dir=1; type=1; pingpong=0; private_global=0; MemPort=[03]; IO mode=ap_memory:ce=0
---------------- STG Properties END ------------------

---------------- Datapath Model BEGIN ----------------

<LifeTime>
<method=bitvector/>
coeffs_read         (read             ) [ 001111111100000000000000000000000000000000000000]
vecs_offset_read    (read             ) [ 001111111100000000000000000000000000000000000000]
specinterface_ln0   (specinterface    ) [ 000000000000000000000000000000000000000000000000]
accumulators        (alloca           ) [ 001111111111111111111111111111111111111111111111]
br_ln95             (br               ) [ 011000000000000000000000000000000000000000000000]
empty               (phi              ) [ 001000000000000000000000000000000000000000000000]
empty_18            (add              ) [ 011000000000000000000000000000000000000000000000]
p_cast3             (zext             ) [ 000000000000000000000000000000000000000000000000]
exitcond136         (icmp             ) [ 001000000000000000000000000000000000000000000000]
empty_19            (speclooptripcount) [ 000000000000000000000000000000000000000000000000]
br_ln0              (br               ) [ 000000000000000000000000000000000000000000000000]
accumulators_addr   (getelementptr    ) [ 000000000000000000000000000000000000000000000000]
store_ln0           (store            ) [ 000000000000000000000000000000000000000000000000]
br_ln0              (br               ) [ 011000000000000000000000000000000000000000000000]
br_ln97             (br               ) [ 001111111100000000000000000000000000000000000000]
i                   (phi              ) [ 000100000000000000000000000000000000000000000000]
add_ln97            (add              ) [ 001111111100000000000000000000000000000000000000]
zext_ln97           (zext             ) [ 000000000000000000000000000000000000000000000000]
icmp_ln97           (icmp             ) [ 000111111100000000000000000000000000000000000000]
empty_20            (speclooptripcount) [ 000000000000000000000000000000000000000000000000]
br_ln97             (br               ) [ 000000000000000000000000000000000000000000000000]
p_shl               (bitconcatenate   ) [ 000000000000000000000000000000000000000000000000]
p_shl_cast          (zext             ) [ 000000000000000000000000000000000000000000000000]
p_shl2              (bitconcatenate   ) [ 000000000000000000000000000000000000000000000000]
p_shl2_cast         (zext             ) [ 000000000000000000000000000000000000000000000000]
empty_21            (sub              ) [ 000000000000000000000000000000000000000000000000]
p_cast              (sext             ) [ 000000000000000000000000000000000000000000000000]
empty_22            (add              ) [ 000000000000000000000000000000000000000000000000]
p_cast4             (zext             ) [ 000000000000000000000000000000000000000000000000]
oil_space_addr      (getelementptr    ) [ 000010000000000000000000000000000000000000000000]
add_ln103           (add              ) [ 000011111100000000000000000000000000000000000000]
br_ln107            (br               ) [ 000111111111111111111111111111111111111111111111]
specloopname_ln97   (specloopname     ) [ 000000000000000000000000000000000000000000000000]
oil_space_load      (load             ) [ 000000000000000000000000000000000000000000000000]
zext_ln101          (zext             ) [ 000001111100000000000000000000000000000000000000]
br_ln101            (br               ) [ 000111111100000000000000000000000000000000000000]
j                   (phi              ) [ 000001000000000000000000000000000000000000000000]
add_ln101           (add              ) [ 000111111100000000000000000000000000000000000000]
zext_ln101_1        (zext             ) [ 000000000000000000000000000000000000000000000000]
zext_ln101_2        (zext             ) [ 000000000000000000000000000000000000000000000000]
icmp_ln101          (icmp             ) [ 000111111100000000000000000000000000000000000000]
empty_23            (speclooptripcount) [ 000000000000000000000000000000000000000000000000]
br_ln101            (br               ) [ 000000000000000000000000000000000000000000000000]
add_ln103_2         (add              ) [ 000000000000000000000000000000000000000000000000]
zext_ln103          (zext             ) [ 000000000000000000000000000000000000000000000000]
vecs_addr           (getelementptr    ) [ 000000100000000000000000000000000000000000000000]
accumulators_addr_2 (getelementptr    ) [ 000000111100000000000000000000000000000000000000]
br_ln0              (br               ) [ 001111111100000000000000000000000000000000000000]
vecs_load           (load             ) [ 000000000000000000000000000000000000000000000000]
zext_ln103_1        (zext             ) [ 000000011000000000000000000000000000000000000000]
mul_ln103           (mul              ) [ 000000000000000000000000000000000000000000000000]
zext_ln103_2        (zext             ) [ 000000000100000000000000000000000000000000000000]
accumulators_load_1 (load             ) [ 000000000100000000000000000000000000000000000000]
specloopname_ln101  (specloopname     ) [ 000000000000000000000000000000000000000000000000]
add_ln103_1         (add              ) [ 000000000000000000000000000000000000000000000000]
store_ln103         (store            ) [ 000000000000000000000000000000000000000000000000]
br_ln0              (br               ) [ 000111111100000000000000000000000000000000000000]
i_1                 (phi              ) [ 000000000010000000000000000000000000000000000000]
add_ln107           (add              ) [ 000100000011111111111111111111111111111111111111]
zext_ln107          (zext             ) [ 000000000001111111111111111111111111111111111111]
icmp_ln107          (icmp             ) [ 000000000011111111111111111111111111111111111111]
empty_24            (speclooptripcount) [ 000000000000000000000000000000000000000000000000]
br_ln107            (br               ) [ 000000000000000000000000000000000000000000000000]
accumulators_addr_1 (getelementptr    ) [ 000000000001000000000000000000000000000000000000]
ret_ln113           (ret              ) [ 000000000000000000000000000000000000000000000000]
accumulators_load   (load             ) [ 000000000000111111111111111111111111111111111111]
specloopname_ln107  (specloopname     ) [ 000000000000000000000000000000000000000000000000]
urem_ln111          (urem             ) [ 000000000000000000000000000000000000000000000000]
trunc_ln111         (trunc            ) [ 000000000000000000000000000000000000000000000000]
out_addr            (getelementptr    ) [ 000000000000000000000000000000000000000000000000]
store_ln111         (store            ) [ 000000000000000000000000000000000000000000000000]
br_ln0              (br               ) [ 000100000011111111111111111111111111111111111111]
</LifeTime>

<model>

<comp_list>
<comp id="0" class="1000" name="oil_space">
<pin_list>
<pin id="1" dir="1" index="0" bw="1" slack="0"/>
</pin_list>
<bind>
<StgValue><ssdm name="oil_space"/><MemPortTyVec>1 3 </MemPortTyVec>
</StgValue>
</bind>
</comp>

<comp id="2" class="1000" name="vecs">
<pin_list>
<pin id="3" dir="1" index="0" bw="1" slack="0"/>
</pin_list>
<bind>
<StgValue><ssdm name="vecs"/><MemPortTyVec>1 3 </MemPortTyVec>
</StgValue>
</bind>
</comp>

<comp id="4" class="1000" name="vecs_offset">
<pin_list>
<pin id="5" dir="1" index="0" bw="1" slack="0"/>
</pin_list>
<bind>
<StgValue><ssdm name="vecs_offset"/></StgValue>
</bind>
</comp>

<comp id="6" class="1000" name="coeffs">
<pin_list>
<pin id="7" dir="1" index="0" bw="1" slack="0"/>
</pin_list>
<bind>
<StgValue><ssdm name="coeffs"/></StgValue>
</bind>
</comp>

<comp id="8" class="1000" name="out_r">
<pin_list>
<pin id="9" dir="1" index="0" bw="1" slack="0"/>
</pin_list>
<bind>
<StgValue><ssdm name="out_r"/><MemPortTyVec>0 3 </MemPortTyVec>
</StgValue>
</bind>
</comp>

<comp id="10" class="1001" name="const_10">
<pin_list>
<pin id="11" dir="1" index="0" bw="1" slack="0"/>
</pin_list>
<bind>
<StgValue><ssdm name="_ssdm_op_Read.ap_auto.i9"/></StgValue>
</bind>
</comp>

<comp id="12" class="1001" name="const_12">
<pin_list>
<pin id="13" dir="1" index="0" bw="1" slack="0"/>
</pin_list>
<bind>
<StgValue><ssdm name="_ssdm_op_Read.ap_auto.i15"/></StgValue>
</bind>
</comp>

<comp id="14" class="1001" name="const_14">
<pin_list>
<pin id="15" dir="1" index="0" bw="1" slack="2147483647"/>
</pin_list>
<bind>
<StgValue><ssdm name="_ssdm_op_SpecInterface"/></StgValue>
</bind>
</comp>

<comp id="16" class="1001" name="const_16">
<pin_list>
<pin id="17" dir="1" index="0" bw="1" slack="2147483647"/>
</pin_list>
<bind>
<StgValue><ssdm name="empty_5"/></StgValue>
</bind>
</comp>

<comp id="18" class="1001" name="const_18">
<pin_list>
<pin id="19" dir="1" index="0" bw="1" slack="0"/>
</pin_list>
<bind>
<StgValue><ssdm name=""/></StgValue>
</bind>
</comp>

<comp id="20" class="1001" name="const_20">
<pin_list>
<pin id="21" dir="1" index="0" bw="1" slack="2147483647"/>
</pin_list>
<bind>
<StgValue><ssdm name="empty_7"/></StgValue>
</bind>
</comp>

<comp id="22" class="1001" name="const_22">
<pin_list>
<pin id="23" dir="1" index="0" bw="1" slack="2147483647"/>
</pin_list>
<bind>
<StgValue><ssdm name=""/></StgValue>
</bind>
</comp>

<comp id="24" class="1001" name="const_24">
<pin_list>
<pin id="25" dir="1" index="0" bw="1" slack="0"/>
</pin_list>
<bind>
<StgValue><ssdm name=""/></StgValue>
</bind>
</comp>

<comp id="26" class="1001" name="const_26">
<pin_list>
<pin id="27" dir="1" index="0" bw="1" slack="0"/>
</pin_list>
<bind>
<StgValue><ssdm name=""/></StgValue>
</bind>
</comp>

<comp id="28" class="1001" name="const_28">
<pin_list>
<pin id="29" dir="1" index="0" bw="1" slack="0"/>
</pin_list>
<bind>
<StgValue><ssdm name=""/></StgValue>
</bind>
</comp>

<comp id="30" class="1001" name="const_30">
<pin_list>
<pin id="31" dir="1" index="0" bw="1" slack="0"/>
</pin_list>
<bind>
<StgValue><ssdm name=""/></StgValue>
</bind>
</comp>

<comp id="32" class="1001" name="const_32">
<pin_list>
<pin id="33" dir="1" index="0" bw="1" slack="2147483647"/>
</pin_list>
<bind>
<StgValue><ssdm name="_ssdm_op_SpecLoopTripCount"/></StgValue>
</bind>
</comp>

<comp id="34" class="1001" name="const_34">
<pin_list>
<pin id="35" dir="1" index="0" bw="1" slack="2147483647"/>
</pin_list>
<bind>
<StgValue><ssdm name=""/></StgValue>
</bind>
</comp>

<comp id="36" class="1001" name="const_36">
<pin_list>
<pin id="37" dir="1" index="0" bw="1" slack="0"/>
</pin_list>
<bind>
<StgValue><ssdm name=""/></StgValue>
</bind>
</comp>

<comp id="38" class="1001" name="const_38">
<pin_list>
<pin id="39" dir="1" index="0" bw="1" slack="0"/>
</pin_list>
<bind>
<StgValue><ssdm name=""/></StgValue>
</bind>
</comp>

<comp id="40" class="1001" name="const_40">
<pin_list>
<pin id="41" dir="1" index="0" bw="1" slack="2147483647"/>
</pin_list>
<bind>
<StgValue><ssdm name=""/></StgValue>
</bind>
</comp>

<comp id="42" class="1001" name="const_42">
<pin_list>
<pin id="43" dir="1" index="0" bw="1" slack="0"/>
</pin_list>
<bind>
<StgValue><ssdm name="_ssdm_op_BitConcatenate.i12.i6.i6"/></StgValue>
</bind>
</comp>

<comp id="44" class="1001" name="const_44">
<pin_list>
<pin id="45" dir="1" index="0" bw="1" slack="0"/>
</pin_list>
<bind>
<StgValue><ssdm name="_ssdm_op_BitConcatenate.i8.i6.i2"/></StgValue>
</bind>
</comp>

<comp id="46" class="1001" name="const_46">
<pin_list>
<pin id="47" dir="1" index="0" bw="1" slack="0"/>
</pin_list>
<bind>
<StgValue><ssdm name=""/></StgValue>
</bind>
</comp>

<comp id="48" class="1001" name="const_48">
<pin_list>
<pin id="49" dir="1" index="0" bw="1" slack="2147483647"/>
</pin_list>
<bind>
<StgValue><ssdm name="_ssdm_op_SpecLoopName"/></StgValue>
</bind>
</comp>

<comp id="50" class="1001" name="const_50">
<pin_list>
<pin id="51" dir="1" index="0" bw="1" slack="2147483647"/>
</pin_list>
<bind>
<StgValue><ssdm name="empty_9"/></StgValue>
</bind>
</comp>

<comp id="52" class="1001" name="const_52">
<pin_list>
<pin id="53" dir="1" index="0" bw="1" slack="2147483647"/>
</pin_list>
<bind>
<StgValue><ssdm name="empty_12"/></StgValue>
</bind>
</comp>

<comp id="54" class="1001" name="const_54">
<pin_list>
<pin id="55" dir="1" index="0" bw="1" slack="0"/>
</pin_list>
<bind>
<StgValue><ssdm name=""/></StgValue>
</bind>
</comp>

<comp id="56" class="1001" name="const_56">
<pin_list>
<pin id="57" dir="1" index="0" bw="1" slack="2147483647"/>
</pin_list>
<bind>
<StgValue><ssdm name="empty_8"/></StgValue>
</bind>
</comp>

<comp id="58" class="1004" name="accumulators_alloca_fu_58">
<pin_list>
<pin id="59" dir="0" index="0" bw="1" slack="0"/>
<pin id="60" dir="1" index="1" bw="32" slack="2147483647"/>
</pin_list>
<bind>
<opcode="alloca(26) " fcode="alloca"/>
<opset="accumulators/1 "/>
</bind>
</comp>

<comp id="62" class="1004" name="coeffs_read_read_fu_62">
<pin_list>
<pin id="63" dir="0" index="0" bw="9" slack="0"/>
<pin id="64" dir="0" index="1" bw="9" slack="0"/>
<pin id="65" dir="1" index="2" bw="9" slack="2"/>
</pin_list>
<bind>
<opcode="read(1150) " fcode="read"/>
<opset="coeffs_read/1 "/>
</bind>
</comp>

<comp id="68" class="1004" name="vecs_offset_read_read_fu_68">
<pin_list>
<pin id="69" dir="0" index="0" bw="15" slack="0"/>
<pin id="70" dir="0" index="1" bw="15" slack="0"/>
<pin id="71" dir="1" index="2" bw="15" slack="2"/>
</pin_list>
<bind>
<opcode="read(1150) " fcode="read"/>
<opset="vecs_offset_read/1 "/>
</bind>
</comp>

<comp id="74" class="1004" name="accumulators_addr_gep_fu_74">
<pin_list>
<pin id="75" dir="0" index="0" bw="32" slack="2147483647"/>
<pin id="76" dir="0" index="1" bw="1" slack="0"/>
<pin id="77" dir="0" index="2" bw="6" slack="0"/>
<pin id="78" dir="1" index="3" bw="6" slack="0"/>
</pin_list>
<bind>
<opcode="getelementptr(29) " fcode="getelementptr"/>
<opset="accumulators_addr/2 "/>
</bind>
</comp>

<comp id="80" class="1004" name="grp_access_fu_80">
<pin_list>
<pin id="81" dir="0" index="0" bw="6" slack="0"/>
<pin id="82" dir="0" index="1" bw="32" slack="0"/>
<pin id="83" dir="0" index="2" bw="0" slack="2147483647"/>
<pin id="84" dir="1" index="3" bw="32" slack="0"/>
</pin_list>
<bind>
<opcode="load(27) store(28) " fcode="load"/>
<opset="store_ln0/2 accumulators_load_1/7 store_ln103/9 accumulators_load/10 "/>
</bind>
</comp>

<comp id="87" class="1004" name="oil_space_addr_gep_fu_87">
<pin_list>
<pin id="88" dir="0" index="0" bw="8" slack="0"/>
<pin id="89" dir="0" index="1" bw="1" slack="0"/>
<pin id="90" dir="0" index="2" bw="9" slack="0"/>
<pin id="91" dir="1" index="3" bw="9" slack="0"/>
</pin_list>
<bind>
<opcode="getelementptr(29) " fcode="getelementptr"/>
<opset="oil_space_addr/3 "/>
</bind>
</comp>

<comp id="94" class="1004" name="grp_access_fu_94">
<pin_list>
<pin id="95" dir="0" index="0" bw="9" slack="0"/>
<pin id="96" dir="0" index="1" bw="8" slack="2147483647"/>
<pin id="97" dir="0" index="2" bw="0" slack="2147483647"/>
<pin id="98" dir="1" index="3" bw="8" slack="0"/>
</pin_list>
<bind>
<opcode="load(27) " fcode="load"/>
<opset="oil_space_load/3 "/>
</bind>
</comp>

<comp id="100" class="1004" name="vecs_addr_gep_fu_100">
<pin_list>
<pin id="101" dir="0" index="0" bw="5" slack="0"/>
<pin id="102" dir="0" index="1" bw="1" slack="0"/>
<pin id="103" dir="0" index="2" bw="15" slack="0"/>
<pin id="104" dir="1" index="3" bw="15" slack="0"/>
</pin_list>
<bind>
<opcode="getelementptr(29) " fcode="getelementptr"/>
<opset="vecs_addr/5 "/>
</bind>
</comp>

<comp id="107" class="1004" name="grp_access_fu_107">
<pin_list>
<pin id="108" dir="0" index="0" bw="15" slack="0"/>
<pin id="109" dir="0" index="1" bw="5" slack="2147483647"/>
<pin id="110" dir="0" index="2" bw="0" slack="2147483647"/>
<pin id="111" dir="1" index="3" bw="5" slack="0"/>
</pin_list>
<bind>
<opcode="load(27) " fcode="load"/>
<opset="vecs_load/5 "/>
</bind>
</comp>

<comp id="113" class="1004" name="accumulators_addr_2_gep_fu_113">
<pin_list>
<pin id="114" dir="0" index="0" bw="32" slack="2147483647"/>
<pin id="115" dir="0" index="1" bw="1" slack="0"/>
<pin id="116" dir="0" index="2" bw="6" slack="0"/>
<pin id="117" dir="1" index="3" bw="6" slack="2"/>
</pin_list>
<bind>
<opcode="getelementptr(29) " fcode="getelementptr"/>
<opset="accumulators_addr_2/5 "/>
</bind>
</comp>

<comp id="119" class="1004" name="accumulators_addr_1_gep_fu_119">
<pin_list>
<pin id="120" dir="0" index="0" bw="32" slack="2147483647"/>
<pin id="121" dir="0" index="1" bw="1" slack="0"/>
<pin id="122" dir="0" index="2" bw="6" slack="0"/>
<pin id="123" dir="1" index="3" bw="6" slack="0"/>
</pin_list>
<bind>
<opcode="getelementptr(29) " fcode="getelementptr"/>
<opset="accumulators_addr_1/10 "/>
</bind>
</comp>

<comp id="126" class="1004" name="out_addr_gep_fu_126">
<pin_list>
<pin id="127" dir="0" index="0" bw="5" slack="0"/>
<pin id="128" dir="0" index="1" bw="1" slack="0"/>
<pin id="129" dir="0" index="2" bw="6" slack="37"/>
<pin id="130" dir="1" index="3" bw="6" slack="0"/>
</pin_list>
<bind>
<opcode="getelementptr(29) " fcode="getelementptr"/>
<opset="out_addr/47 "/>
</bind>
</comp>

<comp id="133" class="1004" name="store_ln111_access_fu_133">
<pin_list>
<pin id="134" dir="0" index="0" bw="6" slack="0"/>
<pin id="135" dir="0" index="1" bw="5" slack="0"/>
<pin id="136" dir="0" index="2" bw="0" slack="2147483647"/>
<pin id="137" dir="1" index="3" bw="5" slack="2147483647"/>
</pin_list>
<bind>
<opcode="store(28) " fcode="store"/>
<opset="store_ln111/47 "/>
</bind>
</comp>

<comp id="139" class="1005" name="empty_reg_139">
<pin_list>
<pin id="140" dir="0" index="0" bw="6" slack="1"/>
<pin id="141" dir="1" index="1" bw="6" slack="1"/>
</pin_list>
<bind>
<opset="empty (phireg) "/>
</bind>
</comp>

<comp id="143" class="1004" name="empty_phi_fu_143">
<pin_list>
<pin id="144" dir="0" index="0" bw="1" slack="1"/>
<pin id="145" dir="0" index="1" bw="0" slack="2147483647"/>
<pin id="146" dir="0" index="2" bw="6" slack="0"/>
<pin id="147" dir="0" index="3" bw="0" slack="2147483647"/>
<pin id="148" dir="1" index="4" bw="6" slack="0"/>
</pin_list>
<bind>
<opcode="phi(47) " fcode="phi"/>
<opset="empty/2 "/>
</bind>
</comp>

<comp id="150" class="1005" name="i_reg_150">
<pin_list>
<pin id="151" dir="0" index="0" bw="6" slack="1"/>
<pin id="152" dir="1" index="1" bw="6" slack="1"/>
</pin_list>
<bind>
<opset="i (phireg) "/>
</bind>
</comp>

<comp id="154" class="1004" name="i_phi_fu_154">
<pin_list>
<pin id="155" dir="0" index="0" bw="6" slack="0"/>
<pin id="156" dir="0" index="1" bw="0" slack="2147483647"/>
<pin id="157" dir="0" index="2" bw="1" slack="1"/>
<pin id="158" dir="0" index="3" bw="0" slack="2147483647"/>
<pin id="159" dir="1" index="4" bw="6" slack="0"/>
</pin_list>
<bind>
<opcode="phi(47) " fcode="phi"/>
<opset="i/3 "/>
</bind>
</comp>

<comp id="161" class="1005" name="j_reg_161">
<pin_list>
<pin id="162" dir="0" index="0" bw="6" slack="1"/>
<pin id="163" dir="1" index="1" bw="6" slack="1"/>
</pin_list>
<bind>
<opset="j (phireg) "/>
</bind>
</comp>

<comp id="165" class="1004" name="j_phi_fu_165">
<pin_list>
<pin id="166" dir="0" index="0" bw="6" slack="0"/>
<pin id="167" dir="0" index="1" bw="0" slack="2147483647"/>
<pin id="168" dir="0" index="2" bw="1" slack="1"/>
<pin id="169" dir="0" index="3" bw="0" slack="2147483647"/>
<pin id="170" dir="1" index="4" bw="6" slack="0"/>
</pin_list>
<bind>
<opcode="phi(47) " fcode="phi"/>
<opset="j/5 "/>
</bind>
</comp>

<comp id="172" class="1005" name="i_1_reg_172">
<pin_list>
<pin id="173" dir="0" index="0" bw="6" slack="1"/>
<pin id="174" dir="1" index="1" bw="6" slack="1"/>
</pin_list>
<bind>
<opset="i_1 (phireg) "/>
</bind>
</comp>

<comp id="176" class="1004" name="i_1_phi_fu_176">
<pin_list>
<pin id="177" dir="0" index="0" bw="6" slack="0"/>
<pin id="178" dir="0" index="1" bw="0" slack="2147483647"/>
<pin id="179" dir="0" index="2" bw="1" slack="1"/>
<pin id="180" dir="0" index="3" bw="0" slack="2147483647"/>
<pin id="181" dir="1" index="4" bw="6" slack="0"/>
</pin_list>
<bind>
<opcode="phi(47) " fcode="phi"/>
<opset="i_1/10 "/>
</bind>
</comp>

<comp id="183" class="1005" name="reg_183">
<pin_list>
<pin id="184" dir="0" index="0" bw="32" slack="1"/>
<pin id="185" dir="1" index="1" bw="32" slack="1"/>
</pin_list>
<bind>
<opset="accumulators_load_1 accumulators_load "/>
</bind>
</comp>

<comp id="187" class="1004" name="empty_18_fu_187">
<pin_list>
<pin id="188" dir="0" index="0" bw="6" slack="0"/>
<pin id="189" dir="0" index="1" bw="1" slack="0"/>
<pin id="190" dir="1" index="2" bw="6" slack="0"/>
</pin_list>
<bind>
<opcode="add(8) " fcode="add"/>
<opset="empty_18/2 "/>
</bind>
</comp>

<comp id="193" class="1004" name="p_cast3_fu_193">
<pin_list>
<pin id="194" dir="0" index="0" bw="6" slack="0"/>
<pin id="195" dir="1" index="1" bw="64" slack="0"/>
</pin_list>
<bind>
<opcode="zext(34) " fcode="zext"/>
<opset="p_cast3/2 "/>
</bind>
</comp>

<comp id="198" class="1004" name="exitcond136_fu_198">
<pin_list>
<pin id="199" dir="0" index="0" bw="6" slack="0"/>
<pin id="200" dir="0" index="1" bw="6" slack="0"/>
<pin id="201" dir="1" index="2" bw="1" slack="2147483647"/>
</pin_list>
<bind>
<opcode="icmp(45) " fcode="icmp"/>
<opset="exitcond136/2 "/>
</bind>
</comp>

<comp id="204" class="1004" name="add_ln97_fu_204">
<pin_list>
<pin id="205" dir="0" index="0" bw="6" slack="0"/>
<pin id="206" dir="0" index="1" bw="1" slack="0"/>
<pin id="207" dir="1" index="2" bw="6" slack="0"/>
</pin_list>
<bind>
<opcode="add(8) " fcode="add"/>
<opset="add_ln97/3 "/>
</bind>
</comp>

<comp id="210" class="1004" name="zext_ln97_fu_210">
<pin_list>
<pin id="211" dir="0" index="0" bw="6" slack="0"/>
<pin id="212" dir="1" index="1" bw="9" slack="0"/>
</pin_list>
<bind>
<opcode="zext(34) " fcode="zext"/>
<opset="zext_ln97/3 "/>
</bind>
</comp>

<comp id="214" class="1004" name="icmp_ln97_fu_214">
<pin_list>
<pin id="215" dir="0" index="0" bw="6" slack="0"/>
<pin id="216" dir="0" index="1" bw="6" slack="0"/>
<pin id="217" dir="1" index="2" bw="1" slack="2147483647"/>
</pin_list>
<bind>
<opcode="icmp(45) " fcode="icmp"/>
<opset="icmp_ln97/3 "/>
</bind>
</comp>

<comp id="220" class="1004" name="p_shl_fu_220">
<pin_list>
<pin id="221" dir="0" index="0" bw="12" slack="0"/>
<pin id="222" dir="0" index="1" bw="6" slack="0"/>
<pin id="223" dir="0" index="2" bw="1" slack="0"/>
<pin id="224" dir="1" index="3" bw="12" slack="0"/>
</pin_list>
<bind>
<opcode="bitconcatenate(1004) " fcode="bitconcatenate"/>
<opset="p_shl/3 "/>
</bind>
</comp>

<comp id="228" class="1004" name="p_shl_cast_fu_228">
<pin_list>
<pin id="229" dir="0" index="0" bw="12" slack="0"/>
<pin id="230" dir="1" index="1" bw="13" slack="0"/>
</pin_list>
<bind>
<opcode="zext(34) " fcode="zext"/>
<opset="p_shl_cast/3 "/>
</bind>
</comp>

<comp id="232" class="1004" name="p_shl2_fu_232">
<pin_list>
<pin id="233" dir="0" index="0" bw="8" slack="0"/>
<pin id="234" dir="0" index="1" bw="6" slack="0"/>
<pin id="235" dir="0" index="2" bw="1" slack="0"/>
<pin id="236" dir="1" index="3" bw="8" slack="0"/>
</pin_list>
<bind>
<opcode="bitconcatenate(1004) " fcode="bitconcatenate"/>
<opset="p_shl2/3 "/>
</bind>
</comp>

<comp id="240" class="1004" name="p_shl2_cast_fu_240">
<pin_list>
<pin id="241" dir="0" index="0" bw="8" slack="0"/>
<pin id="242" dir="1" index="1" bw="13" slack="0"/>
</pin_list>
<bind>
<opcode="zext(34) " fcode="zext"/>
<opset="p_shl2_cast/3 "/>
</bind>
</comp>

<comp id="244" class="1004" name="empty_21_fu_244">
<pin_list>
<pin id="245" dir="0" index="0" bw="12" slack="0"/>
<pin id="246" dir="0" index="1" bw="8" slack="0"/>
<pin id="247" dir="1" index="2" bw="13" slack="0"/>
</pin_list>
<bind>
<opcode="sub(10) " fcode="sub"/>
<opset="empty_21/3 "/>
</bind>
</comp>

<comp id="250" class="1004" name="p_cast_fu_250">
<pin_list>
<pin id="251" dir="0" index="0" bw="13" slack="0"/>
<pin id="252" dir="1" index="1" bw="15" slack="0"/>
</pin_list>
<bind>
<opcode="sext(35) " fcode="sext"/>
<opset="p_cast/3 "/>
</bind>
</comp>

<comp id="254" class="1004" name="empty_22_fu_254">
<pin_list>
<pin id="255" dir="0" index="0" bw="6" slack="0"/>
<pin id="256" dir="0" index="1" bw="9" slack="2"/>
<pin id="257" dir="1" index="2" bw="9" slack="0"/>
</pin_list>
<bind>
<opcode="add(8) " fcode="add"/>
<opset="empty_22/3 "/>
</bind>
</comp>

<comp id="259" class="1004" name="p_cast4_fu_259">
<pin_list>
<pin id="260" dir="0" index="0" bw="9" slack="0"/>
<pin id="261" dir="1" index="1" bw="64" slack="0"/>
</pin_list>
<bind>
<opcode="zext(34) " fcode="zext"/>
<opset="p_cast4/3 "/>
</bind>
</comp>

<comp id="264" class="1004" name="add_ln103_fu_264">
<pin_list>
<pin id="265" dir="0" index="0" bw="13" slack="0"/>
<pin id="266" dir="0" index="1" bw="15" slack="2"/>
<pin id="267" dir="1" index="2" bw="15" slack="2"/>
</pin_list>
<bind>
<opcode="add(8) " fcode="add"/>
<opset="add_ln103/3 "/>
</bind>
</comp>

<comp id="269" class="1004" name="zext_ln101_fu_269">
<pin_list>
<pin id="270" dir="0" index="0" bw="8" slack="0"/>
<pin id="271" dir="1" index="1" bw="13" slack="2"/>
</pin_list>
<bind>
<opcode="zext(34) " fcode="zext"/>
<opset="zext_ln101/4 "/>
</bind>
</comp>

<comp id="273" class="1004" name="add_ln101_fu_273">
<pin_list>
<pin id="274" dir="0" index="0" bw="6" slack="0"/>
<pin id="275" dir="0" index="1" bw="1" slack="0"/>
<pin id="276" dir="1" index="2" bw="6" slack="0"/>
</pin_list>
<bind>
<opcode="add(8) " fcode="add"/>
<opset="add_ln101/5 "/>
</bind>
</comp>

<comp id="279" class="1004" name="zext_ln101_1_fu_279">
<pin_list>
<pin id="280" dir="0" index="0" bw="6" slack="0"/>
<pin id="281" dir="1" index="1" bw="64" slack="0"/>
</pin_list>
<bind>
<opcode="zext(34) " fcode="zext"/>
<opset="zext_ln101_1/5 "/>
</bind>
</comp>

<comp id="284" class="1004" name="zext_ln101_2_fu_284">
<pin_list>
<pin id="285" dir="0" index="0" bw="6" slack="0"/>
<pin id="286" dir="1" index="1" bw="15" slack="0"/>
</pin_list>
<bind>
<opcode="zext(34) " fcode="zext"/>
<opset="zext_ln101_2/5 "/>
</bind>
</comp>

<comp id="288" class="1004" name="icmp_ln101_fu_288">
<pin_list>
<pin id="289" dir="0" index="0" bw="6" slack="0"/>
<pin id="290" dir="0" index="1" bw="6" slack="0"/>
<pin id="291" dir="1" index="2" bw="1" slack="2147483647"/>
</pin_list>
<bind>
<opcode="icmp(45) " fcode="icmp"/>
<opset="icmp_ln101/5 "/>
</bind>
</comp>

<comp id="294" class="1004" name="add_ln103_2_fu_294">
<pin_list>
<pin id="295" dir="0" index="0" bw="15" slack="2"/>
<pin id="296" dir="0" index="1" bw="6" slack="0"/>
<pin id="297" dir="1" index="2" bw="15" slack="0"/>
</pin_list>
<bind>
<opcode="add(8) " fcode="add"/>
<opset="add_ln103_2/5 "/>
</bind>
</comp>

<comp id="299" class="1004" name="zext_ln103_fu_299">
<pin_list>
<pin id="300" dir="0" index="0" bw="15" slack="0"/>
<pin id="301" dir="1" index="1" bw="64" slack="0"/>
</pin_list>
<bind>
<opcode="zext(34) " fcode="zext"/>
<opset="zext_ln103/5 "/>
</bind>
</comp>

<comp id="304" class="1004" name="zext_ln103_1_fu_304">
<pin_list>
<pin id="305" dir="0" index="0" bw="5" slack="0"/>
<pin id="306" dir="1" index="1" bw="13" slack="0"/>
</pin_list>
<bind>
<opcode="zext(34) " fcode="zext"/>
<opset="zext_ln103_1/6 "/>
</bind>
</comp>

<comp id="308" class="1004" name="add_ln107_fu_308">
<pin_list>
<pin id="309" dir="0" index="0" bw="6" slack="0"/>
<pin id="310" dir="0" index="1" bw="1" slack="0"/>
<pin id="311" dir="1" index="2" bw="6" slack="0"/>
</pin_list>
<bind>
<opcode="add(8) " fcode="add"/>
<opset="add_ln107/10 "/>
</bind>
</comp>

<comp id="314" class="1004" name="zext_ln107_fu_314">
<pin_list>
<pin id="315" dir="0" index="0" bw="6" slack="0"/>
<pin id="316" dir="1" index="1" bw="64" slack="0"/>
</pin_list>
<bind>
<opcode="zext(34) " fcode="zext"/>
<opset="zext_ln107/10 "/>
</bind>
</comp>

<comp id="319" class="1004" name="icmp_ln107_fu_319">
<pin_list>
<pin id="320" dir="0" index="0" bw="6" slack="0"/>
<pin id="321" dir="0" index="1" bw="6" slack="0"/>
<pin id="322" dir="1" index="2" bw="1" slack="2147483647"/>
</pin_list>
<bind>
<opcode="icmp(45) " fcode="icmp"/>
<opset="icmp_ln107/10 "/>
</bind>
</comp>

<comp id="325" class="1004" name="grp_fu_325">
<pin_list>
<pin id="326" dir="0" index="0" bw="32" slack="1"/>
<pin id="327" dir="0" index="1" bw="6" slack="0"/>
<pin id="328" dir="1" index="2" bw="5" slack="0"/>
</pin_list>
<bind>
<opcode="urem(17) " fcode="urem"/>
<opset="urem_ln111/12 "/>
</bind>
</comp>

<comp id="331" class="1004" name="trunc_ln111_fu_331">
<pin_list>
<pin id="332" dir="0" index="0" bw="5" slack="0"/>
<pin id="333" dir="1" index="1" bw="5" slack="0"/>
</pin_list>
<bind>
<opcode="trunc(33) " fcode="trunc"/>
<opset="trunc_ln111/47 "/>
</bind>
</comp>

<comp id="336" class="1007" name="grp_fu_336">
<pin_list>
<pin id="337" dir="0" index="0" bw="5" slack="0"/>
<pin id="338" dir="0" index="1" bw="8" slack="2"/>
<pin id="339" dir="0" index="2" bw="32" slack="0"/>
<pin id="340" dir="1" index="3" bw="32" slack="0"/>
</pin_list>
<bind>
<opcode="muladd(1172) " fcode="muladd"/>
<opset="mul_ln103/6 zext_ln103_2/8 add_ln103_1/8 "/>
</bind>
</comp>

<comp id="344" class="1005" name="coeffs_read_reg_344">
<pin_list>
<pin id="345" dir="0" index="0" bw="9" slack="2"/>
<pin id="346" dir="1" index="1" bw="9" slack="2"/>
</pin_list>
<bind>
<opset="coeffs_read "/>
</bind>
</comp>

<comp id="349" class="1005" name="vecs_offset_read_reg_349">
<pin_list>
<pin id="350" dir="0" index="0" bw="15" slack="2"/>
<pin id="351" dir="1" index="1" bw="15" slack="2"/>
</pin_list>
<bind>
<opset="vecs_offset_read "/>
</bind>
</comp>

<comp id="354" class="1005" name="empty_18_reg_354">
<pin_list>
<pin id="355" dir="0" index="0" bw="6" slack="0"/>
<pin id="356" dir="1" index="1" bw="6" slack="0"/>
</pin_list>
<bind>
<opset="empty_18 "/>
</bind>
</comp>

<comp id="362" class="1005" name="add_ln97_reg_362">
<pin_list>
<pin id="363" dir="0" index="0" bw="6" slack="0"/>
<pin id="364" dir="1" index="1" bw="6" slack="0"/>
</pin_list>
<bind>
<opset="add_ln97 "/>
</bind>
</comp>

<comp id="370" class="1005" name="oil_space_addr_reg_370">
<pin_list>
<pin id="371" dir="0" index="0" bw="9" slack="1"/>
<pin id="372" dir="1" index="1" bw="9" slack="1"/>
</pin_list>
<bind>
<opset="oil_space_addr "/>
</bind>
</comp>

<comp id="375" class="1005" name="add_ln103_reg_375">
<pin_list>
<pin id="376" dir="0" index="0" bw="15" slack="2"/>
<pin id="377" dir="1" index="1" bw="15" slack="2"/>
</pin_list>
<bind>
<opset="add_ln103 "/>
</bind>
</comp>

<comp id="380" class="1005" name="zext_ln101_reg_380">
<pin_list>
<pin id="381" dir="0" index="0" bw="13" slack="2"/>
<pin id="382" dir="1" index="1" bw="13" slack="2"/>
</pin_list>
<bind>
<opset="zext_ln101 "/>
</bind>
</comp>

<comp id="385" class="1005" name="add_ln101_reg_385">
<pin_list>
<pin id="386" dir="0" index="0" bw="6" slack="0"/>
<pin id="387" dir="1" index="1" bw="6" slack="0"/>
</pin_list>
<bind>
<opset="add_ln101 "/>
</bind>
</comp>

<comp id="393" class="1005" name="vecs_addr_reg_393">
<pin_list>
<pin id="394" dir="0" index="0" bw="15" slack="1"/>
<pin id="395" dir="1" index="1" bw="15" slack="1"/>
</pin_list>
<bind>
<opset="vecs_addr "/>
</bind>
</comp>

<comp id="398" class="1005" name="accumulators_addr_2_reg_398">
<pin_list>
<pin id="399" dir="0" index="0" bw="6" slack="2"/>
<pin id="400" dir="1" index="1" bw="6" slack="2"/>
</pin_list>
<bind>
<opset="accumulators_addr_2 "/>
</bind>
</comp>

<comp id="403" class="1005" name="zext_ln103_1_reg_403">
<pin_list>
<pin id="404" dir="0" index="0" bw="13" slack="1"/>
<pin id="405" dir="1" index="1" bw="13" slack="1"/>
</pin_list>
<bind>
<opset="zext_ln103_1 "/>
</bind>
</comp>

<comp id="408" class="1005" name="add_ln107_reg_408">
<pin_list>
<pin id="409" dir="0" index="0" bw="6" slack="0"/>
<pin id="410" dir="1" index="1" bw="6" slack="0"/>
</pin_list>
<bind>
<opset="add_ln107 "/>
</bind>
</comp>

<comp id="413" class="1005" name="zext_ln107_reg_413">
<pin_list>
<pin id="414" dir="0" index="0" bw="64" slack="37"/>
<pin id="415" dir="1" index="1" bw="64" slack="37"/>
</pin_list>
<bind>
<opset="zext_ln107 "/>
</bind>
</comp>

<comp id="421" class="1005" name="accumulators_addr_1_reg_421">
<pin_list>
<pin id="422" dir="0" index="0" bw="6" slack="1"/>
<pin id="423" dir="1" index="1" bw="6" slack="1"/>
</pin_list>
<bind>
<opset="accumulators_addr_1 "/>
</bind>
</comp>

</comp_list>

<net_list>
<net id="61"><net_src comp="24" pin="0"/><net_sink comp="58" pin=0"/></net>

<net id="66"><net_src comp="10" pin="0"/><net_sink comp="62" pin=0"/></net>

<net id="67"><net_src comp="6" pin="0"/><net_sink comp="62" pin=1"/></net>

<net id="72"><net_src comp="12" pin="0"/><net_sink comp="68" pin=0"/></net>

<net id="73"><net_src comp="4" pin="0"/><net_sink comp="68" pin=1"/></net>

<net id="79"><net_src comp="36" pin="0"/><net_sink comp="74" pin=1"/></net>

<net id="85"><net_src comp="18" pin="0"/><net_sink comp="80" pin=1"/></net>

<net id="86"><net_src comp="74" pin="3"/><net_sink comp="80" pin=0"/></net>

<net id="92"><net_src comp="0" pin="0"/><net_sink comp="87" pin=0"/></net>

<net id="93"><net_src comp="36" pin="0"/><net_sink comp="87" pin=1"/></net>

<net id="99"><net_src comp="87" pin="3"/><net_sink comp="94" pin=0"/></net>

<net id="105"><net_src comp="2" pin="0"/><net_sink comp="100" pin=0"/></net>

<net id="106"><net_src comp="36" pin="0"/><net_sink comp="100" pin=1"/></net>

<net id="112"><net_src comp="100" pin="3"/><net_sink comp="107" pin=0"/></net>

<net id="118"><net_src comp="36" pin="0"/><net_sink comp="113" pin=1"/></net>

<net id="124"><net_src comp="36" pin="0"/><net_sink comp="119" pin=1"/></net>

<net id="125"><net_src comp="119" pin="3"/><net_sink comp="80" pin=0"/></net>

<net id="131"><net_src comp="8" pin="0"/><net_sink comp="126" pin=0"/></net>

<net id="132"><net_src comp="36" pin="0"/><net_sink comp="126" pin=1"/></net>

<net id="138"><net_src comp="126" pin="3"/><net_sink comp="133" pin=0"/></net>

<net id="142"><net_src comp="26" pin="0"/><net_sink comp="139" pin=0"/></net>

<net id="149"><net_src comp="139" pin="1"/><net_sink comp="143" pin=0"/></net>

<net id="153"><net_src comp="26" pin="0"/><net_sink comp="150" pin=0"/></net>

<net id="160"><net_src comp="150" pin="1"/><net_sink comp="154" pin=2"/></net>

<net id="164"><net_src comp="26" pin="0"/><net_sink comp="161" pin=0"/></net>

<net id="171"><net_src comp="161" pin="1"/><net_sink comp="165" pin=2"/></net>

<net id="175"><net_src comp="26" pin="0"/><net_sink comp="172" pin=0"/></net>

<net id="182"><net_src comp="172" pin="1"/><net_sink comp="176" pin=2"/></net>

<net id="186"><net_src comp="80" pin="3"/><net_sink comp="183" pin=0"/></net>

<net id="191"><net_src comp="143" pin="4"/><net_sink comp="187" pin=0"/></net>

<net id="192"><net_src comp="28" pin="0"/><net_sink comp="187" pin=1"/></net>

<net id="196"><net_src comp="143" pin="4"/><net_sink comp="193" pin=0"/></net>

<net id="197"><net_src comp="193" pin="1"/><net_sink comp="74" pin=2"/></net>

<net id="202"><net_src comp="143" pin="4"/><net_sink comp="198" pin=0"/></net>

<net id="203"><net_src comp="30" pin="0"/><net_sink comp="198" pin=1"/></net>

<net id="208"><net_src comp="154" pin="4"/><net_sink comp="204" pin=0"/></net>

<net id="209"><net_src comp="28" pin="0"/><net_sink comp="204" pin=1"/></net>

<net id="213"><net_src comp="154" pin="4"/><net_sink comp="210" pin=0"/></net>

<net id="218"><net_src comp="154" pin="4"/><net_sink comp="214" pin=0"/></net>

<net id="219"><net_src comp="38" pin="0"/><net_sink comp="214" pin=1"/></net>

<net id="225"><net_src comp="42" pin="0"/><net_sink comp="220" pin=0"/></net>

<net id="226"><net_src comp="154" pin="4"/><net_sink comp="220" pin=1"/></net>

<net id="227"><net_src comp="26" pin="0"/><net_sink comp="220" pin=2"/></net>

<net id="231"><net_src comp="220" pin="3"/><net_sink comp="228" pin=0"/></net>

<net id="237"><net_src comp="44" pin="0"/><net_sink comp="232" pin=0"/></net>

<net id="238"><net_src comp="154" pin="4"/><net_sink comp="232" pin=1"/></net>

<net id="239"><net_src comp="46" pin="0"/><net_sink comp="232" pin=2"/></net>

<net id="243"><net_src comp="232" pin="3"/><net_sink comp="240" pin=0"/></net>

<net id="248"><net_src comp="228" pin="1"/><net_sink comp="244" pin=0"/></net>

<net id="249"><net_src comp="240" pin="1"/><net_sink comp="244" pin=1"/></net>

<net id="253"><net_src comp="244" pin="2"/><net_sink comp="250" pin=0"/></net>

<net id="258"><net_src comp="210" pin="1"/><net_sink comp="254" pin=0"/></net>

<net id="262"><net_src comp="254" pin="2"/><net_sink comp="259" pin=0"/></net>

<net id="263"><net_src comp="259" pin="1"/><net_sink comp="87" pin=2"/></net>

<net id="268"><net_src comp="250" pin="1"/><net_sink comp="264" pin=0"/></net>

<net id="272"><net_src comp="94" pin="3"/><net_sink comp="269" pin=0"/></net>

<net id="277"><net_src comp="165" pin="4"/><net_sink comp="273" pin=0"/></net>

<net id="278"><net_src comp="28" pin="0"/><net_sink comp="273" pin=1"/></net>

<net id="282"><net_src comp="165" pin="4"/><net_sink comp="279" pin=0"/></net>

<net id="283"><net_src comp="279" pin="1"/><net_sink comp="113" pin=2"/></net>

<net id="287"><net_src comp="165" pin="4"/><net_sink comp="284" pin=0"/></net>

<net id="292"><net_src comp="165" pin="4"/><net_sink comp="288" pin=0"/></net>

<net id="293"><net_src comp="30" pin="0"/><net_sink comp="288" pin=1"/></net>

<net id="298"><net_src comp="284" pin="1"/><net_sink comp="294" pin=1"/></net>

<net id="302"><net_src comp="294" pin="2"/><net_sink comp="299" pin=0"/></net>

<net id="303"><net_src comp="299" pin="1"/><net_sink comp="100" pin=2"/></net>

<net id="307"><net_src comp="107" pin="3"/><net_sink comp="304" pin=0"/></net>

<net id="312"><net_src comp="176" pin="4"/><net_sink comp="308" pin=0"/></net>

<net id="313"><net_src comp="28" pin="0"/><net_sink comp="308" pin=1"/></net>

<net id="317"><net_src comp="176" pin="4"/><net_sink comp="314" pin=0"/></net>

<net id="318"><net_src comp="314" pin="1"/><net_sink comp="119" pin=2"/></net>

<net id="323"><net_src comp="176" pin="4"/><net_sink comp="319" pin=0"/></net>

<net id="324"><net_src comp="30" pin="0"/><net_sink comp="319" pin=1"/></net>

<net id="329"><net_src comp="183" pin="1"/><net_sink comp="325" pin=0"/></net>

<net id="330"><net_src comp="54" pin="0"/><net_sink comp="325" pin=1"/></net>

<net id="334"><net_src comp="325" pin="2"/><net_sink comp="331" pin=0"/></net>

<net id="335"><net_src comp="331" pin="1"/><net_sink comp="133" pin=1"/></net>

<net id="341"><net_src comp="304" pin="1"/><net_sink comp="336" pin=0"/></net>

<net id="342"><net_src comp="80" pin="3"/><net_sink comp="336" pin=2"/></net>

<net id="343"><net_src comp="336" pin="3"/><net_sink comp="80" pin=1"/></net>

<net id="347"><net_src comp="62" pin="2"/><net_sink comp="344" pin=0"/></net>

<net id="348"><net_src comp="344" pin="1"/><net_sink comp="254" pin=1"/></net>

<net id="352"><net_src comp="68" pin="2"/><net_sink comp="349" pin=0"/></net>

<net id="353"><net_src comp="349" pin="1"/><net_sink comp="264" pin=1"/></net>

<net id="357"><net_src comp="187" pin="2"/><net_sink comp="354" pin=0"/></net>

<net id="358"><net_src comp="354" pin="1"/><net_sink comp="143" pin=2"/></net>

<net id="365"><net_src comp="204" pin="2"/><net_sink comp="362" pin=0"/></net>

<net id="366"><net_src comp="362" pin="1"/><net_sink comp="154" pin=0"/></net>

<net id="373"><net_src comp="87" pin="3"/><net_sink comp="370" pin=0"/></net>

<net id="374"><net_src comp="370" pin="1"/><net_sink comp="94" pin=0"/></net>

<net id="378"><net_src comp="264" pin="2"/><net_sink comp="375" pin=0"/></net>

<net id="379"><net_src comp="375" pin="1"/><net_sink comp="294" pin=0"/></net>

<net id="383"><net_src comp="269" pin="1"/><net_sink comp="380" pin=0"/></net>

<net id="384"><net_src comp="380" pin="1"/><net_sink comp="336" pin=1"/></net>

<net id="388"><net_src comp="273" pin="2"/><net_sink comp="385" pin=0"/></net>

<net id="389"><net_src comp="385" pin="1"/><net_sink comp="165" pin=0"/></net>

<net id="396"><net_src comp="100" pin="3"/><net_sink comp="393" pin=0"/></net>

<net id="397"><net_src comp="393" pin="1"/><net_sink comp="107" pin=0"/></net>

<net id="401"><net_src comp="113" pin="3"/><net_sink comp="398" pin=0"/></net>

<net id="402"><net_src comp="398" pin="1"/><net_sink comp="80" pin=0"/></net>

<net id="406"><net_src comp="304" pin="1"/><net_sink comp="403" pin=0"/></net>

<net id="407"><net_src comp="403" pin="1"/><net_sink comp="336" pin=0"/></net>

<net id="411"><net_src comp="308" pin="2"/><net_sink comp="408" pin=0"/></net>

<net id="412"><net_src comp="408" pin="1"/><net_sink comp="176" pin=0"/></net>

<net id="416"><net_src comp="314" pin="1"/><net_sink comp="413" pin=0"/></net>

<net id="417"><net_src comp="413" pin="1"/><net_sink comp="126" pin=2"/></net>

<net id="424"><net_src comp="119" pin="3"/><net_sink comp="421" pin=0"/></net>

<net id="425"><net_src comp="421" pin="1"/><net_sink comp="80" pin=0"/></net>

</net_list>

</model> 
---------------- Datapath Model END ------------------

* FSMD analyzer results:
  - Output states:
	Port: oil_space | {}
	Port: out_r | {47 }
 - Input state : 
	Port: linear_combination.2 : oil_space | {3 4 }
	Port: linear_combination.2 : vecs | {5 6 }
	Port: linear_combination.2 : vecs_offset | {1 }
	Port: linear_combination.2 : coeffs | {1 }
  - Chain level:
	State 1
	State 2
		empty_18 : 1
		p_cast3 : 1
		exitcond136 : 1
		br_ln0 : 2
		accumulators_addr : 2
		store_ln0 : 3
	State 3
		add_ln97 : 1
		zext_ln97 : 1
		icmp_ln97 : 1
		br_ln97 : 2
		p_shl : 1
		p_shl_cast : 2
		p_shl2 : 1
		p_shl2_cast : 2
		empty_21 : 3
		p_cast : 4
		empty_22 : 2
		p_cast4 : 3
		oil_space_addr : 4
		oil_space_load : 5
		add_ln103 : 5
	State 4
		zext_ln101 : 1
	State 5
		add_ln101 : 1
		zext_ln101_1 : 1
		zext_ln101_2 : 1
		icmp_ln101 : 1
		br_ln101 : 2
		add_ln103_2 : 2
		zext_ln103 : 3
		vecs_addr : 4
		vecs_load : 5
		accumulators_addr_2 : 2
	State 6
		zext_ln103_1 : 1
		mul_ln103 : 2
	State 7
	State 8
		zext_ln103_2 : 1
		add_ln103_1 : 2
	State 9
		store_ln103 : 1
	State 10
		add_ln107 : 1
		zext_ln107 : 1
		icmp_ln107 : 1
		br_ln107 : 2
		accumulators_addr_1 : 2
		accumulators_load : 3
	State 11
	State 12
	State 13
	State 14
	State 15
	State 16
	State 17
	State 18
	State 19
	State 20
	State 21
	State 22
	State 23
	State 24
	State 25
	State 26
	State 27
	State 28
	State 29
	State 30
	State 31
	State 32
	State 33
	State 34
	State 35
	State 36
	State 37
	State 38
	State 39
	State 40
	State 41
	State 42
	State 43
	State 44
	State 45
	State 46
	State 47
		trunc_ln111 : 1
		store_ln111 : 2


============================================================
+ Verbose Summary: Datapath Resource usage 
============================================================

* Functional unit list:
|----------|-----------------------------|---------|---------|---------|
| Operation|       Functional Unit       |   DSP   |    FF   |   LUT   |
|----------|-----------------------------|---------|---------|---------|
|   urem   |          grp_fu_325         |    0    |   394   |   238   |
|----------|-----------------------------|---------|---------|---------|
|          |       empty_18_fu_187       |    0    |    0    |    14   |
|          |       add_ln97_fu_204       |    0    |    0    |    14   |
|          |       empty_22_fu_254       |    0    |    0    |    14   |
|    add   |       add_ln103_fu_264      |    0    |    0    |    20   |
|          |       add_ln101_fu_273      |    0    |    0    |    14   |
|          |      add_ln103_2_fu_294     |    0    |    0    |    20   |
|          |       add_ln107_fu_308      |    0    |    0    |    14   |
|----------|-----------------------------|---------|---------|---------|
|          |      exitcond136_fu_198     |    0    |    0    |    10   |
|   icmp   |       icmp_ln97_fu_214      |    0    |    0    |    10   |
|          |      icmp_ln101_fu_288      |    0    |    0    |    10   |
|          |      icmp_ln107_fu_319      |    0    |    0    |    10   |
|----------|-----------------------------|---------|---------|---------|
|    sub   |       empty_21_fu_244       |    0    |    0    |    12   |
|----------|-----------------------------|---------|---------|---------|
|  muladd  |          grp_fu_336         |    1    |    0    |    0    |
|----------|-----------------------------|---------|---------|---------|
|   read   |    coeffs_read_read_fu_62   |    0    |    0    |    0    |
|          | vecs_offset_read_read_fu_68 |    0    |    0    |    0    |
|----------|-----------------------------|---------|---------|---------|
|          |        p_cast3_fu_193       |    0    |    0    |    0    |
|          |       zext_ln97_fu_210      |    0    |    0    |    0    |
|          |      p_shl_cast_fu_228      |    0    |    0    |    0    |
|          |      p_shl2_cast_fu_240     |    0    |    0    |    0    |
|          |        p_cast4_fu_259       |    0    |    0    |    0    |
|   zext   |      zext_ln101_fu_269      |    0    |    0    |    0    |
|          |     zext_ln101_1_fu_279     |    0    |    0    |    0    |
|          |     zext_ln101_2_fu_284     |    0    |    0    |    0    |
|          |      zext_ln103_fu_299      |    0    |    0    |    0    |
|          |     zext_ln103_1_fu_304     |    0    |    0    |    0    |
|          |      zext_ln107_fu_314      |    0    |    0    |    0    |
|----------|-----------------------------|---------|---------|---------|
|bitconcatenate|         p_shl_fu_220        |    0    |    0    |    0    |
|          |        p_shl2_fu_232        |    0    |    0    |    0    |
|----------|-----------------------------|---------|---------|---------|
|   sext   |        p_cast_fu_250        |    0    |    0    |    0    |
|----------|-----------------------------|---------|---------|---------|
|   trunc  |      trunc_ln111_fu_331     |    0    |    0    |    0    |
|----------|-----------------------------|---------|---------|---------|
|   Total  |                             |    1    |   394   |   400   |
|----------|-----------------------------|---------|---------|---------|

Memories:
+------------+--------+--------+--------+
|            |  BRAM  |   FF   |   LUT  |
+------------+--------+--------+--------+
|accumulators|    1   |    0   |    0   |
+------------+--------+--------+--------+
|    Total   |    1   |    0   |    0   |
+------------+--------+--------+--------+

* Register list:
+---------------------------+--------+
|                           |   FF   |
+---------------------------+--------+
|accumulators_addr_1_reg_421|    6   |
|accumulators_addr_2_reg_398|    6   |
|     add_ln101_reg_385     |    6   |
|     add_ln103_reg_375     |   15   |
|     add_ln107_reg_408     |    6   |
|      add_ln97_reg_362     |    6   |
|    coeffs_read_reg_344    |    9   |
|      empty_18_reg_354     |    6   |
|       empty_reg_139       |    6   |
|        i_1_reg_172        |    6   |
|         i_reg_150         |    6   |
|         j_reg_161         |    6   |
|   oil_space_addr_reg_370  |    9   |
|          reg_183          |   32   |
|     vecs_addr_reg_393     |   15   |
|  vecs_offset_read_reg_349 |   15   |
|     zext_ln101_reg_380    |   13   |
|    zext_ln103_1_reg_403   |   13   |
|     zext_ln107_reg_413    |   64   |
+---------------------------+--------+
|           Total           |   245  |
+---------------------------+--------+

* Multiplexer (MUX) list: 
|-------------------|------|------|------|--------||---------||---------|
|        Comp       |  Pin | Size |  BW  | S x BW ||  Delay  ||   LUT   |
|-------------------|------|------|------|--------||---------||---------|
|  grp_access_fu_80 |  p0  |   4  |   6  |   24   ||    20   |
|  grp_access_fu_80 |  p1  |   2  |  32  |   64   ||    9    |
|  grp_access_fu_94 |  p0  |   2  |   9  |   18   ||    9    |
| grp_access_fu_107 |  p0  |   2  |  15  |   30   ||    9    |
|     grp_fu_336    |  p0  |   2  |   5  |   10   ||    9    |
|-------------------|------|------|------|--------||---------||---------|
|       Total       |      |      |      |   146  ||  8.1786 ||    56   |
|-------------------|------|------|------|--------||---------||---------|



* Summary:
+-----------+--------+--------+--------+--------+--------+
|           |  BRAM  |   DSP  |  Delay |   FF   |   LUT  |
+-----------+--------+--------+--------+--------+--------+
|  Function |    -   |    1   |    -   |   394  |   400  |
|   Memory  |    1   |    -   |    -   |    0   |    0   |
|Multiplexer|    -   |    -   |    8   |    -   |   56   |
|  Register |    -   |    -   |    -   |   245  |    -   |
+-----------+--------+--------+--------+--------+--------+
|   Total   |    1   |    1   |    8   |   639  |   456  |
+-----------+--------+--------+--------+--------+--------+
